[0.026s] Invoking command in '/home/orin/Prototype_Military/prototype_military/build/prototype_motor': CMAKE_PREFIX_PATH=/opt/ros/humble /usr/bin/cmake --build /home/orin/Prototype_Military/prototype_military/build/prototype_motor -- -j8 -l8
[0.090s] [35m[1mConsolidate compiler generated dependencies of target nurimotor[0m
[0.137s] [ 50%] [32mBuilding CXX object CMakeFiles/nurimotor.dir/src/nurimotor_control.cpp.o[0m
[15.544s] [100%] [32m[1mLinking CXX executable nurimotor[0m
[16.108s] [100%] Built target nurimotor
[16.157s] Invoked command in '/home/orin/Prototype_Military/prototype_military/build/prototype_motor' returned '0': CMAKE_PREFIX_PATH=/opt/ros/humble /usr/bin/cmake --build /home/orin/Prototype_Military/prototype_military/build/prototype_motor -- -j8 -l8
[16.457s] Invoking command in '/home/orin/Prototype_Military/prototype_military/build/prototype_motor': CMAKE_PREFIX_PATH=/opt/ros/humble /usr/bin/cmake --install /home/orin/Prototype_Military/prototype_military/build/prototype_motor
[16.470s] -- Install configuration: ""
[16.471s] -- Installing: /home/orin/Prototype_Military/prototype_military/install/prototype_motor/lib/prototype_motor/nurimotor
[16.471s] -- Set runtime path of "/home/orin/Prototype_Military/prototype_military/install/prototype_motor/lib/prototype_motor/nurimotor" to ""
[16.473s] -- Installing: /home/orin/Prototype_Military/prototype_military/install/prototype_motor/share/ament_index/resource_index/package_run_dependencies/prototype_motor
[16.489s] -- Installing: /home/orin/Prototype_Military/prototype_military/install/prototype_motor/share/ament_index/resource_index/parent_prefix_path/prototype_motor
[16.497s] -- Installing: /home/orin/Prototype_Military/prototype_military/install/prototype_motor/share/prototype_motor/environment/ament_prefix_path.sh
[16.499s] -- Installing: /home/orin/Prototype_Military/prototype_military/install/prototype_motor/share/prototype_motor/environment/ament_prefix_path.dsv
[16.499s] -- Installing: /home/orin/Prototype_Military/prototype_military/install/prototype_motor/share/prototype_motor/environment/path.sh
[16.500s] -- Installing: /home/orin/Prototype_Military/prototype_military/install/prototype_motor/share/prototype_motor/environment/path.dsv
[16.500s] -- Installing: /home/orin/Prototype_Military/prototype_military/install/prototype_motor/share/prototype_motor/local_setup.bash
[16.500s] -- Installing: /home/orin/Prototype_Military/prototype_military/install/prototype_motor/share/prototype_motor/local_setup.sh
[16.503s] -- Installing: /home/orin/Prototype_Military/prototype_military/install/prototype_motor/share/prototype_motor/local_setup.zsh
[16.504s] -- Installing: /home/orin/Prototype_Military/prototype_military/install/prototype_motor/share/prototype_motor/local_setup.dsv
[16.504s] -- Installing: /home/orin/Prototype_Military/prototype_military/install/prototype_motor/share/prototype_motor/package.dsv
[16.505s] -- Installing: /home/orin/Prototype_Military/prototype_military/install/prototype_motor/share/ament_index/resource_index/packages/prototype_motor
[16.506s] -- Installing: /home/orin/Prototype_Military/prototype_military/install/prototype_motor/share/prototype_motor/cmake/prototype_motorConfig.cmake
[16.506s] -- Installing: /home/orin/Prototype_Military/prototype_military/install/prototype_motor/share/prototype_motor/cmake/prototype_motorConfig-version.cmake
[16.507s] -- Installing: /home/orin/Prototype_Military/prototype_military/install/prototype_motor/share/prototype_motor/package.xml
[16.507s] Invoked command in '/home/orin/Prototype_Military/prototype_military/build/prototype_motor' returned '0': CMAKE_PREFIX_PATH=/opt/ros/humble /usr/bin/cmake --install /home/orin/Prototype_Military/prototype_military/build/prototype_motor
