[0.020s] Invoking command in '/home/hansol/project/build/limo_msgs': CMAKE_PREFIX_PATH=/opt/ros/humble /usr/bin/cmake --build /home/hansol/project/build/limo_msgs -- -j12 -l12
[0.519s] -- Found ament_cmake: 1.3.9 (/opt/ros/humble/share/ament_cmake/cmake)
[0.520s] -- Override CMake install command with custom implementation using symlinks instead of copying resources
[0.520s] -- Found std_msgs: 4.2.3 (/opt/ros/humble/share/std_msgs/cmake)
[0.520s] -- Found rosidl_generator_c: 3.1.5 (/opt/ros/humble/share/rosidl_generator_c/cmake)
[0.520s] -- Found rosidl_adapter: 3.1.5 (/opt/ros/humble/share/rosidl_adapter/cmake)
[0.521s] -- Found rosidl_generator_cpp: 3.1.5 (/opt/ros/humble/share/rosidl_generator_cpp/cmake)
[0.521s] -- Using all available rosidl_typesupport_c: rosidl_typesupport_fastrtps_c;rosidl_typesupport_introspection_c
[0.521s] -- Using all available rosidl_typesupport_cpp: rosidl_typesupport_fastrtps_cpp;rosidl_typesupport_introspection_cpp
[0.521s] -- Found rosidl_default_generators: 1.2.0 (/opt/ros/humble/share/rosidl_default_generators/cmake)
[0.550s] -- Found ament_cmake_ros: 0.10.0 (/opt/ros/humble/share/ament_cmake_ros/cmake)
[1.004s] -- Using all available rosidl_typesupport_c: rosidl_typesupport_fastrtps_c;rosidl_typesupport_introspection_c
[1.180s] -- Using all available rosidl_typesupport_cpp: rosidl_typesupport_fastrtps_cpp;rosidl_typesupport_introspection_cpp
[1.201s] -- Found python_cmake_module: 0.10.0 (/opt/ros/humble/share/python_cmake_module/cmake)
[1.221s] -- Using PYTHON_EXECUTABLE: /usr/bin/python3
[1.221s] -- Using PYTHON_INCLUDE_DIRS: /usr/include/python3.10
[1.222s] -- Using PYTHON_LIBRARIES: /usr/lib/x86_64-linux-gnu/libpython3.10.so
[1.244s] -- Found ament_lint_auto: 0.12.11 (/opt/ros/humble/share/ament_lint_auto/cmake)
[1.253s] -- Added test 'copyright' to check source files copyright and LICENSE
[1.254s] -- Added test 'lint_cmake' to check CMake code style
[1.255s] -- Added test 'xmllint' to check XML markup files
[1.257s] -- Configuring done
[1.309s] -- Generating done
[1.313s] -- Build files have been written to: /home/hansol/project/build/limo_msgs
[1.342s] [  3%] [34m[1mGenerating C code for ROS interfaces[0m
[1.352s] [  6%] [34m[1mGenerating C++ code for ROS interfaces[0m
[1.363s] [  6%] Built target ament_cmake_python_symlink_limo_msgs
[1.570s] [  6%] Built target limo_msgs__cpp
[1.581s] [  9%] [34m[1mGenerating C++ type support dispatch for ROS interfaces[0m
[1.581s] [ 16%] [34m[1mGenerating C++ type support for eProsima Fast-RTPS[0m
[1.581s] [ 16%] [34m[1mGenerating C++ introspection for ROS interfaces[0m
[1.664s] [35m[1mConsolidate compiler generated dependencies of target limo_msgs__rosidl_generator_c[0m
[1.677s] [ 19%] [32mBuilding C object CMakeFiles/limo_msgs__rosidl_generator_c.dir/rosidl_generator_c/limo_msgs/msg/detail/limo_status__functions.c.o[0m
[1.727s] running egg_info
[1.728s] writing limo_msgs.egg-info/PKG-INFO
[1.728s] writing dependency_links to limo_msgs.egg-info/dependency_links.txt
[1.729s] writing top-level names to limo_msgs.egg-info/top_level.txt
[1.732s] reading manifest file 'limo_msgs.egg-info/SOURCES.txt'
[1.733s] writing manifest file 'limo_msgs.egg-info/SOURCES.txt'
[1.742s] [ 22%] [32m[1mLinking C shared library liblimo_msgs__rosidl_generator_c.so[0m
[1.772s] [ 22%] Built target ament_cmake_python_build_limo_msgs_egg
[1.793s] [ 22%] Built target limo_msgs__rosidl_generator_c
[1.805s] [ 25%] [34m[1mGenerating C type support dispatch for ROS interfaces[0m
[1.810s] [ 29%] [34m[1mGenerating C type support for eProsima Fast-RTPS[0m
[1.811s] [ 32%] [34m[1mGenerating C introspection for ROS interfaces[0m
[1.812s] [35m[1mConsolidate compiler generated dependencies of target limo_msgs__rosidl_typesupport_introspection_cpp[0m
[1.839s] [ 35%] [32mBuilding CXX object CMakeFiles/limo_msgs__rosidl_typesupport_introspection_cpp.dir/rosidl_typesupport_introspection_cpp/limo_msgs/msg/detail/limo_status__type_support.cpp.o[0m
[1.855s] [35m[1mConsolidate compiler generated dependencies of target limo_msgs__rosidl_typesupport_cpp[0m
[1.871s] [ 38%] [32mBuilding CXX object CMakeFiles/limo_msgs__rosidl_typesupport_cpp.dir/rosidl_typesupport_cpp/limo_msgs/msg/limo_status__type_support.cpp.o[0m
[1.899s] [35m[1mConsolidate compiler generated dependencies of target limo_msgs__rosidl_typesupport_fastrtps_cpp[0m
[1.914s] [ 41%] [32mBuilding CXX object CMakeFiles/limo_msgs__rosidl_typesupport_fastrtps_cpp.dir/rosidl_typesupport_fastrtps_cpp/limo_msgs/msg/detail/dds_fastrtps/limo_status__type_support.cpp.o[0m
[2.083s] [35m[1mConsolidate compiler generated dependencies of target limo_msgs__rosidl_typesupport_c[0m
[2.112s] [ 45%] [32mBuilding CXX object CMakeFiles/limo_msgs__rosidl_typesupport_c.dir/rosidl_typesupport_c/limo_msgs/msg/limo_status__type_support.cpp.o[0m
[2.137s] [35m[1mConsolidate compiler generated dependencies of target limo_msgs__rosidl_typesupport_fastrtps_c[0m
[2.144s] [35m[1mConsolidate compiler generated dependencies of target limo_msgs__rosidl_typesupport_introspection_c[0m
[2.146s] [ 48%] [32m[1mLinking CXX shared library liblimo_msgs__rosidl_typesupport_c.so[0m
[2.150s] [ 51%] [32mBuilding CXX object CMakeFiles/limo_msgs__rosidl_typesupport_fastrtps_c.dir/rosidl_typesupport_fastrtps_c/limo_msgs/msg/detail/limo_status__type_support_c.cpp.o[0m
[2.156s] [ 54%] [32mBuilding C object CMakeFiles/limo_msgs__rosidl_typesupport_introspection_c.dir/rosidl_typesupport_introspection_c/limo_msgs/msg/detail/limo_status__type_support.c.o[0m
[2.194s] [ 54%] Built target limo_msgs__rosidl_typesupport_c
[2.198s] [ 58%] [32m[1mLinking C shared library liblimo_msgs__rosidl_typesupport_introspection_c.so[0m
[2.207s] [ 61%] [32m[1mLinking CXX shared library liblimo_msgs__rosidl_typesupport_cpp.so[0m
[2.234s] [ 61%] Built target limo_msgs__rosidl_typesupport_introspection_c
[2.262s] [ 61%] Built target limo_msgs__rosidl_typesupport_cpp
[2.401s] [ 64%] [32m[1mLinking CXX shared library liblimo_msgs__rosidl_typesupport_introspection_cpp.so[0m
[2.473s] [ 67%] [32m[1mLinking CXX shared library liblimo_msgs__rosidl_typesupport_fastrtps_cpp.so[0m
[2.513s] [ 67%] Built target limo_msgs__rosidl_typesupport_introspection_cpp
[2.592s] [ 67%] Built target limo_msgs__rosidl_typesupport_fastrtps_cpp
[2.645s] [ 70%] [32m[1mLinking CXX shared library liblimo_msgs__rosidl_typesupport_fastrtps_c.so[0m
[2.741s] [ 70%] Built target limo_msgs__rosidl_typesupport_fastrtps_c
[2.797s] [ 70%] Built target limo_msgs
[2.853s] [ 74%] [34m[1mGenerating Python code for ROS interfaces[0m
[3.321s] [ 74%] Built target limo_msgs__py
[3.332s] [35m[1mConsolidate compiler generated dependencies of target limo_msgs__rosidl_generator_py[0m
[3.352s] [ 77%] [32mBuilding C object CMakeFiles/limo_msgs__rosidl_generator_py.dir/rosidl_generator_py/limo_msgs/msg/_limo_status_s.c.o[0m
[3.505s] [ 80%] [32m[1mLinking C shared library rosidl_generator_py/limo_msgs/liblimo_msgs__rosidl_generator_py.so[0m
[3.558s] [ 80%] Built target limo_msgs__rosidl_generator_py
[3.572s] [35m[1mConsolidate compiler generated dependencies of target limo_msgs__rosidl_typesupport_fastrtps_c__pyext[0m
[3.572s] [35m[1mConsolidate compiler generated dependencies of target limo_msgs__rosidl_typesupport_c__pyext[0m
[3.572s] [35m[1mConsolidate compiler generated dependencies of target limo_msgs__rosidl_typesupport_introspection_c__pyext[0m
[3.588s] [ 83%] [32mBuilding C object CMakeFiles/limo_msgs__rosidl_typesupport_fastrtps_c__pyext.dir/rosidl_generator_py/limo_msgs/_limo_msgs_s.ep.rosidl_typesupport_fastrtps_c.c.o[0m
[3.588s] [ 87%] [32mBuilding C object CMakeFiles/limo_msgs__rosidl_typesupport_c__pyext.dir/rosidl_generator_py/limo_msgs/_limo_msgs_s.ep.rosidl_typesupport_c.c.o[0m
[3.588s] [ 90%] [32mBuilding C object CMakeFiles/limo_msgs__rosidl_typesupport_introspection_c__pyext.dir/rosidl_generator_py/limo_msgs/_limo_msgs_s.ep.rosidl_typesupport_introspection_c.c.o[0m
[3.726s] [ 93%] [32m[1mLinking C shared library rosidl_generator_py/limo_msgs/limo_msgs_s__rosidl_typesupport_introspection_c.cpython-310-x86_64-linux-gnu.so[0m
[3.727s] [ 96%] [32m[1mLinking C shared library rosidl_generator_py/limo_msgs/limo_msgs_s__rosidl_typesupport_fastrtps_c.cpython-310-x86_64-linux-gnu.so[0m
[3.730s] [100%] [32m[1mLinking C shared library rosidl_generator_py/limo_msgs/limo_msgs_s__rosidl_typesupport_c.cpython-310-x86_64-linux-gnu.so[0m
[3.782s] [100%] Built target limo_msgs__rosidl_typesupport_c__pyext
[3.809s] [100%] Built target limo_msgs__rosidl_typesupport_introspection_c__pyext
[3.856s] [100%] Built target limo_msgs__rosidl_typesupport_fastrtps_c__pyext
[3.873s] Invoked command in '/home/hansol/project/build/limo_msgs' returned '0': CMAKE_PREFIX_PATH=/opt/ros/humble /usr/bin/cmake --build /home/hansol/project/build/limo_msgs -- -j12 -l12
[4.054s] Invoking command in '/home/hansol/project/build/limo_msgs': CMAKE_PREFIX_PATH=/opt/ros/humble /usr/bin/cmake --install /home/hansol/project/build/limo_msgs
[4.065s] -- Install configuration: ""
[4.065s] -- Execute custom install script
[4.066s] -- Up-to-date symlink: /home/hansol/project/install/limo_msgs/share/ament_index/resource_index/rosidl_interfaces/limo_msgs
[4.067s] -- Up-to-date symlink: /home/hansol/project/install/limo_msgs/include/limo_msgs/limo_msgs/msg/detail/limo_status__functions.h
[4.067s] -- Up-to-date symlink: /home/hansol/project/install/limo_msgs/include/limo_msgs/limo_msgs/msg/detail/limo_status__struct.h
[4.068s] -- Up-to-date symlink: /home/hansol/project/install/limo_msgs/include/limo_msgs/limo_msgs/msg/detail/limo_status__type_support.h
[4.068s] -- Up-to-date symlink: /home/hansol/project/install/limo_msgs/include/limo_msgs/limo_msgs/msg/limo_status.h
[4.068s] -- Up-to-date symlink: /home/hansol/project/install/limo_msgs/include/limo_msgs/limo_msgs/msg/rosidl_generator_c__visibility_control.h
[4.068s] -- Up-to-date symlink: /home/hansol/project/install/limo_msgs/share/limo_msgs/environment/library_path.sh
[4.069s] -- Up-to-date symlink: /home/hansol/project/install/limo_msgs/share/limo_msgs/environment/library_path.dsv
[4.069s] -- Up-to-date symlink: /home/hansol/project/install/limo_msgs/include/limo_msgs/limo_msgs/msg/detail/limo_status__rosidl_typesupport_fastrtps_c.h
[4.069s] -- Up-to-date symlink: /home/hansol/project/install/limo_msgs/include/limo_msgs/limo_msgs/msg/rosidl_typesupport_fastrtps_c__visibility_control.h
[4.070s] -- Up-to-date symlink: /home/hansol/project/install/limo_msgs/include/limo_msgs/limo_msgs/msg/detail/limo_status__builder.hpp
[4.070s] -- Up-to-date symlink: /home/hansol/project/install/limo_msgs/include/limo_msgs/limo_msgs/msg/detail/limo_status__struct.hpp
[4.070s] -- Up-to-date symlink: /home/hansol/project/install/limo_msgs/include/limo_msgs/limo_msgs/msg/detail/limo_status__traits.hpp
[4.070s] -- Up-to-date symlink: /home/hansol/project/install/limo_msgs/include/limo_msgs/limo_msgs/msg/limo_status.hpp
[4.071s] -- Up-to-date symlink: /home/hansol/project/install/limo_msgs/include/limo_msgs/limo_msgs/msg/detail/limo_status__rosidl_typesupport_fastrtps_cpp.hpp
[4.071s] -- Up-to-date symlink: /home/hansol/project/install/limo_msgs/include/limo_msgs/limo_msgs/msg/rosidl_typesupport_fastrtps_cpp__visibility_control.h
[4.072s] -- Up-to-date symlink: /home/hansol/project/install/limo_msgs/include/limo_msgs/limo_msgs/msg/detail/limo_status__rosidl_typesupport_introspection_c.h
[4.072s] -- Up-to-date symlink: /home/hansol/project/install/limo_msgs/include/limo_msgs/limo_msgs/msg/rosidl_typesupport_introspection_c__visibility_control.h
[4.072s] -- Up-to-date symlink: /home/hansol/project/install/limo_msgs/include/limo_msgs/limo_msgs/msg/detail/limo_status__rosidl_typesupport_introspection_cpp.hpp
[4.073s] -- Up-to-date symlink: /home/hansol/project/install/limo_msgs/share/limo_msgs/environment/pythonpath.sh
[4.073s] -- Up-to-date symlink: /home/hansol/project/install/limo_msgs/share/limo_msgs/environment/pythonpath.dsv
[4.073s] -- Up-to-date symlink: /home/hansol/project/install/limo_msgs/local/lib/python3.10/dist-packages/limo_msgs-0.0.0-py3.10.egg-info/PKG-INFO
[4.074s] -- Up-to-date symlink: /home/hansol/project/install/limo_msgs/local/lib/python3.10/dist-packages/limo_msgs-0.0.0-py3.10.egg-info/SOURCES.txt
[4.074s] -- Up-to-date symlink: /home/hansol/project/install/limo_msgs/local/lib/python3.10/dist-packages/limo_msgs-0.0.0-py3.10.egg-info/dependency_links.txt
[4.074s] -- Up-to-date symlink: /home/hansol/project/install/limo_msgs/local/lib/python3.10/dist-packages/limo_msgs-0.0.0-py3.10.egg-info/top_level.txt
[4.075s] -- Up-to-date symlink: /home/hansol/project/install/limo_msgs/local/lib/python3.10/dist-packages/limo_msgs/__init__.py
[4.075s] -- Up-to-date symlink: /home/hansol/project/install/limo_msgs/local/lib/python3.10/dist-packages/limo_msgs/_limo_msgs_s.ep.rosidl_typesupport_c.c
[4.075s] -- Up-to-date symlink: /home/hansol/project/install/limo_msgs/local/lib/python3.10/dist-packages/limo_msgs/_limo_msgs_s.ep.rosidl_typesupport_fastrtps_c.c
[4.075s] -- Up-to-date symlink: /home/hansol/project/install/limo_msgs/local/lib/python3.10/dist-packages/limo_msgs/_limo_msgs_s.ep.rosidl_typesupport_introspection_c.c
[4.076s] -- Up-to-date symlink: /home/hansol/project/install/limo_msgs/local/lib/python3.10/dist-packages/limo_msgs/liblimo_msgs__rosidl_generator_py.so
[4.076s] -- Up-to-date symlink: /home/hansol/project/install/limo_msgs/local/lib/python3.10/dist-packages/limo_msgs/limo_msgs_s__rosidl_typesupport_c.cpython-310-x86_64-linux-gnu.so
[4.076s] -- Up-to-date symlink: /home/hansol/project/install/limo_msgs/local/lib/python3.10/dist-packages/limo_msgs/limo_msgs_s__rosidl_typesupport_fastrtps_c.cpython-310-x86_64-linux-gnu.so
[4.077s] -- Up-to-date symlink: /home/hansol/project/install/limo_msgs/local/lib/python3.10/dist-packages/limo_msgs/limo_msgs_s__rosidl_typesupport_introspection_c.cpython-310-x86_64-linux-gnu.so
[4.077s] -- Up-to-date symlink: /home/hansol/project/install/limo_msgs/local/lib/python3.10/dist-packages/limo_msgs/msg/__init__.py
[4.077s] -- Up-to-date symlink: /home/hansol/project/install/limo_msgs/local/lib/python3.10/dist-packages/limo_msgs/msg/_limo_status.py
[4.077s] -- Up-to-date symlink: /home/hansol/project/install/limo_msgs/local/lib/python3.10/dist-packages/limo_msgs/msg/_limo_status_s.c
[4.077s] -- Up-to-date symlink: /home/hansol/project/install/limo_msgs/local/lib/python3.10/dist-packages/limo_msgs/limo_msgs_s__rosidl_typesupport_fastrtps_c.cpython-310-x86_64-linux-gnu.so
[4.078s] -- Up-to-date symlink: /home/hansol/project/install/limo_msgs/local/lib/python3.10/dist-packages/limo_msgs/limo_msgs_s__rosidl_typesupport_introspection_c.cpython-310-x86_64-linux-gnu.so
[4.078s] -- Up-to-date symlink: /home/hansol/project/install/limo_msgs/local/lib/python3.10/dist-packages/limo_msgs/limo_msgs_s__rosidl_typesupport_c.cpython-310-x86_64-linux-gnu.so
[4.078s] -- Up-to-date symlink: /home/hansol/project/install/limo_msgs/share/limo_msgs/msg/LimoStatus.idl
[4.079s] -- Up-to-date symlink: /home/hansol/project/install/limo_msgs/share/limo_msgs/msg/LimoStatus.msg
[4.079s] -- Up-to-date symlink: /home/hansol/project/install/limo_msgs/share/ament_index/resource_index/package_run_dependencies/limo_msgs
[4.079s] -- Up-to-date symlink: /home/hansol/project/install/limo_msgs/share/ament_index/resource_index/parent_prefix_path/limo_msgs
[4.079s] -- Up-to-date symlink: /home/hansol/project/install/limo_msgs/share/limo_msgs/environment/ament_prefix_path.sh
[4.080s] -- Up-to-date symlink: /home/hansol/project/install/limo_msgs/share/limo_msgs/environment/ament_prefix_path.dsv
[4.080s] -- Up-to-date symlink: /home/hansol/project/install/limo_msgs/share/limo_msgs/environment/path.sh
[4.080s] -- Up-to-date symlink: /home/hansol/project/install/limo_msgs/share/limo_msgs/environment/path.dsv
[4.081s] -- Up-to-date symlink: /home/hansol/project/install/limo_msgs/share/limo_msgs/local_setup.bash
[4.081s] -- Up-to-date symlink: /home/hansol/project/install/limo_msgs/share/limo_msgs/local_setup.sh
[4.081s] -- Up-to-date symlink: /home/hansol/project/install/limo_msgs/share/limo_msgs/local_setup.zsh
[4.083s] -- Up-to-date symlink: /home/hansol/project/install/limo_msgs/share/limo_msgs/local_setup.dsv
[4.084s] -- Symlinking: /home/hansol/project/install/limo_msgs/share/limo_msgs/package.dsv
[4.095s] -- Up-to-date symlink: /home/hansol/project/install/limo_msgs/share/ament_index/resource_index/packages/limo_msgs
[4.097s] -- Up-to-date symlink: /home/hansol/project/install/limo_msgs/share/limo_msgs/cmake/rosidl_cmake-extras.cmake
[4.105s] -- Up-to-date symlink: /home/hansol/project/install/limo_msgs/share/limo_msgs/cmake/ament_cmake_export_dependencies-extras.cmake
[4.105s] -- Up-to-date symlink: /home/hansol/project/install/limo_msgs/share/limo_msgs/cmake/ament_cmake_export_include_directories-extras.cmake
[4.105s] -- Up-to-date symlink: /home/hansol/project/install/limo_msgs/share/limo_msgs/cmake/ament_cmake_export_libraries-extras.cmake
[4.105s] -- Up-to-date symlink: /home/hansol/project/install/limo_msgs/share/limo_msgs/cmake/ament_cmake_export_targets-extras.cmake
[4.105s] -- Up-to-date symlink: /home/hansol/project/install/limo_msgs/share/limo_msgs/cmake/rosidl_cmake_export_typesupport_targets-extras.cmake
[4.106s] -- Up-to-date symlink: /home/hansol/project/install/limo_msgs/share/limo_msgs/cmake/rosidl_cmake_export_typesupport_libraries-extras.cmake
[4.106s] -- Up-to-date symlink: /home/hansol/project/install/limo_msgs/share/limo_msgs/cmake/limo_msgsConfig.cmake
[4.106s] -- Up-to-date symlink: /home/hansol/project/install/limo_msgs/share/limo_msgs/cmake/limo_msgsConfig-version.cmake
[4.106s] -- Up-to-date symlink: /home/hansol/project/install/limo_msgs/share/limo_msgs/package.xml
[4.106s] -- Installing: /home/hansol/project/install/limo_msgs/lib/liblimo_msgs__rosidl_generator_c.so
[4.107s] -- Set runtime path of "/home/hansol/project/install/limo_msgs/lib/liblimo_msgs__rosidl_generator_c.so" to ""
[4.107s] -- Installing: /home/hansol/project/install/limo_msgs/lib/liblimo_msgs__rosidl_typesupport_fastrtps_c.so
[4.107s] -- Set runtime path of "/home/hansol/project/install/limo_msgs/lib/liblimo_msgs__rosidl_typesupport_fastrtps_c.so" to ""
[4.107s] -- Installing: /home/hansol/project/install/limo_msgs/lib/liblimo_msgs__rosidl_typesupport_fastrtps_cpp.so
[4.108s] -- Set runtime path of "/home/hansol/project/install/limo_msgs/lib/liblimo_msgs__rosidl_typesupport_fastrtps_cpp.so" to ""
[4.108s] -- Installing: /home/hansol/project/install/limo_msgs/lib/liblimo_msgs__rosidl_typesupport_introspection_c.so
[4.108s] -- Set runtime path of "/home/hansol/project/install/limo_msgs/lib/liblimo_msgs__rosidl_typesupport_introspection_c.so" to ""
[4.108s] -- Installing: /home/hansol/project/install/limo_msgs/lib/liblimo_msgs__rosidl_typesupport_c.so
[4.109s] -- Set runtime path of "/home/hansol/project/install/limo_msgs/lib/liblimo_msgs__rosidl_typesupport_c.so" to ""
[4.109s] -- Installing: /home/hansol/project/install/limo_msgs/lib/liblimo_msgs__rosidl_typesupport_introspection_cpp.so
[4.109s] -- Set runtime path of "/home/hansol/project/install/limo_msgs/lib/liblimo_msgs__rosidl_typesupport_introspection_cpp.so" to ""
[4.109s] -- Installing: /home/hansol/project/install/limo_msgs/lib/liblimo_msgs__rosidl_typesupport_cpp.so
[4.110s] -- Set runtime path of "/home/hansol/project/install/limo_msgs/lib/liblimo_msgs__rosidl_typesupport_cpp.so" to ""
[4.151s] Listing '/home/hansol/project/install/limo_msgs/local/lib/python3.10/dist-packages/limo_msgs'...
[4.152s] Compiling '/home/hansol/project/install/limo_msgs/local/lib/python3.10/dist-packages/limo_msgs/__init__.py'...
[4.152s] Listing '/home/hansol/project/install/limo_msgs/local/lib/python3.10/dist-packages/limo_msgs/msg'...
[4.152s] Compiling '/home/hansol/project/install/limo_msgs/local/lib/python3.10/dist-packages/limo_msgs/msg/__init__.py'...
[4.152s] Compiling '/home/hansol/project/install/limo_msgs/local/lib/python3.10/dist-packages/limo_msgs/msg/_limo_status.py'...
[4.156s] -- Installing: /home/hansol/project/install/limo_msgs/lib/liblimo_msgs__rosidl_generator_py.so
[4.156s] -- Set runtime path of "/home/hansol/project/install/limo_msgs/lib/liblimo_msgs__rosidl_generator_py.so" to ""
[4.156s] -- Up-to-date: /home/hansol/project/install/limo_msgs/share/limo_msgs/cmake/export_limo_msgs__rosidl_generator_cExport.cmake
[4.156s] -- Up-to-date: /home/hansol/project/install/limo_msgs/share/limo_msgs/cmake/export_limo_msgs__rosidl_generator_cExport-noconfig.cmake
[4.156s] -- Up-to-date: /home/hansol/project/install/limo_msgs/share/limo_msgs/cmake/export_limo_msgs__rosidl_typesupport_fastrtps_cExport.cmake
[4.157s] -- Up-to-date: /home/hansol/project/install/limo_msgs/share/limo_msgs/cmake/export_limo_msgs__rosidl_typesupport_fastrtps_cExport-noconfig.cmake
[4.157s] -- Up-to-date: /home/hansol/project/install/limo_msgs/share/limo_msgs/cmake/export_limo_msgs__rosidl_generator_cppExport.cmake
[4.157s] -- Up-to-date: /home/hansol/project/install/limo_msgs/share/limo_msgs/cmake/export_limo_msgs__rosidl_typesupport_fastrtps_cppExport.cmake
[4.157s] -- Up-to-date: /home/hansol/project/install/limo_msgs/share/limo_msgs/cmake/export_limo_msgs__rosidl_typesupport_fastrtps_cppExport-noconfig.cmake
[4.157s] -- Up-to-date: /home/hansol/project/install/limo_msgs/share/limo_msgs/cmake/limo_msgs__rosidl_typesupport_introspection_cExport.cmake
[4.158s] -- Up-to-date: /home/hansol/project/install/limo_msgs/share/limo_msgs/cmake/limo_msgs__rosidl_typesupport_introspection_cExport-noconfig.cmake
[4.158s] -- Up-to-date: /home/hansol/project/install/limo_msgs/share/limo_msgs/cmake/limo_msgs__rosidl_typesupport_cExport.cmake
[4.158s] -- Up-to-date: /home/hansol/project/install/limo_msgs/share/limo_msgs/cmake/limo_msgs__rosidl_typesupport_cExport-noconfig.cmake
[4.158s] -- Up-to-date: /home/hansol/project/install/limo_msgs/share/limo_msgs/cmake/limo_msgs__rosidl_typesupport_introspection_cppExport.cmake
[4.158s] -- Up-to-date: /home/hansol/project/install/limo_msgs/share/limo_msgs/cmake/limo_msgs__rosidl_typesupport_introspection_cppExport-noconfig.cmake
[4.159s] -- Up-to-date: /home/hansol/project/install/limo_msgs/share/limo_msgs/cmake/limo_msgs__rosidl_typesupport_cppExport.cmake
[4.159s] -- Up-to-date: /home/hansol/project/install/limo_msgs/share/limo_msgs/cmake/limo_msgs__rosidl_typesupport_cppExport-noconfig.cmake
[4.159s] -- Up-to-date: /home/hansol/project/install/limo_msgs/share/limo_msgs/cmake/export_limo_msgs__rosidl_generator_pyExport.cmake
[4.159s] -- Up-to-date: /home/hansol/project/install/limo_msgs/share/limo_msgs/cmake/export_limo_msgs__rosidl_generator_pyExport-noconfig.cmake
[4.162s] Invoked command in '/home/hansol/project/build/limo_msgs' returned '0': CMAKE_PREFIX_PATH=/opt/ros/humble /usr/bin/cmake --install /home/hansol/project/build/limo_msgs
