[0.037s] Invoking command in '/home/orin/Prototype_Military/build/realsense2_camera_msgs': CMAKE_PREFIX_PATH=/opt/ros/humble /usr/bin/cmake /home/orin/Prototype_Military/prototype_military/src/realsense-ros/realsense2_camera_msgs -DCMAKE_INSTALL_PREFIX=/home/orin/Prototype_Military/install/realsense2_camera_msgs
[0.504s] -- The C compiler identification is GNU 11.4.0
[0.505s] -- The CXX compiler identification is GNU 11.4.0
[0.506s] -- Detecting C compiler ABI info
[0.506s] -- Detecting C compiler ABI info - done
[0.506s] -- Check for working C compiler: /usr/bin/cc - skipped
[0.507s] -- Detecting C compile features
[0.508s] -- Detecting C compile features - done
[0.509s] -- Detecting CXX compiler ABI info
[0.519s] -- Detecting CXX compiler ABI info - done
[0.525s] -- Check for working CXX compiler: /usr/bin/c++ - skipped
[0.525s] -- Detecting CXX compile features
[0.526s] -- Detecting CXX compile features - done
[0.529s] -- Found ament_cmake: 1.3.10 (/opt/ros/humble/share/ament_cmake/cmake)
[1.285s] -- Found Python3: /usr/bin/python3 (found version "3.10.12") found components: Interpreter 
[1.446s] -- Found rosidl_default_generators: 1.2.0 (/opt/ros/humble/share/rosidl_default_generators/cmake)
[1.451s] -- Using all available rosidl_typesupport_c: rosidl_typesupport_fastrtps_c;rosidl_typesupport_introspection_c
[1.460s] -- Found rosidl_adapter: 3.1.5 (/opt/ros/humble/share/rosidl_adapter/cmake)
[1.525s] -- Using all available rosidl_typesupport_cpp: rosidl_typesupport_fastrtps_cpp;rosidl_typesupport_introspection_cpp
[1.584s] -- Found builtin_interfaces: 1.2.1 (/opt/ros/humble/share/builtin_interfaces/cmake)
[1.607s] -- Found std_msgs: 4.2.4 (/opt/ros/humble/share/std_msgs/cmake)
[1.630s] -- Found sensor_msgs: 4.2.4 (/opt/ros/humble/share/sensor_msgs/cmake)
[2.328s] -- Found ament_cmake_cppcheck: 0.12.11 (/opt/ros/humble/share/ament_cmake_cppcheck/cmake)
[2.331s] -- Found ament_cmake_cpplint: 0.12.11 (/opt/ros/humble/share/ament_cmake_cpplint/cmake)
[2.334s] -- Found ament_cmake_uncrustify: 0.12.11 (/opt/ros/humble/share/ament_cmake_uncrustify/cmake)
[2.338s] -- Found ament_cmake_ros: 0.10.0 (/opt/ros/humble/share/ament_cmake_ros/cmake)
[2.898s] -- Using all available rosidl_typesupport_c: rosidl_typesupport_fastrtps_c;rosidl_typesupport_introspection_c
[3.624s] -- Using all available rosidl_typesupport_cpp: rosidl_typesupport_fastrtps_cpp;rosidl_typesupport_introspection_cpp
[3.671s] -- Found PythonInterp: /usr/bin/python3 (found suitable version "3.10.12", minimum required is "3.6") 
[3.672s] -- Found python_cmake_module: 0.10.0 (/opt/ros/humble/share/python_cmake_module/cmake)
[3.724s] -- Found PythonLibs: /usr/lib/aarch64-linux-gnu/libpython3.10.so (found suitable version "3.10.12", minimum required is "3.5") 
[3.724s] -- Using PYTHON_EXECUTABLE: /usr/bin/python3
[3.724s] -- Using PYTHON_INCLUDE_DIRS: /usr/include/python3.10
[3.724s] -- Using PYTHON_LIBRARIES: /usr/lib/aarch64-linux-gnu/libpython3.10.so
[3.766s] -- Found PythonExtra: .so  
[3.904s] -- Found ament_cmake_flake8: 0.12.11 (/opt/ros/humble/share/ament_cmake_flake8/cmake)
[3.907s] -- Found ament_cmake_pep257: 0.12.11 (/opt/ros/humble/share/ament_cmake_pep257/cmake)
[3.922s] -- Configuring done
[4.015s] -- Generating done
[4.020s] -- Build files have been written to: /home/orin/Prototype_Military/build/realsense2_camera_msgs
[4.044s] Invoked command in '/home/orin/Prototype_Military/build/realsense2_camera_msgs' returned '0': CMAKE_PREFIX_PATH=/opt/ros/humble /usr/bin/cmake /home/orin/Prototype_Military/prototype_military/src/realsense-ros/realsense2_camera_msgs -DCMAKE_INSTALL_PREFIX=/home/orin/Prototype_Military/install/realsense2_camera_msgs
[4.048s] Invoking command in '/home/orin/Prototype_Military/build/realsense2_camera_msgs': CMAKE_PREFIX_PATH=/opt/ros/humble /usr/bin/cmake --build /home/orin/Prototype_Military/build/realsense2_camera_msgs -- -j12 -l12
[4.121s] [  1%] [34m[1mGenerating C code for ROS interfaces[0m
[4.138s] [  3%] [34m[1mGenerating C++ code for ROS interfaces[0m
[4.153s] [  3%] Built target ament_cmake_python_copy_realsense2_camera_msgs
[4.629s] running egg_info
[4.631s] creating realsense2_camera_msgs.egg-info
[4.670s] writing realsense2_camera_msgs.egg-info/PKG-INFO
[4.671s] writing dependency_links to realsense2_camera_msgs.egg-info/dependency_links.txt
[4.672s] writing top-level names to realsense2_camera_msgs.egg-info/top_level.txt
[4.672s] writing manifest file 'realsense2_camera_msgs.egg-info/SOURCES.txt'
[4.789s] reading manifest file 'realsense2_camera_msgs.egg-info/SOURCES.txt'
[4.791s] writing manifest file 'realsense2_camera_msgs.egg-info/SOURCES.txt'
[4.861s] [  3%] Built target ament_cmake_python_build_realsense2_camera_msgs_egg
[5.217s] [  3%] Built target realsense2_camera_msgs__cpp
[5.238s] [  7%] [34m[1mGenerating C++ type support for eProsima Fast-RTPS[0m
[5.238s] [  7%] [34m[1mGenerating C++ type support dispatch for ROS interfaces[0m
[5.238s] [  7%] [34m[1mGenerating C++ introspection for ROS interfaces[0m
[5.323s] [ 11%] [32mBuilding C object CMakeFiles/realsense2_camera_msgs__rosidl_generator_c.dir/rosidl_generator_c/realsense2_camera_msgs/msg/detail/imu_info__functions.c.o[0m
[5.323s] [ 11%] [32mBuilding C object CMakeFiles/realsense2_camera_msgs__rosidl_generator_c.dir/rosidl_generator_c/realsense2_camera_msgs/msg/detail/extrinsics__functions.c.o[0m
[5.324s] [ 12%] [32mBuilding C object CMakeFiles/realsense2_camera_msgs__rosidl_generator_c.dir/rosidl_generator_c/realsense2_camera_msgs/msg/detail/rgbd__functions.c.o[0m
[5.325s] [ 14%] [32mBuilding C object CMakeFiles/realsense2_camera_msgs__rosidl_generator_c.dir/rosidl_generator_c/realsense2_camera_msgs/msg/detail/metadata__functions.c.o[0m
[5.338s] [ 15%] [32mBuilding C object CMakeFiles/realsense2_camera_msgs__rosidl_generator_c.dir/rosidl_generator_c/realsense2_camera_msgs/srv/detail/device_info__functions.c.o[0m
[5.484s] [ 17%] [32m[1mLinking C shared library librealsense2_camera_msgs__rosidl_generator_c.so[0m
[5.552s] [ 17%] Built target realsense2_camera_msgs__rosidl_generator_c
[5.572s] [ 22%] [34m[1mGenerating C type support for eProsima Fast-RTPS[0m
[5.572s] [ 22%] [34m[1mGenerating C type support dispatch for ROS interfaces[0m
[5.572s] [ 22%] [34m[1mGenerating C introspection for ROS interfaces[0m
[6.099s] [ 23%] [32mBuilding CXX object CMakeFiles/realsense2_camera_msgs__rosidl_typesupport_cpp.dir/rosidl_typesupport_cpp/realsense2_camera_msgs/msg/imu_info__type_support.cpp.o[0m
[6.115s] [ 25%] [32mBuilding CXX object CMakeFiles/realsense2_camera_msgs__rosidl_typesupport_cpp.dir/rosidl_typesupport_cpp/realsense2_camera_msgs/msg/extrinsics__type_support.cpp.o[0m
[6.122s] [ 26%] [32mBuilding CXX object CMakeFiles/realsense2_camera_msgs__rosidl_typesupport_cpp.dir/rosidl_typesupport_cpp/realsense2_camera_msgs/msg/metadata__type_support.cpp.o[0m
[6.125s] [ 28%] [32mBuilding CXX object CMakeFiles/realsense2_camera_msgs__rosidl_typesupport_cpp.dir/rosidl_typesupport_cpp/realsense2_camera_msgs/msg/rgbd__type_support.cpp.o[0m
[6.139s] [ 30%] [32mBuilding CXX object CMakeFiles/realsense2_camera_msgs__rosidl_typesupport_cpp.dir/rosidl_typesupport_cpp/realsense2_camera_msgs/srv/device_info__type_support.cpp.o[0m
[6.346s] [ 31%] [32mBuilding CXX object CMakeFiles/realsense2_camera_msgs__rosidl_typesupport_introspection_cpp.dir/rosidl_typesupport_introspection_cpp/realsense2_camera_msgs/msg/detail/imu_info__type_support.cpp.o[0m
[6.377s] [ 33%] [32mBuilding CXX object CMakeFiles/realsense2_camera_msgs__rosidl_typesupport_introspection_cpp.dir/rosidl_typesupport_introspection_cpp/realsense2_camera_msgs/msg/detail/extrinsics__type_support.cpp.o[0m
[6.395s] [ 34%] [32mBuilding CXX object CMakeFiles/realsense2_camera_msgs__rosidl_typesupport_introspection_cpp.dir/rosidl_typesupport_introspection_cpp/realsense2_camera_msgs/msg/detail/metadata__type_support.cpp.o[0m
[6.468s] [ 36%] [32mBuilding CXX object CMakeFiles/realsense2_camera_msgs__rosidl_typesupport_fastrtps_cpp.dir/rosidl_typesupport_fastrtps_cpp/realsense2_camera_msgs/msg/detail/dds_fastrtps/imu_info__type_support.cpp.o[0m
[6.656s] [ 38%] [32mBuilding CXX object CMakeFiles/realsense2_camera_msgs__rosidl_typesupport_c.dir/rosidl_typesupport_c/realsense2_camera_msgs/msg/imu_info__type_support.cpp.o[0m
[6.853s] [ 39%] [32mBuilding CXX object CMakeFiles/realsense2_camera_msgs__rosidl_typesupport_c.dir/rosidl_typesupport_c/realsense2_camera_msgs/msg/extrinsics__type_support.cpp.o[0m
[6.873s] [ 41%] [32mBuilding C object CMakeFiles/realsense2_camera_msgs__rosidl_typesupport_introspection_c.dir/rosidl_typesupport_introspection_c/realsense2_camera_msgs/msg/detail/imu_info__type_support.c.o[0m
[6.883s] [ 42%] [32mBuilding CXX object CMakeFiles/realsense2_camera_msgs__rosidl_typesupport_fastrtps_cpp.dir/rosidl_typesupport_fastrtps_cpp/realsense2_camera_msgs/msg/detail/dds_fastrtps/extrinsics__type_support.cpp.o[0m
[6.902s] [ 44%] [32mBuilding CXX object CMakeFiles/realsense2_camera_msgs__rosidl_typesupport_fastrtps_cpp.dir/rosidl_typesupport_fastrtps_cpp/realsense2_camera_msgs/msg/detail/dds_fastrtps/metadata__type_support.cpp.o[0m
[6.950s] [ 46%] [32mBuilding C object CMakeFiles/realsense2_camera_msgs__rosidl_typesupport_introspection_c.dir/rosidl_typesupport_introspection_c/realsense2_camera_msgs/msg/detail/extrinsics__type_support.c.o[0m
[6.967s] [ 47%] [32mBuilding CXX object CMakeFiles/realsense2_camera_msgs__rosidl_typesupport_fastrtps_cpp.dir/rosidl_typesupport_fastrtps_cpp/realsense2_camera_msgs/msg/detail/dds_fastrtps/rgbd__type_support.cpp.o[0m
[6.977s] [ 49%] [32mBuilding CXX object CMakeFiles/realsense2_camera_msgs__rosidl_typesupport_c.dir/rosidl_typesupport_c/realsense2_camera_msgs/msg/metadata__type_support.cpp.o[0m
[7.016s] [ 50%] [32mBuilding CXX object CMakeFiles/realsense2_camera_msgs__rosidl_typesupport_fastrtps_c.dir/rosidl_typesupport_fastrtps_c/realsense2_camera_msgs/msg/detail/imu_info__type_support_c.cpp.o[0m
[7.065s] [ 52%] [32m[1mLinking CXX shared library librealsense2_camera_msgs__rosidl_typesupport_cpp.so[0m
[7.104s] [ 53%] [32mBuilding CXX object CMakeFiles/realsense2_camera_msgs__rosidl_typesupport_c.dir/rosidl_typesupport_c/realsense2_camera_msgs/msg/rgbd__type_support.cpp.o[0m
[7.113s] [ 55%] [32mBuilding C object CMakeFiles/realsense2_camera_msgs__rosidl_typesupport_introspection_c.dir/rosidl_typesupport_introspection_c/realsense2_camera_msgs/msg/detail/metadata__type_support.c.o[0m
[7.142s] [ 57%] [32mBuilding C object CMakeFiles/realsense2_camera_msgs__rosidl_typesupport_introspection_c.dir/rosidl_typesupport_introspection_c/realsense2_camera_msgs/msg/detail/rgbd__type_support.c.o[0m
[7.285s] [ 58%] [32mBuilding CXX object CMakeFiles/realsense2_camera_msgs__rosidl_typesupport_c.dir/rosidl_typesupport_c/realsense2_camera_msgs/srv/device_info__type_support.cpp.o[0m
[7.317s] [ 58%] Built target realsense2_camera_msgs__rosidl_typesupport_cpp
[7.318s] [ 60%] [32mBuilding C object CMakeFiles/realsense2_camera_msgs__rosidl_typesupport_introspection_c.dir/rosidl_typesupport_introspection_c/realsense2_camera_msgs/srv/detail/device_info__type_support.c.o[0m
[7.346s] [ 61%] [32mBuilding CXX object CMakeFiles/realsense2_camera_msgs__rosidl_typesupport_fastrtps_c.dir/rosidl_typesupport_fastrtps_c/realsense2_camera_msgs/msg/detail/extrinsics__type_support_c.cpp.o[0m
[7.389s] [ 63%] [32mBuilding CXX object CMakeFiles/realsense2_camera_msgs__rosidl_typesupport_fastrtps_c.dir/rosidl_typesupport_fastrtps_c/realsense2_camera_msgs/msg/detail/metadata__type_support_c.cpp.o[0m
[7.461s] [ 65%] [32m[1mLinking CXX shared library librealsense2_camera_msgs__rosidl_typesupport_c.so[0m
[7.517s] [ 66%] [32m[1mLinking C shared library librealsense2_camera_msgs__rosidl_typesupport_introspection_c.so[0m
[7.526s] [ 68%] [32mBuilding CXX object CMakeFiles/realsense2_camera_msgs__rosidl_typesupport_introspection_cpp.dir/rosidl_typesupport_introspection_cpp/realsense2_camera_msgs/msg/detail/rgbd__type_support.cpp.o[0m
[7.571s] [ 68%] Built target realsense2_camera_msgs__rosidl_typesupport_c
[7.624s] [ 69%] [32mBuilding CXX object CMakeFiles/realsense2_camera_msgs__rosidl_typesupport_fastrtps_c.dir/rosidl_typesupport_fastrtps_c/realsense2_camera_msgs/msg/detail/rgbd__type_support_c.cpp.o[0m
[7.643s] [ 69%] Built target realsense2_camera_msgs__rosidl_typesupport_introspection_c
[7.666s] [ 71%] [32mBuilding CXX object CMakeFiles/realsense2_camera_msgs__rosidl_typesupport_introspection_cpp.dir/rosidl_typesupport_introspection_cpp/realsense2_camera_msgs/srv/detail/device_info__type_support.cpp.o[0m
[7.675s] [ 73%] [32mBuilding CXX object CMakeFiles/realsense2_camera_msgs__rosidl_typesupport_fastrtps_cpp.dir/rosidl_typesupport_fastrtps_cpp/realsense2_camera_msgs/srv/detail/dds_fastrtps/device_info__type_support.cpp.o[0m
[7.977s] [ 74%] [32mBuilding CXX object CMakeFiles/realsense2_camera_msgs__rosidl_typesupport_fastrtps_c.dir/rosidl_typesupport_fastrtps_c/realsense2_camera_msgs/srv/detail/device_info__type_support_c.cpp.o[0m
[8.855s] [ 76%] [32m[1mLinking CXX shared library librealsense2_camera_msgs__rosidl_typesupport_fastrtps_cpp.so[0m
[8.935s] [ 77%] [32m[1mLinking CXX shared library librealsense2_camera_msgs__rosidl_typesupport_introspection_cpp.so[0m
[9.008s] [ 77%] Built target realsense2_camera_msgs__rosidl_typesupport_fastrtps_cpp
[9.061s] [ 79%] [32m[1mLinking CXX shared library librealsense2_camera_msgs__rosidl_typesupport_fastrtps_c.so[0m
[9.219s] [ 79%] Built target realsense2_camera_msgs__rosidl_typesupport_introspection_cpp
[9.389s] [ 79%] Built target realsense2_camera_msgs__rosidl_typesupport_fastrtps_c
[9.513s] [ 79%] Built target realsense2_camera_msgs
[9.633s] [ 80%] [34m[1mGenerating Python code for ROS interfaces[0m
[12.600s] [ 80%] Built target realsense2_camera_msgs__py
[12.709s] [ 82%] [32mBuilding C object CMakeFiles/realsense2_camera_msgs__rosidl_generator_py.dir/rosidl_generator_py/realsense2_camera_msgs/msg/_imu_info_s.c.o[0m
[12.727s] [ 84%] [32mBuilding C object CMakeFiles/realsense2_camera_msgs__rosidl_generator_py.dir/rosidl_generator_py/realsense2_camera_msgs/msg/_extrinsics_s.c.o[0m
[12.750s] [ 85%] [32mBuilding C object CMakeFiles/realsense2_camera_msgs__rosidl_generator_py.dir/rosidl_generator_py/realsense2_camera_msgs/msg/_metadata_s.c.o[0m
[12.794s] [ 87%] [32mBuilding C object CMakeFiles/realsense2_camera_msgs__rosidl_generator_py.dir/rosidl_generator_py/realsense2_camera_msgs/msg/_rgbd_s.c.o[0m
[12.826s] [ 88%] [32mBuilding C object CMakeFiles/realsense2_camera_msgs__rosidl_generator_py.dir/rosidl_generator_py/realsense2_camera_msgs/srv/_device_info_s.c.o[0m
[13.324s] [ 90%] [32m[1mLinking C shared library rosidl_generator_py/realsense2_camera_msgs/librealsense2_camera_msgs__rosidl_generator_py.so[0m
[13.444s] [ 90%] Built target realsense2_camera_msgs__rosidl_generator_py
[13.566s] [ 92%] [32mBuilding C object CMakeFiles/realsense2_camera_msgs__rosidl_typesupport_fastrtps_c__pyext.dir/rosidl_generator_py/realsense2_camera_msgs/_realsense2_camera_msgs_s.ep.rosidl_typesupport_fastrtps_c.c.o[0m
[13.590s] [ 93%] [32mBuilding C object CMakeFiles/realsense2_camera_msgs__rosidl_typesupport_introspection_c__pyext.dir/rosidl_generator_py/realsense2_camera_msgs/_realsense2_camera_msgs_s.ep.rosidl_typesupport_introspection_c.c.o[0m
[13.594s] [ 95%] [32mBuilding C object CMakeFiles/realsense2_camera_msgs__rosidl_typesupport_c__pyext.dir/rosidl_generator_py/realsense2_camera_msgs/_realsense2_camera_msgs_s.ep.rosidl_typesupport_c.c.o[0m
[13.985s] [ 96%] [32m[1mLinking C shared library rosidl_generator_py/realsense2_camera_msgs/realsense2_camera_msgs_s__rosidl_typesupport_introspection_c.cpython-310-aarch64-linux-gnu.so[0m
[13.999s] [ 98%] [32m[1mLinking C shared library rosidl_generator_py/realsense2_camera_msgs/realsense2_camera_msgs_s__rosidl_typesupport_c.cpython-310-aarch64-linux-gnu.so[0m
[14.020s] [100%] [32m[1mLinking C shared library rosidl_generator_py/realsense2_camera_msgs/realsense2_camera_msgs_s__rosidl_typesupport_fastrtps_c.cpython-310-aarch64-linux-gnu.so[0m
[14.085s] [100%] Built target realsense2_camera_msgs__rosidl_typesupport_c__pyext
[14.101s] [100%] Built target realsense2_camera_msgs__rosidl_typesupport_introspection_c__pyext
[14.121s] [100%] Built target realsense2_camera_msgs__rosidl_typesupport_fastrtps_c__pyext
[14.199s] Invoked command in '/home/orin/Prototype_Military/build/realsense2_camera_msgs' returned '0': CMAKE_PREFIX_PATH=/opt/ros/humble /usr/bin/cmake --build /home/orin/Prototype_Military/build/realsense2_camera_msgs -- -j12 -l12
[14.402s] Invoking command in '/home/orin/Prototype_Military/build/realsense2_camera_msgs': CMAKE_PREFIX_PATH=/opt/ros/humble /usr/bin/cmake --install /home/orin/Prototype_Military/build/realsense2_camera_msgs
[14.416s] -- Install configuration: ""
[14.417s] -- Installing: /home/orin/Prototype_Military/install/realsense2_camera_msgs/share/ament_index/resource_index/rosidl_interfaces/realsense2_camera_msgs
[14.417s] -- Installing: /home/orin/Prototype_Military/install/realsense2_camera_msgs/include/realsense2_camera_msgs/realsense2_camera_msgs
[14.417s] -- Installing: /home/orin/Prototype_Military/install/realsense2_camera_msgs/include/realsense2_camera_msgs/realsense2_camera_msgs/msg
[14.417s] -- Installing: /home/orin/Prototype_Military/install/realsense2_camera_msgs/include/realsense2_camera_msgs/realsense2_camera_msgs/msg/metadata.h
[14.418s] -- Installing: /home/orin/Prototype_Military/install/realsense2_camera_msgs/include/realsense2_camera_msgs/realsense2_camera_msgs/msg/extrinsics.h
[14.418s] -- Installing: /home/orin/Prototype_Military/install/realsense2_camera_msgs/include/realsense2_camera_msgs/realsense2_camera_msgs/msg/rgbd.h
[14.418s] -- Installing: /home/orin/Prototype_Military/install/realsense2_camera_msgs/include/realsense2_camera_msgs/realsense2_camera_msgs/msg/imu_info.h
[14.418s] -- Installing: /home/orin/Prototype_Military/install/realsense2_camera_msgs/include/realsense2_camera_msgs/realsense2_camera_msgs/msg/detail
[14.418s] -- Installing: /home/orin/Prototype_Military/install/realsense2_camera_msgs/include/realsense2_camera_msgs/realsense2_camera_msgs/msg/detail/rgbd__type_support.h
[14.419s] -- Installing: /home/orin/Prototype_Military/install/realsense2_camera_msgs/include/realsense2_camera_msgs/realsense2_camera_msgs/msg/detail/extrinsics__functions.h
[14.419s] -- Installing: /home/orin/Prototype_Military/install/realsense2_camera_msgs/include/realsense2_camera_msgs/realsense2_camera_msgs/msg/detail/metadata__type_support.h
[14.419s] -- Installing: /home/orin/Prototype_Military/install/realsense2_camera_msgs/include/realsense2_camera_msgs/realsense2_camera_msgs/msg/detail/extrinsics__type_support.h
[14.419s] -- Installing: /home/orin/Prototype_Military/install/realsense2_camera_msgs/include/realsense2_camera_msgs/realsense2_camera_msgs/msg/detail/metadata__functions.h
[14.420s] -- Installing: /home/orin/Prototype_Military/install/realsense2_camera_msgs/include/realsense2_camera_msgs/realsense2_camera_msgs/msg/detail/rgbd__functions.h
[14.420s] -- Installing: /home/orin/Prototype_Military/install/realsense2_camera_msgs/include/realsense2_camera_msgs/realsense2_camera_msgs/msg/detail/rgbd__functions.c
[14.420s] -- Installing: /home/orin/Prototype_Military/install/realsense2_camera_msgs/include/realsense2_camera_msgs/realsense2_camera_msgs/msg/detail/imu_info__functions.c
[14.420s] -- Installing: /home/orin/Prototype_Military/install/realsense2_camera_msgs/include/realsense2_camera_msgs/realsense2_camera_msgs/msg/detail/rgbd__struct.h
[14.420s] -- Installing: /home/orin/Prototype_Military/install/realsense2_camera_msgs/include/realsense2_camera_msgs/realsense2_camera_msgs/msg/detail/imu_info__type_support.h
[14.421s] -- Installing: /home/orin/Prototype_Military/install/realsense2_camera_msgs/include/realsense2_camera_msgs/realsense2_camera_msgs/msg/detail/extrinsics__functions.c
[14.421s] -- Installing: /home/orin/Prototype_Military/install/realsense2_camera_msgs/include/realsense2_camera_msgs/realsense2_camera_msgs/msg/detail/metadata__struct.h
[14.421s] -- Installing: /home/orin/Prototype_Military/install/realsense2_camera_msgs/include/realsense2_camera_msgs/realsense2_camera_msgs/msg/detail/imu_info__struct.h
[14.421s] -- Installing: /home/orin/Prototype_Military/install/realsense2_camera_msgs/include/realsense2_camera_msgs/realsense2_camera_msgs/msg/detail/imu_info__functions.h
[14.421s] -- Installing: /home/orin/Prototype_Military/install/realsense2_camera_msgs/include/realsense2_camera_msgs/realsense2_camera_msgs/msg/detail/metadata__functions.c
[14.422s] -- Installing: /home/orin/Prototype_Military/install/realsense2_camera_msgs/include/realsense2_camera_msgs/realsense2_camera_msgs/msg/detail/extrinsics__struct.h
[14.422s] -- Installing: /home/orin/Prototype_Military/install/realsense2_camera_msgs/include/realsense2_camera_msgs/realsense2_camera_msgs/msg/rosidl_generator_c__visibility_control.h
[14.422s] -- Installing: /home/orin/Prototype_Military/install/realsense2_camera_msgs/include/realsense2_camera_msgs/realsense2_camera_msgs/srv
[14.422s] -- Installing: /home/orin/Prototype_Military/install/realsense2_camera_msgs/include/realsense2_camera_msgs/realsense2_camera_msgs/srv/device_info.h
[14.422s] -- Installing: /home/orin/Prototype_Military/install/realsense2_camera_msgs/include/realsense2_camera_msgs/realsense2_camera_msgs/srv/detail
[14.422s] -- Installing: /home/orin/Prototype_Military/install/realsense2_camera_msgs/include/realsense2_camera_msgs/realsense2_camera_msgs/srv/detail/device_info__type_support.h
[14.423s] -- Installing: /home/orin/Prototype_Military/install/realsense2_camera_msgs/include/realsense2_camera_msgs/realsense2_camera_msgs/srv/detail/device_info__functions.h
[14.423s] -- Installing: /home/orin/Prototype_Military/install/realsense2_camera_msgs/include/realsense2_camera_msgs/realsense2_camera_msgs/srv/detail/device_info__functions.c
[14.423s] -- Installing: /home/orin/Prototype_Military/install/realsense2_camera_msgs/include/realsense2_camera_msgs/realsense2_camera_msgs/srv/detail/device_info__struct.h
[14.424s] -- Installing: /home/orin/Prototype_Military/install/realsense2_camera_msgs/share/realsense2_camera_msgs/environment/library_path.sh
[14.424s] -- Installing: /home/orin/Prototype_Military/install/realsense2_camera_msgs/share/realsense2_camera_msgs/environment/library_path.dsv
[14.424s] -- Installing: /home/orin/Prototype_Military/install/realsense2_camera_msgs/lib/librealsense2_camera_msgs__rosidl_generator_c.so
[14.425s] -- Set runtime path of "/home/orin/Prototype_Military/install/realsense2_camera_msgs/lib/librealsense2_camera_msgs__rosidl_generator_c.so" to ""
[14.425s] -- Up-to-date: /home/orin/Prototype_Military/install/realsense2_camera_msgs/include/realsense2_camera_msgs/realsense2_camera_msgs
[14.425s] -- Up-to-date: /home/orin/Prototype_Military/install/realsense2_camera_msgs/include/realsense2_camera_msgs/realsense2_camera_msgs/msg
[14.425s] -- Installing: /home/orin/Prototype_Military/install/realsense2_camera_msgs/include/realsense2_camera_msgs/realsense2_camera_msgs/msg/rosidl_typesupport_fastrtps_c__visibility_control.h
[14.426s] -- Up-to-date: /home/orin/Prototype_Military/install/realsense2_camera_msgs/include/realsense2_camera_msgs/realsense2_camera_msgs/msg/detail
[14.426s] -- Installing: /home/orin/Prototype_Military/install/realsense2_camera_msgs/include/realsense2_camera_msgs/realsense2_camera_msgs/msg/detail/rgbd__rosidl_typesupport_fastrtps_c.h
[14.426s] -- Installing: /home/orin/Prototype_Military/install/realsense2_camera_msgs/include/realsense2_camera_msgs/realsense2_camera_msgs/msg/detail/extrinsics__rosidl_typesupport_fastrtps_c.h
[14.426s] -- Installing: /home/orin/Prototype_Military/install/realsense2_camera_msgs/include/realsense2_camera_msgs/realsense2_camera_msgs/msg/detail/imu_info__rosidl_typesupport_fastrtps_c.h
[14.426s] -- Installing: /home/orin/Prototype_Military/install/realsense2_camera_msgs/include/realsense2_camera_msgs/realsense2_camera_msgs/msg/detail/metadata__rosidl_typesupport_fastrtps_c.h
[14.426s] -- Up-to-date: /home/orin/Prototype_Military/install/realsense2_camera_msgs/include/realsense2_camera_msgs/realsense2_camera_msgs/srv
[14.426s] -- Up-to-date: /home/orin/Prototype_Military/install/realsense2_camera_msgs/include/realsense2_camera_msgs/realsense2_camera_msgs/srv/detail
[14.427s] -- Installing: /home/orin/Prototype_Military/install/realsense2_camera_msgs/include/realsense2_camera_msgs/realsense2_camera_msgs/srv/detail/device_info__rosidl_typesupport_fastrtps_c.h
[14.427s] -- Installing: /home/orin/Prototype_Military/install/realsense2_camera_msgs/lib/librealsense2_camera_msgs__rosidl_typesupport_fastrtps_c.so
[14.427s] -- Set runtime path of "/home/orin/Prototype_Military/install/realsense2_camera_msgs/lib/librealsense2_camera_msgs__rosidl_typesupport_fastrtps_c.so" to ""
[14.428s] -- Up-to-date: /home/orin/Prototype_Military/install/realsense2_camera_msgs/include/realsense2_camera_msgs/realsense2_camera_msgs
[14.428s] -- Up-to-date: /home/orin/Prototype_Military/install/realsense2_camera_msgs/include/realsense2_camera_msgs/realsense2_camera_msgs/msg
[14.428s] -- Installing: /home/orin/Prototype_Military/install/realsense2_camera_msgs/include/realsense2_camera_msgs/realsense2_camera_msgs/msg/rosidl_typesupport_introspection_c__visibility_control.h
[14.428s] -- Up-to-date: /home/orin/Prototype_Military/install/realsense2_camera_msgs/include/realsense2_camera_msgs/realsense2_camera_msgs/msg/detail
[14.428s] -- Installing: /home/orin/Prototype_Military/install/realsense2_camera_msgs/include/realsense2_camera_msgs/realsense2_camera_msgs/msg/detail/metadata__type_support.c
[14.428s] -- Installing: /home/orin/Prototype_Military/install/realsense2_camera_msgs/include/realsense2_camera_msgs/realsense2_camera_msgs/msg/detail/metadata__rosidl_typesupport_introspection_c.h
[14.428s] -- Installing: /home/orin/Prototype_Military/install/realsense2_camera_msgs/include/realsense2_camera_msgs/realsense2_camera_msgs/msg/detail/rgbd__rosidl_typesupport_introspection_c.h
[14.428s] -- Installing: /home/orin/Prototype_Military/install/realsense2_camera_msgs/include/realsense2_camera_msgs/realsense2_camera_msgs/msg/detail/extrinsics__rosidl_typesupport_introspection_c.h
[14.429s] -- Installing: /home/orin/Prototype_Military/install/realsense2_camera_msgs/include/realsense2_camera_msgs/realsense2_camera_msgs/msg/detail/imu_info__type_support.c
[14.429s] -- Installing: /home/orin/Prototype_Military/install/realsense2_camera_msgs/include/realsense2_camera_msgs/realsense2_camera_msgs/msg/detail/extrinsics__type_support.c
[14.429s] -- Installing: /home/orin/Prototype_Military/install/realsense2_camera_msgs/include/realsense2_camera_msgs/realsense2_camera_msgs/msg/detail/imu_info__rosidl_typesupport_introspection_c.h
[14.429s] -- Installing: /home/orin/Prototype_Military/install/realsense2_camera_msgs/include/realsense2_camera_msgs/realsense2_camera_msgs/msg/detail/rgbd__type_support.c
[14.430s] -- Up-to-date: /home/orin/Prototype_Military/install/realsense2_camera_msgs/include/realsense2_camera_msgs/realsense2_camera_msgs/srv
[14.430s] -- Up-to-date: /home/orin/Prototype_Military/install/realsense2_camera_msgs/include/realsense2_camera_msgs/realsense2_camera_msgs/srv/detail
[14.430s] -- Installing: /home/orin/Prototype_Military/install/realsense2_camera_msgs/include/realsense2_camera_msgs/realsense2_camera_msgs/srv/detail/device_info__type_support.c
[14.430s] -- Installing: /home/orin/Prototype_Military/install/realsense2_camera_msgs/include/realsense2_camera_msgs/realsense2_camera_msgs/srv/detail/device_info__rosidl_typesupport_introspection_c.h
[14.430s] -- Installing: /home/orin/Prototype_Military/install/realsense2_camera_msgs/lib/librealsense2_camera_msgs__rosidl_typesupport_introspection_c.so
[14.431s] -- Set runtime path of "/home/orin/Prototype_Military/install/realsense2_camera_msgs/lib/librealsense2_camera_msgs__rosidl_typesupport_introspection_c.so" to ""
[14.431s] -- Installing: /home/orin/Prototype_Military/install/realsense2_camera_msgs/lib/librealsense2_camera_msgs__rosidl_typesupport_c.so
[14.431s] -- Set runtime path of "/home/orin/Prototype_Military/install/realsense2_camera_msgs/lib/librealsense2_camera_msgs__rosidl_typesupport_c.so" to ""
[14.432s] -- Up-to-date: /home/orin/Prototype_Military/install/realsense2_camera_msgs/include/realsense2_camera_msgs/realsense2_camera_msgs
[14.432s] -- Up-to-date: /home/orin/Prototype_Military/install/realsense2_camera_msgs/include/realsense2_camera_msgs/realsense2_camera_msgs/msg
[14.432s] -- Installing: /home/orin/Prototype_Military/install/realsense2_camera_msgs/include/realsense2_camera_msgs/realsense2_camera_msgs/msg/rgbd.hpp
[14.432s] -- Installing: /home/orin/Prototype_Military/install/realsense2_camera_msgs/include/realsense2_camera_msgs/realsense2_camera_msgs/msg/extrinsics.hpp
[14.432s] -- Up-to-date: /home/orin/Prototype_Military/install/realsense2_camera_msgs/include/realsense2_camera_msgs/realsense2_camera_msgs/msg/detail
[14.432s] -- Installing: /home/orin/Prototype_Military/install/realsense2_camera_msgs/include/realsense2_camera_msgs/realsense2_camera_msgs/msg/detail/metadata__struct.hpp
[14.432s] -- Installing: /home/orin/Prototype_Military/install/realsense2_camera_msgs/include/realsense2_camera_msgs/realsense2_camera_msgs/msg/detail/extrinsics__struct.hpp
[14.433s] -- Installing: /home/orin/Prototype_Military/install/realsense2_camera_msgs/include/realsense2_camera_msgs/realsense2_camera_msgs/msg/detail/rgbd__builder.hpp
[14.433s] -- Installing: /home/orin/Prototype_Military/install/realsense2_camera_msgs/include/realsense2_camera_msgs/realsense2_camera_msgs/msg/detail/rgbd__struct.hpp
[14.433s] -- Installing: /home/orin/Prototype_Military/install/realsense2_camera_msgs/include/realsense2_camera_msgs/realsense2_camera_msgs/msg/detail/metadata__builder.hpp
[14.433s] -- Installing: /home/orin/Prototype_Military/install/realsense2_camera_msgs/include/realsense2_camera_msgs/realsense2_camera_msgs/msg/detail/imu_info__traits.hpp
[14.433s] -- Installing: /home/orin/Prototype_Military/install/realsense2_camera_msgs/include/realsense2_camera_msgs/realsense2_camera_msgs/msg/detail/imu_info__builder.hpp
[14.434s] -- Installing: /home/orin/Prototype_Military/install/realsense2_camera_msgs/include/realsense2_camera_msgs/realsense2_camera_msgs/msg/detail/extrinsics__builder.hpp
[14.434s] -- Installing: /home/orin/Prototype_Military/install/realsense2_camera_msgs/include/realsense2_camera_msgs/realsense2_camera_msgs/msg/detail/metadata__traits.hpp
[14.434s] -- Installing: /home/orin/Prototype_Military/install/realsense2_camera_msgs/include/realsense2_camera_msgs/realsense2_camera_msgs/msg/detail/rgbd__traits.hpp
[14.434s] -- Installing: /home/orin/Prototype_Military/install/realsense2_camera_msgs/include/realsense2_camera_msgs/realsense2_camera_msgs/msg/detail/extrinsics__traits.hpp
[14.434s] -- Installing: /home/orin/Prototype_Military/install/realsense2_camera_msgs/include/realsense2_camera_msgs/realsense2_camera_msgs/msg/detail/imu_info__struct.hpp
[14.435s] -- Installing: /home/orin/Prototype_Military/install/realsense2_camera_msgs/include/realsense2_camera_msgs/realsense2_camera_msgs/msg/imu_info.hpp
[14.435s] -- Installing: /home/orin/Prototype_Military/install/realsense2_camera_msgs/include/realsense2_camera_msgs/realsense2_camera_msgs/msg/metadata.hpp
[14.435s] -- Up-to-date: /home/orin/Prototype_Military/install/realsense2_camera_msgs/include/realsense2_camera_msgs/realsense2_camera_msgs/srv
[14.435s] -- Up-to-date: /home/orin/Prototype_Military/install/realsense2_camera_msgs/include/realsense2_camera_msgs/realsense2_camera_msgs/srv/detail
[14.435s] -- Installing: /home/orin/Prototype_Military/install/realsense2_camera_msgs/include/realsense2_camera_msgs/realsense2_camera_msgs/srv/detail/device_info__traits.hpp
[14.436s] -- Installing: /home/orin/Prototype_Military/install/realsense2_camera_msgs/include/realsense2_camera_msgs/realsense2_camera_msgs/srv/detail/device_info__builder.hpp
[14.436s] -- Installing: /home/orin/Prototype_Military/install/realsense2_camera_msgs/include/realsense2_camera_msgs/realsense2_camera_msgs/srv/detail/device_info__struct.hpp
[14.436s] -- Installing: /home/orin/Prototype_Military/install/realsense2_camera_msgs/include/realsense2_camera_msgs/realsense2_camera_msgs/srv/device_info.hpp
[14.436s] -- Up-to-date: /home/orin/Prototype_Military/install/realsense2_camera_msgs/include/realsense2_camera_msgs/realsense2_camera_msgs
[14.436s] -- Up-to-date: /home/orin/Prototype_Military/install/realsense2_camera_msgs/include/realsense2_camera_msgs/realsense2_camera_msgs/msg
[14.437s] -- Installing: /home/orin/Prototype_Military/install/realsense2_camera_msgs/include/realsense2_camera_msgs/realsense2_camera_msgs/msg/rosidl_typesupport_fastrtps_cpp__visibility_control.h
[14.437s] -- Up-to-date: /home/orin/Prototype_Military/install/realsense2_camera_msgs/include/realsense2_camera_msgs/realsense2_camera_msgs/msg/detail
[14.437s] -- Installing: /home/orin/Prototype_Military/install/realsense2_camera_msgs/include/realsense2_camera_msgs/realsense2_camera_msgs/msg/detail/extrinsics__rosidl_typesupport_fastrtps_cpp.hpp
[14.437s] -- Installing: /home/orin/Prototype_Military/install/realsense2_camera_msgs/include/realsense2_camera_msgs/realsense2_camera_msgs/msg/detail/imu_info__rosidl_typesupport_fastrtps_cpp.hpp
[14.437s] -- Installing: /home/orin/Prototype_Military/install/realsense2_camera_msgs/include/realsense2_camera_msgs/realsense2_camera_msgs/msg/detail/rgbd__rosidl_typesupport_fastrtps_cpp.hpp
[14.437s] -- Installing: /home/orin/Prototype_Military/install/realsense2_camera_msgs/include/realsense2_camera_msgs/realsense2_camera_msgs/msg/detail/dds_fastrtps
[14.437s] -- Installing: /home/orin/Prototype_Military/install/realsense2_camera_msgs/include/realsense2_camera_msgs/realsense2_camera_msgs/msg/detail/metadata__rosidl_typesupport_fastrtps_cpp.hpp
[14.438s] -- Up-to-date: /home/orin/Prototype_Military/install/realsense2_camera_msgs/include/realsense2_camera_msgs/realsense2_camera_msgs/srv
[14.438s] -- Up-to-date: /home/orin/Prototype_Military/install/realsense2_camera_msgs/include/realsense2_camera_msgs/realsense2_camera_msgs/srv/detail
[14.438s] -- Installing: /home/orin/Prototype_Military/install/realsense2_camera_msgs/include/realsense2_camera_msgs/realsense2_camera_msgs/srv/detail/dds_fastrtps
[14.438s] -- Installing: /home/orin/Prototype_Military/install/realsense2_camera_msgs/include/realsense2_camera_msgs/realsense2_camera_msgs/srv/detail/device_info__rosidl_typesupport_fastrtps_cpp.hpp
[14.438s] -- Installing: /home/orin/Prototype_Military/install/realsense2_camera_msgs/lib/librealsense2_camera_msgs__rosidl_typesupport_fastrtps_cpp.so
[14.439s] -- Set runtime path of "/home/orin/Prototype_Military/install/realsense2_camera_msgs/lib/librealsense2_camera_msgs__rosidl_typesupport_fastrtps_cpp.so" to ""
[14.439s] -- Up-to-date: /home/orin/Prototype_Military/install/realsense2_camera_msgs/include/realsense2_camera_msgs/realsense2_camera_msgs
[14.439s] -- Up-to-date: /home/orin/Prototype_Military/install/realsense2_camera_msgs/include/realsense2_camera_msgs/realsense2_camera_msgs/msg
[14.439s] -- Up-to-date: /home/orin/Prototype_Military/install/realsense2_camera_msgs/include/realsense2_camera_msgs/realsense2_camera_msgs/msg/detail
[14.440s] -- Installing: /home/orin/Prototype_Military/install/realsense2_camera_msgs/include/realsense2_camera_msgs/realsense2_camera_msgs/msg/detail/imu_info__type_support.cpp
[14.440s] -- Installing: /home/orin/Prototype_Military/install/realsense2_camera_msgs/include/realsense2_camera_msgs/realsense2_camera_msgs/msg/detail/imu_info__rosidl_typesupport_introspection_cpp.hpp
[14.440s] -- Installing: /home/orin/Prototype_Military/install/realsense2_camera_msgs/include/realsense2_camera_msgs/realsense2_camera_msgs/msg/detail/metadata__type_support.cpp
[14.440s] -- Installing: /home/orin/Prototype_Military/install/realsense2_camera_msgs/include/realsense2_camera_msgs/realsense2_camera_msgs/msg/detail/rgbd__rosidl_typesupport_introspection_cpp.hpp
[14.440s] -- Installing: /home/orin/Prototype_Military/install/realsense2_camera_msgs/include/realsense2_camera_msgs/realsense2_camera_msgs/msg/detail/rgbd__type_support.cpp
[14.440s] -- Installing: /home/orin/Prototype_Military/install/realsense2_camera_msgs/include/realsense2_camera_msgs/realsense2_camera_msgs/msg/detail/extrinsics__type_support.cpp
[14.441s] -- Installing: /home/orin/Prototype_Military/install/realsense2_camera_msgs/include/realsense2_camera_msgs/realsense2_camera_msgs/msg/detail/metadata__rosidl_typesupport_introspection_cpp.hpp
[14.441s] -- Installing: /home/orin/Prototype_Military/install/realsense2_camera_msgs/include/realsense2_camera_msgs/realsense2_camera_msgs/msg/detail/extrinsics__rosidl_typesupport_introspection_cpp.hpp
[14.441s] -- Up-to-date: /home/orin/Prototype_Military/install/realsense2_camera_msgs/include/realsense2_camera_msgs/realsense2_camera_msgs/srv
[14.441s] -- Up-to-date: /home/orin/Prototype_Military/install/realsense2_camera_msgs/include/realsense2_camera_msgs/realsense2_camera_msgs/srv/detail
[14.441s] -- Installing: /home/orin/Prototype_Military/install/realsense2_camera_msgs/include/realsense2_camera_msgs/realsense2_camera_msgs/srv/detail/device_info__type_support.cpp
[14.441s] -- Installing: /home/orin/Prototype_Military/install/realsense2_camera_msgs/include/realsense2_camera_msgs/realsense2_camera_msgs/srv/detail/device_info__rosidl_typesupport_introspection_cpp.hpp
[14.442s] -- Installing: /home/orin/Prototype_Military/install/realsense2_camera_msgs/lib/librealsense2_camera_msgs__rosidl_typesupport_introspection_cpp.so
[14.442s] -- Set runtime path of "/home/orin/Prototype_Military/install/realsense2_camera_msgs/lib/librealsense2_camera_msgs__rosidl_typesupport_introspection_cpp.so" to ""
[14.442s] -- Installing: /home/orin/Prototype_Military/install/realsense2_camera_msgs/lib/librealsense2_camera_msgs__rosidl_typesupport_cpp.so
[14.443s] -- Set runtime path of "/home/orin/Prototype_Military/install/realsense2_camera_msgs/lib/librealsense2_camera_msgs__rosidl_typesupport_cpp.so" to ""
[14.443s] -- Installing: /home/orin/Prototype_Military/install/realsense2_camera_msgs/share/realsense2_camera_msgs/environment/pythonpath.sh
[14.443s] -- Installing: /home/orin/Prototype_Military/install/realsense2_camera_msgs/share/realsense2_camera_msgs/environment/pythonpath.dsv
[14.444s] -- Installing: /home/orin/Prototype_Military/install/realsense2_camera_msgs/local/lib/python3.10/dist-packages/realsense2_camera_msgs-4.55.1-py3.10.egg-info
[14.444s] -- Installing: /home/orin/Prototype_Military/install/realsense2_camera_msgs/local/lib/python3.10/dist-packages/realsense2_camera_msgs-4.55.1-py3.10.egg-info/top_level.txt
[14.444s] -- Installing: /home/orin/Prototype_Military/install/realsense2_camera_msgs/local/lib/python3.10/dist-packages/realsense2_camera_msgs-4.55.1-py3.10.egg-info/dependency_links.txt
[14.444s] -- Installing: /home/orin/Prototype_Military/install/realsense2_camera_msgs/local/lib/python3.10/dist-packages/realsense2_camera_msgs-4.55.1-py3.10.egg-info/PKG-INFO
[14.445s] -- Installing: /home/orin/Prototype_Military/install/realsense2_camera_msgs/local/lib/python3.10/dist-packages/realsense2_camera_msgs-4.55.1-py3.10.egg-info/SOURCES.txt
[14.445s] -- Installing: /home/orin/Prototype_Military/install/realsense2_camera_msgs/local/lib/python3.10/dist-packages/realsense2_camera_msgs
[14.445s] -- Installing: /home/orin/Prototype_Military/install/realsense2_camera_msgs/local/lib/python3.10/dist-packages/realsense2_camera_msgs/_realsense2_camera_msgs_s.ep.rosidl_typesupport_introspection_c.c
[14.445s] -- Installing: /home/orin/Prototype_Military/install/realsense2_camera_msgs/local/lib/python3.10/dist-packages/realsense2_camera_msgs/msg
[14.445s] -- Installing: /home/orin/Prototype_Military/install/realsense2_camera_msgs/local/lib/python3.10/dist-packages/realsense2_camera_msgs/msg/_rgbd.py
[14.446s] -- Installing: /home/orin/Prototype_Military/install/realsense2_camera_msgs/local/lib/python3.10/dist-packages/realsense2_camera_msgs/msg/_metadata.py
[14.446s] -- Installing: /home/orin/Prototype_Military/install/realsense2_camera_msgs/local/lib/python3.10/dist-packages/realsense2_camera_msgs/msg/_imu_info_s.c
[14.446s] -- Installing: /home/orin/Prototype_Military/install/realsense2_camera_msgs/local/lib/python3.10/dist-packages/realsense2_camera_msgs/msg/_extrinsics_s.c
[14.446s] -- Installing: /home/orin/Prototype_Military/install/realsense2_camera_msgs/local/lib/python3.10/dist-packages/realsense2_camera_msgs/msg/_metadata_s.c
[14.446s] -- Installing: /home/orin/Prototype_Military/install/realsense2_camera_msgs/local/lib/python3.10/dist-packages/realsense2_camera_msgs/msg/__init__.py
[14.447s] -- Installing: /home/orin/Prototype_Military/install/realsense2_camera_msgs/local/lib/python3.10/dist-packages/realsense2_camera_msgs/msg/_extrinsics.py
[14.447s] -- Installing: /home/orin/Prototype_Military/install/realsense2_camera_msgs/local/lib/python3.10/dist-packages/realsense2_camera_msgs/msg/_imu_info.py
[14.447s] -- Installing: /home/orin/Prototype_Military/install/realsense2_camera_msgs/local/lib/python3.10/dist-packages/realsense2_camera_msgs/msg/_rgbd_s.c
[14.447s] -- Installing: /home/orin/Prototype_Military/install/realsense2_camera_msgs/local/lib/python3.10/dist-packages/realsense2_camera_msgs/srv
[14.447s] -- Installing: /home/orin/Prototype_Military/install/realsense2_camera_msgs/local/lib/python3.10/dist-packages/realsense2_camera_msgs/srv/_device_info_s.c
[14.448s] -- Installing: /home/orin/Prototype_Military/install/realsense2_camera_msgs/local/lib/python3.10/dist-packages/realsense2_camera_msgs/srv/__init__.py
[14.448s] -- Installing: /home/orin/Prototype_Military/install/realsense2_camera_msgs/local/lib/python3.10/dist-packages/realsense2_camera_msgs/srv/_device_info.py
[14.448s] -- Installing: /home/orin/Prototype_Military/install/realsense2_camera_msgs/local/lib/python3.10/dist-packages/realsense2_camera_msgs/__init__.py
[14.448s] -- Installing: /home/orin/Prototype_Military/install/realsense2_camera_msgs/local/lib/python3.10/dist-packages/realsense2_camera_msgs/realsense2_camera_msgs_s__rosidl_typesupport_fastrtps_c.cpython-310-aarch64-linux-gnu.so
[14.449s] -- Installing: /home/orin/Prototype_Military/install/realsense2_camera_msgs/local/lib/python3.10/dist-packages/realsense2_camera_msgs/realsense2_camera_msgs_s__rosidl_typesupport_c.cpython-310-aarch64-linux-gnu.so
[14.449s] -- Installing: /home/orin/Prototype_Military/install/realsense2_camera_msgs/local/lib/python3.10/dist-packages/realsense2_camera_msgs/librealsense2_camera_msgs__rosidl_generator_py.so
[14.449s] -- Installing: /home/orin/Prototype_Military/install/realsense2_camera_msgs/local/lib/python3.10/dist-packages/realsense2_camera_msgs/realsense2_camera_msgs_s__rosidl_typesupport_introspection_c.cpython-310-aarch64-linux-gnu.so
[14.449s] -- Installing: /home/orin/Prototype_Military/install/realsense2_camera_msgs/local/lib/python3.10/dist-packages/realsense2_camera_msgs/_realsense2_camera_msgs_s.ep.rosidl_typesupport_fastrtps_c.c
[14.450s] -- Installing: /home/orin/Prototype_Military/install/realsense2_camera_msgs/local/lib/python3.10/dist-packages/realsense2_camera_msgs/_realsense2_camera_msgs_s.ep.rosidl_typesupport_c.c
[14.526s] Listing '/home/orin/Prototype_Military/install/realsense2_camera_msgs/local/lib/python3.10/dist-packages/realsense2_camera_msgs'...
[14.527s] Compiling '/home/orin/Prototype_Military/install/realsense2_camera_msgs/local/lib/python3.10/dist-packages/realsense2_camera_msgs/__init__.py'...
[14.527s] Listing '/home/orin/Prototype_Military/install/realsense2_camera_msgs/local/lib/python3.10/dist-packages/realsense2_camera_msgs/msg'...
[14.527s] Compiling '/home/orin/Prototype_Military/install/realsense2_camera_msgs/local/lib/python3.10/dist-packages/realsense2_camera_msgs/msg/__init__.py'...
[14.527s] Compiling '/home/orin/Prototype_Military/install/realsense2_camera_msgs/local/lib/python3.10/dist-packages/realsense2_camera_msgs/msg/_extrinsics.py'...
[14.527s] Compiling '/home/orin/Prototype_Military/install/realsense2_camera_msgs/local/lib/python3.10/dist-packages/realsense2_camera_msgs/msg/_imu_info.py'...
[14.527s] Compiling '/home/orin/Prototype_Military/install/realsense2_camera_msgs/local/lib/python3.10/dist-packages/realsense2_camera_msgs/msg/_metadata.py'...
[14.528s] Compiling '/home/orin/Prototype_Military/install/realsense2_camera_msgs/local/lib/python3.10/dist-packages/realsense2_camera_msgs/msg/_rgbd.py'...
[14.528s] Listing '/home/orin/Prototype_Military/install/realsense2_camera_msgs/local/lib/python3.10/dist-packages/realsense2_camera_msgs/srv'...
[14.528s] Compiling '/home/orin/Prototype_Military/install/realsense2_camera_msgs/local/lib/python3.10/dist-packages/realsense2_camera_msgs/srv/__init__.py'...
[14.528s] Compiling '/home/orin/Prototype_Military/install/realsense2_camera_msgs/local/lib/python3.10/dist-packages/realsense2_camera_msgs/srv/_device_info.py'...
[14.538s] -- Installing: /home/orin/Prototype_Military/install/realsense2_camera_msgs/local/lib/python3.10/dist-packages/realsense2_camera_msgs/realsense2_camera_msgs_s__rosidl_typesupport_fastrtps_c.cpython-310-aarch64-linux-gnu.so
[14.538s] -- Set runtime path of "/home/orin/Prototype_Military/install/realsense2_camera_msgs/local/lib/python3.10/dist-packages/realsense2_camera_msgs/realsense2_camera_msgs_s__rosidl_typesupport_fastrtps_c.cpython-310-aarch64-linux-gnu.so" to ""
[14.539s] -- Installing: /home/orin/Prototype_Military/install/realsense2_camera_msgs/local/lib/python3.10/dist-packages/realsense2_camera_msgs/realsense2_camera_msgs_s__rosidl_typesupport_introspection_c.cpython-310-aarch64-linux-gnu.so
[14.539s] -- Set runtime path of "/home/orin/Prototype_Military/install/realsense2_camera_msgs/local/lib/python3.10/dist-packages/realsense2_camera_msgs/realsense2_camera_msgs_s__rosidl_typesupport_introspection_c.cpython-310-aarch64-linux-gnu.so" to ""
[14.540s] -- Installing: /home/orin/Prototype_Military/install/realsense2_camera_msgs/local/lib/python3.10/dist-packages/realsense2_camera_msgs/realsense2_camera_msgs_s__rosidl_typesupport_c.cpython-310-aarch64-linux-gnu.so
[14.540s] -- Set runtime path of "/home/orin/Prototype_Military/install/realsense2_camera_msgs/local/lib/python3.10/dist-packages/realsense2_camera_msgs/realsense2_camera_msgs_s__rosidl_typesupport_c.cpython-310-aarch64-linux-gnu.so" to ""
[14.541s] -- Installing: /home/orin/Prototype_Military/install/realsense2_camera_msgs/lib/librealsense2_camera_msgs__rosidl_generator_py.so
[14.541s] -- Set runtime path of "/home/orin/Prototype_Military/install/realsense2_camera_msgs/lib/librealsense2_camera_msgs__rosidl_generator_py.so" to ""
[14.541s] -- Installing: /home/orin/Prototype_Military/install/realsense2_camera_msgs/share/realsense2_camera_msgs/msg/IMUInfo.idl
[14.542s] -- Installing: /home/orin/Prototype_Military/install/realsense2_camera_msgs/share/realsense2_camera_msgs/msg/Extrinsics.idl
[14.542s] -- Installing: /home/orin/Prototype_Military/install/realsense2_camera_msgs/share/realsense2_camera_msgs/msg/Metadata.idl
[14.542s] -- Installing: /home/orin/Prototype_Military/install/realsense2_camera_msgs/share/realsense2_camera_msgs/msg/RGBD.idl
[14.542s] -- Installing: /home/orin/Prototype_Military/install/realsense2_camera_msgs/share/realsense2_camera_msgs/srv/DeviceInfo.idl
[14.543s] -- Installing: /home/orin/Prototype_Military/install/realsense2_camera_msgs/share/realsense2_camera_msgs/msg/IMUInfo.msg
[14.543s] -- Installing: /home/orin/Prototype_Military/install/realsense2_camera_msgs/share/realsense2_camera_msgs/msg/Extrinsics.msg
[14.543s] -- Installing: /home/orin/Prototype_Military/install/realsense2_camera_msgs/share/realsense2_camera_msgs/msg/Metadata.msg
[14.543s] -- Installing: /home/orin/Prototype_Military/install/realsense2_camera_msgs/share/realsense2_camera_msgs/msg/RGBD.msg
[14.544s] -- Installing: /home/orin/Prototype_Military/install/realsense2_camera_msgs/share/realsense2_camera_msgs/srv/DeviceInfo.srv
[14.544s] -- Installing: /home/orin/Prototype_Military/install/realsense2_camera_msgs/share/realsense2_camera_msgs/srv/DeviceInfo_Request.msg
[14.544s] -- Installing: /home/orin/Prototype_Military/install/realsense2_camera_msgs/share/realsense2_camera_msgs/srv/DeviceInfo_Response.msg
[14.545s] -- Installing: /home/orin/Prototype_Military/install/realsense2_camera_msgs/share/ament_index/resource_index/package_run_dependencies/realsense2_camera_msgs
[14.545s] -- Installing: /home/orin/Prototype_Military/install/realsense2_camera_msgs/share/ament_index/resource_index/parent_prefix_path/realsense2_camera_msgs
[14.545s] -- Installing: /home/orin/Prototype_Military/install/realsense2_camera_msgs/share/realsense2_camera_msgs/environment/ament_prefix_path.sh
[14.545s] -- Installing: /home/orin/Prototype_Military/install/realsense2_camera_msgs/share/realsense2_camera_msgs/environment/ament_prefix_path.dsv
[14.546s] -- Installing: /home/orin/Prototype_Military/install/realsense2_camera_msgs/share/realsense2_camera_msgs/environment/path.sh
[14.546s] -- Installing: /home/orin/Prototype_Military/install/realsense2_camera_msgs/share/realsense2_camera_msgs/environment/path.dsv
[14.546s] -- Installing: /home/orin/Prototype_Military/install/realsense2_camera_msgs/share/realsense2_camera_msgs/local_setup.bash
[14.546s] -- Installing: /home/orin/Prototype_Military/install/realsense2_camera_msgs/share/realsense2_camera_msgs/local_setup.sh
[14.547s] -- Installing: /home/orin/Prototype_Military/install/realsense2_camera_msgs/share/realsense2_camera_msgs/local_setup.zsh
[14.547s] -- Installing: /home/orin/Prototype_Military/install/realsense2_camera_msgs/share/realsense2_camera_msgs/local_setup.dsv
[14.547s] -- Installing: /home/orin/Prototype_Military/install/realsense2_camera_msgs/share/realsense2_camera_msgs/package.dsv
[14.548s] -- Installing: /home/orin/Prototype_Military/install/realsense2_camera_msgs/share/ament_index/resource_index/packages/realsense2_camera_msgs
[14.548s] -- Installing: /home/orin/Prototype_Military/install/realsense2_camera_msgs/share/realsense2_camera_msgs/cmake/export_realsense2_camera_msgs__rosidl_generator_cExport.cmake
[14.548s] -- Installing: /home/orin/Prototype_Military/install/realsense2_camera_msgs/share/realsense2_camera_msgs/cmake/export_realsense2_camera_msgs__rosidl_generator_cExport-noconfig.cmake
[14.548s] -- Installing: /home/orin/Prototype_Military/install/realsense2_camera_msgs/share/realsense2_camera_msgs/cmake/export_realsense2_camera_msgs__rosidl_typesupport_fastrtps_cExport.cmake
[14.549s] -- Installing: /home/orin/Prototype_Military/install/realsense2_camera_msgs/share/realsense2_camera_msgs/cmake/export_realsense2_camera_msgs__rosidl_typesupport_fastrtps_cExport-noconfig.cmake
[14.549s] -- Installing: /home/orin/Prototype_Military/install/realsense2_camera_msgs/share/realsense2_camera_msgs/cmake/realsense2_camera_msgs__rosidl_typesupport_introspection_cExport.cmake
[14.549s] -- Installing: /home/orin/Prototype_Military/install/realsense2_camera_msgs/share/realsense2_camera_msgs/cmake/realsense2_camera_msgs__rosidl_typesupport_introspection_cExport-noconfig.cmake
[14.550s] -- Installing: /home/orin/Prototype_Military/install/realsense2_camera_msgs/share/realsense2_camera_msgs/cmake/realsense2_camera_msgs__rosidl_typesupport_cExport.cmake
[14.550s] -- Installing: /home/orin/Prototype_Military/install/realsense2_camera_msgs/share/realsense2_camera_msgs/cmake/realsense2_camera_msgs__rosidl_typesupport_cExport-noconfig.cmake
[14.550s] -- Installing: /home/orin/Prototype_Military/install/realsense2_camera_msgs/share/realsense2_camera_msgs/cmake/export_realsense2_camera_msgs__rosidl_generator_cppExport.cmake
[14.550s] -- Installing: /home/orin/Prototype_Military/install/realsense2_camera_msgs/share/realsense2_camera_msgs/cmake/export_realsense2_camera_msgs__rosidl_typesupport_fastrtps_cppExport.cmake
[14.551s] -- Installing: /home/orin/Prototype_Military/install/realsense2_camera_msgs/share/realsense2_camera_msgs/cmake/export_realsense2_camera_msgs__rosidl_typesupport_fastrtps_cppExport-noconfig.cmake
[14.551s] -- Installing: /home/orin/Prototype_Military/install/realsense2_camera_msgs/share/realsense2_camera_msgs/cmake/realsense2_camera_msgs__rosidl_typesupport_introspection_cppExport.cmake
[14.551s] -- Installing: /home/orin/Prototype_Military/install/realsense2_camera_msgs/share/realsense2_camera_msgs/cmake/realsense2_camera_msgs__rosidl_typesupport_introspection_cppExport-noconfig.cmake
[14.552s] -- Installing: /home/orin/Prototype_Military/install/realsense2_camera_msgs/share/realsense2_camera_msgs/cmake/realsense2_camera_msgs__rosidl_typesupport_cppExport.cmake
[14.552s] -- Installing: /home/orin/Prototype_Military/install/realsense2_camera_msgs/share/realsense2_camera_msgs/cmake/realsense2_camera_msgs__rosidl_typesupport_cppExport-noconfig.cmake
[14.552s] -- Installing: /home/orin/Prototype_Military/install/realsense2_camera_msgs/share/realsense2_camera_msgs/cmake/export_realsense2_camera_msgs__rosidl_generator_pyExport.cmake
[14.552s] -- Installing: /home/orin/Prototype_Military/install/realsense2_camera_msgs/share/realsense2_camera_msgs/cmake/export_realsense2_camera_msgs__rosidl_generator_pyExport-noconfig.cmake
[14.553s] -- Installing: /home/orin/Prototype_Military/install/realsense2_camera_msgs/share/realsense2_camera_msgs/cmake/rosidl_cmake-extras.cmake
[14.553s] -- Installing: /home/orin/Prototype_Military/install/realsense2_camera_msgs/share/realsense2_camera_msgs/cmake/ament_cmake_export_dependencies-extras.cmake
[14.553s] -- Installing: /home/orin/Prototype_Military/install/realsense2_camera_msgs/share/realsense2_camera_msgs/cmake/ament_cmake_export_include_directories-extras.cmake
[14.553s] -- Installing: /home/orin/Prototype_Military/install/realsense2_camera_msgs/share/realsense2_camera_msgs/cmake/ament_cmake_export_libraries-extras.cmake
[14.554s] -- Installing: /home/orin/Prototype_Military/install/realsense2_camera_msgs/share/realsense2_camera_msgs/cmake/ament_cmake_export_targets-extras.cmake
[14.554s] -- Installing: /home/orin/Prototype_Military/install/realsense2_camera_msgs/share/realsense2_camera_msgs/cmake/rosidl_cmake_export_typesupport_targets-extras.cmake
[14.554s] -- Installing: /home/orin/Prototype_Military/install/realsense2_camera_msgs/share/realsense2_camera_msgs/cmake/rosidl_cmake_export_typesupport_libraries-extras.cmake
[14.555s] -- Installing: /home/orin/Prototype_Military/install/realsense2_camera_msgs/share/realsense2_camera_msgs/cmake/realsense2_camera_msgsConfig.cmake
[14.555s] -- Installing: /home/orin/Prototype_Military/install/realsense2_camera_msgs/share/realsense2_camera_msgs/cmake/realsense2_camera_msgsConfig-version.cmake
[14.555s] -- Installing: /home/orin/Prototype_Military/install/realsense2_camera_msgs/share/realsense2_camera_msgs/package.xml
[14.561s] Invoked command in '/home/orin/Prototype_Military/build/realsense2_camera_msgs' returned '0': CMAKE_PREFIX_PATH=/opt/ros/humble /usr/bin/cmake --install /home/orin/Prototype_Military/build/realsense2_camera_msgs
