[0.018s] Invoking command in '/home/hansol/project/build/limo_description': CMAKE_PREFIX_PATH=${CMAKE_PREFIX_PATH}:/home/hansol/project/install/prototype_move:/home/hansol/project/install/limo_ros2_application:/opt/ros/humble /usr/bin/cmake --build /home/hansol/project/build/limo_description -- -j12 -l12
[0.419s] Invoked command in '/home/hansol/project/build/limo_description' returned '0': CMAKE_PREFIX_PATH=${CMAKE_PREFIX_PATH}:/home/hansol/project/install/prototype_move:/home/hansol/project/install/limo_ros2_application:/opt/ros/humble /usr/bin/cmake --build /home/hansol/project/build/limo_description -- -j12 -l12
[0.447s] Invoking command in '/home/hansol/project/build/limo_description': CMAKE_PREFIX_PATH=${CMAKE_PREFIX_PATH}:/home/hansol/project/install/prototype_move:/home/hansol/project/install/limo_ros2_application:/opt/ros/humble /usr/bin/cmake --install /home/hansol/project/build/limo_description
[0.456s] -- Install configuration: ""
[0.456s] -- Execute custom install script
[0.457s] -- Up-to-date symlink: /home/hansol/project/install/limo_description/share/limo_description/launch/display_models_diff.launch.py
[0.457s] -- Up-to-date symlink: /home/hansol/project/install/limo_description/share/limo_description/launch/display_models_diff.launch.py:Zone.Identifier
[0.457s] -- Up-to-date symlink: /home/hansol/project/install/limo_description/share/limo_description/launch/gazebo_models_diff.launch.py
[0.457s] -- Up-to-date symlink: /home/hansol/project/install/limo_description/share/limo_description/launch/gazebo_models_diff.launch.py:Zone.Identifier
[0.458s] -- Up-to-date symlink: /home/hansol/project/install/limo_description/share/limo_description/meshes/limo_base.dae
[0.458s] -- Up-to-date symlink: /home/hansol/project/install/limo_description/share/limo_description/meshes/limo_base.dae:Zone.Identifier
[0.458s] -- Up-to-date symlink: /home/hansol/project/install/limo_description/share/limo_description/meshes/limo_base.stl
[0.458s] -- Up-to-date symlink: /home/hansol/project/install/limo_description/share/limo_description/meshes/limo_base.stl:Zone.Identifier
[0.458s] -- Up-to-date symlink: /home/hansol/project/install/limo_description/share/limo_description/meshes/limo_wheel.dae
[0.459s] -- Up-to-date symlink: /home/hansol/project/install/limo_description/share/limo_description/meshes/limo_wheel.dae:Zone.Identifier
[0.459s] -- Up-to-date symlink: /home/hansol/project/install/limo_description/share/limo_description/meshes/limo_wheel.stl
[0.459s] -- Up-to-date symlink: /home/hansol/project/install/limo_description/share/limo_description/meshes/limo_wheel.stl:Zone.Identifier
[0.459s] -- Up-to-date symlink: /home/hansol/project/install/limo_description/share/limo_description/rviz/model_display.rviz
[0.459s] -- Up-to-date symlink: /home/hansol/project/install/limo_description/share/limo_description/rviz/model_display.rviz:Zone.Identifier
[0.460s] -- Up-to-date symlink: /home/hansol/project/install/limo_description/share/limo_description/rviz/urdf.rviz
[0.460s] -- Up-to-date symlink: /home/hansol/project/install/limo_description/share/limo_description/rviz/urdf.rviz:Zone.Identifier
[0.460s] -- Up-to-date symlink: /home/hansol/project/install/limo_description/share/limo_description/urdf/limo_ackerman.gazebo
[0.461s] -- Up-to-date symlink: /home/hansol/project/install/limo_description/share/limo_description/urdf/limo_ackerman.gazebo:Zone.Identifier
[0.462s] -- Up-to-date symlink: /home/hansol/project/install/limo_description/share/limo_description/urdf/limo_ackerman.xacro
[0.462s] -- Up-to-date symlink: /home/hansol/project/install/limo_description/share/limo_description/urdf/limo_ackerman.xacro:Zone.Identifier
[0.462s] -- Up-to-date symlink: /home/hansol/project/install/limo_description/share/limo_description/urdf/limo_four_diff.gazebo
[0.462s] -- Up-to-date symlink: /home/hansol/project/install/limo_description/share/limo_description/urdf/limo_four_diff.gazebo:Zone.Identifier
[0.462s] -- Up-to-date symlink: /home/hansol/project/install/limo_description/share/limo_description/urdf/limo_four_diff.xacro
[0.463s] -- Up-to-date symlink: /home/hansol/project/install/limo_description/share/limo_description/urdf/limo_four_diff.xacro:Zone.Identifier
[0.463s] -- Up-to-date symlink: /home/hansol/project/install/limo_description/share/limo_description/urdf/limo_four_diff_2.gazebo
[0.463s] -- Up-to-date symlink: /home/hansol/project/install/limo_description/share/limo_description/urdf/limo_four_diff_2.gazebo:Zone.Identifier
[0.463s] -- Up-to-date symlink: /home/hansol/project/install/limo_description/share/limo_description/urdf/limo_gazebo.gazebo
[0.463s] -- Up-to-date symlink: /home/hansol/project/install/limo_description/share/limo_description/urdf/limo_gazebo.gazebo:Zone.Identifier
[0.463s] -- Up-to-date symlink: /home/hansol/project/install/limo_description/share/limo_description/urdf/limo_steering_hinge.xacro
[0.463s] -- Up-to-date symlink: /home/hansol/project/install/limo_description/share/limo_description/urdf/limo_steering_hinge.xacro:Zone.Identifier
[0.464s] -- Up-to-date symlink: /home/hansol/project/install/limo_description/share/limo_description/urdf/limo_xacro.xacro
[0.464s] -- Up-to-date symlink: /home/hansol/project/install/limo_description/share/limo_description/urdf/limo_xacro.xacro:Zone.Identifier
[0.464s] -- Up-to-date symlink: /home/hansol/project/install/limo_description/share/ament_index/resource_index/package_run_dependencies/limo_description
[0.465s] -- Up-to-date symlink: /home/hansol/project/install/limo_description/share/ament_index/resource_index/parent_prefix_path/limo_description
[0.465s] -- Up-to-date symlink: /home/hansol/project/install/limo_description/share/limo_description/environment/ament_prefix_path.sh
[0.465s] -- Up-to-date symlink: /home/hansol/project/install/limo_description/share/limo_description/environment/ament_prefix_path.dsv
[0.465s] -- Up-to-date symlink: /home/hansol/project/install/limo_description/share/limo_description/environment/path.sh
[0.465s] -- Up-to-date symlink: /home/hansol/project/install/limo_description/share/limo_description/environment/path.dsv
[0.465s] -- Up-to-date symlink: /home/hansol/project/install/limo_description/share/limo_description/local_setup.bash
[0.465s] -- Up-to-date symlink: /home/hansol/project/install/limo_description/share/limo_description/local_setup.sh
[0.465s] -- Up-to-date symlink: /home/hansol/project/install/limo_description/share/limo_description/local_setup.zsh
[0.465s] -- Up-to-date symlink: /home/hansol/project/install/limo_description/share/limo_description/local_setup.dsv
[0.465s] -- Symlinking: /home/hansol/project/install/limo_description/share/limo_description/package.dsv
[0.476s] -- Up-to-date symlink: /home/hansol/project/install/limo_description/share/ament_index/resource_index/packages/limo_description
[0.476s] -- Up-to-date symlink: /home/hansol/project/install/limo_description/share/limo_description/cmake/limo_descriptionConfig.cmake
[0.476s] -- Up-to-date symlink: /home/hansol/project/install/limo_description/share/limo_description/cmake/limo_descriptionConfig-version.cmake
[0.476s] -- Up-to-date symlink: /home/hansol/project/install/limo_description/share/limo_description/package.xml
[0.484s] Invoked command in '/home/hansol/project/build/limo_description' returned '0': CMAKE_PREFIX_PATH=${CMAKE_PREFIX_PATH}:/home/hansol/project/install/prototype_move:/home/hansol/project/install/limo_ros2_application:/opt/ros/humble /usr/bin/cmake --install /home/hansol/project/build/limo_description
