[0.085s] DEBUG:colcon:Command line arguments: ['/usr/bin/colcon', 'build', '--symlink-install']
[0.085s] DEBUG:colcon:Parsed command line arguments: Namespace(log_base=None, log_level=None, verb_name='build', build_base='build', install_base='install', merge_install=False, symlink_install=True, test_result_base=None, continue_on_error=False, executor='parallel', parallel_workers=12, event_handlers=None, ignore_user_meta=False, metas=['./colcon.meta'], base_paths=['.'], packages_ignore=None, packages_ignore_regex=None, paths=None, packages_up_to=None, packages_up_to_regex=None, packages_above=None, packages_above_and_dependencies=None, packages_above_depth=None, packages_select_by_dep=None, packages_skip_by_dep=None, packages_skip_up_to=None, packages_select_build_failed=False, packages_skip_build_finished=False, packages_select_test_failures=False, packages_skip_test_passed=False, packages_select=None, packages_skip=None, packages_select_regex=None, packages_skip_regex=None, packages_start=None, packages_end=None, allow_overriding=[], cmake_args=None, cmake_target=None, cmake_target_skip_unavailable=False, cmake_clean_cache=False, cmake_clean_first=False, cmake_force_configure=False, ament_cmake_args=None, catkin_cmake_args=None, catkin_skip_building_tests=False, verb_parser=<colcon_defaults.argument_parser.defaults.DefaultArgumentsDecorator object at 0x716a64f29c30>, verb_extension=<colcon_core.verb.build.BuildVerb object at 0x716a64f296f0>, main=<bound method BuildVerb.main of <colcon_core.verb.build.BuildVerb object at 0x716a64f296f0>>)
[0.231s] Level 1:colcon.colcon_core.package_discovery:discover_packages(colcon_meta) check parameters
[0.231s] Level 1:colcon.colcon_core.package_discovery:discover_packages(recursive) check parameters
[0.231s] Level 1:colcon.colcon_core.package_discovery:discover_packages(ignore) check parameters
[0.231s] Level 1:colcon.colcon_core.package_discovery:discover_packages(path) check parameters
[0.231s] Level 1:colcon.colcon_core.package_discovery:discover_packages(colcon_meta) discover
[0.231s] Level 1:colcon.colcon_core.package_discovery:discover_packages(recursive) discover
[0.231s] INFO:colcon.colcon_core.package_discovery:Crawling recursively for packages in '/home/hansol/project'
[0.231s] Level 1:colcon.colcon_core.package_identification:_identify(.) by extensions ['ignore', 'ignore_ament_install']
[0.231s] Level 1:colcon.colcon_core.package_identification:_identify(.) by extension 'ignore'
[0.231s] Level 1:colcon.colcon_core.package_identification:_identify(.) by extension 'ignore_ament_install'
[0.231s] Level 1:colcon.colcon_core.package_identification:_identify(.) by extensions ['colcon_pkg']
[0.231s] Level 1:colcon.colcon_core.package_identification:_identify(.) by extension 'colcon_pkg'
[0.231s] Level 1:colcon.colcon_core.package_identification:_identify(.) by extensions ['colcon_meta']
[0.231s] Level 1:colcon.colcon_core.package_identification:_identify(.) by extension 'colcon_meta'
[0.231s] Level 1:colcon.colcon_core.package_identification:_identify(.) by extensions ['ros']
[0.231s] Level 1:colcon.colcon_core.package_identification:_identify(.) by extension 'ros'
[0.252s] Level 1:colcon.colcon_core.package_identification:_identify(.) by extensions ['cmake', 'python']
[0.252s] Level 1:colcon.colcon_core.package_identification:_identify(.) by extension 'cmake'
[0.252s] Level 1:colcon.colcon_core.package_identification:_identify(.) by extension 'python'
[0.252s] Level 1:colcon.colcon_core.package_identification:_identify(.) by extensions ['python_setup_py']
[0.252s] Level 1:colcon.colcon_core.package_identification:_identify(.) by extension 'python_setup_py'
[0.252s] Level 1:colcon.colcon_core.package_identification:_identify(build) by extensions ['ignore', 'ignore_ament_install']
[0.252s] Level 1:colcon.colcon_core.package_identification:_identify(build) by extension 'ignore'
[0.252s] Level 1:colcon.colcon_core.package_identification:_identify(build) ignored
[0.252s] Level 1:colcon.colcon_core.package_identification:_identify(install) by extensions ['ignore', 'ignore_ament_install']
[0.252s] Level 1:colcon.colcon_core.package_identification:_identify(install) by extension 'ignore'
[0.252s] Level 1:colcon.colcon_core.package_identification:_identify(install) ignored
[0.253s] Level 1:colcon.colcon_core.package_identification:_identify(log) by extensions ['ignore', 'ignore_ament_install']
[0.253s] Level 1:colcon.colcon_core.package_identification:_identify(log) by extension 'ignore'
[0.253s] Level 1:colcon.colcon_core.package_identification:_identify(log) ignored
[0.253s] Level 1:colcon.colcon_core.package_identification:_identify(src) by extensions ['ignore', 'ignore_ament_install']
[0.253s] Level 1:colcon.colcon_core.package_identification:_identify(src) by extension 'ignore'
[0.253s] Level 1:colcon.colcon_core.package_identification:_identify(src) by extension 'ignore_ament_install'
[0.253s] Level 1:colcon.colcon_core.package_identification:_identify(src) by extensions ['colcon_pkg']
[0.253s] Level 1:colcon.colcon_core.package_identification:_identify(src) by extension 'colcon_pkg'
[0.253s] Level 1:colcon.colcon_core.package_identification:_identify(src) by extensions ['colcon_meta']
[0.253s] Level 1:colcon.colcon_core.package_identification:_identify(src) by extension 'colcon_meta'
[0.253s] Level 1:colcon.colcon_core.package_identification:_identify(src) by extensions ['ros']
[0.253s] Level 1:colcon.colcon_core.package_identification:_identify(src) by extension 'ros'
[0.253s] Level 1:colcon.colcon_core.package_identification:_identify(src) by extensions ['cmake', 'python']
[0.253s] Level 1:colcon.colcon_core.package_identification:_identify(src) by extension 'cmake'
[0.253s] Level 1:colcon.colcon_core.package_identification:_identify(src) by extension 'python'
[0.253s] Level 1:colcon.colcon_core.package_identification:_identify(src) by extensions ['python_setup_py']
[0.253s] Level 1:colcon.colcon_core.package_identification:_identify(src) by extension 'python_setup_py'
[0.253s] Level 1:colcon.colcon_core.package_identification:_identify(src/limo_ros2) by extensions ['ignore', 'ignore_ament_install']
[0.253s] Level 1:colcon.colcon_core.package_identification:_identify(src/limo_ros2) by extension 'ignore'
[0.253s] Level 1:colcon.colcon_core.package_identification:_identify(src/limo_ros2) by extension 'ignore_ament_install'
[0.253s] Level 1:colcon.colcon_core.package_identification:_identify(src/limo_ros2) by extensions ['colcon_pkg']
[0.253s] Level 1:colcon.colcon_core.package_identification:_identify(src/limo_ros2) by extension 'colcon_pkg'
[0.253s] Level 1:colcon.colcon_core.package_identification:_identify(src/limo_ros2) by extensions ['colcon_meta']
[0.253s] Level 1:colcon.colcon_core.package_identification:_identify(src/limo_ros2) by extension 'colcon_meta'
[0.253s] Level 1:colcon.colcon_core.package_identification:_identify(src/limo_ros2) by extensions ['ros']
[0.253s] Level 1:colcon.colcon_core.package_identification:_identify(src/limo_ros2) by extension 'ros'
[0.253s] Level 1:colcon.colcon_core.package_identification:_identify(src/limo_ros2) by extensions ['cmake', 'python']
[0.253s] Level 1:colcon.colcon_core.package_identification:_identify(src/limo_ros2) by extension 'cmake'
[0.253s] Level 1:colcon.colcon_core.package_identification:_identify(src/limo_ros2) by extension 'python'
[0.253s] Level 1:colcon.colcon_core.package_identification:_identify(src/limo_ros2) by extensions ['python_setup_py']
[0.253s] Level 1:colcon.colcon_core.package_identification:_identify(src/limo_ros2) by extension 'python_setup_py'
[0.254s] Level 1:colcon.colcon_core.package_identification:_identify(src/limo_ros2/catmux) by extensions ['ignore', 'ignore_ament_install']
[0.254s] Level 1:colcon.colcon_core.package_identification:_identify(src/limo_ros2/catmux) by extension 'ignore'
[0.254s] Level 1:colcon.colcon_core.package_identification:_identify(src/limo_ros2/catmux) by extension 'ignore_ament_install'
[0.254s] Level 1:colcon.colcon_core.package_identification:_identify(src/limo_ros2/catmux) by extensions ['colcon_pkg']
[0.254s] Level 1:colcon.colcon_core.package_identification:_identify(src/limo_ros2/catmux) by extension 'colcon_pkg'
[0.254s] Level 1:colcon.colcon_core.package_identification:_identify(src/limo_ros2/catmux) by extensions ['colcon_meta']
[0.254s] Level 1:colcon.colcon_core.package_identification:_identify(src/limo_ros2/catmux) by extension 'colcon_meta'
[0.254s] Level 1:colcon.colcon_core.package_identification:_identify(src/limo_ros2/catmux) by extensions ['ros']
[0.254s] Level 1:colcon.colcon_core.package_identification:_identify(src/limo_ros2/catmux) by extension 'ros'
[0.254s] Level 1:colcon.colcon_core.package_identification:_identify(src/limo_ros2/catmux) by extensions ['cmake', 'python']
[0.254s] Level 1:colcon.colcon_core.package_identification:_identify(src/limo_ros2/catmux) by extension 'cmake'
[0.254s] Level 1:colcon.colcon_core.package_identification:_identify(src/limo_ros2/catmux) by extension 'python'
[0.254s] Level 1:colcon.colcon_core.package_identification:_identify(src/limo_ros2/catmux) by extensions ['python_setup_py']
[0.254s] Level 1:colcon.colcon_core.package_identification:_identify(src/limo_ros2/catmux) by extension 'python_setup_py'
[0.254s] Level 1:colcon.colcon_core.package_identification:_identify(src/limo_ros2/limo_base) by extensions ['ignore', 'ignore_ament_install']
[0.254s] Level 1:colcon.colcon_core.package_identification:_identify(src/limo_ros2/limo_base) by extension 'ignore'
[0.254s] Level 1:colcon.colcon_core.package_identification:_identify(src/limo_ros2/limo_base) by extension 'ignore_ament_install'
[0.254s] Level 1:colcon.colcon_core.package_identification:_identify(src/limo_ros2/limo_base) by extensions ['colcon_pkg']
[0.254s] Level 1:colcon.colcon_core.package_identification:_identify(src/limo_ros2/limo_base) by extension 'colcon_pkg'
[0.254s] Level 1:colcon.colcon_core.package_identification:_identify(src/limo_ros2/limo_base) by extensions ['colcon_meta']
[0.254s] Level 1:colcon.colcon_core.package_identification:_identify(src/limo_ros2/limo_base) by extension 'colcon_meta'
[0.254s] Level 1:colcon.colcon_core.package_identification:_identify(src/limo_ros2/limo_base) by extensions ['ros']
[0.254s] Level 1:colcon.colcon_core.package_identification:_identify(src/limo_ros2/limo_base) by extension 'ros'
[0.256s] DEBUG:colcon.colcon_core.package_identification:Package 'src/limo_ros2/limo_base' with type 'ros.ament_cmake' and name 'limo_base'
[0.256s] Level 1:colcon.colcon_core.package_identification:_identify(src/limo_ros2/limo_description) by extensions ['ignore', 'ignore_ament_install']
[0.256s] Level 1:colcon.colcon_core.package_identification:_identify(src/limo_ros2/limo_description) by extension 'ignore'
[0.256s] Level 1:colcon.colcon_core.package_identification:_identify(src/limo_ros2/limo_description) by extension 'ignore_ament_install'
[0.256s] Level 1:colcon.colcon_core.package_identification:_identify(src/limo_ros2/limo_description) by extensions ['colcon_pkg']
[0.256s] Level 1:colcon.colcon_core.package_identification:_identify(src/limo_ros2/limo_description) by extension 'colcon_pkg'
[0.256s] Level 1:colcon.colcon_core.package_identification:_identify(src/limo_ros2/limo_description) by extensions ['colcon_meta']
[0.256s] Level 1:colcon.colcon_core.package_identification:_identify(src/limo_ros2/limo_description) by extension 'colcon_meta'
[0.256s] Level 1:colcon.colcon_core.package_identification:_identify(src/limo_ros2/limo_description) by extensions ['ros']
[0.256s] Level 1:colcon.colcon_core.package_identification:_identify(src/limo_ros2/limo_description) by extension 'ros'
[0.257s] DEBUG:colcon.colcon_core.package_identification:Package 'src/limo_ros2/limo_description' with type 'ros.ament_cmake' and name 'limo_description'
[0.257s] Level 1:colcon.colcon_core.package_identification:_identify(src/limo_ros2/limo_msgs) by extensions ['ignore', 'ignore_ament_install']
[0.257s] Level 1:colcon.colcon_core.package_identification:_identify(src/limo_ros2/limo_msgs) by extension 'ignore'
[0.257s] Level 1:colcon.colcon_core.package_identification:_identify(src/limo_ros2/limo_msgs) by extension 'ignore_ament_install'
[0.257s] Level 1:colcon.colcon_core.package_identification:_identify(src/limo_ros2/limo_msgs) by extensions ['colcon_pkg']
[0.257s] Level 1:colcon.colcon_core.package_identification:_identify(src/limo_ros2/limo_msgs) by extension 'colcon_pkg'
[0.257s] Level 1:colcon.colcon_core.package_identification:_identify(src/limo_ros2/limo_msgs) by extensions ['colcon_meta']
[0.257s] Level 1:colcon.colcon_core.package_identification:_identify(src/limo_ros2/limo_msgs) by extension 'colcon_meta'
[0.257s] Level 1:colcon.colcon_core.package_identification:_identify(src/limo_ros2/limo_msgs) by extensions ['ros']
[0.257s] Level 1:colcon.colcon_core.package_identification:_identify(src/limo_ros2/limo_msgs) by extension 'ros'
[0.258s] DEBUG:colcon.colcon_core.package_identification:Package 'src/limo_ros2/limo_msgs' with type 'ros.ament_cmake' and name 'limo_msgs'
[0.258s] Level 1:colcon.colcon_core.package_identification:_identify(src/limo_ros2/limo_ros2_application) by extensions ['ignore', 'ignore_ament_install']
[0.258s] Level 1:colcon.colcon_core.package_identification:_identify(src/limo_ros2/limo_ros2_application) by extension 'ignore'
[0.258s] Level 1:colcon.colcon_core.package_identification:_identify(src/limo_ros2/limo_ros2_application) by extension 'ignore_ament_install'
[0.258s] Level 1:colcon.colcon_core.package_identification:_identify(src/limo_ros2/limo_ros2_application) by extensions ['colcon_pkg']
[0.258s] Level 1:colcon.colcon_core.package_identification:_identify(src/limo_ros2/limo_ros2_application) by extension 'colcon_pkg'
[0.258s] Level 1:colcon.colcon_core.package_identification:_identify(src/limo_ros2/limo_ros2_application) by extensions ['colcon_meta']
[0.258s] Level 1:colcon.colcon_core.package_identification:_identify(src/limo_ros2/limo_ros2_application) by extension 'colcon_meta'
[0.258s] Level 1:colcon.colcon_core.package_identification:_identify(src/limo_ros2/limo_ros2_application) by extensions ['ros']
[0.258s] Level 1:colcon.colcon_core.package_identification:_identify(src/limo_ros2/limo_ros2_application) by extension 'ros'
[0.258s] DEBUG:colcon.colcon_core.package_identification:Package 'src/limo_ros2/limo_ros2_application' with type 'ros.ament_python' and name 'limo_ros2_application'
[0.258s] Level 1:colcon.colcon_core.package_identification:_identify(src/prototype_move) by extensions ['ignore', 'ignore_ament_install']
[0.258s] Level 1:colcon.colcon_core.package_identification:_identify(src/prototype_move) by extension 'ignore'
[0.258s] Level 1:colcon.colcon_core.package_identification:_identify(src/prototype_move) by extension 'ignore_ament_install'
[0.258s] Level 1:colcon.colcon_core.package_identification:_identify(src/prototype_move) by extensions ['colcon_pkg']
[0.258s] Level 1:colcon.colcon_core.package_identification:_identify(src/prototype_move) by extension 'colcon_pkg'
[0.259s] Level 1:colcon.colcon_core.package_identification:_identify(src/prototype_move) by extensions ['colcon_meta']
[0.259s] Level 1:colcon.colcon_core.package_identification:_identify(src/prototype_move) by extension 'colcon_meta'
[0.259s] Level 1:colcon.colcon_core.package_identification:_identify(src/prototype_move) by extensions ['ros']
[0.259s] Level 1:colcon.colcon_core.package_identification:_identify(src/prototype_move) by extension 'ros'
[0.259s] DEBUG:colcon.colcon_core.package_identification:Package 'src/prototype_move' with type 'ros.ament_python' and name 'prototype_move'
[0.259s] Level 1:colcon.colcon_core.package_identification:_identify(src/prototype_msg) by extensions ['ignore', 'ignore_ament_install']
[0.259s] Level 1:colcon.colcon_core.package_identification:_identify(src/prototype_msg) by extension 'ignore'
[0.259s] Level 1:colcon.colcon_core.package_identification:_identify(src/prototype_msg) by extension 'ignore_ament_install'
[0.259s] Level 1:colcon.colcon_core.package_identification:_identify(src/prototype_msg) by extensions ['colcon_pkg']
[0.259s] Level 1:colcon.colcon_core.package_identification:_identify(src/prototype_msg) by extension 'colcon_pkg'
[0.259s] Level 1:colcon.colcon_core.package_identification:_identify(src/prototype_msg) by extensions ['colcon_meta']
[0.259s] Level 1:colcon.colcon_core.package_identification:_identify(src/prototype_msg) by extension 'colcon_meta'
[0.259s] Level 1:colcon.colcon_core.package_identification:_identify(src/prototype_msg) by extensions ['ros']
[0.259s] Level 1:colcon.colcon_core.package_identification:_identify(src/prototype_msg) by extension 'ros'
[0.260s] DEBUG:colcon.colcon_core.package_identification:Package 'src/prototype_msg' with type 'ros.ament_cmake' and name 'prototype_msg'
[0.260s] Level 1:colcon.colcon_core.package_discovery:discover_packages(recursive) using defaults
[0.260s] Level 1:colcon.colcon_core.package_discovery:discover_packages(ignore) discover
[0.260s] Level 1:colcon.colcon_core.package_discovery:discover_packages(ignore) using defaults
[0.260s] Level 1:colcon.colcon_core.package_discovery:discover_packages(path) discover
[0.260s] Level 1:colcon.colcon_core.package_discovery:discover_packages(path) using defaults
[0.275s] Level 1:colcon.colcon_core.package_discovery:discover_packages(prefix_path) check parameters
[0.275s] Level 1:colcon.colcon_core.package_discovery:discover_packages(prefix_path) discover
[0.276s] DEBUG:colcon.colcon_installed_package_information.package_discovery:Found 6 installed packages in /home/hansol/project/install
[0.277s] DEBUG:colcon.colcon_installed_package_information.package_discovery:Found 454 installed packages in /opt/ros/humble
[0.279s] Level 1:colcon.colcon_core.package_discovery:discover_packages(prefix_path) using defaults
[0.309s] Level 5:colcon.colcon_core.verb:set package 'limo_description' build argument 'cmake_args' from command line to 'None'
[0.309s] Level 5:colcon.colcon_core.verb:set package 'limo_description' build argument 'cmake_target' from command line to 'None'
[0.309s] Level 5:colcon.colcon_core.verb:set package 'limo_description' build argument 'cmake_target_skip_unavailable' from command line to 'False'
[0.309s] Level 5:colcon.colcon_core.verb:set package 'limo_description' build argument 'cmake_clean_cache' from command line to 'False'
[0.309s] Level 5:colcon.colcon_core.verb:set package 'limo_description' build argument 'cmake_clean_first' from command line to 'False'
[0.309s] Level 5:colcon.colcon_core.verb:set package 'limo_description' build argument 'cmake_force_configure' from command line to 'False'
[0.309s] Level 5:colcon.colcon_core.verb:set package 'limo_description' build argument 'ament_cmake_args' from command line to 'None'
[0.309s] Level 5:colcon.colcon_core.verb:set package 'limo_description' build argument 'catkin_cmake_args' from command line to 'None'
[0.309s] Level 5:colcon.colcon_core.verb:set package 'limo_description' build argument 'catkin_skip_building_tests' from command line to 'False'
[0.309s] DEBUG:colcon.colcon_core.verb:Building package 'limo_description' with the following arguments: {'ament_cmake_args': None, 'build_base': '/home/hansol/project/build/limo_description', 'catkin_cmake_args': None, 'catkin_skip_building_tests': False, 'cmake_args': None, 'cmake_clean_cache': False, 'cmake_clean_first': False, 'cmake_force_configure': False, 'cmake_target': None, 'cmake_target_skip_unavailable': False, 'install_base': '/home/hansol/project/install/limo_description', 'merge_install': False, 'path': '/home/hansol/project/src/limo_ros2/limo_description', 'symlink_install': True, 'test_result_base': None}
[0.309s] Level 5:colcon.colcon_core.verb:set package 'limo_msgs' build argument 'cmake_args' from command line to 'None'
[0.309s] Level 5:colcon.colcon_core.verb:set package 'limo_msgs' build argument 'cmake_target' from command line to 'None'
[0.310s] Level 5:colcon.colcon_core.verb:set package 'limo_msgs' build argument 'cmake_target_skip_unavailable' from command line to 'False'
[0.310s] Level 5:colcon.colcon_core.verb:set package 'limo_msgs' build argument 'cmake_clean_cache' from command line to 'False'
[0.310s] Level 5:colcon.colcon_core.verb:set package 'limo_msgs' build argument 'cmake_clean_first' from command line to 'False'
[0.310s] Level 5:colcon.colcon_core.verb:set package 'limo_msgs' build argument 'cmake_force_configure' from command line to 'False'
[0.310s] Level 5:colcon.colcon_core.verb:set package 'limo_msgs' build argument 'ament_cmake_args' from command line to 'None'
[0.310s] Level 5:colcon.colcon_core.verb:set package 'limo_msgs' build argument 'catkin_cmake_args' from command line to 'None'
[0.310s] Level 5:colcon.colcon_core.verb:set package 'limo_msgs' build argument 'catkin_skip_building_tests' from command line to 'False'
[0.310s] DEBUG:colcon.colcon_core.verb:Building package 'limo_msgs' with the following arguments: {'ament_cmake_args': None, 'build_base': '/home/hansol/project/build/limo_msgs', 'catkin_cmake_args': None, 'catkin_skip_building_tests': False, 'cmake_args': None, 'cmake_clean_cache': False, 'cmake_clean_first': False, 'cmake_force_configure': False, 'cmake_target': None, 'cmake_target_skip_unavailable': False, 'install_base': '/home/hansol/project/install/limo_msgs', 'merge_install': False, 'path': '/home/hansol/project/src/limo_ros2/limo_msgs', 'symlink_install': True, 'test_result_base': None}
[0.310s] Level 5:colcon.colcon_core.verb:set package 'limo_ros2_application' build argument 'cmake_args' from command line to 'None'
[0.310s] Level 5:colcon.colcon_core.verb:set package 'limo_ros2_application' build argument 'cmake_target' from command line to 'None'
[0.310s] Level 5:colcon.colcon_core.verb:set package 'limo_ros2_application' build argument 'cmake_target_skip_unavailable' from command line to 'False'
[0.310s] Level 5:colcon.colcon_core.verb:set package 'limo_ros2_application' build argument 'cmake_clean_cache' from command line to 'False'
[0.310s] Level 5:colcon.colcon_core.verb:set package 'limo_ros2_application' build argument 'cmake_clean_first' from command line to 'False'
[0.310s] Level 5:colcon.colcon_core.verb:set package 'limo_ros2_application' build argument 'cmake_force_configure' from command line to 'False'
[0.310s] Level 5:colcon.colcon_core.verb:set package 'limo_ros2_application' build argument 'ament_cmake_args' from command line to 'None'
[0.310s] Level 5:colcon.colcon_core.verb:set package 'limo_ros2_application' build argument 'catkin_cmake_args' from command line to 'None'
[0.310s] Level 5:colcon.colcon_core.verb:set package 'limo_ros2_application' build argument 'catkin_skip_building_tests' from command line to 'False'
[0.310s] DEBUG:colcon.colcon_core.verb:Building package 'limo_ros2_application' with the following arguments: {'ament_cmake_args': None, 'build_base': '/home/hansol/project/build/limo_ros2_application', 'catkin_cmake_args': None, 'catkin_skip_building_tests': False, 'cmake_args': None, 'cmake_clean_cache': False, 'cmake_clean_first': False, 'cmake_force_configure': False, 'cmake_target': None, 'cmake_target_skip_unavailable': False, 'install_base': '/home/hansol/project/install/limo_ros2_application', 'merge_install': False, 'path': '/home/hansol/project/src/limo_ros2/limo_ros2_application', 'symlink_install': True, 'test_result_base': None}
[0.310s] Level 5:colcon.colcon_core.verb:set package 'prototype_move' build argument 'cmake_args' from command line to 'None'
[0.310s] Level 5:colcon.colcon_core.verb:set package 'prototype_move' build argument 'cmake_target' from command line to 'None'
[0.310s] Level 5:colcon.colcon_core.verb:set package 'prototype_move' build argument 'cmake_target_skip_unavailable' from command line to 'False'
[0.310s] Level 5:colcon.colcon_core.verb:set package 'prototype_move' build argument 'cmake_clean_cache' from command line to 'False'
[0.310s] Level 5:colcon.colcon_core.verb:set package 'prototype_move' build argument 'cmake_clean_first' from command line to 'False'
[0.310s] Level 5:colcon.colcon_core.verb:set package 'prototype_move' build argument 'cmake_force_configure' from command line to 'False'
[0.310s] Level 5:colcon.colcon_core.verb:set package 'prototype_move' build argument 'ament_cmake_args' from command line to 'None'
[0.310s] Level 5:colcon.colcon_core.verb:set package 'prototype_move' build argument 'catkin_cmake_args' from command line to 'None'
[0.310s] Level 5:colcon.colcon_core.verb:set package 'prototype_move' build argument 'catkin_skip_building_tests' from command line to 'False'
[0.310s] DEBUG:colcon.colcon_core.verb:Building package 'prototype_move' with the following arguments: {'ament_cmake_args': None, 'build_base': '/home/hansol/project/build/prototype_move', 'catkin_cmake_args': None, 'catkin_skip_building_tests': False, 'cmake_args': None, 'cmake_clean_cache': False, 'cmake_clean_first': False, 'cmake_force_configure': False, 'cmake_target': None, 'cmake_target_skip_unavailable': False, 'install_base': '/home/hansol/project/install/prototype_move', 'merge_install': False, 'path': '/home/hansol/project/src/prototype_move', 'symlink_install': True, 'test_result_base': None}
[0.310s] Level 5:colcon.colcon_core.verb:set package 'prototype_msg' build argument 'cmake_args' from command line to 'None'
[0.310s] Level 5:colcon.colcon_core.verb:set package 'prototype_msg' build argument 'cmake_target' from command line to 'None'
[0.310s] Level 5:colcon.colcon_core.verb:set package 'prototype_msg' build argument 'cmake_target_skip_unavailable' from command line to 'False'
[0.310s] Level 5:colcon.colcon_core.verb:set package 'prototype_msg' build argument 'cmake_clean_cache' from command line to 'False'
[0.310s] Level 5:colcon.colcon_core.verb:set package 'prototype_msg' build argument 'cmake_clean_first' from command line to 'False'
[0.310s] Level 5:colcon.colcon_core.verb:set package 'prototype_msg' build argument 'cmake_force_configure' from command line to 'False'
[0.310s] Level 5:colcon.colcon_core.verb:set package 'prototype_msg' build argument 'ament_cmake_args' from command line to 'None'
[0.310s] Level 5:colcon.colcon_core.verb:set package 'prototype_msg' build argument 'catkin_cmake_args' from command line to 'None'
[0.310s] Level 5:colcon.colcon_core.verb:set package 'prototype_msg' build argument 'catkin_skip_building_tests' from command line to 'False'
[0.310s] DEBUG:colcon.colcon_core.verb:Building package 'prototype_msg' with the following arguments: {'ament_cmake_args': None, 'build_base': '/home/hansol/project/build/prototype_msg', 'catkin_cmake_args': None, 'catkin_skip_building_tests': False, 'cmake_args': None, 'cmake_clean_cache': False, 'cmake_clean_first': False, 'cmake_force_configure': False, 'cmake_target': None, 'cmake_target_skip_unavailable': False, 'install_base': '/home/hansol/project/install/prototype_msg', 'merge_install': False, 'path': '/home/hansol/project/src/prototype_msg', 'symlink_install': True, 'test_result_base': None}
[0.311s] Level 5:colcon.colcon_core.verb:set package 'limo_base' build argument 'cmake_args' from command line to 'None'
[0.311s] Level 5:colcon.colcon_core.verb:set package 'limo_base' build argument 'cmake_target' from command line to 'None'
[0.311s] Level 5:colcon.colcon_core.verb:set package 'limo_base' build argument 'cmake_target_skip_unavailable' from command line to 'False'
[0.311s] Level 5:colcon.colcon_core.verb:set package 'limo_base' build argument 'cmake_clean_cache' from command line to 'False'
[0.311s] Level 5:colcon.colcon_core.verb:set package 'limo_base' build argument 'cmake_clean_first' from command line to 'False'
[0.311s] Level 5:colcon.colcon_core.verb:set package 'limo_base' build argument 'cmake_force_configure' from command line to 'False'
[0.311s] Level 5:colcon.colcon_core.verb:set package 'limo_base' build argument 'ament_cmake_args' from command line to 'None'
[0.311s] Level 5:colcon.colcon_core.verb:set package 'limo_base' build argument 'catkin_cmake_args' from command line to 'None'
[0.311s] Level 5:colcon.colcon_core.verb:set package 'limo_base' build argument 'catkin_skip_building_tests' from command line to 'False'
[0.311s] DEBUG:colcon.colcon_core.verb:Building package 'limo_base' with the following arguments: {'ament_cmake_args': None, 'build_base': '/home/hansol/project/build/limo_base', 'catkin_cmake_args': None, 'catkin_skip_building_tests': False, 'cmake_args': None, 'cmake_clean_cache': False, 'cmake_clean_first': False, 'cmake_force_configure': False, 'cmake_target': None, 'cmake_target_skip_unavailable': False, 'install_base': '/home/hansol/project/install/limo_base', 'merge_install': False, 'path': '/home/hansol/project/src/limo_ros2/limo_base', 'symlink_install': True, 'test_result_base': None}
[0.311s] INFO:colcon.colcon_core.executor:Executing jobs using 'parallel' executor
[0.311s] DEBUG:colcon.colcon_parallel_executor.executor.parallel:run_until_complete
[0.312s] INFO:colcon.colcon_ros.task.ament_cmake.build:Building ROS package in '/home/hansol/project/src/limo_ros2/limo_msgs' with build type 'ament_cmake'
[0.312s] INFO:colcon.colcon_cmake.task.cmake.build:Building CMake package in '/home/hansol/project/src/limo_ros2/limo_msgs'
[0.315s] INFO:colcon.colcon_core.plugin_system:Skipping extension 'colcon_core.shell.bat': Not used on non-Windows systems
[0.315s] INFO:colcon.colcon_core.shell:Skip shell extension 'powershell' for command environment: Not usable outside of PowerShell
[0.315s] DEBUG:colcon.colcon_core.shell:Skip shell extension 'dsv' for command environment
[0.318s] INFO:colcon.colcon_ros.task.ament_cmake.build:Building ROS package in '/home/hansol/project/src/limo_ros2/limo_description' with build type 'ament_cmake'
[0.318s] INFO:colcon.colcon_cmake.task.cmake.build:Building CMake package in '/home/hansol/project/src/limo_ros2/limo_description'
[0.319s] INFO:colcon.colcon_core.shell:Skip shell extension 'powershell' for command environment: Not usable outside of PowerShell
[0.319s] DEBUG:colcon.colcon_core.shell:Skip shell extension 'dsv' for command environment
[0.321s] INFO:colcon.colcon_ros.task.ament_python.build:Building ROS package in '/home/hansol/project/src/limo_ros2/limo_ros2_application' with build type 'ament_python'
[0.321s] Level 1:colcon.colcon_core.shell:create_environment_hook('limo_ros2_application', 'ament_prefix_path')
[0.321s] INFO:colcon.colcon_core.shell:Creating environment hook '/home/hansol/project/install/limo_ros2_application/share/limo_ros2_application/hook/ament_prefix_path.ps1'
[0.321s] INFO:colcon.colcon_core.shell:Creating environment descriptor '/home/hansol/project/install/limo_ros2_application/share/limo_ros2_application/hook/ament_prefix_path.dsv'
[0.322s] INFO:colcon.colcon_core.shell:Creating environment hook '/home/hansol/project/install/limo_ros2_application/share/limo_ros2_application/hook/ament_prefix_path.sh'
[0.322s] INFO:colcon.colcon_core.shell:Skip shell extension 'powershell' for command environment: Not usable outside of PowerShell
[0.322s] DEBUG:colcon.colcon_core.shell:Skip shell extension 'dsv' for command environment
[0.324s] INFO:colcon.colcon_ros.task.ament_python.build:Building ROS package in '/home/hansol/project/src/prototype_move' with build type 'ament_python'
[0.324s] Level 1:colcon.colcon_core.shell:create_environment_hook('prototype_move', 'ament_prefix_path')
[0.324s] INFO:colcon.colcon_core.shell:Creating environment hook '/home/hansol/project/install/prototype_move/share/prototype_move/hook/ament_prefix_path.ps1'
[0.324s] INFO:colcon.colcon_core.shell:Creating environment descriptor '/home/hansol/project/install/prototype_move/share/prototype_move/hook/ament_prefix_path.dsv'
[0.324s] INFO:colcon.colcon_core.shell:Creating environment hook '/home/hansol/project/install/prototype_move/share/prototype_move/hook/ament_prefix_path.sh'
[0.325s] INFO:colcon.colcon_core.shell:Skip shell extension 'powershell' for command environment: Not usable outside of PowerShell
[0.325s] DEBUG:colcon.colcon_core.shell:Skip shell extension 'dsv' for command environment
[0.327s] INFO:colcon.colcon_ros.task.ament_cmake.build:Building ROS package in '/home/hansol/project/src/prototype_msg' with build type 'ament_cmake'
[0.327s] INFO:colcon.colcon_cmake.task.cmake.build:Building CMake package in '/home/hansol/project/src/prototype_msg'
[0.327s] INFO:colcon.colcon_core.shell:Skip shell extension 'powershell' for command environment: Not usable outside of PowerShell
[0.327s] DEBUG:colcon.colcon_core.shell:Skip shell extension 'dsv' for command environment
[0.333s] DEBUG:colcon.colcon_core.event_handler.log_command:Invoking command in '/home/hansol/project/build/limo_msgs': CMAKE_PREFIX_PATH=${CMAKE_PREFIX_PATH}:/home/hansol/project/install/prototype_move:/home/hansol/project/install/limo_ros2_application:/opt/ros/humble /usr/bin/cmake --build /home/hansol/project/build/limo_msgs -- -j12 -l12
[0.335s] DEBUG:colcon.colcon_core.event_handler.log_command:Invoking command in '/home/hansol/project/build/limo_description': CMAKE_PREFIX_PATH=${CMAKE_PREFIX_PATH}:/home/hansol/project/install/prototype_move:/home/hansol/project/install/limo_ros2_application:/opt/ros/humble /usr/bin/cmake --build /home/hansol/project/build/limo_description -- -j12 -l12
[0.534s] INFO:colcon.colcon_core.task.python.build:Building Python package in '/home/hansol/project/src/limo_ros2/limo_ros2_application'
[0.534s] INFO:colcon.colcon_core.shell:Skip shell extension 'powershell' for command environment: Not usable outside of PowerShell
[0.534s] DEBUG:colcon.colcon_core.shell:Skip shell extension 'dsv' for command environment
[0.695s] INFO:colcon.colcon_core.task.python.build:Building Python package in '/home/hansol/project/src/prototype_move'
[0.696s] INFO:colcon.colcon_core.shell:Skip shell extension 'powershell' for command environment: Not usable outside of PowerShell
[0.696s] DEBUG:colcon.colcon_core.shell:Skip shell extension 'dsv' for command environment
[0.704s] DEBUG:colcon.colcon_core.event_handler.log_command:Invoking command in '/home/hansol/project/build/prototype_msg': CMAKE_PREFIX_PATH=${CMAKE_PREFIX_PATH}:/home/hansol/project/install/prototype_move:/home/hansol/project/install/limo_ros2_application:/opt/ros/humble /usr/bin/cmake --build /home/hansol/project/build/prototype_msg -- -j12 -l12
[0.704s] DEBUG:colcon.colcon_core.event_handler.log_command:Invoked command in '/home/hansol/project/build/limo_description' returned '0': CMAKE_PREFIX_PATH=${CMAKE_PREFIX_PATH}:/home/hansol/project/install/prototype_move:/home/hansol/project/install/limo_ros2_application:/opt/ros/humble /usr/bin/cmake --build /home/hansol/project/build/limo_description -- -j12 -l12
[0.704s] DEBUG:colcon.colcon_core.event_handler.log_command:Invoked command in '/home/hansol/project/build/limo_msgs' returned '0': CMAKE_PREFIX_PATH=${CMAKE_PREFIX_PATH}:/home/hansol/project/install/prototype_move:/home/hansol/project/install/limo_ros2_application:/opt/ros/humble /usr/bin/cmake --build /home/hansol/project/build/limo_msgs -- -j12 -l12
[0.731s] DEBUG:colcon.colcon_core.event_handler.log_command:Invoking command in '/home/hansol/project/build/limo_description': CMAKE_PREFIX_PATH=${CMAKE_PREFIX_PATH}:/home/hansol/project/install/prototype_move:/home/hansol/project/install/limo_ros2_application:/opt/ros/humble /usr/bin/cmake --install /home/hansol/project/build/limo_description
[0.773s] DEBUG:colcon.colcon_core.event_handler.log_command:Invoking command in '/home/hansol/project/build/limo_msgs': CMAKE_PREFIX_PATH=${CMAKE_PREFIX_PATH}:/home/hansol/project/install/prototype_move:/home/hansol/project/install/limo_ros2_application:/opt/ros/humble /usr/bin/cmake --install /home/hansol/project/build/limo_msgs
[0.780s] Level 1:colcon.colcon_core.environment:create_environment_scripts_only(limo_description)
[0.781s] DEBUG:colcon.colcon_core.event_handler.log_command:Invoked command in '/home/hansol/project/build/limo_description' returned '0': CMAKE_PREFIX_PATH=${CMAKE_PREFIX_PATH}:/home/hansol/project/install/prototype_move:/home/hansol/project/install/limo_ros2_application:/opt/ros/humble /usr/bin/cmake --install /home/hansol/project/build/limo_description
[0.796s] Level 1:colcon.colcon_core.environment:checking '/home/hansol/project/install/limo_description' for CMake module files
[0.799s] Level 1:colcon.colcon_core.environment:checking '/home/hansol/project/install/limo_description' for CMake config files
[0.801s] Level 1:colcon.colcon_core.shell:create_environment_hook('limo_description', 'cmake_prefix_path')
[0.802s] INFO:colcon.colcon_core.shell:Creating environment hook '/home/hansol/project/install/limo_description/share/limo_description/hook/cmake_prefix_path.ps1'
[0.804s] INFO:colcon.colcon_core.shell:Creating environment descriptor '/home/hansol/project/install/limo_description/share/limo_description/hook/cmake_prefix_path.dsv'
[0.805s] INFO:colcon.colcon_core.shell:Creating environment hook '/home/hansol/project/install/limo_description/share/limo_description/hook/cmake_prefix_path.sh'
[0.807s] Level 1:colcon.colcon_core.environment:checking '/home/hansol/project/install/limo_description/bin'
[0.807s] Level 1:colcon.colcon_core.environment:checking '/home/hansol/project/install/limo_description/lib/pkgconfig/limo_description.pc'
[0.807s] Level 1:colcon.colcon_core.environment:checking '/home/hansol/project/install/limo_description/lib/python3.10/site-packages'
[0.807s] Level 1:colcon.colcon_core.environment:checking '/home/hansol/project/install/limo_description/bin'
[0.808s] INFO:colcon.colcon_core.shell:Creating package script '/home/hansol/project/install/limo_description/share/limo_description/package.ps1'
[0.809s] INFO:colcon.colcon_core.shell:Creating package descriptor '/home/hansol/project/install/limo_description/share/limo_description/package.dsv'
[0.810s] INFO:colcon.colcon_core.shell:Creating package script '/home/hansol/project/install/limo_description/share/limo_description/package.sh'
[0.811s] INFO:colcon.colcon_core.shell:Creating package script '/home/hansol/project/install/limo_description/share/limo_description/package.bash'
[0.812s] INFO:colcon.colcon_core.shell:Creating package script '/home/hansol/project/install/limo_description/share/limo_description/package.zsh'
[0.813s] Level 1:colcon.colcon_core.environment:create_file_with_runtime_dependencies(/home/hansol/project/install/limo_description/share/colcon-core/packages/limo_description)
[0.831s] Level 1:colcon.colcon_core.environment:create_environment_scripts_only(limo_description)
[0.831s] Level 1:colcon.colcon_core.environment:checking '/home/hansol/project/install/limo_description' for CMake module files
[0.832s] Level 1:colcon.colcon_core.environment:checking '/home/hansol/project/install/limo_description' for CMake config files
[0.832s] Level 1:colcon.colcon_core.shell:create_environment_hook('limo_description', 'cmake_prefix_path')
[0.833s] INFO:colcon.colcon_core.shell:Creating environment hook '/home/hansol/project/install/limo_description/share/limo_description/hook/cmake_prefix_path.ps1'
[0.833s] INFO:colcon.colcon_core.shell:Creating environment descriptor '/home/hansol/project/install/limo_description/share/limo_description/hook/cmake_prefix_path.dsv'
[0.834s] INFO:colcon.colcon_core.shell:Creating environment hook '/home/hansol/project/install/limo_description/share/limo_description/hook/cmake_prefix_path.sh'
[0.834s] Level 1:colcon.colcon_core.environment:checking '/home/hansol/project/install/limo_description/bin'
[0.834s] Level 1:colcon.colcon_core.environment:checking '/home/hansol/project/install/limo_description/lib/pkgconfig/limo_description.pc'
[0.835s] Level 1:colcon.colcon_core.environment:checking '/home/hansol/project/install/limo_description/lib/python3.10/site-packages'
[0.835s] Level 1:colcon.colcon_core.environment:checking '/home/hansol/project/install/limo_description/bin'
[0.835s] INFO:colcon.colcon_core.shell:Creating package script '/home/hansol/project/install/limo_description/share/limo_description/package.ps1'
[0.836s] INFO:colcon.colcon_core.shell:Creating package descriptor '/home/hansol/project/install/limo_description/share/limo_description/package.dsv'
[0.836s] INFO:colcon.colcon_core.shell:Creating package script '/home/hansol/project/install/limo_description/share/limo_description/package.sh'
[0.837s] INFO:colcon.colcon_core.shell:Creating package script '/home/hansol/project/install/limo_description/share/limo_description/package.bash'
[0.837s] INFO:colcon.colcon_core.shell:Creating package script '/home/hansol/project/install/limo_description/share/limo_description/package.zsh'
[0.838s] Level 1:colcon.colcon_core.environment:create_file_with_runtime_dependencies(/home/hansol/project/install/limo_description/share/colcon-core/packages/limo_description)
[0.865s] Level 1:colcon.colcon_core.environment:create_environment_scripts_only(limo_msgs)
[0.865s] DEBUG:colcon.colcon_core.event_handler.log_command:Invoked command in '/home/hansol/project/build/limo_msgs' returned '0': CMAKE_PREFIX_PATH=${CMAKE_PREFIX_PATH}:/home/hansol/project/install/prototype_move:/home/hansol/project/install/limo_ros2_application:/opt/ros/humble /usr/bin/cmake --install /home/hansol/project/build/limo_msgs
[0.866s] Level 1:colcon.colcon_core.environment:checking '/home/hansol/project/install/limo_msgs' for CMake module files
[0.867s] Level 1:colcon.colcon_core.environment:checking '/home/hansol/project/install/limo_msgs' for CMake config files
[0.868s] Level 1:colcon.colcon_core.shell:create_environment_hook('limo_msgs', 'cmake_prefix_path')
[0.868s] INFO:colcon.colcon_core.shell:Creating environment hook '/home/hansol/project/install/limo_msgs/share/limo_msgs/hook/cmake_prefix_path.ps1'
[0.869s] INFO:colcon.colcon_core.shell:Creating environment descriptor '/home/hansol/project/install/limo_msgs/share/limo_msgs/hook/cmake_prefix_path.dsv'
[0.869s] INFO:colcon.colcon_core.shell:Creating environment hook '/home/hansol/project/install/limo_msgs/share/limo_msgs/hook/cmake_prefix_path.sh'
[0.870s] Level 1:colcon.colcon_core.environment:checking '/home/hansol/project/install/limo_msgs/lib'
[0.870s] Level 1:colcon.colcon_core.shell:create_environment_hook('limo_msgs', 'ld_library_path_lib')
[0.870s] INFO:colcon.colcon_core.shell:Creating environment hook '/home/hansol/project/install/limo_msgs/share/limo_msgs/hook/ld_library_path_lib.ps1'
[0.871s] INFO:colcon.colcon_core.shell:Creating environment descriptor '/home/hansol/project/install/limo_msgs/share/limo_msgs/hook/ld_library_path_lib.dsv'
[0.872s] INFO:colcon.colcon_core.shell:Creating environment hook '/home/hansol/project/install/limo_msgs/share/limo_msgs/hook/ld_library_path_lib.sh'
[0.872s] Level 1:colcon.colcon_core.environment:checking '/home/hansol/project/install/limo_msgs/bin'
[0.872s] Level 1:colcon.colcon_core.environment:checking '/home/hansol/project/install/limo_msgs/lib/pkgconfig/limo_msgs.pc'
[0.872s] Level 1:colcon.colcon_core.environment:checking '/home/hansol/project/install/limo_msgs/lib/python3.10/site-packages'
[0.873s] Level 1:colcon.colcon_core.environment:checking '/home/hansol/project/install/limo_msgs/bin'
[0.873s] INFO:colcon.colcon_core.shell:Creating package script '/home/hansol/project/install/limo_msgs/share/limo_msgs/package.ps1'
[0.874s] INFO:colcon.colcon_core.shell:Creating package descriptor '/home/hansol/project/install/limo_msgs/share/limo_msgs/package.dsv'
[0.875s] INFO:colcon.colcon_core.shell:Creating package script '/home/hansol/project/install/limo_msgs/share/limo_msgs/package.sh'
[0.875s] INFO:colcon.colcon_core.shell:Creating package script '/home/hansol/project/install/limo_msgs/share/limo_msgs/package.bash'
[0.876s] INFO:colcon.colcon_core.shell:Creating package script '/home/hansol/project/install/limo_msgs/share/limo_msgs/package.zsh'
[0.876s] Level 1:colcon.colcon_core.environment:create_file_with_runtime_dependencies(/home/hansol/project/install/limo_msgs/share/colcon-core/packages/limo_msgs)
[0.919s] Level 1:colcon.colcon_core.environment:create_environment_scripts_only(limo_msgs)
[0.919s] Level 1:colcon.colcon_core.environment:checking '/home/hansol/project/install/limo_msgs' for CMake module files
[0.920s] Level 1:colcon.colcon_core.environment:checking '/home/hansol/project/install/limo_msgs' for CMake config files
[0.921s] Level 1:colcon.colcon_core.shell:create_environment_hook('limo_msgs', 'cmake_prefix_path')
[0.921s] INFO:colcon.colcon_core.shell:Creating environment hook '/home/hansol/project/install/limo_msgs/share/limo_msgs/hook/cmake_prefix_path.ps1'
[0.922s] INFO:colcon.colcon_core.shell:Creating environment descriptor '/home/hansol/project/install/limo_msgs/share/limo_msgs/hook/cmake_prefix_path.dsv'
[0.922s] INFO:colcon.colcon_core.shell:Creating environment hook '/home/hansol/project/install/limo_msgs/share/limo_msgs/hook/cmake_prefix_path.sh'
[0.923s] Level 1:colcon.colcon_core.environment:checking '/home/hansol/project/install/limo_msgs/lib'
[0.923s] Level 1:colcon.colcon_core.shell:create_environment_hook('limo_msgs', 'ld_library_path_lib')
[0.923s] INFO:colcon.colcon_core.shell:Creating environment hook '/home/hansol/project/install/limo_msgs/share/limo_msgs/hook/ld_library_path_lib.ps1'
[0.924s] INFO:colcon.colcon_core.shell:Creating environment descriptor '/home/hansol/project/install/limo_msgs/share/limo_msgs/hook/ld_library_path_lib.dsv'
[0.924s] INFO:colcon.colcon_core.shell:Creating environment hook '/home/hansol/project/install/limo_msgs/share/limo_msgs/hook/ld_library_path_lib.sh'
[0.925s] Level 1:colcon.colcon_core.environment:checking '/home/hansol/project/install/limo_msgs/bin'
[0.925s] Level 1:colcon.colcon_core.environment:checking '/home/hansol/project/install/limo_msgs/lib/pkgconfig/limo_msgs.pc'
[0.925s] Level 1:colcon.colcon_core.environment:checking '/home/hansol/project/install/limo_msgs/lib/python3.10/site-packages'
[0.926s] Level 1:colcon.colcon_core.environment:checking '/home/hansol/project/install/limo_msgs/bin'
[0.926s] INFO:colcon.colcon_core.shell:Creating package script '/home/hansol/project/install/limo_msgs/share/limo_msgs/package.ps1'
[0.927s] INFO:colcon.colcon_core.shell:Creating package descriptor '/home/hansol/project/install/limo_msgs/share/limo_msgs/package.dsv'
[0.927s] INFO:colcon.colcon_core.shell:Creating package script '/home/hansol/project/install/limo_msgs/share/limo_msgs/package.sh'
[0.928s] INFO:colcon.colcon_core.shell:Creating package script '/home/hansol/project/install/limo_msgs/share/limo_msgs/package.bash'
[0.928s] INFO:colcon.colcon_core.shell:Creating package script '/home/hansol/project/install/limo_msgs/share/limo_msgs/package.zsh'
[0.929s] Level 1:colcon.colcon_core.environment:create_file_with_runtime_dependencies(/home/hansol/project/install/limo_msgs/share/colcon-core/packages/limo_msgs)
[0.929s] INFO:colcon.colcon_ros.task.ament_cmake.build:Building ROS package in '/home/hansol/project/src/limo_ros2/limo_base' with build type 'ament_cmake'
[0.930s] INFO:colcon.colcon_cmake.task.cmake.build:Building CMake package in '/home/hansol/project/src/limo_ros2/limo_base'
[0.930s] INFO:colcon.colcon_core.shell:Skip shell extension 'powershell' for command environment: Not usable outside of PowerShell
[0.930s] DEBUG:colcon.colcon_core.shell:Skip shell extension 'dsv' for command environment
[0.943s] DEBUG:colcon.colcon_core.event_handler.log_command:Invoking command in '/home/hansol/project/build/limo_base': CMAKE_PREFIX_PATH=/home/hansol/project/install/limo_msgs:/home/hansol/project/install/prototype_msg:/home/hansol/project/install/limo_base:/home/hansol/project/install/limo_description:/home/hansol/project/install/prototype_move:/home/hansol/project/install/limo_ros2_application:/opt/ros/humble LD_LIBRARY_PATH=/home/hansol/project/install/limo_msgs/lib:/home/hansol/project/install/prototype_msg/lib:/usr/lib/x86_64-linux-gnu/gazebo-11/plugins:/opt/ros/humble/opt/rviz_ogre_vendor/lib:/opt/ros/humble/lib/x86_64-linux-gnu:/opt/ros/humble/lib /usr/bin/cmake --build /home/hansol/project/build/limo_base -- -j12 -l12
[1.020s] DEBUG:colcon.colcon_core.event_handler.log_command:Invoked command in '/home/hansol/project/build/limo_base' returned '0': CMAKE_PREFIX_PATH=/home/hansol/project/install/limo_msgs:/home/hansol/project/install/prototype_msg:/home/hansol/project/install/limo_base:/home/hansol/project/install/limo_description:/home/hansol/project/install/prototype_move:/home/hansol/project/install/limo_ros2_application:/opt/ros/humble LD_LIBRARY_PATH=/home/hansol/project/install/limo_msgs/lib:/home/hansol/project/install/prototype_msg/lib:/usr/lib/x86_64-linux-gnu/gazebo-11/plugins:/opt/ros/humble/opt/rviz_ogre_vendor/lib:/opt/ros/humble/lib/x86_64-linux-gnu:/opt/ros/humble/lib /usr/bin/cmake --build /home/hansol/project/build/limo_base -- -j12 -l12
[1.039s] DEBUG:colcon.colcon_core.event_handler.log_command:Invoking command in '/home/hansol/project/build/limo_base': CMAKE_PREFIX_PATH=/home/hansol/project/install/limo_msgs:/home/hansol/project/install/prototype_msg:/home/hansol/project/install/limo_base:/home/hansol/project/install/limo_description:/home/hansol/project/install/prototype_move:/home/hansol/project/install/limo_ros2_application:/opt/ros/humble LD_LIBRARY_PATH=/home/hansol/project/install/limo_msgs/lib:/home/hansol/project/install/prototype_msg/lib:/usr/lib/x86_64-linux-gnu/gazebo-11/plugins:/opt/ros/humble/opt/rviz_ogre_vendor/lib:/opt/ros/humble/lib/x86_64-linux-gnu:/opt/ros/humble/lib /usr/bin/cmake --install /home/hansol/project/build/limo_base
[1.062s] Level 1:colcon.colcon_core.environment:create_environment_scripts_only(limo_base)
[1.062s] Level 1:colcon.colcon_core.environment:checking '/home/hansol/project/install/limo_base' for CMake module files
[1.062s] DEBUG:colcon.colcon_core.event_handler.log_command:Invoked command in '/home/hansol/project/build/limo_base' returned '0': CMAKE_PREFIX_PATH=/home/hansol/project/install/limo_msgs:/home/hansol/project/install/prototype_msg:/home/hansol/project/install/limo_base:/home/hansol/project/install/limo_description:/home/hansol/project/install/prototype_move:/home/hansol/project/install/limo_ros2_application:/opt/ros/humble LD_LIBRARY_PATH=/home/hansol/project/install/limo_msgs/lib:/home/hansol/project/install/prototype_msg/lib:/usr/lib/x86_64-linux-gnu/gazebo-11/plugins:/opt/ros/humble/opt/rviz_ogre_vendor/lib:/opt/ros/humble/lib/x86_64-linux-gnu:/opt/ros/humble/lib /usr/bin/cmake --install /home/hansol/project/build/limo_base
[1.063s] Level 1:colcon.colcon_core.environment:checking '/home/hansol/project/install/limo_base' for CMake config files
[1.063s] Level 1:colcon.colcon_core.shell:create_environment_hook('limo_base', 'cmake_prefix_path')
[1.064s] INFO:colcon.colcon_core.shell:Creating environment hook '/home/hansol/project/install/limo_base/share/limo_base/hook/cmake_prefix_path.ps1'
[1.064s] INFO:colcon.colcon_core.shell:Creating environment descriptor '/home/hansol/project/install/limo_base/share/limo_base/hook/cmake_prefix_path.dsv'
[1.065s] INFO:colcon.colcon_core.shell:Creating environment hook '/home/hansol/project/install/limo_base/share/limo_base/hook/cmake_prefix_path.sh'
[1.065s] Level 1:colcon.colcon_core.environment:checking '/home/hansol/project/install/limo_base/lib'
[1.065s] Level 1:colcon.colcon_core.environment:checking '/home/hansol/project/install/limo_base/bin'
[1.065s] Level 1:colcon.colcon_core.environment:checking '/home/hansol/project/install/limo_base/lib/pkgconfig/limo_base.pc'
[1.066s] Level 1:colcon.colcon_core.environment:checking '/home/hansol/project/install/limo_base/lib/python3.10/site-packages'
[1.066s] Level 1:colcon.colcon_core.environment:checking '/home/hansol/project/install/limo_base/bin'
[1.066s] INFO:colcon.colcon_core.shell:Creating package script '/home/hansol/project/install/limo_base/share/limo_base/package.ps1'
[1.067s] INFO:colcon.colcon_core.shell:Creating package descriptor '/home/hansol/project/install/limo_base/share/limo_base/package.dsv'
[1.067s] INFO:colcon.colcon_core.shell:Creating package script '/home/hansol/project/install/limo_base/share/limo_base/package.sh'
[1.067s] INFO:colcon.colcon_core.shell:Creating package script '/home/hansol/project/install/limo_base/share/limo_base/package.bash'
[1.068s] INFO:colcon.colcon_core.shell:Creating package script '/home/hansol/project/install/limo_base/share/limo_base/package.zsh'
[1.068s] Level 1:colcon.colcon_core.environment:create_file_with_runtime_dependencies(/home/hansol/project/install/limo_base/share/colcon-core/packages/limo_base)
[1.078s] DEBUG:colcon.colcon_core.event_handler.log_command:Invoked command in '/home/hansol/project/build/prototype_msg' returned '0': CMAKE_PREFIX_PATH=${CMAKE_PREFIX_PATH}:/home/hansol/project/install/prototype_move:/home/hansol/project/install/limo_ros2_application:/opt/ros/humble /usr/bin/cmake --build /home/hansol/project/build/prototype_msg -- -j12 -l12
[1.090s] Level 1:colcon.colcon_core.environment:create_environment_scripts_only(limo_base)
[1.090s] Level 1:colcon.colcon_core.environment:checking '/home/hansol/project/install/limo_base' for CMake module files
[1.091s] Level 1:colcon.colcon_core.environment:checking '/home/hansol/project/install/limo_base' for CMake config files
[1.091s] Level 1:colcon.colcon_core.shell:create_environment_hook('limo_base', 'cmake_prefix_path')
[1.091s] INFO:colcon.colcon_core.shell:Creating environment hook '/home/hansol/project/install/limo_base/share/limo_base/hook/cmake_prefix_path.ps1'
[1.092s] INFO:colcon.colcon_core.shell:Creating environment descriptor '/home/hansol/project/install/limo_base/share/limo_base/hook/cmake_prefix_path.dsv'
[1.092s] INFO:colcon.colcon_core.shell:Creating environment hook '/home/hansol/project/install/limo_base/share/limo_base/hook/cmake_prefix_path.sh'
[1.093s] Level 1:colcon.colcon_core.environment:checking '/home/hansol/project/install/limo_base/lib'
[1.093s] Level 1:colcon.colcon_core.environment:checking '/home/hansol/project/install/limo_base/bin'
[1.093s] Level 1:colcon.colcon_core.environment:checking '/home/hansol/project/install/limo_base/lib/pkgconfig/limo_base.pc'
[1.093s] Level 1:colcon.colcon_core.environment:checking '/home/hansol/project/install/limo_base/lib/python3.10/site-packages'
[1.093s] Level 1:colcon.colcon_core.environment:checking '/home/hansol/project/install/limo_base/bin'
[1.094s] INFO:colcon.colcon_core.shell:Creating package script '/home/hansol/project/install/limo_base/share/limo_base/package.ps1'
[1.094s] INFO:colcon.colcon_core.shell:Creating package descriptor '/home/hansol/project/install/limo_base/share/limo_base/package.dsv'
[1.095s] INFO:colcon.colcon_core.shell:Creating package script '/home/hansol/project/install/limo_base/share/limo_base/package.sh'
[1.095s] INFO:colcon.colcon_core.shell:Creating package script '/home/hansol/project/install/limo_base/share/limo_base/package.bash'
[1.095s] INFO:colcon.colcon_core.shell:Creating package script '/home/hansol/project/install/limo_base/share/limo_base/package.zsh'
[1.096s] Level 1:colcon.colcon_core.environment:create_file_with_runtime_dependencies(/home/hansol/project/install/limo_base/share/colcon-core/packages/limo_base)
[1.130s] DEBUG:colcon.colcon_core.event_handler.log_command:Invoking command in '/home/hansol/project/build/prototype_msg': CMAKE_PREFIX_PATH=${CMAKE_PREFIX_PATH}:/home/hansol/project/install/prototype_move:/home/hansol/project/install/limo_ros2_application:/opt/ros/humble /usr/bin/cmake --install /home/hansol/project/build/prototype_msg
[1.142s] DEBUG:colcon.colcon_core.event_handler.log_command:Invoking command in '/home/hansol/project/build/limo_ros2_application': PYTHONPATH=/home/hansol/project/build/limo_ros2_application/prefix_override:/home/hansol/project/install/limo_ros2_application/lib/python3.10/site-packages:${PYTHONPATH} /usr/bin/python3 -W ignore:setup.py install is deprecated setup.py develop --editable --build-directory /home/hansol/project/build/limo_ros2_application/build --no-deps symlink_data
[1.157s] DEBUG:colcon.colcon_core.event_handler.log_command:Invoking command in '/home/hansol/project/build/prototype_move': PYTHONPATH=/home/hansol/project/build/prototype_move/prefix_override:/home/hansol/project/install/prototype_move/lib/python3.10/site-packages:${PYTHONPATH} /usr/bin/python3 -W ignore:setup.py install is deprecated setup.py develop --editable --build-directory /home/hansol/project/build/prototype_move/build --no-deps symlink_data
[1.201s] Level 1:colcon.colcon_core.environment:create_environment_scripts_only(prototype_msg)
[1.202s] Level 1:colcon.colcon_core.environment:checking '/home/hansol/project/install/prototype_msg' for CMake module files
[1.202s] DEBUG:colcon.colcon_core.event_handler.log_command:Invoked command in '/home/hansol/project/build/prototype_msg' returned '0': CMAKE_PREFIX_PATH=${CMAKE_PREFIX_PATH}:/home/hansol/project/install/prototype_move:/home/hansol/project/install/limo_ros2_application:/opt/ros/humble /usr/bin/cmake --install /home/hansol/project/build/prototype_msg
[1.203s] Level 1:colcon.colcon_core.environment:checking '/home/hansol/project/install/prototype_msg' for CMake config files
[1.204s] Level 1:colcon.colcon_core.shell:create_environment_hook('prototype_msg', 'cmake_prefix_path')
[1.204s] INFO:colcon.colcon_core.shell:Creating environment hook '/home/hansol/project/install/prototype_msg/share/prototype_msg/hook/cmake_prefix_path.ps1'
[1.204s] INFO:colcon.colcon_core.shell:Creating environment descriptor '/home/hansol/project/install/prototype_msg/share/prototype_msg/hook/cmake_prefix_path.dsv'
[1.205s] INFO:colcon.colcon_core.shell:Creating environment hook '/home/hansol/project/install/prototype_msg/share/prototype_msg/hook/cmake_prefix_path.sh'
[1.205s] Level 1:colcon.colcon_core.environment:checking '/home/hansol/project/install/prototype_msg/lib'
[1.205s] Level 1:colcon.colcon_core.shell:create_environment_hook('prototype_msg', 'ld_library_path_lib')
[1.205s] INFO:colcon.colcon_core.shell:Creating environment hook '/home/hansol/project/install/prototype_msg/share/prototype_msg/hook/ld_library_path_lib.ps1'
[1.206s] INFO:colcon.colcon_core.shell:Creating environment descriptor '/home/hansol/project/install/prototype_msg/share/prototype_msg/hook/ld_library_path_lib.dsv'
[1.206s] INFO:colcon.colcon_core.shell:Creating environment hook '/home/hansol/project/install/prototype_msg/share/prototype_msg/hook/ld_library_path_lib.sh'
[1.206s] Level 1:colcon.colcon_core.environment:checking '/home/hansol/project/install/prototype_msg/bin'
[1.207s] Level 1:colcon.colcon_core.environment:checking '/home/hansol/project/install/prototype_msg/lib/pkgconfig/prototype_msg.pc'
[1.207s] Level 1:colcon.colcon_core.environment:checking '/home/hansol/project/install/prototype_msg/lib/python3.10/site-packages'
[1.207s] Level 1:colcon.colcon_core.environment:checking '/home/hansol/project/install/prototype_msg/bin'
[1.207s] INFO:colcon.colcon_core.shell:Creating package script '/home/hansol/project/install/prototype_msg/share/prototype_msg/package.ps1'
[1.208s] INFO:colcon.colcon_core.shell:Creating package descriptor '/home/hansol/project/install/prototype_msg/share/prototype_msg/package.dsv'
[1.208s] INFO:colcon.colcon_core.shell:Creating package script '/home/hansol/project/install/prototype_msg/share/prototype_msg/package.sh'
[1.209s] INFO:colcon.colcon_core.shell:Creating package script '/home/hansol/project/install/prototype_msg/share/prototype_msg/package.bash'
[1.209s] INFO:colcon.colcon_core.shell:Creating package script '/home/hansol/project/install/prototype_msg/share/prototype_msg/package.zsh'
[1.209s] Level 1:colcon.colcon_core.environment:create_file_with_runtime_dependencies(/home/hansol/project/install/prototype_msg/share/colcon-core/packages/prototype_msg)
[1.285s] Level 1:colcon.colcon_core.environment:create_environment_scripts_only(prototype_msg)
[1.285s] Level 1:colcon.colcon_core.environment:checking '/home/hansol/project/install/prototype_msg' for CMake module files
[1.286s] Level 1:colcon.colcon_core.environment:checking '/home/hansol/project/install/prototype_msg' for CMake config files
[1.287s] Level 1:colcon.colcon_core.shell:create_environment_hook('prototype_msg', 'cmake_prefix_path')
[1.287s] INFO:colcon.colcon_core.shell:Creating environment hook '/home/hansol/project/install/prototype_msg/share/prototype_msg/hook/cmake_prefix_path.ps1'
[1.288s] INFO:colcon.colcon_core.shell:Creating environment descriptor '/home/hansol/project/install/prototype_msg/share/prototype_msg/hook/cmake_prefix_path.dsv'
[1.288s] INFO:colcon.colcon_core.shell:Creating environment hook '/home/hansol/project/install/prototype_msg/share/prototype_msg/hook/cmake_prefix_path.sh'
[1.289s] Level 1:colcon.colcon_core.environment:checking '/home/hansol/project/install/prototype_msg/lib'
[1.289s] Level 1:colcon.colcon_core.shell:create_environment_hook('prototype_msg', 'ld_library_path_lib')
[1.289s] INFO:colcon.colcon_core.shell:Creating environment hook '/home/hansol/project/install/prototype_msg/share/prototype_msg/hook/ld_library_path_lib.ps1'
[1.290s] INFO:colcon.colcon_core.shell:Creating environment descriptor '/home/hansol/project/install/prototype_msg/share/prototype_msg/hook/ld_library_path_lib.dsv'
[1.290s] INFO:colcon.colcon_core.shell:Creating environment hook '/home/hansol/project/install/prototype_msg/share/prototype_msg/hook/ld_library_path_lib.sh'
[1.291s] Level 1:colcon.colcon_core.environment:checking '/home/hansol/project/install/prototype_msg/bin'
[1.291s] Level 1:colcon.colcon_core.environment:checking '/home/hansol/project/install/prototype_msg/lib/pkgconfig/prototype_msg.pc'
[1.291s] Level 1:colcon.colcon_core.environment:checking '/home/hansol/project/install/prototype_msg/lib/python3.10/site-packages'
[1.291s] Level 1:colcon.colcon_core.environment:checking '/home/hansol/project/install/prototype_msg/bin'
[1.292s] INFO:colcon.colcon_core.shell:Creating package script '/home/hansol/project/install/prototype_msg/share/prototype_msg/package.ps1'
[1.292s] INFO:colcon.colcon_core.shell:Creating package descriptor '/home/hansol/project/install/prototype_msg/share/prototype_msg/package.dsv'
[1.293s] INFO:colcon.colcon_core.shell:Creating package script '/home/hansol/project/install/prototype_msg/share/prototype_msg/package.sh'
[1.293s] INFO:colcon.colcon_core.shell:Creating package script '/home/hansol/project/install/prototype_msg/share/prototype_msg/package.bash'
[1.294s] INFO:colcon.colcon_core.shell:Creating package script '/home/hansol/project/install/prototype_msg/share/prototype_msg/package.zsh'
[1.294s] Level 1:colcon.colcon_core.environment:create_file_with_runtime_dependencies(/home/hansol/project/install/prototype_msg/share/colcon-core/packages/prototype_msg)
[1.480s] Level 1:colcon.colcon_core.shell:create_environment_hook('limo_ros2_application', 'pythonpath_develop')
[1.481s] INFO:colcon.colcon_core.shell:Creating environment hook '/home/hansol/project/build/limo_ros2_application/share/limo_ros2_application/hook/pythonpath_develop.ps1'
[1.481s] DEBUG:colcon.colcon_core.event_handler.log_command:Invoked command in '/home/hansol/project/build/limo_ros2_application' returned '0': PYTHONPATH=/home/hansol/project/build/limo_ros2_application/prefix_override:/home/hansol/project/install/limo_ros2_application/lib/python3.10/site-packages:${PYTHONPATH} /usr/bin/python3 -W ignore:setup.py install is deprecated setup.py develop --editable --build-directory /home/hansol/project/build/limo_ros2_application/build --no-deps symlink_data
[1.482s] INFO:colcon.colcon_core.shell:Creating environment descriptor '/home/hansol/project/build/limo_ros2_application/share/limo_ros2_application/hook/pythonpath_develop.dsv'
[1.482s] INFO:colcon.colcon_core.shell:Creating environment hook '/home/hansol/project/build/limo_ros2_application/share/limo_ros2_application/hook/pythonpath_develop.sh'
[1.483s] Level 1:colcon.colcon_core.environment:checking '/home/hansol/project/install/limo_ros2_application' for CMake module files
[1.483s] Level 1:colcon.colcon_core.environment:checking '/home/hansol/project/install/limo_ros2_application' for CMake config files
[1.484s] Level 1:colcon.colcon_core.environment:checking '/home/hansol/project/install/limo_ros2_application/lib'
[1.485s] Level 1:colcon.colcon_core.environment:checking '/home/hansol/project/install/limo_ros2_application/bin'
[1.485s] Level 1:colcon.colcon_core.environment:checking '/home/hansol/project/install/limo_ros2_application/lib/pkgconfig/limo_ros2_application.pc'
[1.485s] Level 1:colcon.colcon_core.environment:checking '/home/hansol/project/install/limo_ros2_application/lib/python3.10/site-packages'
[1.485s] Level 1:colcon.colcon_core.shell:create_environment_hook('limo_ros2_application', 'pythonpath')
[1.485s] INFO:colcon.colcon_core.shell:Creating environment hook '/home/hansol/project/install/limo_ros2_application/share/limo_ros2_application/hook/pythonpath.ps1'
[1.486s] INFO:colcon.colcon_core.shell:Creating environment descriptor '/home/hansol/project/install/limo_ros2_application/share/limo_ros2_application/hook/pythonpath.dsv'
[1.486s] INFO:colcon.colcon_core.shell:Creating environment hook '/home/hansol/project/install/limo_ros2_application/share/limo_ros2_application/hook/pythonpath.sh'
[1.487s] Level 1:colcon.colcon_core.environment:checking '/home/hansol/project/install/limo_ros2_application/bin'
[1.487s] Level 1:colcon.colcon_core.environment:create_environment_scripts_only(limo_ros2_application)
[1.487s] INFO:colcon.colcon_core.shell:Creating package script '/home/hansol/project/install/limo_ros2_application/share/limo_ros2_application/package.ps1'
[1.488s] INFO:colcon.colcon_core.shell:Creating package descriptor '/home/hansol/project/install/limo_ros2_application/share/limo_ros2_application/package.dsv'
[1.489s] INFO:colcon.colcon_core.shell:Creating package script '/home/hansol/project/install/limo_ros2_application/share/limo_ros2_application/package.sh'
[1.490s] INFO:colcon.colcon_core.shell:Creating package script '/home/hansol/project/install/limo_ros2_application/share/limo_ros2_application/package.bash'
[1.490s] INFO:colcon.colcon_core.shell:Creating package script '/home/hansol/project/install/limo_ros2_application/share/limo_ros2_application/package.zsh'
[1.490s] Level 1:colcon.colcon_core.environment:create_file_with_runtime_dependencies(/home/hansol/project/install/limo_ros2_application/share/colcon-core/packages/limo_ros2_application)
[1.508s] Level 1:colcon.colcon_core.shell:create_environment_hook('prototype_move', 'pythonpath_develop')
[1.509s] INFO:colcon.colcon_core.shell:Creating environment hook '/home/hansol/project/build/prototype_move/share/prototype_move/hook/pythonpath_develop.ps1'
[1.509s] DEBUG:colcon.colcon_core.event_handler.log_command:Invoked command in '/home/hansol/project/build/prototype_move' returned '0': PYTHONPATH=/home/hansol/project/build/prototype_move/prefix_override:/home/hansol/project/install/prototype_move/lib/python3.10/site-packages:${PYTHONPATH} /usr/bin/python3 -W ignore:setup.py install is deprecated setup.py develop --editable --build-directory /home/hansol/project/build/prototype_move/build --no-deps symlink_data
[1.509s] INFO:colcon.colcon_core.shell:Creating environment descriptor '/home/hansol/project/build/prototype_move/share/prototype_move/hook/pythonpath_develop.dsv'
[1.510s] INFO:colcon.colcon_core.shell:Creating environment hook '/home/hansol/project/build/prototype_move/share/prototype_move/hook/pythonpath_develop.sh'
[1.510s] Level 1:colcon.colcon_core.environment:checking '/home/hansol/project/install/prototype_move' for CMake module files
[1.510s] Level 1:colcon.colcon_core.environment:checking '/home/hansol/project/install/prototype_move' for CMake config files
[1.511s] Level 1:colcon.colcon_core.environment:checking '/home/hansol/project/install/prototype_move/lib'
[1.511s] Level 1:colcon.colcon_core.environment:checking '/home/hansol/project/install/prototype_move/bin'
[1.511s] Level 1:colcon.colcon_core.environment:checking '/home/hansol/project/install/prototype_move/lib/pkgconfig/prototype_move.pc'
[1.511s] Level 1:colcon.colcon_core.environment:checking '/home/hansol/project/install/prototype_move/lib/python3.10/site-packages'
[1.511s] Level 1:colcon.colcon_core.shell:create_environment_hook('prototype_move', 'pythonpath')
[1.511s] INFO:colcon.colcon_core.shell:Creating environment hook '/home/hansol/project/install/prototype_move/share/prototype_move/hook/pythonpath.ps1'
[1.511s] INFO:colcon.colcon_core.shell:Creating environment descriptor '/home/hansol/project/install/prototype_move/share/prototype_move/hook/pythonpath.dsv'
[1.512s] INFO:colcon.colcon_core.shell:Creating environment hook '/home/hansol/project/install/prototype_move/share/prototype_move/hook/pythonpath.sh'
[1.512s] Level 1:colcon.colcon_core.environment:checking '/home/hansol/project/install/prototype_move/bin'
[1.512s] Level 1:colcon.colcon_core.environment:create_environment_scripts_only(prototype_move)
[1.512s] INFO:colcon.colcon_core.shell:Creating package script '/home/hansol/project/install/prototype_move/share/prototype_move/package.ps1'
[1.512s] INFO:colcon.colcon_core.shell:Creating package descriptor '/home/hansol/project/install/prototype_move/share/prototype_move/package.dsv'
[1.513s] INFO:colcon.colcon_core.shell:Creating package script '/home/hansol/project/install/prototype_move/share/prototype_move/package.sh'
[1.513s] INFO:colcon.colcon_core.shell:Creating package script '/home/hansol/project/install/prototype_move/share/prototype_move/package.bash'
[1.513s] INFO:colcon.colcon_core.shell:Creating package script '/home/hansol/project/install/prototype_move/share/prototype_move/package.zsh'
[1.513s] Level 1:colcon.colcon_core.environment:create_file_with_runtime_dependencies(/home/hansol/project/install/prototype_move/share/colcon-core/packages/prototype_move)
[1.513s] DEBUG:colcon.colcon_parallel_executor.executor.parallel:closing loop
[1.513s] DEBUG:colcon.colcon_parallel_executor.executor.parallel:loop closed
[1.513s] DEBUG:colcon.colcon_parallel_executor.executor.parallel:run_until_complete finished with '0'
[1.514s] DEBUG:colcon.colcon_core.event_reactor:joining thread
[1.518s] INFO:colcon.colcon_core.plugin_system:Skipping extension 'colcon_notification.desktop_notification.terminal_notifier': Not used on non-Darwin systems
[1.518s] INFO:colcon.colcon_core.plugin_system:Skipping extension 'colcon_notification.desktop_notification.win32': Not used on non-Windows systems
[1.518s] INFO:colcon.colcon_notification.desktop_notification:Sending desktop notification using 'notify2'
[1.532s] DEBUG:colcon.colcon_core.event_reactor:joined thread
[1.533s] INFO:colcon.colcon_core.shell:Creating prefix script '/home/hansol/project/install/local_setup.ps1'
[1.533s] INFO:colcon.colcon_core.shell:Creating prefix util module '/home/hansol/project/install/_local_setup_util_ps1.py'
[1.534s] INFO:colcon.colcon_core.shell:Creating prefix chain script '/home/hansol/project/install/setup.ps1'
[1.535s] INFO:colcon.colcon_core.shell:Creating prefix script '/home/hansol/project/install/local_setup.sh'
[1.535s] INFO:colcon.colcon_core.shell:Creating prefix util module '/home/hansol/project/install/_local_setup_util_sh.py'
[1.536s] INFO:colcon.colcon_core.shell:Creating prefix chain script '/home/hansol/project/install/setup.sh'
[1.536s] INFO:colcon.colcon_core.shell:Creating prefix script '/home/hansol/project/install/local_setup.bash'
[1.537s] INFO:colcon.colcon_core.shell:Creating prefix chain script '/home/hansol/project/install/setup.bash'
[1.537s] INFO:colcon.colcon_core.shell:Creating prefix script '/home/hansol/project/install/local_setup.zsh'
[1.538s] INFO:colcon.colcon_core.shell:Creating prefix chain script '/home/hansol/project/install/setup.zsh'
