[0.049s] Invoking command in '/home/orin/Prototype_Military/prototype_military/build/realsense2_camera_msgs': CMAKE_PREFIX_PATH=${CMAKE_PREFIX_PATH}:/home/orin/Prototype_Military/install/yolov8_ros:/home/orin/Prototype_Military/install/prototype_move:/opt/ros/humble /usr/bin/cmake /home/orin/Prototype_Military/prototype_military/src/realsense-ros/realsense2_camera_msgs -DCMAKE_INSTALL_PREFIX=/home/orin/Prototype_Military/prototype_military/install/realsense2_camera_msgs
[0.541s] -- The C compiler identification is GNU 11.4.0
[0.542s] -- The CXX compiler identification is GNU 11.4.0
[0.542s] -- Detecting C compiler ABI info
[0.543s] -- Detecting C compiler ABI info - done
[0.543s] -- Check for working C compiler: /usr/bin/cc - skipped
[0.543s] -- Detecting C compile features
[0.545s] -- Detecting C compile features - done
[0.545s] -- Detecting CXX compiler ABI info
[0.556s] -- Detecting CXX compiler ABI info - done
[0.561s] -- Check for working CXX compiler: /usr/bin/c++ - skipped
[0.561s] -- Detecting CXX compile features
[0.563s] -- Detecting CXX compile features - done
[0.568s] -- Found ament_cmake: 1.3.10 (/opt/ros/humble/share/ament_cmake/cmake)
[1.381s] -- Found Python3: /usr/bin/python3 (found version "3.10.12") found components: Interpreter 
[1.578s] -- Found rosidl_default_generators: 1.2.0 (/opt/ros/humble/share/rosidl_default_generators/cmake)
[1.585s] -- Using all available rosidl_typesupport_c: rosidl_typesupport_fastrtps_c;rosidl_typesupport_introspection_c
[1.600s] -- Found rosidl_adapter: 3.1.5 (/opt/ros/humble/share/rosidl_adapter/cmake)
[1.683s] -- Using all available rosidl_typesupport_cpp: rosidl_typesupport_fastrtps_cpp;rosidl_typesupport_introspection_cpp
[1.754s] -- Found builtin_interfaces: 1.2.1 (/opt/ros/humble/share/builtin_interfaces/cmake)
[1.781s] -- Found std_msgs: 4.2.4 (/opt/ros/humble/share/std_msgs/cmake)
[1.805s] -- Found sensor_msgs: 4.2.4 (/opt/ros/humble/share/sensor_msgs/cmake)
[2.540s] -- Found ament_cmake_cppcheck: 0.12.11 (/opt/ros/humble/share/ament_cmake_cppcheck/cmake)
[2.546s] -- Found ament_cmake_cpplint: 0.12.11 (/opt/ros/humble/share/ament_cmake_cpplint/cmake)
[2.551s] -- Found ament_cmake_uncrustify: 0.12.11 (/opt/ros/humble/share/ament_cmake_uncrustify/cmake)
[2.556s] -- Found ament_cmake_ros: 0.10.0 (/opt/ros/humble/share/ament_cmake_ros/cmake)
[3.145s] -- Using all available rosidl_typesupport_c: rosidl_typesupport_fastrtps_c;rosidl_typesupport_introspection_c
[3.898s] -- Using all available rosidl_typesupport_cpp: rosidl_typesupport_fastrtps_cpp;rosidl_typesupport_introspection_cpp
[3.947s] -- Found PythonInterp: /usr/bin/python3 (found suitable version "3.10.12", minimum required is "3.6") 
[3.951s] -- Found python_cmake_module: 0.10.0 (/opt/ros/humble/share/python_cmake_module/cmake)
[4.004s] -- Found PythonLibs: /usr/lib/aarch64-linux-gnu/libpython3.10.so (found suitable version "3.10.12", minimum required is "3.5") 
[4.004s] -- Using PYTHON_EXECUTABLE: /usr/bin/python3
[4.004s] -- Using PYTHON_INCLUDE_DIRS: /usr/include/python3.10
[4.005s] -- Using PYTHON_LIBRARIES: /usr/lib/aarch64-linux-gnu/libpython3.10.so
[4.049s] -- Found PythonExtra: .so  
[4.198s] -- Found ament_cmake_flake8: 0.12.11 (/opt/ros/humble/share/ament_cmake_flake8/cmake)
[4.202s] -- Found ament_cmake_pep257: 0.12.11 (/opt/ros/humble/share/ament_cmake_pep257/cmake)
[4.218s] -- Configuring done
[4.305s] -- Generating done
[4.311s] -- Build files have been written to: /home/orin/Prototype_Military/prototype_military/build/realsense2_camera_msgs
