[0.665s] Invoking command in '/home/hansol/project/build/limo_ros2_application': PYTHONPATH=/home/hansol/project/build/limo_ros2_application/prefix_override:/home/hansol/project/install/limo_ros2_application/lib/python3.10/site-packages:${PYTHONPATH} /usr/bin/python3 -W ignore:setup.py install is deprecated setup.py develop --editable --build-directory /home/hansol/project/build/limo_ros2_application/build --no-deps symlink_data
[0.848s] running develop
[0.982s] running egg_info
[0.983s] writing limo_ros2_application.egg-info/PKG-INFO
[0.983s] writing dependency_links to limo_ros2_application.egg-info/dependency_links.txt
[0.983s] writing entry points to limo_ros2_application.egg-info/entry_points.txt
[0.983s] writing requirements to limo_ros2_application.egg-info/requires.txt
[0.983s] writing top-level names to limo_ros2_application.egg-info/top_level.txt
[0.985s] reading manifest file 'limo_ros2_application.egg-info/SOURCES.txt'
[0.985s] writing manifest file 'limo_ros2_application.egg-info/SOURCES.txt'
[0.987s] running build_ext
[0.987s] Creating /home/hansol/project/install/limo_ros2_application/lib/python3.10/site-packages/limo-ros2-application.egg-link (link to .)
[0.988s] Installing detect_line script to /home/hansol/project/install/limo_ros2_application/lib/limo_ros2_application
[0.988s] Installing limo_control script to /home/hansol/project/install/limo_ros2_application/lib/limo_ros2_application
[0.988s] Installing limo_e_stop script to /home/hansol/project/install/limo_ros2_application/lib/limo_ros2_application
[0.988s] Installing move_limo script to /home/hansol/project/install/limo_ros2_application/lib/limo_ros2_application
[0.988s] 
[0.989s] Installed /home/hansol/project/build/limo_ros2_application
[0.989s] running symlink_data
[1.019s] Invoked command in '/home/hansol/project/build/limo_ros2_application' returned '0': PYTHONPATH=/home/hansol/project/build/limo_ros2_application/prefix_override:/home/hansol/project/install/limo_ros2_application/lib/python3.10/site-packages:${PYTHONPATH} /usr/bin/python3 -W ignore:setup.py install is deprecated setup.py develop --editable --build-directory /home/hansol/project/build/limo_ros2_application/build --no-deps symlink_data
