[0.030s] Invoking command in '/home/orin/Prototype_Military/prototype_military/build/prototype_motor': CMAKE_PREFIX_PATH=${CMAKE_PREFIX_PATH}:/home/orin/Prototype_Military/prototype_military/install/yolov8_ros:/home/orin/Prototype_Military/prototype_military/install/prototype_move:/opt/ros/humble /usr/bin/cmake /home/orin/Prototype_Military/prototype_military/src/prototype_motor -DCMAKE_INSTALL_PREFIX=/home/orin/Prototype_Military/prototype_military/install/prototype_motor
[0.120s] -- The C compiler identification is GNU 11.4.0
[0.215s] -- The CXX compiler identification is GNU 11.4.0
[0.227s] -- Detecting C compiler ABI info
[0.346s] -- Detecting C compiler ABI info - done
[0.358s] -- Check for working C compiler: /usr/bin/cc - skipped
[0.358s] -- Detecting C compile features
[0.360s] -- Detecting C compile features - done
[0.365s] -- Detecting CXX compiler ABI info
[0.504s] -- Detecting CXX compiler ABI info - done
[0.517s] -- Check for working CXX compiler: /usr/bin/c++ - skipped
[0.518s] -- Detecting CXX compile features
[0.519s] -- Detecting CXX compile features - done
[0.522s] -- Found ament_cmake: 1.3.10 (/opt/ros/humble/share/ament_cmake/cmake)
[1.282s] -- Found Python3: /usr/bin/python3 (found version "3.10.12") found components: Interpreter 
[1.448s] -- Found rclcpp: 16.0.10 (/opt/ros/humble/share/rclcpp/cmake)
[1.514s] -- Found rosidl_generator_c: 3.1.5 (/opt/ros/humble/share/rosidl_generator_c/cmake)
[1.521s] -- Found rosidl_adapter: 3.1.5 (/opt/ros/humble/share/rosidl_adapter/cmake)
[1.534s] -- Found rosidl_generator_cpp: 3.1.5 (/opt/ros/humble/share/rosidl_generator_cpp/cmake)
[1.555s] -- Using all available rosidl_typesupport_c: rosidl_typesupport_fastrtps_c;rosidl_typesupport_introspection_c
[1.583s] -- Using all available rosidl_typesupport_cpp: rosidl_typesupport_fastrtps_cpp;rosidl_typesupport_introspection_cpp
[1.657s] -- Found rmw_implementation_cmake: 6.1.2 (/opt/ros/humble/share/rmw_implementation_cmake/cmake)
[1.661s] -- Found rmw_fastrtps_cpp: 6.2.7 (/opt/ros/humble/share/rmw_fastrtps_cpp/cmake)
[1.807s] -- Found OpenSSL: /usr/lib/aarch64-linux-gnu/libcrypto.so (found version "3.0.2")  
[1.856s] -- Found FastRTPS: /opt/ros/humble/include  
[1.928s] -- Using RMW implementation 'rmw_fastrtps_cpp' as default
[1.941s] -- Looking for pthread.h
[2.069s] -- Looking for pthread.h - found
[2.069s] -- Performing Test CMAKE_HAVE_LIBC_PTHREAD
[2.199s] -- Performing Test CMAKE_HAVE_LIBC_PTHREAD - Success
[2.201s] -- Found Threads: TRUE  
[2.295s] -- Found sensor_msgs: 4.2.4 (/opt/ros/humble/share/sensor_msgs/cmake)
[2.364s] -- Found Boost: /usr/lib/aarch64-linux-gnu/cmake/Boost-1.74.0/BoostConfig.cmake (found version "1.74.0") found components: system 
[2.367s] -- Found ament_lint_auto: 0.12.11 (/opt/ros/humble/share/ament_lint_auto/cmake)
[2.524s] -- Added test 'cppcheck' to perform static code analysis on C / C++ code
[2.524s] -- Configured cppcheck include dirs: /home/orin/Prototype_Military/prototype_military/src/prototype_motor/include
[2.525s] -- Configured cppcheck exclude dirs and/or files: 
[2.526s] -- Added test 'lint_cmake' to check CMake code style
[2.528s] -- Added test 'uncrustify' to check C / C++ code style
[2.528s] -- Configured uncrustify additional arguments: 
[2.529s] -- Added test 'xmllint' to check XML markup files
[2.531s] -- Configuring done
[2.552s] -- Generating done
[2.556s] -- Build files have been written to: /home/orin/Prototype_Military/prototype_military/build/prototype_motor
[2.576s] Invoked command in '/home/orin/Prototype_Military/prototype_military/build/prototype_motor' returned '0': CMAKE_PREFIX_PATH=${CMAKE_PREFIX_PATH}:/home/orin/Prototype_Military/prototype_military/install/yolov8_ros:/home/orin/Prototype_Military/prototype_military/install/prototype_move:/opt/ros/humble /usr/bin/cmake /home/orin/Prototype_Military/prototype_military/src/prototype_motor -DCMAKE_INSTALL_PREFIX=/home/orin/Prototype_Military/prototype_military/install/prototype_motor
[2.579s] Invoking command in '/home/orin/Prototype_Military/prototype_military/build/prototype_motor': CMAKE_PREFIX_PATH=${CMAKE_PREFIX_PATH}:/home/orin/Prototype_Military/prototype_military/install/yolov8_ros:/home/orin/Prototype_Military/prototype_military/install/prototype_move:/opt/ros/humble /usr/bin/cmake --build /home/orin/Prototype_Military/prototype_military/build/prototype_motor -- -j12 -l12
[2.665s] [ 50%] [32mBuilding CXX object CMakeFiles/nurimotor.dir/src/nurimotor_control.cpp.o[0m
[16.945s] [100%] [32m[1mLinking CXX executable nurimotor[0m
[17.149s] [100%] Built target nurimotor
[17.168s] Invoked command in '/home/orin/Prototype_Military/prototype_military/build/prototype_motor' returned '0': CMAKE_PREFIX_PATH=${CMAKE_PREFIX_PATH}:/home/orin/Prototype_Military/prototype_military/install/yolov8_ros:/home/orin/Prototype_Military/prototype_military/install/prototype_move:/opt/ros/humble /usr/bin/cmake --build /home/orin/Prototype_Military/prototype_military/build/prototype_motor -- -j12 -l12
[17.206s] Invoking command in '/home/orin/Prototype_Military/prototype_military/build/prototype_motor': CMAKE_PREFIX_PATH=${CMAKE_PREFIX_PATH}:/home/orin/Prototype_Military/prototype_military/install/yolov8_ros:/home/orin/Prototype_Military/prototype_military/install/prototype_move:/opt/ros/humble /usr/bin/cmake --install /home/orin/Prototype_Military/prototype_military/build/prototype_motor
[17.219s] -- Install configuration: ""
[17.219s] -- Installing: /home/orin/Prototype_Military/prototype_military/install/prototype_motor/lib/prototype_motor/nurimotor
[17.220s] -- Set runtime path of "/home/orin/Prototype_Military/prototype_military/install/prototype_motor/lib/prototype_motor/nurimotor" to ""
[17.221s] -- Installing: /home/orin/Prototype_Military/prototype_military/install/prototype_motor/share/ament_index/resource_index/package_run_dependencies/prototype_motor
[17.221s] -- Installing: /home/orin/Prototype_Military/prototype_military/install/prototype_motor/share/ament_index/resource_index/parent_prefix_path/prototype_motor
[17.221s] -- Installing: /home/orin/Prototype_Military/prototype_military/install/prototype_motor/share/prototype_motor/environment/ament_prefix_path.sh
[17.222s] -- Installing: /home/orin/Prototype_Military/prototype_military/install/prototype_motor/share/prototype_motor/environment/ament_prefix_path.dsv
[17.222s] -- Installing: /home/orin/Prototype_Military/prototype_military/install/prototype_motor/share/prototype_motor/environment/path.sh
[17.222s] -- Installing: /home/orin/Prototype_Military/prototype_military/install/prototype_motor/share/prototype_motor/environment/path.dsv
[17.222s] -- Installing: /home/orin/Prototype_Military/prototype_military/install/prototype_motor/share/prototype_motor/local_setup.bash
[17.223s] -- Installing: /home/orin/Prototype_Military/prototype_military/install/prototype_motor/share/prototype_motor/local_setup.sh
[17.223s] -- Installing: /home/orin/Prototype_Military/prototype_military/install/prototype_motor/share/prototype_motor/local_setup.zsh
[17.223s] -- Installing: /home/orin/Prototype_Military/prototype_military/install/prototype_motor/share/prototype_motor/local_setup.dsv
[17.223s] -- Installing: /home/orin/Prototype_Military/prototype_military/install/prototype_motor/share/prototype_motor/package.dsv
[17.224s] -- Installing: /home/orin/Prototype_Military/prototype_military/install/prototype_motor/share/ament_index/resource_index/packages/prototype_motor
[17.224s] -- Installing: /home/orin/Prototype_Military/prototype_military/install/prototype_motor/share/prototype_motor/cmake/prototype_motorConfig.cmake
[17.224s] -- Installing: /home/orin/Prototype_Military/prototype_military/install/prototype_motor/share/prototype_motor/cmake/prototype_motorConfig-version.cmake
[17.225s] -- Installing: /home/orin/Prototype_Military/prototype_military/install/prototype_motor/share/prototype_motor/package.xml
[17.228s] Invoked command in '/home/orin/Prototype_Military/prototype_military/build/prototype_motor' returned '0': CMAKE_PREFIX_PATH=${CMAKE_PREFIX_PATH}:/home/orin/Prototype_Military/prototype_military/install/yolov8_ros:/home/orin/Prototype_Military/prototype_military/install/prototype_move:/opt/ros/humble /usr/bin/cmake --install /home/orin/Prototype_Military/prototype_military/build/prototype_motor
