[3.180s] Invoking command in '/home/pi/Prototype_Military/prototype_military/src/prototype_move': PYTHONPATH=/home/pi/Prototype_Military/prototype_military/build/prototype_move/prefix_override:/usr/lib/python3/dist-packages/colcon_core/task/python/colcon_distutils_commands:/home/pi/Prototype_Military/prototype_military/install/prototype_move/lib/python3.10/site-packages:${PYTHONPATH} /usr/bin/python3 -W ignore:setup.py install is deprecated setup.py egg_info --egg-base ../../build/prototype_move build --build-base /home/pi/Prototype_Military/prototype_military/build/prototype_move/build install --record /home/pi/Prototype_Military/prototype_military/build/prototype_move/install.log --single-version-externally-managed install_data
[4.277s] running egg_info
[4.279s] writing ../../build/prototype_move/prototype_move.egg-info/PKG-INFO
[4.280s] writing dependency_links to ../../build/prototype_move/prototype_move.egg-info/dependency_links.txt
[4.281s] writing entry points to ../../build/prototype_move/prototype_move.egg-info/entry_points.txt
[4.282s] writing requirements to ../../build/prototype_move/prototype_move.egg-info/requires.txt
[4.283s] writing top-level names to ../../build/prototype_move/prototype_move.egg-info/top_level.txt
[4.291s] reading manifest file '../../build/prototype_move/prototype_move.egg-info/SOURCES.txt'
[4.295s] writing manifest file '../../build/prototype_move/prototype_move.egg-info/SOURCES.txt'
[4.297s] running build
[4.297s] running build_py
[4.298s] running install
[4.299s] running install_lib
[4.304s] running install_data
[4.306s] running install_egg_info
[4.313s] removing '/home/pi/Prototype_Military/prototype_military/install/prototype_move/lib/python3.10/site-packages/prototype_move-0.0.0-py3.10.egg-info' (and everything under it)
[4.315s] Copying ../../build/prototype_move/prototype_move.egg-info to /home/pi/Prototype_Military/prototype_military/install/prototype_move/lib/python3.10/site-packages/prototype_move-0.0.0-py3.10.egg-info
[4.321s] running install_scripts
[4.401s] Installing teleop_keyboard script to /home/pi/Prototype_Military/prototype_military/install/prototype_move/lib/prototype_move
[4.403s] writing list of installed files to '/home/pi/Prototype_Military/prototype_military/build/prototype_move/install.log'
[4.538s] Invoked command in '/home/pi/Prototype_Military/prototype_military/src/prototype_move' returned '0': PYTHONPATH=/home/pi/Prototype_Military/prototype_military/build/prototype_move/prefix_override:/usr/lib/python3/dist-packages/colcon_core/task/python/colcon_distutils_commands:/home/pi/Prototype_Military/prototype_military/install/prototype_move/lib/python3.10/site-packages:${PYTHONPATH} /usr/bin/python3 -W ignore:setup.py install is deprecated setup.py egg_info --egg-base ../../build/prototype_move build --build-base /home/pi/Prototype_Military/prototype_military/build/prototype_move/build install --record /home/pi/Prototype_Military/prototype_military/build/prototype_move/install.log --single-version-externally-managed install_data
