running develop
Removing /home/hansol/project/install/limo_ros2_application/lib/python3.10/site-packages/limo-ros2-application.egg-link (link to .)
running egg_info
writing ../../../build/limo_ros2_application/limo_ros2_application.egg-info/PKG-INFO
writing dependency_links to ../../../build/limo_ros2_application/limo_ros2_application.egg-info/dependency_links.txt
writing entry points to ../../../build/limo_ros2_application/limo_ros2_application.egg-info/entry_points.txt
writing requirements to ../../../build/limo_ros2_application/limo_ros2_application.egg-info/requires.txt
writing top-level names to ../../../build/limo_ros2_application/limo_ros2_application.egg-info/top_level.txt
reading manifest file '../../../build/limo_ros2_application/limo_ros2_application.egg-info/SOURCES.txt'
writing manifest file '../../../build/limo_ros2_application/limo_ros2_application.egg-info/SOURCES.txt'
running build
running build_py
creating /home/hansol/project/build/limo_ros2_application/build
creating /home/hansol/project/build/limo_ros2_application/build/lib
creating /home/hansol/project/build/limo_ros2_application/build/lib/limo_ros2_application
copying limo_ros2_application/limo_control.py -> /home/hansol/project/build/limo_ros2_application/build/lib/limo_ros2_application
copying limo_ros2_application/__init__.py -> /home/hansol/project/build/limo_ros2_application/build/lib/limo_ros2_application
copying limo_ros2_application/detect_line.py -> /home/hansol/project/build/limo_ros2_application/build/lib/limo_ros2_application
copying limo_ros2_application/limo_e_stop.py -> /home/hansol/project/build/limo_ros2_application/build/lib/limo_ros2_application
copying limo_ros2_application/move_limo.py -> /home/hansol/project/build/limo_ros2_application/build/lib/limo_ros2_application
running install
running install_lib
creating /home/hansol/project/install/limo_ros2_application/lib/python3.10/site-packages/limo_ros2_application
copying /home/hansol/project/build/limo_ros2_application/build/lib/limo_ros2_application/limo_control.py -> /home/hansol/project/install/limo_ros2_application/lib/python3.10/site-packages/limo_ros2_application
copying /home/hansol/project/build/limo_ros2_application/build/lib/limo_ros2_application/__init__.py -> /home/hansol/project/install/limo_ros2_application/lib/python3.10/site-packages/limo_ros2_application
copying /home/hansol/project/build/limo_ros2_application/build/lib/limo_ros2_application/detect_line.py -> /home/hansol/project/install/limo_ros2_application/lib/python3.10/site-packages/limo_ros2_application
copying /home/hansol/project/build/limo_ros2_application/build/lib/limo_ros2_application/limo_e_stop.py -> /home/hansol/project/install/limo_ros2_application/lib/python3.10/site-packages/limo_ros2_application
copying /home/hansol/project/build/limo_ros2_application/build/lib/limo_ros2_application/move_limo.py -> /home/hansol/project/install/limo_ros2_application/lib/python3.10/site-packages/limo_ros2_application
byte-compiling /home/hansol/project/install/limo_ros2_application/lib/python3.10/site-packages/limo_ros2_application/limo_control.py to limo_control.cpython-310.pyc
byte-compiling /home/hansol/project/install/limo_ros2_application/lib/python3.10/site-packages/limo_ros2_application/__init__.py to __init__.cpython-310.pyc
byte-compiling /home/hansol/project/install/limo_ros2_application/lib/python3.10/site-packages/limo_ros2_application/detect_line.py to detect_line.cpython-310.pyc
byte-compiling /home/hansol/project/install/limo_ros2_application/lib/python3.10/site-packages/limo_ros2_application/limo_e_stop.py to limo_e_stop.cpython-310.pyc
byte-compiling /home/hansol/project/install/limo_ros2_application/lib/python3.10/site-packages/limo_ros2_application/move_limo.py to move_limo.cpython-310.pyc
running install_data
copying resource/limo_ros2_application -> /home/hansol/project/install/limo_ros2_application/share/ament_index/resource_index/packages
copying package.xml -> /home/hansol/project/install/limo_ros2_application/share/limo_ros2_application
copying launch/application_launch.py -> /home/hansol/project/install/limo_ros2_application/share/limo_ros2_application/launch
running install_egg_info
Copying ../../../build/limo_ros2_application/limo_ros2_application.egg-info to /home/hansol/project/install/limo_ros2_application/lib/python3.10/site-packages/limo_ros2_application-0.0.0-py3.10.egg-info
running install_scripts
Installing detect_line script to /home/hansol/project/install/limo_ros2_application/lib/limo_ros2_application
Installing limo_control script to /home/hansol/project/install/limo_ros2_application/lib/limo_ros2_application
Installing limo_e_stop script to /home/hansol/project/install/limo_ros2_application/lib/limo_ros2_application
Installing move_limo script to /home/hansol/project/install/limo_ros2_application/lib/limo_ros2_application
writing list of installed files to '/home/hansol/project/build/limo_ros2_application/install.log'
