[0.009s] Invoking command in '/home/hansol/prototype_military/build/prototype_motor': CMAKE_PREFIX_PATH=/opt/ros/humble /usr/bin/cmake /home/hansol/prototype_military/src/prototype_motor -DAMENT_CMAKE_SYMLINK_INSTALL=1 -DCMAKE_INSTALL_PREFIX=/home/hansol/prototype_military/install/prototype_motor
[0.016s] -- Found ament_cmake: 1.3.10 (/opt/ros/humble/share/ament_cmake/cmake)
[0.089s] -- Override CMake install command with custom implementation using symlinks instead of copying resources
[0.093s] -- Found rclcpp: 16.0.10 (/opt/ros/humble/share/rclcpp/cmake)
[0.111s] -- Found rosidl_generator_c: 3.1.5 (/opt/ros/humble/share/rosidl_generator_c/cmake)
[0.113s] -- Found rosidl_adapter: 3.1.5 (/opt/ros/humble/share/rosidl_adapter/cmake)
[0.116s] -- Found rosidl_generator_cpp: 3.1.5 (/opt/ros/humble/share/rosidl_generator_cpp/cmake)
[0.122s] -- Using all available rosidl_typesupport_c: rosidl_typesupport_fastrtps_c;rosidl_typesupport_introspection_c
[0.130s] -- Using all available rosidl_typesupport_cpp: rosidl_typesupport_fastrtps_cpp;rosidl_typesupport_introspection_cpp
[0.149s] -- Found rmw_implementation_cmake: 6.1.2 (/opt/ros/humble/share/rmw_implementation_cmake/cmake)
[0.150s] -- Found rmw_fastrtps_cpp: 6.2.7 (/opt/ros/humble/share/rmw_fastrtps_cpp/cmake)
[0.218s] -- Using RMW implementation 'rmw_fastrtps_cpp' as default
[0.248s] -- Found sensor_msgs: 4.2.4 (/opt/ros/humble/share/sensor_msgs/cmake)
[0.265s] -- Found ament_lint_auto: 0.12.11 (/opt/ros/humble/share/ament_lint_auto/cmake)
[0.318s] -- Added test 'cppcheck' to perform static code analysis on C / C++ code
[0.319s] -- Configured cppcheck include dirs: /home/hansol/prototype_military/src/prototype_motor/include
[0.319s] -- Configured cppcheck exclude dirs and/or files: 
[0.319s] -- Added test 'lint_cmake' to check CMake code style
[0.319s] -- Added test 'uncrustify' to check C / C++ code style
[0.319s] -- Configured uncrustify additional arguments: 
[0.319s] -- Added test 'xmllint' to check XML markup files
[0.320s] -- Configuring done
[0.325s] -- Generating done
[0.326s] -- Build files have been written to: /home/hansol/prototype_military/build/prototype_motor
[0.332s] Invoked command in '/home/hansol/prototype_military/build/prototype_motor' returned '0': CMAKE_PREFIX_PATH=/opt/ros/humble /usr/bin/cmake /home/hansol/prototype_military/src/prototype_motor -DAMENT_CMAKE_SYMLINK_INSTALL=1 -DCMAKE_INSTALL_PREFIX=/home/hansol/prototype_military/install/prototype_motor
[0.333s] Invoking command in '/home/hansol/prototype_military/build/prototype_motor': CMAKE_PREFIX_PATH=/opt/ros/humble /usr/bin/cmake --build /home/hansol/prototype_military/build/prototype_motor -- -j12 -l12
[0.361s] [ 50%] [32mBuilding CXX object CMakeFiles/nurimotor.dir/src/nurimotor_control.cpp.o[0m
[5.886s] [100%] [32m[1mLinking CXX executable nurimotor[0m
[6.148s] [100%] Built target nurimotor
[6.159s] Invoked command in '/home/hansol/prototype_military/build/prototype_motor' returned '0': CMAKE_PREFIX_PATH=/opt/ros/humble /usr/bin/cmake --build /home/hansol/prototype_military/build/prototype_motor -- -j12 -l12
[6.178s] Invoking command in '/home/hansol/prototype_military/build/prototype_motor': CMAKE_PREFIX_PATH=/opt/ros/humble /usr/bin/cmake --install /home/hansol/prototype_military/build/prototype_motor
[6.182s] -- Install configuration: ""
[6.182s] -- Execute custom install script
[6.182s] -- Symlinking: /home/hansol/prototype_military/install/prototype_motor/lib/prototype_motor/nurimotor
[6.187s] -- Symlinking: /home/hansol/prototype_military/install/prototype_motor/share/ament_index/resource_index/package_run_dependencies/prototype_motor
[6.192s] -- Symlinking: /home/hansol/prototype_military/install/prototype_motor/share/ament_index/resource_index/parent_prefix_path/prototype_motor
[6.197s] -- Symlinking: /home/hansol/prototype_military/install/prototype_motor/share/prototype_motor/environment/ament_prefix_path.sh
[6.202s] -- Symlinking: /home/hansol/prototype_military/install/prototype_motor/share/prototype_motor/environment/ament_prefix_path.dsv
[6.207s] -- Symlinking: /home/hansol/prototype_military/install/prototype_motor/share/prototype_motor/environment/path.sh
[6.211s] -- Symlinking: /home/hansol/prototype_military/install/prototype_motor/share/prototype_motor/environment/path.dsv
[6.216s] -- Symlinking: /home/hansol/prototype_military/install/prototype_motor/share/prototype_motor/local_setup.bash
[6.220s] -- Symlinking: /home/hansol/prototype_military/install/prototype_motor/share/prototype_motor/local_setup.sh
[6.225s] -- Symlinking: /home/hansol/prototype_military/install/prototype_motor/share/prototype_motor/local_setup.zsh
[6.230s] -- Symlinking: /home/hansol/prototype_military/install/prototype_motor/share/prototype_motor/local_setup.dsv
[6.234s] -- Symlinking: /home/hansol/prototype_military/install/prototype_motor/share/prototype_motor/package.dsv
[6.239s] -- Symlinking: /home/hansol/prototype_military/install/prototype_motor/share/ament_index/resource_index/packages/prototype_motor
[6.244s] -- Symlinking: /home/hansol/prototype_military/install/prototype_motor/share/prototype_motor/cmake/prototype_motorConfig.cmake
[6.249s] -- Symlinking: /home/hansol/prototype_military/install/prototype_motor/share/prototype_motor/cmake/prototype_motorConfig-version.cmake
[6.254s] -- Symlinking: /home/hansol/prototype_military/install/prototype_motor/share/prototype_motor/package.xml
[6.261s] Invoked command in '/home/hansol/prototype_military/build/prototype_motor' returned '0': CMAKE_PREFIX_PATH=/opt/ros/humble /usr/bin/cmake --install /home/hansol/prototype_military/build/prototype_motor
