[0.772s] Invoking command in '/home/hansol/project/build/limo_ros2_application': PYTHONPATH=/home/hansol/project/build/limo_ros2_application/prefix_override:/home/hansol/project/install/limo_ros2_application/lib/python3.10/site-packages:${PYTHONPATH} /usr/bin/python3 -W ignore:setup.py install is deprecated setup.py develop --editable --build-directory /home/hansol/project/build/limo_ros2_application/build --no-deps symlink_data
[1.037s] running develop
[1.180s] running egg_info
[1.180s] writing limo_ros2_application.egg-info/PKG-INFO
[1.181s] writing dependency_links to limo_ros2_application.egg-info/dependency_links.txt
[1.181s] writing entry points to limo_ros2_application.egg-info/entry_points.txt
[1.181s] writing requirements to limo_ros2_application.egg-info/requires.txt
[1.181s] writing top-level names to limo_ros2_application.egg-info/top_level.txt
[1.182s] reading manifest file 'limo_ros2_application.egg-info/SOURCES.txt'
[1.183s] writing manifest file 'limo_ros2_application.egg-info/SOURCES.txt'
[1.184s] running build_ext
[1.184s] Creating /home/hansol/project/install/limo_ros2_application/lib/python3.10/site-packages/limo-ros2-application.egg-link (link to .)
[1.185s] Installing detect_line script to /home/hansol/project/install/limo_ros2_application/lib/limo_ros2_application
[1.185s] Installing limo_control script to /home/hansol/project/install/limo_ros2_application/lib/limo_ros2_application
[1.185s] Installing limo_e_stop script to /home/hansol/project/install/limo_ros2_application/lib/limo_ros2_application
[1.185s] Installing move_limo script to /home/hansol/project/install/limo_ros2_application/lib/limo_ros2_application
[1.185s] 
[1.186s] Installed /home/hansol/project/build/limo_ros2_application
[1.186s] running symlink_data
[1.212s] Invoked command in '/home/hansol/project/build/limo_ros2_application' returned '0': PYTHONPATH=/home/hansol/project/build/limo_ros2_application/prefix_override:/home/hansol/project/install/limo_ros2_application/lib/python3.10/site-packages:${PYTHONPATH} /usr/bin/python3 -W ignore:setup.py install is deprecated setup.py develop --editable --build-directory /home/hansol/project/build/limo_ros2_application/build --no-deps symlink_data
