[0.700s] Invoking command in '/home/hansol/prototype_military/src/prototype_move': PYTHONPATH=/home/hansol/prototype_military/build/prototype_move/prefix_override:/usr/lib/python3/dist-packages/colcon_core/task/python/colcon_distutils_commands:/home/hansol/prototype_military/install/prototype_move/lib/python3.10/site-packages:${PYTHONPATH} /usr/bin/python3 -W ignore:setup.py install is deprecated setup.py egg_info --egg-base ../../build/prototype_move build --build-base /home/hansol/prototype_military/build/prototype_move/build install --record /home/hansol/prototype_military/build/prototype_move/install.log --single-version-externally-managed install_data
[0.853s] running egg_info
[0.853s] creating ../../build/prototype_move/prototype_move.egg-info
[0.853s] writing ../../build/prototype_move/prototype_move.egg-info/PKG-INFO
[0.854s] writing dependency_links to ../../build/prototype_move/prototype_move.egg-info/dependency_links.txt
[0.854s] writing entry points to ../../build/prototype_move/prototype_move.egg-info/entry_points.txt
[0.854s] writing requirements to ../../build/prototype_move/prototype_move.egg-info/requires.txt
[0.854s] writing top-level names to ../../build/prototype_move/prototype_move.egg-info/top_level.txt
[0.854s] writing manifest file '../../build/prototype_move/prototype_move.egg-info/SOURCES.txt'
[0.855s] reading manifest file '../../build/prototype_move/prototype_move.egg-info/SOURCES.txt'
[0.855s] writing manifest file '../../build/prototype_move/prototype_move.egg-info/SOURCES.txt'
[0.855s] running build
[0.855s] running build_py
[0.855s] creating /home/hansol/prototype_military/build/prototype_move/build
[0.855s] creating /home/hansol/prototype_military/build/prototype_move/build/lib
[0.856s] creating /home/hansol/prototype_military/build/prototype_move/build/lib/prototype_move
[0.856s] copying prototype_move/__init__.py -> /home/hansol/prototype_military/build/prototype_move/build/lib/prototype_move
[0.856s] copying prototype_move/teleop_keyboard.py -> /home/hansol/prototype_military/build/prototype_move/build/lib/prototype_move
[0.856s] running install
[0.856s] running install_lib
[0.856s] creating /home/hansol/prototype_military/install/prototype_move/lib/python3.10/site-packages/prototype_move
[0.856s] copying /home/hansol/prototype_military/build/prototype_move/build/lib/prototype_move/__init__.py -> /home/hansol/prototype_military/install/prototype_move/lib/python3.10/site-packages/prototype_move
[0.856s] copying /home/hansol/prototype_military/build/prototype_move/build/lib/prototype_move/teleop_keyboard.py -> /home/hansol/prototype_military/install/prototype_move/lib/python3.10/site-packages/prototype_move
[0.856s] byte-compiling /home/hansol/prototype_military/install/prototype_move/lib/python3.10/site-packages/prototype_move/__init__.py to __init__.cpython-310.pyc
[0.856s] byte-compiling /home/hansol/prototype_military/install/prototype_move/lib/python3.10/site-packages/prototype_move/teleop_keyboard.py to teleop_keyboard.cpython-310.pyc
[0.857s] running install_data
[0.857s] creating /home/hansol/prototype_military/install/prototype_move/share/ament_index
[0.857s] creating /home/hansol/prototype_military/install/prototype_move/share/ament_index/resource_index
[0.857s] creating /home/hansol/prototype_military/install/prototype_move/share/ament_index/resource_index/packages
[0.857s] copying resource/prototype_move -> /home/hansol/prototype_military/install/prototype_move/share/ament_index/resource_index/packages
[0.857s] copying package.xml -> /home/hansol/prototype_military/install/prototype_move/share/prototype_move
[0.857s] creating /home/hansol/prototype_military/install/prototype_move/share/prototype_move/launch
[0.857s] copying launch/prototype_move_launch.py -> /home/hansol/prototype_military/install/prototype_move/share/prototype_move/launch
[0.857s] running install_egg_info
[0.858s] Copying ../../build/prototype_move/prototype_move.egg-info to /home/hansol/prototype_military/install/prototype_move/lib/python3.10/site-packages/prototype_move-0.0.0-py3.10.egg-info
[0.858s] running install_scripts
[0.872s] Installing teleop_keyboard script to /home/hansol/prototype_military/install/prototype_move/lib/prototype_move
[0.872s] writing list of installed files to '/home/hansol/prototype_military/build/prototype_move/install.log'
[0.889s] Invoked command in '/home/hansol/prototype_military/src/prototype_move' returned '0': PYTHONPATH=/home/hansol/prototype_military/build/prototype_move/prefix_override:/usr/lib/python3/dist-packages/colcon_core/task/python/colcon_distutils_commands:/home/hansol/prototype_military/install/prototype_move/lib/python3.10/site-packages:${PYTHONPATH} /usr/bin/python3 -W ignore:setup.py install is deprecated setup.py egg_info --egg-base ../../build/prototype_move build --build-base /home/hansol/prototype_military/build/prototype_move/build install --record /home/hansol/prototype_military/build/prototype_move/install.log --single-version-externally-managed install_data
