[0.019s] Invoking command in '/home/hansol/project/build/limo_description': CMAKE_PREFIX_PATH=${CMAKE_PREFIX_PATH}:/home/hansol/project/install/limo_ros2_application:/opt/ros/humble:/home/hansol/project/install/prototype_move /usr/bin/cmake --build /home/hansol/project/build/limo_description -- -j12 -l12
[0.439s] Invoked command in '/home/hansol/project/build/limo_description' returned '0': CMAKE_PREFIX_PATH=${CMAKE_PREFIX_PATH}:/home/hansol/project/install/limo_ros2_application:/opt/ros/humble:/home/hansol/project/install/prototype_move /usr/bin/cmake --build /home/hansol/project/build/limo_description -- -j12 -l12
[0.460s] Invoking command in '/home/hansol/project/build/limo_description': CMAKE_PREFIX_PATH=${CMAKE_PREFIX_PATH}:/home/hansol/project/install/limo_ros2_application:/opt/ros/humble:/home/hansol/project/install/prototype_move /usr/bin/cmake --install /home/hansol/project/build/limo_description
[0.471s] -- Install configuration: ""
[0.471s] -- Execute custom install script
[0.472s] -- Up-to-date symlink: /home/hansol/project/install/limo_description/share/limo_description/launch/display_models_diff.launch.py
[0.473s] -- Up-to-date symlink: /home/hansol/project/install/limo_description/share/limo_description/launch/display_models_diff.launch.py:Zone.Identifier
[0.473s] -- Up-to-date symlink: /home/hansol/project/install/limo_description/share/limo_description/launch/gazebo_models_diff.launch.py
[0.473s] -- Up-to-date symlink: /home/hansol/project/install/limo_description/share/limo_description/launch/gazebo_models_diff.launch.py:Zone.Identifier
[0.473s] -- Up-to-date symlink: /home/hansol/project/install/limo_description/share/limo_description/meshes/limo_base.dae
[0.474s] -- Up-to-date symlink: /home/hansol/project/install/limo_description/share/limo_description/meshes/limo_base.dae:Zone.Identifier
[0.474s] -- Up-to-date symlink: /home/hansol/project/install/limo_description/share/limo_description/meshes/limo_base.stl
[0.474s] -- Up-to-date symlink: /home/hansol/project/install/limo_description/share/limo_description/meshes/limo_base.stl:Zone.Identifier
[0.475s] -- Up-to-date symlink: /home/hansol/project/install/limo_description/share/limo_description/meshes/limo_wheel.dae
[0.475s] -- Up-to-date symlink: /home/hansol/project/install/limo_description/share/limo_description/meshes/limo_wheel.dae:Zone.Identifier
[0.476s] -- Up-to-date symlink: /home/hansol/project/install/limo_description/share/limo_description/meshes/limo_wheel.stl
[0.476s] -- Up-to-date symlink: /home/hansol/project/install/limo_description/share/limo_description/meshes/limo_wheel.stl:Zone.Identifier
[0.476s] -- Up-to-date symlink: /home/hansol/project/install/limo_description/share/limo_description/rviz/model_display.rviz
[0.476s] -- Up-to-date symlink: /home/hansol/project/install/limo_description/share/limo_description/rviz/model_display.rviz:Zone.Identifier
[0.476s] -- Up-to-date symlink: /home/hansol/project/install/limo_description/share/limo_description/rviz/urdf.rviz
[0.477s] -- Up-to-date symlink: /home/hansol/project/install/limo_description/share/limo_description/rviz/urdf.rviz:Zone.Identifier
[0.477s] -- Up-to-date symlink: /home/hansol/project/install/limo_description/share/limo_description/urdf/limo_ackerman.gazebo
[0.477s] -- Up-to-date symlink: /home/hansol/project/install/limo_description/share/limo_description/urdf/limo_ackerman.gazebo:Zone.Identifier
[0.477s] -- Up-to-date symlink: /home/hansol/project/install/limo_description/share/limo_description/urdf/limo_ackerman.xacro
[0.478s] -- Up-to-date symlink: /home/hansol/project/install/limo_description/share/limo_description/urdf/limo_ackerman.xacro:Zone.Identifier
[0.478s] -- Up-to-date symlink: /home/hansol/project/install/limo_description/share/limo_description/urdf/limo_four_diff.gazebo
[0.478s] -- Up-to-date symlink: /home/hansol/project/install/limo_description/share/limo_description/urdf/limo_four_diff.gazebo:Zone.Identifier
[0.478s] -- Up-to-date symlink: /home/hansol/project/install/limo_description/share/limo_description/urdf/limo_four_diff.xacro
[0.479s] -- Up-to-date symlink: /home/hansol/project/install/limo_description/share/limo_description/urdf/limo_four_diff.xacro:Zone.Identifier
[0.479s] -- Up-to-date symlink: /home/hansol/project/install/limo_description/share/limo_description/urdf/limo_four_diff_2.gazebo
[0.479s] -- Up-to-date symlink: /home/hansol/project/install/limo_description/share/limo_description/urdf/limo_four_diff_2.gazebo:Zone.Identifier
[0.479s] -- Up-to-date symlink: /home/hansol/project/install/limo_description/share/limo_description/urdf/limo_gazebo.gazebo
[0.480s] -- Up-to-date symlink: /home/hansol/project/install/limo_description/share/limo_description/urdf/limo_gazebo.gazebo:Zone.Identifier
[0.480s] -- Up-to-date symlink: /home/hansol/project/install/limo_description/share/limo_description/urdf/limo_steering_hinge.xacro
[0.480s] -- Up-to-date symlink: /home/hansol/project/install/limo_description/share/limo_description/urdf/limo_steering_hinge.xacro:Zone.Identifier
[0.481s] -- Up-to-date symlink: /home/hansol/project/install/limo_description/share/limo_description/urdf/limo_xacro.xacro
[0.481s] -- Up-to-date symlink: /home/hansol/project/install/limo_description/share/limo_description/urdf/limo_xacro.xacro:Zone.Identifier
[0.481s] -- Up-to-date symlink: /home/hansol/project/install/limo_description/share/ament_index/resource_index/package_run_dependencies/limo_description
[0.481s] -- Up-to-date symlink: /home/hansol/project/install/limo_description/share/ament_index/resource_index/parent_prefix_path/limo_description
[0.482s] -- Up-to-date symlink: /home/hansol/project/install/limo_description/share/limo_description/environment/ament_prefix_path.sh
[0.482s] -- Up-to-date symlink: /home/hansol/project/install/limo_description/share/limo_description/environment/ament_prefix_path.dsv
[0.482s] -- Up-to-date symlink: /home/hansol/project/install/limo_description/share/limo_description/environment/path.sh
[0.482s] -- Up-to-date symlink: /home/hansol/project/install/limo_description/share/limo_description/environment/path.dsv
[0.483s] -- Up-to-date symlink: /home/hansol/project/install/limo_description/share/limo_description/local_setup.bash
[0.483s] -- Up-to-date symlink: /home/hansol/project/install/limo_description/share/limo_description/local_setup.sh
[0.483s] -- Up-to-date symlink: /home/hansol/project/install/limo_description/share/limo_description/local_setup.zsh
[0.483s] -- Up-to-date symlink: /home/hansol/project/install/limo_description/share/limo_description/local_setup.dsv
[0.483s] -- Symlinking: /home/hansol/project/install/limo_description/share/limo_description/package.dsv
[0.498s] -- Up-to-date symlink: /home/hansol/project/install/limo_description/share/ament_index/resource_index/packages/limo_description
[0.499s] -- Up-to-date symlink: /home/hansol/project/install/limo_description/share/limo_description/cmake/limo_descriptionConfig.cmake
[0.500s] -- Up-to-date symlink: /home/hansol/project/install/limo_description/share/limo_description/cmake/limo_descriptionConfig-version.cmake
[0.501s] -- Up-to-date symlink: /home/hansol/project/install/limo_description/share/limo_description/package.xml
[0.503s] Invoked command in '/home/hansol/project/build/limo_description' returned '0': CMAKE_PREFIX_PATH=${CMAKE_PREFIX_PATH}:/home/hansol/project/install/limo_ros2_application:/opt/ros/humble:/home/hansol/project/install/prototype_move /usr/bin/cmake --install /home/hansol/project/build/limo_description
