-- Found ament_cmake: 1.3.8 (/opt/ros/humble/share/ament_cmake/cmake)
-- Override CMake install command with custom implementation using symlinks instead of copying resources
-- Found rosidl_default_generators: 1.2.0 (/opt/ros/humble/share/rosidl_default_generators/cmake)
-- Using all available rosidl_typesupport_c: rosidl_typesupport_fastrtps_c;rosidl_typesupport_introspection_c
-- Found rosidl_adapter: 3.1.5 (/opt/ros/humble/share/rosidl_adapter/cmake)
-- Using all available rosidl_typesupport_cpp: rosidl_typesupport_fastrtps_cpp;rosidl_typesupport_introspection_cpp
-- Found ament_cmake_ros: 0.10.0 (/opt/ros/humble/share/ament_cmake_ros/cmake)
-- Using all available rosidl_typesupport_c: rosidl_typesupport_fastrtps_c;rosidl_typesupport_introspection_c
-- Using all available rosidl_typesupport_cpp: rosidl_typesupport_fastrtps_cpp;rosidl_typesupport_introspection_cpp
-- Found python_cmake_module: 0.10.0 (/opt/ros/humble/share/python_cmake_module/cmake)
-- Using PYTHON_EXECUTABLE: /usr/bin/python3
-- Using PYTHON_INCLUDE_DIRS: /usr/include/python3.10
-- Using PYTHON_LIBRARIES: /usr/lib/x86_64-linux-gnu/libpython3.10.so
-- Found ament_lint_auto: 0.12.10 (/opt/ros/humble/share/ament_lint_auto/cmake)
-- Added test 'lint_cmake' to check CMake code style
-- Added test 'xmllint' to check XML markup files
-- Configuring done
-- Generating done
-- Build files have been written to: /home/hansol/project/build/prototype_msg
[  2%] [34m[1mGenerating C code for ROS interfaces[0m
[  5%] [34m[1mGenerating C++ code for ROS interfaces[0m
[  5%] Built target ament_cmake_python_symlink_prototype_msg
running egg_info
writing prototype_msg.egg-info/PKG-INFO
writing dependency_links to prototype_msg.egg-info/dependency_links.txt
writing top-level names to prototype_msg.egg-info/top_level.txt
reading manifest file 'prototype_msg.egg-info/SOURCES.txt'
writing manifest file 'prototype_msg.egg-info/SOURCES.txt'
[  5%] Built target ament_cmake_python_build_prototype_msg_egg
[  5%] Built target prototype_msg__cpp
[  7%] [34m[1mGenerating C++ type support dispatch for ROS interfaces[0m
[ 12%] [34m[1mGenerating C++ type support for eProsima Fast-RTPS[0m
[ 12%] [34m[1mGenerating C++ introspection for ROS interfaces[0m
[35m[1mConsolidate compiler generated dependencies of target prototype_msg__rosidl_generator_c[0m
[ 15%] [32mBuilding C object CMakeFiles/prototype_msg__rosidl_generator_c.dir/rosidl_generator_c/prototype_msg/action/detail/odometryaction__functions.c.o[0m
[ 17%] [32mBuilding C object CMakeFiles/prototype_msg__rosidl_generator_c.dir/rosidl_generator_c/prototype_msg/action/detail/movefeedback__functions.c.o[0m
[ 20%] [32m[1mLinking C shared library libprototype_msg__rosidl_generator_c.so[0m
[ 20%] Built target prototype_msg__rosidl_generator_c
[ 25%] [34m[1mGenerating C introspection for ROS interfaces[0m
[ 25%] [34m[1mGenerating C type support dispatch for ROS interfaces[0m
[ 28%] [34m[1mGenerating C type support for eProsima Fast-RTPS[0m
[35m[1mConsolidate compiler generated dependencies of target prototype_msg__rosidl_typesupport_cpp[0m
[ 30%] [32mBuilding CXX object CMakeFiles/prototype_msg__rosidl_typesupport_cpp.dir/rosidl_typesupport_cpp/prototype_msg/action/odometryaction__type_support.cpp.o[0m
[ 33%] [32mBuilding CXX object CMakeFiles/prototype_msg__rosidl_typesupport_cpp.dir/rosidl_typesupport_cpp/prototype_msg/action/movefeedback__type_support.cpp.o[0m
[35m[1mConsolidate compiler generated dependencies of target prototype_msg__rosidl_typesupport_introspection_cpp[0m
[ 35%] [32mBuilding CXX object CMakeFiles/prototype_msg__rosidl_typesupport_introspection_cpp.dir/rosidl_typesupport_introspection_cpp/prototype_msg/action/detail/odometryaction__type_support.cpp.o[0m
[ 38%] [32mBuilding CXX object CMakeFiles/prototype_msg__rosidl_typesupport_introspection_cpp.dir/rosidl_typesupport_introspection_cpp/prototype_msg/action/detail/movefeedback__type_support.cpp.o[0m
[35m[1mConsolidate compiler generated dependencies of target prototype_msg__rosidl_typesupport_fastrtps_cpp[0m
[ 41%] [32mBuilding CXX object CMakeFiles/prototype_msg__rosidl_typesupport_fastrtps_cpp.dir/rosidl_typesupport_fastrtps_cpp/prototype_msg/action/detail/dds_fastrtps/odometryaction__type_support.cpp.o[0m
[ 43%] [32mBuilding CXX object CMakeFiles/prototype_msg__rosidl_typesupport_fastrtps_cpp.dir/rosidl_typesupport_fastrtps_cpp/prototype_msg/action/detail/dds_fastrtps/movefeedback__type_support.cpp.o[0m
[35m[1mConsolidate compiler generated dependencies of target prototype_msg__rosidl_typesupport_c[0m
[ 46%] [32mBuilding CXX object CMakeFiles/prototype_msg__rosidl_typesupport_c.dir/rosidl_typesupport_c/prototype_msg/action/odometryaction__type_support.cpp.o[0m
[ 48%] [32mBuilding CXX object CMakeFiles/prototype_msg__rosidl_typesupport_c.dir/rosidl_typesupport_c/prototype_msg/action/movefeedback__type_support.cpp.o[0m
[ 51%] [32m[1mLinking CXX shared library libprototype_msg__rosidl_typesupport_c.so[0m
[ 51%] Built target prototype_msg__rosidl_typesupport_c
[35m[1mConsolidate compiler generated dependencies of target prototype_msg__rosidl_typesupport_introspection_c[0m
[ 53%] [32mBuilding C object CMakeFiles/prototype_msg__rosidl_typesupport_introspection_c.dir/rosidl_typesupport_introspection_c/prototype_msg/action/detail/movefeedback__type_support.c.o[0m
[ 56%] [32mBuilding C object CMakeFiles/prototype_msg__rosidl_typesupport_introspection_c.dir/rosidl_typesupport_introspection_c/prototype_msg/action/detail/odometryaction__type_support.c.o[0m
[35m[1mConsolidate compiler generated dependencies of target prototype_msg__rosidl_typesupport_fastrtps_c[0m
[ 61%] [32mBuilding CXX object CMakeFiles/prototype_msg__rosidl_typesupport_fastrtps_c.dir/rosidl_typesupport_fastrtps_c/prototype_msg/action/detail/movefeedback__type_support_c.cpp.o[0m
[ 61%] [32mBuilding CXX object CMakeFiles/prototype_msg__rosidl_typesupport_fastrtps_c.dir/rosidl_typesupport_fastrtps_c/prototype_msg/action/detail/odometryaction__type_support_c.cpp.o[0m
[ 64%] [32m[1mLinking CXX shared library libprototype_msg__rosidl_typesupport_cpp.so[0m
[ 66%] [32m[1mLinking C shared library libprototype_msg__rosidl_typesupport_introspection_c.so[0m
[ 66%] Built target prototype_msg__rosidl_typesupport_cpp
[ 66%] Built target prototype_msg__rosidl_typesupport_introspection_c
[ 69%] [32m[1mLinking CXX shared library libprototype_msg__rosidl_typesupport_introspection_cpp.so[0m
[ 69%] Built target prototype_msg__rosidl_typesupport_introspection_cpp
[ 71%] [32m[1mLinking CXX shared library libprototype_msg__rosidl_typesupport_fastrtps_cpp.so[0m
[ 74%] [32m[1mLinking CXX shared library libprototype_msg__rosidl_typesupport_fastrtps_c.so[0m
[ 74%] Built target prototype_msg__rosidl_typesupport_fastrtps_cpp
[ 74%] Built target prototype_msg__rosidl_typesupport_fastrtps_c
[ 74%] Built target prototype_msg
[ 76%] [34m[1mGenerating Python code for ROS interfaces[0m
[ 76%] Built target prototype_msg__py
[35m[1mConsolidate compiler generated dependencies of target prototype_msg__rosidl_generator_py[0m
[ 82%] [32mBuilding C object CMakeFiles/prototype_msg__rosidl_generator_py.dir/rosidl_generator_py/prototype_msg/action/_odometryaction_s.c.o[0m
[ 82%] [32mBuilding C object CMakeFiles/prototype_msg__rosidl_generator_py.dir/rosidl_generator_py/prototype_msg/action/_movefeedback_s.c.o[0m
[ 84%] [32m[1mLinking C shared library rosidl_generator_py/prototype_msg/libprototype_msg__rosidl_generator_py.so[0m
[ 84%] Built target prototype_msg__rosidl_generator_py
[35m[1mConsolidate compiler generated dependencies of target prototype_msg__rosidl_typesupport_fastrtps_c__pyext[0m
[35m[1mConsolidate compiler generated dependencies of target prototype_msg__rosidl_typesupport_introspection_c__pyext[0m
[35m[1mConsolidate compiler generated dependencies of target prototype_msg__rosidl_typesupport_c__pyext[0m
[ 89%] [32mBuilding C object CMakeFiles/prototype_msg__rosidl_typesupport_fastrtps_c__pyext.dir/rosidl_generator_py/prototype_msg/_prototype_msg_s.ep.rosidl_typesupport_fastrtps_c.c.o[0m
[ 89%] [32mBuilding C object CMakeFiles/prototype_msg__rosidl_typesupport_introspection_c__pyext.dir/rosidl_generator_py/prototype_msg/_prototype_msg_s.ep.rosidl_typesupport_introspection_c.c.o[0m
[ 92%] [32mBuilding C object CMakeFiles/prototype_msg__rosidl_typesupport_c__pyext.dir/rosidl_generator_py/prototype_msg/_prototype_msg_s.ep.rosidl_typesupport_c.c.o[0m
[ 94%] [32m[1mLinking C shared library rosidl_generator_py/prototype_msg/prototype_msg_s__rosidl_typesupport_introspection_c.cpython-310-x86_64-linux-gnu.so[0m
[ 97%] [32m[1mLinking C shared library rosidl_generator_py/prototype_msg/prototype_msg_s__rosidl_typesupport_fastrtps_c.cpython-310-x86_64-linux-gnu.so[0m
[ 97%] Built target prototype_msg__rosidl_typesupport_introspection_c__pyext
[100%] [32m[1mLinking C shared library rosidl_generator_py/prototype_msg/prototype_msg_s__rosidl_typesupport_c.cpython-310-x86_64-linux-gnu.so[0m
[100%] Built target prototype_msg__rosidl_typesupport_fastrtps_c__pyext
[100%] Built target prototype_msg__rosidl_typesupport_c__pyext
-- Install configuration: ""
-- Execute custom install script
-- Up-to-date symlink: /home/hansol/project/install/prototype_msg/share/ament_index/resource_index/rosidl_interfaces/prototype_msg
-- Up-to-date symlink: /home/hansol/project/install/prototype_msg/include/prototype_msg/prototype_msg/action/detail/movefeedback__functions.h
-- Up-to-date symlink: /home/hansol/project/install/prototype_msg/include/prototype_msg/prototype_msg/action/detail/movefeedback__struct.h
-- Up-to-date symlink: /home/hansol/project/install/prototype_msg/include/prototype_msg/prototype_msg/action/detail/movefeedback__type_support.h
-- Up-to-date symlink: /home/hansol/project/install/prototype_msg/include/prototype_msg/prototype_msg/action/detail/odometry__functions.h
-- Up-to-date symlink: /home/hansol/project/install/prototype_msg/include/prototype_msg/prototype_msg/action/detail/odometry__struct.h
-- Up-to-date symlink: /home/hansol/project/install/prototype_msg/include/prototype_msg/prototype_msg/action/detail/odometry__type_support.h
-- Up-to-date symlink: /home/hansol/project/install/prototype_msg/include/prototype_msg/prototype_msg/action/detail/odometryaction__functions.h
-- Up-to-date symlink: /home/hansol/project/install/prototype_msg/include/prototype_msg/prototype_msg/action/detail/odometryaction__struct.h
-- Up-to-date symlink: /home/hansol/project/install/prototype_msg/include/prototype_msg/prototype_msg/action/detail/odometryaction__type_support.h
-- Up-to-date symlink: /home/hansol/project/install/prototype_msg/include/prototype_msg/prototype_msg/action/movefeedback.h
-- Up-to-date symlink: /home/hansol/project/install/prototype_msg/include/prototype_msg/prototype_msg/action/odometry.h
-- Up-to-date symlink: /home/hansol/project/install/prototype_msg/include/prototype_msg/prototype_msg/action/odometryaction.h
-- Up-to-date symlink: /home/hansol/project/install/prototype_msg/include/prototype_msg/prototype_msg/msg/rosidl_generator_c__visibility_control.h
-- Up-to-date symlink: /home/hansol/project/install/prototype_msg/share/prototype_msg/environment/library_path.sh
-- Up-to-date symlink: /home/hansol/project/install/prototype_msg/share/prototype_msg/environment/library_path.dsv
-- Up-to-date symlink: /home/hansol/project/install/prototype_msg/include/prototype_msg/prototype_msg/action/detail/movefeedback__rosidl_typesupport_fastrtps_c.h
-- Up-to-date symlink: /home/hansol/project/install/prototype_msg/include/prototype_msg/prototype_msg/action/detail/odometry__rosidl_typesupport_fastrtps_c.h
-- Up-to-date symlink: /home/hansol/project/install/prototype_msg/include/prototype_msg/prototype_msg/action/detail/odometryaction__rosidl_typesupport_fastrtps_c.h
-- Up-to-date symlink: /home/hansol/project/install/prototype_msg/include/prototype_msg/prototype_msg/msg/rosidl_typesupport_fastrtps_c__visibility_control.h
-- Up-to-date symlink: /home/hansol/project/install/prototype_msg/include/prototype_msg/prototype_msg/action/detail/movefeedback__rosidl_typesupport_introspection_c.h
-- Up-to-date symlink: /home/hansol/project/install/prototype_msg/include/prototype_msg/prototype_msg/action/detail/odometry__rosidl_typesupport_introspection_c.h
-- Up-to-date symlink: /home/hansol/project/install/prototype_msg/include/prototype_msg/prototype_msg/action/detail/odometryaction__rosidl_typesupport_introspection_c.h
-- Up-to-date symlink: /home/hansol/project/install/prototype_msg/include/prototype_msg/prototype_msg/msg/rosidl_typesupport_introspection_c__visibility_control.h
-- Up-to-date symlink: /home/hansol/project/install/prototype_msg/include/prototype_msg/prototype_msg/action/detail/movefeedback__builder.hpp
-- Up-to-date symlink: /home/hansol/project/install/prototype_msg/include/prototype_msg/prototype_msg/action/detail/movefeedback__struct.hpp
-- Up-to-date symlink: /home/hansol/project/install/prototype_msg/include/prototype_msg/prototype_msg/action/detail/movefeedback__traits.hpp
-- Up-to-date symlink: /home/hansol/project/install/prototype_msg/include/prototype_msg/prototype_msg/action/detail/odometry__builder.hpp
-- Up-to-date symlink: /home/hansol/project/install/prototype_msg/include/prototype_msg/prototype_msg/action/detail/odometry__struct.hpp
-- Up-to-date symlink: /home/hansol/project/install/prototype_msg/include/prototype_msg/prototype_msg/action/detail/odometry__traits.hpp
-- Up-to-date symlink: /home/hansol/project/install/prototype_msg/include/prototype_msg/prototype_msg/action/detail/odometryaction__builder.hpp
-- Up-to-date symlink: /home/hansol/project/install/prototype_msg/include/prototype_msg/prototype_msg/action/detail/odometryaction__struct.hpp
-- Up-to-date symlink: /home/hansol/project/install/prototype_msg/include/prototype_msg/prototype_msg/action/detail/odometryaction__traits.hpp
-- Up-to-date symlink: /home/hansol/project/install/prototype_msg/include/prototype_msg/prototype_msg/action/movefeedback.hpp
-- Up-to-date symlink: /home/hansol/project/install/prototype_msg/include/prototype_msg/prototype_msg/action/odometry.hpp
-- Up-to-date symlink: /home/hansol/project/install/prototype_msg/include/prototype_msg/prototype_msg/action/odometryaction.hpp
-- Up-to-date symlink: /home/hansol/project/install/prototype_msg/include/prototype_msg/prototype_msg/action/detail/movefeedback__rosidl_typesupport_fastrtps_cpp.hpp
-- Up-to-date symlink: /home/hansol/project/install/prototype_msg/include/prototype_msg/prototype_msg/action/detail/odometry__rosidl_typesupport_fastrtps_cpp.hpp
-- Up-to-date symlink: /home/hansol/project/install/prototype_msg/include/prototype_msg/prototype_msg/action/detail/odometryaction__rosidl_typesupport_fastrtps_cpp.hpp
-- Up-to-date symlink: /home/hansol/project/install/prototype_msg/include/prototype_msg/prototype_msg/msg/rosidl_typesupport_fastrtps_cpp__visibility_control.h
-- Up-to-date symlink: /home/hansol/project/install/prototype_msg/include/prototype_msg/prototype_msg/action/detail/movefeedback__rosidl_typesupport_introspection_cpp.hpp
-- Up-to-date symlink: /home/hansol/project/install/prototype_msg/include/prototype_msg/prototype_msg/action/detail/odometry__rosidl_typesupport_introspection_cpp.hpp
-- Up-to-date symlink: /home/hansol/project/install/prototype_msg/include/prototype_msg/prototype_msg/action/detail/odometryaction__rosidl_typesupport_introspection_cpp.hpp
-- Up-to-date symlink: /home/hansol/project/install/prototype_msg/share/prototype_msg/environment/pythonpath.sh
-- Up-to-date symlink: /home/hansol/project/install/prototype_msg/share/prototype_msg/environment/pythonpath.dsv
-- Up-to-date symlink: /home/hansol/project/install/prototype_msg/local/lib/python3.10/dist-packages/prototype_msg-0.0.0-py3.10.egg-info/PKG-INFO
-- Up-to-date symlink: /home/hansol/project/install/prototype_msg/local/lib/python3.10/dist-packages/prototype_msg-0.0.0-py3.10.egg-info/SOURCES.txt
-- Up-to-date symlink: /home/hansol/project/install/prototype_msg/local/lib/python3.10/dist-packages/prototype_msg-0.0.0-py3.10.egg-info/dependency_links.txt
-- Up-to-date symlink: /home/hansol/project/install/prototype_msg/local/lib/python3.10/dist-packages/prototype_msg-0.0.0-py3.10.egg-info/top_level.txt
-- Up-to-date symlink: /home/hansol/project/install/prototype_msg/local/lib/python3.10/dist-packages/prototype_msg/__init__.py
-- Up-to-date symlink: /home/hansol/project/install/prototype_msg/local/lib/python3.10/dist-packages/prototype_msg/_prototype_msg_s.ep.rosidl_typesupport_c.c
-- Up-to-date symlink: /home/hansol/project/install/prototype_msg/local/lib/python3.10/dist-packages/prototype_msg/_prototype_msg_s.ep.rosidl_typesupport_fastrtps_c.c
-- Up-to-date symlink: /home/hansol/project/install/prototype_msg/local/lib/python3.10/dist-packages/prototype_msg/_prototype_msg_s.ep.rosidl_typesupport_introspection_c.c
-- Up-to-date symlink: /home/hansol/project/install/prototype_msg/local/lib/python3.10/dist-packages/prototype_msg/action/__init__.py
-- Up-to-date symlink: /home/hansol/project/install/prototype_msg/local/lib/python3.10/dist-packages/prototype_msg/action/_movefeedback.py
-- Up-to-date symlink: /home/hansol/project/install/prototype_msg/local/lib/python3.10/dist-packages/prototype_msg/action/_movefeedback_s.c
-- Up-to-date symlink: /home/hansol/project/install/prototype_msg/local/lib/python3.10/dist-packages/prototype_msg/action/_odometry.py
-- Up-to-date symlink: /home/hansol/project/install/prototype_msg/local/lib/python3.10/dist-packages/prototype_msg/action/_odometry_s.c
-- Up-to-date symlink: /home/hansol/project/install/prototype_msg/local/lib/python3.10/dist-packages/prototype_msg/action/_odometryaction.py
-- Up-to-date symlink: /home/hansol/project/install/prototype_msg/local/lib/python3.10/dist-packages/prototype_msg/action/_odometryaction_s.c
-- Up-to-date symlink: /home/hansol/project/install/prototype_msg/local/lib/python3.10/dist-packages/prototype_msg/libprototype_msg__rosidl_generator_py.so
-- Up-to-date symlink: /home/hansol/project/install/prototype_msg/local/lib/python3.10/dist-packages/prototype_msg/prototype_msg_s__rosidl_typesupport_c.cpython-310-x86_64-linux-gnu.so
-- Up-to-date symlink: /home/hansol/project/install/prototype_msg/local/lib/python3.10/dist-packages/prototype_msg/prototype_msg_s__rosidl_typesupport_fastrtps_c.cpython-310-x86_64-linux-gnu.so
-- Up-to-date symlink: /home/hansol/project/install/prototype_msg/local/lib/python3.10/dist-packages/prototype_msg/prototype_msg_s__rosidl_typesupport_introspection_c.cpython-310-x86_64-linux-gnu.so
-- Up-to-date symlink: /home/hansol/project/install/prototype_msg/local/lib/python3.10/dist-packages/prototype_msg/prototype_msg_s__rosidl_typesupport_fastrtps_c.cpython-310-x86_64-linux-gnu.so
-- Up-to-date symlink: /home/hansol/project/install/prototype_msg/local/lib/python3.10/dist-packages/prototype_msg/prototype_msg_s__rosidl_typesupport_introspection_c.cpython-310-x86_64-linux-gnu.so
-- Up-to-date symlink: /home/hansol/project/install/prototype_msg/local/lib/python3.10/dist-packages/prototype_msg/prototype_msg_s__rosidl_typesupport_c.cpython-310-x86_64-linux-gnu.so
-- Up-to-date symlink: /home/hansol/project/install/prototype_msg/share/prototype_msg/action/Odometryaction.idl
-- Up-to-date symlink: /home/hansol/project/install/prototype_msg/share/prototype_msg/action/Movefeedback.idl
-- Up-to-date symlink: /home/hansol/project/install/prototype_msg/share/prototype_msg/action/Odometryaction.action
-- Up-to-date symlink: /home/hansol/project/install/prototype_msg/share/prototype_msg/action/Movefeedback.action
-- Up-to-date symlink: /home/hansol/project/install/prototype_msg/share/ament_index/resource_index/package_run_dependencies/prototype_msg
-- Up-to-date symlink: /home/hansol/project/install/prototype_msg/share/ament_index/resource_index/parent_prefix_path/prototype_msg
-- Up-to-date symlink: /home/hansol/project/install/prototype_msg/share/prototype_msg/environment/ament_prefix_path.sh
-- Up-to-date symlink: /home/hansol/project/install/prototype_msg/share/prototype_msg/environment/ament_prefix_path.dsv
-- Up-to-date symlink: /home/hansol/project/install/prototype_msg/share/prototype_msg/environment/path.sh
-- Up-to-date symlink: /home/hansol/project/install/prototype_msg/share/prototype_msg/environment/path.dsv
-- Up-to-date symlink: /home/hansol/project/install/prototype_msg/share/prototype_msg/local_setup.bash
-- Up-to-date symlink: /home/hansol/project/install/prototype_msg/share/prototype_msg/local_setup.sh
-- Up-to-date symlink: /home/hansol/project/install/prototype_msg/share/prototype_msg/local_setup.zsh
-- Up-to-date symlink: /home/hansol/project/install/prototype_msg/share/prototype_msg/local_setup.dsv
-- Symlinking: /home/hansol/project/install/prototype_msg/share/prototype_msg/package.dsv
-- Up-to-date symlink: /home/hansol/project/install/prototype_msg/share/ament_index/resource_index/packages/prototype_msg
-- Up-to-date symlink: /home/hansol/project/install/prototype_msg/share/prototype_msg/cmake/rosidl_cmake-extras.cmake
-- Up-to-date symlink: /home/hansol/project/install/prototype_msg/share/prototype_msg/cmake/ament_cmake_export_dependencies-extras.cmake
-- Up-to-date symlink: /home/hansol/project/install/prototype_msg/share/prototype_msg/cmake/ament_cmake_export_include_directories-extras.cmake
-- Up-to-date symlink: /home/hansol/project/install/prototype_msg/share/prototype_msg/cmake/ament_cmake_export_libraries-extras.cmake
-- Up-to-date symlink: /home/hansol/project/install/prototype_msg/share/prototype_msg/cmake/ament_cmake_export_targets-extras.cmake
-- Up-to-date symlink: /home/hansol/project/install/prototype_msg/share/prototype_msg/cmake/rosidl_cmake_export_typesupport_targets-extras.cmake
-- Up-to-date symlink: /home/hansol/project/install/prototype_msg/share/prototype_msg/cmake/rosidl_cmake_export_typesupport_libraries-extras.cmake
-- Up-to-date symlink: /home/hansol/project/install/prototype_msg/share/prototype_msg/cmake/prototype_msgConfig.cmake
-- Up-to-date symlink: /home/hansol/project/install/prototype_msg/share/prototype_msg/cmake/prototype_msgConfig-version.cmake
-- Up-to-date symlink: /home/hansol/project/install/prototype_msg/share/prototype_msg/package.xml
-- Installing: /home/hansol/project/install/prototype_msg/lib/libprototype_msg__rosidl_generator_c.so
-- Set runtime path of "/home/hansol/project/install/prototype_msg/lib/libprototype_msg__rosidl_generator_c.so" to ""
-- Installing: /home/hansol/project/install/prototype_msg/lib/libprototype_msg__rosidl_typesupport_fastrtps_c.so
-- Set runtime path of "/home/hansol/project/install/prototype_msg/lib/libprototype_msg__rosidl_typesupport_fastrtps_c.so" to ""
-- Installing: /home/hansol/project/install/prototype_msg/lib/libprototype_msg__rosidl_typesupport_introspection_c.so
-- Set runtime path of "/home/hansol/project/install/prototype_msg/lib/libprototype_msg__rosidl_typesupport_introspection_c.so" to ""
-- Installing: /home/hansol/project/install/prototype_msg/lib/libprototype_msg__rosidl_typesupport_c.so
-- Set runtime path of "/home/hansol/project/install/prototype_msg/lib/libprototype_msg__rosidl_typesupport_c.so" to ""
-- Installing: /home/hansol/project/install/prototype_msg/lib/libprototype_msg__rosidl_typesupport_fastrtps_cpp.so
-- Set runtime path of "/home/hansol/project/install/prototype_msg/lib/libprototype_msg__rosidl_typesupport_fastrtps_cpp.so" to ""
-- Installing: /home/hansol/project/install/prototype_msg/lib/libprototype_msg__rosidl_typesupport_introspection_cpp.so
-- Set runtime path of "/home/hansol/project/install/prototype_msg/lib/libprototype_msg__rosidl_typesupport_introspection_cpp.so" to ""
-- Installing: /home/hansol/project/install/prototype_msg/lib/libprototype_msg__rosidl_typesupport_cpp.so
-- Set runtime path of "/home/hansol/project/install/prototype_msg/lib/libprototype_msg__rosidl_typesupport_cpp.so" to ""
Listing '/home/hansol/project/install/prototype_msg/local/lib/python3.10/dist-packages/prototype_msg'...
Compiling '/home/hansol/project/install/prototype_msg/local/lib/python3.10/dist-packages/prototype_msg/__init__.py'...
Listing '/home/hansol/project/install/prototype_msg/local/lib/python3.10/dist-packages/prototype_msg/action'...
Compiling '/home/hansol/project/install/prototype_msg/local/lib/python3.10/dist-packages/prototype_msg/action/__init__.py'...
Compiling '/home/hansol/project/install/prototype_msg/local/lib/python3.10/dist-packages/prototype_msg/action/_movefeedback.py'...
Compiling '/home/hansol/project/install/prototype_msg/local/lib/python3.10/dist-packages/prototype_msg/action/_odometryaction.py'...
-- Installing: /home/hansol/project/install/prototype_msg/lib/libprototype_msg__rosidl_generator_py.so
-- Set runtime path of "/home/hansol/project/install/prototype_msg/lib/libprototype_msg__rosidl_generator_py.so" to ""
-- Up-to-date: /home/hansol/project/install/prototype_msg/share/prototype_msg/cmake/export_prototype_msg__rosidl_generator_cExport.cmake
-- Up-to-date: /home/hansol/project/install/prototype_msg/share/prototype_msg/cmake/export_prototype_msg__rosidl_generator_cExport-noconfig.cmake
-- Up-to-date: /home/hansol/project/install/prototype_msg/share/prototype_msg/cmake/export_prototype_msg__rosidl_typesupport_fastrtps_cExport.cmake
-- Up-to-date: /home/hansol/project/install/prototype_msg/share/prototype_msg/cmake/export_prototype_msg__rosidl_typesupport_fastrtps_cExport-noconfig.cmake
-- Up-to-date: /home/hansol/project/install/prototype_msg/share/prototype_msg/cmake/prototype_msg__rosidl_typesupport_introspection_cExport.cmake
-- Up-to-date: /home/hansol/project/install/prototype_msg/share/prototype_msg/cmake/prototype_msg__rosidl_typesupport_introspection_cExport-noconfig.cmake
-- Up-to-date: /home/hansol/project/install/prototype_msg/share/prototype_msg/cmake/prototype_msg__rosidl_typesupport_cExport.cmake
-- Up-to-date: /home/hansol/project/install/prototype_msg/share/prototype_msg/cmake/prototype_msg__rosidl_typesupport_cExport-noconfig.cmake
-- Up-to-date: /home/hansol/project/install/prototype_msg/share/prototype_msg/cmake/export_prototype_msg__rosidl_generator_cppExport.cmake
-- Up-to-date: /home/hansol/project/install/prototype_msg/share/prototype_msg/cmake/export_prototype_msg__rosidl_typesupport_fastrtps_cppExport.cmake
-- Up-to-date: /home/hansol/project/install/prototype_msg/share/prototype_msg/cmake/export_prototype_msg__rosidl_typesupport_fastrtps_cppExport-noconfig.cmake
-- Up-to-date: /home/hansol/project/install/prototype_msg/share/prototype_msg/cmake/prototype_msg__rosidl_typesupport_introspection_cppExport.cmake
-- Up-to-date: /home/hansol/project/install/prototype_msg/share/prototype_msg/cmake/prototype_msg__rosidl_typesupport_introspection_cppExport-noconfig.cmake
-- Up-to-date: /home/hansol/project/install/prototype_msg/share/prototype_msg/cmake/prototype_msg__rosidl_typesupport_cppExport.cmake
-- Up-to-date: /home/hansol/project/install/prototype_msg/share/prototype_msg/cmake/prototype_msg__rosidl_typesupport_cppExport-noconfig.cmake
-- Up-to-date: /home/hansol/project/install/prototype_msg/share/prototype_msg/cmake/export_prototype_msg__rosidl_generator_pyExport.cmake
-- Up-to-date: /home/hansol/project/install/prototype_msg/share/prototype_msg/cmake/export_prototype_msg__rosidl_generator_pyExport-noconfig.cmake
