[0.058s] DEBUG:colcon:Command line arguments: ['/usr/bin/colcon', 'build', '--symlink-install']
[0.058s] DEBUG:colcon:Parsed command line arguments: Namespace(log_base=None, log_level=None, verb_name='build', build_base='build', install_base='install', merge_install=False, symlink_install=True, test_result_base=None, continue_on_error=False, executor='parallel', parallel_workers=12, event_handlers=None, ignore_user_meta=False, metas=['./colcon.meta'], base_paths=['.'], packages_ignore=None, packages_ignore_regex=None, paths=None, packages_up_to=None, packages_up_to_regex=None, packages_above=None, packages_above_and_dependencies=None, packages_above_depth=None, packages_select_by_dep=None, packages_skip_by_dep=None, packages_skip_up_to=None, packages_select_build_failed=False, packages_skip_build_finished=False, packages_select_test_failures=False, packages_skip_test_passed=False, packages_select=None, packages_skip=None, packages_select_regex=None, packages_skip_regex=None, packages_start=None, packages_end=None, allow_overriding=[], cmake_args=None, cmake_target=None, cmake_target_skip_unavailable=False, cmake_clean_cache=False, cmake_clean_first=False, cmake_force_configure=False, ament_cmake_args=None, catkin_cmake_args=None, catkin_skip_building_tests=False, verb_parser=<colcon_defaults.argument_parser.defaults.DefaultArgumentsDecorator object at 0x705a4f7d1e40>, verb_extension=<colcon_core.verb.build.BuildVerb object at 0x705a4f7d1930>, main=<bound method BuildVerb.main of <colcon_core.verb.build.BuildVerb object at 0x705a4f7d1930>>)
[0.164s] Level 1:colcon.colcon_core.package_discovery:discover_packages(colcon_meta) check parameters
[0.165s] Level 1:colcon.colcon_core.package_discovery:discover_packages(recursive) check parameters
[0.165s] Level 1:colcon.colcon_core.package_discovery:discover_packages(ignore) check parameters
[0.165s] Level 1:colcon.colcon_core.package_discovery:discover_packages(path) check parameters
[0.165s] Level 1:colcon.colcon_core.package_discovery:discover_packages(colcon_meta) discover
[0.165s] Level 1:colcon.colcon_core.package_discovery:discover_packages(recursive) discover
[0.165s] INFO:colcon.colcon_core.package_discovery:Crawling recursively for packages in '/home/hansol/project'
[0.165s] Level 1:colcon.colcon_core.package_identification:_identify(.) by extensions ['ignore', 'ignore_ament_install']
[0.165s] Level 1:colcon.colcon_core.package_identification:_identify(.) by extension 'ignore'
[0.165s] Level 1:colcon.colcon_core.package_identification:_identify(.) by extension 'ignore_ament_install'
[0.165s] Level 1:colcon.colcon_core.package_identification:_identify(.) by extensions ['colcon_pkg']
[0.165s] Level 1:colcon.colcon_core.package_identification:_identify(.) by extension 'colcon_pkg'
[0.165s] Level 1:colcon.colcon_core.package_identification:_identify(.) by extensions ['colcon_meta']
[0.165s] Level 1:colcon.colcon_core.package_identification:_identify(.) by extension 'colcon_meta'
[0.165s] Level 1:colcon.colcon_core.package_identification:_identify(.) by extensions ['ros']
[0.165s] Level 1:colcon.colcon_core.package_identification:_identify(.) by extension 'ros'
[0.184s] Level 1:colcon.colcon_core.package_identification:_identify(.) by extensions ['cmake', 'python']
[0.184s] Level 1:colcon.colcon_core.package_identification:_identify(.) by extension 'cmake'
[0.184s] Level 1:colcon.colcon_core.package_identification:_identify(.) by extension 'python'
[0.184s] Level 1:colcon.colcon_core.package_identification:_identify(.) by extensions ['python_setup_py']
[0.184s] Level 1:colcon.colcon_core.package_identification:_identify(.) by extension 'python_setup_py'
[0.184s] Level 1:colcon.colcon_core.package_identification:_identify(build) by extensions ['ignore', 'ignore_ament_install']
[0.184s] Level 1:colcon.colcon_core.package_identification:_identify(build) by extension 'ignore'
[0.184s] Level 1:colcon.colcon_core.package_identification:_identify(build) ignored
[0.184s] Level 1:colcon.colcon_core.package_identification:_identify(install) by extensions ['ignore', 'ignore_ament_install']
[0.184s] Level 1:colcon.colcon_core.package_identification:_identify(install) by extension 'ignore'
[0.184s] Level 1:colcon.colcon_core.package_identification:_identify(install) ignored
[0.184s] Level 1:colcon.colcon_core.package_identification:_identify(log) by extensions ['ignore', 'ignore_ament_install']
[0.184s] Level 1:colcon.colcon_core.package_identification:_identify(log) by extension 'ignore'
[0.184s] Level 1:colcon.colcon_core.package_identification:_identify(log) ignored
[0.184s] Level 1:colcon.colcon_core.package_identification:_identify(src) by extensions ['ignore', 'ignore_ament_install']
[0.184s] Level 1:colcon.colcon_core.package_identification:_identify(src) by extension 'ignore'
[0.184s] Level 1:colcon.colcon_core.package_identification:_identify(src) by extension 'ignore_ament_install'
[0.184s] Level 1:colcon.colcon_core.package_identification:_identify(src) by extensions ['colcon_pkg']
[0.184s] Level 1:colcon.colcon_core.package_identification:_identify(src) by extension 'colcon_pkg'
[0.185s] Level 1:colcon.colcon_core.package_identification:_identify(src) by extensions ['colcon_meta']
[0.185s] Level 1:colcon.colcon_core.package_identification:_identify(src) by extension 'colcon_meta'
[0.185s] Level 1:colcon.colcon_core.package_identification:_identify(src) by extensions ['ros']
[0.185s] Level 1:colcon.colcon_core.package_identification:_identify(src) by extension 'ros'
[0.185s] Level 1:colcon.colcon_core.package_identification:_identify(src) by extensions ['cmake', 'python']
[0.185s] Level 1:colcon.colcon_core.package_identification:_identify(src) by extension 'cmake'
[0.185s] Level 1:colcon.colcon_core.package_identification:_identify(src) by extension 'python'
[0.185s] Level 1:colcon.colcon_core.package_identification:_identify(src) by extensions ['python_setup_py']
[0.185s] Level 1:colcon.colcon_core.package_identification:_identify(src) by extension 'python_setup_py'
[0.185s] Level 1:colcon.colcon_core.package_identification:_identify(src/limo_ros2) by extensions ['ignore', 'ignore_ament_install']
[0.185s] Level 1:colcon.colcon_core.package_identification:_identify(src/limo_ros2) by extension 'ignore'
[0.185s] Level 1:colcon.colcon_core.package_identification:_identify(src/limo_ros2) by extension 'ignore_ament_install'
[0.185s] Level 1:colcon.colcon_core.package_identification:_identify(src/limo_ros2) by extensions ['colcon_pkg']
[0.185s] Level 1:colcon.colcon_core.package_identification:_identify(src/limo_ros2) by extension 'colcon_pkg'
[0.185s] Level 1:colcon.colcon_core.package_identification:_identify(src/limo_ros2) by extensions ['colcon_meta']
[0.185s] Level 1:colcon.colcon_core.package_identification:_identify(src/limo_ros2) by extension 'colcon_meta'
[0.185s] Level 1:colcon.colcon_core.package_identification:_identify(src/limo_ros2) by extensions ['ros']
[0.185s] Level 1:colcon.colcon_core.package_identification:_identify(src/limo_ros2) by extension 'ros'
[0.185s] Level 1:colcon.colcon_core.package_identification:_identify(src/limo_ros2) by extensions ['cmake', 'python']
[0.185s] Level 1:colcon.colcon_core.package_identification:_identify(src/limo_ros2) by extension 'cmake'
[0.185s] Level 1:colcon.colcon_core.package_identification:_identify(src/limo_ros2) by extension 'python'
[0.185s] Level 1:colcon.colcon_core.package_identification:_identify(src/limo_ros2) by extensions ['python_setup_py']
[0.185s] Level 1:colcon.colcon_core.package_identification:_identify(src/limo_ros2) by extension 'python_setup_py'
[0.185s] Level 1:colcon.colcon_core.package_identification:_identify(src/limo_ros2/catmux) by extensions ['ignore', 'ignore_ament_install']
[0.185s] Level 1:colcon.colcon_core.package_identification:_identify(src/limo_ros2/catmux) by extension 'ignore'
[0.185s] Level 1:colcon.colcon_core.package_identification:_identify(src/limo_ros2/catmux) by extension 'ignore_ament_install'
[0.185s] Level 1:colcon.colcon_core.package_identification:_identify(src/limo_ros2/catmux) by extensions ['colcon_pkg']
[0.185s] Level 1:colcon.colcon_core.package_identification:_identify(src/limo_ros2/catmux) by extension 'colcon_pkg'
[0.185s] Level 1:colcon.colcon_core.package_identification:_identify(src/limo_ros2/catmux) by extensions ['colcon_meta']
[0.185s] Level 1:colcon.colcon_core.package_identification:_identify(src/limo_ros2/catmux) by extension 'colcon_meta'
[0.185s] Level 1:colcon.colcon_core.package_identification:_identify(src/limo_ros2/catmux) by extensions ['ros']
[0.185s] Level 1:colcon.colcon_core.package_identification:_identify(src/limo_ros2/catmux) by extension 'ros'
[0.185s] Level 1:colcon.colcon_core.package_identification:_identify(src/limo_ros2/catmux) by extensions ['cmake', 'python']
[0.185s] Level 1:colcon.colcon_core.package_identification:_identify(src/limo_ros2/catmux) by extension 'cmake'
[0.185s] Level 1:colcon.colcon_core.package_identification:_identify(src/limo_ros2/catmux) by extension 'python'
[0.185s] Level 1:colcon.colcon_core.package_identification:_identify(src/limo_ros2/catmux) by extensions ['python_setup_py']
[0.185s] Level 1:colcon.colcon_core.package_identification:_identify(src/limo_ros2/catmux) by extension 'python_setup_py'
[0.185s] Level 1:colcon.colcon_core.package_identification:_identify(src/limo_ros2/limo_base) by extensions ['ignore', 'ignore_ament_install']
[0.185s] Level 1:colcon.colcon_core.package_identification:_identify(src/limo_ros2/limo_base) by extension 'ignore'
[0.185s] Level 1:colcon.colcon_core.package_identification:_identify(src/limo_ros2/limo_base) by extension 'ignore_ament_install'
[0.185s] Level 1:colcon.colcon_core.package_identification:_identify(src/limo_ros2/limo_base) by extensions ['colcon_pkg']
[0.185s] Level 1:colcon.colcon_core.package_identification:_identify(src/limo_ros2/limo_base) by extension 'colcon_pkg'
[0.186s] Level 1:colcon.colcon_core.package_identification:_identify(src/limo_ros2/limo_base) by extensions ['colcon_meta']
[0.186s] Level 1:colcon.colcon_core.package_identification:_identify(src/limo_ros2/limo_base) by extension 'colcon_meta'
[0.186s] Level 1:colcon.colcon_core.package_identification:_identify(src/limo_ros2/limo_base) by extensions ['ros']
[0.186s] Level 1:colcon.colcon_core.package_identification:_identify(src/limo_ros2/limo_base) by extension 'ros'
[0.187s] DEBUG:colcon.colcon_core.package_identification:Package 'src/limo_ros2/limo_base' with type 'ros.ament_cmake' and name 'limo_base'
[0.187s] Level 1:colcon.colcon_core.package_identification:_identify(src/limo_ros2/limo_description) by extensions ['ignore', 'ignore_ament_install']
[0.187s] Level 1:colcon.colcon_core.package_identification:_identify(src/limo_ros2/limo_description) by extension 'ignore'
[0.187s] Level 1:colcon.colcon_core.package_identification:_identify(src/limo_ros2/limo_description) by extension 'ignore_ament_install'
[0.187s] Level 1:colcon.colcon_core.package_identification:_identify(src/limo_ros2/limo_description) by extensions ['colcon_pkg']
[0.187s] Level 1:colcon.colcon_core.package_identification:_identify(src/limo_ros2/limo_description) by extension 'colcon_pkg'
[0.187s] Level 1:colcon.colcon_core.package_identification:_identify(src/limo_ros2/limo_description) by extensions ['colcon_meta']
[0.187s] Level 1:colcon.colcon_core.package_identification:_identify(src/limo_ros2/limo_description) by extension 'colcon_meta'
[0.187s] Level 1:colcon.colcon_core.package_identification:_identify(src/limo_ros2/limo_description) by extensions ['ros']
[0.187s] Level 1:colcon.colcon_core.package_identification:_identify(src/limo_ros2/limo_description) by extension 'ros'
[0.188s] DEBUG:colcon.colcon_core.package_identification:Package 'src/limo_ros2/limo_description' with type 'ros.ament_cmake' and name 'limo_description'
[0.188s] Level 1:colcon.colcon_core.package_identification:_identify(src/limo_ros2/limo_msgs) by extensions ['ignore', 'ignore_ament_install']
[0.188s] Level 1:colcon.colcon_core.package_identification:_identify(src/limo_ros2/limo_msgs) by extension 'ignore'
[0.188s] Level 1:colcon.colcon_core.package_identification:_identify(src/limo_ros2/limo_msgs) by extension 'ignore_ament_install'
[0.188s] Level 1:colcon.colcon_core.package_identification:_identify(src/limo_ros2/limo_msgs) by extensions ['colcon_pkg']
[0.188s] Level 1:colcon.colcon_core.package_identification:_identify(src/limo_ros2/limo_msgs) by extension 'colcon_pkg'
[0.188s] Level 1:colcon.colcon_core.package_identification:_identify(src/limo_ros2/limo_msgs) by extensions ['colcon_meta']
[0.188s] Level 1:colcon.colcon_core.package_identification:_identify(src/limo_ros2/limo_msgs) by extension 'colcon_meta'
[0.188s] Level 1:colcon.colcon_core.package_identification:_identify(src/limo_ros2/limo_msgs) by extensions ['ros']
[0.188s] Level 1:colcon.colcon_core.package_identification:_identify(src/limo_ros2/limo_msgs) by extension 'ros'
[0.188s] DEBUG:colcon.colcon_core.package_identification:Package 'src/limo_ros2/limo_msgs' with type 'ros.ament_cmake' and name 'limo_msgs'
[0.188s] Level 1:colcon.colcon_core.package_identification:_identify(src/limo_ros2/limo_ros2_application) by extensions ['ignore', 'ignore_ament_install']
[0.188s] Level 1:colcon.colcon_core.package_identification:_identify(src/limo_ros2/limo_ros2_application) by extension 'ignore'
[0.189s] Level 1:colcon.colcon_core.package_identification:_identify(src/limo_ros2/limo_ros2_application) by extension 'ignore_ament_install'
[0.189s] Level 1:colcon.colcon_core.package_identification:_identify(src/limo_ros2/limo_ros2_application) by extensions ['colcon_pkg']
[0.189s] Level 1:colcon.colcon_core.package_identification:_identify(src/limo_ros2/limo_ros2_application) by extension 'colcon_pkg'
[0.189s] Level 1:colcon.colcon_core.package_identification:_identify(src/limo_ros2/limo_ros2_application) by extensions ['colcon_meta']
[0.189s] Level 1:colcon.colcon_core.package_identification:_identify(src/limo_ros2/limo_ros2_application) by extension 'colcon_meta'
[0.189s] Level 1:colcon.colcon_core.package_identification:_identify(src/limo_ros2/limo_ros2_application) by extensions ['ros']
[0.189s] Level 1:colcon.colcon_core.package_identification:_identify(src/limo_ros2/limo_ros2_application) by extension 'ros'
[0.189s] DEBUG:colcon.colcon_core.package_identification:Package 'src/limo_ros2/limo_ros2_application' with type 'ros.ament_python' and name 'limo_ros2_application'
[0.189s] Level 1:colcon.colcon_core.package_identification:_identify(src/prototype_move) by extensions ['ignore', 'ignore_ament_install']
[0.189s] Level 1:colcon.colcon_core.package_identification:_identify(src/prototype_move) by extension 'ignore'
[0.189s] Level 1:colcon.colcon_core.package_identification:_identify(src/prototype_move) by extension 'ignore_ament_install'
[0.189s] Level 1:colcon.colcon_core.package_identification:_identify(src/prototype_move) by extensions ['colcon_pkg']
[0.189s] Level 1:colcon.colcon_core.package_identification:_identify(src/prototype_move) by extension 'colcon_pkg'
[0.189s] Level 1:colcon.colcon_core.package_identification:_identify(src/prototype_move) by extensions ['colcon_meta']
[0.189s] Level 1:colcon.colcon_core.package_identification:_identify(src/prototype_move) by extension 'colcon_meta'
[0.189s] Level 1:colcon.colcon_core.package_identification:_identify(src/prototype_move) by extensions ['ros']
[0.189s] Level 1:colcon.colcon_core.package_identification:_identify(src/prototype_move) by extension 'ros'
[0.189s] DEBUG:colcon.colcon_core.package_identification:Package 'src/prototype_move' with type 'ros.ament_python' and name 'prototype_move'
[0.189s] Level 1:colcon.colcon_core.package_identification:_identify(src/prototype_msg) by extensions ['ignore', 'ignore_ament_install']
[0.190s] Level 1:colcon.colcon_core.package_identification:_identify(src/prototype_msg) by extension 'ignore'
[0.190s] Level 1:colcon.colcon_core.package_identification:_identify(src/prototype_msg) by extension 'ignore_ament_install'
[0.190s] Level 1:colcon.colcon_core.package_identification:_identify(src/prototype_msg) by extensions ['colcon_pkg']
[0.190s] Level 1:colcon.colcon_core.package_identification:_identify(src/prototype_msg) by extension 'colcon_pkg'
[0.190s] Level 1:colcon.colcon_core.package_identification:_identify(src/prototype_msg) by extensions ['colcon_meta']
[0.190s] Level 1:colcon.colcon_core.package_identification:_identify(src/prototype_msg) by extension 'colcon_meta'
[0.190s] Level 1:colcon.colcon_core.package_identification:_identify(src/prototype_msg) by extensions ['ros']
[0.190s] Level 1:colcon.colcon_core.package_identification:_identify(src/prototype_msg) by extension 'ros'
[0.190s] DEBUG:colcon.colcon_core.package_identification:Package 'src/prototype_msg' with type 'ros.ament_cmake' and name 'prototype_msg'
[0.190s] Level 1:colcon.colcon_core.package_discovery:discover_packages(recursive) using defaults
[0.190s] Level 1:colcon.colcon_core.package_discovery:discover_packages(ignore) discover
[0.190s] Level 1:colcon.colcon_core.package_discovery:discover_packages(ignore) using defaults
[0.190s] Level 1:colcon.colcon_core.package_discovery:discover_packages(path) discover
[0.190s] Level 1:colcon.colcon_core.package_discovery:discover_packages(path) using defaults
[0.202s] Level 1:colcon.colcon_core.package_discovery:discover_packages(prefix_path) check parameters
[0.202s] Level 1:colcon.colcon_core.package_discovery:discover_packages(prefix_path) discover
[0.203s] DEBUG:colcon.colcon_installed_package_information.package_discovery:Found 6 installed packages in /home/hansol/project/install
[0.204s] DEBUG:colcon.colcon_installed_package_information.package_discovery:Found 454 installed packages in /opt/ros/humble
[0.205s] Level 1:colcon.colcon_core.package_discovery:discover_packages(prefix_path) using defaults
[0.233s] Level 5:colcon.colcon_core.verb:set package 'limo_description' build argument 'cmake_args' from command line to 'None'
[0.233s] Level 5:colcon.colcon_core.verb:set package 'limo_description' build argument 'cmake_target' from command line to 'None'
[0.233s] Level 5:colcon.colcon_core.verb:set package 'limo_description' build argument 'cmake_target_skip_unavailable' from command line to 'False'
[0.233s] Level 5:colcon.colcon_core.verb:set package 'limo_description' build argument 'cmake_clean_cache' from command line to 'False'
[0.233s] Level 5:colcon.colcon_core.verb:set package 'limo_description' build argument 'cmake_clean_first' from command line to 'False'
[0.233s] Level 5:colcon.colcon_core.verb:set package 'limo_description' build argument 'cmake_force_configure' from command line to 'False'
[0.233s] Level 5:colcon.colcon_core.verb:set package 'limo_description' build argument 'ament_cmake_args' from command line to 'None'
[0.233s] Level 5:colcon.colcon_core.verb:set package 'limo_description' build argument 'catkin_cmake_args' from command line to 'None'
[0.233s] Level 5:colcon.colcon_core.verb:set package 'limo_description' build argument 'catkin_skip_building_tests' from command line to 'False'
[0.233s] DEBUG:colcon.colcon_core.verb:Building package 'limo_description' with the following arguments: {'ament_cmake_args': None, 'build_base': '/home/hansol/project/build/limo_description', 'catkin_cmake_args': None, 'catkin_skip_building_tests': False, 'cmake_args': None, 'cmake_clean_cache': False, 'cmake_clean_first': False, 'cmake_force_configure': False, 'cmake_target': None, 'cmake_target_skip_unavailable': False, 'install_base': '/home/hansol/project/install/limo_description', 'merge_install': False, 'path': '/home/hansol/project/src/limo_ros2/limo_description', 'symlink_install': True, 'test_result_base': None}
[0.233s] Level 5:colcon.colcon_core.verb:set package 'limo_msgs' build argument 'cmake_args' from command line to 'None'
[0.233s] Level 5:colcon.colcon_core.verb:set package 'limo_msgs' build argument 'cmake_target' from command line to 'None'
[0.233s] Level 5:colcon.colcon_core.verb:set package 'limo_msgs' build argument 'cmake_target_skip_unavailable' from command line to 'False'
[0.233s] Level 5:colcon.colcon_core.verb:set package 'limo_msgs' build argument 'cmake_clean_cache' from command line to 'False'
[0.233s] Level 5:colcon.colcon_core.verb:set package 'limo_msgs' build argument 'cmake_clean_first' from command line to 'False'
[0.233s] Level 5:colcon.colcon_core.verb:set package 'limo_msgs' build argument 'cmake_force_configure' from command line to 'False'
[0.233s] Level 5:colcon.colcon_core.verb:set package 'limo_msgs' build argument 'ament_cmake_args' from command line to 'None'
[0.233s] Level 5:colcon.colcon_core.verb:set package 'limo_msgs' build argument 'catkin_cmake_args' from command line to 'None'
[0.233s] Level 5:colcon.colcon_core.verb:set package 'limo_msgs' build argument 'catkin_skip_building_tests' from command line to 'False'
[0.233s] DEBUG:colcon.colcon_core.verb:Building package 'limo_msgs' with the following arguments: {'ament_cmake_args': None, 'build_base': '/home/hansol/project/build/limo_msgs', 'catkin_cmake_args': None, 'catkin_skip_building_tests': False, 'cmake_args': None, 'cmake_clean_cache': False, 'cmake_clean_first': False, 'cmake_force_configure': False, 'cmake_target': None, 'cmake_target_skip_unavailable': False, 'install_base': '/home/hansol/project/install/limo_msgs', 'merge_install': False, 'path': '/home/hansol/project/src/limo_ros2/limo_msgs', 'symlink_install': True, 'test_result_base': None}
[0.233s] Level 5:colcon.colcon_core.verb:set package 'limo_ros2_application' build argument 'cmake_args' from command line to 'None'
[0.233s] Level 5:colcon.colcon_core.verb:set package 'limo_ros2_application' build argument 'cmake_target' from command line to 'None'
[0.233s] Level 5:colcon.colcon_core.verb:set package 'limo_ros2_application' build argument 'cmake_target_skip_unavailable' from command line to 'False'
[0.233s] Level 5:colcon.colcon_core.verb:set package 'limo_ros2_application' build argument 'cmake_clean_cache' from command line to 'False'
[0.233s] Level 5:colcon.colcon_core.verb:set package 'limo_ros2_application' build argument 'cmake_clean_first' from command line to 'False'
[0.233s] Level 5:colcon.colcon_core.verb:set package 'limo_ros2_application' build argument 'cmake_force_configure' from command line to 'False'
[0.233s] Level 5:colcon.colcon_core.verb:set package 'limo_ros2_application' build argument 'ament_cmake_args' from command line to 'None'
[0.233s] Level 5:colcon.colcon_core.verb:set package 'limo_ros2_application' build argument 'catkin_cmake_args' from command line to 'None'
[0.233s] Level 5:colcon.colcon_core.verb:set package 'limo_ros2_application' build argument 'catkin_skip_building_tests' from command line to 'False'
[0.233s] DEBUG:colcon.colcon_core.verb:Building package 'limo_ros2_application' with the following arguments: {'ament_cmake_args': None, 'build_base': '/home/hansol/project/build/limo_ros2_application', 'catkin_cmake_args': None, 'catkin_skip_building_tests': False, 'cmake_args': None, 'cmake_clean_cache': False, 'cmake_clean_first': False, 'cmake_force_configure': False, 'cmake_target': None, 'cmake_target_skip_unavailable': False, 'install_base': '/home/hansol/project/install/limo_ros2_application', 'merge_install': False, 'path': '/home/hansol/project/src/limo_ros2/limo_ros2_application', 'symlink_install': True, 'test_result_base': None}
[0.234s] Level 5:colcon.colcon_core.verb:set package 'prototype_move' build argument 'cmake_args' from command line to 'None'
[0.234s] Level 5:colcon.colcon_core.verb:set package 'prototype_move' build argument 'cmake_target' from command line to 'None'
[0.234s] Level 5:colcon.colcon_core.verb:set package 'prototype_move' build argument 'cmake_target_skip_unavailable' from command line to 'False'
[0.234s] Level 5:colcon.colcon_core.verb:set package 'prototype_move' build argument 'cmake_clean_cache' from command line to 'False'
[0.234s] Level 5:colcon.colcon_core.verb:set package 'prototype_move' build argument 'cmake_clean_first' from command line to 'False'
[0.234s] Level 5:colcon.colcon_core.verb:set package 'prototype_move' build argument 'cmake_force_configure' from command line to 'False'
[0.234s] Level 5:colcon.colcon_core.verb:set package 'prototype_move' build argument 'ament_cmake_args' from command line to 'None'
[0.234s] Level 5:colcon.colcon_core.verb:set package 'prototype_move' build argument 'catkin_cmake_args' from command line to 'None'
[0.234s] Level 5:colcon.colcon_core.verb:set package 'prototype_move' build argument 'catkin_skip_building_tests' from command line to 'False'
[0.234s] DEBUG:colcon.colcon_core.verb:Building package 'prototype_move' with the following arguments: {'ament_cmake_args': None, 'build_base': '/home/hansol/project/build/prototype_move', 'catkin_cmake_args': None, 'catkin_skip_building_tests': False, 'cmake_args': None, 'cmake_clean_cache': False, 'cmake_clean_first': False, 'cmake_force_configure': False, 'cmake_target': None, 'cmake_target_skip_unavailable': False, 'install_base': '/home/hansol/project/install/prototype_move', 'merge_install': False, 'path': '/home/hansol/project/src/prototype_move', 'symlink_install': True, 'test_result_base': None}
[0.234s] Level 5:colcon.colcon_core.verb:set package 'prototype_msg' build argument 'cmake_args' from command line to 'None'
[0.234s] Level 5:colcon.colcon_core.verb:set package 'prototype_msg' build argument 'cmake_target' from command line to 'None'
[0.234s] Level 5:colcon.colcon_core.verb:set package 'prototype_msg' build argument 'cmake_target_skip_unavailable' from command line to 'False'
[0.234s] Level 5:colcon.colcon_core.verb:set package 'prototype_msg' build argument 'cmake_clean_cache' from command line to 'False'
[0.234s] Level 5:colcon.colcon_core.verb:set package 'prototype_msg' build argument 'cmake_clean_first' from command line to 'False'
[0.234s] Level 5:colcon.colcon_core.verb:set package 'prototype_msg' build argument 'cmake_force_configure' from command line to 'False'
[0.234s] Level 5:colcon.colcon_core.verb:set package 'prototype_msg' build argument 'ament_cmake_args' from command line to 'None'
[0.234s] Level 5:colcon.colcon_core.verb:set package 'prototype_msg' build argument 'catkin_cmake_args' from command line to 'None'
[0.234s] Level 5:colcon.colcon_core.verb:set package 'prototype_msg' build argument 'catkin_skip_building_tests' from command line to 'False'
[0.234s] DEBUG:colcon.colcon_core.verb:Building package 'prototype_msg' with the following arguments: {'ament_cmake_args': None, 'build_base': '/home/hansol/project/build/prototype_msg', 'catkin_cmake_args': None, 'catkin_skip_building_tests': False, 'cmake_args': None, 'cmake_clean_cache': False, 'cmake_clean_first': False, 'cmake_force_configure': False, 'cmake_target': None, 'cmake_target_skip_unavailable': False, 'install_base': '/home/hansol/project/install/prototype_msg', 'merge_install': False, 'path': '/home/hansol/project/src/prototype_msg', 'symlink_install': True, 'test_result_base': None}
[0.234s] Level 5:colcon.colcon_core.verb:set package 'limo_base' build argument 'cmake_args' from command line to 'None'
[0.234s] Level 5:colcon.colcon_core.verb:set package 'limo_base' build argument 'cmake_target' from command line to 'None'
[0.234s] Level 5:colcon.colcon_core.verb:set package 'limo_base' build argument 'cmake_target_skip_unavailable' from command line to 'False'
[0.234s] Level 5:colcon.colcon_core.verb:set package 'limo_base' build argument 'cmake_clean_cache' from command line to 'False'
[0.234s] Level 5:colcon.colcon_core.verb:set package 'limo_base' build argument 'cmake_clean_first' from command line to 'False'
[0.234s] Level 5:colcon.colcon_core.verb:set package 'limo_base' build argument 'cmake_force_configure' from command line to 'False'
[0.234s] Level 5:colcon.colcon_core.verb:set package 'limo_base' build argument 'ament_cmake_args' from command line to 'None'
[0.234s] Level 5:colcon.colcon_core.verb:set package 'limo_base' build argument 'catkin_cmake_args' from command line to 'None'
[0.234s] Level 5:colcon.colcon_core.verb:set package 'limo_base' build argument 'catkin_skip_building_tests' from command line to 'False'
[0.234s] DEBUG:colcon.colcon_core.verb:Building package 'limo_base' with the following arguments: {'ament_cmake_args': None, 'build_base': '/home/hansol/project/build/limo_base', 'catkin_cmake_args': None, 'catkin_skip_building_tests': False, 'cmake_args': None, 'cmake_clean_cache': False, 'cmake_clean_first': False, 'cmake_force_configure': False, 'cmake_target': None, 'cmake_target_skip_unavailable': False, 'install_base': '/home/hansol/project/install/limo_base', 'merge_install': False, 'path': '/home/hansol/project/src/limo_ros2/limo_base', 'symlink_install': True, 'test_result_base': None}
[0.234s] INFO:colcon.colcon_core.executor:Executing jobs using 'parallel' executor
[0.235s] DEBUG:colcon.colcon_parallel_executor.executor.parallel:run_until_complete
[0.235s] INFO:colcon.colcon_ros.task.ament_cmake.build:Building ROS package in '/home/hansol/project/src/limo_ros2/limo_msgs' with build type 'ament_cmake'
[0.235s] INFO:colcon.colcon_cmake.task.cmake.build:Building CMake package in '/home/hansol/project/src/limo_ros2/limo_msgs'
[0.237s] INFO:colcon.colcon_core.plugin_system:Skipping extension 'colcon_core.shell.bat': Not used on non-Windows systems
[0.237s] INFO:colcon.colcon_core.shell:Skip shell extension 'powershell' for command environment: Not usable outside of PowerShell
[0.237s] DEBUG:colcon.colcon_core.shell:Skip shell extension 'dsv' for command environment
[0.239s] INFO:colcon.colcon_ros.task.ament_cmake.build:Building ROS package in '/home/hansol/project/src/limo_ros2/limo_description' with build type 'ament_cmake'
[0.239s] INFO:colcon.colcon_cmake.task.cmake.build:Building CMake package in '/home/hansol/project/src/limo_ros2/limo_description'
[0.239s] INFO:colcon.colcon_core.shell:Skip shell extension 'powershell' for command environment: Not usable outside of PowerShell
[0.239s] DEBUG:colcon.colcon_core.shell:Skip shell extension 'dsv' for command environment
[0.241s] INFO:colcon.colcon_ros.task.ament_python.build:Building ROS package in '/home/hansol/project/src/limo_ros2/limo_ros2_application' with build type 'ament_python'
[0.241s] Level 1:colcon.colcon_core.shell:create_environment_hook('limo_ros2_application', 'ament_prefix_path')
[0.241s] INFO:colcon.colcon_core.shell:Creating environment hook '/home/hansol/project/install/limo_ros2_application/share/limo_ros2_application/hook/ament_prefix_path.ps1'
[0.242s] INFO:colcon.colcon_core.shell:Creating environment descriptor '/home/hansol/project/install/limo_ros2_application/share/limo_ros2_application/hook/ament_prefix_path.dsv'
[0.242s] INFO:colcon.colcon_core.shell:Creating environment hook '/home/hansol/project/install/limo_ros2_application/share/limo_ros2_application/hook/ament_prefix_path.sh'
[0.242s] INFO:colcon.colcon_core.shell:Skip shell extension 'powershell' for command environment: Not usable outside of PowerShell
[0.242s] DEBUG:colcon.colcon_core.shell:Skip shell extension 'dsv' for command environment
[0.244s] INFO:colcon.colcon_ros.task.ament_python.build:Building ROS package in '/home/hansol/project/src/prototype_move' with build type 'ament_python'
[0.244s] Level 1:colcon.colcon_core.shell:create_environment_hook('prototype_move', 'ament_prefix_path')
[0.244s] INFO:colcon.colcon_core.shell:Creating environment hook '/home/hansol/project/install/prototype_move/share/prototype_move/hook/ament_prefix_path.ps1'
[0.245s] INFO:colcon.colcon_core.shell:Creating environment descriptor '/home/hansol/project/install/prototype_move/share/prototype_move/hook/ament_prefix_path.dsv'
[0.245s] INFO:colcon.colcon_core.shell:Creating environment hook '/home/hansol/project/install/prototype_move/share/prototype_move/hook/ament_prefix_path.sh'
[0.245s] INFO:colcon.colcon_core.shell:Skip shell extension 'powershell' for command environment: Not usable outside of PowerShell
[0.245s] DEBUG:colcon.colcon_core.shell:Skip shell extension 'dsv' for command environment
[0.247s] INFO:colcon.colcon_ros.task.ament_cmake.build:Building ROS package in '/home/hansol/project/src/prototype_msg' with build type 'ament_cmake'
[0.247s] INFO:colcon.colcon_cmake.task.cmake.build:Building CMake package in '/home/hansol/project/src/prototype_msg'
[0.247s] INFO:colcon.colcon_core.shell:Skip shell extension 'powershell' for command environment: Not usable outside of PowerShell
[0.247s] DEBUG:colcon.colcon_core.shell:Skip shell extension 'dsv' for command environment
[0.254s] DEBUG:colcon.colcon_core.event_handler.log_command:Invoking command in '/home/hansol/project/build/limo_msgs': CMAKE_PREFIX_PATH=${CMAKE_PREFIX_PATH}:/home/hansol/project/install/prototype_move:/home/hansol/project/install/limo_ros2_application:/opt/ros/humble /usr/bin/cmake --build /home/hansol/project/build/limo_msgs -- -j12 -l12
[0.256s] DEBUG:colcon.colcon_core.event_handler.log_command:Invoking command in '/home/hansol/project/build/limo_description': CMAKE_PREFIX_PATH=${CMAKE_PREFIX_PATH}:/home/hansol/project/install/prototype_move:/home/hansol/project/install/limo_ros2_application:/opt/ros/humble /usr/bin/cmake --build /home/hansol/project/build/limo_description -- -j12 -l12
[0.508s] INFO:colcon.colcon_core.task.python.build:Building Python package in '/home/hansol/project/src/limo_ros2/limo_ros2_application'
[0.508s] INFO:colcon.colcon_core.shell:Skip shell extension 'powershell' for command environment: Not usable outside of PowerShell
[0.508s] DEBUG:colcon.colcon_core.shell:Skip shell extension 'dsv' for command environment
[0.670s] INFO:colcon.colcon_core.task.python.build:Building Python package in '/home/hansol/project/src/prototype_move'
[0.670s] INFO:colcon.colcon_core.shell:Skip shell extension 'powershell' for command environment: Not usable outside of PowerShell
[0.670s] DEBUG:colcon.colcon_core.shell:Skip shell extension 'dsv' for command environment
[0.684s] DEBUG:colcon.colcon_core.event_handler.log_command:Invoking command in '/home/hansol/project/build/prototype_msg': CMAKE_PREFIX_PATH=${CMAKE_PREFIX_PATH}:/home/hansol/project/install/prototype_move:/home/hansol/project/install/limo_ros2_application:/opt/ros/humble /usr/bin/cmake --build /home/hansol/project/build/prototype_msg -- -j12 -l12
[0.685s] DEBUG:colcon.colcon_core.event_handler.log_command:Invoked command in '/home/hansol/project/build/limo_description' returned '0': CMAKE_PREFIX_PATH=${CMAKE_PREFIX_PATH}:/home/hansol/project/install/prototype_move:/home/hansol/project/install/limo_ros2_application:/opt/ros/humble /usr/bin/cmake --build /home/hansol/project/build/limo_description -- -j12 -l12
[0.686s] DEBUG:colcon.colcon_core.event_handler.log_command:Invoked command in '/home/hansol/project/build/limo_msgs' returned '0': CMAKE_PREFIX_PATH=${CMAKE_PREFIX_PATH}:/home/hansol/project/install/prototype_move:/home/hansol/project/install/limo_ros2_application:/opt/ros/humble /usr/bin/cmake --build /home/hansol/project/build/limo_msgs -- -j12 -l12
[0.719s] DEBUG:colcon.colcon_core.event_handler.log_command:Invoking command in '/home/hansol/project/build/limo_description': CMAKE_PREFIX_PATH=${CMAKE_PREFIX_PATH}:/home/hansol/project/install/prototype_move:/home/hansol/project/install/limo_ros2_application:/opt/ros/humble /usr/bin/cmake --install /home/hansol/project/build/limo_description
[0.741s] Level 1:colcon.colcon_core.environment:create_environment_scripts_only(limo_description)
[0.742s] DEBUG:colcon.colcon_core.event_handler.log_command:Invoked command in '/home/hansol/project/build/limo_description' returned '0': CMAKE_PREFIX_PATH=${CMAKE_PREFIX_PATH}:/home/hansol/project/install/prototype_move:/home/hansol/project/install/limo_ros2_application:/opt/ros/humble /usr/bin/cmake --install /home/hansol/project/build/limo_description
[0.745s] Level 1:colcon.colcon_core.environment:checking '/home/hansol/project/install/limo_description' for CMake module files
[0.746s] Level 1:colcon.colcon_core.environment:checking '/home/hansol/project/install/limo_description' for CMake config files
[0.747s] Level 1:colcon.colcon_core.shell:create_environment_hook('limo_description', 'cmake_prefix_path')
[0.748s] INFO:colcon.colcon_core.shell:Creating environment hook '/home/hansol/project/install/limo_description/share/limo_description/hook/cmake_prefix_path.ps1'
[0.748s] INFO:colcon.colcon_core.shell:Creating environment descriptor '/home/hansol/project/install/limo_description/share/limo_description/hook/cmake_prefix_path.dsv'
[0.748s] INFO:colcon.colcon_core.shell:Creating environment hook '/home/hansol/project/install/limo_description/share/limo_description/hook/cmake_prefix_path.sh'
[0.749s] Level 1:colcon.colcon_core.environment:checking '/home/hansol/project/install/limo_description/bin'
[0.749s] Level 1:colcon.colcon_core.environment:checking '/home/hansol/project/install/limo_description/lib/pkgconfig/limo_description.pc'
[0.749s] Level 1:colcon.colcon_core.environment:checking '/home/hansol/project/install/limo_description/lib/python3.10/site-packages'
[0.750s] Level 1:colcon.colcon_core.environment:checking '/home/hansol/project/install/limo_description/bin'
[0.750s] INFO:colcon.colcon_core.shell:Creating package script '/home/hansol/project/install/limo_description/share/limo_description/package.ps1'
[0.751s] INFO:colcon.colcon_core.shell:Creating package descriptor '/home/hansol/project/install/limo_description/share/limo_description/package.dsv'
[0.752s] INFO:colcon.colcon_core.shell:Creating package script '/home/hansol/project/install/limo_description/share/limo_description/package.sh'
[0.752s] INFO:colcon.colcon_core.shell:Creating package script '/home/hansol/project/install/limo_description/share/limo_description/package.bash'
[0.753s] INFO:colcon.colcon_core.shell:Creating package script '/home/hansol/project/install/limo_description/share/limo_description/package.zsh'
[0.754s] Level 1:colcon.colcon_core.environment:create_file_with_runtime_dependencies(/home/hansol/project/install/limo_description/share/colcon-core/packages/limo_description)
[0.760s] DEBUG:colcon.colcon_core.event_handler.log_command:Invoking command in '/home/hansol/project/build/limo_msgs': CMAKE_PREFIX_PATH=${CMAKE_PREFIX_PATH}:/home/hansol/project/install/prototype_move:/home/hansol/project/install/limo_ros2_application:/opt/ros/humble /usr/bin/cmake --install /home/hansol/project/build/limo_msgs
[0.788s] Level 1:colcon.colcon_core.environment:create_environment_scripts_only(limo_description)
[0.789s] Level 1:colcon.colcon_core.environment:checking '/home/hansol/project/install/limo_description' for CMake module files
[0.790s] Level 1:colcon.colcon_core.environment:checking '/home/hansol/project/install/limo_description' for CMake config files
[0.791s] Level 1:colcon.colcon_core.shell:create_environment_hook('limo_description', 'cmake_prefix_path')
[0.791s] INFO:colcon.colcon_core.shell:Creating environment hook '/home/hansol/project/install/limo_description/share/limo_description/hook/cmake_prefix_path.ps1'
[0.792s] INFO:colcon.colcon_core.shell:Creating environment descriptor '/home/hansol/project/install/limo_description/share/limo_description/hook/cmake_prefix_path.dsv'
[0.792s] INFO:colcon.colcon_core.shell:Creating environment hook '/home/hansol/project/install/limo_description/share/limo_description/hook/cmake_prefix_path.sh'
[0.793s] Level 1:colcon.colcon_core.environment:checking '/home/hansol/project/install/limo_description/bin'
[0.793s] Level 1:colcon.colcon_core.environment:checking '/home/hansol/project/install/limo_description/lib/pkgconfig/limo_description.pc'
[0.794s] Level 1:colcon.colcon_core.environment:checking '/home/hansol/project/install/limo_description/lib/python3.10/site-packages'
[0.794s] Level 1:colcon.colcon_core.environment:checking '/home/hansol/project/install/limo_description/bin'
[0.795s] INFO:colcon.colcon_core.shell:Creating package script '/home/hansol/project/install/limo_description/share/limo_description/package.ps1'
[0.796s] INFO:colcon.colcon_core.shell:Creating package descriptor '/home/hansol/project/install/limo_description/share/limo_description/package.dsv'
[0.797s] INFO:colcon.colcon_core.shell:Creating package script '/home/hansol/project/install/limo_description/share/limo_description/package.sh'
[0.797s] INFO:colcon.colcon_core.shell:Creating package script '/home/hansol/project/install/limo_description/share/limo_description/package.bash'
[0.798s] INFO:colcon.colcon_core.shell:Creating package script '/home/hansol/project/install/limo_description/share/limo_description/package.zsh'
[0.798s] Level 1:colcon.colcon_core.environment:create_file_with_runtime_dependencies(/home/hansol/project/install/limo_description/share/colcon-core/packages/limo_description)
[0.851s] Level 1:colcon.colcon_core.environment:create_environment_scripts_only(limo_msgs)
[0.852s] Level 1:colcon.colcon_core.environment:checking '/home/hansol/project/install/limo_msgs' for CMake module files
[0.852s] DEBUG:colcon.colcon_core.event_handler.log_command:Invoked command in '/home/hansol/project/build/limo_msgs' returned '0': CMAKE_PREFIX_PATH=${CMAKE_PREFIX_PATH}:/home/hansol/project/install/prototype_move:/home/hansol/project/install/limo_ros2_application:/opt/ros/humble /usr/bin/cmake --install /home/hansol/project/build/limo_msgs
[0.853s] Level 1:colcon.colcon_core.environment:checking '/home/hansol/project/install/limo_msgs' for CMake config files
[0.853s] Level 1:colcon.colcon_core.shell:create_environment_hook('limo_msgs', 'cmake_prefix_path')
[0.854s] INFO:colcon.colcon_core.shell:Creating environment hook '/home/hansol/project/install/limo_msgs/share/limo_msgs/hook/cmake_prefix_path.ps1'
[0.854s] INFO:colcon.colcon_core.shell:Creating environment descriptor '/home/hansol/project/install/limo_msgs/share/limo_msgs/hook/cmake_prefix_path.dsv'
[0.855s] INFO:colcon.colcon_core.shell:Creating environment hook '/home/hansol/project/install/limo_msgs/share/limo_msgs/hook/cmake_prefix_path.sh'
[0.856s] Level 1:colcon.colcon_core.environment:checking '/home/hansol/project/install/limo_msgs/lib'
[0.856s] Level 1:colcon.colcon_core.shell:create_environment_hook('limo_msgs', 'ld_library_path_lib')
[0.857s] INFO:colcon.colcon_core.shell:Creating environment hook '/home/hansol/project/install/limo_msgs/share/limo_msgs/hook/ld_library_path_lib.ps1'
[0.857s] INFO:colcon.colcon_core.shell:Creating environment descriptor '/home/hansol/project/install/limo_msgs/share/limo_msgs/hook/ld_library_path_lib.dsv'
[0.858s] INFO:colcon.colcon_core.shell:Creating environment hook '/home/hansol/project/install/limo_msgs/share/limo_msgs/hook/ld_library_path_lib.sh'
[0.859s] Level 1:colcon.colcon_core.environment:checking '/home/hansol/project/install/limo_msgs/bin'
[0.859s] Level 1:colcon.colcon_core.environment:checking '/home/hansol/project/install/limo_msgs/lib/pkgconfig/limo_msgs.pc'
[0.859s] Level 1:colcon.colcon_core.environment:checking '/home/hansol/project/install/limo_msgs/lib/python3.10/site-packages'
[0.860s] Level 1:colcon.colcon_core.environment:checking '/home/hansol/project/install/limo_msgs/bin'
[0.860s] INFO:colcon.colcon_core.shell:Creating package script '/home/hansol/project/install/limo_msgs/share/limo_msgs/package.ps1'
[0.861s] INFO:colcon.colcon_core.shell:Creating package descriptor '/home/hansol/project/install/limo_msgs/share/limo_msgs/package.dsv'
[0.862s] INFO:colcon.colcon_core.shell:Creating package script '/home/hansol/project/install/limo_msgs/share/limo_msgs/package.sh'
[0.863s] INFO:colcon.colcon_core.shell:Creating package script '/home/hansol/project/install/limo_msgs/share/limo_msgs/package.bash'
[0.864s] INFO:colcon.colcon_core.shell:Creating package script '/home/hansol/project/install/limo_msgs/share/limo_msgs/package.zsh'
[0.864s] Level 1:colcon.colcon_core.environment:create_file_with_runtime_dependencies(/home/hansol/project/install/limo_msgs/share/colcon-core/packages/limo_msgs)
[0.940s] Level 1:colcon.colcon_core.environment:create_environment_scripts_only(limo_msgs)
[0.941s] Level 1:colcon.colcon_core.environment:checking '/home/hansol/project/install/limo_msgs' for CMake module files
[0.942s] Level 1:colcon.colcon_core.environment:checking '/home/hansol/project/install/limo_msgs' for CMake config files
[0.943s] Level 1:colcon.colcon_core.shell:create_environment_hook('limo_msgs', 'cmake_prefix_path')
[0.943s] INFO:colcon.colcon_core.shell:Creating environment hook '/home/hansol/project/install/limo_msgs/share/limo_msgs/hook/cmake_prefix_path.ps1'
[0.944s] INFO:colcon.colcon_core.shell:Creating environment descriptor '/home/hansol/project/install/limo_msgs/share/limo_msgs/hook/cmake_prefix_path.dsv'
[0.944s] INFO:colcon.colcon_core.shell:Creating environment hook '/home/hansol/project/install/limo_msgs/share/limo_msgs/hook/cmake_prefix_path.sh'
[0.945s] Level 1:colcon.colcon_core.environment:checking '/home/hansol/project/install/limo_msgs/lib'
[0.945s] Level 1:colcon.colcon_core.shell:create_environment_hook('limo_msgs', 'ld_library_path_lib')
[0.945s] INFO:colcon.colcon_core.shell:Creating environment hook '/home/hansol/project/install/limo_msgs/share/limo_msgs/hook/ld_library_path_lib.ps1'
[0.946s] INFO:colcon.colcon_core.shell:Creating environment descriptor '/home/hansol/project/install/limo_msgs/share/limo_msgs/hook/ld_library_path_lib.dsv'
[0.946s] INFO:colcon.colcon_core.shell:Creating environment hook '/home/hansol/project/install/limo_msgs/share/limo_msgs/hook/ld_library_path_lib.sh'
[0.947s] Level 1:colcon.colcon_core.environment:checking '/home/hansol/project/install/limo_msgs/bin'
[0.947s] Level 1:colcon.colcon_core.environment:checking '/home/hansol/project/install/limo_msgs/lib/pkgconfig/limo_msgs.pc'
[0.947s] Level 1:colcon.colcon_core.environment:checking '/home/hansol/project/install/limo_msgs/lib/python3.10/site-packages'
[0.947s] Level 1:colcon.colcon_core.environment:checking '/home/hansol/project/install/limo_msgs/bin'
[0.948s] INFO:colcon.colcon_core.shell:Creating package script '/home/hansol/project/install/limo_msgs/share/limo_msgs/package.ps1'
[0.948s] INFO:colcon.colcon_core.shell:Creating package descriptor '/home/hansol/project/install/limo_msgs/share/limo_msgs/package.dsv'
[0.949s] INFO:colcon.colcon_core.shell:Creating package script '/home/hansol/project/install/limo_msgs/share/limo_msgs/package.sh'
[0.950s] INFO:colcon.colcon_core.shell:Creating package script '/home/hansol/project/install/limo_msgs/share/limo_msgs/package.bash'
[0.950s] INFO:colcon.colcon_core.shell:Creating package script '/home/hansol/project/install/limo_msgs/share/limo_msgs/package.zsh'
[0.950s] Level 1:colcon.colcon_core.environment:create_file_with_runtime_dependencies(/home/hansol/project/install/limo_msgs/share/colcon-core/packages/limo_msgs)
[0.951s] INFO:colcon.colcon_ros.task.ament_cmake.build:Building ROS package in '/home/hansol/project/src/limo_ros2/limo_base' with build type 'ament_cmake'
[0.951s] INFO:colcon.colcon_cmake.task.cmake.build:Building CMake package in '/home/hansol/project/src/limo_ros2/limo_base'
[0.951s] INFO:colcon.colcon_core.shell:Skip shell extension 'powershell' for command environment: Not usable outside of PowerShell
[0.951s] DEBUG:colcon.colcon_core.shell:Skip shell extension 'dsv' for command environment
[0.964s] DEBUG:colcon.colcon_core.event_handler.log_command:Invoking command in '/home/hansol/project/build/limo_base': CMAKE_PREFIX_PATH=/home/hansol/project/install/limo_msgs:/home/hansol/project/install/prototype_msg:/home/hansol/project/install/limo_base:/home/hansol/project/install/limo_description:/home/hansol/project/install/prototype_move:/home/hansol/project/install/limo_ros2_application:/opt/ros/humble LD_LIBRARY_PATH=/home/hansol/project/install/limo_msgs/lib:/home/hansol/project/install/prototype_msg/lib:/usr/lib/x86_64-linux-gnu/gazebo-11/plugins:/opt/ros/humble/opt/rviz_ogre_vendor/lib:/opt/ros/humble/lib/x86_64-linux-gnu:/opt/ros/humble/lib /usr/bin/cmake --build /home/hansol/project/build/limo_base -- -j12 -l12
[1.048s] DEBUG:colcon.colcon_core.event_handler.log_command:Invoked command in '/home/hansol/project/build/limo_base' returned '0': CMAKE_PREFIX_PATH=/home/hansol/project/install/limo_msgs:/home/hansol/project/install/prototype_msg:/home/hansol/project/install/limo_base:/home/hansol/project/install/limo_description:/home/hansol/project/install/prototype_move:/home/hansol/project/install/limo_ros2_application:/opt/ros/humble LD_LIBRARY_PATH=/home/hansol/project/install/limo_msgs/lib:/home/hansol/project/install/prototype_msg/lib:/usr/lib/x86_64-linux-gnu/gazebo-11/plugins:/opt/ros/humble/opt/rviz_ogre_vendor/lib:/opt/ros/humble/lib/x86_64-linux-gnu:/opt/ros/humble/lib /usr/bin/cmake --build /home/hansol/project/build/limo_base -- -j12 -l12
[1.078s] DEBUG:colcon.colcon_core.event_handler.log_command:Invoking command in '/home/hansol/project/build/limo_base': CMAKE_PREFIX_PATH=/home/hansol/project/install/limo_msgs:/home/hansol/project/install/prototype_msg:/home/hansol/project/install/limo_base:/home/hansol/project/install/limo_description:/home/hansol/project/install/prototype_move:/home/hansol/project/install/limo_ros2_application:/opt/ros/humble LD_LIBRARY_PATH=/home/hansol/project/install/limo_msgs/lib:/home/hansol/project/install/prototype_msg/lib:/usr/lib/x86_64-linux-gnu/gazebo-11/plugins:/opt/ros/humble/opt/rviz_ogre_vendor/lib:/opt/ros/humble/lib/x86_64-linux-gnu:/opt/ros/humble/lib /usr/bin/cmake --install /home/hansol/project/build/limo_base
[1.094s] Level 1:colcon.colcon_core.environment:create_environment_scripts_only(limo_base)
[1.095s] Level 1:colcon.colcon_core.environment:checking '/home/hansol/project/install/limo_base' for CMake module files
[1.095s] DEBUG:colcon.colcon_core.event_handler.log_command:Invoked command in '/home/hansol/project/build/limo_base' returned '0': CMAKE_PREFIX_PATH=/home/hansol/project/install/limo_msgs:/home/hansol/project/install/prototype_msg:/home/hansol/project/install/limo_base:/home/hansol/project/install/limo_description:/home/hansol/project/install/prototype_move:/home/hansol/project/install/limo_ros2_application:/opt/ros/humble LD_LIBRARY_PATH=/home/hansol/project/install/limo_msgs/lib:/home/hansol/project/install/prototype_msg/lib:/usr/lib/x86_64-linux-gnu/gazebo-11/plugins:/opt/ros/humble/opt/rviz_ogre_vendor/lib:/opt/ros/humble/lib/x86_64-linux-gnu:/opt/ros/humble/lib /usr/bin/cmake --install /home/hansol/project/build/limo_base
[1.096s] Level 1:colcon.colcon_core.environment:checking '/home/hansol/project/install/limo_base' for CMake config files
[1.097s] Level 1:colcon.colcon_core.shell:create_environment_hook('limo_base', 'cmake_prefix_path')
[1.097s] INFO:colcon.colcon_core.shell:Creating environment hook '/home/hansol/project/install/limo_base/share/limo_base/hook/cmake_prefix_path.ps1'
[1.098s] INFO:colcon.colcon_core.shell:Creating environment descriptor '/home/hansol/project/install/limo_base/share/limo_base/hook/cmake_prefix_path.dsv'
[1.098s] INFO:colcon.colcon_core.shell:Creating environment hook '/home/hansol/project/install/limo_base/share/limo_base/hook/cmake_prefix_path.sh'
[1.099s] Level 1:colcon.colcon_core.environment:checking '/home/hansol/project/install/limo_base/lib'
[1.099s] Level 1:colcon.colcon_core.environment:checking '/home/hansol/project/install/limo_base/bin'
[1.099s] Level 1:colcon.colcon_core.environment:checking '/home/hansol/project/install/limo_base/lib/pkgconfig/limo_base.pc'
[1.099s] Level 1:colcon.colcon_core.environment:checking '/home/hansol/project/install/limo_base/lib/python3.10/site-packages'
[1.099s] Level 1:colcon.colcon_core.environment:checking '/home/hansol/project/install/limo_base/bin'
[1.100s] INFO:colcon.colcon_core.shell:Creating package script '/home/hansol/project/install/limo_base/share/limo_base/package.ps1'
[1.100s] INFO:colcon.colcon_core.shell:Creating package descriptor '/home/hansol/project/install/limo_base/share/limo_base/package.dsv'
[1.100s] INFO:colcon.colcon_core.shell:Creating package script '/home/hansol/project/install/limo_base/share/limo_base/package.sh'
[1.101s] INFO:colcon.colcon_core.shell:Creating package script '/home/hansol/project/install/limo_base/share/limo_base/package.bash'
[1.101s] INFO:colcon.colcon_core.shell:Creating package script '/home/hansol/project/install/limo_base/share/limo_base/package.zsh'
[1.101s] Level 1:colcon.colcon_core.environment:create_file_with_runtime_dependencies(/home/hansol/project/install/limo_base/share/colcon-core/packages/limo_base)
[1.123s] Level 1:colcon.colcon_core.environment:create_environment_scripts_only(limo_base)
[1.124s] Level 1:colcon.colcon_core.environment:checking '/home/hansol/project/install/limo_base' for CMake module files
[1.124s] Level 1:colcon.colcon_core.environment:checking '/home/hansol/project/install/limo_base' for CMake config files
[1.125s] Level 1:colcon.colcon_core.shell:create_environment_hook('limo_base', 'cmake_prefix_path')
[1.125s] INFO:colcon.colcon_core.shell:Creating environment hook '/home/hansol/project/install/limo_base/share/limo_base/hook/cmake_prefix_path.ps1'
[1.126s] INFO:colcon.colcon_core.shell:Creating environment descriptor '/home/hansol/project/install/limo_base/share/limo_base/hook/cmake_prefix_path.dsv'
[1.127s] INFO:colcon.colcon_core.shell:Creating environment hook '/home/hansol/project/install/limo_base/share/limo_base/hook/cmake_prefix_path.sh'
[1.128s] Level 1:colcon.colcon_core.environment:checking '/home/hansol/project/install/limo_base/lib'
[1.128s] Level 1:colcon.colcon_core.environment:checking '/home/hansol/project/install/limo_base/bin'
[1.128s] Level 1:colcon.colcon_core.environment:checking '/home/hansol/project/install/limo_base/lib/pkgconfig/limo_base.pc'
[1.128s] Level 1:colcon.colcon_core.environment:checking '/home/hansol/project/install/limo_base/lib/python3.10/site-packages'
[1.128s] Level 1:colcon.colcon_core.environment:checking '/home/hansol/project/install/limo_base/bin'
[1.129s] INFO:colcon.colcon_core.shell:Creating package script '/home/hansol/project/install/limo_base/share/limo_base/package.ps1'
[1.130s] INFO:colcon.colcon_core.shell:Creating package descriptor '/home/hansol/project/install/limo_base/share/limo_base/package.dsv'
[1.131s] INFO:colcon.colcon_core.shell:Creating package script '/home/hansol/project/install/limo_base/share/limo_base/package.sh'
[1.132s] INFO:colcon.colcon_core.shell:Creating package script '/home/hansol/project/install/limo_base/share/limo_base/package.bash'
[1.132s] INFO:colcon.colcon_core.shell:Creating package script '/home/hansol/project/install/limo_base/share/limo_base/package.zsh'
[1.133s] Level 1:colcon.colcon_core.environment:create_file_with_runtime_dependencies(/home/hansol/project/install/limo_base/share/colcon-core/packages/limo_base)
[1.146s] DEBUG:colcon.colcon_core.event_handler.log_command:Invoking command in '/home/hansol/project/build/prototype_move': PYTHONPATH=/home/hansol/project/build/prototype_move/prefix_override:/home/hansol/project/install/prototype_move/lib/python3.10/site-packages:${PYTHONPATH} /usr/bin/python3 -W ignore:setup.py install is deprecated setup.py develop --editable --build-directory /home/hansol/project/build/prototype_move/build --no-deps symlink_data
[1.201s] DEBUG:colcon.colcon_core.event_handler.log_command:Invoked command in '/home/hansol/project/build/prototype_msg' returned '0': CMAKE_PREFIX_PATH=${CMAKE_PREFIX_PATH}:/home/hansol/project/install/prototype_move:/home/hansol/project/install/limo_ros2_application:/opt/ros/humble /usr/bin/cmake --build /home/hansol/project/build/prototype_msg -- -j12 -l12
[1.205s] DEBUG:colcon.colcon_core.event_handler.log_command:Invoking command in '/home/hansol/project/build/limo_ros2_application': PYTHONPATH=/home/hansol/project/build/limo_ros2_application/prefix_override:/home/hansol/project/install/limo_ros2_application/lib/python3.10/site-packages:${PYTHONPATH} /usr/bin/python3 -W ignore:setup.py install is deprecated setup.py develop --editable --build-directory /home/hansol/project/build/limo_ros2_application/build --no-deps symlink_data
[1.269s] DEBUG:colcon.colcon_core.event_handler.log_command:Invoking command in '/home/hansol/project/build/prototype_msg': CMAKE_PREFIX_PATH=${CMAKE_PREFIX_PATH}:/home/hansol/project/install/prototype_move:/home/hansol/project/install/limo_ros2_application:/opt/ros/humble /usr/bin/cmake --install /home/hansol/project/build/prototype_msg
[1.350s] Level 1:colcon.colcon_core.environment:create_environment_scripts_only(prototype_msg)
[1.350s] Level 1:colcon.colcon_core.environment:checking '/home/hansol/project/install/prototype_msg' for CMake module files
[1.351s] DEBUG:colcon.colcon_core.event_handler.log_command:Invoked command in '/home/hansol/project/build/prototype_msg' returned '0': CMAKE_PREFIX_PATH=${CMAKE_PREFIX_PATH}:/home/hansol/project/install/prototype_move:/home/hansol/project/install/limo_ros2_application:/opt/ros/humble /usr/bin/cmake --install /home/hansol/project/build/prototype_msg
[1.352s] Level 1:colcon.colcon_core.environment:checking '/home/hansol/project/install/prototype_msg' for CMake config files
[1.353s] Level 1:colcon.colcon_core.shell:create_environment_hook('prototype_msg', 'cmake_prefix_path')
[1.353s] INFO:colcon.colcon_core.shell:Creating environment hook '/home/hansol/project/install/prototype_msg/share/prototype_msg/hook/cmake_prefix_path.ps1'
[1.353s] INFO:colcon.colcon_core.shell:Creating environment descriptor '/home/hansol/project/install/prototype_msg/share/prototype_msg/hook/cmake_prefix_path.dsv'
[1.354s] INFO:colcon.colcon_core.shell:Creating environment hook '/home/hansol/project/install/prototype_msg/share/prototype_msg/hook/cmake_prefix_path.sh'
[1.355s] Level 1:colcon.colcon_core.environment:checking '/home/hansol/project/install/prototype_msg/lib'
[1.355s] Level 1:colcon.colcon_core.shell:create_environment_hook('prototype_msg', 'ld_library_path_lib')
[1.355s] INFO:colcon.colcon_core.shell:Creating environment hook '/home/hansol/project/install/prototype_msg/share/prototype_msg/hook/ld_library_path_lib.ps1'
[1.355s] INFO:colcon.colcon_core.shell:Creating environment descriptor '/home/hansol/project/install/prototype_msg/share/prototype_msg/hook/ld_library_path_lib.dsv'
[1.356s] INFO:colcon.colcon_core.shell:Creating environment hook '/home/hansol/project/install/prototype_msg/share/prototype_msg/hook/ld_library_path_lib.sh'
[1.356s] Level 1:colcon.colcon_core.environment:checking '/home/hansol/project/install/prototype_msg/bin'
[1.356s] Level 1:colcon.colcon_core.environment:checking '/home/hansol/project/install/prototype_msg/lib/pkgconfig/prototype_msg.pc'
[1.356s] Level 1:colcon.colcon_core.environment:checking '/home/hansol/project/install/prototype_msg/lib/python3.10/site-packages'
[1.357s] Level 1:colcon.colcon_core.environment:checking '/home/hansol/project/install/prototype_msg/bin'
[1.357s] INFO:colcon.colcon_core.shell:Creating package script '/home/hansol/project/install/prototype_msg/share/prototype_msg/package.ps1'
[1.358s] INFO:colcon.colcon_core.shell:Creating package descriptor '/home/hansol/project/install/prototype_msg/share/prototype_msg/package.dsv'
[1.358s] INFO:colcon.colcon_core.shell:Creating package script '/home/hansol/project/install/prototype_msg/share/prototype_msg/package.sh'
[1.358s] INFO:colcon.colcon_core.shell:Creating package script '/home/hansol/project/install/prototype_msg/share/prototype_msg/package.bash'
[1.359s] INFO:colcon.colcon_core.shell:Creating package script '/home/hansol/project/install/prototype_msg/share/prototype_msg/package.zsh'
[1.359s] Level 1:colcon.colcon_core.environment:create_file_with_runtime_dependencies(/home/hansol/project/install/prototype_msg/share/colcon-core/packages/prototype_msg)
[1.432s] Level 1:colcon.colcon_core.environment:create_environment_scripts_only(prototype_msg)
[1.433s] Level 1:colcon.colcon_core.environment:checking '/home/hansol/project/install/prototype_msg' for CMake module files
[1.434s] Level 1:colcon.colcon_core.environment:checking '/home/hansol/project/install/prototype_msg' for CMake config files
[1.434s] Level 1:colcon.colcon_core.shell:create_environment_hook('prototype_msg', 'cmake_prefix_path')
[1.435s] INFO:colcon.colcon_core.shell:Creating environment hook '/home/hansol/project/install/prototype_msg/share/prototype_msg/hook/cmake_prefix_path.ps1'
[1.436s] INFO:colcon.colcon_core.shell:Creating environment descriptor '/home/hansol/project/install/prototype_msg/share/prototype_msg/hook/cmake_prefix_path.dsv'
[1.436s] INFO:colcon.colcon_core.shell:Creating environment hook '/home/hansol/project/install/prototype_msg/share/prototype_msg/hook/cmake_prefix_path.sh'
[1.437s] Level 1:colcon.colcon_core.environment:checking '/home/hansol/project/install/prototype_msg/lib'
[1.437s] Level 1:colcon.colcon_core.shell:create_environment_hook('prototype_msg', 'ld_library_path_lib')
[1.438s] INFO:colcon.colcon_core.shell:Creating environment hook '/home/hansol/project/install/prototype_msg/share/prototype_msg/hook/ld_library_path_lib.ps1'
[1.438s] INFO:colcon.colcon_core.shell:Creating environment descriptor '/home/hansol/project/install/prototype_msg/share/prototype_msg/hook/ld_library_path_lib.dsv'
[1.439s] INFO:colcon.colcon_core.shell:Creating environment hook '/home/hansol/project/install/prototype_msg/share/prototype_msg/hook/ld_library_path_lib.sh'
[1.439s] Level 1:colcon.colcon_core.environment:checking '/home/hansol/project/install/prototype_msg/bin'
[1.439s] Level 1:colcon.colcon_core.environment:checking '/home/hansol/project/install/prototype_msg/lib/pkgconfig/prototype_msg.pc'
[1.440s] Level 1:colcon.colcon_core.environment:checking '/home/hansol/project/install/prototype_msg/lib/python3.10/site-packages'
[1.440s] Level 1:colcon.colcon_core.environment:checking '/home/hansol/project/install/prototype_msg/bin'
[1.441s] INFO:colcon.colcon_core.shell:Creating package script '/home/hansol/project/install/prototype_msg/share/prototype_msg/package.ps1'
[1.442s] INFO:colcon.colcon_core.shell:Creating package descriptor '/home/hansol/project/install/prototype_msg/share/prototype_msg/package.dsv'
[1.443s] INFO:colcon.colcon_core.shell:Creating package script '/home/hansol/project/install/prototype_msg/share/prototype_msg/package.sh'
[1.443s] INFO:colcon.colcon_core.shell:Creating package script '/home/hansol/project/install/prototype_msg/share/prototype_msg/package.bash'
[1.444s] INFO:colcon.colcon_core.shell:Creating package script '/home/hansol/project/install/prototype_msg/share/prototype_msg/package.zsh'
[1.444s] Level 1:colcon.colcon_core.environment:create_file_with_runtime_dependencies(/home/hansol/project/install/prototype_msg/share/colcon-core/packages/prototype_msg)
[1.648s] Level 1:colcon.colcon_core.shell:create_environment_hook('prototype_move', 'pythonpath_develop')
[1.649s] INFO:colcon.colcon_core.shell:Creating environment hook '/home/hansol/project/build/prototype_move/share/prototype_move/hook/pythonpath_develop.ps1'
[1.649s] INFO:colcon.colcon_core.shell:Creating environment descriptor '/home/hansol/project/build/prototype_move/share/prototype_move/hook/pythonpath_develop.dsv'
[1.649s] DEBUG:colcon.colcon_core.event_handler.log_command:Invoked command in '/home/hansol/project/build/prototype_move' returned '0': PYTHONPATH=/home/hansol/project/build/prototype_move/prefix_override:/home/hansol/project/install/prototype_move/lib/python3.10/site-packages:${PYTHONPATH} /usr/bin/python3 -W ignore:setup.py install is deprecated setup.py develop --editable --build-directory /home/hansol/project/build/prototype_move/build --no-deps symlink_data
[1.650s] INFO:colcon.colcon_core.shell:Creating environment hook '/home/hansol/project/build/prototype_move/share/prototype_move/hook/pythonpath_develop.sh'
[1.650s] Level 1:colcon.colcon_core.environment:checking '/home/hansol/project/install/prototype_move' for CMake module files
[1.651s] Level 1:colcon.colcon_core.environment:checking '/home/hansol/project/install/prototype_move' for CMake config files
[1.651s] Level 1:colcon.colcon_core.environment:checking '/home/hansol/project/install/prototype_move/lib'
[1.651s] Level 1:colcon.colcon_core.environment:checking '/home/hansol/project/install/prototype_move/bin'
[1.651s] Level 1:colcon.colcon_core.environment:checking '/home/hansol/project/install/prototype_move/lib/pkgconfig/prototype_move.pc'
[1.651s] Level 1:colcon.colcon_core.environment:checking '/home/hansol/project/install/prototype_move/lib/python3.10/site-packages'
[1.651s] Level 1:colcon.colcon_core.shell:create_environment_hook('prototype_move', 'pythonpath')
[1.652s] INFO:colcon.colcon_core.shell:Creating environment hook '/home/hansol/project/install/prototype_move/share/prototype_move/hook/pythonpath.ps1'
[1.652s] INFO:colcon.colcon_core.shell:Creating environment descriptor '/home/hansol/project/install/prototype_move/share/prototype_move/hook/pythonpath.dsv'
[1.652s] INFO:colcon.colcon_core.shell:Creating environment hook '/home/hansol/project/install/prototype_move/share/prototype_move/hook/pythonpath.sh'
[1.653s] Level 1:colcon.colcon_core.environment:checking '/home/hansol/project/install/prototype_move/bin'
[1.653s] Level 1:colcon.colcon_core.environment:create_environment_scripts_only(prototype_move)
[1.653s] INFO:colcon.colcon_core.shell:Creating package script '/home/hansol/project/install/prototype_move/share/prototype_move/package.ps1'
[1.653s] INFO:colcon.colcon_core.shell:Creating package descriptor '/home/hansol/project/install/prototype_move/share/prototype_move/package.dsv'
[1.654s] INFO:colcon.colcon_core.shell:Creating package script '/home/hansol/project/install/prototype_move/share/prototype_move/package.sh'
[1.654s] INFO:colcon.colcon_core.shell:Creating package script '/home/hansol/project/install/prototype_move/share/prototype_move/package.bash'
[1.654s] INFO:colcon.colcon_core.shell:Creating package script '/home/hansol/project/install/prototype_move/share/prototype_move/package.zsh'
[1.655s] Level 1:colcon.colcon_core.environment:create_file_with_runtime_dependencies(/home/hansol/project/install/prototype_move/share/colcon-core/packages/prototype_move)
[1.915s] Level 1:colcon.colcon_core.shell:create_environment_hook('limo_ros2_application', 'pythonpath_develop')
[1.916s] DEBUG:colcon.colcon_core.event_handler.log_command:Invoked command in '/home/hansol/project/build/limo_ros2_application' returned '0': PYTHONPATH=/home/hansol/project/build/limo_ros2_application/prefix_override:/home/hansol/project/install/limo_ros2_application/lib/python3.10/site-packages:${PYTHONPATH} /usr/bin/python3 -W ignore:setup.py install is deprecated setup.py develop --editable --build-directory /home/hansol/project/build/limo_ros2_application/build --no-deps symlink_data
[1.916s] INFO:colcon.colcon_core.shell:Creating environment hook '/home/hansol/project/build/limo_ros2_application/share/limo_ros2_application/hook/pythonpath_develop.ps1'
[1.917s] INFO:colcon.colcon_core.shell:Creating environment descriptor '/home/hansol/project/build/limo_ros2_application/share/limo_ros2_application/hook/pythonpath_develop.dsv'
[1.917s] INFO:colcon.colcon_core.shell:Creating environment hook '/home/hansol/project/build/limo_ros2_application/share/limo_ros2_application/hook/pythonpath_develop.sh'
[1.917s] Level 1:colcon.colcon_core.environment:checking '/home/hansol/project/install/limo_ros2_application' for CMake module files
[1.918s] Level 1:colcon.colcon_core.environment:checking '/home/hansol/project/install/limo_ros2_application' for CMake config files
[1.919s] Level 1:colcon.colcon_core.environment:checking '/home/hansol/project/install/limo_ros2_application/lib'
[1.919s] Level 1:colcon.colcon_core.environment:checking '/home/hansol/project/install/limo_ros2_application/bin'
[1.919s] Level 1:colcon.colcon_core.environment:checking '/home/hansol/project/install/limo_ros2_application/lib/pkgconfig/limo_ros2_application.pc'
[1.919s] Level 1:colcon.colcon_core.environment:checking '/home/hansol/project/install/limo_ros2_application/lib/python3.10/site-packages'
[1.919s] Level 1:colcon.colcon_core.shell:create_environment_hook('limo_ros2_application', 'pythonpath')
[1.919s] INFO:colcon.colcon_core.shell:Creating environment hook '/home/hansol/project/install/limo_ros2_application/share/limo_ros2_application/hook/pythonpath.ps1'
[1.920s] INFO:colcon.colcon_core.shell:Creating environment descriptor '/home/hansol/project/install/limo_ros2_application/share/limo_ros2_application/hook/pythonpath.dsv'
[1.920s] INFO:colcon.colcon_core.shell:Creating environment hook '/home/hansol/project/install/limo_ros2_application/share/limo_ros2_application/hook/pythonpath.sh'
[1.921s] Level 1:colcon.colcon_core.environment:checking '/home/hansol/project/install/limo_ros2_application/bin'
[1.921s] Level 1:colcon.colcon_core.environment:create_environment_scripts_only(limo_ros2_application)
[1.921s] INFO:colcon.colcon_core.shell:Creating package script '/home/hansol/project/install/limo_ros2_application/share/limo_ros2_application/package.ps1'
[1.922s] INFO:colcon.colcon_core.shell:Creating package descriptor '/home/hansol/project/install/limo_ros2_application/share/limo_ros2_application/package.dsv'
[1.922s] INFO:colcon.colcon_core.shell:Creating package script '/home/hansol/project/install/limo_ros2_application/share/limo_ros2_application/package.sh'
[1.923s] INFO:colcon.colcon_core.shell:Creating package script '/home/hansol/project/install/limo_ros2_application/share/limo_ros2_application/package.bash'
[1.923s] INFO:colcon.colcon_core.shell:Creating package script '/home/hansol/project/install/limo_ros2_application/share/limo_ros2_application/package.zsh'
[1.923s] Level 1:colcon.colcon_core.environment:create_file_with_runtime_dependencies(/home/hansol/project/install/limo_ros2_application/share/colcon-core/packages/limo_ros2_application)
[1.924s] DEBUG:colcon.colcon_parallel_executor.executor.parallel:closing loop
[1.924s] DEBUG:colcon.colcon_parallel_executor.executor.parallel:loop closed
[1.924s] DEBUG:colcon.colcon_parallel_executor.executor.parallel:run_until_complete finished with '0'
[1.924s] DEBUG:colcon.colcon_core.event_reactor:joining thread
[1.929s] INFO:colcon.colcon_core.plugin_system:Skipping extension 'colcon_notification.desktop_notification.terminal_notifier': Not used on non-Darwin systems
[1.929s] INFO:colcon.colcon_core.plugin_system:Skipping extension 'colcon_notification.desktop_notification.win32': Not used on non-Windows systems
[1.929s] INFO:colcon.colcon_notification.desktop_notification:Sending desktop notification using 'notify2'
[1.938s] DEBUG:colcon.colcon_core.event_reactor:joined thread
[1.939s] INFO:colcon.colcon_core.shell:Creating prefix script '/home/hansol/project/install/local_setup.ps1'
[1.939s] INFO:colcon.colcon_core.shell:Creating prefix util module '/home/hansol/project/install/_local_setup_util_ps1.py'
[1.940s] INFO:colcon.colcon_core.shell:Creating prefix chain script '/home/hansol/project/install/setup.ps1'
[1.940s] INFO:colcon.colcon_core.shell:Creating prefix script '/home/hansol/project/install/local_setup.sh'
[1.941s] INFO:colcon.colcon_core.shell:Creating prefix util module '/home/hansol/project/install/_local_setup_util_sh.py'
[1.941s] INFO:colcon.colcon_core.shell:Creating prefix chain script '/home/hansol/project/install/setup.sh'
[1.942s] INFO:colcon.colcon_core.shell:Creating prefix script '/home/hansol/project/install/local_setup.bash'
[1.942s] INFO:colcon.colcon_core.shell:Creating prefix chain script '/home/hansol/project/install/setup.bash'
[1.943s] INFO:colcon.colcon_core.shell:Creating prefix script '/home/hansol/project/install/local_setup.zsh'
[1.944s] INFO:colcon.colcon_core.shell:Creating prefix chain script '/home/hansol/project/install/setup.zsh'
