[1.835s] Invoking command in '/home/orin/Prototype_Military/prototype_military/src/prototype_move': PYTHONPATH=/home/orin/Prototype_Military/prototype_military/build/prototype_move/prefix_override:/usr/lib/python3/dist-packages/colcon_core/task/python/colcon_distutils_commands:/home/orin/Prototype_Military/prototype_military/install/prototype_move/lib/python3.10/site-packages:${PYTHONPATH} /usr/bin/python3 -W ignore:setup.py install is deprecated setup.py egg_info --egg-base ../../build/prototype_move build --build-base /home/orin/Prototype_Military/prototype_military/build/prototype_move/build install --record /home/orin/Prototype_Military/prototype_military/build/prototype_move/install.log --single-version-externally-managed install_data
[2.162s] /home/orin/.local/lib/python3.10/site-packages/setuptools/_distutils/dist.py:260: UserWarning: Unknown distribution option: 'tests_require'
[2.162s]   warnings.warn(msg)
[2.389s] running egg_info
[2.427s] writing ../../build/prototype_move/prototype_move.egg-info/PKG-INFO
[2.428s] writing dependency_links to ../../build/prototype_move/prototype_move.egg-info/dependency_links.txt
[2.428s] writing entry points to ../../build/prototype_move/prototype_move.egg-info/entry_points.txt
[2.428s] writing requirements to ../../build/prototype_move/prototype_move.egg-info/requires.txt
[2.429s] writing top-level names to ../../build/prototype_move/prototype_move.egg-info/top_level.txt
[2.507s] reading manifest file '../../build/prototype_move/prototype_move.egg-info/SOURCES.txt'
[2.510s] writing manifest file '../../build/prototype_move/prototype_move.egg-info/SOURCES.txt'
[2.510s] running build
[2.510s] running build_py
[2.511s] copying prototype_move/detection.py -> /home/orin/Prototype_Military/prototype_military/build/prototype_move/build/lib/prototype_move
[2.511s] copying prototype_move/__init__.py -> /home/orin/Prototype_Military/prototype_military/build/prototype_move/build/lib/prototype_move
[2.512s] copying prototype_move/led.py -> /home/orin/Prototype_Military/prototype_military/build/prototype_move/build/lib/prototype_move
[2.512s] copying prototype_move/teleop_keyboard.py -> /home/orin/Prototype_Military/prototype_military/build/prototype_move/build/lib/prototype_move
[2.513s] running install
[2.522s] running install_lib
[2.562s] running install_data
[2.562s] copying resource/prototype_move -> /home/orin/Prototype_Military/prototype_military/install/prototype_move/share/ament_index/resource_index/packages
[2.562s] copying package.xml -> /home/orin/Prototype_Military/prototype_military/install/prototype_move/share/prototype_move
[2.563s] copying package.xml -> /home/orin/Prototype_Military/prototype_military/install/prototype_move/share/prototype_move
[2.563s] copying launch/prototype_detect_launch.py -> /home/orin/Prototype_Military/prototype_military/install/prototype_move/share/prototype_move/launch
[2.563s] copying launch/prototype_move_launch.py -> /home/orin/Prototype_Military/prototype_military/install/prototype_move/share/prototype_move/launch
[2.564s] running install_egg_info
[2.604s] removing '/home/orin/Prototype_Military/prototype_military/install/prototype_move/lib/python3.10/site-packages/prototype_move-0.0.0-py3.10.egg-info' (and everything under it)
[2.605s] Copying ../../build/prototype_move/prototype_move.egg-info to /home/orin/Prototype_Military/prototype_military/install/prototype_move/lib/python3.10/site-packages/prototype_move-0.0.0-py3.10.egg-info
[2.607s] running install_scripts
[2.920s] Installing detect script to /home/orin/Prototype_Military/prototype_military/install/prototype_move/lib/prototype_move
[2.920s] Installing led script to /home/orin/Prototype_Military/prototype_military/install/prototype_move/lib/prototype_move
[2.920s] Installing teleop_keyboard script to /home/orin/Prototype_Military/prototype_military/install/prototype_move/lib/prototype_move
[2.921s] writing list of installed files to '/home/orin/Prototype_Military/prototype_military/build/prototype_move/install.log'
[2.984s] Invoked command in '/home/orin/Prototype_Military/prototype_military/src/prototype_move' returned '0': PYTHONPATH=/home/orin/Prototype_Military/prototype_military/build/prototype_move/prefix_override:/usr/lib/python3/dist-packages/colcon_core/task/python/colcon_distutils_commands:/home/orin/Prototype_Military/prototype_military/install/prototype_move/lib/python3.10/site-packages:${PYTHONPATH} /usr/bin/python3 -W ignore:setup.py install is deprecated setup.py egg_info --egg-base ../../build/prototype_move build --build-base /home/orin/Prototype_Military/prototype_military/build/prototype_move/build install --record /home/orin/Prototype_Military/prototype_military/build/prototype_move/install.log --single-version-externally-managed install_data
