[0.059s] DEBUG:colcon:Command line arguments: ['/usr/bin/colcon', 'build', '--symlink-install']
[0.059s] DEBUG:colcon:Parsed command line arguments: Namespace(log_base=None, log_level=None, verb_name='build', build_base='build', install_base='install', merge_install=False, symlink_install=True, test_result_base=None, continue_on_error=False, executor='parallel', parallel_workers=12, event_handlers=None, ignore_user_meta=False, metas=['./colcon.meta'], base_paths=['.'], packages_ignore=None, packages_ignore_regex=None, paths=None, packages_up_to=None, packages_up_to_regex=None, packages_above=None, packages_above_and_dependencies=None, packages_above_depth=None, packages_select_by_dep=None, packages_skip_by_dep=None, packages_skip_up_to=None, packages_select_build_failed=False, packages_skip_build_finished=False, packages_select_test_failures=False, packages_skip_test_passed=False, packages_select=None, packages_skip=None, packages_select_regex=None, packages_skip_regex=None, packages_start=None, packages_end=None, allow_overriding=[], cmake_args=None, cmake_target=None, cmake_target_skip_unavailable=False, cmake_clean_cache=False, cmake_clean_first=False, cmake_force_configure=False, ament_cmake_args=None, catkin_cmake_args=None, catkin_skip_building_tests=False, verb_parser=<colcon_defaults.argument_parser.defaults.DefaultArgumentsDecorator object at 0x7c32d3931c60>, verb_extension=<colcon_core.verb.build.BuildVerb object at 0x7c32d3931720>, main=<bound method BuildVerb.main of <colcon_core.verb.build.BuildVerb object at 0x7c32d3931720>>)
[0.162s] Level 1:colcon.colcon_core.package_discovery:discover_packages(colcon_meta) check parameters
[0.163s] Level 1:colcon.colcon_core.package_discovery:discover_packages(recursive) check parameters
[0.163s] Level 1:colcon.colcon_core.package_discovery:discover_packages(ignore) check parameters
[0.163s] Level 1:colcon.colcon_core.package_discovery:discover_packages(path) check parameters
[0.163s] Level 1:colcon.colcon_core.package_discovery:discover_packages(colcon_meta) discover
[0.163s] Level 1:colcon.colcon_core.package_discovery:discover_packages(recursive) discover
[0.163s] INFO:colcon.colcon_core.package_discovery:Crawling recursively for packages in '/home/hansol/project'
[0.163s] Level 1:colcon.colcon_core.package_identification:_identify(.) by extensions ['ignore', 'ignore_ament_install']
[0.163s] Level 1:colcon.colcon_core.package_identification:_identify(.) by extension 'ignore'
[0.163s] Level 1:colcon.colcon_core.package_identification:_identify(.) by extension 'ignore_ament_install'
[0.163s] Level 1:colcon.colcon_core.package_identification:_identify(.) by extensions ['colcon_pkg']
[0.163s] Level 1:colcon.colcon_core.package_identification:_identify(.) by extension 'colcon_pkg'
[0.163s] Level 1:colcon.colcon_core.package_identification:_identify(.) by extensions ['colcon_meta']
[0.163s] Level 1:colcon.colcon_core.package_identification:_identify(.) by extension 'colcon_meta'
[0.163s] Level 1:colcon.colcon_core.package_identification:_identify(.) by extensions ['ros']
[0.163s] Level 1:colcon.colcon_core.package_identification:_identify(.) by extension 'ros'
[0.181s] Level 1:colcon.colcon_core.package_identification:_identify(.) by extensions ['cmake', 'python']
[0.181s] Level 1:colcon.colcon_core.package_identification:_identify(.) by extension 'cmake'
[0.181s] Level 1:colcon.colcon_core.package_identification:_identify(.) by extension 'python'
[0.181s] Level 1:colcon.colcon_core.package_identification:_identify(.) by extensions ['python_setup_py']
[0.181s] Level 1:colcon.colcon_core.package_identification:_identify(.) by extension 'python_setup_py'
[0.181s] Level 1:colcon.colcon_core.package_identification:_identify(build) by extensions ['ignore', 'ignore_ament_install']
[0.181s] Level 1:colcon.colcon_core.package_identification:_identify(build) by extension 'ignore'
[0.181s] Level 1:colcon.colcon_core.package_identification:_identify(build) ignored
[0.181s] Level 1:colcon.colcon_core.package_identification:_identify(install) by extensions ['ignore', 'ignore_ament_install']
[0.182s] Level 1:colcon.colcon_core.package_identification:_identify(install) by extension 'ignore'
[0.182s] Level 1:colcon.colcon_core.package_identification:_identify(install) ignored
[0.182s] Level 1:colcon.colcon_core.package_identification:_identify(log) by extensions ['ignore', 'ignore_ament_install']
[0.182s] Level 1:colcon.colcon_core.package_identification:_identify(log) by extension 'ignore'
[0.182s] Level 1:colcon.colcon_core.package_identification:_identify(log) ignored
[0.182s] Level 1:colcon.colcon_core.package_identification:_identify(src) by extensions ['ignore', 'ignore_ament_install']
[0.182s] Level 1:colcon.colcon_core.package_identification:_identify(src) by extension 'ignore'
[0.182s] Level 1:colcon.colcon_core.package_identification:_identify(src) by extension 'ignore_ament_install'
[0.182s] Level 1:colcon.colcon_core.package_identification:_identify(src) by extensions ['colcon_pkg']
[0.182s] Level 1:colcon.colcon_core.package_identification:_identify(src) by extension 'colcon_pkg'
[0.182s] Level 1:colcon.colcon_core.package_identification:_identify(src) by extensions ['colcon_meta']
[0.182s] Level 1:colcon.colcon_core.package_identification:_identify(src) by extension 'colcon_meta'
[0.182s] Level 1:colcon.colcon_core.package_identification:_identify(src) by extensions ['ros']
[0.182s] Level 1:colcon.colcon_core.package_identification:_identify(src) by extension 'ros'
[0.182s] Level 1:colcon.colcon_core.package_identification:_identify(src) by extensions ['cmake', 'python']
[0.182s] Level 1:colcon.colcon_core.package_identification:_identify(src) by extension 'cmake'
[0.182s] Level 1:colcon.colcon_core.package_identification:_identify(src) by extension 'python'
[0.182s] Level 1:colcon.colcon_core.package_identification:_identify(src) by extensions ['python_setup_py']
[0.182s] Level 1:colcon.colcon_core.package_identification:_identify(src) by extension 'python_setup_py'
[0.182s] Level 1:colcon.colcon_core.package_identification:_identify(src/limo_ros2) by extensions ['ignore', 'ignore_ament_install']
[0.182s] Level 1:colcon.colcon_core.package_identification:_identify(src/limo_ros2) by extension 'ignore'
[0.182s] Level 1:colcon.colcon_core.package_identification:_identify(src/limo_ros2) by extension 'ignore_ament_install'
[0.182s] Level 1:colcon.colcon_core.package_identification:_identify(src/limo_ros2) by extensions ['colcon_pkg']
[0.182s] Level 1:colcon.colcon_core.package_identification:_identify(src/limo_ros2) by extension 'colcon_pkg'
[0.182s] Level 1:colcon.colcon_core.package_identification:_identify(src/limo_ros2) by extensions ['colcon_meta']
[0.182s] Level 1:colcon.colcon_core.package_identification:_identify(src/limo_ros2) by extension 'colcon_meta'
[0.182s] Level 1:colcon.colcon_core.package_identification:_identify(src/limo_ros2) by extensions ['ros']
[0.182s] Level 1:colcon.colcon_core.package_identification:_identify(src/limo_ros2) by extension 'ros'
[0.182s] Level 1:colcon.colcon_core.package_identification:_identify(src/limo_ros2) by extensions ['cmake', 'python']
[0.182s] Level 1:colcon.colcon_core.package_identification:_identify(src/limo_ros2) by extension 'cmake'
[0.182s] Level 1:colcon.colcon_core.package_identification:_identify(src/limo_ros2) by extension 'python'
[0.182s] Level 1:colcon.colcon_core.package_identification:_identify(src/limo_ros2) by extensions ['python_setup_py']
[0.182s] Level 1:colcon.colcon_core.package_identification:_identify(src/limo_ros2) by extension 'python_setup_py'
[0.182s] Level 1:colcon.colcon_core.package_identification:_identify(src/limo_ros2/catmux) by extensions ['ignore', 'ignore_ament_install']
[0.182s] Level 1:colcon.colcon_core.package_identification:_identify(src/limo_ros2/catmux) by extension 'ignore'
[0.183s] Level 1:colcon.colcon_core.package_identification:_identify(src/limo_ros2/catmux) by extension 'ignore_ament_install'
[0.183s] Level 1:colcon.colcon_core.package_identification:_identify(src/limo_ros2/catmux) by extensions ['colcon_pkg']
[0.183s] Level 1:colcon.colcon_core.package_identification:_identify(src/limo_ros2/catmux) by extension 'colcon_pkg'
[0.183s] Level 1:colcon.colcon_core.package_identification:_identify(src/limo_ros2/catmux) by extensions ['colcon_meta']
[0.183s] Level 1:colcon.colcon_core.package_identification:_identify(src/limo_ros2/catmux) by extension 'colcon_meta'
[0.183s] Level 1:colcon.colcon_core.package_identification:_identify(src/limo_ros2/catmux) by extensions ['ros']
[0.183s] Level 1:colcon.colcon_core.package_identification:_identify(src/limo_ros2/catmux) by extension 'ros'
[0.183s] Level 1:colcon.colcon_core.package_identification:_identify(src/limo_ros2/catmux) by extensions ['cmake', 'python']
[0.183s] Level 1:colcon.colcon_core.package_identification:_identify(src/limo_ros2/catmux) by extension 'cmake'
[0.183s] Level 1:colcon.colcon_core.package_identification:_identify(src/limo_ros2/catmux) by extension 'python'
[0.183s] Level 1:colcon.colcon_core.package_identification:_identify(src/limo_ros2/catmux) by extensions ['python_setup_py']
[0.183s] Level 1:colcon.colcon_core.package_identification:_identify(src/limo_ros2/catmux) by extension 'python_setup_py'
[0.183s] Level 1:colcon.colcon_core.package_identification:_identify(src/limo_ros2/limo_base) by extensions ['ignore', 'ignore_ament_install']
[0.183s] Level 1:colcon.colcon_core.package_identification:_identify(src/limo_ros2/limo_base) by extension 'ignore'
[0.183s] Level 1:colcon.colcon_core.package_identification:_identify(src/limo_ros2/limo_base) by extension 'ignore_ament_install'
[0.183s] Level 1:colcon.colcon_core.package_identification:_identify(src/limo_ros2/limo_base) by extensions ['colcon_pkg']
[0.183s] Level 1:colcon.colcon_core.package_identification:_identify(src/limo_ros2/limo_base) by extension 'colcon_pkg'
[0.183s] Level 1:colcon.colcon_core.package_identification:_identify(src/limo_ros2/limo_base) by extensions ['colcon_meta']
[0.183s] Level 1:colcon.colcon_core.package_identification:_identify(src/limo_ros2/limo_base) by extension 'colcon_meta'
[0.183s] Level 1:colcon.colcon_core.package_identification:_identify(src/limo_ros2/limo_base) by extensions ['ros']
[0.183s] Level 1:colcon.colcon_core.package_identification:_identify(src/limo_ros2/limo_base) by extension 'ros'
[0.184s] DEBUG:colcon.colcon_core.package_identification:Package 'src/limo_ros2/limo_base' with type 'ros.ament_cmake' and name 'limo_base'
[0.185s] Level 1:colcon.colcon_core.package_identification:_identify(src/limo_ros2/limo_description) by extensions ['ignore', 'ignore_ament_install']
[0.185s] Level 1:colcon.colcon_core.package_identification:_identify(src/limo_ros2/limo_description) by extension 'ignore'
[0.185s] Level 1:colcon.colcon_core.package_identification:_identify(src/limo_ros2/limo_description) by extension 'ignore_ament_install'
[0.185s] Level 1:colcon.colcon_core.package_identification:_identify(src/limo_ros2/limo_description) by extensions ['colcon_pkg']
[0.185s] Level 1:colcon.colcon_core.package_identification:_identify(src/limo_ros2/limo_description) by extension 'colcon_pkg'
[0.185s] Level 1:colcon.colcon_core.package_identification:_identify(src/limo_ros2/limo_description) by extensions ['colcon_meta']
[0.185s] Level 1:colcon.colcon_core.package_identification:_identify(src/limo_ros2/limo_description) by extension 'colcon_meta'
[0.185s] Level 1:colcon.colcon_core.package_identification:_identify(src/limo_ros2/limo_description) by extensions ['ros']
[0.185s] Level 1:colcon.colcon_core.package_identification:_identify(src/limo_ros2/limo_description) by extension 'ros'
[0.185s] DEBUG:colcon.colcon_core.package_identification:Package 'src/limo_ros2/limo_description' with type 'ros.ament_cmake' and name 'limo_description'
[0.185s] Level 1:colcon.colcon_core.package_identification:_identify(src/limo_ros2/limo_msgs) by extensions ['ignore', 'ignore_ament_install']
[0.185s] Level 1:colcon.colcon_core.package_identification:_identify(src/limo_ros2/limo_msgs) by extension 'ignore'
[0.185s] Level 1:colcon.colcon_core.package_identification:_identify(src/limo_ros2/limo_msgs) by extension 'ignore_ament_install'
[0.185s] Level 1:colcon.colcon_core.package_identification:_identify(src/limo_ros2/limo_msgs) by extensions ['colcon_pkg']
[0.185s] Level 1:colcon.colcon_core.package_identification:_identify(src/limo_ros2/limo_msgs) by extension 'colcon_pkg'
[0.185s] Level 1:colcon.colcon_core.package_identification:_identify(src/limo_ros2/limo_msgs) by extensions ['colcon_meta']
[0.185s] Level 1:colcon.colcon_core.package_identification:_identify(src/limo_ros2/limo_msgs) by extension 'colcon_meta'
[0.185s] Level 1:colcon.colcon_core.package_identification:_identify(src/limo_ros2/limo_msgs) by extensions ['ros']
[0.185s] Level 1:colcon.colcon_core.package_identification:_identify(src/limo_ros2/limo_msgs) by extension 'ros'
[0.186s] DEBUG:colcon.colcon_core.package_identification:Package 'src/limo_ros2/limo_msgs' with type 'ros.ament_cmake' and name 'limo_msgs'
[0.186s] Level 1:colcon.colcon_core.package_identification:_identify(src/limo_ros2/limo_ros2_application) by extensions ['ignore', 'ignore_ament_install']
[0.186s] Level 1:colcon.colcon_core.package_identification:_identify(src/limo_ros2/limo_ros2_application) by extension 'ignore'
[0.186s] Level 1:colcon.colcon_core.package_identification:_identify(src/limo_ros2/limo_ros2_application) by extension 'ignore_ament_install'
[0.186s] Level 1:colcon.colcon_core.package_identification:_identify(src/limo_ros2/limo_ros2_application) by extensions ['colcon_pkg']
[0.186s] Level 1:colcon.colcon_core.package_identification:_identify(src/limo_ros2/limo_ros2_application) by extension 'colcon_pkg'
[0.186s] Level 1:colcon.colcon_core.package_identification:_identify(src/limo_ros2/limo_ros2_application) by extensions ['colcon_meta']
[0.186s] Level 1:colcon.colcon_core.package_identification:_identify(src/limo_ros2/limo_ros2_application) by extension 'colcon_meta'
[0.186s] Level 1:colcon.colcon_core.package_identification:_identify(src/limo_ros2/limo_ros2_application) by extensions ['ros']
[0.186s] Level 1:colcon.colcon_core.package_identification:_identify(src/limo_ros2/limo_ros2_application) by extension 'ros'
[0.186s] DEBUG:colcon.colcon_core.package_identification:Package 'src/limo_ros2/limo_ros2_application' with type 'ros.ament_python' and name 'limo_ros2_application'
[0.186s] Level 1:colcon.colcon_core.package_identification:_identify(src/prototype_move) by extensions ['ignore', 'ignore_ament_install']
[0.186s] Level 1:colcon.colcon_core.package_identification:_identify(src/prototype_move) by extension 'ignore'
[0.186s] Level 1:colcon.colcon_core.package_identification:_identify(src/prototype_move) by extension 'ignore_ament_install'
[0.186s] Level 1:colcon.colcon_core.package_identification:_identify(src/prototype_move) by extensions ['colcon_pkg']
[0.186s] Level 1:colcon.colcon_core.package_identification:_identify(src/prototype_move) by extension 'colcon_pkg'
[0.186s] Level 1:colcon.colcon_core.package_identification:_identify(src/prototype_move) by extensions ['colcon_meta']
[0.186s] Level 1:colcon.colcon_core.package_identification:_identify(src/prototype_move) by extension 'colcon_meta'
[0.186s] Level 1:colcon.colcon_core.package_identification:_identify(src/prototype_move) by extensions ['ros']
[0.186s] Level 1:colcon.colcon_core.package_identification:_identify(src/prototype_move) by extension 'ros'
[0.187s] DEBUG:colcon.colcon_core.package_identification:Package 'src/prototype_move' with type 'ros.ament_python' and name 'prototype_move'
[0.187s] Level 1:colcon.colcon_core.package_identification:_identify(src/prototype_msg) by extensions ['ignore', 'ignore_ament_install']
[0.187s] Level 1:colcon.colcon_core.package_identification:_identify(src/prototype_msg) by extension 'ignore'
[0.187s] Level 1:colcon.colcon_core.package_identification:_identify(src/prototype_msg) by extension 'ignore_ament_install'
[0.187s] Level 1:colcon.colcon_core.package_identification:_identify(src/prototype_msg) by extensions ['colcon_pkg']
[0.187s] Level 1:colcon.colcon_core.package_identification:_identify(src/prototype_msg) by extension 'colcon_pkg'
[0.187s] Level 1:colcon.colcon_core.package_identification:_identify(src/prototype_msg) by extensions ['colcon_meta']
[0.187s] Level 1:colcon.colcon_core.package_identification:_identify(src/prototype_msg) by extension 'colcon_meta'
[0.187s] Level 1:colcon.colcon_core.package_identification:_identify(src/prototype_msg) by extensions ['ros']
[0.187s] Level 1:colcon.colcon_core.package_identification:_identify(src/prototype_msg) by extension 'ros'
[0.187s] DEBUG:colcon.colcon_core.package_identification:Package 'src/prototype_msg' with type 'ros.ament_cmake' and name 'prototype_msg'
[0.187s] Level 1:colcon.colcon_core.package_discovery:discover_packages(recursive) using defaults
[0.187s] Level 1:colcon.colcon_core.package_discovery:discover_packages(ignore) discover
[0.187s] Level 1:colcon.colcon_core.package_discovery:discover_packages(ignore) using defaults
[0.187s] Level 1:colcon.colcon_core.package_discovery:discover_packages(path) discover
[0.187s] Level 1:colcon.colcon_core.package_discovery:discover_packages(path) using defaults
[0.199s] Level 1:colcon.colcon_core.package_discovery:discover_packages(prefix_path) check parameters
[0.199s] Level 1:colcon.colcon_core.package_discovery:discover_packages(prefix_path) discover
[0.200s] DEBUG:colcon.colcon_installed_package_information.package_discovery:Found 6 installed packages in /home/hansol/project/install
[0.201s] DEBUG:colcon.colcon_installed_package_information.package_discovery:Found 454 installed packages in /opt/ros/humble
[0.202s] Level 1:colcon.colcon_core.package_discovery:discover_packages(prefix_path) using defaults
[0.228s] Level 5:colcon.colcon_core.verb:set package 'limo_description' build argument 'cmake_args' from command line to 'None'
[0.228s] Level 5:colcon.colcon_core.verb:set package 'limo_description' build argument 'cmake_target' from command line to 'None'
[0.228s] Level 5:colcon.colcon_core.verb:set package 'limo_description' build argument 'cmake_target_skip_unavailable' from command line to 'False'
[0.228s] Level 5:colcon.colcon_core.verb:set package 'limo_description' build argument 'cmake_clean_cache' from command line to 'False'
[0.229s] Level 5:colcon.colcon_core.verb:set package 'limo_description' build argument 'cmake_clean_first' from command line to 'False'
[0.229s] Level 5:colcon.colcon_core.verb:set package 'limo_description' build argument 'cmake_force_configure' from command line to 'False'
[0.229s] Level 5:colcon.colcon_core.verb:set package 'limo_description' build argument 'ament_cmake_args' from command line to 'None'
[0.229s] Level 5:colcon.colcon_core.verb:set package 'limo_description' build argument 'catkin_cmake_args' from command line to 'None'
[0.229s] Level 5:colcon.colcon_core.verb:set package 'limo_description' build argument 'catkin_skip_building_tests' from command line to 'False'
[0.229s] DEBUG:colcon.colcon_core.verb:Building package 'limo_description' with the following arguments: {'ament_cmake_args': None, 'build_base': '/home/hansol/project/build/limo_description', 'catkin_cmake_args': None, 'catkin_skip_building_tests': False, 'cmake_args': None, 'cmake_clean_cache': False, 'cmake_clean_first': False, 'cmake_force_configure': False, 'cmake_target': None, 'cmake_target_skip_unavailable': False, 'install_base': '/home/hansol/project/install/limo_description', 'merge_install': False, 'path': '/home/hansol/project/src/limo_ros2/limo_description', 'symlink_install': True, 'test_result_base': None}
[0.229s] Level 5:colcon.colcon_core.verb:set package 'limo_msgs' build argument 'cmake_args' from command line to 'None'
[0.229s] Level 5:colcon.colcon_core.verb:set package 'limo_msgs' build argument 'cmake_target' from command line to 'None'
[0.229s] Level 5:colcon.colcon_core.verb:set package 'limo_msgs' build argument 'cmake_target_skip_unavailable' from command line to 'False'
[0.229s] Level 5:colcon.colcon_core.verb:set package 'limo_msgs' build argument 'cmake_clean_cache' from command line to 'False'
[0.229s] Level 5:colcon.colcon_core.verb:set package 'limo_msgs' build argument 'cmake_clean_first' from command line to 'False'
[0.229s] Level 5:colcon.colcon_core.verb:set package 'limo_msgs' build argument 'cmake_force_configure' from command line to 'False'
[0.229s] Level 5:colcon.colcon_core.verb:set package 'limo_msgs' build argument 'ament_cmake_args' from command line to 'None'
[0.229s] Level 5:colcon.colcon_core.verb:set package 'limo_msgs' build argument 'catkin_cmake_args' from command line to 'None'
[0.229s] Level 5:colcon.colcon_core.verb:set package 'limo_msgs' build argument 'catkin_skip_building_tests' from command line to 'False'
[0.229s] DEBUG:colcon.colcon_core.verb:Building package 'limo_msgs' with the following arguments: {'ament_cmake_args': None, 'build_base': '/home/hansol/project/build/limo_msgs', 'catkin_cmake_args': None, 'catkin_skip_building_tests': False, 'cmake_args': None, 'cmake_clean_cache': False, 'cmake_clean_first': False, 'cmake_force_configure': False, 'cmake_target': None, 'cmake_target_skip_unavailable': False, 'install_base': '/home/hansol/project/install/limo_msgs', 'merge_install': False, 'path': '/home/hansol/project/src/limo_ros2/limo_msgs', 'symlink_install': True, 'test_result_base': None}
[0.229s] Level 5:colcon.colcon_core.verb:set package 'limo_ros2_application' build argument 'cmake_args' from command line to 'None'
[0.229s] Level 5:colcon.colcon_core.verb:set package 'limo_ros2_application' build argument 'cmake_target' from command line to 'None'
[0.229s] Level 5:colcon.colcon_core.verb:set package 'limo_ros2_application' build argument 'cmake_target_skip_unavailable' from command line to 'False'
[0.229s] Level 5:colcon.colcon_core.verb:set package 'limo_ros2_application' build argument 'cmake_clean_cache' from command line to 'False'
[0.229s] Level 5:colcon.colcon_core.verb:set package 'limo_ros2_application' build argument 'cmake_clean_first' from command line to 'False'
[0.229s] Level 5:colcon.colcon_core.verb:set package 'limo_ros2_application' build argument 'cmake_force_configure' from command line to 'False'
[0.229s] Level 5:colcon.colcon_core.verb:set package 'limo_ros2_application' build argument 'ament_cmake_args' from command line to 'None'
[0.229s] Level 5:colcon.colcon_core.verb:set package 'limo_ros2_application' build argument 'catkin_cmake_args' from command line to 'None'
[0.229s] Level 5:colcon.colcon_core.verb:set package 'limo_ros2_application' build argument 'catkin_skip_building_tests' from command line to 'False'
[0.229s] DEBUG:colcon.colcon_core.verb:Building package 'limo_ros2_application' with the following arguments: {'ament_cmake_args': None, 'build_base': '/home/hansol/project/build/limo_ros2_application', 'catkin_cmake_args': None, 'catkin_skip_building_tests': False, 'cmake_args': None, 'cmake_clean_cache': False, 'cmake_clean_first': False, 'cmake_force_configure': False, 'cmake_target': None, 'cmake_target_skip_unavailable': False, 'install_base': '/home/hansol/project/install/limo_ros2_application', 'merge_install': False, 'path': '/home/hansol/project/src/limo_ros2/limo_ros2_application', 'symlink_install': True, 'test_result_base': None}
[0.229s] Level 5:colcon.colcon_core.verb:set package 'prototype_move' build argument 'cmake_args' from command line to 'None'
[0.229s] Level 5:colcon.colcon_core.verb:set package 'prototype_move' build argument 'cmake_target' from command line to 'None'
[0.229s] Level 5:colcon.colcon_core.verb:set package 'prototype_move' build argument 'cmake_target_skip_unavailable' from command line to 'False'
[0.229s] Level 5:colcon.colcon_core.verb:set package 'prototype_move' build argument 'cmake_clean_cache' from command line to 'False'
[0.229s] Level 5:colcon.colcon_core.verb:set package 'prototype_move' build argument 'cmake_clean_first' from command line to 'False'
[0.229s] Level 5:colcon.colcon_core.verb:set package 'prototype_move' build argument 'cmake_force_configure' from command line to 'False'
[0.229s] Level 5:colcon.colcon_core.verb:set package 'prototype_move' build argument 'ament_cmake_args' from command line to 'None'
[0.229s] Level 5:colcon.colcon_core.verb:set package 'prototype_move' build argument 'catkin_cmake_args' from command line to 'None'
[0.229s] Level 5:colcon.colcon_core.verb:set package 'prototype_move' build argument 'catkin_skip_building_tests' from command line to 'False'
[0.229s] DEBUG:colcon.colcon_core.verb:Building package 'prototype_move' with the following arguments: {'ament_cmake_args': None, 'build_base': '/home/hansol/project/build/prototype_move', 'catkin_cmake_args': None, 'catkin_skip_building_tests': False, 'cmake_args': None, 'cmake_clean_cache': False, 'cmake_clean_first': False, 'cmake_force_configure': False, 'cmake_target': None, 'cmake_target_skip_unavailable': False, 'install_base': '/home/hansol/project/install/prototype_move', 'merge_install': False, 'path': '/home/hansol/project/src/prototype_move', 'symlink_install': True, 'test_result_base': None}
[0.230s] Level 5:colcon.colcon_core.verb:set package 'prototype_msg' build argument 'cmake_args' from command line to 'None'
[0.230s] Level 5:colcon.colcon_core.verb:set package 'prototype_msg' build argument 'cmake_target' from command line to 'None'
[0.230s] Level 5:colcon.colcon_core.verb:set package 'prototype_msg' build argument 'cmake_target_skip_unavailable' from command line to 'False'
[0.230s] Level 5:colcon.colcon_core.verb:set package 'prototype_msg' build argument 'cmake_clean_cache' from command line to 'False'
[0.230s] Level 5:colcon.colcon_core.verb:set package 'prototype_msg' build argument 'cmake_clean_first' from command line to 'False'
[0.230s] Level 5:colcon.colcon_core.verb:set package 'prototype_msg' build argument 'cmake_force_configure' from command line to 'False'
[0.230s] Level 5:colcon.colcon_core.verb:set package 'prototype_msg' build argument 'ament_cmake_args' from command line to 'None'
[0.230s] Level 5:colcon.colcon_core.verb:set package 'prototype_msg' build argument 'catkin_cmake_args' from command line to 'None'
[0.230s] Level 5:colcon.colcon_core.verb:set package 'prototype_msg' build argument 'catkin_skip_building_tests' from command line to 'False'
[0.230s] DEBUG:colcon.colcon_core.verb:Building package 'prototype_msg' with the following arguments: {'ament_cmake_args': None, 'build_base': '/home/hansol/project/build/prototype_msg', 'catkin_cmake_args': None, 'catkin_skip_building_tests': False, 'cmake_args': None, 'cmake_clean_cache': False, 'cmake_clean_first': False, 'cmake_force_configure': False, 'cmake_target': None, 'cmake_target_skip_unavailable': False, 'install_base': '/home/hansol/project/install/prototype_msg', 'merge_install': False, 'path': '/home/hansol/project/src/prototype_msg', 'symlink_install': True, 'test_result_base': None}
[0.230s] Level 5:colcon.colcon_core.verb:set package 'limo_base' build argument 'cmake_args' from command line to 'None'
[0.230s] Level 5:colcon.colcon_core.verb:set package 'limo_base' build argument 'cmake_target' from command line to 'None'
[0.230s] Level 5:colcon.colcon_core.verb:set package 'limo_base' build argument 'cmake_target_skip_unavailable' from command line to 'False'
[0.230s] Level 5:colcon.colcon_core.verb:set package 'limo_base' build argument 'cmake_clean_cache' from command line to 'False'
[0.230s] Level 5:colcon.colcon_core.verb:set package 'limo_base' build argument 'cmake_clean_first' from command line to 'False'
[0.230s] Level 5:colcon.colcon_core.verb:set package 'limo_base' build argument 'cmake_force_configure' from command line to 'False'
[0.230s] Level 5:colcon.colcon_core.verb:set package 'limo_base' build argument 'ament_cmake_args' from command line to 'None'
[0.230s] Level 5:colcon.colcon_core.verb:set package 'limo_base' build argument 'catkin_cmake_args' from command line to 'None'
[0.230s] Level 5:colcon.colcon_core.verb:set package 'limo_base' build argument 'catkin_skip_building_tests' from command line to 'False'
[0.230s] DEBUG:colcon.colcon_core.verb:Building package 'limo_base' with the following arguments: {'ament_cmake_args': None, 'build_base': '/home/hansol/project/build/limo_base', 'catkin_cmake_args': None, 'catkin_skip_building_tests': False, 'cmake_args': None, 'cmake_clean_cache': False, 'cmake_clean_first': False, 'cmake_force_configure': False, 'cmake_target': None, 'cmake_target_skip_unavailable': False, 'install_base': '/home/hansol/project/install/limo_base', 'merge_install': False, 'path': '/home/hansol/project/src/limo_ros2/limo_base', 'symlink_install': True, 'test_result_base': None}
[0.230s] INFO:colcon.colcon_core.executor:Executing jobs using 'parallel' executor
[0.231s] DEBUG:colcon.colcon_parallel_executor.executor.parallel:run_until_complete
[0.231s] INFO:colcon.colcon_ros.task.ament_cmake.build:Building ROS package in '/home/hansol/project/src/limo_ros2/limo_msgs' with build type 'ament_cmake'
[0.231s] INFO:colcon.colcon_cmake.task.cmake.build:Building CMake package in '/home/hansol/project/src/limo_ros2/limo_msgs'
[0.232s] INFO:colcon.colcon_core.plugin_system:Skipping extension 'colcon_core.shell.bat': Not used on non-Windows systems
[0.232s] INFO:colcon.colcon_core.shell:Skip shell extension 'powershell' for command environment: Not usable outside of PowerShell
[0.232s] DEBUG:colcon.colcon_core.shell:Skip shell extension 'dsv' for command environment
[0.235s] INFO:colcon.colcon_ros.task.ament_cmake.build:Building ROS package in '/home/hansol/project/src/limo_ros2/limo_description' with build type 'ament_cmake'
[0.235s] INFO:colcon.colcon_cmake.task.cmake.build:Building CMake package in '/home/hansol/project/src/limo_ros2/limo_description'
[0.235s] INFO:colcon.colcon_core.shell:Skip shell extension 'powershell' for command environment: Not usable outside of PowerShell
[0.235s] DEBUG:colcon.colcon_core.shell:Skip shell extension 'dsv' for command environment
[0.237s] INFO:colcon.colcon_ros.task.ament_python.build:Building ROS package in '/home/hansol/project/src/limo_ros2/limo_ros2_application' with build type 'ament_python'
[0.237s] Level 1:colcon.colcon_core.shell:create_environment_hook('limo_ros2_application', 'ament_prefix_path')
[0.237s] INFO:colcon.colcon_core.shell:Creating environment hook '/home/hansol/project/install/limo_ros2_application/share/limo_ros2_application/hook/ament_prefix_path.ps1'
[0.238s] INFO:colcon.colcon_core.shell:Creating environment descriptor '/home/hansol/project/install/limo_ros2_application/share/limo_ros2_application/hook/ament_prefix_path.dsv'
[0.238s] INFO:colcon.colcon_core.shell:Creating environment hook '/home/hansol/project/install/limo_ros2_application/share/limo_ros2_application/hook/ament_prefix_path.sh'
[0.238s] INFO:colcon.colcon_core.shell:Skip shell extension 'powershell' for command environment: Not usable outside of PowerShell
[0.238s] DEBUG:colcon.colcon_core.shell:Skip shell extension 'dsv' for command environment
[0.240s] INFO:colcon.colcon_ros.task.ament_python.build:Building ROS package in '/home/hansol/project/src/prototype_move' with build type 'ament_python'
[0.240s] Level 1:colcon.colcon_core.shell:create_environment_hook('prototype_move', 'ament_prefix_path')
[0.240s] INFO:colcon.colcon_core.shell:Creating environment hook '/home/hansol/project/install/prototype_move/share/prototype_move/hook/ament_prefix_path.ps1'
[0.241s] INFO:colcon.colcon_core.shell:Creating environment descriptor '/home/hansol/project/install/prototype_move/share/prototype_move/hook/ament_prefix_path.dsv'
[0.241s] INFO:colcon.colcon_core.shell:Creating environment hook '/home/hansol/project/install/prototype_move/share/prototype_move/hook/ament_prefix_path.sh'
[0.241s] INFO:colcon.colcon_core.shell:Skip shell extension 'powershell' for command environment: Not usable outside of PowerShell
[0.241s] DEBUG:colcon.colcon_core.shell:Skip shell extension 'dsv' for command environment
[0.243s] INFO:colcon.colcon_ros.task.ament_cmake.build:Building ROS package in '/home/hansol/project/src/prototype_msg' with build type 'ament_cmake'
[0.243s] INFO:colcon.colcon_cmake.task.cmake.build:Building CMake package in '/home/hansol/project/src/prototype_msg'
[0.243s] INFO:colcon.colcon_core.shell:Skip shell extension 'powershell' for command environment: Not usable outside of PowerShell
[0.243s] DEBUG:colcon.colcon_core.shell:Skip shell extension 'dsv' for command environment
[0.249s] DEBUG:colcon.colcon_core.event_handler.log_command:Invoking command in '/home/hansol/project/build/limo_msgs': CMAKE_PREFIX_PATH=${CMAKE_PREFIX_PATH}:/home/hansol/project/install/prototype_move:/home/hansol/project/install/limo_ros2_application:/opt/ros/humble /usr/bin/cmake --build /home/hansol/project/build/limo_msgs -- -j12 -l12
[0.251s] DEBUG:colcon.colcon_core.event_handler.log_command:Invoking command in '/home/hansol/project/build/limo_description': CMAKE_PREFIX_PATH=${CMAKE_PREFIX_PATH}:/home/hansol/project/install/prototype_move:/home/hansol/project/install/limo_ros2_application:/opt/ros/humble /usr/bin/cmake --build /home/hansol/project/build/limo_description -- -j12 -l12
[0.483s] INFO:colcon.colcon_core.task.python.build:Building Python package in '/home/hansol/project/src/limo_ros2/limo_ros2_application'
[0.483s] INFO:colcon.colcon_core.shell:Skip shell extension 'powershell' for command environment: Not usable outside of PowerShell
[0.483s] DEBUG:colcon.colcon_core.shell:Skip shell extension 'dsv' for command environment
[0.640s] INFO:colcon.colcon_core.task.python.build:Building Python package in '/home/hansol/project/src/prototype_move'
[0.641s] INFO:colcon.colcon_core.shell:Skip shell extension 'powershell' for command environment: Not usable outside of PowerShell
[0.641s] DEBUG:colcon.colcon_core.shell:Skip shell extension 'dsv' for command environment
[0.650s] DEBUG:colcon.colcon_core.event_handler.log_command:Invoking command in '/home/hansol/project/build/prototype_msg': CMAKE_PREFIX_PATH=${CMAKE_PREFIX_PATH}:/home/hansol/project/install/prototype_move:/home/hansol/project/install/limo_ros2_application:/opt/ros/humble /usr/bin/cmake --build /home/hansol/project/build/prototype_msg -- -j12 -l12
[0.651s] DEBUG:colcon.colcon_core.event_handler.log_command:Invoked command in '/home/hansol/project/build/limo_description' returned '0': CMAKE_PREFIX_PATH=${CMAKE_PREFIX_PATH}:/home/hansol/project/install/prototype_move:/home/hansol/project/install/limo_ros2_application:/opt/ros/humble /usr/bin/cmake --build /home/hansol/project/build/limo_description -- -j12 -l12
[0.652s] DEBUG:colcon.colcon_core.event_handler.log_command:Invoked command in '/home/hansol/project/build/limo_msgs' returned '0': CMAKE_PREFIX_PATH=${CMAKE_PREFIX_PATH}:/home/hansol/project/install/prototype_move:/home/hansol/project/install/limo_ros2_application:/opt/ros/humble /usr/bin/cmake --build /home/hansol/project/build/limo_msgs -- -j12 -l12
[0.675s] DEBUG:colcon.colcon_core.event_handler.log_command:Invoking command in '/home/hansol/project/build/limo_description': CMAKE_PREFIX_PATH=${CMAKE_PREFIX_PATH}:/home/hansol/project/install/prototype_move:/home/hansol/project/install/limo_ros2_application:/opt/ros/humble /usr/bin/cmake --install /home/hansol/project/build/limo_description
[0.703s] Level 1:colcon.colcon_core.environment:create_environment_scripts_only(limo_description)
[0.704s] DEBUG:colcon.colcon_core.event_handler.log_command:Invoked command in '/home/hansol/project/build/limo_description' returned '0': CMAKE_PREFIX_PATH=${CMAKE_PREFIX_PATH}:/home/hansol/project/install/prototype_move:/home/hansol/project/install/limo_ros2_application:/opt/ros/humble /usr/bin/cmake --install /home/hansol/project/build/limo_description
[0.706s] Level 1:colcon.colcon_core.environment:checking '/home/hansol/project/install/limo_description' for CMake module files
[0.707s] Level 1:colcon.colcon_core.environment:checking '/home/hansol/project/install/limo_description' for CMake config files
[0.707s] Level 1:colcon.colcon_core.shell:create_environment_hook('limo_description', 'cmake_prefix_path')
[0.707s] INFO:colcon.colcon_core.shell:Creating environment hook '/home/hansol/project/install/limo_description/share/limo_description/hook/cmake_prefix_path.ps1'
[0.708s] INFO:colcon.colcon_core.shell:Creating environment descriptor '/home/hansol/project/install/limo_description/share/limo_description/hook/cmake_prefix_path.dsv'
[0.708s] INFO:colcon.colcon_core.shell:Creating environment hook '/home/hansol/project/install/limo_description/share/limo_description/hook/cmake_prefix_path.sh'
[0.709s] Level 1:colcon.colcon_core.environment:checking '/home/hansol/project/install/limo_description/bin'
[0.709s] Level 1:colcon.colcon_core.environment:checking '/home/hansol/project/install/limo_description/lib/pkgconfig/limo_description.pc'
[0.709s] Level 1:colcon.colcon_core.environment:checking '/home/hansol/project/install/limo_description/lib/python3.10/site-packages'
[0.710s] Level 1:colcon.colcon_core.environment:checking '/home/hansol/project/install/limo_description/bin'
[0.710s] INFO:colcon.colcon_core.shell:Creating package script '/home/hansol/project/install/limo_description/share/limo_description/package.ps1'
[0.711s] INFO:colcon.colcon_core.shell:Creating package descriptor '/home/hansol/project/install/limo_description/share/limo_description/package.dsv'
[0.712s] INFO:colcon.colcon_core.shell:Creating package script '/home/hansol/project/install/limo_description/share/limo_description/package.sh'
[0.713s] INFO:colcon.colcon_core.shell:Creating package script '/home/hansol/project/install/limo_description/share/limo_description/package.bash'
[0.714s] INFO:colcon.colcon_core.shell:Creating package script '/home/hansol/project/install/limo_description/share/limo_description/package.zsh'
[0.715s] Level 1:colcon.colcon_core.environment:create_file_with_runtime_dependencies(/home/hansol/project/install/limo_description/share/colcon-core/packages/limo_description)
[0.724s] DEBUG:colcon.colcon_core.event_handler.log_command:Invoking command in '/home/hansol/project/build/limo_msgs': CMAKE_PREFIX_PATH=${CMAKE_PREFIX_PATH}:/home/hansol/project/install/prototype_move:/home/hansol/project/install/limo_ros2_application:/opt/ros/humble /usr/bin/cmake --install /home/hansol/project/build/limo_msgs
[0.731s] Level 1:colcon.colcon_core.environment:create_environment_scripts_only(limo_description)
[0.732s] Level 1:colcon.colcon_core.environment:checking '/home/hansol/project/install/limo_description' for CMake module files
[0.733s] Level 1:colcon.colcon_core.environment:checking '/home/hansol/project/install/limo_description' for CMake config files
[0.735s] Level 1:colcon.colcon_core.shell:create_environment_hook('limo_description', 'cmake_prefix_path')
[0.735s] INFO:colcon.colcon_core.shell:Creating environment hook '/home/hansol/project/install/limo_description/share/limo_description/hook/cmake_prefix_path.ps1'
[0.736s] INFO:colcon.colcon_core.shell:Creating environment descriptor '/home/hansol/project/install/limo_description/share/limo_description/hook/cmake_prefix_path.dsv'
[0.737s] INFO:colcon.colcon_core.shell:Creating environment hook '/home/hansol/project/install/limo_description/share/limo_description/hook/cmake_prefix_path.sh'
[0.738s] Level 1:colcon.colcon_core.environment:checking '/home/hansol/project/install/limo_description/bin'
[0.738s] Level 1:colcon.colcon_core.environment:checking '/home/hansol/project/install/limo_description/lib/pkgconfig/limo_description.pc'
[0.739s] Level 1:colcon.colcon_core.environment:checking '/home/hansol/project/install/limo_description/lib/python3.10/site-packages'
[0.739s] Level 1:colcon.colcon_core.environment:checking '/home/hansol/project/install/limo_description/bin'
[0.739s] INFO:colcon.colcon_core.shell:Creating package script '/home/hansol/project/install/limo_description/share/limo_description/package.ps1'
[0.741s] INFO:colcon.colcon_core.shell:Creating package descriptor '/home/hansol/project/install/limo_description/share/limo_description/package.dsv'
[0.742s] INFO:colcon.colcon_core.shell:Creating package script '/home/hansol/project/install/limo_description/share/limo_description/package.sh'
[0.744s] INFO:colcon.colcon_core.shell:Creating package script '/home/hansol/project/install/limo_description/share/limo_description/package.bash'
[0.746s] INFO:colcon.colcon_core.shell:Creating package script '/home/hansol/project/install/limo_description/share/limo_description/package.zsh'
[0.747s] Level 1:colcon.colcon_core.environment:create_file_with_runtime_dependencies(/home/hansol/project/install/limo_description/share/colcon-core/packages/limo_description)
[0.828s] Level 1:colcon.colcon_core.environment:create_environment_scripts_only(limo_msgs)
[0.829s] Level 1:colcon.colcon_core.environment:checking '/home/hansol/project/install/limo_msgs' for CMake module files
[0.829s] DEBUG:colcon.colcon_core.event_handler.log_command:Invoked command in '/home/hansol/project/build/limo_msgs' returned '0': CMAKE_PREFIX_PATH=${CMAKE_PREFIX_PATH}:/home/hansol/project/install/prototype_move:/home/hansol/project/install/limo_ros2_application:/opt/ros/humble /usr/bin/cmake --install /home/hansol/project/build/limo_msgs
[0.830s] Level 1:colcon.colcon_core.environment:checking '/home/hansol/project/install/limo_msgs' for CMake config files
[0.830s] Level 1:colcon.colcon_core.shell:create_environment_hook('limo_msgs', 'cmake_prefix_path')
[0.831s] INFO:colcon.colcon_core.shell:Creating environment hook '/home/hansol/project/install/limo_msgs/share/limo_msgs/hook/cmake_prefix_path.ps1'
[0.831s] INFO:colcon.colcon_core.shell:Creating environment descriptor '/home/hansol/project/install/limo_msgs/share/limo_msgs/hook/cmake_prefix_path.dsv'
[0.832s] INFO:colcon.colcon_core.shell:Creating environment hook '/home/hansol/project/install/limo_msgs/share/limo_msgs/hook/cmake_prefix_path.sh'
[0.832s] Level 1:colcon.colcon_core.environment:checking '/home/hansol/project/install/limo_msgs/lib'
[0.833s] Level 1:colcon.colcon_core.shell:create_environment_hook('limo_msgs', 'ld_library_path_lib')
[0.833s] INFO:colcon.colcon_core.shell:Creating environment hook '/home/hansol/project/install/limo_msgs/share/limo_msgs/hook/ld_library_path_lib.ps1'
[0.833s] INFO:colcon.colcon_core.shell:Creating environment descriptor '/home/hansol/project/install/limo_msgs/share/limo_msgs/hook/ld_library_path_lib.dsv'
[0.834s] INFO:colcon.colcon_core.shell:Creating environment hook '/home/hansol/project/install/limo_msgs/share/limo_msgs/hook/ld_library_path_lib.sh'
[0.834s] Level 1:colcon.colcon_core.environment:checking '/home/hansol/project/install/limo_msgs/bin'
[0.834s] Level 1:colcon.colcon_core.environment:checking '/home/hansol/project/install/limo_msgs/lib/pkgconfig/limo_msgs.pc'
[0.835s] Level 1:colcon.colcon_core.environment:checking '/home/hansol/project/install/limo_msgs/lib/python3.10/site-packages'
[0.835s] Level 1:colcon.colcon_core.environment:checking '/home/hansol/project/install/limo_msgs/bin'
[0.836s] INFO:colcon.colcon_core.shell:Creating package script '/home/hansol/project/install/limo_msgs/share/limo_msgs/package.ps1'
[0.836s] INFO:colcon.colcon_core.shell:Creating package descriptor '/home/hansol/project/install/limo_msgs/share/limo_msgs/package.dsv'
[0.837s] INFO:colcon.colcon_core.shell:Creating package script '/home/hansol/project/install/limo_msgs/share/limo_msgs/package.sh'
[0.837s] INFO:colcon.colcon_core.shell:Creating package script '/home/hansol/project/install/limo_msgs/share/limo_msgs/package.bash'
[0.837s] INFO:colcon.colcon_core.shell:Creating package script '/home/hansol/project/install/limo_msgs/share/limo_msgs/package.zsh'
[0.838s] Level 1:colcon.colcon_core.environment:create_file_with_runtime_dependencies(/home/hansol/project/install/limo_msgs/share/colcon-core/packages/limo_msgs)
[0.894s] Level 1:colcon.colcon_core.environment:create_environment_scripts_only(limo_msgs)
[0.894s] Level 1:colcon.colcon_core.environment:checking '/home/hansol/project/install/limo_msgs' for CMake module files
[0.895s] Level 1:colcon.colcon_core.environment:checking '/home/hansol/project/install/limo_msgs' for CMake config files
[0.896s] Level 1:colcon.colcon_core.shell:create_environment_hook('limo_msgs', 'cmake_prefix_path')
[0.896s] INFO:colcon.colcon_core.shell:Creating environment hook '/home/hansol/project/install/limo_msgs/share/limo_msgs/hook/cmake_prefix_path.ps1'
[0.896s] INFO:colcon.colcon_core.shell:Creating environment descriptor '/home/hansol/project/install/limo_msgs/share/limo_msgs/hook/cmake_prefix_path.dsv'
[0.897s] INFO:colcon.colcon_core.shell:Creating environment hook '/home/hansol/project/install/limo_msgs/share/limo_msgs/hook/cmake_prefix_path.sh'
[0.897s] Level 1:colcon.colcon_core.environment:checking '/home/hansol/project/install/limo_msgs/lib'
[0.897s] Level 1:colcon.colcon_core.shell:create_environment_hook('limo_msgs', 'ld_library_path_lib')
[0.898s] INFO:colcon.colcon_core.shell:Creating environment hook '/home/hansol/project/install/limo_msgs/share/limo_msgs/hook/ld_library_path_lib.ps1'
[0.898s] INFO:colcon.colcon_core.shell:Creating environment descriptor '/home/hansol/project/install/limo_msgs/share/limo_msgs/hook/ld_library_path_lib.dsv'
[0.898s] INFO:colcon.colcon_core.shell:Creating environment hook '/home/hansol/project/install/limo_msgs/share/limo_msgs/hook/ld_library_path_lib.sh'
[0.899s] Level 1:colcon.colcon_core.environment:checking '/home/hansol/project/install/limo_msgs/bin'
[0.899s] Level 1:colcon.colcon_core.environment:checking '/home/hansol/project/install/limo_msgs/lib/pkgconfig/limo_msgs.pc'
[0.899s] Level 1:colcon.colcon_core.environment:checking '/home/hansol/project/install/limo_msgs/lib/python3.10/site-packages'
[0.899s] Level 1:colcon.colcon_core.environment:checking '/home/hansol/project/install/limo_msgs/bin'
[0.900s] INFO:colcon.colcon_core.shell:Creating package script '/home/hansol/project/install/limo_msgs/share/limo_msgs/package.ps1'
[0.900s] INFO:colcon.colcon_core.shell:Creating package descriptor '/home/hansol/project/install/limo_msgs/share/limo_msgs/package.dsv'
[0.901s] INFO:colcon.colcon_core.shell:Creating package script '/home/hansol/project/install/limo_msgs/share/limo_msgs/package.sh'
[0.901s] INFO:colcon.colcon_core.shell:Creating package script '/home/hansol/project/install/limo_msgs/share/limo_msgs/package.bash'
[0.902s] INFO:colcon.colcon_core.shell:Creating package script '/home/hansol/project/install/limo_msgs/share/limo_msgs/package.zsh'
[0.902s] Level 1:colcon.colcon_core.environment:create_file_with_runtime_dependencies(/home/hansol/project/install/limo_msgs/share/colcon-core/packages/limo_msgs)
[0.902s] INFO:colcon.colcon_ros.task.ament_cmake.build:Building ROS package in '/home/hansol/project/src/limo_ros2/limo_base' with build type 'ament_cmake'
[0.903s] INFO:colcon.colcon_cmake.task.cmake.build:Building CMake package in '/home/hansol/project/src/limo_ros2/limo_base'
[0.903s] INFO:colcon.colcon_core.shell:Skip shell extension 'powershell' for command environment: Not usable outside of PowerShell
[0.903s] DEBUG:colcon.colcon_core.shell:Skip shell extension 'dsv' for command environment
[0.915s] DEBUG:colcon.colcon_core.event_handler.log_command:Invoking command in '/home/hansol/project/build/limo_base': CMAKE_PREFIX_PATH=/home/hansol/project/install/limo_msgs:/home/hansol/project/install/prototype_msg:/home/hansol/project/install/limo_base:/home/hansol/project/install/limo_description:/home/hansol/project/install/prototype_move:/home/hansol/project/install/limo_ros2_application:/opt/ros/humble LD_LIBRARY_PATH=/home/hansol/project/install/limo_msgs/lib:/home/hansol/project/install/prototype_msg/lib:/usr/lib/x86_64-linux-gnu/gazebo-11/plugins:/opt/ros/humble/opt/rviz_ogre_vendor/lib:/opt/ros/humble/lib/x86_64-linux-gnu:/opt/ros/humble/lib /usr/bin/cmake --build /home/hansol/project/build/limo_base -- -j12 -l12
[0.983s] DEBUG:colcon.colcon_core.event_handler.log_command:Invoked command in '/home/hansol/project/build/prototype_msg' returned '0': CMAKE_PREFIX_PATH=${CMAKE_PREFIX_PATH}:/home/hansol/project/install/prototype_move:/home/hansol/project/install/limo_ros2_application:/opt/ros/humble /usr/bin/cmake --build /home/hansol/project/build/prototype_msg -- -j12 -l12
[1.001s] DEBUG:colcon.colcon_core.event_handler.log_command:Invoked command in '/home/hansol/project/build/limo_base' returned '0': CMAKE_PREFIX_PATH=/home/hansol/project/install/limo_msgs:/home/hansol/project/install/prototype_msg:/home/hansol/project/install/limo_base:/home/hansol/project/install/limo_description:/home/hansol/project/install/prototype_move:/home/hansol/project/install/limo_ros2_application:/opt/ros/humble LD_LIBRARY_PATH=/home/hansol/project/install/limo_msgs/lib:/home/hansol/project/install/prototype_msg/lib:/usr/lib/x86_64-linux-gnu/gazebo-11/plugins:/opt/ros/humble/opt/rviz_ogre_vendor/lib:/opt/ros/humble/lib/x86_64-linux-gnu:/opt/ros/humble/lib /usr/bin/cmake --build /home/hansol/project/build/limo_base -- -j12 -l12
[1.037s] DEBUG:colcon.colcon_core.event_handler.log_command:Invoking command in '/home/hansol/project/build/limo_base': CMAKE_PREFIX_PATH=/home/hansol/project/install/limo_msgs:/home/hansol/project/install/prototype_msg:/home/hansol/project/install/limo_base:/home/hansol/project/install/limo_description:/home/hansol/project/install/prototype_move:/home/hansol/project/install/limo_ros2_application:/opt/ros/humble LD_LIBRARY_PATH=/home/hansol/project/install/limo_msgs/lib:/home/hansol/project/install/prototype_msg/lib:/usr/lib/x86_64-linux-gnu/gazebo-11/plugins:/opt/ros/humble/opt/rviz_ogre_vendor/lib:/opt/ros/humble/lib/x86_64-linux-gnu:/opt/ros/humble/lib /usr/bin/cmake --install /home/hansol/project/build/limo_base
[1.047s] DEBUG:colcon.colcon_core.event_handler.log_command:Invoking command in '/home/hansol/project/build/prototype_msg': CMAKE_PREFIX_PATH=${CMAKE_PREFIX_PATH}:/home/hansol/project/install/prototype_move:/home/hansol/project/install/limo_ros2_application:/opt/ros/humble /usr/bin/cmake --install /home/hansol/project/build/prototype_msg
[1.067s] DEBUG:colcon.colcon_core.event_handler.log_command:Invoking command in '/home/hansol/project/build/prototype_move': PYTHONPATH=/home/hansol/project/build/prototype_move/prefix_override:/home/hansol/project/install/prototype_move/lib/python3.10/site-packages:${PYTHONPATH} /usr/bin/python3 -W ignore:setup.py install is deprecated setup.py develop --editable --build-directory /home/hansol/project/build/prototype_move/build --no-deps symlink_data
[1.069s] Level 1:colcon.colcon_core.environment:create_environment_scripts_only(limo_base)
[1.069s] Level 1:colcon.colcon_core.environment:checking '/home/hansol/project/install/limo_base' for CMake module files
[1.071s] Level 1:colcon.colcon_core.environment:checking '/home/hansol/project/install/limo_base' for CMake config files
[1.073s] Level 1:colcon.colcon_core.shell:create_environment_hook('limo_base', 'cmake_prefix_path')
[1.074s] INFO:colcon.colcon_core.shell:Creating environment hook '/home/hansol/project/install/limo_base/share/limo_base/hook/cmake_prefix_path.ps1'
[1.075s] INFO:colcon.colcon_core.shell:Creating environment descriptor '/home/hansol/project/install/limo_base/share/limo_base/hook/cmake_prefix_path.dsv'
[1.076s] INFO:colcon.colcon_core.shell:Creating environment hook '/home/hansol/project/install/limo_base/share/limo_base/hook/cmake_prefix_path.sh'
[1.077s] Level 1:colcon.colcon_core.environment:checking '/home/hansol/project/install/limo_base/lib'
[1.077s] Level 1:colcon.colcon_core.environment:checking '/home/hansol/project/install/limo_base/bin'
[1.077s] Level 1:colcon.colcon_core.environment:checking '/home/hansol/project/install/limo_base/lib/pkgconfig/limo_base.pc'
[1.078s] DEBUG:colcon.colcon_core.event_handler.log_command:Invoked command in '/home/hansol/project/build/limo_base' returned '0': CMAKE_PREFIX_PATH=/home/hansol/project/install/limo_msgs:/home/hansol/project/install/prototype_msg:/home/hansol/project/install/limo_base:/home/hansol/project/install/limo_description:/home/hansol/project/install/prototype_move:/home/hansol/project/install/limo_ros2_application:/opt/ros/humble LD_LIBRARY_PATH=/home/hansol/project/install/limo_msgs/lib:/home/hansol/project/install/prototype_msg/lib:/usr/lib/x86_64-linux-gnu/gazebo-11/plugins:/opt/ros/humble/opt/rviz_ogre_vendor/lib:/opt/ros/humble/lib/x86_64-linux-gnu:/opt/ros/humble/lib /usr/bin/cmake --install /home/hansol/project/build/limo_base
[1.078s] Level 1:colcon.colcon_core.environment:checking '/home/hansol/project/install/limo_base/lib/python3.10/site-packages'
[1.078s] Level 1:colcon.colcon_core.environment:checking '/home/hansol/project/install/limo_base/bin'
[1.079s] INFO:colcon.colcon_core.shell:Creating package script '/home/hansol/project/install/limo_base/share/limo_base/package.ps1'
[1.080s] INFO:colcon.colcon_core.shell:Creating package descriptor '/home/hansol/project/install/limo_base/share/limo_base/package.dsv'
[1.081s] INFO:colcon.colcon_core.shell:Creating package script '/home/hansol/project/install/limo_base/share/limo_base/package.sh'
[1.082s] INFO:colcon.colcon_core.shell:Creating package script '/home/hansol/project/install/limo_base/share/limo_base/package.bash'
[1.083s] INFO:colcon.colcon_core.shell:Creating package script '/home/hansol/project/install/limo_base/share/limo_base/package.zsh'
[1.083s] Level 1:colcon.colcon_core.environment:create_file_with_runtime_dependencies(/home/hansol/project/install/limo_base/share/colcon-core/packages/limo_base)
[1.116s] Level 1:colcon.colcon_core.environment:create_environment_scripts_only(limo_base)
[1.116s] Level 1:colcon.colcon_core.environment:checking '/home/hansol/project/install/limo_base' for CMake module files
[1.117s] Level 1:colcon.colcon_core.environment:checking '/home/hansol/project/install/limo_base' for CMake config files
[1.117s] Level 1:colcon.colcon_core.shell:create_environment_hook('limo_base', 'cmake_prefix_path')
[1.118s] INFO:colcon.colcon_core.shell:Creating environment hook '/home/hansol/project/install/limo_base/share/limo_base/hook/cmake_prefix_path.ps1'
[1.118s] INFO:colcon.colcon_core.shell:Creating environment descriptor '/home/hansol/project/install/limo_base/share/limo_base/hook/cmake_prefix_path.dsv'
[1.119s] INFO:colcon.colcon_core.shell:Creating environment hook '/home/hansol/project/install/limo_base/share/limo_base/hook/cmake_prefix_path.sh'
[1.119s] Level 1:colcon.colcon_core.environment:checking '/home/hansol/project/install/limo_base/lib'
[1.120s] Level 1:colcon.colcon_core.environment:checking '/home/hansol/project/install/limo_base/bin'
[1.120s] Level 1:colcon.colcon_core.environment:checking '/home/hansol/project/install/limo_base/lib/pkgconfig/limo_base.pc'
[1.120s] Level 1:colcon.colcon_core.environment:checking '/home/hansol/project/install/limo_base/lib/python3.10/site-packages'
[1.120s] Level 1:colcon.colcon_core.environment:checking '/home/hansol/project/install/limo_base/bin'
[1.121s] INFO:colcon.colcon_core.shell:Creating package script '/home/hansol/project/install/limo_base/share/limo_base/package.ps1'
[1.121s] INFO:colcon.colcon_core.shell:Creating package descriptor '/home/hansol/project/install/limo_base/share/limo_base/package.dsv'
[1.122s] INFO:colcon.colcon_core.shell:Creating package script '/home/hansol/project/install/limo_base/share/limo_base/package.sh'
[1.122s] INFO:colcon.colcon_core.shell:Creating package script '/home/hansol/project/install/limo_base/share/limo_base/package.bash'
[1.123s] INFO:colcon.colcon_core.shell:Creating package script '/home/hansol/project/install/limo_base/share/limo_base/package.zsh'
[1.123s] Level 1:colcon.colcon_core.environment:create_file_with_runtime_dependencies(/home/hansol/project/install/limo_base/share/colcon-core/packages/limo_base)
[1.136s] Level 1:colcon.colcon_core.environment:create_environment_scripts_only(prototype_msg)
[1.136s] Level 1:colcon.colcon_core.environment:checking '/home/hansol/project/install/prototype_msg' for CMake module files
[1.137s] DEBUG:colcon.colcon_core.event_handler.log_command:Invoked command in '/home/hansol/project/build/prototype_msg' returned '0': CMAKE_PREFIX_PATH=${CMAKE_PREFIX_PATH}:/home/hansol/project/install/prototype_move:/home/hansol/project/install/limo_ros2_application:/opt/ros/humble /usr/bin/cmake --install /home/hansol/project/build/prototype_msg
[1.137s] Level 1:colcon.colcon_core.environment:checking '/home/hansol/project/install/prototype_msg' for CMake config files
[1.138s] Level 1:colcon.colcon_core.shell:create_environment_hook('prototype_msg', 'cmake_prefix_path')
[1.139s] INFO:colcon.colcon_core.shell:Creating environment hook '/home/hansol/project/install/prototype_msg/share/prototype_msg/hook/cmake_prefix_path.ps1'
[1.139s] INFO:colcon.colcon_core.shell:Creating environment descriptor '/home/hansol/project/install/prototype_msg/share/prototype_msg/hook/cmake_prefix_path.dsv'
[1.140s] INFO:colcon.colcon_core.shell:Creating environment hook '/home/hansol/project/install/prototype_msg/share/prototype_msg/hook/cmake_prefix_path.sh'
[1.140s] Level 1:colcon.colcon_core.environment:checking '/home/hansol/project/install/prototype_msg/lib'
[1.140s] Level 1:colcon.colcon_core.shell:create_environment_hook('prototype_msg', 'ld_library_path_lib')
[1.141s] INFO:colcon.colcon_core.shell:Creating environment hook '/home/hansol/project/install/prototype_msg/share/prototype_msg/hook/ld_library_path_lib.ps1'
[1.141s] INFO:colcon.colcon_core.shell:Creating environment descriptor '/home/hansol/project/install/prototype_msg/share/prototype_msg/hook/ld_library_path_lib.dsv'
[1.142s] INFO:colcon.colcon_core.shell:Creating environment hook '/home/hansol/project/install/prototype_msg/share/prototype_msg/hook/ld_library_path_lib.sh'
[1.142s] Level 1:colcon.colcon_core.environment:checking '/home/hansol/project/install/prototype_msg/bin'
[1.142s] Level 1:colcon.colcon_core.environment:checking '/home/hansol/project/install/prototype_msg/lib/pkgconfig/prototype_msg.pc'
[1.143s] Level 1:colcon.colcon_core.environment:checking '/home/hansol/project/install/prototype_msg/lib/python3.10/site-packages'
[1.143s] Level 1:colcon.colcon_core.environment:checking '/home/hansol/project/install/prototype_msg/bin'
[1.144s] INFO:colcon.colcon_core.shell:Creating package script '/home/hansol/project/install/prototype_msg/share/prototype_msg/package.ps1'
[1.144s] INFO:colcon.colcon_core.shell:Creating package descriptor '/home/hansol/project/install/prototype_msg/share/prototype_msg/package.dsv'
[1.145s] INFO:colcon.colcon_core.shell:Creating package script '/home/hansol/project/install/prototype_msg/share/prototype_msg/package.sh'
[1.146s] INFO:colcon.colcon_core.shell:Creating package script '/home/hansol/project/install/prototype_msg/share/prototype_msg/package.bash'
[1.146s] INFO:colcon.colcon_core.shell:Creating package script '/home/hansol/project/install/prototype_msg/share/prototype_msg/package.zsh'
[1.146s] Level 1:colcon.colcon_core.environment:create_file_with_runtime_dependencies(/home/hansol/project/install/prototype_msg/share/colcon-core/packages/prototype_msg)
[1.189s] DEBUG:colcon.colcon_core.event_handler.log_command:Invoking command in '/home/hansol/project/build/limo_ros2_application': PYTHONPATH=/home/hansol/project/build/limo_ros2_application/prefix_override:/home/hansol/project/install/limo_ros2_application/lib/python3.10/site-packages:${PYTHONPATH} /usr/bin/python3 -W ignore:setup.py install is deprecated setup.py develop --editable --build-directory /home/hansol/project/build/limo_ros2_application/build --no-deps symlink_data
[1.212s] Level 1:colcon.colcon_core.environment:create_environment_scripts_only(prototype_msg)
[1.212s] Level 1:colcon.colcon_core.environment:checking '/home/hansol/project/install/prototype_msg' for CMake module files
[1.213s] Level 1:colcon.colcon_core.environment:checking '/home/hansol/project/install/prototype_msg' for CMake config files
[1.214s] Level 1:colcon.colcon_core.shell:create_environment_hook('prototype_msg', 'cmake_prefix_path')
[1.214s] INFO:colcon.colcon_core.shell:Creating environment hook '/home/hansol/project/install/prototype_msg/share/prototype_msg/hook/cmake_prefix_path.ps1'
[1.214s] INFO:colcon.colcon_core.shell:Creating environment descriptor '/home/hansol/project/install/prototype_msg/share/prototype_msg/hook/cmake_prefix_path.dsv'
[1.214s] INFO:colcon.colcon_core.shell:Creating environment hook '/home/hansol/project/install/prototype_msg/share/prototype_msg/hook/cmake_prefix_path.sh'
[1.215s] Level 1:colcon.colcon_core.environment:checking '/home/hansol/project/install/prototype_msg/lib'
[1.215s] Level 1:colcon.colcon_core.shell:create_environment_hook('prototype_msg', 'ld_library_path_lib')
[1.215s] INFO:colcon.colcon_core.shell:Creating environment hook '/home/hansol/project/install/prototype_msg/share/prototype_msg/hook/ld_library_path_lib.ps1'
[1.216s] INFO:colcon.colcon_core.shell:Creating environment descriptor '/home/hansol/project/install/prototype_msg/share/prototype_msg/hook/ld_library_path_lib.dsv'
[1.216s] INFO:colcon.colcon_core.shell:Creating environment hook '/home/hansol/project/install/prototype_msg/share/prototype_msg/hook/ld_library_path_lib.sh'
[1.216s] Level 1:colcon.colcon_core.environment:checking '/home/hansol/project/install/prototype_msg/bin'
[1.216s] Level 1:colcon.colcon_core.environment:checking '/home/hansol/project/install/prototype_msg/lib/pkgconfig/prototype_msg.pc'
[1.216s] Level 1:colcon.colcon_core.environment:checking '/home/hansol/project/install/prototype_msg/lib/python3.10/site-packages'
[1.217s] Level 1:colcon.colcon_core.environment:checking '/home/hansol/project/install/prototype_msg/bin'
[1.217s] INFO:colcon.colcon_core.shell:Creating package script '/home/hansol/project/install/prototype_msg/share/prototype_msg/package.ps1'
[1.217s] INFO:colcon.colcon_core.shell:Creating package descriptor '/home/hansol/project/install/prototype_msg/share/prototype_msg/package.dsv'
[1.218s] INFO:colcon.colcon_core.shell:Creating package script '/home/hansol/project/install/prototype_msg/share/prototype_msg/package.sh'
[1.218s] INFO:colcon.colcon_core.shell:Creating package script '/home/hansol/project/install/prototype_msg/share/prototype_msg/package.bash'
[1.219s] INFO:colcon.colcon_core.shell:Creating package script '/home/hansol/project/install/prototype_msg/share/prototype_msg/package.zsh'
[1.219s] Level 1:colcon.colcon_core.environment:create_file_with_runtime_dependencies(/home/hansol/project/install/prototype_msg/share/colcon-core/packages/prototype_msg)
[1.570s] Level 1:colcon.colcon_core.shell:create_environment_hook('prototype_move', 'pythonpath_develop')
[1.571s] INFO:colcon.colcon_core.shell:Creating environment hook '/home/hansol/project/build/prototype_move/share/prototype_move/hook/pythonpath_develop.ps1'
[1.571s] DEBUG:colcon.colcon_core.event_handler.log_command:Invoked command in '/home/hansol/project/build/prototype_move' returned '0': PYTHONPATH=/home/hansol/project/build/prototype_move/prefix_override:/home/hansol/project/install/prototype_move/lib/python3.10/site-packages:${PYTHONPATH} /usr/bin/python3 -W ignore:setup.py install is deprecated setup.py develop --editable --build-directory /home/hansol/project/build/prototype_move/build --no-deps symlink_data
[1.572s] INFO:colcon.colcon_core.shell:Creating environment descriptor '/home/hansol/project/build/prototype_move/share/prototype_move/hook/pythonpath_develop.dsv'
[1.572s] INFO:colcon.colcon_core.shell:Creating environment hook '/home/hansol/project/build/prototype_move/share/prototype_move/hook/pythonpath_develop.sh'
[1.572s] Level 1:colcon.colcon_core.environment:checking '/home/hansol/project/install/prototype_move' for CMake module files
[1.573s] Level 1:colcon.colcon_core.environment:checking '/home/hansol/project/install/prototype_move' for CMake config files
[1.573s] Level 1:colcon.colcon_core.environment:checking '/home/hansol/project/install/prototype_move/lib'
[1.574s] Level 1:colcon.colcon_core.environment:checking '/home/hansol/project/install/prototype_move/bin'
[1.574s] Level 1:colcon.colcon_core.environment:checking '/home/hansol/project/install/prototype_move/lib/pkgconfig/prototype_move.pc'
[1.574s] Level 1:colcon.colcon_core.environment:checking '/home/hansol/project/install/prototype_move/lib/python3.10/site-packages'
[1.574s] Level 1:colcon.colcon_core.shell:create_environment_hook('prototype_move', 'pythonpath')
[1.574s] INFO:colcon.colcon_core.shell:Creating environment hook '/home/hansol/project/install/prototype_move/share/prototype_move/hook/pythonpath.ps1'
[1.575s] INFO:colcon.colcon_core.shell:Creating environment descriptor '/home/hansol/project/install/prototype_move/share/prototype_move/hook/pythonpath.dsv'
[1.575s] INFO:colcon.colcon_core.shell:Creating environment hook '/home/hansol/project/install/prototype_move/share/prototype_move/hook/pythonpath.sh'
[1.576s] Level 1:colcon.colcon_core.environment:checking '/home/hansol/project/install/prototype_move/bin'
[1.576s] Level 1:colcon.colcon_core.environment:create_environment_scripts_only(prototype_move)
[1.576s] INFO:colcon.colcon_core.shell:Creating package script '/home/hansol/project/install/prototype_move/share/prototype_move/package.ps1'
[1.577s] INFO:colcon.colcon_core.shell:Creating package descriptor '/home/hansol/project/install/prototype_move/share/prototype_move/package.dsv'
[1.577s] INFO:colcon.colcon_core.shell:Creating package script '/home/hansol/project/install/prototype_move/share/prototype_move/package.sh'
[1.578s] INFO:colcon.colcon_core.shell:Creating package script '/home/hansol/project/install/prototype_move/share/prototype_move/package.bash'
[1.578s] INFO:colcon.colcon_core.shell:Creating package script '/home/hansol/project/install/prototype_move/share/prototype_move/package.zsh'
[1.579s] Level 1:colcon.colcon_core.environment:create_file_with_runtime_dependencies(/home/hansol/project/install/prototype_move/share/colcon-core/packages/prototype_move)
[1.727s] Level 1:colcon.colcon_core.shell:create_environment_hook('limo_ros2_application', 'pythonpath_develop')
[1.727s] INFO:colcon.colcon_core.shell:Creating environment hook '/home/hansol/project/build/limo_ros2_application/share/limo_ros2_application/hook/pythonpath_develop.ps1'
[1.728s] DEBUG:colcon.colcon_core.event_handler.log_command:Invoked command in '/home/hansol/project/build/limo_ros2_application' returned '0': PYTHONPATH=/home/hansol/project/build/limo_ros2_application/prefix_override:/home/hansol/project/install/limo_ros2_application/lib/python3.10/site-packages:${PYTHONPATH} /usr/bin/python3 -W ignore:setup.py install is deprecated setup.py develop --editable --build-directory /home/hansol/project/build/limo_ros2_application/build --no-deps symlink_data
[1.728s] INFO:colcon.colcon_core.shell:Creating environment descriptor '/home/hansol/project/build/limo_ros2_application/share/limo_ros2_application/hook/pythonpath_develop.dsv'
[1.728s] INFO:colcon.colcon_core.shell:Creating environment hook '/home/hansol/project/build/limo_ros2_application/share/limo_ros2_application/hook/pythonpath_develop.sh'
[1.729s] Level 1:colcon.colcon_core.environment:checking '/home/hansol/project/install/limo_ros2_application' for CMake module files
[1.729s] Level 1:colcon.colcon_core.environment:checking '/home/hansol/project/install/limo_ros2_application' for CMake config files
[1.730s] Level 1:colcon.colcon_core.environment:checking '/home/hansol/project/install/limo_ros2_application/lib'
[1.730s] Level 1:colcon.colcon_core.environment:checking '/home/hansol/project/install/limo_ros2_application/bin'
[1.730s] Level 1:colcon.colcon_core.environment:checking '/home/hansol/project/install/limo_ros2_application/lib/pkgconfig/limo_ros2_application.pc'
[1.730s] Level 1:colcon.colcon_core.environment:checking '/home/hansol/project/install/limo_ros2_application/lib/python3.10/site-packages'
[1.730s] Level 1:colcon.colcon_core.shell:create_environment_hook('limo_ros2_application', 'pythonpath')
[1.730s] INFO:colcon.colcon_core.shell:Creating environment hook '/home/hansol/project/install/limo_ros2_application/share/limo_ros2_application/hook/pythonpath.ps1'
[1.731s] INFO:colcon.colcon_core.shell:Creating environment descriptor '/home/hansol/project/install/limo_ros2_application/share/limo_ros2_application/hook/pythonpath.dsv'
[1.731s] INFO:colcon.colcon_core.shell:Creating environment hook '/home/hansol/project/install/limo_ros2_application/share/limo_ros2_application/hook/pythonpath.sh'
[1.732s] Level 1:colcon.colcon_core.environment:checking '/home/hansol/project/install/limo_ros2_application/bin'
[1.732s] Level 1:colcon.colcon_core.environment:create_environment_scripts_only(limo_ros2_application)
[1.732s] INFO:colcon.colcon_core.shell:Creating package script '/home/hansol/project/install/limo_ros2_application/share/limo_ros2_application/package.ps1'
[1.732s] INFO:colcon.colcon_core.shell:Creating package descriptor '/home/hansol/project/install/limo_ros2_application/share/limo_ros2_application/package.dsv'
[1.733s] INFO:colcon.colcon_core.shell:Creating package script '/home/hansol/project/install/limo_ros2_application/share/limo_ros2_application/package.sh'
[1.733s] INFO:colcon.colcon_core.shell:Creating package script '/home/hansol/project/install/limo_ros2_application/share/limo_ros2_application/package.bash'
[1.734s] INFO:colcon.colcon_core.shell:Creating package script '/home/hansol/project/install/limo_ros2_application/share/limo_ros2_application/package.zsh'
[1.734s] Level 1:colcon.colcon_core.environment:create_file_with_runtime_dependencies(/home/hansol/project/install/limo_ros2_application/share/colcon-core/packages/limo_ros2_application)
[1.734s] DEBUG:colcon.colcon_parallel_executor.executor.parallel:closing loop
[1.735s] DEBUG:colcon.colcon_parallel_executor.executor.parallel:loop closed
[1.735s] DEBUG:colcon.colcon_parallel_executor.executor.parallel:run_until_complete finished with '0'
[1.735s] DEBUG:colcon.colcon_core.event_reactor:joining thread
[1.740s] INFO:colcon.colcon_core.plugin_system:Skipping extension 'colcon_notification.desktop_notification.terminal_notifier': Not used on non-Darwin systems
[1.741s] INFO:colcon.colcon_core.plugin_system:Skipping extension 'colcon_notification.desktop_notification.win32': Not used on non-Windows systems
[1.741s] INFO:colcon.colcon_notification.desktop_notification:Sending desktop notification using 'notify2'
[1.750s] DEBUG:colcon.colcon_core.event_reactor:joined thread
[1.750s] INFO:colcon.colcon_core.shell:Creating prefix script '/home/hansol/project/install/local_setup.ps1'
[1.750s] INFO:colcon.colcon_core.shell:Creating prefix util module '/home/hansol/project/install/_local_setup_util_ps1.py'
[1.751s] INFO:colcon.colcon_core.shell:Creating prefix chain script '/home/hansol/project/install/setup.ps1'
[1.752s] INFO:colcon.colcon_core.shell:Creating prefix script '/home/hansol/project/install/local_setup.sh'
[1.752s] INFO:colcon.colcon_core.shell:Creating prefix util module '/home/hansol/project/install/_local_setup_util_sh.py'
[1.752s] INFO:colcon.colcon_core.shell:Creating prefix chain script '/home/hansol/project/install/setup.sh'
[1.753s] INFO:colcon.colcon_core.shell:Creating prefix script '/home/hansol/project/install/local_setup.bash'
[1.753s] INFO:colcon.colcon_core.shell:Creating prefix chain script '/home/hansol/project/install/setup.bash'
[1.754s] INFO:colcon.colcon_core.shell:Creating prefix script '/home/hansol/project/install/local_setup.zsh'
[1.754s] INFO:colcon.colcon_core.shell:Creating prefix chain script '/home/hansol/project/install/setup.zsh'
