[0.009s] Invoking command in '/home/hansol/project/build/dynamixel_sdk_examples': AMENT_PREFIX_PATH=/home/hansol/project/install/dynamixel_sdk_custom_interfaces:/home/hansol/project/install/dynamixel_sdk:${AMENT_PREFIX_PATH} CMAKE_PREFIX_PATH=/home/hansol/project/install/dynamixel_sdk_custom_interfaces:/home/hansol/project/install/dynamixel_sdk:/opt/ros/humble LD_LIBRARY_PATH=/home/hansol/project/install/dynamixel_sdk_custom_interfaces/lib:/home/hansol/project/install/dynamixel_sdk/lib:${LD_LIBRARY_PATH} PYTHONPATH=/home/hansol/project/install/dynamixel_sdk_custom_interfaces/local/lib/python3.10/dist-packages:${PYTHONPATH} /usr/bin/cmake --build /home/hansol/project/build/dynamixel_sdk_examples -- -j12 -l12
[0.041s] [35m[1mConsolidate compiler generated dependencies of target read_write_node[0m
[0.054s] [100%] Built target read_write_node
[0.062s] Invoked command in '/home/hansol/project/build/dynamixel_sdk_examples' returned '0': AMENT_PREFIX_PATH=/home/hansol/project/install/dynamixel_sdk_custom_interfaces:/home/hansol/project/install/dynamixel_sdk:${AMENT_PREFIX_PATH} CMAKE_PREFIX_PATH=/home/hansol/project/install/dynamixel_sdk_custom_interfaces:/home/hansol/project/install/dynamixel_sdk:/opt/ros/humble LD_LIBRARY_PATH=/home/hansol/project/install/dynamixel_sdk_custom_interfaces/lib:/home/hansol/project/install/dynamixel_sdk/lib:${LD_LIBRARY_PATH} PYTHONPATH=/home/hansol/project/install/dynamixel_sdk_custom_interfaces/local/lib/python3.10/dist-packages:${PYTHONPATH} /usr/bin/cmake --build /home/hansol/project/build/dynamixel_sdk_examples -- -j12 -l12
[0.081s] Invoking command in '/home/hansol/project/build/dynamixel_sdk_examples': AMENT_PREFIX_PATH=/home/hansol/project/install/dynamixel_sdk_custom_interfaces:/home/hansol/project/install/dynamixel_sdk:${AMENT_PREFIX_PATH} CMAKE_PREFIX_PATH=/home/hansol/project/install/dynamixel_sdk_custom_interfaces:/home/hansol/project/install/dynamixel_sdk:/opt/ros/humble LD_LIBRARY_PATH=/home/hansol/project/install/dynamixel_sdk_custom_interfaces/lib:/home/hansol/project/install/dynamixel_sdk/lib:${LD_LIBRARY_PATH} PYTHONPATH=/home/hansol/project/install/dynamixel_sdk_custom_interfaces/local/lib/python3.10/dist-packages:${PYTHONPATH} /usr/bin/cmake --install /home/hansol/project/build/dynamixel_sdk_examples
[0.088s] -- Install configuration: ""
[0.088s] -- Execute custom install script
[0.088s] -- Up-to-date symlink: /home/hansol/project/install/dynamixel_sdk_examples/lib/dynamixel_sdk_examples/read_write_node
[0.089s] -- Up-to-date symlink: /home/hansol/project/install/dynamixel_sdk_examples/share/ament_index/resource_index/package_run_dependencies/dynamixel_sdk_examples
[0.089s] -- Up-to-date symlink: /home/hansol/project/install/dynamixel_sdk_examples/share/ament_index/resource_index/parent_prefix_path/dynamixel_sdk_examples
[0.089s] -- Up-to-date symlink: /home/hansol/project/install/dynamixel_sdk_examples/share/dynamixel_sdk_examples/environment/ament_prefix_path.sh
[0.089s] -- Up-to-date symlink: /home/hansol/project/install/dynamixel_sdk_examples/share/dynamixel_sdk_examples/environment/ament_prefix_path.dsv
[0.089s] -- Up-to-date symlink: /home/hansol/project/install/dynamixel_sdk_examples/share/dynamixel_sdk_examples/environment/path.sh
[0.090s] -- Up-to-date symlink: /home/hansol/project/install/dynamixel_sdk_examples/share/dynamixel_sdk_examples/environment/path.dsv
[0.090s] -- Up-to-date symlink: /home/hansol/project/install/dynamixel_sdk_examples/share/dynamixel_sdk_examples/local_setup.bash
[0.090s] -- Up-to-date symlink: /home/hansol/project/install/dynamixel_sdk_examples/share/dynamixel_sdk_examples/local_setup.sh
[0.090s] -- Up-to-date symlink: /home/hansol/project/install/dynamixel_sdk_examples/share/dynamixel_sdk_examples/local_setup.zsh
[0.090s] -- Up-to-date symlink: /home/hansol/project/install/dynamixel_sdk_examples/share/dynamixel_sdk_examples/local_setup.dsv
[0.090s] -- Symlinking: /home/hansol/project/install/dynamixel_sdk_examples/share/dynamixel_sdk_examples/package.dsv
[0.099s] -- Up-to-date symlink: /home/hansol/project/install/dynamixel_sdk_examples/share/ament_index/resource_index/packages/dynamixel_sdk_examples
[0.099s] -- Up-to-date symlink: /home/hansol/project/install/dynamixel_sdk_examples/share/dynamixel_sdk_examples/cmake/dynamixel_sdk_examplesConfig.cmake
[0.100s] -- Up-to-date symlink: /home/hansol/project/install/dynamixel_sdk_examples/share/dynamixel_sdk_examples/cmake/dynamixel_sdk_examplesConfig-version.cmake
[0.100s] -- Up-to-date symlink: /home/hansol/project/install/dynamixel_sdk_examples/share/dynamixel_sdk_examples/package.xml
[0.101s] Invoked command in '/home/hansol/project/build/dynamixel_sdk_examples' returned '0': AMENT_PREFIX_PATH=/home/hansol/project/install/dynamixel_sdk_custom_interfaces:/home/hansol/project/install/dynamixel_sdk:${AMENT_PREFIX_PATH} CMAKE_PREFIX_PATH=/home/hansol/project/install/dynamixel_sdk_custom_interfaces:/home/hansol/project/install/dynamixel_sdk:/opt/ros/humble LD_LIBRARY_PATH=/home/hansol/project/install/dynamixel_sdk_custom_interfaces/lib:/home/hansol/project/install/dynamixel_sdk/lib:${LD_LIBRARY_PATH} PYTHONPATH=/home/hansol/project/install/dynamixel_sdk_custom_interfaces/local/lib/python3.10/dist-packages:${PYTHONPATH} /usr/bin/cmake --install /home/hansol/project/build/dynamixel_sdk_examples
