[0.193s] DEBUG:colcon:Command line arguments: ['/usr/bin/colcon', 'build']
[0.194s] DEBUG:colcon:Parsed command line arguments: Namespace(log_base=None, log_level=None, verb_name='build', build_base='build', install_base='install', merge_install=False, symlink_install=False, test_result_base=None, continue_on_error=False, executor='parallel', parallel_workers=8, event_handlers=None, ignore_user_meta=False, metas=['./colcon.meta'], base_paths=['.'], packages_ignore=None, packages_ignore_regex=None, paths=None, packages_up_to=None, packages_up_to_regex=None, packages_above=None, packages_above_and_dependencies=None, packages_above_depth=None, packages_select_by_dep=None, packages_skip_by_dep=None, packages_skip_up_to=None, packages_select_build_failed=False, packages_skip_build_finished=False, packages_select_test_failures=False, packages_skip_test_passed=False, packages_select=None, packages_skip=None, packages_select_regex=None, packages_skip_regex=None, packages_start=None, packages_end=None, allow_overriding=[], cmake_args=None, cmake_target=None, cmake_target_skip_unavailable=False, cmake_clean_cache=False, cmake_clean_first=False, cmake_force_configure=False, ament_cmake_args=None, catkin_cmake_args=None, catkin_skip_building_tests=False, mixin_files=None, mixin=None, verb_parser=<colcon_mixin.mixin.mixin_argument.MixinArgumentDecorator object at 0xffff880f8880>, verb_extension=<colcon_core.verb.build.BuildVerb object at 0xffff880f82e0>, main=<bound method BuildVerb.main of <colcon_core.verb.build.BuildVerb object at 0xffff880f82e0>>, mixin_verb=('build',))
[0.458s] Level 1:colcon.colcon_core.package_discovery:discover_packages(colcon_meta) check parameters
[0.459s] Level 1:colcon.colcon_core.package_discovery:discover_packages(recursive) check parameters
[0.459s] Level 1:colcon.colcon_core.package_discovery:discover_packages(ignore) check parameters
[0.459s] Level 1:colcon.colcon_core.package_discovery:discover_packages(path) check parameters
[0.459s] Level 1:colcon.colcon_core.package_discovery:discover_packages(colcon_meta) discover
[0.459s] Level 1:colcon.colcon_core.package_discovery:discover_packages(recursive) discover
[0.459s] INFO:colcon.colcon_core.package_discovery:Crawling recursively for packages in '/home/orin/Prototype_Military/prototype_military'
[0.459s] Level 1:colcon.colcon_core.package_identification:_identify(.) by extensions ['ignore', 'ignore_ament_install']
[0.460s] Level 1:colcon.colcon_core.package_identification:_identify(.) by extension 'ignore'
[0.460s] Level 1:colcon.colcon_core.package_identification:_identify(.) by extension 'ignore_ament_install'
[0.460s] Level 1:colcon.colcon_core.package_identification:_identify(.) by extensions ['colcon_pkg']
[0.460s] Level 1:colcon.colcon_core.package_identification:_identify(.) by extension 'colcon_pkg'
[0.460s] Level 1:colcon.colcon_core.package_identification:_identify(.) by extensions ['colcon_meta']
[0.460s] Level 1:colcon.colcon_core.package_identification:_identify(.) by extension 'colcon_meta'
[0.460s] Level 1:colcon.colcon_core.package_identification:_identify(.) by extensions ['ros']
[0.460s] Level 1:colcon.colcon_core.package_identification:_identify(.) by extension 'ros'
[0.482s] Level 1:colcon.colcon_core.package_identification:_identify(.) by extensions ['cmake', 'python']
[0.482s] Level 1:colcon.colcon_core.package_identification:_identify(.) by extension 'cmake'
[0.482s] Level 1:colcon.colcon_core.package_identification:_identify(.) by extension 'python'
[0.483s] Level 1:colcon.colcon_core.package_identification:_identify(.) by extensions ['python_setup_py']
[0.483s] Level 1:colcon.colcon_core.package_identification:_identify(.) by extension 'python_setup_py'
[0.483s] Level 1:colcon.colcon_core.package_identification:_identify(build) by extensions ['ignore', 'ignore_ament_install']
[0.483s] Level 1:colcon.colcon_core.package_identification:_identify(build) by extension 'ignore'
[0.483s] Level 1:colcon.colcon_core.package_identification:_identify(build) ignored
[0.484s] Level 1:colcon.colcon_core.package_identification:_identify(install) by extensions ['ignore', 'ignore_ament_install']
[0.484s] Level 1:colcon.colcon_core.package_identification:_identify(install) by extension 'ignore'
[0.484s] Level 1:colcon.colcon_core.package_identification:_identify(install) ignored
[0.484s] Level 1:colcon.colcon_core.package_identification:_identify(log) by extensions ['ignore', 'ignore_ament_install']
[0.484s] Level 1:colcon.colcon_core.package_identification:_identify(log) by extension 'ignore'
[0.484s] Level 1:colcon.colcon_core.package_identification:_identify(log) ignored
[0.485s] Level 1:colcon.colcon_core.package_identification:_identify(src) by extensions ['ignore', 'ignore_ament_install']
[0.485s] Level 1:colcon.colcon_core.package_identification:_identify(src) by extension 'ignore'
[0.485s] Level 1:colcon.colcon_core.package_identification:_identify(src) by extension 'ignore_ament_install'
[0.485s] Level 1:colcon.colcon_core.package_identification:_identify(src) by extensions ['colcon_pkg']
[0.485s] Level 1:colcon.colcon_core.package_identification:_identify(src) by extension 'colcon_pkg'
[0.485s] Level 1:colcon.colcon_core.package_identification:_identify(src) by extensions ['colcon_meta']
[0.485s] Level 1:colcon.colcon_core.package_identification:_identify(src) by extension 'colcon_meta'
[0.485s] Level 1:colcon.colcon_core.package_identification:_identify(src) by extensions ['ros']
[0.485s] Level 1:colcon.colcon_core.package_identification:_identify(src) by extension 'ros'
[0.485s] Level 1:colcon.colcon_core.package_identification:_identify(src) by extensions ['cmake', 'python']
[0.486s] Level 1:colcon.colcon_core.package_identification:_identify(src) by extension 'cmake'
[0.486s] Level 1:colcon.colcon_core.package_identification:_identify(src) by extension 'python'
[0.486s] Level 1:colcon.colcon_core.package_identification:_identify(src) by extensions ['python_setup_py']
[0.486s] Level 1:colcon.colcon_core.package_identification:_identify(src) by extension 'python_setup_py'
[0.486s] Level 1:colcon.colcon_core.package_identification:_identify(src/prototype_motor) by extensions ['ignore', 'ignore_ament_install']
[0.486s] Level 1:colcon.colcon_core.package_identification:_identify(src/prototype_motor) by extension 'ignore'
[0.486s] Level 1:colcon.colcon_core.package_identification:_identify(src/prototype_motor) by extension 'ignore_ament_install'
[0.486s] Level 1:colcon.colcon_core.package_identification:_identify(src/prototype_motor) by extensions ['colcon_pkg']
[0.486s] Level 1:colcon.colcon_core.package_identification:_identify(src/prototype_motor) by extension 'colcon_pkg'
[0.486s] Level 1:colcon.colcon_core.package_identification:_identify(src/prototype_motor) by extensions ['colcon_meta']
[0.487s] Level 1:colcon.colcon_core.package_identification:_identify(src/prototype_motor) by extension 'colcon_meta'
[0.487s] Level 1:colcon.colcon_core.package_identification:_identify(src/prototype_motor) by extensions ['ros']
[0.487s] Level 1:colcon.colcon_core.package_identification:_identify(src/prototype_motor) by extension 'ros'
[0.491s] DEBUG:colcon.colcon_core.package_identification:Package 'src/prototype_motor' with type 'ros.ament_cmake' and name 'prototype_motor'
[0.491s] Level 1:colcon.colcon_core.package_identification:_identify(src/prototype_move) by extensions ['ignore', 'ignore_ament_install']
[0.491s] Level 1:colcon.colcon_core.package_identification:_identify(src/prototype_move) by extension 'ignore'
[0.492s] Level 1:colcon.colcon_core.package_identification:_identify(src/prototype_move) by extension 'ignore_ament_install'
[0.492s] Level 1:colcon.colcon_core.package_identification:_identify(src/prototype_move) by extensions ['colcon_pkg']
[0.492s] Level 1:colcon.colcon_core.package_identification:_identify(src/prototype_move) by extension 'colcon_pkg'
[0.492s] Level 1:colcon.colcon_core.package_identification:_identify(src/prototype_move) by extensions ['colcon_meta']
[0.492s] Level 1:colcon.colcon_core.package_identification:_identify(src/prototype_move) by extension 'colcon_meta'
[0.492s] Level 1:colcon.colcon_core.package_identification:_identify(src/prototype_move) by extensions ['ros']
[0.492s] Level 1:colcon.colcon_core.package_identification:_identify(src/prototype_move) by extension 'ros'
[0.493s] DEBUG:colcon.colcon_core.package_identification:Package 'src/prototype_move' with type 'ros.ament_python' and name 'prototype_move'
[0.493s] Level 1:colcon.colcon_core.package_identification:_identify(src/realsense-ros) by extensions ['ignore', 'ignore_ament_install']
[0.493s] Level 1:colcon.colcon_core.package_identification:_identify(src/realsense-ros) by extension 'ignore'
[0.494s] Level 1:colcon.colcon_core.package_identification:_identify(src/realsense-ros) by extension 'ignore_ament_install'
[0.494s] Level 1:colcon.colcon_core.package_identification:_identify(src/realsense-ros) by extensions ['colcon_pkg']
[0.494s] Level 1:colcon.colcon_core.package_identification:_identify(src/realsense-ros) by extension 'colcon_pkg'
[0.494s] Level 1:colcon.colcon_core.package_identification:_identify(src/realsense-ros) by extensions ['colcon_meta']
[0.494s] Level 1:colcon.colcon_core.package_identification:_identify(src/realsense-ros) by extension 'colcon_meta'
[0.494s] Level 1:colcon.colcon_core.package_identification:_identify(src/realsense-ros) by extensions ['ros']
[0.494s] Level 1:colcon.colcon_core.package_identification:_identify(src/realsense-ros) by extension 'ros'
[0.494s] Level 1:colcon.colcon_core.package_identification:_identify(src/realsense-ros) by extensions ['cmake', 'python']
[0.494s] Level 1:colcon.colcon_core.package_identification:_identify(src/realsense-ros) by extension 'cmake'
[0.494s] Level 1:colcon.colcon_core.package_identification:_identify(src/realsense-ros) by extension 'python'
[0.494s] Level 1:colcon.colcon_core.package_identification:_identify(src/realsense-ros) by extensions ['python_setup_py']
[0.495s] Level 1:colcon.colcon_core.package_identification:_identify(src/realsense-ros) by extension 'python_setup_py'
[0.495s] Level 1:colcon.colcon_core.package_identification:_identify(src/realsense-ros/realsense2_camera) by extensions ['ignore', 'ignore_ament_install']
[0.495s] Level 1:colcon.colcon_core.package_identification:_identify(src/realsense-ros/realsense2_camera) by extension 'ignore'
[0.495s] Level 1:colcon.colcon_core.package_identification:_identify(src/realsense-ros/realsense2_camera) by extension 'ignore_ament_install'
[0.495s] Level 1:colcon.colcon_core.package_identification:_identify(src/realsense-ros/realsense2_camera) by extensions ['colcon_pkg']
[0.495s] Level 1:colcon.colcon_core.package_identification:_identify(src/realsense-ros/realsense2_camera) by extension 'colcon_pkg'
[0.496s] Level 1:colcon.colcon_core.package_identification:_identify(src/realsense-ros/realsense2_camera) by extensions ['colcon_meta']
[0.496s] Level 1:colcon.colcon_core.package_identification:_identify(src/realsense-ros/realsense2_camera) by extension 'colcon_meta'
[0.496s] Level 1:colcon.colcon_core.package_identification:_identify(src/realsense-ros/realsense2_camera) by extensions ['ros']
[0.496s] Level 1:colcon.colcon_core.package_identification:_identify(src/realsense-ros/realsense2_camera) by extension 'ros'
[0.505s] DEBUG:colcon.colcon_core.package_identification:Package 'src/realsense-ros/realsense2_camera' with type 'ros.ament_cmake' and name 'realsense2_camera'
[0.506s] Level 1:colcon.colcon_core.package_identification:_identify(src/realsense-ros/realsense2_camera_msgs) by extensions ['ignore', 'ignore_ament_install']
[0.506s] Level 1:colcon.colcon_core.package_identification:_identify(src/realsense-ros/realsense2_camera_msgs) by extension 'ignore'
[0.506s] Level 1:colcon.colcon_core.package_identification:_identify(src/realsense-ros/realsense2_camera_msgs) by extension 'ignore_ament_install'
[0.506s] Level 1:colcon.colcon_core.package_identification:_identify(src/realsense-ros/realsense2_camera_msgs) by extensions ['colcon_pkg']
[0.506s] Level 1:colcon.colcon_core.package_identification:_identify(src/realsense-ros/realsense2_camera_msgs) by extension 'colcon_pkg'
[0.506s] Level 1:colcon.colcon_core.package_identification:_identify(src/realsense-ros/realsense2_camera_msgs) by extensions ['colcon_meta']
[0.506s] Level 1:colcon.colcon_core.package_identification:_identify(src/realsense-ros/realsense2_camera_msgs) by extension 'colcon_meta'
[0.507s] Level 1:colcon.colcon_core.package_identification:_identify(src/realsense-ros/realsense2_camera_msgs) by extensions ['ros']
[0.507s] Level 1:colcon.colcon_core.package_identification:_identify(src/realsense-ros/realsense2_camera_msgs) by extension 'ros'
[0.508s] DEBUG:colcon.colcon_core.package_identification:Package 'src/realsense-ros/realsense2_camera_msgs' with type 'ros.ament_cmake' and name 'realsense2_camera_msgs'
[0.508s] Level 1:colcon.colcon_core.package_identification:_identify(src/realsense-ros/realsense2_description) by extensions ['ignore', 'ignore_ament_install']
[0.508s] Level 1:colcon.colcon_core.package_identification:_identify(src/realsense-ros/realsense2_description) by extension 'ignore'
[0.508s] Level 1:colcon.colcon_core.package_identification:_identify(src/realsense-ros/realsense2_description) by extension 'ignore_ament_install'
[0.508s] Level 1:colcon.colcon_core.package_identification:_identify(src/realsense-ros/realsense2_description) by extensions ['colcon_pkg']
[0.508s] Level 1:colcon.colcon_core.package_identification:_identify(src/realsense-ros/realsense2_description) by extension 'colcon_pkg'
[0.508s] Level 1:colcon.colcon_core.package_identification:_identify(src/realsense-ros/realsense2_description) by extensions ['colcon_meta']
[0.509s] Level 1:colcon.colcon_core.package_identification:_identify(src/realsense-ros/realsense2_description) by extension 'colcon_meta'
[0.509s] Level 1:colcon.colcon_core.package_identification:_identify(src/realsense-ros/realsense2_description) by extensions ['ros']
[0.509s] Level 1:colcon.colcon_core.package_identification:_identify(src/realsense-ros/realsense2_description) by extension 'ros'
[0.510s] DEBUG:colcon.colcon_core.package_identification:Package 'src/realsense-ros/realsense2_description' with type 'ros.ament_cmake' and name 'realsense2_description'
[0.510s] Level 1:colcon.colcon_core.package_identification:_identify(src/realsense-ros/scripts) by extensions ['ignore', 'ignore_ament_install']
[0.511s] Level 1:colcon.colcon_core.package_identification:_identify(src/realsense-ros/scripts) by extension 'ignore'
[0.511s] Level 1:colcon.colcon_core.package_identification:_identify(src/realsense-ros/scripts) by extension 'ignore_ament_install'
[0.511s] Level 1:colcon.colcon_core.package_identification:_identify(src/realsense-ros/scripts) by extensions ['colcon_pkg']
[0.511s] Level 1:colcon.colcon_core.package_identification:_identify(src/realsense-ros/scripts) by extension 'colcon_pkg'
[0.511s] Level 1:colcon.colcon_core.package_identification:_identify(src/realsense-ros/scripts) by extensions ['colcon_meta']
[0.511s] Level 1:colcon.colcon_core.package_identification:_identify(src/realsense-ros/scripts) by extension 'colcon_meta'
[0.511s] Level 1:colcon.colcon_core.package_identification:_identify(src/realsense-ros/scripts) by extensions ['ros']
[0.511s] Level 1:colcon.colcon_core.package_identification:_identify(src/realsense-ros/scripts) by extension 'ros'
[0.512s] Level 1:colcon.colcon_core.package_identification:_identify(src/realsense-ros/scripts) by extensions ['cmake', 'python']
[0.512s] Level 1:colcon.colcon_core.package_identification:_identify(src/realsense-ros/scripts) by extension 'cmake'
[0.512s] Level 1:colcon.colcon_core.package_identification:_identify(src/realsense-ros/scripts) by extension 'python'
[0.512s] Level 1:colcon.colcon_core.package_identification:_identify(src/realsense-ros/scripts) by extensions ['python_setup_py']
[0.512s] Level 1:colcon.colcon_core.package_identification:_identify(src/realsense-ros/scripts) by extension 'python_setup_py'
[0.512s] Level 1:colcon.colcon_core.package_discovery:discover_packages(recursive) using defaults
[0.512s] Level 1:colcon.colcon_core.package_discovery:discover_packages(ignore) discover
[0.512s] Level 1:colcon.colcon_core.package_discovery:discover_packages(ignore) using defaults
[0.512s] Level 1:colcon.colcon_core.package_discovery:discover_packages(path) discover
[0.512s] Level 1:colcon.colcon_core.package_discovery:discover_packages(path) using defaults
[0.547s] Level 1:colcon.colcon_core.package_discovery:discover_packages(prefix_path) check parameters
[0.548s] Level 1:colcon.colcon_core.package_discovery:discover_packages(prefix_path) discover
[0.551s] DEBUG:colcon.colcon_installed_package_information.package_discovery:Found 187 installed packages in /opt/ros/humble
[0.554s] Level 1:colcon.colcon_core.package_discovery:discover_packages(prefix_path) using defaults
[0.624s] Level 5:colcon.colcon_core.verb:set package 'prototype_motor' build argument 'cmake_args' from command line to 'None'
[0.624s] Level 5:colcon.colcon_core.verb:set package 'prototype_motor' build argument 'cmake_target' from command line to 'None'
[0.624s] Level 5:colcon.colcon_core.verb:set package 'prototype_motor' build argument 'cmake_target_skip_unavailable' from command line to 'False'
[0.625s] Level 5:colcon.colcon_core.verb:set package 'prototype_motor' build argument 'cmake_clean_cache' from command line to 'False'
[0.625s] Level 5:colcon.colcon_core.verb:set package 'prototype_motor' build argument 'cmake_clean_first' from command line to 'False'
[0.625s] Level 5:colcon.colcon_core.verb:set package 'prototype_motor' build argument 'cmake_force_configure' from command line to 'False'
[0.625s] Level 5:colcon.colcon_core.verb:set package 'prototype_motor' build argument 'ament_cmake_args' from command line to 'None'
[0.625s] Level 5:colcon.colcon_core.verb:set package 'prototype_motor' build argument 'catkin_cmake_args' from command line to 'None'
[0.625s] Level 5:colcon.colcon_core.verb:set package 'prototype_motor' build argument 'catkin_skip_building_tests' from command line to 'False'
[0.625s] DEBUG:colcon.colcon_core.verb:Building package 'prototype_motor' with the following arguments: {'ament_cmake_args': None, 'build_base': '/home/orin/Prototype_Military/prototype_military/build/prototype_motor', 'catkin_cmake_args': None, 'catkin_skip_building_tests': False, 'cmake_args': None, 'cmake_clean_cache': False, 'cmake_clean_first': False, 'cmake_force_configure': False, 'cmake_target': None, 'cmake_target_skip_unavailable': False, 'install_base': '/home/orin/Prototype_Military/prototype_military/install/prototype_motor', 'merge_install': False, 'path': '/home/orin/Prototype_Military/prototype_military/src/prototype_motor', 'symlink_install': False, 'test_result_base': None}
[0.625s] Level 5:colcon.colcon_core.verb:set package 'prototype_move' build argument 'cmake_args' from command line to 'None'
[0.626s] Level 5:colcon.colcon_core.verb:set package 'prototype_move' build argument 'cmake_target' from command line to 'None'
[0.626s] Level 5:colcon.colcon_core.verb:set package 'prototype_move' build argument 'cmake_target_skip_unavailable' from command line to 'False'
[0.626s] Level 5:colcon.colcon_core.verb:set package 'prototype_move' build argument 'cmake_clean_cache' from command line to 'False'
[0.626s] Level 5:colcon.colcon_core.verb:set package 'prototype_move' build argument 'cmake_clean_first' from command line to 'False'
[0.626s] Level 5:colcon.colcon_core.verb:set package 'prototype_move' build argument 'cmake_force_configure' from command line to 'False'
[0.626s] Level 5:colcon.colcon_core.verb:set package 'prototype_move' build argument 'ament_cmake_args' from command line to 'None'
[0.626s] Level 5:colcon.colcon_core.verb:set package 'prototype_move' build argument 'catkin_cmake_args' from command line to 'None'
[0.626s] Level 5:colcon.colcon_core.verb:set package 'prototype_move' build argument 'catkin_skip_building_tests' from command line to 'False'
[0.626s] DEBUG:colcon.colcon_core.verb:Building package 'prototype_move' with the following arguments: {'ament_cmake_args': None, 'build_base': '/home/orin/Prototype_Military/prototype_military/build/prototype_move', 'catkin_cmake_args': None, 'catkin_skip_building_tests': False, 'cmake_args': None, 'cmake_clean_cache': False, 'cmake_clean_first': False, 'cmake_force_configure': False, 'cmake_target': None, 'cmake_target_skip_unavailable': False, 'install_base': '/home/orin/Prototype_Military/prototype_military/install/prototype_move', 'merge_install': False, 'path': '/home/orin/Prototype_Military/prototype_military/src/prototype_move', 'symlink_install': False, 'test_result_base': None}
[0.627s] Level 5:colcon.colcon_core.verb:set package 'realsense2_camera_msgs' build argument 'cmake_args' from command line to 'None'
[0.627s] Level 5:colcon.colcon_core.verb:set package 'realsense2_camera_msgs' build argument 'cmake_target' from command line to 'None'
[0.627s] Level 5:colcon.colcon_core.verb:set package 'realsense2_camera_msgs' build argument 'cmake_target_skip_unavailable' from command line to 'False'
[0.627s] Level 5:colcon.colcon_core.verb:set package 'realsense2_camera_msgs' build argument 'cmake_clean_cache' from command line to 'False'
[0.627s] Level 5:colcon.colcon_core.verb:set package 'realsense2_camera_msgs' build argument 'cmake_clean_first' from command line to 'False'
[0.627s] Level 5:colcon.colcon_core.verb:set package 'realsense2_camera_msgs' build argument 'cmake_force_configure' from command line to 'False'
[0.627s] Level 5:colcon.colcon_core.verb:set package 'realsense2_camera_msgs' build argument 'ament_cmake_args' from command line to 'None'
[0.627s] Level 5:colcon.colcon_core.verb:set package 'realsense2_camera_msgs' build argument 'catkin_cmake_args' from command line to 'None'
[0.627s] Level 5:colcon.colcon_core.verb:set package 'realsense2_camera_msgs' build argument 'catkin_skip_building_tests' from command line to 'False'
[0.627s] DEBUG:colcon.colcon_core.verb:Building package 'realsense2_camera_msgs' with the following arguments: {'ament_cmake_args': None, 'build_base': '/home/orin/Prototype_Military/prototype_military/build/realsense2_camera_msgs', 'catkin_cmake_args': None, 'catkin_skip_building_tests': False, 'cmake_args': None, 'cmake_clean_cache': False, 'cmake_clean_first': False, 'cmake_force_configure': False, 'cmake_target': None, 'cmake_target_skip_unavailable': False, 'install_base': '/home/orin/Prototype_Military/prototype_military/install/realsense2_camera_msgs', 'merge_install': False, 'path': '/home/orin/Prototype_Military/prototype_military/src/realsense-ros/realsense2_camera_msgs', 'symlink_install': False, 'test_result_base': None}
[0.628s] Level 5:colcon.colcon_core.verb:set package 'realsense2_camera' build argument 'cmake_args' from command line to 'None'
[0.628s] Level 5:colcon.colcon_core.verb:set package 'realsense2_camera' build argument 'cmake_target' from command line to 'None'
[0.628s] Level 5:colcon.colcon_core.verb:set package 'realsense2_camera' build argument 'cmake_target_skip_unavailable' from command line to 'False'
[0.628s] Level 5:colcon.colcon_core.verb:set package 'realsense2_camera' build argument 'cmake_clean_cache' from command line to 'False'
[0.628s] Level 5:colcon.colcon_core.verb:set package 'realsense2_camera' build argument 'cmake_clean_first' from command line to 'False'
[0.628s] Level 5:colcon.colcon_core.verb:set package 'realsense2_camera' build argument 'cmake_force_configure' from command line to 'False'
[0.628s] Level 5:colcon.colcon_core.verb:set package 'realsense2_camera' build argument 'ament_cmake_args' from command line to 'None'
[0.628s] Level 5:colcon.colcon_core.verb:set package 'realsense2_camera' build argument 'catkin_cmake_args' from command line to 'None'
[0.628s] Level 5:colcon.colcon_core.verb:set package 'realsense2_camera' build argument 'catkin_skip_building_tests' from command line to 'False'
[0.628s] DEBUG:colcon.colcon_core.verb:Building package 'realsense2_camera' with the following arguments: {'ament_cmake_args': None, 'build_base': '/home/orin/Prototype_Military/prototype_military/build/realsense2_camera', 'catkin_cmake_args': None, 'catkin_skip_building_tests': False, 'cmake_args': None, 'cmake_clean_cache': False, 'cmake_clean_first': False, 'cmake_force_configure': False, 'cmake_target': None, 'cmake_target_skip_unavailable': False, 'install_base': '/home/orin/Prototype_Military/prototype_military/install/realsense2_camera', 'merge_install': False, 'path': '/home/orin/Prototype_Military/prototype_military/src/realsense-ros/realsense2_camera', 'symlink_install': False, 'test_result_base': None}
[0.629s] Level 5:colcon.colcon_core.verb:set package 'realsense2_description' build argument 'cmake_args' from command line to 'None'
[0.629s] Level 5:colcon.colcon_core.verb:set package 'realsense2_description' build argument 'cmake_target' from command line to 'None'
[0.629s] Level 5:colcon.colcon_core.verb:set package 'realsense2_description' build argument 'cmake_target_skip_unavailable' from command line to 'False'
[0.629s] Level 5:colcon.colcon_core.verb:set package 'realsense2_description' build argument 'cmake_clean_cache' from command line to 'False'
[0.629s] Level 5:colcon.colcon_core.verb:set package 'realsense2_description' build argument 'cmake_clean_first' from command line to 'False'
[0.629s] Level 5:colcon.colcon_core.verb:set package 'realsense2_description' build argument 'cmake_force_configure' from command line to 'False'
[0.629s] Level 5:colcon.colcon_core.verb:set package 'realsense2_description' build argument 'ament_cmake_args' from command line to 'None'
[0.629s] Level 5:colcon.colcon_core.verb:set package 'realsense2_description' build argument 'catkin_cmake_args' from command line to 'None'
[0.629s] Level 5:colcon.colcon_core.verb:set package 'realsense2_description' build argument 'catkin_skip_building_tests' from command line to 'False'
[0.629s] DEBUG:colcon.colcon_core.verb:Building package 'realsense2_description' with the following arguments: {'ament_cmake_args': None, 'build_base': '/home/orin/Prototype_Military/prototype_military/build/realsense2_description', 'catkin_cmake_args': None, 'catkin_skip_building_tests': False, 'cmake_args': None, 'cmake_clean_cache': False, 'cmake_clean_first': False, 'cmake_force_configure': False, 'cmake_target': None, 'cmake_target_skip_unavailable': False, 'install_base': '/home/orin/Prototype_Military/prototype_military/install/realsense2_description', 'merge_install': False, 'path': '/home/orin/Prototype_Military/prototype_military/src/realsense-ros/realsense2_description', 'symlink_install': False, 'test_result_base': None}
[0.629s] INFO:colcon.colcon_core.executor:Executing jobs using 'parallel' executor
[0.631s] DEBUG:colcon.colcon_parallel_executor.executor.parallel:run_until_complete
[0.632s] INFO:colcon.colcon_ros.task.ament_cmake.build:Building ROS package in '/home/orin/Prototype_Military/prototype_military/src/realsense-ros/realsense2_camera_msgs' with build type 'ament_cmake'
[0.632s] INFO:colcon.colcon_cmake.task.cmake.build:Building CMake package in '/home/orin/Prototype_Military/prototype_military/src/realsense-ros/realsense2_camera_msgs'
[0.636s] INFO:colcon.colcon_core.plugin_system:Skipping extension 'colcon_core.shell.bat': Not used on non-Windows systems
[0.636s] INFO:colcon.colcon_core.shell:Skip shell extension 'powershell' for command environment: Not usable outside of PowerShell
[0.636s] DEBUG:colcon.colcon_core.shell:Skip shell extension 'dsv' for command environment
[0.641s] INFO:colcon.colcon_ros.task.ament_cmake.build:Building ROS package in '/home/orin/Prototype_Military/prototype_military/src/prototype_motor' with build type 'ament_cmake'
[0.641s] INFO:colcon.colcon_cmake.task.cmake.build:Building CMake package in '/home/orin/Prototype_Military/prototype_military/src/prototype_motor'
[0.642s] INFO:colcon.colcon_core.shell:Skip shell extension 'powershell' for command environment: Not usable outside of PowerShell
[0.642s] DEBUG:colcon.colcon_core.shell:Skip shell extension 'dsv' for command environment
[0.645s] INFO:colcon.colcon_ros.task.ament_python.build:Building ROS package in '/home/orin/Prototype_Military/prototype_military/src/prototype_move' with build type 'ament_python'
[0.646s] Level 1:colcon.colcon_core.shell:create_environment_hook('prototype_move', 'ament_prefix_path')
[0.646s] INFO:colcon.colcon_core.shell:Creating environment hook '/home/orin/Prototype_Military/prototype_military/install/prototype_move/share/prototype_move/hook/ament_prefix_path.ps1'
[0.647s] INFO:colcon.colcon_core.shell:Creating environment descriptor '/home/orin/Prototype_Military/prototype_military/install/prototype_move/share/prototype_move/hook/ament_prefix_path.dsv'
[0.648s] INFO:colcon.colcon_core.shell:Creating environment hook '/home/orin/Prototype_Military/prototype_military/install/prototype_move/share/prototype_move/hook/ament_prefix_path.sh'
[0.650s] INFO:colcon.colcon_core.shell:Skip shell extension 'powershell' for command environment: Not usable outside of PowerShell
[0.650s] DEBUG:colcon.colcon_core.shell:Skip shell extension 'dsv' for command environment
[0.662s] DEBUG:colcon.colcon_core.event_handler.log_command:Invoking command in '/home/orin/Prototype_Military/prototype_military/build/realsense2_camera_msgs': CMAKE_PREFIX_PATH=/opt/ros/humble /usr/bin/cmake --build /home/orin/Prototype_Military/prototype_military/build/realsense2_camera_msgs -- -j8 -l8
[0.668s] DEBUG:colcon.colcon_core.event_handler.log_command:Invoking command in '/home/orin/Prototype_Military/prototype_military/build/prototype_motor': CMAKE_PREFIX_PATH=/opt/ros/humble /usr/bin/cmake --build /home/orin/Prototype_Military/prototype_military/build/prototype_motor -- -j8 -l8
[1.124s] INFO:colcon.colcon_core.task.python.build:Building Python package in '/home/orin/Prototype_Military/prototype_military/src/prototype_move'
[1.124s] INFO:colcon.colcon_core.shell:Skip shell extension 'powershell' for command environment: Not usable outside of PowerShell
[1.124s] DEBUG:colcon.colcon_core.shell:Skip shell extension 'dsv' for command environment
[1.284s] DEBUG:colcon.colcon_core.event_handler.log_command:Invoked command in '/home/orin/Prototype_Military/prototype_military/build/realsense2_camera_msgs' returned '0': CMAKE_PREFIX_PATH=/opt/ros/humble /usr/bin/cmake --build /home/orin/Prototype_Military/prototype_military/build/realsense2_camera_msgs -- -j8 -l8
[1.443s] DEBUG:colcon.colcon_core.event_handler.log_command:Invoking command in '/home/orin/Prototype_Military/prototype_military/build/realsense2_camera_msgs': CMAKE_PREFIX_PATH=/opt/ros/humble /usr/bin/cmake --install /home/orin/Prototype_Military/prototype_military/build/realsense2_camera_msgs
[1.543s] Level 1:colcon.colcon_core.environment:create_environment_scripts_only(realsense2_camera_msgs)
[1.544s] DEBUG:colcon.colcon_core.event_handler.log_command:Invoked command in '/home/orin/Prototype_Military/prototype_military/build/realsense2_camera_msgs' returned '0': CMAKE_PREFIX_PATH=/opt/ros/humble /usr/bin/cmake --install /home/orin/Prototype_Military/prototype_military/build/realsense2_camera_msgs
[1.548s] Level 1:colcon.colcon_core.environment:checking '/home/orin/Prototype_Military/prototype_military/install/realsense2_camera_msgs' for CMake module files
[1.549s] Level 1:colcon.colcon_core.environment:checking '/home/orin/Prototype_Military/prototype_military/install/realsense2_camera_msgs' for CMake config files
[1.551s] Level 1:colcon.colcon_core.shell:create_environment_hook('realsense2_camera_msgs', 'cmake_prefix_path')
[1.551s] INFO:colcon.colcon_core.shell:Creating environment hook '/home/orin/Prototype_Military/prototype_military/install/realsense2_camera_msgs/share/realsense2_camera_msgs/hook/cmake_prefix_path.ps1'
[1.552s] INFO:colcon.colcon_core.shell:Creating environment descriptor '/home/orin/Prototype_Military/prototype_military/install/realsense2_camera_msgs/share/realsense2_camera_msgs/hook/cmake_prefix_path.dsv'
[1.553s] INFO:colcon.colcon_core.shell:Creating environment hook '/home/orin/Prototype_Military/prototype_military/install/realsense2_camera_msgs/share/realsense2_camera_msgs/hook/cmake_prefix_path.sh'
[1.554s] Level 1:colcon.colcon_core.environment:checking '/home/orin/Prototype_Military/prototype_military/install/realsense2_camera_msgs/lib'
[1.555s] Level 1:colcon.colcon_core.shell:create_environment_hook('realsense2_camera_msgs', 'ld_library_path_lib')
[1.555s] INFO:colcon.colcon_core.shell:Creating environment hook '/home/orin/Prototype_Military/prototype_military/install/realsense2_camera_msgs/share/realsense2_camera_msgs/hook/ld_library_path_lib.ps1'
[1.556s] INFO:colcon.colcon_core.shell:Creating environment descriptor '/home/orin/Prototype_Military/prototype_military/install/realsense2_camera_msgs/share/realsense2_camera_msgs/hook/ld_library_path_lib.dsv'
[1.556s] INFO:colcon.colcon_core.shell:Creating environment hook '/home/orin/Prototype_Military/prototype_military/install/realsense2_camera_msgs/share/realsense2_camera_msgs/hook/ld_library_path_lib.sh'
[1.557s] Level 1:colcon.colcon_core.environment:checking '/home/orin/Prototype_Military/prototype_military/install/realsense2_camera_msgs/bin'
[1.557s] Level 1:colcon.colcon_core.environment:checking '/home/orin/Prototype_Military/prototype_military/install/realsense2_camera_msgs/lib/pkgconfig/realsense2_camera_msgs.pc'
[1.558s] Level 1:colcon.colcon_core.environment:checking '/home/orin/Prototype_Military/prototype_military/install/realsense2_camera_msgs/lib/python3.10/site-packages'
[1.558s] Level 1:colcon.colcon_core.environment:checking '/home/orin/Prototype_Military/prototype_military/install/realsense2_camera_msgs/bin'
[1.559s] INFO:colcon.colcon_core.shell:Creating package script '/home/orin/Prototype_Military/prototype_military/install/realsense2_camera_msgs/share/realsense2_camera_msgs/package.ps1'
[1.561s] INFO:colcon.colcon_core.shell:Creating package descriptor '/home/orin/Prototype_Military/prototype_military/install/realsense2_camera_msgs/share/realsense2_camera_msgs/package.dsv'
[1.562s] INFO:colcon.colcon_core.shell:Creating package script '/home/orin/Prototype_Military/prototype_military/install/realsense2_camera_msgs/share/realsense2_camera_msgs/package.sh'
[1.563s] INFO:colcon.colcon_core.shell:Creating package script '/home/orin/Prototype_Military/prototype_military/install/realsense2_camera_msgs/share/realsense2_camera_msgs/package.bash'
[1.565s] INFO:colcon.colcon_core.shell:Creating package script '/home/orin/Prototype_Military/prototype_military/install/realsense2_camera_msgs/share/realsense2_camera_msgs/package.zsh'
[1.566s] Level 1:colcon.colcon_core.environment:create_file_with_runtime_dependencies(/home/orin/Prototype_Military/prototype_military/install/realsense2_camera_msgs/share/colcon-core/packages/realsense2_camera_msgs)
[1.713s] DEBUG:colcon.colcon_core.event_handler.log_command:Invoking command in '/home/orin/Prototype_Military/prototype_military/src/prototype_move': PYTHONPATH=/home/orin/Prototype_Military/prototype_military/build/prototype_move/prefix_override:/usr/lib/python3/dist-packages/colcon_core/task/python/colcon_distutils_commands:/home/orin/Prototype_Military/prototype_military/install/prototype_move/lib/python3.10/site-packages:${PYTHONPATH} /usr/bin/python3 -W ignore:setup.py install is deprecated setup.py egg_info --egg-base ../../build/prototype_move build --build-base /home/orin/Prototype_Military/prototype_military/build/prototype_move/build install --record /home/orin/Prototype_Military/prototype_military/build/prototype_move/install.log --single-version-externally-managed install_data
[1.717s] Level 1:colcon.colcon_core.environment:create_environment_scripts_only(realsense2_camera_msgs)
[1.718s] Level 1:colcon.colcon_core.environment:checking '/home/orin/Prototype_Military/prototype_military/install/realsense2_camera_msgs' for CMake module files
[1.719s] Level 1:colcon.colcon_core.environment:checking '/home/orin/Prototype_Military/prototype_military/install/realsense2_camera_msgs' for CMake config files
[1.720s] Level 1:colcon.colcon_core.shell:create_environment_hook('realsense2_camera_msgs', 'cmake_prefix_path')
[1.720s] INFO:colcon.colcon_core.shell:Creating environment hook '/home/orin/Prototype_Military/prototype_military/install/realsense2_camera_msgs/share/realsense2_camera_msgs/hook/cmake_prefix_path.ps1'
[1.721s] INFO:colcon.colcon_core.shell:Creating environment descriptor '/home/orin/Prototype_Military/prototype_military/install/realsense2_camera_msgs/share/realsense2_camera_msgs/hook/cmake_prefix_path.dsv'
[1.722s] INFO:colcon.colcon_core.shell:Creating environment hook '/home/orin/Prototype_Military/prototype_military/install/realsense2_camera_msgs/share/realsense2_camera_msgs/hook/cmake_prefix_path.sh'
[1.723s] Level 1:colcon.colcon_core.environment:checking '/home/orin/Prototype_Military/prototype_military/install/realsense2_camera_msgs/lib'
[1.723s] Level 1:colcon.colcon_core.shell:create_environment_hook('realsense2_camera_msgs', 'ld_library_path_lib')
[1.723s] INFO:colcon.colcon_core.shell:Creating environment hook '/home/orin/Prototype_Military/prototype_military/install/realsense2_camera_msgs/share/realsense2_camera_msgs/hook/ld_library_path_lib.ps1'
[1.724s] INFO:colcon.colcon_core.shell:Creating environment descriptor '/home/orin/Prototype_Military/prototype_military/install/realsense2_camera_msgs/share/realsense2_camera_msgs/hook/ld_library_path_lib.dsv'
[1.725s] INFO:colcon.colcon_core.shell:Creating environment hook '/home/orin/Prototype_Military/prototype_military/install/realsense2_camera_msgs/share/realsense2_camera_msgs/hook/ld_library_path_lib.sh'
[1.725s] Level 1:colcon.colcon_core.environment:checking '/home/orin/Prototype_Military/prototype_military/install/realsense2_camera_msgs/bin'
[1.726s] Level 1:colcon.colcon_core.environment:checking '/home/orin/Prototype_Military/prototype_military/install/realsense2_camera_msgs/lib/pkgconfig/realsense2_camera_msgs.pc'
[1.726s] Level 1:colcon.colcon_core.environment:checking '/home/orin/Prototype_Military/prototype_military/install/realsense2_camera_msgs/lib/python3.10/site-packages'
[1.726s] Level 1:colcon.colcon_core.environment:checking '/home/orin/Prototype_Military/prototype_military/install/realsense2_camera_msgs/bin'
[1.727s] INFO:colcon.colcon_core.shell:Creating package script '/home/orin/Prototype_Military/prototype_military/install/realsense2_camera_msgs/share/realsense2_camera_msgs/package.ps1'
[1.728s] INFO:colcon.colcon_core.shell:Creating package descriptor '/home/orin/Prototype_Military/prototype_military/install/realsense2_camera_msgs/share/realsense2_camera_msgs/package.dsv'
[1.729s] INFO:colcon.colcon_core.shell:Creating package script '/home/orin/Prototype_Military/prototype_military/install/realsense2_camera_msgs/share/realsense2_camera_msgs/package.sh'
[1.730s] INFO:colcon.colcon_core.shell:Creating package script '/home/orin/Prototype_Military/prototype_military/install/realsense2_camera_msgs/share/realsense2_camera_msgs/package.bash'
[1.731s] INFO:colcon.colcon_core.shell:Creating package script '/home/orin/Prototype_Military/prototype_military/install/realsense2_camera_msgs/share/realsense2_camera_msgs/package.zsh'
[1.731s] Level 1:colcon.colcon_core.environment:create_file_with_runtime_dependencies(/home/orin/Prototype_Military/prototype_military/install/realsense2_camera_msgs/share/colcon-core/packages/realsense2_camera_msgs)
[1.732s] INFO:colcon.colcon_ros.task.ament_cmake.build:Building ROS package in '/home/orin/Prototype_Military/prototype_military/src/realsense-ros/realsense2_camera' with build type 'ament_cmake'
[1.732s] INFO:colcon.colcon_cmake.task.cmake.build:Building CMake package in '/home/orin/Prototype_Military/prototype_military/src/realsense-ros/realsense2_camera'
[1.733s] INFO:colcon.colcon_core.shell:Skip shell extension 'powershell' for command environment: Not usable outside of PowerShell
[1.733s] DEBUG:colcon.colcon_core.shell:Skip shell extension 'dsv' for command environment
[1.738s] INFO:colcon.colcon_ros.task.ament_cmake.build:Building ROS package in '/home/orin/Prototype_Military/prototype_military/src/realsense-ros/realsense2_description' with build type 'ament_cmake'
[1.738s] INFO:colcon.colcon_cmake.task.cmake.build:Building CMake package in '/home/orin/Prototype_Military/prototype_military/src/realsense-ros/realsense2_description'
[1.739s] INFO:colcon.colcon_core.shell:Skip shell extension 'powershell' for command environment: Not usable outside of PowerShell
[1.739s] DEBUG:colcon.colcon_core.shell:Skip shell extension 'dsv' for command environment
[1.750s] DEBUG:colcon.colcon_core.event_handler.log_command:Invoking command in '/home/orin/Prototype_Military/prototype_military/build/realsense2_camera': AMENT_PREFIX_PATH=/home/orin/Prototype_Military/prototype_military/install/realsense2_camera_msgs:${AMENT_PREFIX_PATH} CMAKE_PREFIX_PATH=/home/orin/Prototype_Military/prototype_military/install/realsense2_camera_msgs:/opt/ros/humble LD_LIBRARY_PATH=/home/orin/Prototype_Military/prototype_military/install/realsense2_camera_msgs/lib:${LD_LIBRARY_PATH} PYTHONPATH=/home/orin/Prototype_Military/prototype_military/install/realsense2_camera_msgs/local/lib/python3.10/dist-packages:${PYTHONPATH} /usr/bin/cmake --build /home/orin/Prototype_Military/prototype_military/build/realsense2_camera -- -j8 -l8
[1.757s] DEBUG:colcon.colcon_core.event_handler.log_command:Invoking command in '/home/orin/Prototype_Military/prototype_military/build/realsense2_description': AMENT_PREFIX_PATH=/home/orin/Prototype_Military/prototype_military/install/realsense2_camera_msgs:${AMENT_PREFIX_PATH} CMAKE_PREFIX_PATH=/home/orin/Prototype_Military/prototype_military/install/realsense2_camera_msgs:/opt/ros/humble LD_LIBRARY_PATH=/home/orin/Prototype_Military/prototype_military/install/realsense2_camera_msgs/lib:${LD_LIBRARY_PATH} PYTHONPATH=/home/orin/Prototype_Military/prototype_military/install/realsense2_camera_msgs/local/lib/python3.10/dist-packages:${PYTHONPATH} /usr/bin/cmake --build /home/orin/Prototype_Military/prototype_military/build/realsense2_description -- -j8 -l8
[1.825s] DEBUG:colcon.colcon_core.event_handler.log_command:Invoked command in '/home/orin/Prototype_Military/prototype_military/build/realsense2_description' returned '0': AMENT_PREFIX_PATH=/home/orin/Prototype_Military/prototype_military/install/realsense2_camera_msgs:${AMENT_PREFIX_PATH} CMAKE_PREFIX_PATH=/home/orin/Prototype_Military/prototype_military/install/realsense2_camera_msgs:/opt/ros/humble LD_LIBRARY_PATH=/home/orin/Prototype_Military/prototype_military/install/realsense2_camera_msgs/lib:${LD_LIBRARY_PATH} PYTHONPATH=/home/orin/Prototype_Military/prototype_military/install/realsense2_camera_msgs/local/lib/python3.10/dist-packages:${PYTHONPATH} /usr/bin/cmake --build /home/orin/Prototype_Military/prototype_military/build/realsense2_description -- -j8 -l8
[2.008s] DEBUG:colcon.colcon_core.event_handler.log_command:Invoking command in '/home/orin/Prototype_Military/prototype_military/build/realsense2_description': AMENT_PREFIX_PATH=/home/orin/Prototype_Military/prototype_military/install/realsense2_camera_msgs:${AMENT_PREFIX_PATH} CMAKE_PREFIX_PATH=/home/orin/Prototype_Military/prototype_military/install/realsense2_camera_msgs:/opt/ros/humble LD_LIBRARY_PATH=/home/orin/Prototype_Military/prototype_military/install/realsense2_camera_msgs/lib:${LD_LIBRARY_PATH} PYTHONPATH=/home/orin/Prototype_Military/prototype_military/install/realsense2_camera_msgs/local/lib/python3.10/dist-packages:${PYTHONPATH} /usr/bin/cmake --install /home/orin/Prototype_Military/prototype_military/build/realsense2_description
[2.050s] Level 1:colcon.colcon_core.environment:create_environment_scripts_only(realsense2_description)
[2.051s] Level 1:colcon.colcon_core.environment:checking '/home/orin/Prototype_Military/prototype_military/install/realsense2_description' for CMake module files
[2.052s] Level 1:colcon.colcon_core.environment:checking '/home/orin/Prototype_Military/prototype_military/install/realsense2_description' for CMake config files
[2.053s] Level 1:colcon.colcon_core.shell:create_environment_hook('realsense2_description', 'cmake_prefix_path')
[2.053s] INFO:colcon.colcon_core.shell:Creating environment hook '/home/orin/Prototype_Military/prototype_military/install/realsense2_description/share/realsense2_description/hook/cmake_prefix_path.ps1'
[2.055s] DEBUG:colcon.colcon_core.event_handler.log_command:Invoked command in '/home/orin/Prototype_Military/prototype_military/build/realsense2_description' returned '0': AMENT_PREFIX_PATH=/home/orin/Prototype_Military/prototype_military/install/realsense2_camera_msgs:${AMENT_PREFIX_PATH} CMAKE_PREFIX_PATH=/home/orin/Prototype_Military/prototype_military/install/realsense2_camera_msgs:/opt/ros/humble LD_LIBRARY_PATH=/home/orin/Prototype_Military/prototype_military/install/realsense2_camera_msgs/lib:${LD_LIBRARY_PATH} PYTHONPATH=/home/orin/Prototype_Military/prototype_military/install/realsense2_camera_msgs/local/lib/python3.10/dist-packages:${PYTHONPATH} /usr/bin/cmake --install /home/orin/Prototype_Military/prototype_military/build/realsense2_description
[2.055s] INFO:colcon.colcon_core.shell:Creating environment descriptor '/home/orin/Prototype_Military/prototype_military/install/realsense2_description/share/realsense2_description/hook/cmake_prefix_path.dsv'
[2.056s] INFO:colcon.colcon_core.shell:Creating environment hook '/home/orin/Prototype_Military/prototype_military/install/realsense2_description/share/realsense2_description/hook/cmake_prefix_path.sh'
[2.057s] Level 1:colcon.colcon_core.environment:checking '/home/orin/Prototype_Military/prototype_military/install/realsense2_description/bin'
[2.057s] Level 1:colcon.colcon_core.environment:checking '/home/orin/Prototype_Military/prototype_military/install/realsense2_description/lib/pkgconfig/realsense2_description.pc'
[2.058s] Level 1:colcon.colcon_core.environment:checking '/home/orin/Prototype_Military/prototype_military/install/realsense2_description/lib/python3.10/site-packages'
[2.058s] Level 1:colcon.colcon_core.environment:checking '/home/orin/Prototype_Military/prototype_military/install/realsense2_description/bin'
[2.059s] INFO:colcon.colcon_core.shell:Creating package script '/home/orin/Prototype_Military/prototype_military/install/realsense2_description/share/realsense2_description/package.ps1'
[2.059s] INFO:colcon.colcon_core.shell:Creating package descriptor '/home/orin/Prototype_Military/prototype_military/install/realsense2_description/share/realsense2_description/package.dsv'
[2.060s] INFO:colcon.colcon_core.shell:Creating package script '/home/orin/Prototype_Military/prototype_military/install/realsense2_description/share/realsense2_description/package.sh'
[2.061s] INFO:colcon.colcon_core.shell:Creating package script '/home/orin/Prototype_Military/prototype_military/install/realsense2_description/share/realsense2_description/package.bash'
[2.062s] INFO:colcon.colcon_core.shell:Creating package script '/home/orin/Prototype_Military/prototype_military/install/realsense2_description/share/realsense2_description/package.zsh'
[2.062s] Level 1:colcon.colcon_core.environment:create_file_with_runtime_dependencies(/home/orin/Prototype_Military/prototype_military/install/realsense2_description/share/colcon-core/packages/realsense2_description)
[2.351s] Level 1:colcon.colcon_core.environment:create_environment_scripts_only(realsense2_description)
[2.352s] Level 1:colcon.colcon_core.environment:checking '/home/orin/Prototype_Military/prototype_military/install/realsense2_description' for CMake module files
[2.352s] Level 1:colcon.colcon_core.environment:checking '/home/orin/Prototype_Military/prototype_military/install/realsense2_description' for CMake config files
[2.353s] Level 1:colcon.colcon_core.shell:create_environment_hook('realsense2_description', 'cmake_prefix_path')
[2.354s] INFO:colcon.colcon_core.shell:Creating environment hook '/home/orin/Prototype_Military/prototype_military/install/realsense2_description/share/realsense2_description/hook/cmake_prefix_path.ps1'
[2.355s] INFO:colcon.colcon_core.shell:Creating environment descriptor '/home/orin/Prototype_Military/prototype_military/install/realsense2_description/share/realsense2_description/hook/cmake_prefix_path.dsv'
[2.356s] INFO:colcon.colcon_core.shell:Creating environment hook '/home/orin/Prototype_Military/prototype_military/install/realsense2_description/share/realsense2_description/hook/cmake_prefix_path.sh'
[2.357s] Level 1:colcon.colcon_core.environment:checking '/home/orin/Prototype_Military/prototype_military/install/realsense2_description/bin'
[2.357s] Level 1:colcon.colcon_core.environment:checking '/home/orin/Prototype_Military/prototype_military/install/realsense2_description/lib/pkgconfig/realsense2_description.pc'
[2.358s] Level 1:colcon.colcon_core.environment:checking '/home/orin/Prototype_Military/prototype_military/install/realsense2_description/lib/python3.10/site-packages'
[2.358s] Level 1:colcon.colcon_core.environment:checking '/home/orin/Prototype_Military/prototype_military/install/realsense2_description/bin'
[2.359s] INFO:colcon.colcon_core.shell:Creating package script '/home/orin/Prototype_Military/prototype_military/install/realsense2_description/share/realsense2_description/package.ps1'
[2.360s] INFO:colcon.colcon_core.shell:Creating package descriptor '/home/orin/Prototype_Military/prototype_military/install/realsense2_description/share/realsense2_description/package.dsv'
[2.361s] INFO:colcon.colcon_core.shell:Creating package script '/home/orin/Prototype_Military/prototype_military/install/realsense2_description/share/realsense2_description/package.sh'
[2.370s] INFO:colcon.colcon_core.shell:Creating package script '/home/orin/Prototype_Military/prototype_military/install/realsense2_description/share/realsense2_description/package.bash'
[2.381s] INFO:colcon.colcon_core.shell:Creating package script '/home/orin/Prototype_Military/prototype_military/install/realsense2_description/share/realsense2_description/package.zsh'
[2.383s] Level 1:colcon.colcon_core.environment:create_file_with_runtime_dependencies(/home/orin/Prototype_Military/prototype_military/install/realsense2_description/share/colcon-core/packages/realsense2_description)
[2.571s] Level 1:colcon.colcon_core.environment:checking '/home/orin/Prototype_Military/prototype_military/install/prototype_move' for CMake module files
[2.572s] Level 1:colcon.colcon_core.environment:checking '/home/orin/Prototype_Military/prototype_military/install/prototype_move' for CMake config files
[2.573s] Level 1:colcon.colcon_core.environment:checking '/home/orin/Prototype_Military/prototype_military/install/prototype_move/lib'
[2.574s] Level 1:colcon.colcon_core.environment:checking '/home/orin/Prototype_Military/prototype_military/install/prototype_move/bin'
[2.574s] Level 1:colcon.colcon_core.environment:checking '/home/orin/Prototype_Military/prototype_military/install/prototype_move/lib/pkgconfig/prototype_move.pc'
[2.574s] Level 1:colcon.colcon_core.environment:checking '/home/orin/Prototype_Military/prototype_military/install/prototype_move/lib/python3.10/site-packages'
[2.574s] Level 1:colcon.colcon_core.shell:create_environment_hook('prototype_move', 'pythonpath')
[2.575s] INFO:colcon.colcon_core.shell:Creating environment hook '/home/orin/Prototype_Military/prototype_military/install/prototype_move/share/prototype_move/hook/pythonpath.ps1'
[2.577s] DEBUG:colcon.colcon_core.event_handler.log_command:Invoked command in '/home/orin/Prototype_Military/prototype_military/src/prototype_move' returned '0': PYTHONPATH=/home/orin/Prototype_Military/prototype_military/build/prototype_move/prefix_override:/usr/lib/python3/dist-packages/colcon_core/task/python/colcon_distutils_commands:/home/orin/Prototype_Military/prototype_military/install/prototype_move/lib/python3.10/site-packages:${PYTHONPATH} /usr/bin/python3 -W ignore:setup.py install is deprecated setup.py egg_info --egg-base ../../build/prototype_move build --build-base /home/orin/Prototype_Military/prototype_military/build/prototype_move/build install --record /home/orin/Prototype_Military/prototype_military/build/prototype_move/install.log --single-version-externally-managed install_data
[2.577s] INFO:colcon.colcon_core.shell:Creating environment descriptor '/home/orin/Prototype_Military/prototype_military/install/prototype_move/share/prototype_move/hook/pythonpath.dsv'
[2.578s] INFO:colcon.colcon_core.shell:Creating environment hook '/home/orin/Prototype_Military/prototype_military/install/prototype_move/share/prototype_move/hook/pythonpath.sh'
[2.579s] Level 1:colcon.colcon_core.environment:checking '/home/orin/Prototype_Military/prototype_military/install/prototype_move/bin'
[2.579s] Level 1:colcon.colcon_core.environment:create_environment_scripts_only(prototype_move)
[2.580s] INFO:colcon.colcon_core.shell:Creating package script '/home/orin/Prototype_Military/prototype_military/install/prototype_move/share/prototype_move/package.ps1'
[2.582s] INFO:colcon.colcon_core.shell:Creating package descriptor '/home/orin/Prototype_Military/prototype_military/install/prototype_move/share/prototype_move/package.dsv'
[2.583s] INFO:colcon.colcon_core.shell:Creating package script '/home/orin/Prototype_Military/prototype_military/install/prototype_move/share/prototype_move/package.sh'
[2.583s] INFO:colcon.colcon_core.shell:Creating package script '/home/orin/Prototype_Military/prototype_military/install/prototype_move/share/prototype_move/package.bash'
[2.603s] INFO:colcon.colcon_core.shell:Creating package script '/home/orin/Prototype_Military/prototype_military/install/prototype_move/share/prototype_move/package.zsh'
[2.621s] Level 1:colcon.colcon_core.environment:create_file_with_runtime_dependencies(/home/orin/Prototype_Military/prototype_military/install/prototype_move/share/colcon-core/packages/prototype_move)
[16.798s] DEBUG:colcon.colcon_core.event_handler.log_command:Invoked command in '/home/orin/Prototype_Military/prototype_military/build/prototype_motor' returned '0': CMAKE_PREFIX_PATH=/opt/ros/humble /usr/bin/cmake --build /home/orin/Prototype_Military/prototype_military/build/prototype_motor -- -j8 -l8
[17.099s] DEBUG:colcon.colcon_core.event_handler.log_command:Invoking command in '/home/orin/Prototype_Military/prototype_military/build/prototype_motor': CMAKE_PREFIX_PATH=/opt/ros/humble /usr/bin/cmake --install /home/orin/Prototype_Military/prototype_military/build/prototype_motor
[17.138s] Level 1:colcon.colcon_core.environment:create_environment_scripts_only(prototype_motor)
[17.139s] Level 1:colcon.colcon_core.environment:checking '/home/orin/Prototype_Military/prototype_military/install/prototype_motor' for CMake module files
[17.142s] Level 1:colcon.colcon_core.environment:checking '/home/orin/Prototype_Military/prototype_military/install/prototype_motor' for CMake config files
[17.143s] Level 1:colcon.colcon_core.shell:create_environment_hook('prototype_motor', 'cmake_prefix_path')
[17.144s] INFO:colcon.colcon_core.shell:Creating environment hook '/home/orin/Prototype_Military/prototype_military/install/prototype_motor/share/prototype_motor/hook/cmake_prefix_path.ps1'
[17.146s] INFO:colcon.colcon_core.shell:Creating environment descriptor '/home/orin/Prototype_Military/prototype_military/install/prototype_motor/share/prototype_motor/hook/cmake_prefix_path.dsv'
[17.148s] INFO:colcon.colcon_core.shell:Creating environment hook '/home/orin/Prototype_Military/prototype_military/install/prototype_motor/share/prototype_motor/hook/cmake_prefix_path.sh'
[17.149s] DEBUG:colcon.colcon_core.event_handler.log_command:Invoked command in '/home/orin/Prototype_Military/prototype_military/build/prototype_motor' returned '0': CMAKE_PREFIX_PATH=/opt/ros/humble /usr/bin/cmake --install /home/orin/Prototype_Military/prototype_military/build/prototype_motor
[17.151s] Level 1:colcon.colcon_core.environment:checking '/home/orin/Prototype_Military/prototype_military/install/prototype_motor/lib'
[17.151s] Level 1:colcon.colcon_core.environment:checking '/home/orin/Prototype_Military/prototype_military/install/prototype_motor/bin'
[17.151s] Level 1:colcon.colcon_core.environment:checking '/home/orin/Prototype_Military/prototype_military/install/prototype_motor/lib/pkgconfig/prototype_motor.pc'
[17.152s] Level 1:colcon.colcon_core.environment:checking '/home/orin/Prototype_Military/prototype_military/install/prototype_motor/lib/python3.10/site-packages'
[17.152s] Level 1:colcon.colcon_core.environment:checking '/home/orin/Prototype_Military/prototype_military/install/prototype_motor/bin'
[17.153s] INFO:colcon.colcon_core.shell:Creating package script '/home/orin/Prototype_Military/prototype_military/install/prototype_motor/share/prototype_motor/package.ps1'
[17.154s] INFO:colcon.colcon_core.shell:Creating package descriptor '/home/orin/Prototype_Military/prototype_military/install/prototype_motor/share/prototype_motor/package.dsv'
[17.155s] INFO:colcon.colcon_core.shell:Creating package script '/home/orin/Prototype_Military/prototype_military/install/prototype_motor/share/prototype_motor/package.sh'
[17.160s] INFO:colcon.colcon_core.shell:Creating package script '/home/orin/Prototype_Military/prototype_military/install/prototype_motor/share/prototype_motor/package.bash'
[17.161s] INFO:colcon.colcon_core.shell:Creating package script '/home/orin/Prototype_Military/prototype_military/install/prototype_motor/share/prototype_motor/package.zsh'
[17.162s] Level 1:colcon.colcon_core.environment:create_file_with_runtime_dependencies(/home/orin/Prototype_Military/prototype_military/install/prototype_motor/share/colcon-core/packages/prototype_motor)
[17.507s] Level 1:colcon.colcon_core.environment:create_environment_scripts_only(prototype_motor)
[17.508s] Level 1:colcon.colcon_core.environment:checking '/home/orin/Prototype_Military/prototype_military/install/prototype_motor' for CMake module files
[17.509s] Level 1:colcon.colcon_core.environment:checking '/home/orin/Prototype_Military/prototype_military/install/prototype_motor' for CMake config files
[17.510s] Level 1:colcon.colcon_core.shell:create_environment_hook('prototype_motor', 'cmake_prefix_path')
[17.510s] INFO:colcon.colcon_core.shell:Creating environment hook '/home/orin/Prototype_Military/prototype_military/install/prototype_motor/share/prototype_motor/hook/cmake_prefix_path.ps1'
[17.512s] INFO:colcon.colcon_core.shell:Creating environment descriptor '/home/orin/Prototype_Military/prototype_military/install/prototype_motor/share/prototype_motor/hook/cmake_prefix_path.dsv'
[17.514s] INFO:colcon.colcon_core.shell:Creating environment hook '/home/orin/Prototype_Military/prototype_military/install/prototype_motor/share/prototype_motor/hook/cmake_prefix_path.sh'
[17.516s] Level 1:colcon.colcon_core.environment:checking '/home/orin/Prototype_Military/prototype_military/install/prototype_motor/lib'
[17.517s] Level 1:colcon.colcon_core.environment:checking '/home/orin/Prototype_Military/prototype_military/install/prototype_motor/bin'
[17.517s] Level 1:colcon.colcon_core.environment:checking '/home/orin/Prototype_Military/prototype_military/install/prototype_motor/lib/pkgconfig/prototype_motor.pc'
[17.518s] Level 1:colcon.colcon_core.environment:checking '/home/orin/Prototype_Military/prototype_military/install/prototype_motor/lib/python3.10/site-packages'
[17.519s] Level 1:colcon.colcon_core.environment:checking '/home/orin/Prototype_Military/prototype_military/install/prototype_motor/bin'
[17.520s] INFO:colcon.colcon_core.shell:Creating package script '/home/orin/Prototype_Military/prototype_military/install/prototype_motor/share/prototype_motor/package.ps1'
[17.538s] INFO:colcon.colcon_core.shell:Creating package descriptor '/home/orin/Prototype_Military/prototype_military/install/prototype_motor/share/prototype_motor/package.dsv'
[17.540s] INFO:colcon.colcon_core.shell:Creating package script '/home/orin/Prototype_Military/prototype_military/install/prototype_motor/share/prototype_motor/package.sh'
[17.542s] INFO:colcon.colcon_core.shell:Creating package script '/home/orin/Prototype_Military/prototype_military/install/prototype_motor/share/prototype_motor/package.bash'
[17.544s] INFO:colcon.colcon_core.shell:Creating package script '/home/orin/Prototype_Military/prototype_military/install/prototype_motor/share/prototype_motor/package.zsh'
[17.546s] Level 1:colcon.colcon_core.environment:create_file_with_runtime_dependencies(/home/orin/Prototype_Military/prototype_military/install/prototype_motor/share/colcon-core/packages/prototype_motor)
[48.126s] DEBUG:colcon.colcon_core.event_handler.log_command:Invoked command in '/home/orin/Prototype_Military/prototype_military/build/realsense2_camera' returned '0': AMENT_PREFIX_PATH=/home/orin/Prototype_Military/prototype_military/install/realsense2_camera_msgs:${AMENT_PREFIX_PATH} CMAKE_PREFIX_PATH=/home/orin/Prototype_Military/prototype_military/install/realsense2_camera_msgs:/opt/ros/humble LD_LIBRARY_PATH=/home/orin/Prototype_Military/prototype_military/install/realsense2_camera_msgs/lib:${LD_LIBRARY_PATH} PYTHONPATH=/home/orin/Prototype_Military/prototype_military/install/realsense2_camera_msgs/local/lib/python3.10/dist-packages:${PYTHONPATH} /usr/bin/cmake --build /home/orin/Prototype_Military/prototype_military/build/realsense2_camera -- -j8 -l8
[48.231s] DEBUG:colcon.colcon_core.event_handler.log_command:Invoking command in '/home/orin/Prototype_Military/prototype_military/build/realsense2_camera': AMENT_PREFIX_PATH=/home/orin/Prototype_Military/prototype_military/install/realsense2_camera_msgs:${AMENT_PREFIX_PATH} CMAKE_PREFIX_PATH=/home/orin/Prototype_Military/prototype_military/install/realsense2_camera_msgs:/opt/ros/humble LD_LIBRARY_PATH=/home/orin/Prototype_Military/prototype_military/install/realsense2_camera_msgs/lib:${LD_LIBRARY_PATH} PYTHONPATH=/home/orin/Prototype_Military/prototype_military/install/realsense2_camera_msgs/local/lib/python3.10/dist-packages:${PYTHONPATH} /usr/bin/cmake --install /home/orin/Prototype_Military/prototype_military/build/realsense2_camera
[48.270s] Level 1:colcon.colcon_core.environment:create_environment_scripts_only(realsense2_camera)
[48.272s] Level 1:colcon.colcon_core.environment:checking '/home/orin/Prototype_Military/prototype_military/install/realsense2_camera' for CMake module files
[48.275s] Level 1:colcon.colcon_core.environment:checking '/home/orin/Prototype_Military/prototype_military/install/realsense2_camera' for CMake config files
[48.278s] DEBUG:colcon.colcon_core.event_handler.log_command:Invoked command in '/home/orin/Prototype_Military/prototype_military/build/realsense2_camera' returned '0': AMENT_PREFIX_PATH=/home/orin/Prototype_Military/prototype_military/install/realsense2_camera_msgs:${AMENT_PREFIX_PATH} CMAKE_PREFIX_PATH=/home/orin/Prototype_Military/prototype_military/install/realsense2_camera_msgs:/opt/ros/humble LD_LIBRARY_PATH=/home/orin/Prototype_Military/prototype_military/install/realsense2_camera_msgs/lib:${LD_LIBRARY_PATH} PYTHONPATH=/home/orin/Prototype_Military/prototype_military/install/realsense2_camera_msgs/local/lib/python3.10/dist-packages:${PYTHONPATH} /usr/bin/cmake --install /home/orin/Prototype_Military/prototype_military/build/realsense2_camera
[48.279s] Level 1:colcon.colcon_core.shell:create_environment_hook('realsense2_camera', 'cmake_prefix_path')
[48.280s] INFO:colcon.colcon_core.shell:Creating environment hook '/home/orin/Prototype_Military/prototype_military/install/realsense2_camera/share/realsense2_camera/hook/cmake_prefix_path.ps1'
[48.282s] INFO:colcon.colcon_core.shell:Creating environment descriptor '/home/orin/Prototype_Military/prototype_military/install/realsense2_camera/share/realsense2_camera/hook/cmake_prefix_path.dsv'
[48.283s] INFO:colcon.colcon_core.shell:Creating environment hook '/home/orin/Prototype_Military/prototype_military/install/realsense2_camera/share/realsense2_camera/hook/cmake_prefix_path.sh'
[48.285s] Level 1:colcon.colcon_core.environment:checking '/home/orin/Prototype_Military/prototype_military/install/realsense2_camera/lib'
[48.285s] Level 1:colcon.colcon_core.shell:create_environment_hook('realsense2_camera', 'ld_library_path_lib')
[48.286s] INFO:colcon.colcon_core.shell:Creating environment hook '/home/orin/Prototype_Military/prototype_military/install/realsense2_camera/share/realsense2_camera/hook/ld_library_path_lib.ps1'
[48.286s] INFO:colcon.colcon_core.shell:Creating environment descriptor '/home/orin/Prototype_Military/prototype_military/install/realsense2_camera/share/realsense2_camera/hook/ld_library_path_lib.dsv'
[48.287s] INFO:colcon.colcon_core.shell:Creating environment hook '/home/orin/Prototype_Military/prototype_military/install/realsense2_camera/share/realsense2_camera/hook/ld_library_path_lib.sh'
[48.287s] Level 1:colcon.colcon_core.environment:checking '/home/orin/Prototype_Military/prototype_military/install/realsense2_camera/bin'
[48.288s] Level 1:colcon.colcon_core.environment:checking '/home/orin/Prototype_Military/prototype_military/install/realsense2_camera/lib/pkgconfig/realsense2_camera.pc'
[48.288s] Level 1:colcon.colcon_core.environment:checking '/home/orin/Prototype_Military/prototype_military/install/realsense2_camera/lib/python3.10/site-packages'
[48.288s] Level 1:colcon.colcon_core.environment:checking '/home/orin/Prototype_Military/prototype_military/install/realsense2_camera/bin'
[48.289s] INFO:colcon.colcon_core.shell:Creating package script '/home/orin/Prototype_Military/prototype_military/install/realsense2_camera/share/realsense2_camera/package.ps1'
[48.291s] INFO:colcon.colcon_core.shell:Creating package descriptor '/home/orin/Prototype_Military/prototype_military/install/realsense2_camera/share/realsense2_camera/package.dsv'
[48.292s] INFO:colcon.colcon_core.shell:Creating package script '/home/orin/Prototype_Military/prototype_military/install/realsense2_camera/share/realsense2_camera/package.sh'
[48.294s] INFO:colcon.colcon_core.shell:Creating package script '/home/orin/Prototype_Military/prototype_military/install/realsense2_camera/share/realsense2_camera/package.bash'
[48.295s] INFO:colcon.colcon_core.shell:Creating package script '/home/orin/Prototype_Military/prototype_military/install/realsense2_camera/share/realsense2_camera/package.zsh'
[48.296s] Level 1:colcon.colcon_core.environment:create_file_with_runtime_dependencies(/home/orin/Prototype_Military/prototype_military/install/realsense2_camera/share/colcon-core/packages/realsense2_camera)
[48.376s] Level 1:colcon.colcon_core.environment:create_environment_scripts_only(realsense2_camera)
[48.376s] Level 1:colcon.colcon_core.environment:checking '/home/orin/Prototype_Military/prototype_military/install/realsense2_camera' for CMake module files
[48.377s] Level 1:colcon.colcon_core.environment:checking '/home/orin/Prototype_Military/prototype_military/install/realsense2_camera' for CMake config files
[48.378s] Level 1:colcon.colcon_core.shell:create_environment_hook('realsense2_camera', 'cmake_prefix_path')
[48.379s] INFO:colcon.colcon_core.shell:Creating environment hook '/home/orin/Prototype_Military/prototype_military/install/realsense2_camera/share/realsense2_camera/hook/cmake_prefix_path.ps1'
[48.380s] INFO:colcon.colcon_core.shell:Creating environment descriptor '/home/orin/Prototype_Military/prototype_military/install/realsense2_camera/share/realsense2_camera/hook/cmake_prefix_path.dsv'
[48.381s] INFO:colcon.colcon_core.shell:Creating environment hook '/home/orin/Prototype_Military/prototype_military/install/realsense2_camera/share/realsense2_camera/hook/cmake_prefix_path.sh'
[48.384s] Level 1:colcon.colcon_core.environment:checking '/home/orin/Prototype_Military/prototype_military/install/realsense2_camera/lib'
[48.384s] Level 1:colcon.colcon_core.shell:create_environment_hook('realsense2_camera', 'ld_library_path_lib')
[48.385s] INFO:colcon.colcon_core.shell:Creating environment hook '/home/orin/Prototype_Military/prototype_military/install/realsense2_camera/share/realsense2_camera/hook/ld_library_path_lib.ps1'
[48.386s] INFO:colcon.colcon_core.shell:Creating environment descriptor '/home/orin/Prototype_Military/prototype_military/install/realsense2_camera/share/realsense2_camera/hook/ld_library_path_lib.dsv'
[48.387s] INFO:colcon.colcon_core.shell:Creating environment hook '/home/orin/Prototype_Military/prototype_military/install/realsense2_camera/share/realsense2_camera/hook/ld_library_path_lib.sh'
[48.388s] Level 1:colcon.colcon_core.environment:checking '/home/orin/Prototype_Military/prototype_military/install/realsense2_camera/bin'
[48.389s] Level 1:colcon.colcon_core.environment:checking '/home/orin/Prototype_Military/prototype_military/install/realsense2_camera/lib/pkgconfig/realsense2_camera.pc'
[48.390s] Level 1:colcon.colcon_core.environment:checking '/home/orin/Prototype_Military/prototype_military/install/realsense2_camera/lib/python3.10/site-packages'
[48.390s] Level 1:colcon.colcon_core.environment:checking '/home/orin/Prototype_Military/prototype_military/install/realsense2_camera/bin'
[48.391s] INFO:colcon.colcon_core.shell:Creating package script '/home/orin/Prototype_Military/prototype_military/install/realsense2_camera/share/realsense2_camera/package.ps1'
[48.394s] INFO:colcon.colcon_core.shell:Creating package descriptor '/home/orin/Prototype_Military/prototype_military/install/realsense2_camera/share/realsense2_camera/package.dsv'
[48.395s] INFO:colcon.colcon_core.shell:Creating package script '/home/orin/Prototype_Military/prototype_military/install/realsense2_camera/share/realsense2_camera/package.sh'
[48.397s] INFO:colcon.colcon_core.shell:Creating package script '/home/orin/Prototype_Military/prototype_military/install/realsense2_camera/share/realsense2_camera/package.bash'
[48.398s] INFO:colcon.colcon_core.shell:Creating package script '/home/orin/Prototype_Military/prototype_military/install/realsense2_camera/share/realsense2_camera/package.zsh'
[48.399s] Level 1:colcon.colcon_core.environment:create_file_with_runtime_dependencies(/home/orin/Prototype_Military/prototype_military/install/realsense2_camera/share/colcon-core/packages/realsense2_camera)
[48.401s] DEBUG:colcon.colcon_parallel_executor.executor.parallel:closing loop
[48.403s] DEBUG:colcon.colcon_parallel_executor.executor.parallel:loop closed
[48.404s] DEBUG:colcon.colcon_parallel_executor.executor.parallel:run_until_complete finished with '0'
[48.404s] DEBUG:colcon.colcon_core.event_reactor:joining thread
[48.436s] INFO:colcon.colcon_core.plugin_system:Skipping extension 'colcon_notification.desktop_notification.terminal_notifier': Not used on non-Darwin systems
[48.437s] INFO:colcon.colcon_core.plugin_system:Skipping extension 'colcon_notification.desktop_notification.win32': Not used on non-Windows systems
[48.437s] INFO:colcon.colcon_notification.desktop_notification:Sending desktop notification using 'notify2'
[48.508s] DEBUG:colcon.colcon_core.event_reactor:joined thread
[48.511s] INFO:colcon.colcon_core.shell:Creating prefix script '/home/orin/Prototype_Military/prototype_military/install/local_setup.ps1'
[48.515s] INFO:colcon.colcon_core.shell:Creating prefix util module '/home/orin/Prototype_Military/prototype_military/install/_local_setup_util_ps1.py'
[48.519s] INFO:colcon.colcon_core.shell:Creating prefix chain script '/home/orin/Prototype_Military/prototype_military/install/setup.ps1'
[48.522s] INFO:colcon.colcon_core.shell:Creating prefix script '/home/orin/Prototype_Military/prototype_military/install/local_setup.sh'
[48.525s] INFO:colcon.colcon_core.shell:Creating prefix util module '/home/orin/Prototype_Military/prototype_military/install/_local_setup_util_sh.py'
[48.526s] INFO:colcon.colcon_core.shell:Creating prefix chain script '/home/orin/Prototype_Military/prototype_military/install/setup.sh'
[48.528s] INFO:colcon.colcon_core.shell:Creating prefix script '/home/orin/Prototype_Military/prototype_military/install/local_setup.bash'
[48.529s] INFO:colcon.colcon_core.shell:Creating prefix chain script '/home/orin/Prototype_Military/prototype_military/install/setup.bash'
[48.531s] INFO:colcon.colcon_core.shell:Creating prefix script '/home/orin/Prototype_Military/prototype_military/install/local_setup.zsh'
[48.531s] INFO:colcon.colcon_core.shell:Creating prefix chain script '/home/orin/Prototype_Military/prototype_military/install/setup.zsh'
