[0.021s] Invoking command in '/home/orin/Prototype_Military/prototype_military/build/realsense2_description': AMENT_PREFIX_PATH=/home/orin/Prototype_Military/prototype_military/install/realsense2_camera_msgs:${AMENT_PREFIX_PATH} CMAKE_PREFIX_PATH=/home/orin/Prototype_Military/prototype_military/install/realsense2_camera_msgs:/home/orin/Prototype_Military/install/yolov8_bringup:/home/orin/Prototype_Military/install/yolov8_msgs:/home/orin/Prototype_Military/install/ydlidar_ros2_driver:/home/orin/Prototype_Military/install/realsense2_description:/home/orin/Prototype_Military/install/realsense2_camera:/home/orin/Prototype_Military/install/realsense2_camera_msgs:/home/orin/Prototype_Military/install/prototype_motor:/home/orin/Prototype_Military/install/yolov8_ros:/home/orin/Prototype_Military/install/prototype_move:/opt/ros/humble LD_LIBRARY_PATH=/home/orin/Prototype_Military/prototype_military/install/realsense2_camera_msgs/lib:/home/orin/Prototype_Military/install/yolov8_msgs/lib:/home/orin/Prototype_Military/install/realsense2_camera/lib:/home/orin/Prototype_Military/install/realsense2_camera_msgs/lib:/opt/ros/humble/opt/rviz_ogre_vendor/lib:/opt/ros/humble/lib/aarch64-linux-gnu:/opt/ros/humble/lib:/usr/local/cuda/lib64 PYTHONPATH=/home/orin/Prototype_Military/prototype_military/install/realsense2_camera_msgs/local/lib/python3.10/dist-packages:${PYTHONPATH} /usr/bin/cmake --build /home/orin/Prototype_Military/prototype_military/build/realsense2_description -- -j12 -l12
[0.087s] Invoked command in '/home/orin/Prototype_Military/prototype_military/build/realsense2_description' returned '0': AMENT_PREFIX_PATH=/home/orin/Prototype_Military/prototype_military/install/realsense2_camera_msgs:${AMENT_PREFIX_PATH} CMAKE_PREFIX_PATH=/home/orin/Prototype_Military/prototype_military/install/realsense2_camera_msgs:/home/orin/Prototype_Military/install/yolov8_bringup:/home/orin/Prototype_Military/install/yolov8_msgs:/home/orin/Prototype_Military/install/ydlidar_ros2_driver:/home/orin/Prototype_Military/install/realsense2_description:/home/orin/Prototype_Military/install/realsense2_camera:/home/orin/Prototype_Military/install/realsense2_camera_msgs:/home/orin/Prototype_Military/install/prototype_motor:/home/orin/Prototype_Military/install/yolov8_ros:/home/orin/Prototype_Military/install/prototype_move:/opt/ros/humble LD_LIBRARY_PATH=/home/orin/Prototype_Military/prototype_military/install/realsense2_camera_msgs/lib:/home/orin/Prototype_Military/install/yolov8_msgs/lib:/home/orin/Prototype_Military/install/realsense2_camera/lib:/home/orin/Prototype_Military/install/realsense2_camera_msgs/lib:/opt/ros/humble/opt/rviz_ogre_vendor/lib:/opt/ros/humble/lib/aarch64-linux-gnu:/opt/ros/humble/lib:/usr/local/cuda/lib64 PYTHONPATH=/home/orin/Prototype_Military/prototype_military/install/realsense2_camera_msgs/local/lib/python3.10/dist-packages:${PYTHONPATH} /usr/bin/cmake --build /home/orin/Prototype_Military/prototype_military/build/realsense2_description -- -j12 -l12
[0.131s] Invoking command in '/home/orin/Prototype_Military/prototype_military/build/realsense2_description': AMENT_PREFIX_PATH=/home/orin/Prototype_Military/prototype_military/install/realsense2_camera_msgs:${AMENT_PREFIX_PATH} CMAKE_PREFIX_PATH=/home/orin/Prototype_Military/prototype_military/install/realsense2_camera_msgs:/home/orin/Prototype_Military/install/yolov8_bringup:/home/orin/Prototype_Military/install/yolov8_msgs:/home/orin/Prototype_Military/install/ydlidar_ros2_driver:/home/orin/Prototype_Military/install/realsense2_description:/home/orin/Prototype_Military/install/realsense2_camera:/home/orin/Prototype_Military/install/realsense2_camera_msgs:/home/orin/Prototype_Military/install/prototype_motor:/home/orin/Prototype_Military/install/yolov8_ros:/home/orin/Prototype_Military/install/prototype_move:/opt/ros/humble LD_LIBRARY_PATH=/home/orin/Prototype_Military/prototype_military/install/realsense2_camera_msgs/lib:/home/orin/Prototype_Military/install/yolov8_msgs/lib:/home/orin/Prototype_Military/install/realsense2_camera/lib:/home/orin/Prototype_Military/install/realsense2_camera_msgs/lib:/opt/ros/humble/opt/rviz_ogre_vendor/lib:/opt/ros/humble/lib/aarch64-linux-gnu:/opt/ros/humble/lib:/usr/local/cuda/lib64 PYTHONPATH=/home/orin/Prototype_Military/prototype_military/install/realsense2_camera_msgs/local/lib/python3.10/dist-packages:${PYTHONPATH} /usr/bin/cmake --install /home/orin/Prototype_Military/prototype_military/build/realsense2_description
[0.144s] -- Install configuration: ""
[0.144s] -- Installing: /home/orin/Prototype_Military/prototype_military/install/realsense2_description/share/realsense2_description/launch
[0.144s] -- Installing: /home/orin/Prototype_Military/prototype_military/install/realsense2_description/share/realsense2_description/launch/launch_utils.py
[0.145s] -- Installing: /home/orin/Prototype_Military/prototype_military/install/realsense2_description/share/realsense2_description/launch/view_model.launch.py
[0.145s] -- Installing: /home/orin/Prototype_Military/prototype_military/install/realsense2_description/share/realsense2_description/meshes
[0.145s] -- Installing: /home/orin/Prototype_Military/prototype_military/install/realsense2_description/share/realsense2_description/meshes/d405.stl
[0.146s] -- Installing: /home/orin/Prototype_Military/prototype_military/install/realsense2_description/share/realsense2_description/meshes/plug.stl
[0.147s] -- Installing: /home/orin/Prototype_Military/prototype_military/install/realsense2_description/share/realsense2_description/meshes/d415.stl
[0.190s] -- Installing: /home/orin/Prototype_Military/prototype_military/install/realsense2_description/share/realsense2_description/meshes/d435.dae
[0.220s] -- Installing: /home/orin/Prototype_Military/prototype_military/install/realsense2_description/share/realsense2_description/meshes/plug_collision.stl
[0.220s] -- Installing: /home/orin/Prototype_Military/prototype_military/install/realsense2_description/share/realsense2_description/meshes/l515.dae
[0.281s] -- Installing: /home/orin/Prototype_Military/prototype_military/install/realsense2_description/share/realsense2_description/meshes/d455.stl
[0.286s] -- Installing: /home/orin/Prototype_Military/prototype_military/install/realsense2_description/share/realsense2_description/rviz
[0.286s] -- Installing: /home/orin/Prototype_Military/prototype_military/install/realsense2_description/share/realsense2_description/rviz/urdf.rviz
[0.286s] -- Installing: /home/orin/Prototype_Military/prototype_military/install/realsense2_description/share/realsense2_description/urdf
[0.287s] -- Installing: /home/orin/Prototype_Military/prototype_military/install/realsense2_description/share/realsense2_description/urdf/test_d435_multiple_cameras.urdf.xacro
[0.287s] -- Installing: /home/orin/Prototype_Military/prototype_military/install/realsense2_description/share/realsense2_description/urdf/_materials.urdf.xacro
[0.287s] -- Installing: /home/orin/Prototype_Military/prototype_military/install/realsense2_description/share/realsense2_description/urdf/test_d455_camera.urdf.xacro
[0.287s] -- Installing: /home/orin/Prototype_Military/prototype_military/install/realsense2_description/share/realsense2_description/urdf/test_r430_camera.urdf.xacro
[0.287s] -- Installing: /home/orin/Prototype_Military/prototype_military/install/realsense2_description/share/realsense2_description/urdf/_r430.urdf.xacro
[0.288s] -- Installing: /home/orin/Prototype_Military/prototype_military/install/realsense2_description/share/realsense2_description/urdf/_d415.urdf.xacro
[0.288s] -- Installing: /home/orin/Prototype_Military/prototype_military/install/realsense2_description/share/realsense2_description/urdf/_d435i_imu_modules.urdf.xacro
[0.288s] -- Installing: /home/orin/Prototype_Military/prototype_military/install/realsense2_description/share/realsense2_description/urdf/test_r410_camera.urdf.xacro
[0.288s] -- Installing: /home/orin/Prototype_Military/prototype_military/install/realsense2_description/share/realsense2_description/urdf/test_d435i_camera.urdf.xacro
[0.288s] -- Installing: /home/orin/Prototype_Military/prototype_military/install/realsense2_description/share/realsense2_description/urdf/test_d435_camera.urdf.xacro
[0.288s] -- Installing: /home/orin/Prototype_Military/prototype_military/install/realsense2_description/share/realsense2_description/urdf/_d435.urdf.xacro
[0.289s] -- Installing: /home/orin/Prototype_Military/prototype_military/install/realsense2_description/share/realsense2_description/urdf/test_d415_camera.urdf.xacro
[0.289s] -- Installing: /home/orin/Prototype_Military/prototype_military/install/realsense2_description/share/realsense2_description/urdf/_d405.urdf.xacro
[0.289s] -- Installing: /home/orin/Prototype_Military/prototype_military/install/realsense2_description/share/realsense2_description/urdf/_r410.urdf.xacro
[0.289s] -- Installing: /home/orin/Prototype_Military/prototype_military/install/realsense2_description/share/realsense2_description/urdf/_usb_plug.urdf.xacro
[0.289s] -- Installing: /home/orin/Prototype_Military/prototype_military/install/realsense2_description/share/realsense2_description/urdf/_d435i.urdf.xacro
[0.290s] -- Installing: /home/orin/Prototype_Military/prototype_military/install/realsense2_description/share/realsense2_description/urdf/_d455.urdf.xacro
[0.290s] -- Installing: /home/orin/Prototype_Military/prototype_military/install/realsense2_description/share/realsense2_description/urdf/test_d405_camera.urdf.xacro
[0.290s] -- Installing: /home/orin/Prototype_Military/prototype_military/install/realsense2_description/share/ament_index/resource_index/package_run_dependencies/realsense2_description
[0.291s] -- Installing: /home/orin/Prototype_Military/prototype_military/install/realsense2_description/share/ament_index/resource_index/parent_prefix_path/realsense2_description
[0.291s] -- Installing: /home/orin/Prototype_Military/prototype_military/install/realsense2_description/share/realsense2_description/environment/ament_prefix_path.sh
[0.291s] -- Installing: /home/orin/Prototype_Military/prototype_military/install/realsense2_description/share/realsense2_description/environment/ament_prefix_path.dsv
[0.291s] -- Installing: /home/orin/Prototype_Military/prototype_military/install/realsense2_description/share/realsense2_description/environment/path.sh
[0.292s] -- Installing: /home/orin/Prototype_Military/prototype_military/install/realsense2_description/share/realsense2_description/environment/path.dsv
[0.292s] -- Installing: /home/orin/Prototype_Military/prototype_military/install/realsense2_description/share/realsense2_description/local_setup.bash
[0.292s] -- Installing: /home/orin/Prototype_Military/prototype_military/install/realsense2_description/share/realsense2_description/local_setup.sh
[0.292s] -- Installing: /home/orin/Prototype_Military/prototype_military/install/realsense2_description/share/realsense2_description/local_setup.zsh
[0.293s] -- Installing: /home/orin/Prototype_Military/prototype_military/install/realsense2_description/share/realsense2_description/local_setup.dsv
[0.293s] -- Installing: /home/orin/Prototype_Military/prototype_military/install/realsense2_description/share/realsense2_description/package.dsv
[0.293s] -- Installing: /home/orin/Prototype_Military/prototype_military/install/realsense2_description/share/ament_index/resource_index/packages/realsense2_description
[0.293s] -- Installing: /home/orin/Prototype_Military/prototype_military/install/realsense2_description/share/realsense2_description/cmake/realsense2_descriptionConfig.cmake
[0.294s] -- Installing: /home/orin/Prototype_Military/prototype_military/install/realsense2_description/share/realsense2_description/cmake/realsense2_descriptionConfig-version.cmake
[0.294s] -- Installing: /home/orin/Prototype_Military/prototype_military/install/realsense2_description/share/realsense2_description/package.xml
[0.299s] Invoked command in '/home/orin/Prototype_Military/prototype_military/build/realsense2_description' returned '0': AMENT_PREFIX_PATH=/home/orin/Prototype_Military/prototype_military/install/realsense2_camera_msgs:${AMENT_PREFIX_PATH} CMAKE_PREFIX_PATH=/home/orin/Prototype_Military/prototype_military/install/realsense2_camera_msgs:/home/orin/Prototype_Military/install/yolov8_bringup:/home/orin/Prototype_Military/install/yolov8_msgs:/home/orin/Prototype_Military/install/ydlidar_ros2_driver:/home/orin/Prototype_Military/install/realsense2_description:/home/orin/Prototype_Military/install/realsense2_camera:/home/orin/Prototype_Military/install/realsense2_camera_msgs:/home/orin/Prototype_Military/install/prototype_motor:/home/orin/Prototype_Military/install/yolov8_ros:/home/orin/Prototype_Military/install/prototype_move:/opt/ros/humble LD_LIBRARY_PATH=/home/orin/Prototype_Military/prototype_military/install/realsense2_camera_msgs/lib:/home/orin/Prototype_Military/install/yolov8_msgs/lib:/home/orin/Prototype_Military/install/realsense2_camera/lib:/home/orin/Prototype_Military/install/realsense2_camera_msgs/lib:/opt/ros/humble/opt/rviz_ogre_vendor/lib:/opt/ros/humble/lib/aarch64-linux-gnu:/opt/ros/humble/lib:/usr/local/cuda/lib64 PYTHONPATH=/home/orin/Prototype_Military/prototype_military/install/realsense2_camera_msgs/local/lib/python3.10/dist-packages:${PYTHONPATH} /usr/bin/cmake --install /home/orin/Prototype_Military/prototype_military/build/realsense2_description
