[0.043s] Invoking command in '/home/orin/Prototype_Military/prototype_military/build/prototype_motor': CMAKE_PREFIX_PATH=${CMAKE_PREFIX_PATH}:/home/orin/Prototype_Military/install/yolov8_ros:/home/orin/Prototype_Military/install/prototype_move:/opt/ros/humble /usr/bin/cmake --build /home/orin/Prototype_Military/prototype_military/build/prototype_motor -- -j12 -l12
[0.548s] -- Found ament_cmake: 1.3.10 (/opt/ros/humble/share/ament_cmake/cmake)
[0.549s] -- Found rclcpp: 16.0.10 (/opt/ros/humble/share/rclcpp/cmake)
[0.549s] -- Found rosidl_generator_c: 3.1.5 (/opt/ros/humble/share/rosidl_generator_c/cmake)
[0.549s] -- Found rosidl_adapter: 3.1.5 (/opt/ros/humble/share/rosidl_adapter/cmake)
[0.549s] -- Found rosidl_generator_cpp: 3.1.5 (/opt/ros/humble/share/rosidl_generator_cpp/cmake)
[0.549s] -- Using all available rosidl_typesupport_c: rosidl_typesupport_fastrtps_c;rosidl_typesupport_introspection_c
[0.549s] -- Using all available rosidl_typesupport_cpp: rosidl_typesupport_fastrtps_cpp;rosidl_typesupport_introspection_cpp
[0.551s] -- Found rmw_implementation_cmake: 6.1.2 (/opt/ros/humble/share/rmw_implementation_cmake/cmake)
[0.551s] -- Found rmw_fastrtps_cpp: 6.2.7 (/opt/ros/humble/share/rmw_fastrtps_cpp/cmake)
[0.731s] -- Using RMW implementation 'rmw_fastrtps_cpp' as default
[0.824s] -- Found sensor_msgs: 4.2.4 (/opt/ros/humble/share/sensor_msgs/cmake)
[0.886s] -- Found nav_msgs: 4.2.4 (/opt/ros/humble/share/nav_msgs/cmake)
[0.919s] -- Found tf2_ros: 0.25.7 (/opt/ros/humble/share/tf2_ros/cmake)
[1.113s] -- Found ament_lint_auto: 0.12.11 (/opt/ros/humble/share/ament_lint_auto/cmake)
[1.259s] -- Added test 'cppcheck' to perform static code analysis on C / C++ code
[1.259s] -- Configured cppcheck include dirs: /home/orin/Prototype_Military/prototype_military/src/prototype_motor/include
[1.259s] -- Configured cppcheck exclude dirs and/or files: 
[1.260s] -- Added test 'lint_cmake' to check CMake code style
[1.261s] -- Added test 'uncrustify' to check C / C++ code style
[1.261s] -- Configured uncrustify additional arguments: 
[1.261s] -- Added test 'xmllint' to check XML markup files
[1.263s] -- Configuring done
[1.288s] -- Generating done
[1.292s] -- Build files have been written to: /home/orin/Prototype_Military/prototype_military/build/prototype_motor
[1.367s] [ 50%] [32mBuilding CXX object CMakeFiles/nurimotor.dir/src/nurimotor_control.cpp.o[0m
[1.821s] [01m[K/home/orin/Prototype_Military/prototype_military/src/prototype_motor/src/nurimotor_control.cpp:5:10:[m[K [01;31m[Kfatal error: [m[Ktf2/LinearMath/Quaternion.hpp: No such file or directory
[1.821s]     5 | #include [01;31m[K"tf2/LinearMath/Quaternion.hpp"[m[K
[1.821s]       |          [01;31m[K^~~~~~~~~~~~~~~~~~~~~~~~~~~~~~~[m[K
[1.821s] compilation terminated.
[1.825s] gmake[2]: *** [CMakeFiles/nurimotor.dir/build.make:76: CMakeFiles/nurimotor.dir/src/nurimotor_control.cpp.o] Error 1
[1.825s] gmake[1]: *** [CMakeFiles/Makefile2:137: CMakeFiles/nurimotor.dir/all] Error 2
[1.826s] gmake: *** [Makefile:146: all] Error 2
[1.830s] Invoked command in '/home/orin/Prototype_Military/prototype_military/build/prototype_motor' returned '2': CMAKE_PREFIX_PATH=${CMAKE_PREFIX_PATH}:/home/orin/Prototype_Military/install/yolov8_ros:/home/orin/Prototype_Military/install/prototype_move:/opt/ros/humble /usr/bin/cmake --build /home/orin/Prototype_Military/prototype_military/build/prototype_motor -- -j12 -l12
