[0.409s] Invoking command in '/home/hansol/project/build/prototype_msg': CMAKE_PREFIX_PATH=${CMAKE_PREFIX_PATH}:/home/hansol/project/install/prototype_move:/home/hansol/project/install/limo_ros2_application:/opt/ros/humble /usr/bin/cmake --build /home/hansol/project/build/prototype_msg -- -j12 -l12
[0.422s] -- Found ament_cmake: 1.3.8 (/opt/ros/humble/share/ament_cmake/cmake)
[0.548s] -- Override CMake install command with custom implementation using symlinks instead of copying resources
[0.555s] -- Found rosidl_default_generators: 1.2.0 (/opt/ros/humble/share/rosidl_default_generators/cmake)
[0.556s] -- Using all available rosidl_typesupport_c: rosidl_typesupport_fastrtps_c;rosidl_typesupport_introspection_c
[0.559s] -- Found rosidl_adapter: 3.1.5 (/opt/ros/humble/share/rosidl_adapter/cmake)
[0.586s] -- Using all available rosidl_typesupport_cpp: rosidl_typesupport_fastrtps_cpp;rosidl_typesupport_introspection_cpp
[0.928s] -- Found ament_cmake_ros: 0.10.0 (/opt/ros/humble/share/ament_cmake_ros/cmake)
[1.157s] -- Using all available rosidl_typesupport_c: rosidl_typesupport_fastrtps_c;rosidl_typesupport_introspection_c
[1.408s] -- Using all available rosidl_typesupport_cpp: rosidl_typesupport_fastrtps_cpp;rosidl_typesupport_introspection_cpp
[1.426s] -- Found python_cmake_module: 0.10.0 (/opt/ros/humble/share/python_cmake_module/cmake)
[1.451s] -- Using PYTHON_EXECUTABLE: /usr/bin/python3
[1.451s] -- Using PYTHON_INCLUDE_DIRS: /usr/include/python3.10
[1.451s] -- Using PYTHON_LIBRARIES: /usr/lib/x86_64-linux-gnu/libpython3.10.so
[1.483s] -- Found ament_lint_auto: 0.12.10 (/opt/ros/humble/share/ament_lint_auto/cmake)
[1.493s] -- Added test 'lint_cmake' to check CMake code style
[1.493s] -- Added test 'xmllint' to check XML markup files
[1.496s] -- Configuring done
[1.518s] -- Generating done
[1.520s] -- Build files have been written to: /home/hansol/project/build/prototype_msg
[1.539s] [  3%] [34m[1mGenerating C code for ROS interfaces[0m
[1.543s] [  6%] [34m[1mGenerating C++ code for ROS interfaces[0m
[1.553s] [  6%] Built target ament_cmake_python_symlink_prototype_msg
[1.709s] running egg_info
[1.709s] writing prototype_msg.egg-info/PKG-INFO
[1.710s] writing dependency_links to prototype_msg.egg-info/dependency_links.txt
[1.710s] writing top-level names to prototype_msg.egg-info/top_level.txt
[1.711s] reading manifest file 'prototype_msg.egg-info/SOURCES.txt'
[1.711s] writing manifest file 'prototype_msg.egg-info/SOURCES.txt'
[1.728s] [  6%] Built target ament_cmake_python_build_prototype_msg_egg
[1.790s] [  6%] Built target prototype_msg__cpp
[1.796s] [  9%] [34m[1mGenerating C++ type support dispatch for ROS interfaces[0m
[1.798s] [ 12%] [34m[1mGenerating C++ type support for eProsima Fast-RTPS[0m
[1.799s] [ 16%] [34m[1mGenerating C++ introspection for ROS interfaces[0m
[1.876s] [ 19%] [32mBuilding C object CMakeFiles/prototype_msg__rosidl_generator_c.dir/rosidl_generator_c/prototype_msg/action/detail/odometryaction__functions.c.o[0m
[1.977s] [ 22%] [32m[1mLinking C shared library libprototype_msg__rosidl_generator_c.so[0m
[2.005s] [ 22%] Built target prototype_msg__rosidl_generator_c
[2.013s] [ 25%] [34m[1mGenerating C type support for eProsima Fast-RTPS[0m
[2.013s] [ 29%] [32mBuilding CXX object CMakeFiles/prototype_msg__rosidl_typesupport_cpp.dir/rosidl_typesupport_cpp/prototype_msg/action/odometryaction__type_support.cpp.o[0m
[2.016s] [ 35%] [34m[1mGenerating C type support dispatch for ROS interfaces[0m
[2.016s] [ 35%] [34m[1mGenerating C introspection for ROS interfaces[0m
[2.219s] [ 38%] [32mBuilding CXX object CMakeFiles/prototype_msg__rosidl_typesupport_introspection_cpp.dir/rosidl_typesupport_introspection_cpp/prototype_msg/action/detail/odometryaction__type_support.cpp.o[0m
[2.300s] [ 41%] [32mBuilding CXX object CMakeFiles/prototype_msg__rosidl_typesupport_fastrtps_cpp.dir/rosidl_typesupport_fastrtps_cpp/prototype_msg/action/detail/dds_fastrtps/odometryaction__type_support.cpp.o[0m
[2.353s] [ 45%] [32mBuilding CXX object CMakeFiles/prototype_msg__rosidl_typesupport_fastrtps_c.dir/rosidl_typesupport_fastrtps_c/prototype_msg/action/detail/odometryaction__type_support_c.cpp.o[0m
[2.376s] [ 48%] [32m[1mLinking CXX shared library libprototype_msg__rosidl_typesupport_cpp.so[0m
[2.392s] [ 51%] [32mBuilding CXX object CMakeFiles/prototype_msg__rosidl_typesupport_c.dir/rosidl_typesupport_c/prototype_msg/action/odometryaction__type_support.cpp.o[0m
[2.405s] [ 51%] Built target prototype_msg__rosidl_typesupport_cpp
[2.434s] [ 54%] [32m[1mLinking CXX shared library libprototype_msg__rosidl_typesupport_c.so[0m
[2.466s] [ 54%] Built target prototype_msg__rosidl_typesupport_c
[2.480s] [ 58%] [32mBuilding C object CMakeFiles/prototype_msg__rosidl_typesupport_introspection_c.dir/rosidl_typesupport_introspection_c/prototype_msg/action/detail/odometryaction__type_support.c.o[0m
[2.508s] [ 61%] [32m[1mLinking C shared library libprototype_msg__rosidl_typesupport_introspection_c.so[0m
[2.527s] [ 61%] Built target prototype_msg__rosidl_typesupport_introspection_c
[2.640s] [ 64%] [32m[1mLinking CXX shared library libprototype_msg__rosidl_typesupport_introspection_cpp.so[0m
[2.687s] [ 64%] Built target prototype_msg__rosidl_typesupport_introspection_cpp
[2.723s] [ 67%] [32m[1mLinking CXX shared library libprototype_msg__rosidl_typesupport_fastrtps_c.so[0m
[2.733s] [ 70%] [32m[1mLinking CXX shared library libprototype_msg__rosidl_typesupport_fastrtps_cpp.so[0m
[2.772s] [ 70%] Built target prototype_msg__rosidl_typesupport_fastrtps_c
[2.782s] [ 70%] Built target prototype_msg__rosidl_typesupport_fastrtps_cpp
[2.794s] [ 70%] Built target prototype_msg
[2.805s] [ 74%] [34m[1mGenerating Python code for ROS interfaces[0m
[3.196s] [ 74%] Built target prototype_msg__py
[3.209s] [ 77%] [32mBuilding C object CMakeFiles/prototype_msg__rosidl_generator_py.dir/rosidl_generator_py/prototype_msg/action/_odometryaction_s.c.o[0m
[3.288s] [ 80%] [32m[1mLinking C shared library rosidl_generator_py/prototype_msg/libprototype_msg__rosidl_generator_py.so[0m
[3.312s] [ 80%] Built target prototype_msg__rosidl_generator_py
[3.318s] [35m[1mConsolidate compiler generated dependencies of target prototype_msg__rosidl_typesupport_introspection_c__pyext[0m
[3.318s] [35m[1mConsolidate compiler generated dependencies of target prototype_msg__rosidl_typesupport_fastrtps_c__pyext[0m
[3.321s] [35m[1mConsolidate compiler generated dependencies of target prototype_msg__rosidl_typesupport_c__pyext[0m
[3.325s] [ 83%] [32mBuilding C object CMakeFiles/prototype_msg__rosidl_typesupport_introspection_c__pyext.dir/rosidl_generator_py/prototype_msg/_prototype_msg_s.ep.rosidl_typesupport_introspection_c.c.o[0m
[3.327s] [ 87%] [32mBuilding C object CMakeFiles/prototype_msg__rosidl_typesupport_fastrtps_c__pyext.dir/rosidl_generator_py/prototype_msg/_prototype_msg_s.ep.rosidl_typesupport_fastrtps_c.c.o[0m
[3.331s] [ 90%] [32mBuilding C object CMakeFiles/prototype_msg__rosidl_typesupport_c__pyext.dir/rosidl_generator_py/prototype_msg/_prototype_msg_s.ep.rosidl_typesupport_c.c.o[0m
[3.397s] [ 93%] [32m[1mLinking C shared library rosidl_generator_py/prototype_msg/prototype_msg_s__rosidl_typesupport_introspection_c.cpython-310-x86_64-linux-gnu.so[0m
[3.405s] [ 96%] [32m[1mLinking C shared library rosidl_generator_py/prototype_msg/prototype_msg_s__rosidl_typesupport_c.cpython-310-x86_64-linux-gnu.so[0m
[3.421s] [ 96%] Built target prototype_msg__rosidl_typesupport_introspection_c__pyext
[3.430s] [ 96%] Built target prototype_msg__rosidl_typesupport_c__pyext
[3.431s] [100%] [32m[1mLinking C shared library rosidl_generator_py/prototype_msg/prototype_msg_s__rosidl_typesupport_fastrtps_c.cpython-310-x86_64-linux-gnu.so[0m
[3.454s] [100%] Built target prototype_msg__rosidl_typesupport_fastrtps_c__pyext
[3.460s] Invoked command in '/home/hansol/project/build/prototype_msg' returned '0': CMAKE_PREFIX_PATH=${CMAKE_PREFIX_PATH}:/home/hansol/project/install/prototype_move:/home/hansol/project/install/limo_ros2_application:/opt/ros/humble /usr/bin/cmake --build /home/hansol/project/build/prototype_msg -- -j12 -l12
[3.492s] Invoking command in '/home/hansol/project/build/prototype_msg': CMAKE_PREFIX_PATH=${CMAKE_PREFIX_PATH}:/home/hansol/project/install/prototype_move:/home/hansol/project/install/limo_ros2_application:/opt/ros/humble /usr/bin/cmake --install /home/hansol/project/build/prototype_msg
[3.496s] -- Install configuration: ""
[3.497s] -- Execute custom install script
[3.497s] -- Up-to-date symlink: /home/hansol/project/install/prototype_msg/share/ament_index/resource_index/rosidl_interfaces/prototype_msg
[3.497s] -- Up-to-date symlink: /home/hansol/project/install/prototype_msg/include/prototype_msg/prototype_msg/action/detail/odometry__functions.h
[3.497s] -- Up-to-date symlink: /home/hansol/project/install/prototype_msg/include/prototype_msg/prototype_msg/action/detail/odometry__struct.h
[3.497s] -- Up-to-date symlink: /home/hansol/project/install/prototype_msg/include/prototype_msg/prototype_msg/action/detail/odometry__type_support.h
[3.497s] -- Symlinking: /home/hansol/project/install/prototype_msg/include/prototype_msg/prototype_msg/action/detail/odometryaction__functions.h
[3.502s] -- Symlinking: /home/hansol/project/install/prototype_msg/include/prototype_msg/prototype_msg/action/detail/odometryaction__struct.h
[3.507s] -- Symlinking: /home/hansol/project/install/prototype_msg/include/prototype_msg/prototype_msg/action/detail/odometryaction__type_support.h
[3.511s] -- Up-to-date symlink: /home/hansol/project/install/prototype_msg/include/prototype_msg/prototype_msg/action/odometry.h
[3.512s] -- Symlinking: /home/hansol/project/install/prototype_msg/include/prototype_msg/prototype_msg/action/odometryaction.h
[3.516s] -- Up-to-date symlink: /home/hansol/project/install/prototype_msg/include/prototype_msg/prototype_msg/msg/rosidl_generator_c__visibility_control.h
[3.516s] -- Up-to-date symlink: /home/hansol/project/install/prototype_msg/share/prototype_msg/environment/library_path.sh
[3.516s] -- Up-to-date symlink: /home/hansol/project/install/prototype_msg/share/prototype_msg/environment/library_path.dsv
[3.516s] -- Up-to-date symlink: /home/hansol/project/install/prototype_msg/include/prototype_msg/prototype_msg/action/detail/odometry__rosidl_typesupport_fastrtps_c.h
[3.516s] -- Symlinking: /home/hansol/project/install/prototype_msg/include/prototype_msg/prototype_msg/action/detail/odometryaction__rosidl_typesupport_fastrtps_c.h
[3.521s] -- Up-to-date symlink: /home/hansol/project/install/prototype_msg/include/prototype_msg/prototype_msg/msg/rosidl_typesupport_fastrtps_c__visibility_control.h
[3.521s] -- Up-to-date symlink: /home/hansol/project/install/prototype_msg/include/prototype_msg/prototype_msg/action/detail/odometry__rosidl_typesupport_introspection_c.h
[3.521s] -- Symlinking: /home/hansol/project/install/prototype_msg/include/prototype_msg/prototype_msg/action/detail/odometryaction__rosidl_typesupport_introspection_c.h
[3.526s] -- Up-to-date symlink: /home/hansol/project/install/prototype_msg/include/prototype_msg/prototype_msg/msg/rosidl_typesupport_introspection_c__visibility_control.h
[3.526s] -- Up-to-date symlink: /home/hansol/project/install/prototype_msg/include/prototype_msg/prototype_msg/action/detail/odometry__builder.hpp
[3.526s] -- Up-to-date symlink: /home/hansol/project/install/prototype_msg/include/prototype_msg/prototype_msg/action/detail/odometry__struct.hpp
[3.527s] -- Up-to-date symlink: /home/hansol/project/install/prototype_msg/include/prototype_msg/prototype_msg/action/detail/odometry__traits.hpp
[3.527s] -- Symlinking: /home/hansol/project/install/prototype_msg/include/prototype_msg/prototype_msg/action/detail/odometryaction__builder.hpp
[3.532s] -- Symlinking: /home/hansol/project/install/prototype_msg/include/prototype_msg/prototype_msg/action/detail/odometryaction__struct.hpp
[3.537s] -- Symlinking: /home/hansol/project/install/prototype_msg/include/prototype_msg/prototype_msg/action/detail/odometryaction__traits.hpp
[3.541s] -- Up-to-date symlink: /home/hansol/project/install/prototype_msg/include/prototype_msg/prototype_msg/action/odometry.hpp
[3.541s] -- Symlinking: /home/hansol/project/install/prototype_msg/include/prototype_msg/prototype_msg/action/odometryaction.hpp
[3.546s] -- Up-to-date symlink: /home/hansol/project/install/prototype_msg/include/prototype_msg/prototype_msg/action/detail/odometry__rosidl_typesupport_fastrtps_cpp.hpp
[3.546s] -- Symlinking: /home/hansol/project/install/prototype_msg/include/prototype_msg/prototype_msg/action/detail/odometryaction__rosidl_typesupport_fastrtps_cpp.hpp
[3.551s] -- Up-to-date symlink: /home/hansol/project/install/prototype_msg/include/prototype_msg/prototype_msg/msg/rosidl_typesupport_fastrtps_cpp__visibility_control.h
[3.551s] -- Up-to-date symlink: /home/hansol/project/install/prototype_msg/include/prototype_msg/prototype_msg/action/detail/odometry__rosidl_typesupport_introspection_cpp.hpp
[3.551s] -- Symlinking: /home/hansol/project/install/prototype_msg/include/prototype_msg/prototype_msg/action/detail/odometryaction__rosidl_typesupport_introspection_cpp.hpp
[3.556s] -- Up-to-date symlink: /home/hansol/project/install/prototype_msg/share/prototype_msg/environment/pythonpath.sh
[3.556s] -- Up-to-date symlink: /home/hansol/project/install/prototype_msg/share/prototype_msg/environment/pythonpath.dsv
[3.556s] -- Up-to-date symlink: /home/hansol/project/install/prototype_msg/local/lib/python3.10/dist-packages/prototype_msg-0.0.0-py3.10.egg-info/PKG-INFO
[3.556s] -- Up-to-date symlink: /home/hansol/project/install/prototype_msg/local/lib/python3.10/dist-packages/prototype_msg-0.0.0-py3.10.egg-info/SOURCES.txt
[3.556s] -- Up-to-date symlink: /home/hansol/project/install/prototype_msg/local/lib/python3.10/dist-packages/prototype_msg-0.0.0-py3.10.egg-info/dependency_links.txt
[3.556s] -- Up-to-date symlink: /home/hansol/project/install/prototype_msg/local/lib/python3.10/dist-packages/prototype_msg-0.0.0-py3.10.egg-info/top_level.txt
[3.556s] -- Up-to-date symlink: /home/hansol/project/install/prototype_msg/local/lib/python3.10/dist-packages/prototype_msg/__init__.py
[3.556s] -- Up-to-date symlink: /home/hansol/project/install/prototype_msg/local/lib/python3.10/dist-packages/prototype_msg/_prototype_msg_s.ep.rosidl_typesupport_c.c
[3.556s] -- Up-to-date symlink: /home/hansol/project/install/prototype_msg/local/lib/python3.10/dist-packages/prototype_msg/_prototype_msg_s.ep.rosidl_typesupport_fastrtps_c.c
[3.556s] -- Up-to-date symlink: /home/hansol/project/install/prototype_msg/local/lib/python3.10/dist-packages/prototype_msg/_prototype_msg_s.ep.rosidl_typesupport_introspection_c.c
[3.557s] -- Up-to-date symlink: /home/hansol/project/install/prototype_msg/local/lib/python3.10/dist-packages/prototype_msg/action/__init__.py
[3.557s] -- Up-to-date symlink: /home/hansol/project/install/prototype_msg/local/lib/python3.10/dist-packages/prototype_msg/action/_odometry.py
[3.557s] -- Up-to-date symlink: /home/hansol/project/install/prototype_msg/local/lib/python3.10/dist-packages/prototype_msg/action/_odometry_s.c
[3.557s] -- Symlinking: /home/hansol/project/install/prototype_msg/local/lib/python3.10/dist-packages/prototype_msg/action/_odometryaction.py
[3.561s] -- Symlinking: /home/hansol/project/install/prototype_msg/local/lib/python3.10/dist-packages/prototype_msg/action/_odometryaction_s.c
[3.566s] -- Up-to-date symlink: /home/hansol/project/install/prototype_msg/local/lib/python3.10/dist-packages/prototype_msg/libprototype_msg__rosidl_generator_py.so
[3.566s] -- Up-to-date symlink: /home/hansol/project/install/prototype_msg/local/lib/python3.10/dist-packages/prototype_msg/prototype_msg_s__rosidl_typesupport_c.cpython-310-x86_64-linux-gnu.so
[3.566s] -- Up-to-date symlink: /home/hansol/project/install/prototype_msg/local/lib/python3.10/dist-packages/prototype_msg/prototype_msg_s__rosidl_typesupport_fastrtps_c.cpython-310-x86_64-linux-gnu.so
[3.566s] -- Up-to-date symlink: /home/hansol/project/install/prototype_msg/local/lib/python3.10/dist-packages/prototype_msg/prototype_msg_s__rosidl_typesupport_introspection_c.cpython-310-x86_64-linux-gnu.so
[3.566s] -- Up-to-date symlink: /home/hansol/project/install/prototype_msg/local/lib/python3.10/dist-packages/prototype_msg/prototype_msg_s__rosidl_typesupport_fastrtps_c.cpython-310-x86_64-linux-gnu.so
[3.566s] -- Up-to-date symlink: /home/hansol/project/install/prototype_msg/local/lib/python3.10/dist-packages/prototype_msg/prototype_msg_s__rosidl_typesupport_introspection_c.cpython-310-x86_64-linux-gnu.so
[3.566s] -- Up-to-date symlink: /home/hansol/project/install/prototype_msg/local/lib/python3.10/dist-packages/prototype_msg/prototype_msg_s__rosidl_typesupport_c.cpython-310-x86_64-linux-gnu.so
[3.566s] -- Symlinking: /home/hansol/project/install/prototype_msg/share/prototype_msg/action/Odometryaction.idl
[3.571s] -- Symlinking: /home/hansol/project/install/prototype_msg/share/prototype_msg/action/Odometryaction.action
[3.576s] -- Up-to-date symlink: /home/hansol/project/install/prototype_msg/share/ament_index/resource_index/package_run_dependencies/prototype_msg
[3.576s] -- Up-to-date symlink: /home/hansol/project/install/prototype_msg/share/ament_index/resource_index/parent_prefix_path/prototype_msg
[3.576s] -- Up-to-date symlink: /home/hansol/project/install/prototype_msg/share/prototype_msg/environment/ament_prefix_path.sh
[3.576s] -- Up-to-date symlink: /home/hansol/project/install/prototype_msg/share/prototype_msg/environment/ament_prefix_path.dsv
[3.576s] -- Up-to-date symlink: /home/hansol/project/install/prototype_msg/share/prototype_msg/environment/path.sh
[3.576s] -- Up-to-date symlink: /home/hansol/project/install/prototype_msg/share/prototype_msg/environment/path.dsv
[3.576s] -- Up-to-date symlink: /home/hansol/project/install/prototype_msg/share/prototype_msg/local_setup.bash
[3.576s] -- Up-to-date symlink: /home/hansol/project/install/prototype_msg/share/prototype_msg/local_setup.sh
[3.576s] -- Up-to-date symlink: /home/hansol/project/install/prototype_msg/share/prototype_msg/local_setup.zsh
[3.577s] -- Up-to-date symlink: /home/hansol/project/install/prototype_msg/share/prototype_msg/local_setup.dsv
[3.577s] -- Symlinking: /home/hansol/project/install/prototype_msg/share/prototype_msg/package.dsv
[3.581s] -- Up-to-date symlink: /home/hansol/project/install/prototype_msg/share/ament_index/resource_index/packages/prototype_msg
[3.581s] -- Up-to-date symlink: /home/hansol/project/install/prototype_msg/share/prototype_msg/cmake/rosidl_cmake-extras.cmake
[3.581s] -- Up-to-date symlink: /home/hansol/project/install/prototype_msg/share/prototype_msg/cmake/ament_cmake_export_dependencies-extras.cmake
[3.581s] -- Up-to-date symlink: /home/hansol/project/install/prototype_msg/share/prototype_msg/cmake/ament_cmake_export_include_directories-extras.cmake
[3.581s] -- Up-to-date symlink: /home/hansol/project/install/prototype_msg/share/prototype_msg/cmake/ament_cmake_export_libraries-extras.cmake
[3.581s] -- Up-to-date symlink: /home/hansol/project/install/prototype_msg/share/prototype_msg/cmake/ament_cmake_export_targets-extras.cmake
[3.581s] -- Up-to-date symlink: /home/hansol/project/install/prototype_msg/share/prototype_msg/cmake/rosidl_cmake_export_typesupport_targets-extras.cmake
[3.581s] -- Up-to-date symlink: /home/hansol/project/install/prototype_msg/share/prototype_msg/cmake/rosidl_cmake_export_typesupport_libraries-extras.cmake
[3.582s] -- Up-to-date symlink: /home/hansol/project/install/prototype_msg/share/prototype_msg/cmake/prototype_msgConfig.cmake
[3.582s] -- Up-to-date symlink: /home/hansol/project/install/prototype_msg/share/prototype_msg/cmake/prototype_msgConfig-version.cmake
[3.582s] -- Up-to-date symlink: /home/hansol/project/install/prototype_msg/share/prototype_msg/package.xml
[3.582s] -- Installing: /home/hansol/project/install/prototype_msg/lib/libprototype_msg__rosidl_generator_c.so
[3.582s] -- Set runtime path of "/home/hansol/project/install/prototype_msg/lib/libprototype_msg__rosidl_generator_c.so" to ""
[3.582s] -- Installing: /home/hansol/project/install/prototype_msg/lib/libprototype_msg__rosidl_typesupport_fastrtps_c.so
[3.582s] -- Set runtime path of "/home/hansol/project/install/prototype_msg/lib/libprototype_msg__rosidl_typesupport_fastrtps_c.so" to ""
[3.582s] -- Installing: /home/hansol/project/install/prototype_msg/lib/libprototype_msg__rosidl_typesupport_introspection_c.so
[3.582s] -- Set runtime path of "/home/hansol/project/install/prototype_msg/lib/libprototype_msg__rosidl_typesupport_introspection_c.so" to ""
[3.582s] -- Installing: /home/hansol/project/install/prototype_msg/lib/libprototype_msg__rosidl_typesupport_c.so
[3.582s] -- Set runtime path of "/home/hansol/project/install/prototype_msg/lib/libprototype_msg__rosidl_typesupport_c.so" to ""
[3.582s] -- Installing: /home/hansol/project/install/prototype_msg/lib/libprototype_msg__rosidl_typesupport_fastrtps_cpp.so
[3.582s] -- Set runtime path of "/home/hansol/project/install/prototype_msg/lib/libprototype_msg__rosidl_typesupport_fastrtps_cpp.so" to ""
[3.583s] -- Installing: /home/hansol/project/install/prototype_msg/lib/libprototype_msg__rosidl_typesupport_introspection_cpp.so
[3.583s] -- Set runtime path of "/home/hansol/project/install/prototype_msg/lib/libprototype_msg__rosidl_typesupport_introspection_cpp.so" to ""
[3.583s] -- Installing: /home/hansol/project/install/prototype_msg/lib/libprototype_msg__rosidl_typesupport_cpp.so
[3.583s] -- Set runtime path of "/home/hansol/project/install/prototype_msg/lib/libprototype_msg__rosidl_typesupport_cpp.so" to ""
[3.607s] Listing '/home/hansol/project/install/prototype_msg/local/lib/python3.10/dist-packages/prototype_msg'...
[3.607s] Compiling '/home/hansol/project/install/prototype_msg/local/lib/python3.10/dist-packages/prototype_msg/__init__.py'...
[3.607s] Listing '/home/hansol/project/install/prototype_msg/local/lib/python3.10/dist-packages/prototype_msg/action'...
[3.607s] Compiling '/home/hansol/project/install/prototype_msg/local/lib/python3.10/dist-packages/prototype_msg/action/__init__.py'...
[3.607s] Compiling '/home/hansol/project/install/prototype_msg/local/lib/python3.10/dist-packages/prototype_msg/action/_odometryaction.py'...
[3.610s] -- Installing: /home/hansol/project/install/prototype_msg/lib/libprototype_msg__rosidl_generator_py.so
[3.610s] -- Set runtime path of "/home/hansol/project/install/prototype_msg/lib/libprototype_msg__rosidl_generator_py.so" to ""
[3.610s] -- Up-to-date: /home/hansol/project/install/prototype_msg/share/prototype_msg/cmake/export_prototype_msg__rosidl_generator_cExport.cmake
[3.610s] -- Up-to-date: /home/hansol/project/install/prototype_msg/share/prototype_msg/cmake/export_prototype_msg__rosidl_generator_cExport-noconfig.cmake
[3.610s] -- Up-to-date: /home/hansol/project/install/prototype_msg/share/prototype_msg/cmake/export_prototype_msg__rosidl_typesupport_fastrtps_cExport.cmake
[3.610s] -- Up-to-date: /home/hansol/project/install/prototype_msg/share/prototype_msg/cmake/export_prototype_msg__rosidl_typesupport_fastrtps_cExport-noconfig.cmake
[3.610s] -- Up-to-date: /home/hansol/project/install/prototype_msg/share/prototype_msg/cmake/prototype_msg__rosidl_typesupport_introspection_cExport.cmake
[3.610s] -- Up-to-date: /home/hansol/project/install/prototype_msg/share/prototype_msg/cmake/prototype_msg__rosidl_typesupport_introspection_cExport-noconfig.cmake
[3.610s] -- Up-to-date: /home/hansol/project/install/prototype_msg/share/prototype_msg/cmake/prototype_msg__rosidl_typesupport_cExport.cmake
[3.611s] -- Up-to-date: /home/hansol/project/install/prototype_msg/share/prototype_msg/cmake/prototype_msg__rosidl_typesupport_cExport-noconfig.cmake
[3.611s] -- Up-to-date: /home/hansol/project/install/prototype_msg/share/prototype_msg/cmake/export_prototype_msg__rosidl_generator_cppExport.cmake
[3.611s] -- Up-to-date: /home/hansol/project/install/prototype_msg/share/prototype_msg/cmake/export_prototype_msg__rosidl_typesupport_fastrtps_cppExport.cmake
[3.611s] -- Up-to-date: /home/hansol/project/install/prototype_msg/share/prototype_msg/cmake/export_prototype_msg__rosidl_typesupport_fastrtps_cppExport-noconfig.cmake
[3.611s] -- Up-to-date: /home/hansol/project/install/prototype_msg/share/prototype_msg/cmake/prototype_msg__rosidl_typesupport_introspection_cppExport.cmake
[3.611s] -- Up-to-date: /home/hansol/project/install/prototype_msg/share/prototype_msg/cmake/prototype_msg__rosidl_typesupport_introspection_cppExport-noconfig.cmake
[3.611s] -- Up-to-date: /home/hansol/project/install/prototype_msg/share/prototype_msg/cmake/prototype_msg__rosidl_typesupport_cppExport.cmake
[3.612s] -- Up-to-date: /home/hansol/project/install/prototype_msg/share/prototype_msg/cmake/prototype_msg__rosidl_typesupport_cppExport-noconfig.cmake
[3.612s] -- Up-to-date: /home/hansol/project/install/prototype_msg/share/prototype_msg/cmake/export_prototype_msg__rosidl_generator_pyExport.cmake
[3.612s] -- Up-to-date: /home/hansol/project/install/prototype_msg/share/prototype_msg/cmake/export_prototype_msg__rosidl_generator_pyExport-noconfig.cmake
[3.612s] Invoked command in '/home/hansol/project/build/prototype_msg' returned '0': CMAKE_PREFIX_PATH=${CMAKE_PREFIX_PATH}:/home/hansol/project/install/prototype_move:/home/hansol/project/install/limo_ros2_application:/opt/ros/humble /usr/bin/cmake --install /home/hansol/project/build/prototype_msg
