[0.009s] Invoking command in '/home/hansol/project/build/limo_description': CMAKE_PREFIX_PATH=/home/hansol/project/install/prototype_move /usr/bin/cmake /home/hansol/project/src/limo_ros2/limo_description -DAMENT_CMAKE_SYMLINK_INSTALL=1 -DCMAKE_INSTALL_PREFIX=/home/hansol/project/install/limo_description
[0.292s] -- The C compiler identification is GNU 11.4.0
[0.292s] -- The CXX compiler identification is GNU 11.4.0
[0.294s] -- Detecting C compiler ABI info
[0.294s] -- Detecting C compiler ABI info - done
[0.294s] -- Check for working C compiler: /usr/bin/cc - skipped
[0.294s] -- Detecting C compile features
[0.295s] -- Detecting C compile features - done
[0.295s] -- Detecting CXX compiler ABI info
[0.295s] -- Detecting CXX compiler ABI info - done
[0.296s] -- Check for working CXX compiler: /usr/bin/c++ - skipped
[0.296s] -- Detecting CXX compile features
[0.296s] -- Detecting CXX compile features - done
[0.297s] -- Configuring incomplete, errors occurred!
[0.297s] See also "/home/hansol/project/build/limo_description/CMakeFiles/CMakeOutput.log".
[0.297s] [31mCMake Error at CMakeLists.txt:19 (find_package):
[0.299s]   By not providing "Findament_cmake.cmake" in CMAKE_MODULE_PATH this project
[0.299s]   has asked CMake to find a package configuration file provided by
[0.300s]   "ament_cmake", but CMake did not find one.
[0.300s] 
[0.301s]   Could not find a package configuration file provided by "ament_cmake" with
[0.301s]   any of the following names:
[0.301s] 
[0.301s]     ament_cmakeConfig.cmake
[0.302s]     ament_cmake-config.cmake
[0.302s] 
[0.302s]   Add the installation prefix of "ament_cmake" to CMAKE_PREFIX_PATH or set
[0.302s]   "ament_cmake_DIR" to a directory containing one of the above files.  If
[0.303s]   "ament_cmake" provides a separate development package or SDK, be sure it
[0.303s]   has been installed.
[0.303s] 
[0.304s] [0m
[0.314s] Invoked command in '/home/hansol/project/build/limo_description' returned '1': CMAKE_PREFIX_PATH=/home/hansol/project/install/prototype_move /usr/bin/cmake /home/hansol/project/src/limo_ros2/limo_description -DAMENT_CMAKE_SYMLINK_INSTALL=1 -DCMAKE_INSTALL_PREFIX=/home/hansol/project/install/limo_description
