[0.043s] Invoking command in '/home/orin/Prototype_Military/prototype_military/build/prototype_motor': CMAKE_PREFIX_PATH=${CMAKE_PREFIX_PATH}:/home/orin/Prototype_Military/install/yolov8_ros:/home/orin/Prototype_Military/install/prototype_move:/opt/ros/humble /usr/bin/cmake --build /home/orin/Prototype_Military/prototype_military/build/prototype_motor -- -j12 -l12
[0.551s] -- Found ament_cmake: 1.3.10 (/opt/ros/humble/share/ament_cmake/cmake)
[0.552s] -- Found rclcpp: 16.0.10 (/opt/ros/humble/share/rclcpp/cmake)
[0.552s] -- Found rosidl_generator_c: 3.1.5 (/opt/ros/humble/share/rosidl_generator_c/cmake)
[0.552s] -- Found rosidl_adapter: 3.1.5 (/opt/ros/humble/share/rosidl_adapter/cmake)
[0.552s] -- Found rosidl_generator_cpp: 3.1.5 (/opt/ros/humble/share/rosidl_generator_cpp/cmake)
[0.552s] -- Using all available rosidl_typesupport_c: rosidl_typesupport_fastrtps_c;rosidl_typesupport_introspection_c
[0.552s] -- Using all available rosidl_typesupport_cpp: rosidl_typesupport_fastrtps_cpp;rosidl_typesupport_introspection_cpp
[0.552s] -- Found rmw_implementation_cmake: 6.1.2 (/opt/ros/humble/share/rmw_implementation_cmake/cmake)
[0.552s] -- Found rmw_fastrtps_cpp: 6.2.7 (/opt/ros/humble/share/rmw_fastrtps_cpp/cmake)
[0.722s] -- Using RMW implementation 'rmw_fastrtps_cpp' as default
[0.815s] -- Found sensor_msgs: 4.2.4 (/opt/ros/humble/share/sensor_msgs/cmake)
[0.877s] -- Found nav_msgs: 4.2.4 (/opt/ros/humble/share/nav_msgs/cmake)
[0.908s] -- Found ament_lint_auto: 0.12.11 (/opt/ros/humble/share/ament_lint_auto/cmake)
[1.059s] -- Added test 'cppcheck' to perform static code analysis on C / C++ code
[1.059s] -- Configured cppcheck include dirs: /home/orin/Prototype_Military/prototype_military/src/prototype_motor/include
[1.060s] -- Configured cppcheck exclude dirs and/or files: 
[1.060s] -- Added test 'lint_cmake' to check CMake code style
[1.061s] -- Added test 'uncrustify' to check C / C++ code style
[1.061s] -- Configured uncrustify additional arguments: 
[1.062s] -- Added test 'xmllint' to check XML markup files
[1.063s] -- Configuring done
[1.085s] -- Generating done
[1.089s] -- Build files have been written to: /home/orin/Prototype_Military/prototype_military/build/prototype_motor
[1.162s] [ 50%] [32mBuilding CXX object CMakeFiles/nurimotor.dir/src/nurimotor_control.cpp.o[0m
[1.580s] [01m[K/home/orin/Prototype_Military/prototype_military/src/prototype_motor/src/nurimotor_control.cpp:5:10:[m[K [01;31m[Kfatal error: [m[Ktf2/LinearMath/Quaternion.h: No such file or directory
[1.580s]     5 | #include [01;31m[K"tf2/LinearMath/Quaternion.h"[m[K
[1.580s]       |          [01;31m[K^~~~~~~~~~~~~~~~~~~~~~~~~~~~~[m[K
[1.581s] compilation terminated.
[1.585s] gmake[2]: *** [CMakeFiles/nurimotor.dir/build.make:76: CMakeFiles/nurimotor.dir/src/nurimotor_control.cpp.o] Error 1
[1.586s] gmake[1]: *** [CMakeFiles/Makefile2:137: CMakeFiles/nurimotor.dir/all] Error 2
[1.587s] gmake: *** [Makefile:146: all] Error 2
[1.597s] Invoked command in '/home/orin/Prototype_Military/prototype_military/build/prototype_motor' returned '2': CMAKE_PREFIX_PATH=${CMAKE_PREFIX_PATH}:/home/orin/Prototype_Military/install/yolov8_ros:/home/orin/Prototype_Military/install/prototype_move:/opt/ros/humble /usr/bin/cmake --build /home/orin/Prototype_Military/prototype_military/build/prototype_motor -- -j12 -l12
