[0.011s] Invoking command in '/home/hansol/project/build/limo_base': AMENT_PREFIX_PATH=/home/hansol/project/install/limo_msgs:${AMENT_PREFIX_PATH} CMAKE_PREFIX_PATH=/home/hansol/project/install/limo_msgs:/opt/ros/humble LD_LIBRARY_PATH=/home/hansol/project/install/limo_msgs/lib:${LD_LIBRARY_PATH} PYTHONPATH=/home/hansol/project/install/limo_msgs/local/lib/python3.10/dist-packages:${PYTHONPATH} /usr/bin/cmake --build /home/hansol/project/build/limo_base -- -j12 -l12
[0.066s] [100%] Built target limo_base
[0.073s] Invoked command in '/home/hansol/project/build/limo_base' returned '0': AMENT_PREFIX_PATH=/home/hansol/project/install/limo_msgs:${AMENT_PREFIX_PATH} CMAKE_PREFIX_PATH=/home/hansol/project/install/limo_msgs:/opt/ros/humble LD_LIBRARY_PATH=/home/hansol/project/install/limo_msgs/lib:${LD_LIBRARY_PATH} PYTHONPATH=/home/hansol/project/install/limo_msgs/local/lib/python3.10/dist-packages:${PYTHONPATH} /usr/bin/cmake --build /home/hansol/project/build/limo_base -- -j12 -l12
[0.095s] Invoking command in '/home/hansol/project/build/limo_base': AMENT_PREFIX_PATH=/home/hansol/project/install/limo_msgs:${AMENT_PREFIX_PATH} CMAKE_PREFIX_PATH=/home/hansol/project/install/limo_msgs:/opt/ros/humble LD_LIBRARY_PATH=/home/hansol/project/install/limo_msgs/lib:${LD_LIBRARY_PATH} PYTHONPATH=/home/hansol/project/install/limo_msgs/local/lib/python3.10/dist-packages:${PYTHONPATH} /usr/bin/cmake --install /home/hansol/project/build/limo_base
[0.101s] -- Install configuration: ""
[0.101s] -- Execute custom install script
[0.102s] -- Up-to-date symlink: /home/hansol/project/install/limo_base/include/limo_base/limo_driver.h
[0.102s] -- Up-to-date symlink: /home/hansol/project/install/limo_base/include/limo_base/limo_driver.h:Zone.Identifier
[0.102s] -- Up-to-date symlink: /home/hansol/project/install/limo_base/include/limo_base/limo_protocol.h
[0.102s] -- Up-to-date symlink: /home/hansol/project/install/limo_base/include/limo_base/limo_protocol.h:Zone.Identifier
[0.102s] -- Up-to-date symlink: /home/hansol/project/install/limo_base/include/limo_base/serial_port.h
[0.102s] -- Up-to-date symlink: /home/hansol/project/install/limo_base/include/limo_base/serial_port.h:Zone.Identifier
[0.102s] -- Up-to-date symlink: /home/hansol/project/install/limo_base/lib/limo_base/limo_base
[0.103s] -- Up-to-date symlink: /home/hansol/project/install/limo_base/share/limo_base//launch/limo_base.launch.py
[0.103s] -- Up-to-date symlink: /home/hansol/project/install/limo_base/share/limo_base//launch/limo_base.launch.py:Zone.Identifier
[0.103s] -- Up-to-date symlink: /home/hansol/project/install/limo_base/share/limo_base//launch/open_ydlidar_launch.py
[0.103s] -- Up-to-date symlink: /home/hansol/project/install/limo_base/share/limo_base//launch/open_ydlidar_launch.py:Zone.Identifier
[0.103s] -- Up-to-date symlink: /home/hansol/project/install/limo_base/share/limo_base//launch/start_limo.launch.py
[0.103s] -- Up-to-date symlink: /home/hansol/project/install/limo_base/share/limo_base//launch/start_limo.launch.py:Zone.Identifier
[0.103s] -- Up-to-date symlink: /home/hansol/project/install/limo_base/share/ament_index/resource_index/package_run_dependencies/limo_base
[0.103s] -- Up-to-date symlink: /home/hansol/project/install/limo_base/share/ament_index/resource_index/parent_prefix_path/limo_base
[0.103s] -- Up-to-date symlink: /home/hansol/project/install/limo_base/share/limo_base/environment/ament_prefix_path.sh
[0.103s] -- Up-to-date symlink: /home/hansol/project/install/limo_base/share/limo_base/environment/ament_prefix_path.dsv
[0.104s] -- Up-to-date symlink: /home/hansol/project/install/limo_base/share/limo_base/environment/path.sh
[0.104s] -- Up-to-date symlink: /home/hansol/project/install/limo_base/share/limo_base/environment/path.dsv
[0.104s] -- Up-to-date symlink: /home/hansol/project/install/limo_base/share/limo_base/local_setup.bash
[0.104s] -- Up-to-date symlink: /home/hansol/project/install/limo_base/share/limo_base/local_setup.sh
[0.104s] -- Up-to-date symlink: /home/hansol/project/install/limo_base/share/limo_base/local_setup.zsh
[0.104s] -- Up-to-date symlink: /home/hansol/project/install/limo_base/share/limo_base/local_setup.dsv
[0.104s] -- Symlinking: /home/hansol/project/install/limo_base/share/limo_base/package.dsv
[0.111s] -- Up-to-date symlink: /home/hansol/project/install/limo_base/share/ament_index/resource_index/packages/limo_base
[0.111s] -- Up-to-date symlink: /home/hansol/project/install/limo_base/share/limo_base/cmake/ament_cmake_export_include_directories-extras.cmake
[0.111s] -- Up-to-date symlink: /home/hansol/project/install/limo_base/share/limo_base/cmake/limo_baseConfig.cmake
[0.112s] -- Up-to-date symlink: /home/hansol/project/install/limo_base/share/limo_base/cmake/limo_baseConfig-version.cmake
[0.112s] -- Up-to-date symlink: /home/hansol/project/install/limo_base/share/limo_base/package.xml
[0.114s] Invoked command in '/home/hansol/project/build/limo_base' returned '0': AMENT_PREFIX_PATH=/home/hansol/project/install/limo_msgs:${AMENT_PREFIX_PATH} CMAKE_PREFIX_PATH=/home/hansol/project/install/limo_msgs:/opt/ros/humble LD_LIBRARY_PATH=/home/hansol/project/install/limo_msgs/lib:${LD_LIBRARY_PATH} PYTHONPATH=/home/hansol/project/install/limo_msgs/local/lib/python3.10/dist-packages:${PYTHONPATH} /usr/bin/cmake --install /home/hansol/project/build/limo_base
