[0.395s] Invoking command in '/home/hansol/prototype_military/build/prototype_move': PYTHONPATH=/home/hansol/prototype_military/build/prototype_move/prefix_override:/usr/lib/python3/dist-packages/colcon_core/task/python/colcon_distutils_commands:/home/hansol/prototype_military/install/prototype_move/lib/python3.10/site-packages:${PYTHONPATH} /usr/bin/python3 -W ignore:setup.py install is deprecated setup.py develop --editable --build-directory /home/hansol/prototype_military/build/prototype_move/build --no-deps symlink_data --force
[0.558s] running develop
[0.654s] running egg_info
[0.654s] writing prototype_move.egg-info/PKG-INFO
[0.654s] writing dependency_links to prototype_move.egg-info/dependency_links.txt
[0.654s] writing entry points to prototype_move.egg-info/entry_points.txt
[0.655s] writing requirements to prototype_move.egg-info/requires.txt
[0.655s] writing top-level names to prototype_move.egg-info/top_level.txt
[0.655s] reading manifest file 'prototype_move.egg-info/SOURCES.txt'
[0.656s] writing manifest file 'prototype_move.egg-info/SOURCES.txt'
[0.657s] running build_ext
[0.657s] Creating /home/hansol/prototype_military/install/prototype_move/lib/python3.10/site-packages/prototype-move.egg-link (link to .)
[0.657s] Installing teleop_keyboard script to /home/hansol/prototype_military/install/prototype_move/lib/prototype_move
[0.657s] 
[0.657s] Installed /home/hansol/prototype_military/build/prototype_move
[0.657s] running symlink_data
[0.658s] symbolically linking /home/hansol/prototype_military/build/prototype_move/resource/prototype_move -> /home/hansol/prototype_military/install/prototype_move/share/ament_index/resource_index/packages
[0.658s] symbolically linking /home/hansol/prototype_military/build/prototype_move/package.xml -> /home/hansol/prototype_military/install/prototype_move/share/prototype_move
[0.658s] symbolically linking /home/hansol/prototype_military/build/prototype_move/package.xml -> /home/hansol/prototype_military/install/prototype_move/share/prototype_move
[0.658s] symbolically linking /home/hansol/prototype_military/build/prototype_move/launch/prototype_move_launch.py -> /home/hansol/prototype_military/install/prototype_move/share/prototype_move/launch
[0.679s] Invoked command in '/home/hansol/prototype_military/build/prototype_move' returned '0': PYTHONPATH=/home/hansol/prototype_military/build/prototype_move/prefix_override:/usr/lib/python3/dist-packages/colcon_core/task/python/colcon_distutils_commands:/home/hansol/prototype_military/install/prototype_move/lib/python3.10/site-packages:${PYTHONPATH} /usr/bin/python3 -W ignore:setup.py install is deprecated setup.py develop --editable --build-directory /home/hansol/prototype_military/build/prototype_move/build --no-deps symlink_data --force
