[0.724s] Invoking command in '/home/hansol/project/build/limo_ros2_application': PYTHONPATH=/home/hansol/project/build/limo_ros2_application/prefix_override:/home/hansol/project/install/limo_ros2_application/lib/python3.10/site-packages:${PYTHONPATH} /usr/bin/python3 -W ignore:setup.py install is deprecated setup.py develop --editable --build-directory /home/hansol/project/build/limo_ros2_application/build --no-deps symlink_data
[0.897s] running develop
[0.997s] running egg_info
[0.998s] writing limo_ros2_application.egg-info/PKG-INFO
[0.998s] writing dependency_links to limo_ros2_application.egg-info/dependency_links.txt
[0.998s] writing entry points to limo_ros2_application.egg-info/entry_points.txt
[0.998s] writing requirements to limo_ros2_application.egg-info/requires.txt
[0.998s] writing top-level names to limo_ros2_application.egg-info/top_level.txt
[0.999s] reading manifest file 'limo_ros2_application.egg-info/SOURCES.txt'
[1.000s] writing manifest file 'limo_ros2_application.egg-info/SOURCES.txt'
[1.001s] running build_ext
[1.001s] Creating /home/hansol/project/install/limo_ros2_application/lib/python3.10/site-packages/limo-ros2-application.egg-link (link to .)
[1.001s] Installing detect_line script to /home/hansol/project/install/limo_ros2_application/lib/limo_ros2_application
[1.001s] Installing limo_control script to /home/hansol/project/install/limo_ros2_application/lib/limo_ros2_application
[1.001s] Installing limo_e_stop script to /home/hansol/project/install/limo_ros2_application/lib/limo_ros2_application
[1.001s] Installing move_limo script to /home/hansol/project/install/limo_ros2_application/lib/limo_ros2_application
[1.002s] 
[1.002s] Installed /home/hansol/project/build/limo_ros2_application
[1.002s] running symlink_data
[1.022s] Invoked command in '/home/hansol/project/build/limo_ros2_application' returned '0': PYTHONPATH=/home/hansol/project/build/limo_ros2_application/prefix_override:/home/hansol/project/install/limo_ros2_application/lib/python3.10/site-packages:${PYTHONPATH} /usr/bin/python3 -W ignore:setup.py install is deprecated setup.py develop --editable --build-directory /home/hansol/project/build/limo_ros2_application/build --no-deps symlink_data
