[0.433s] DEBUG:colcon:Command line arguments: ['/usr/bin/colcon', 'build']
[0.434s] DEBUG:colcon:Parsed command line arguments: Namespace(log_base=None, log_level=None, verb_name='build', build_base='build', install_base='install', merge_install=False, symlink_install=False, test_result_base=None, continue_on_error=False, executor='parallel', parallel_workers=4, event_handlers=None, ignore_user_meta=False, metas=['./colcon.meta'], base_paths=['.'], packages_ignore=None, packages_ignore_regex=None, paths=None, packages_up_to=None, packages_up_to_regex=None, packages_above=None, packages_above_and_dependencies=None, packages_above_depth=None, packages_select_by_dep=None, packages_skip_by_dep=None, packages_skip_up_to=None, packages_select_build_failed=False, packages_skip_build_finished=False, packages_select_test_failures=False, packages_skip_test_passed=False, packages_select=None, packages_skip=None, packages_select_regex=None, packages_skip_regex=None, packages_start=None, packages_end=None, allow_overriding=[], cmake_args=None, cmake_target=None, cmake_target_skip_unavailable=False, cmake_clean_cache=False, cmake_clean_first=False, cmake_force_configure=False, ament_cmake_args=None, catkin_cmake_args=None, catkin_skip_building_tests=False, mixin_files=None, mixin=None, verb_parser=<colcon_mixin.mixin.mixin_argument.MixinArgumentDecorator object at 0xffffa8024400>, verb_extension=<colcon_core.verb.build.BuildVerb object at 0xffffa8170ac0>, main=<bound method BuildVerb.main of <colcon_core.verb.build.BuildVerb object at 0xffffa8170ac0>>, mixin_verb=('build',))
[1.066s] Level 1:colcon.colcon_core.package_discovery:discover_packages(colcon_meta) check parameters
[1.067s] Level 1:colcon.colcon_core.package_discovery:discover_packages(recursive) check parameters
[1.067s] Level 1:colcon.colcon_core.package_discovery:discover_packages(ignore) check parameters
[1.067s] Level 1:colcon.colcon_core.package_discovery:discover_packages(path) check parameters
[1.067s] Level 1:colcon.colcon_core.package_discovery:discover_packages(colcon_meta) discover
[1.067s] Level 1:colcon.colcon_core.package_discovery:discover_packages(recursive) discover
[1.068s] INFO:colcon.colcon_core.package_discovery:Crawling recursively for packages in '/home/pi/Prototype_Military/prototype_military'
[1.068s] Level 1:colcon.colcon_core.package_identification:_identify(.) by extensions ['ignore', 'ignore_ament_install']
[1.068s] Level 1:colcon.colcon_core.package_identification:_identify(.) by extension 'ignore'
[1.068s] Level 1:colcon.colcon_core.package_identification:_identify(.) by extension 'ignore_ament_install'
[1.069s] Level 1:colcon.colcon_core.package_identification:_identify(.) by extensions ['colcon_pkg']
[1.069s] Level 1:colcon.colcon_core.package_identification:_identify(.) by extension 'colcon_pkg'
[1.069s] Level 1:colcon.colcon_core.package_identification:_identify(.) by extensions ['colcon_meta']
[1.069s] Level 1:colcon.colcon_core.package_identification:_identify(.) by extension 'colcon_meta'
[1.069s] Level 1:colcon.colcon_core.package_identification:_identify(.) by extensions ['ros']
[1.069s] Level 1:colcon.colcon_core.package_identification:_identify(.) by extension 'ros'
[1.116s] Level 1:colcon.colcon_core.package_identification:_identify(.) by extensions ['cmake', 'python']
[1.116s] Level 1:colcon.colcon_core.package_identification:_identify(.) by extension 'cmake'
[1.117s] Level 1:colcon.colcon_core.package_identification:_identify(.) by extension 'python'
[1.117s] Level 1:colcon.colcon_core.package_identification:_identify(.) by extensions ['python_setup_py']
[1.117s] Level 1:colcon.colcon_core.package_identification:_identify(.) by extension 'python_setup_py'
[1.117s] Level 1:colcon.colcon_core.package_identification:_identify(build) by extensions ['ignore', 'ignore_ament_install']
[1.118s] Level 1:colcon.colcon_core.package_identification:_identify(build) by extension 'ignore'
[1.118s] Level 1:colcon.colcon_core.package_identification:_identify(build) ignored
[1.118s] Level 1:colcon.colcon_core.package_identification:_identify(install) by extensions ['ignore', 'ignore_ament_install']
[1.119s] Level 1:colcon.colcon_core.package_identification:_identify(install) by extension 'ignore'
[1.119s] Level 1:colcon.colcon_core.package_identification:_identify(install) ignored
[1.119s] Level 1:colcon.colcon_core.package_identification:_identify(log) by extensions ['ignore', 'ignore_ament_install']
[1.120s] Level 1:colcon.colcon_core.package_identification:_identify(log) by extension 'ignore'
[1.120s] Level 1:colcon.colcon_core.package_identification:_identify(log) ignored
[1.120s] Level 1:colcon.colcon_core.package_identification:_identify(src) by extensions ['ignore', 'ignore_ament_install']
[1.120s] Level 1:colcon.colcon_core.package_identification:_identify(src) by extension 'ignore'
[1.121s] Level 1:colcon.colcon_core.package_identification:_identify(src) by extension 'ignore_ament_install'
[1.121s] Level 1:colcon.colcon_core.package_identification:_identify(src) by extensions ['colcon_pkg']
[1.121s] Level 1:colcon.colcon_core.package_identification:_identify(src) by extension 'colcon_pkg'
[1.121s] Level 1:colcon.colcon_core.package_identification:_identify(src) by extensions ['colcon_meta']
[1.121s] Level 1:colcon.colcon_core.package_identification:_identify(src) by extension 'colcon_meta'
[1.121s] Level 1:colcon.colcon_core.package_identification:_identify(src) by extensions ['ros']
[1.121s] Level 1:colcon.colcon_core.package_identification:_identify(src) by extension 'ros'
[1.122s] Level 1:colcon.colcon_core.package_identification:_identify(src) by extensions ['cmake', 'python']
[1.122s] Level 1:colcon.colcon_core.package_identification:_identify(src) by extension 'cmake'
[1.122s] Level 1:colcon.colcon_core.package_identification:_identify(src) by extension 'python'
[1.122s] Level 1:colcon.colcon_core.package_identification:_identify(src) by extensions ['python_setup_py']
[1.122s] Level 1:colcon.colcon_core.package_identification:_identify(src) by extension 'python_setup_py'
[1.123s] Level 1:colcon.colcon_core.package_identification:_identify(src/prototype_motor) by extensions ['ignore', 'ignore_ament_install']
[1.123s] Level 1:colcon.colcon_core.package_identification:_identify(src/prototype_motor) by extension 'ignore'
[1.123s] Level 1:colcon.colcon_core.package_identification:_identify(src/prototype_motor) by extension 'ignore_ament_install'
[1.123s] Level 1:colcon.colcon_core.package_identification:_identify(src/prototype_motor) by extensions ['colcon_pkg']
[1.124s] Level 1:colcon.colcon_core.package_identification:_identify(src/prototype_motor) by extension 'colcon_pkg'
[1.124s] Level 1:colcon.colcon_core.package_identification:_identify(src/prototype_motor) by extensions ['colcon_meta']
[1.124s] Level 1:colcon.colcon_core.package_identification:_identify(src/prototype_motor) by extension 'colcon_meta'
[1.124s] Level 1:colcon.colcon_core.package_identification:_identify(src/prototype_motor) by extensions ['ros']
[1.124s] Level 1:colcon.colcon_core.package_identification:_identify(src/prototype_motor) by extension 'ros'
[1.133s] DEBUG:colcon.colcon_core.package_identification:Package 'src/prototype_motor' with type 'ros.ament_cmake' and name 'prototype_motor'
[1.133s] Level 1:colcon.colcon_core.package_identification:_identify(src/prototype_move) by extensions ['ignore', 'ignore_ament_install']
[1.134s] Level 1:colcon.colcon_core.package_identification:_identify(src/prototype_move) by extension 'ignore'
[1.134s] Level 1:colcon.colcon_core.package_identification:_identify(src/prototype_move) by extension 'ignore_ament_install'
[1.134s] Level 1:colcon.colcon_core.package_identification:_identify(src/prototype_move) by extensions ['colcon_pkg']
[1.134s] Level 1:colcon.colcon_core.package_identification:_identify(src/prototype_move) by extension 'colcon_pkg'
[1.134s] Level 1:colcon.colcon_core.package_identification:_identify(src/prototype_move) by extensions ['colcon_meta']
[1.135s] Level 1:colcon.colcon_core.package_identification:_identify(src/prototype_move) by extension 'colcon_meta'
[1.135s] Level 1:colcon.colcon_core.package_identification:_identify(src/prototype_move) by extensions ['ros']
[1.135s] Level 1:colcon.colcon_core.package_identification:_identify(src/prototype_move) by extension 'ros'
[1.137s] DEBUG:colcon.colcon_core.package_identification:Package 'src/prototype_move' with type 'ros.ament_python' and name 'prototype_move'
[1.137s] Level 1:colcon.colcon_core.package_discovery:discover_packages(recursive) using defaults
[1.138s] Level 1:colcon.colcon_core.package_discovery:discover_packages(ignore) discover
[1.138s] Level 1:colcon.colcon_core.package_discovery:discover_packages(ignore) using defaults
[1.138s] Level 1:colcon.colcon_core.package_discovery:discover_packages(path) discover
[1.138s] Level 1:colcon.colcon_core.package_discovery:discover_packages(path) using defaults
[1.215s] Level 1:colcon.colcon_core.package_discovery:discover_packages(prefix_path) check parameters
[1.215s] Level 1:colcon.colcon_core.package_discovery:discover_packages(prefix_path) discover
[1.226s] DEBUG:colcon.colcon_installed_package_information.package_discovery:Found 180 installed packages in /opt/ros/humble
[1.230s] Level 1:colcon.colcon_core.package_discovery:discover_packages(prefix_path) using defaults
[1.335s] Level 5:colcon.colcon_core.verb:set package 'prototype_motor' build argument 'cmake_args' from command line to 'None'
[1.335s] Level 5:colcon.colcon_core.verb:set package 'prototype_motor' build argument 'cmake_target' from command line to 'None'
[1.335s] Level 5:colcon.colcon_core.verb:set package 'prototype_motor' build argument 'cmake_target_skip_unavailable' from command line to 'False'
[1.335s] Level 5:colcon.colcon_core.verb:set package 'prototype_motor' build argument 'cmake_clean_cache' from command line to 'False'
[1.335s] Level 5:colcon.colcon_core.verb:set package 'prototype_motor' build argument 'cmake_clean_first' from command line to 'False'
[1.335s] Level 5:colcon.colcon_core.verb:set package 'prototype_motor' build argument 'cmake_force_configure' from command line to 'False'
[1.335s] Level 5:colcon.colcon_core.verb:set package 'prototype_motor' build argument 'ament_cmake_args' from command line to 'None'
[1.335s] Level 5:colcon.colcon_core.verb:set package 'prototype_motor' build argument 'catkin_cmake_args' from command line to 'None'
[1.336s] Level 5:colcon.colcon_core.verb:set package 'prototype_motor' build argument 'catkin_skip_building_tests' from command line to 'False'
[1.336s] DEBUG:colcon.colcon_core.verb:Building package 'prototype_motor' with the following arguments: {'ament_cmake_args': None, 'build_base': '/home/pi/Prototype_Military/prototype_military/build/prototype_motor', 'catkin_cmake_args': None, 'catkin_skip_building_tests': False, 'cmake_args': None, 'cmake_clean_cache': False, 'cmake_clean_first': False, 'cmake_force_configure': False, 'cmake_target': None, 'cmake_target_skip_unavailable': False, 'install_base': '/home/pi/Prototype_Military/prototype_military/install/prototype_motor', 'merge_install': False, 'path': '/home/pi/Prototype_Military/prototype_military/src/prototype_motor', 'symlink_install': False, 'test_result_base': None}
[1.337s] Level 5:colcon.colcon_core.verb:set package 'prototype_move' build argument 'cmake_args' from command line to 'None'
[1.337s] Level 5:colcon.colcon_core.verb:set package 'prototype_move' build argument 'cmake_target' from command line to 'None'
[1.337s] Level 5:colcon.colcon_core.verb:set package 'prototype_move' build argument 'cmake_target_skip_unavailable' from command line to 'False'
[1.337s] Level 5:colcon.colcon_core.verb:set package 'prototype_move' build argument 'cmake_clean_cache' from command line to 'False'
[1.338s] Level 5:colcon.colcon_core.verb:set package 'prototype_move' build argument 'cmake_clean_first' from command line to 'False'
[1.338s] Level 5:colcon.colcon_core.verb:set package 'prototype_move' build argument 'cmake_force_configure' from command line to 'False'
[1.338s] Level 5:colcon.colcon_core.verb:set package 'prototype_move' build argument 'ament_cmake_args' from command line to 'None'
[1.338s] Level 5:colcon.colcon_core.verb:set package 'prototype_move' build argument 'catkin_cmake_args' from command line to 'None'
[1.338s] Level 5:colcon.colcon_core.verb:set package 'prototype_move' build argument 'catkin_skip_building_tests' from command line to 'False'
[1.338s] DEBUG:colcon.colcon_core.verb:Building package 'prototype_move' with the following arguments: {'ament_cmake_args': None, 'build_base': '/home/pi/Prototype_Military/prototype_military/build/prototype_move', 'catkin_cmake_args': None, 'catkin_skip_building_tests': False, 'cmake_args': None, 'cmake_clean_cache': False, 'cmake_clean_first': False, 'cmake_force_configure': False, 'cmake_target': None, 'cmake_target_skip_unavailable': False, 'install_base': '/home/pi/Prototype_Military/prototype_military/install/prototype_move', 'merge_install': False, 'path': '/home/pi/Prototype_Military/prototype_military/src/prototype_move', 'symlink_install': False, 'test_result_base': None}
[1.339s] INFO:colcon.colcon_core.executor:Executing jobs using 'parallel' executor
[1.342s] DEBUG:colcon.colcon_parallel_executor.executor.parallel:run_until_complete
[1.343s] INFO:colcon.colcon_ros.task.ament_cmake.build:Building ROS package in '/home/pi/Prototype_Military/prototype_military/src/prototype_motor' with build type 'ament_cmake'
[1.343s] INFO:colcon.colcon_cmake.task.cmake.build:Building CMake package in '/home/pi/Prototype_Military/prototype_military/src/prototype_motor'
[1.351s] INFO:colcon.colcon_core.plugin_system:Skipping extension 'colcon_core.shell.bat': Not used on non-Windows systems
[1.352s] INFO:colcon.colcon_core.shell:Skip shell extension 'powershell' for command environment: Not usable outside of PowerShell
[1.352s] DEBUG:colcon.colcon_core.shell:Skip shell extension 'dsv' for command environment
[1.365s] INFO:colcon.colcon_ros.task.ament_python.build:Building ROS package in '/home/pi/Prototype_Military/prototype_military/src/prototype_move' with build type 'ament_python'
[1.366s] Level 1:colcon.colcon_core.shell:create_environment_hook('prototype_move', 'ament_prefix_path')
[1.367s] INFO:colcon.colcon_core.shell:Creating environment hook '/home/pi/Prototype_Military/prototype_military/install/prototype_move/share/prototype_move/hook/ament_prefix_path.ps1'
[1.370s] INFO:colcon.colcon_core.shell:Creating environment descriptor '/home/pi/Prototype_Military/prototype_military/install/prototype_move/share/prototype_move/hook/ament_prefix_path.dsv'
[1.372s] INFO:colcon.colcon_core.shell:Creating environment hook '/home/pi/Prototype_Military/prototype_military/install/prototype_move/share/prototype_move/hook/ament_prefix_path.sh'
[1.375s] INFO:colcon.colcon_core.shell:Skip shell extension 'powershell' for command environment: Not usable outside of PowerShell
[1.375s] DEBUG:colcon.colcon_core.shell:Skip shell extension 'dsv' for command environment
[1.400s] DEBUG:colcon.colcon_core.event_handler.log_command:Invoking command in '/home/pi/Prototype_Military/prototype_military/build/prototype_motor': CMAKE_PREFIX_PATH=/opt/ros/humble /usr/bin/cmake /home/pi/Prototype_Military/prototype_military/src/prototype_motor -DCMAKE_INSTALL_PREFIX=/home/pi/Prototype_Military/prototype_military/install/prototype_motor
[2.647s] INFO:colcon.colcon_core.task.python.build:Building Python package in '/home/pi/Prototype_Military/prototype_military/src/prototype_move'
[2.648s] INFO:colcon.colcon_core.shell:Skip shell extension 'powershell' for command environment: Not usable outside of PowerShell
[2.649s] DEBUG:colcon.colcon_core.shell:Skip shell extension 'dsv' for command environment
[4.500s] DEBUG:colcon.colcon_core.event_handler.log_command:Invoking command in '/home/pi/Prototype_Military/prototype_military/src/prototype_move': PYTHONPATH=/home/pi/Prototype_Military/prototype_military/build/prototype_move/prefix_override:/usr/lib/python3/dist-packages/colcon_core/task/python/colcon_distutils_commands:/home/pi/Prototype_Military/prototype_military/install/prototype_move/lib/python3.10/site-packages:${PYTHONPATH} /usr/bin/python3 -W ignore:setup.py install is deprecated setup.py egg_info --egg-base ../../build/prototype_move build --build-base /home/pi/Prototype_Military/prototype_military/build/prototype_move/build install --record /home/pi/Prototype_Military/prototype_military/build/prototype_move/install.log --single-version-externally-managed install_data
[5.917s] DEBUG:colcon.colcon_core.event_handler.log_command:Invoked command in '/home/pi/Prototype_Military/prototype_military/src/prototype_move' returned '0': PYTHONPATH=/home/pi/Prototype_Military/prototype_military/build/prototype_move/prefix_override:/usr/lib/python3/dist-packages/colcon_core/task/python/colcon_distutils_commands:/home/pi/Prototype_Military/prototype_military/install/prototype_move/lib/python3.10/site-packages:${PYTHONPATH} /usr/bin/python3 -W ignore:setup.py install is deprecated setup.py egg_info --egg-base ../../build/prototype_move build --build-base /home/pi/Prototype_Military/prototype_military/build/prototype_move/build install --record /home/pi/Prototype_Military/prototype_military/build/prototype_move/install.log --single-version-externally-managed install_data
[5.929s] Level 1:colcon.colcon_core.environment:checking '/home/pi/Prototype_Military/prototype_military/install/prototype_move' for CMake module files
[5.932s] Level 1:colcon.colcon_core.environment:checking '/home/pi/Prototype_Military/prototype_military/install/prototype_move' for CMake config files
[5.936s] Level 1:colcon.colcon_core.environment:checking '/home/pi/Prototype_Military/prototype_military/install/prototype_move/lib'
[5.937s] Level 1:colcon.colcon_core.environment:checking '/home/pi/Prototype_Military/prototype_military/install/prototype_move/bin'
[5.937s] Level 1:colcon.colcon_core.environment:checking '/home/pi/Prototype_Military/prototype_military/install/prototype_move/lib/pkgconfig/prototype_move.pc'
[5.938s] Level 1:colcon.colcon_core.environment:checking '/home/pi/Prototype_Military/prototype_military/install/prototype_move/lib/python3.10/site-packages'
[5.939s] Level 1:colcon.colcon_core.shell:create_environment_hook('prototype_move', 'pythonpath')
[5.940s] INFO:colcon.colcon_core.shell:Creating environment hook '/home/pi/Prototype_Military/prototype_military/install/prototype_move/share/prototype_move/hook/pythonpath.ps1'
[5.942s] INFO:colcon.colcon_core.shell:Creating environment descriptor '/home/pi/Prototype_Military/prototype_military/install/prototype_move/share/prototype_move/hook/pythonpath.dsv'
[5.943s] INFO:colcon.colcon_core.shell:Creating environment hook '/home/pi/Prototype_Military/prototype_military/install/prototype_move/share/prototype_move/hook/pythonpath.sh'
[5.945s] Level 1:colcon.colcon_core.environment:checking '/home/pi/Prototype_Military/prototype_military/install/prototype_move/bin'
[5.946s] Level 1:colcon.colcon_core.environment:create_environment_scripts_only(prototype_move)
[5.947s] INFO:colcon.colcon_core.shell:Creating package script '/home/pi/Prototype_Military/prototype_military/install/prototype_move/share/prototype_move/package.ps1'
[5.950s] INFO:colcon.colcon_core.shell:Creating package descriptor '/home/pi/Prototype_Military/prototype_military/install/prototype_move/share/prototype_move/package.dsv'
[5.952s] INFO:colcon.colcon_core.shell:Creating package script '/home/pi/Prototype_Military/prototype_military/install/prototype_move/share/prototype_move/package.sh'
[5.956s] INFO:colcon.colcon_core.shell:Creating package script '/home/pi/Prototype_Military/prototype_military/install/prototype_move/share/prototype_move/package.bash'
[5.960s] INFO:colcon.colcon_core.shell:Creating package script '/home/pi/Prototype_Military/prototype_military/install/prototype_move/share/prototype_move/package.zsh'
[5.963s] Level 1:colcon.colcon_core.environment:create_file_with_runtime_dependencies(/home/pi/Prototype_Military/prototype_military/install/prototype_move/share/colcon-core/packages/prototype_move)
[9.358s] DEBUG:colcon.colcon_core.event_handler.log_command:Invoked command in '/home/pi/Prototype_Military/prototype_military/build/prototype_motor' returned '0': CMAKE_PREFIX_PATH=/opt/ros/humble /usr/bin/cmake /home/pi/Prototype_Military/prototype_military/src/prototype_motor -DCMAKE_INSTALL_PREFIX=/home/pi/Prototype_Military/prototype_military/install/prototype_motor
[9.369s] DEBUG:colcon.colcon_core.event_handler.log_command:Invoking command in '/home/pi/Prototype_Military/prototype_military/build/prototype_motor': CMAKE_PREFIX_PATH=/opt/ros/humble /usr/bin/cmake --build /home/pi/Prototype_Military/prototype_military/build/prototype_motor -- -j4 -l4
[11.932s] DEBUG:colcon.colcon_core.event_handler.log_command:Invoked command in '/home/pi/Prototype_Military/prototype_military/build/prototype_motor' returned '2': CMAKE_PREFIX_PATH=/opt/ros/humble /usr/bin/cmake --build /home/pi/Prototype_Military/prototype_military/build/prototype_motor -- -j4 -l4
[12.050s] Level 1:colcon.colcon_core.environment:create_environment_scripts_only(prototype_motor)
[12.051s] Level 1:colcon.colcon_core.environment:checking '/home/pi/Prototype_Military/prototype_military/install/prototype_motor' for CMake module files
[12.053s] Level 1:colcon.colcon_core.environment:checking '/home/pi/Prototype_Military/prototype_military/install/prototype_motor' for CMake config files
[12.054s] Level 1:colcon.colcon_core.environment:checking '/home/pi/Prototype_Military/prototype_military/install/prototype_motor/bin'
[12.054s] Level 1:colcon.colcon_core.environment:checking '/home/pi/Prototype_Military/prototype_military/install/prototype_motor/lib/pkgconfig/prototype_motor.pc'
[12.055s] Level 1:colcon.colcon_core.environment:checking '/home/pi/Prototype_Military/prototype_military/install/prototype_motor/lib/python3.10/site-packages'
[12.056s] Level 1:colcon.colcon_core.environment:checking '/home/pi/Prototype_Military/prototype_military/install/prototype_motor/bin'
[12.058s] INFO:colcon.colcon_core.shell:Creating package script '/home/pi/Prototype_Military/prototype_military/install/prototype_motor/share/prototype_motor/package.ps1'
[12.060s] INFO:colcon.colcon_core.shell:Creating package descriptor '/home/pi/Prototype_Military/prototype_military/install/prototype_motor/share/prototype_motor/package.dsv'
[12.062s] INFO:colcon.colcon_core.shell:Creating package script '/home/pi/Prototype_Military/prototype_military/install/prototype_motor/share/prototype_motor/package.sh'
[12.064s] INFO:colcon.colcon_core.shell:Creating package script '/home/pi/Prototype_Military/prototype_military/install/prototype_motor/share/prototype_motor/package.bash'
[12.066s] INFO:colcon.colcon_core.shell:Creating package script '/home/pi/Prototype_Military/prototype_military/install/prototype_motor/share/prototype_motor/package.zsh'
[12.068s] Level 1:colcon.colcon_core.environment:create_file_with_runtime_dependencies(/home/pi/Prototype_Military/prototype_military/install/prototype_motor/share/colcon-core/packages/prototype_motor)
[12.080s] DEBUG:colcon.colcon_parallel_executor.executor.parallel:closing loop
[12.080s] DEBUG:colcon.colcon_parallel_executor.executor.parallel:loop closed
[12.081s] DEBUG:colcon.colcon_parallel_executor.executor.parallel:run_until_complete finished with '2'
[12.081s] DEBUG:colcon.colcon_core.event_reactor:joining thread
[12.105s] INFO:colcon.colcon_core.plugin_system:Skipping extension 'colcon_notification.desktop_notification.notify_send': Could not find 'notify-send'
[12.106s] INFO:colcon.colcon_core.plugin_system:Skipping extension 'colcon_notification.desktop_notification.terminal_notifier': Not used on non-Darwin systems
[12.106s] INFO:colcon.colcon_core.plugin_system:Skipping extension 'colcon_notification.desktop_notification.win32': Not used on non-Windows systems
[12.106s] INFO:colcon.colcon_notification.desktop_notification:Sending desktop notification using 'notify2'
[12.109s] DEBUG:colcon.colcon_notification.desktop_notification.notify2:Failed to initialize notify2: org.freedesktop.DBus.Error.ServiceUnknown: The name org.freedesktop.Notifications was not provided by any .service files
[12.109s] DEBUG:colcon.colcon_core.event_reactor:joined thread
[12.110s] INFO:colcon.colcon_core.shell:Creating prefix script '/home/pi/Prototype_Military/prototype_military/install/local_setup.ps1'
[12.113s] INFO:colcon.colcon_core.shell:Creating prefix util module '/home/pi/Prototype_Military/prototype_military/install/_local_setup_util_ps1.py'
[12.119s] INFO:colcon.colcon_core.shell:Creating prefix chain script '/home/pi/Prototype_Military/prototype_military/install/setup.ps1'
[12.124s] INFO:colcon.colcon_core.shell:Creating prefix script '/home/pi/Prototype_Military/prototype_military/install/local_setup.sh'
[12.127s] INFO:colcon.colcon_core.shell:Creating prefix util module '/home/pi/Prototype_Military/prototype_military/install/_local_setup_util_sh.py'
[12.129s] INFO:colcon.colcon_core.shell:Creating prefix chain script '/home/pi/Prototype_Military/prototype_military/install/setup.sh'
[12.133s] INFO:colcon.colcon_core.shell:Creating prefix script '/home/pi/Prototype_Military/prototype_military/install/local_setup.bash'
[12.134s] INFO:colcon.colcon_core.shell:Creating prefix chain script '/home/pi/Prototype_Military/prototype_military/install/setup.bash'
[12.138s] INFO:colcon.colcon_core.shell:Creating prefix script '/home/pi/Prototype_Military/prototype_military/install/local_setup.zsh'
[12.140s] INFO:colcon.colcon_core.shell:Creating prefix chain script '/home/pi/Prototype_Military/prototype_military/install/setup.zsh'
