[0.032s] Invoking command in '/home/orin/Prototype_Military/build/prototype_motor': CMAKE_PREFIX_PATH=/opt/ros/humble /usr/bin/cmake /home/orin/Prototype_Military/prototype_military/src/prototype_motor -DCMAKE_INSTALL_PREFIX=/home/orin/Prototype_Military/install/prototype_motor
[0.501s] -- The C compiler identification is GNU 11.4.0
[0.501s] -- The CXX compiler identification is GNU 11.4.0
[0.501s] -- Detecting C compiler ABI info
[0.503s] -- Detecting C compiler ABI info - done
[0.503s] -- Check for working C compiler: /usr/bin/cc - skipped
[0.504s] -- Detecting C compile features
[0.504s] -- Detecting C compile features - done
[0.504s] -- Detecting CXX compiler ABI info
[0.505s] -- Detecting CXX compiler ABI info - done
[0.510s] -- Check for working CXX compiler: /usr/bin/c++ - skipped
[0.510s] -- Detecting CXX compile features
[0.511s] -- Detecting CXX compile features - done
[0.515s] -- Found ament_cmake: 1.3.10 (/opt/ros/humble/share/ament_cmake/cmake)
[1.272s] -- Found Python3: /usr/bin/python3 (found version "3.10.12") found components: Interpreter 
[1.428s] -- Found rclcpp: 16.0.10 (/opt/ros/humble/share/rclcpp/cmake)
[1.492s] -- Found rosidl_generator_c: 3.1.5 (/opt/ros/humble/share/rosidl_generator_c/cmake)
[1.500s] -- Found rosidl_adapter: 3.1.5 (/opt/ros/humble/share/rosidl_adapter/cmake)
[1.513s] -- Found rosidl_generator_cpp: 3.1.5 (/opt/ros/humble/share/rosidl_generator_cpp/cmake)
[1.533s] -- Using all available rosidl_typesupport_c: rosidl_typesupport_fastrtps_c;rosidl_typesupport_introspection_c
[1.560s] -- Using all available rosidl_typesupport_cpp: rosidl_typesupport_fastrtps_cpp;rosidl_typesupport_introspection_cpp
[1.630s] -- Found rmw_implementation_cmake: 6.1.2 (/opt/ros/humble/share/rmw_implementation_cmake/cmake)
[1.634s] -- Found rmw_fastrtps_cpp: 6.2.7 (/opt/ros/humble/share/rmw_fastrtps_cpp/cmake)
[1.782s] -- Found OpenSSL: /usr/lib/aarch64-linux-gnu/libcrypto.so (found version "3.0.2")  
[1.827s] -- Found FastRTPS: /opt/ros/humble/include  
[1.895s] -- Using RMW implementation 'rmw_fastrtps_cpp' as default
[1.908s] -- Looking for pthread.h
[2.030s] -- Looking for pthread.h - found
[2.031s] -- Performing Test CMAKE_HAVE_LIBC_PTHREAD
[2.157s] -- Performing Test CMAKE_HAVE_LIBC_PTHREAD - Success
[2.159s] -- Found Threads: TRUE  
[2.250s] -- Found sensor_msgs: 4.2.4 (/opt/ros/humble/share/sensor_msgs/cmake)
[2.330s] -- Found Boost: /usr/lib/aarch64-linux-gnu/cmake/Boost-1.74.0/BoostConfig.cmake (found version "1.74.0") found components: system 
[2.333s] -- Found ament_lint_auto: 0.12.11 (/opt/ros/humble/share/ament_lint_auto/cmake)
[2.484s] -- Added test 'cppcheck' to perform static code analysis on C / C++ code
[2.485s] -- Configured cppcheck include dirs: /home/orin/Prototype_Military/prototype_military/src/prototype_motor/include
[2.485s] -- Configured cppcheck exclude dirs and/or files: 
[2.486s] -- Added test 'lint_cmake' to check CMake code style
[2.487s] -- Added test 'uncrustify' to check C / C++ code style
[2.487s] -- Configured uncrustify additional arguments: 
[2.488s] -- Added test 'xmllint' to check XML markup files
[2.490s] -- Configuring done
[2.511s] -- Generating done
[2.514s] -- Build files have been written to: /home/orin/Prototype_Military/build/prototype_motor
[2.535s] Invoked command in '/home/orin/Prototype_Military/build/prototype_motor' returned '0': CMAKE_PREFIX_PATH=/opt/ros/humble /usr/bin/cmake /home/orin/Prototype_Military/prototype_military/src/prototype_motor -DCMAKE_INSTALL_PREFIX=/home/orin/Prototype_Military/install/prototype_motor
[2.538s] Invoking command in '/home/orin/Prototype_Military/build/prototype_motor': CMAKE_PREFIX_PATH=/opt/ros/humble /usr/bin/cmake --build /home/orin/Prototype_Military/build/prototype_motor -- -j12 -l12
[2.623s] [ 50%] [32mBuilding CXX object CMakeFiles/nurimotor.dir/src/nurimotor_control.cpp.o[0m
[19.828s] [100%] [32m[1mLinking CXX executable nurimotor[0m
[20.059s] [100%] Built target nurimotor
[20.081s] Invoked command in '/home/orin/Prototype_Military/build/prototype_motor' returned '0': CMAKE_PREFIX_PATH=/opt/ros/humble /usr/bin/cmake --build /home/orin/Prototype_Military/build/prototype_motor -- -j12 -l12
[20.125s] Invoking command in '/home/orin/Prototype_Military/build/prototype_motor': CMAKE_PREFIX_PATH=/opt/ros/humble /usr/bin/cmake --install /home/orin/Prototype_Military/build/prototype_motor
[20.139s] -- Install configuration: ""
[20.139s] -- Installing: /home/orin/Prototype_Military/install/prototype_motor/lib/prototype_motor/nurimotor
[20.140s] -- Set runtime path of "/home/orin/Prototype_Military/install/prototype_motor/lib/prototype_motor/nurimotor" to ""
[20.140s] -- Installing: /home/orin/Prototype_Military/install/prototype_motor/share/ament_index/resource_index/package_run_dependencies/prototype_motor
[20.141s] -- Installing: /home/orin/Prototype_Military/install/prototype_motor/share/ament_index/resource_index/parent_prefix_path/prototype_motor
[20.141s] -- Installing: /home/orin/Prototype_Military/install/prototype_motor/share/prototype_motor/environment/ament_prefix_path.sh
[20.141s] -- Installing: /home/orin/Prototype_Military/install/prototype_motor/share/prototype_motor/environment/ament_prefix_path.dsv
[20.142s] -- Installing: /home/orin/Prototype_Military/install/prototype_motor/share/prototype_motor/environment/path.sh
[20.142s] -- Installing: /home/orin/Prototype_Military/install/prototype_motor/share/prototype_motor/environment/path.dsv
[20.142s] -- Installing: /home/orin/Prototype_Military/install/prototype_motor/share/prototype_motor/local_setup.bash
[20.143s] -- Installing: /home/orin/Prototype_Military/install/prototype_motor/share/prototype_motor/local_setup.sh
[20.143s] -- Installing: /home/orin/Prototype_Military/install/prototype_motor/share/prototype_motor/local_setup.zsh
[20.143s] -- Installing: /home/orin/Prototype_Military/install/prototype_motor/share/prototype_motor/local_setup.dsv
[20.143s] -- Installing: /home/orin/Prototype_Military/install/prototype_motor/share/prototype_motor/package.dsv
[20.143s] -- Installing: /home/orin/Prototype_Military/install/prototype_motor/share/ament_index/resource_index/packages/prototype_motor
[20.144s] -- Installing: /home/orin/Prototype_Military/install/prototype_motor/share/prototype_motor/cmake/prototype_motorConfig.cmake
[20.144s] -- Installing: /home/orin/Prototype_Military/install/prototype_motor/share/prototype_motor/cmake/prototype_motorConfig-version.cmake
[20.144s] -- Installing: /home/orin/Prototype_Military/install/prototype_motor/share/prototype_motor/package.xml
[20.149s] Invoked command in '/home/orin/Prototype_Military/build/prototype_motor' returned '0': CMAKE_PREFIX_PATH=/opt/ros/humble /usr/bin/cmake --install /home/orin/Prototype_Military/build/prototype_motor
