[0.325s] Invoking command in '/home/hansol/project/build/ydlidar_ros2_driver': /usr/bin/cmake /home/hansol/project/src/limo_ros2/ydlidar_ros2 -DAMENT_CMAKE_SYMLINK_INSTALL=1 -DCMAKE_INSTALL_PREFIX=/home/hansol/project/install/ydlidar_ros2_driver
[0.326s] -- Found ament_cmake: 1.3.8 (/opt/ros/humble/share/ament_cmake/cmake)
[0.440s] Traceback (most recent call last):
[0.441s]   File "/opt/ros/humble/share/ament_cmake_core/cmake/package_templates/templates_2_cmake.py", line 21, in <module>
[0.441s]     from ament_package.templates import get_environment_hook_template_path
[0.441s] ModuleNotFoundError: No module named 'ament_package'
[0.451s] [31mCMake Error at /opt/ros/humble/share/ament_cmake_core/cmake/ament_cmake_package_templates-extras.cmake:41 (message):
[0.451s]   execute_process(/usr/bin/python3
[0.451s]   /opt/ros/humble/share/ament_cmake_core/cmake/package_templates/templates_2_cmake.py
[0.451s]   /home/hansol/project/build/ydlidar_ros2_driver/ament_cmake_package_templates/templates.cmake)
[0.452s]   returned error code 1
[0.452s] Call Stack (most recent call first):
[0.452s]   /opt/ros/humble/share/ament_cmake_core/cmake/ament_cmake_coreConfig.cmake:41 (include)
[0.452s]   /opt/ros/humble/share/ament_cmake/cmake/ament_cmake_export_dependencies-extras.cmake:15 (find_package)
[0.452s]   /opt/ros/humble/share/ament_cmake/cmake/ament_cmakeConfig.cmake:41 (include)
[0.452s]   CMakeLists.txt:15 (find_package)
[0.452s] 
[0.453s] [0m
[0.453s] -- Configuring incomplete, errors occurred!
[0.453s] See also "/home/hansol/project/build/ydlidar_ros2_driver/CMakeFiles/CMakeOutput.log".
[0.455s] Invoked command in '/home/hansol/project/build/ydlidar_ros2_driver' returned '1': /usr/bin/cmake /home/hansol/project/src/limo_ros2/ydlidar_ros2 -DAMENT_CMAKE_SYMLINK_INSTALL=1 -DCMAKE_INSTALL_PREFIX=/home/hansol/project/install/ydlidar_ros2_driver
