[0.016s] Invoking command in '/home/orin/Prototype_Military/prototype_military/build/yolov8_bringup': AMENT_PREFIX_PATH=/home/orin/Prototype_Military/prototype_military/install/yolov8_ros:/home/orin/Prototype_Military/prototype_military/install/yolov8_msgs:${AMENT_PREFIX_PATH} CMAKE_PREFIX_PATH=/home/orin/Prototype_Military/prototype_military/install/yolov8_msgs:/opt/ros/humble LD_LIBRARY_PATH=/home/orin/Prototype_Military/prototype_military/install/yolov8_msgs/lib:/opt/ros/humble/opt/rviz_ogre_vendor/lib:/opt/ros/humble/lib/aarch64-linux-gnu:/opt/ros/humble/lib:/usr/local/cuda/lib64 PYTHONPATH=/home/orin/Prototype_Military/prototype_military/install/yolov8_ros/lib/python3.10/site-packages:/home/orin/Prototype_Military/prototype_military/install/yolov8_msgs/local/lib/python3.10/dist-packages:${PYTHONPATH} /usr/bin/cmake /home/orin/Prototype_Military/prototype_military/src/yolov8_ros/yolov8_bringup -DCMAKE_INSTALL_PREFIX=/home/orin/Prototype_Military/prototype_military/install/yolov8_bringup
[0.108s] -- The C compiler identification is GNU 11.4.0
[0.205s] -- The CXX compiler identification is GNU 11.4.0
[0.217s] -- Detecting C compiler ABI info
[0.331s] -- Detecting C compiler ABI info - done
[0.344s] -- Check for working C compiler: /usr/bin/cc - skipped
[0.344s] -- Detecting C compile features
[0.345s] -- Detecting C compile features - done
[0.350s] -- Detecting CXX compiler ABI info
[0.482s] -- Detecting CXX compiler ABI info - done
[0.494s] -- Check for working CXX compiler: /usr/bin/c++ - skipped
[0.495s] -- Detecting CXX compile features
[0.496s] -- Detecting CXX compile features - done
[0.500s] -- Found ament_cmake: 1.3.10 (/opt/ros/humble/share/ament_cmake/cmake)
[1.243s] -- Found Python3: /usr/bin/python3 (found version "3.10.12") found components: Interpreter 
[1.539s] -- Configuring done
[1.545s] -- Generating done
[1.547s] -- Build files have been written to: /home/orin/Prototype_Military/prototype_military/build/yolov8_bringup
[1.555s] Invoked command in '/home/orin/Prototype_Military/prototype_military/build/yolov8_bringup' returned '0': AMENT_PREFIX_PATH=/home/orin/Prototype_Military/prototype_military/install/yolov8_ros:/home/orin/Prototype_Military/prototype_military/install/yolov8_msgs:${AMENT_PREFIX_PATH} CMAKE_PREFIX_PATH=/home/orin/Prototype_Military/prototype_military/install/yolov8_msgs:/opt/ros/humble LD_LIBRARY_PATH=/home/orin/Prototype_Military/prototype_military/install/yolov8_msgs/lib:/opt/ros/humble/opt/rviz_ogre_vendor/lib:/opt/ros/humble/lib/aarch64-linux-gnu:/opt/ros/humble/lib:/usr/local/cuda/lib64 PYTHONPATH=/home/orin/Prototype_Military/prototype_military/install/yolov8_ros/lib/python3.10/site-packages:/home/orin/Prototype_Military/prototype_military/install/yolov8_msgs/local/lib/python3.10/dist-packages:${PYTHONPATH} /usr/bin/cmake /home/orin/Prototype_Military/prototype_military/src/yolov8_ros/yolov8_bringup -DCMAKE_INSTALL_PREFIX=/home/orin/Prototype_Military/prototype_military/install/yolov8_bringup
[1.557s] Invoking command in '/home/orin/Prototype_Military/prototype_military/build/yolov8_bringup': AMENT_PREFIX_PATH=/home/orin/Prototype_Military/prototype_military/install/yolov8_ros:/home/orin/Prototype_Military/prototype_military/install/yolov8_msgs:${AMENT_PREFIX_PATH} CMAKE_PREFIX_PATH=/home/orin/Prototype_Military/prototype_military/install/yolov8_msgs:/opt/ros/humble LD_LIBRARY_PATH=/home/orin/Prototype_Military/prototype_military/install/yolov8_msgs/lib:/opt/ros/humble/opt/rviz_ogre_vendor/lib:/opt/ros/humble/lib/aarch64-linux-gnu:/opt/ros/humble/lib:/usr/local/cuda/lib64 PYTHONPATH=/home/orin/Prototype_Military/prototype_military/install/yolov8_ros/lib/python3.10/site-packages:/home/orin/Prototype_Military/prototype_military/install/yolov8_msgs/local/lib/python3.10/dist-packages:${PYTHONPATH} /usr/bin/cmake --build /home/orin/Prototype_Military/prototype_military/build/yolov8_bringup -- -j12 -l12
[1.621s] Invoked command in '/home/orin/Prototype_Military/prototype_military/build/yolov8_bringup' returned '0': AMENT_PREFIX_PATH=/home/orin/Prototype_Military/prototype_military/install/yolov8_ros:/home/orin/Prototype_Military/prototype_military/install/yolov8_msgs:${AMENT_PREFIX_PATH} CMAKE_PREFIX_PATH=/home/orin/Prototype_Military/prototype_military/install/yolov8_msgs:/opt/ros/humble LD_LIBRARY_PATH=/home/orin/Prototype_Military/prototype_military/install/yolov8_msgs/lib:/opt/ros/humble/opt/rviz_ogre_vendor/lib:/opt/ros/humble/lib/aarch64-linux-gnu:/opt/ros/humble/lib:/usr/local/cuda/lib64 PYTHONPATH=/home/orin/Prototype_Military/prototype_military/install/yolov8_ros/lib/python3.10/site-packages:/home/orin/Prototype_Military/prototype_military/install/yolov8_msgs/local/lib/python3.10/dist-packages:${PYTHONPATH} /usr/bin/cmake --build /home/orin/Prototype_Military/prototype_military/build/yolov8_bringup -- -j12 -l12
[1.655s] Invoking command in '/home/orin/Prototype_Military/prototype_military/build/yolov8_bringup': AMENT_PREFIX_PATH=/home/orin/Prototype_Military/prototype_military/install/yolov8_ros:/home/orin/Prototype_Military/prototype_military/install/yolov8_msgs:${AMENT_PREFIX_PATH} CMAKE_PREFIX_PATH=/home/orin/Prototype_Military/prototype_military/install/yolov8_msgs:/opt/ros/humble LD_LIBRARY_PATH=/home/orin/Prototype_Military/prototype_military/install/yolov8_msgs/lib:/opt/ros/humble/opt/rviz_ogre_vendor/lib:/opt/ros/humble/lib/aarch64-linux-gnu:/opt/ros/humble/lib:/usr/local/cuda/lib64 PYTHONPATH=/home/orin/Prototype_Military/prototype_military/install/yolov8_ros/lib/python3.10/site-packages:/home/orin/Prototype_Military/prototype_military/install/yolov8_msgs/local/lib/python3.10/dist-packages:${PYTHONPATH} /usr/bin/cmake --install /home/orin/Prototype_Military/prototype_military/build/yolov8_bringup
[1.668s] -- Install configuration: ""
[1.668s] -- Installing: /home/orin/Prototype_Military/prototype_military/install/yolov8_bringup/share/yolov8_bringup//launch
[1.669s] -- Installing: /home/orin/Prototype_Military/prototype_military/install/yolov8_bringup/share/yolov8_bringup//launch/yolov8.launch.py
[1.670s] -- Installing: /home/orin/Prototype_Military/prototype_military/install/yolov8_bringup/share/yolov8_bringup//launch/yolov9.launch.py
[1.670s] -- Installing: /home/orin/Prototype_Military/prototype_military/install/yolov8_bringup/share/yolov8_bringup//launch/yolov8_3d.launch.py
[1.671s] -- Installing: /home/orin/Prototype_Military/prototype_military/install/yolov8_bringup/share/yolov8_bringup//launch/yolo-nas.launch.py
[1.671s] -- Installing: /home/orin/Prototype_Military/prototype_military/install/yolov8_bringup/share/yolov8_bringup//launch/yolov10.launch.py
[1.671s] -- Installing: /home/orin/Prototype_Military/prototype_military/install/yolov8_bringup/share/ament_index/resource_index/package_run_dependencies/yolov8_bringup
[1.672s] -- Installing: /home/orin/Prototype_Military/prototype_military/install/yolov8_bringup/share/ament_index/resource_index/parent_prefix_path/yolov8_bringup
[1.672s] -- Installing: /home/orin/Prototype_Military/prototype_military/install/yolov8_bringup/share/yolov8_bringup/environment/ament_prefix_path.sh
[1.672s] -- Installing: /home/orin/Prototype_Military/prototype_military/install/yolov8_bringup/share/yolov8_bringup/environment/ament_prefix_path.dsv
[1.673s] -- Installing: /home/orin/Prototype_Military/prototype_military/install/yolov8_bringup/share/yolov8_bringup/environment/path.sh
[1.673s] -- Installing: /home/orin/Prototype_Military/prototype_military/install/yolov8_bringup/share/yolov8_bringup/environment/path.dsv
[1.673s] -- Installing: /home/orin/Prototype_Military/prototype_military/install/yolov8_bringup/share/yolov8_bringup/local_setup.bash
[1.673s] -- Installing: /home/orin/Prototype_Military/prototype_military/install/yolov8_bringup/share/yolov8_bringup/local_setup.sh
[1.674s] -- Installing: /home/orin/Prototype_Military/prototype_military/install/yolov8_bringup/share/yolov8_bringup/local_setup.zsh
[1.674s] -- Installing: /home/orin/Prototype_Military/prototype_military/install/yolov8_bringup/share/yolov8_bringup/local_setup.dsv
[1.674s] -- Installing: /home/orin/Prototype_Military/prototype_military/install/yolov8_bringup/share/yolov8_bringup/package.dsv
[1.674s] -- Installing: /home/orin/Prototype_Military/prototype_military/install/yolov8_bringup/share/ament_index/resource_index/packages/yolov8_bringup
[1.675s] -- Installing: /home/orin/Prototype_Military/prototype_military/install/yolov8_bringup/share/yolov8_bringup/cmake/yolov8_bringupConfig.cmake
[1.675s] -- Installing: /home/orin/Prototype_Military/prototype_military/install/yolov8_bringup/share/yolov8_bringup/cmake/yolov8_bringupConfig-version.cmake
[1.675s] -- Installing: /home/orin/Prototype_Military/prototype_military/install/yolov8_bringup/share/yolov8_bringup/package.xml
[1.680s] Invoked command in '/home/orin/Prototype_Military/prototype_military/build/yolov8_bringup' returned '0': AMENT_PREFIX_PATH=/home/orin/Prototype_Military/prototype_military/install/yolov8_ros:/home/orin/Prototype_Military/prototype_military/install/yolov8_msgs:${AMENT_PREFIX_PATH} CMAKE_PREFIX_PATH=/home/orin/Prototype_Military/prototype_military/install/yolov8_msgs:/opt/ros/humble LD_LIBRARY_PATH=/home/orin/Prototype_Military/prototype_military/install/yolov8_msgs/lib:/opt/ros/humble/opt/rviz_ogre_vendor/lib:/opt/ros/humble/lib/aarch64-linux-gnu:/opt/ros/humble/lib:/usr/local/cuda/lib64 PYTHONPATH=/home/orin/Prototype_Military/prototype_military/install/yolov8_ros/lib/python3.10/site-packages:/home/orin/Prototype_Military/prototype_military/install/yolov8_msgs/local/lib/python3.10/dist-packages:${PYTHONPATH} /usr/bin/cmake --install /home/orin/Prototype_Military/prototype_military/build/yolov8_bringup
