[0.051s] Invoking command in '/home/orin/Prototype_Military/prototype_military/build/realsense2_camera_msgs': CMAKE_PREFIX_PATH=${CMAKE_PREFIX_PATH}:/home/orin/Prototype_Military/install/yolov8_ros:/home/orin/Prototype_Military/install/prototype_move:/opt/ros/humble /usr/bin/cmake --build /home/orin/Prototype_Military/prototype_military/build/realsense2_camera_msgs -- -j12 -l12
[0.553s] [  1%] Built target realsense2_camera_msgs__cpp
[0.554s] [ 12%] Built target realsense2_camera_msgs__rosidl_generator_c
[0.555s] [ 12%] Built target ament_cmake_python_copy_realsense2_camera_msgs
[0.555s] [ 23%] Built target realsense2_camera_msgs__rosidl_typesupport_cpp
[0.555s] [ 39%] Built target realsense2_camera_msgs__rosidl_typesupport_fastrtps_c
[0.556s] [ 50%] Built target realsense2_camera_msgs__rosidl_typesupport_introspection_c
[0.556s] [ 61%] Built target realsense2_camera_msgs__rosidl_typesupport_introspection_cpp
[0.556s] [ 68%] Built target realsense2_camera_msgs__rosidl_typesupport_fastrtps_cpp
[0.557s] [ 79%] Built target realsense2_camera_msgs__rosidl_typesupport_c
[0.557s] [ 79%] Built target realsense2_camera_msgs
[0.557s] [ 80%] Built target realsense2_camera_msgs__py
[0.557s] [ 90%] Built target realsense2_camera_msgs__rosidl_generator_py
[0.557s] [ 98%] Built target realsense2_camera_msgs__rosidl_typesupport_fastrtps_c__pyext
[0.558s] [ 98%] Built target realsense2_camera_msgs__rosidl_typesupport_c__pyext
[0.558s] [100%] Built target realsense2_camera_msgs__rosidl_typesupport_introspection_c__pyext
[0.677s] running egg_info
[0.693s] writing realsense2_camera_msgs.egg-info/PKG-INFO
[0.694s] writing dependency_links to realsense2_camera_msgs.egg-info/dependency_links.txt
[0.694s] writing top-level names to realsense2_camera_msgs.egg-info/top_level.txt
[0.810s] reading manifest file 'realsense2_camera_msgs.egg-info/SOURCES.txt'
[0.812s] writing manifest file 'realsense2_camera_msgs.egg-info/SOURCES.txt'
[0.878s] [100%] Built target ament_cmake_python_build_realsense2_camera_msgs_egg
