[0.025s] Invoking command in '/home/orin/Prototype_Military/prototype_military/build/prototype_motor': CMAKE_PREFIX_PATH=/opt/ros/humble /usr/bin/cmake /home/orin/Prototype_Military/prototype_military/src/prototype_motor -DCMAKE_INSTALL_PREFIX=/home/orin/Prototype_Military/prototype_military/install/prototype_motor
[0.373s] -- The C compiler identification is GNU 11.4.0
[0.613s] -- The CXX compiler identification is GNU 11.4.0
[0.634s] -- Detecting C compiler ABI info
[0.748s] -- Detecting C compiler ABI info - done
[0.772s] -- Check for working C compiler: /usr/bin/cc - skipped
[0.773s] -- Detecting C compile features
[0.774s] -- Detecting C compile features - done
[0.782s] -- Detecting CXX compiler ABI info
[0.906s] -- Detecting CXX compiler ABI info - done
[0.931s] -- Check for working CXX compiler: /usr/bin/c++ - skipped
[0.932s] -- Detecting CXX compile features
[0.933s] -- Detecting CXX compile features - done
[0.936s] -- Found ament_cmake: 1.3.10 (/opt/ros/humble/share/ament_cmake/cmake)
[1.207s] -- Found Python3: /usr/bin/python3 (found version "3.10.12") found components: Interpreter 
[1.419s] -- Found rclcpp: 16.0.10 (/opt/ros/humble/share/rclcpp/cmake)
[1.540s] -- Found rosidl_generator_c: 3.1.5 (/opt/ros/humble/share/rosidl_generator_c/cmake)
[1.546s] -- Found rosidl_adapter: 3.1.5 (/opt/ros/humble/share/rosidl_adapter/cmake)
[1.561s] -- Found rosidl_generator_cpp: 3.1.5 (/opt/ros/humble/share/rosidl_generator_cpp/cmake)
[1.589s] -- Using all available rosidl_typesupport_c: rosidl_typesupport_fastrtps_c;rosidl_typesupport_introspection_c
[1.615s] -- Using all available rosidl_typesupport_cpp: rosidl_typesupport_fastrtps_cpp;rosidl_typesupport_introspection_cpp
[1.700s] -- Found rmw_implementation_cmake: 6.1.2 (/opt/ros/humble/share/rmw_implementation_cmake/cmake)
[1.707s] -- Found rmw_fastrtps_cpp: 6.2.7 (/opt/ros/humble/share/rmw_fastrtps_cpp/cmake)
[1.860s] -- Found OpenSSL: /usr/lib/aarch64-linux-gnu/libcrypto.so (found version "3.0.2")  
[1.916s] -- Found FastRTPS: /opt/ros/humble/include  
[1.981s] -- Using RMW implementation 'rmw_fastrtps_cpp' as default
[1.999s] -- Looking for pthread.h
[2.141s] -- Looking for pthread.h - found
[2.142s] -- Performing Test CMAKE_HAVE_LIBC_PTHREAD
[2.273s] -- Performing Test CMAKE_HAVE_LIBC_PTHREAD - Success
[2.275s] -- Found Threads: TRUE  
[2.402s] -- Found sensor_msgs: 4.2.4 (/opt/ros/humble/share/sensor_msgs/cmake)
[2.472s] [31mCMake Error at /usr/lib/aarch64-linux-gnu/cmake/Boost-1.74.0/BoostConfig.cmake:141 (find_package):
[2.472s]   Could not find a package configuration file provided by "boost_system"
[2.472s]   (requested version 1.74.0) with any of the following names:
[2.473s] 
[2.473s]     boost_systemConfig.cmake
[2.473s]     boost_system-config.cmake
[2.473s] 
[2.473s]   Add the installation prefix of "boost_system" to CMAKE_PREFIX_PATH or set
[2.473s]   "boost_system_DIR" to a directory containing one of the above files.  If
[2.473s]   "boost_system" provides a separate development package or SDK, be sure it
[2.473s]   has been installed.
[2.473s] Call Stack (most recent call first):
[2.473s]   /usr/lib/aarch64-linux-gnu/cmake/Boost-1.74.0/BoostConfig.cmake:258 (boost_find_component)
[2.474s]   /usr/share/cmake-3.22/Modules/FindBoost.cmake:594 (find_package)
[2.474s]   CMakeLists.txt:13 (find_package)
[2.474s] 
[2.474s] [0m
[2.474s] -- Configuring incomplete, errors occurred!
[2.474s] See also "/home/orin/Prototype_Military/prototype_military/build/prototype_motor/CMakeFiles/CMakeOutput.log".
[2.493s] Invoked command in '/home/orin/Prototype_Military/prototype_military/build/prototype_motor' returned '1': CMAKE_PREFIX_PATH=/opt/ros/humble /usr/bin/cmake /home/orin/Prototype_Military/prototype_military/src/prototype_motor -DCMAKE_INSTALL_PREFIX=/home/orin/Prototype_Military/prototype_military/install/prototype_motor
