[0.030s] Invoking command in '/home/orin/Prototype_Military/prototype_military/build/yolov8_msgs': CMAKE_PREFIX_PATH=${CMAKE_PREFIX_PATH}:/home/orin/Prototype_Military/prototype_military/install/yolov8_ros:/home/orin/Prototype_Military/prototype_military/install/prototype_move:/opt/ros/humble /usr/bin/cmake /home/orin/Prototype_Military/prototype_military/src/yolov8_ros/yolov8_msgs -DCMAKE_INSTALL_PREFIX=/home/orin/Prototype_Military/prototype_military/install/yolov8_msgs
[0.123s] -- The C compiler identification is GNU 11.4.0
[0.219s] -- The CXX compiler identification is GNU 11.4.0
[0.232s] -- Detecting C compiler ABI info
[0.352s] -- Detecting C compiler ABI info - done
[0.365s] -- Check for working C compiler: /usr/bin/cc - skipped
[0.365s] -- Detecting C compile features
[0.366s] -- Detecting C compile features - done
[0.371s] -- Detecting CXX compiler ABI info
[0.514s] -- Detecting CXX compiler ABI info - done
[0.528s] -- Check for working CXX compiler: /usr/bin/c++ - skipped
[0.528s] -- Detecting CXX compile features
[0.529s] -- Detecting CXX compile features - done
[0.532s] -- Found ament_cmake: 1.3.10 (/opt/ros/humble/share/ament_cmake/cmake)
[1.279s] -- Found Python3: /usr/bin/python3 (found version "3.10.12") found components: Interpreter 
[1.444s] -- Found rosidl_default_generators: 1.2.0 (/opt/ros/humble/share/rosidl_default_generators/cmake)
[1.449s] -- Using all available rosidl_typesupport_c: rosidl_typesupport_fastrtps_c;rosidl_typesupport_introspection_c
[1.458s] -- Found rosidl_adapter: 3.1.5 (/opt/ros/humble/share/rosidl_adapter/cmake)
[1.525s] -- Using all available rosidl_typesupport_cpp: rosidl_typesupport_fastrtps_cpp;rosidl_typesupport_introspection_cpp
[1.582s] -- Found std_msgs: 4.2.4 (/opt/ros/humble/share/std_msgs/cmake)
[1.629s] -- Found geometry_msgs: 4.2.4 (/opt/ros/humble/share/geometry_msgs/cmake)
[2.353s] -- Found ament_cmake_ros: 0.10.0 (/opt/ros/humble/share/ament_cmake_ros/cmake)
[2.855s] -- Using all available rosidl_typesupport_c: rosidl_typesupport_fastrtps_c;rosidl_typesupport_introspection_c
[3.505s] -- Using all available rosidl_typesupport_cpp: rosidl_typesupport_fastrtps_cpp;rosidl_typesupport_introspection_cpp
[3.551s] -- Found PythonInterp: /usr/bin/python3 (found suitable version "3.10.12", minimum required is "3.6") 
[3.552s] -- Found python_cmake_module: 0.10.0 (/opt/ros/humble/share/python_cmake_module/cmake)
[3.604s] -- Found PythonLibs: /usr/lib/aarch64-linux-gnu/libpython3.10.so (found suitable version "3.10.12", minimum required is "3.5") 
[3.604s] -- Using PYTHON_EXECUTABLE: /usr/bin/python3
[3.604s] -- Using PYTHON_INCLUDE_DIRS: /usr/include/python3.10
[3.605s] -- Using PYTHON_LIBRARIES: /usr/lib/aarch64-linux-gnu/libpython3.10.so
[3.648s] -- Found PythonExtra: .so  
[3.782s] -- Configuring done
[3.884s] -- Generating done
[3.890s] -- Build files have been written to: /home/orin/Prototype_Military/prototype_military/build/yolov8_msgs
[3.904s] Invoked command in '/home/orin/Prototype_Military/prototype_military/build/yolov8_msgs' returned '0': CMAKE_PREFIX_PATH=${CMAKE_PREFIX_PATH}:/home/orin/Prototype_Military/prototype_military/install/yolov8_ros:/home/orin/Prototype_Military/prototype_military/install/prototype_move:/opt/ros/humble /usr/bin/cmake /home/orin/Prototype_Military/prototype_military/src/yolov8_ros/yolov8_msgs -DCMAKE_INSTALL_PREFIX=/home/orin/Prototype_Military/prototype_military/install/yolov8_msgs
[3.907s] Invoking command in '/home/orin/Prototype_Military/prototype_military/build/yolov8_msgs': CMAKE_PREFIX_PATH=${CMAKE_PREFIX_PATH}:/home/orin/Prototype_Military/prototype_military/install/yolov8_ros:/home/orin/Prototype_Military/prototype_military/install/prototype_move:/opt/ros/humble /usr/bin/cmake --build /home/orin/Prototype_Military/prototype_military/build/yolov8_msgs -- -j12 -l12
[3.979s] [  1%] [34m[1mGenerating C code for ROS interfaces[0m
[3.998s] [  1%] [34m[1mGenerating C++ code for ROS interfaces[0m
[4.010s] [  1%] Built target ament_cmake_python_copy_yolov8_msgs
[4.484s] running egg_info
[4.486s] creating yolov8_msgs.egg-info
[4.523s] writing yolov8_msgs.egg-info/PKG-INFO
[4.524s] writing dependency_links to yolov8_msgs.egg-info/dependency_links.txt
[4.524s] writing top-level names to yolov8_msgs.egg-info/top_level.txt
[4.525s] writing manifest file 'yolov8_msgs.egg-info/SOURCES.txt'
[4.639s] reading manifest file 'yolov8_msgs.egg-info/SOURCES.txt'
[4.641s] writing manifest file 'yolov8_msgs.egg-info/SOURCES.txt'
[4.706s] [  1%] Built target ament_cmake_python_build_yolov8_msgs_egg
[6.340s] [  1%] Built target yolov8_msgs__cpp
[6.379s] [  2%] [34m[1mGenerating C++ introspection for ROS interfaces[0m
[6.392s] [  3%] [34m[1mGenerating C++ type support dispatch for ROS interfaces[0m
[6.427s] [  3%] [34m[1mGenerating C++ type support for eProsima Fast-RTPS[0m
[6.812s] [  4%] [32mBuilding C object CMakeFiles/yolov8_msgs__rosidl_generator_c.dir/rosidl_generator_c/yolov8_msgs/msg/detail/point2_d__functions.c.o[0m
[6.813s] [  5%] [32mBuilding C object CMakeFiles/yolov8_msgs__rosidl_generator_c.dir/rosidl_generator_c/yolov8_msgs/msg/detail/vector2__functions.c.o[0m
[6.846s] [  6%] [32mBuilding C object CMakeFiles/yolov8_msgs__rosidl_generator_c.dir/rosidl_generator_c/yolov8_msgs/msg/detail/bounding_box3_d__functions.c.o[0m
[6.851s] [  7%] [32mBuilding C object CMakeFiles/yolov8_msgs__rosidl_generator_c.dir/rosidl_generator_c/yolov8_msgs/msg/detail/pose2_d__functions.c.o[0m
[6.863s] [  7%] [32mBuilding C object CMakeFiles/yolov8_msgs__rosidl_generator_c.dir/rosidl_generator_c/yolov8_msgs/msg/detail/bounding_box2_d__functions.c.o[0m
[6.955s] [  8%] [32mBuilding C object CMakeFiles/yolov8_msgs__rosidl_generator_c.dir/rosidl_generator_c/yolov8_msgs/msg/detail/mask__functions.c.o[0m
[6.964s] [  9%] [32mBuilding C object CMakeFiles/yolov8_msgs__rosidl_generator_c.dir/rosidl_generator_c/yolov8_msgs/msg/detail/key_point2_d__functions.c.o[0m
[6.985s] [ 10%] [32mBuilding C object CMakeFiles/yolov8_msgs__rosidl_generator_c.dir/rosidl_generator_c/yolov8_msgs/msg/detail/key_point2_d_array__functions.c.o[0m
[7.005s] [ 11%] [32mBuilding C object CMakeFiles/yolov8_msgs__rosidl_generator_c.dir/rosidl_generator_c/yolov8_msgs/msg/detail/key_point3_d__functions.c.o[0m
[7.068s] [ 11%] [32mBuilding C object CMakeFiles/yolov8_msgs__rosidl_generator_c.dir/rosidl_generator_c/yolov8_msgs/msg/detail/key_point3_d_array__functions.c.o[0m
[7.098s] [ 12%] [32mBuilding C object CMakeFiles/yolov8_msgs__rosidl_generator_c.dir/rosidl_generator_c/yolov8_msgs/msg/detail/detection__functions.c.o[0m
[7.118s] [ 13%] [32mBuilding C object CMakeFiles/yolov8_msgs__rosidl_generator_c.dir/rosidl_generator_c/yolov8_msgs/msg/detail/detection_array__functions.c.o[0m
[7.390s] [ 14%] [32m[1mLinking C shared library libyolov8_msgs__rosidl_generator_c.so[0m
[7.520s] [ 14%] Built target yolov8_msgs__rosidl_generator_c
[7.591s] [ 15%] [34m[1mGenerating C type support for eProsima Fast-RTPS[0m
[7.592s] [ 16%] [34m[1mGenerating C type support dispatch for ROS interfaces[0m
[7.620s] [ 17%] [34m[1mGenerating C introspection for ROS interfaces[0m
[8.486s] [ 18%] [32mBuilding CXX object CMakeFiles/yolov8_msgs__rosidl_typesupport_cpp.dir/rosidl_typesupport_cpp/yolov8_msgs/msg/point2_d__type_support.cpp.o[0m
[8.493s] [ 19%] [32mBuilding CXX object CMakeFiles/yolov8_msgs__rosidl_typesupport_cpp.dir/rosidl_typesupport_cpp/yolov8_msgs/msg/vector2__type_support.cpp.o[0m
[8.504s] [ 20%] [32mBuilding CXX object CMakeFiles/yolov8_msgs__rosidl_typesupport_cpp.dir/rosidl_typesupport_cpp/yolov8_msgs/msg/pose2_d__type_support.cpp.o[0m
[8.513s] [ 21%] [32mBuilding CXX object CMakeFiles/yolov8_msgs__rosidl_typesupport_cpp.dir/rosidl_typesupport_cpp/yolov8_msgs/msg/bounding_box2_d__type_support.cpp.o[0m
[8.596s] [ 22%] [32mBuilding CXX object CMakeFiles/yolov8_msgs__rosidl_typesupport_cpp.dir/rosidl_typesupport_cpp/yolov8_msgs/msg/key_point2_d__type_support.cpp.o[0m
[8.607s] [ 23%] [32mBuilding CXX object CMakeFiles/yolov8_msgs__rosidl_typesupport_cpp.dir/rosidl_typesupport_cpp/yolov8_msgs/msg/mask__type_support.cpp.o[0m
[8.610s] [ 23%] [32mBuilding CXX object CMakeFiles/yolov8_msgs__rosidl_typesupport_cpp.dir/rosidl_typesupport_cpp/yolov8_msgs/msg/bounding_box3_d__type_support.cpp.o[0m
[9.236s] [ 24%] [32mBuilding CXX object CMakeFiles/yolov8_msgs__rosidl_typesupport_cpp.dir/rosidl_typesupport_cpp/yolov8_msgs/msg/key_point2_d_array__type_support.cpp.o[0m
[9.266s] [ 25%] [32mBuilding CXX object CMakeFiles/yolov8_msgs__rosidl_typesupport_cpp.dir/rosidl_typesupport_cpp/yolov8_msgs/msg/key_point3_d__type_support.cpp.o[0m
[9.303s] [ 26%] [32mBuilding CXX object CMakeFiles/yolov8_msgs__rosidl_typesupport_cpp.dir/rosidl_typesupport_cpp/yolov8_msgs/msg/key_point3_d_array__type_support.cpp.o[0m
[9.354s] [ 26%] [32mBuilding CXX object CMakeFiles/yolov8_msgs__rosidl_typesupport_cpp.dir/rosidl_typesupport_cpp/yolov8_msgs/msg/detection__type_support.cpp.o[0m
[9.356s] [ 27%] [32mBuilding CXX object CMakeFiles/yolov8_msgs__rosidl_typesupport_cpp.dir/rosidl_typesupport_cpp/yolov8_msgs/msg/detection_array__type_support.cpp.o[0m
[9.466s] [ 28%] [32mBuilding CXX object CMakeFiles/yolov8_msgs__rosidl_typesupport_introspection_cpp.dir/rosidl_typesupport_introspection_cpp/yolov8_msgs/msg/detail/vector2__type_support.cpp.o[0m
[9.487s] [ 28%] [32mBuilding CXX object CMakeFiles/yolov8_msgs__rosidl_typesupport_introspection_cpp.dir/rosidl_typesupport_introspection_cpp/yolov8_msgs/msg/detail/point2_d__type_support.cpp.o[0m
[9.508s] [ 29%] [32mBuilding CXX object CMakeFiles/yolov8_msgs__rosidl_typesupport_fastrtps_cpp.dir/rosidl_typesupport_fastrtps_cpp/yolov8_msgs/msg/detail/dds_fastrtps/point2_d__type_support.cpp.o[0m
[9.524s] [ 30%] [32mBuilding CXX object CMakeFiles/yolov8_msgs__rosidl_typesupport_fastrtps_cpp.dir/rosidl_typesupport_fastrtps_cpp/yolov8_msgs/msg/detail/dds_fastrtps/vector2__type_support.cpp.o[0m
[9.632s] [ 31%] [32mBuilding CXX object CMakeFiles/yolov8_msgs__rosidl_typesupport_c.dir/rosidl_typesupport_c/yolov8_msgs/msg/point2_d__type_support.cpp.o[0m
[9.756s] [ 31%] [32mBuilding CXX object CMakeFiles/yolov8_msgs__rosidl_typesupport_c.dir/rosidl_typesupport_c/yolov8_msgs/msg/vector2__type_support.cpp.o[0m
[9.888s] [ 32%] [32mBuilding CXX object CMakeFiles/yolov8_msgs__rosidl_typesupport_c.dir/rosidl_typesupport_c/yolov8_msgs/msg/pose2_d__type_support.cpp.o[0m
[9.909s] [ 33%] [32mBuilding CXX object CMakeFiles/yolov8_msgs__rosidl_typesupport_c.dir/rosidl_typesupport_c/yolov8_msgs/msg/bounding_box2_d__type_support.cpp.o[0m
[9.924s] [ 34%] [32mBuilding CXX object CMakeFiles/yolov8_msgs__rosidl_typesupport_c.dir/rosidl_typesupport_c/yolov8_msgs/msg/bounding_box3_d__type_support.cpp.o[0m
[9.928s] [ 35%] [32mBuilding CXX object CMakeFiles/yolov8_msgs__rosidl_typesupport_introspection_cpp.dir/rosidl_typesupport_introspection_cpp/yolov8_msgs/msg/detail/pose2_d__type_support.cpp.o[0m
[10.028s] [ 36%] [32mBuilding CXX object CMakeFiles/yolov8_msgs__rosidl_typesupport_c.dir/rosidl_typesupport_c/yolov8_msgs/msg/mask__type_support.cpp.o[0m
[10.038s] [ 37%] [32mBuilding CXX object CMakeFiles/yolov8_msgs__rosidl_typesupport_c.dir/rosidl_typesupport_c/yolov8_msgs/msg/key_point2_d__type_support.cpp.o[0m
[10.055s] [ 37%] [32mBuilding CXX object CMakeFiles/yolov8_msgs__rosidl_typesupport_c.dir/rosidl_typesupport_c/yolov8_msgs/msg/key_point2_d_array__type_support.cpp.o[0m
[10.057s] [ 38%] [32m[1mLinking CXX shared library libyolov8_msgs__rosidl_typesupport_cpp.so[0m
[10.161s] [ 39%] [32mBuilding CXX object CMakeFiles/yolov8_msgs__rosidl_typesupport_c.dir/rosidl_typesupport_c/yolov8_msgs/msg/key_point3_d_array__type_support.cpp.o[0m
[10.166s] [ 40%] [32mBuilding CXX object CMakeFiles/yolov8_msgs__rosidl_typesupport_c.dir/rosidl_typesupport_c/yolov8_msgs/msg/key_point3_d__type_support.cpp.o[0m
[10.179s] [ 41%] [32mBuilding CXX object CMakeFiles/yolov8_msgs__rosidl_typesupport_c.dir/rosidl_typesupport_c/yolov8_msgs/msg/detection__type_support.cpp.o[0m
[10.203s] [ 41%] Built target yolov8_msgs__rosidl_typesupport_cpp
[10.254s] [ 42%] [32mBuilding CXX object CMakeFiles/yolov8_msgs__rosidl_typesupport_c.dir/rosidl_typesupport_c/yolov8_msgs/msg/detection_array__type_support.cpp.o[0m
[10.268s] [ 43%] [32mBuilding CXX object CMakeFiles/yolov8_msgs__rosidl_typesupport_introspection_cpp.dir/rosidl_typesupport_introspection_cpp/yolov8_msgs/msg/detail/bounding_box2_d__type_support.cpp.o[0m
[10.313s] [ 44%] [32mBuilding CXX object CMakeFiles/yolov8_msgs__rosidl_typesupport_introspection_cpp.dir/rosidl_typesupport_introspection_cpp/yolov8_msgs/msg/detail/bounding_box3_d__type_support.cpp.o[0m
[10.332s] [ 45%] [32mBuilding CXX object CMakeFiles/yolov8_msgs__rosidl_typesupport_fastrtps_cpp.dir/rosidl_typesupport_fastrtps_cpp/yolov8_msgs/msg/detail/dds_fastrtps/pose2_d__type_support.cpp.o[0m
[10.339s] [ 46%] [32mBuilding CXX object CMakeFiles/yolov8_msgs__rosidl_typesupport_introspection_cpp.dir/rosidl_typesupport_introspection_cpp/yolov8_msgs/msg/detail/mask__type_support.cpp.o[0m
[10.358s] [ 47%] [32m[1mLinking CXX shared library libyolov8_msgs__rosidl_typesupport_c.so[0m
[10.418s] [ 48%] [32mBuilding CXX object CMakeFiles/yolov8_msgs__rosidl_typesupport_fastrtps_cpp.dir/rosidl_typesupport_fastrtps_cpp/yolov8_msgs/msg/detail/dds_fastrtps/bounding_box2_d__type_support.cpp.o[0m
[10.424s] [ 49%] [32mBuilding C object CMakeFiles/yolov8_msgs__rosidl_typesupport_introspection_c.dir/rosidl_typesupport_introspection_c/yolov8_msgs/msg/detail/point2_d__type_support.c.o[0m
[10.434s] [ 50%] [32mBuilding CXX object CMakeFiles/yolov8_msgs__rosidl_typesupport_fastrtps_c.dir/rosidl_typesupport_fastrtps_c/yolov8_msgs/msg/detail/point2_d__type_support_c.cpp.o[0m
[10.441s] [ 51%] [32mBuilding CXX object CMakeFiles/yolov8_msgs__rosidl_typesupport_introspection_cpp.dir/rosidl_typesupport_introspection_cpp/yolov8_msgs/msg/detail/key_point2_d_array__type_support.cpp.o[0m
[10.459s] [ 51%] [32mBuilding CXX object CMakeFiles/yolov8_msgs__rosidl_typesupport_introspection_cpp.dir/rosidl_typesupport_introspection_cpp/yolov8_msgs/msg/detail/key_point2_d__type_support.cpp.o[0m
[10.494s] [ 51%] Built target yolov8_msgs__rosidl_typesupport_c
[10.546s] [ 52%] [32mBuilding CXX object CMakeFiles/yolov8_msgs__rosidl_typesupport_fastrtps_c.dir/rosidl_typesupport_fastrtps_c/yolov8_msgs/msg/detail/vector2__type_support_c.cpp.o[0m
[10.561s] [ 53%] [32mBuilding CXX object CMakeFiles/yolov8_msgs__rosidl_typesupport_fastrtps_cpp.dir/rosidl_typesupport_fastrtps_cpp/yolov8_msgs/msg/detail/dds_fastrtps/bounding_box3_d__type_support.cpp.o[0m
[10.588s] [ 54%] [32mBuilding C object CMakeFiles/yolov8_msgs__rosidl_typesupport_introspection_c.dir/rosidl_typesupport_introspection_c/yolov8_msgs/msg/detail/vector2__type_support.c.o[0m
[11.175s] [ 56%] [32mBuilding CXX object CMakeFiles/yolov8_msgs__rosidl_typesupport_introspection_cpp.dir/rosidl_typesupport_introspection_cpp/yolov8_msgs/msg/detail/key_point3_d__type_support.cpp.o[0m
[11.175s] [ 56%] [32mBuilding C object CMakeFiles/yolov8_msgs__rosidl_typesupport_introspection_c.dir/rosidl_typesupport_introspection_c/yolov8_msgs/msg/detail/pose2_d__type_support.c.o[0m
[11.204s] [ 56%] [32mBuilding CXX object CMakeFiles/yolov8_msgs__rosidl_typesupport_fastrtps_c.dir/rosidl_typesupport_fastrtps_c/yolov8_msgs/msg/detail/pose2_d__type_support_c.cpp.o[0m
[11.211s] [ 56%] [32mBuilding CXX object CMakeFiles/yolov8_msgs__rosidl_typesupport_fastrtps_cpp.dir/rosidl_typesupport_fastrtps_cpp/yolov8_msgs/msg/detail/dds_fastrtps/mask__type_support.cpp.o[0m
[11.220s] [ 57%] [32mBuilding CXX object CMakeFiles/yolov8_msgs__rosidl_typesupport_introspection_cpp.dir/rosidl_typesupport_introspection_cpp/yolov8_msgs/msg/detail/key_point3_d_array__type_support.cpp.o[0m
[11.276s] [ 58%] [32mBuilding CXX object CMakeFiles/yolov8_msgs__rosidl_typesupport_introspection_cpp.dir/rosidl_typesupport_introspection_cpp/yolov8_msgs/msg/detail/detection__type_support.cpp.o[0m
[11.293s] [ 59%] [32mBuilding CXX object CMakeFiles/yolov8_msgs__rosidl_typesupport_fastrtps_c.dir/rosidl_typesupport_fastrtps_c/yolov8_msgs/msg/detail/bounding_box2_d__type_support_c.cpp.o[0m
[11.324s] [ 59%] [32mBuilding C object CMakeFiles/yolov8_msgs__rosidl_typesupport_introspection_c.dir/rosidl_typesupport_introspection_c/yolov8_msgs/msg/detail/bounding_box2_d__type_support.c.o[0m
[11.338s] [ 60%] [32mBuilding CXX object CMakeFiles/yolov8_msgs__rosidl_typesupport_fastrtps_cpp.dir/rosidl_typesupport_fastrtps_cpp/yolov8_msgs/msg/detail/dds_fastrtps/key_point2_d__type_support.cpp.o[0m
[11.383s] [ 61%] [32mBuilding CXX object CMakeFiles/yolov8_msgs__rosidl_typesupport_introspection_cpp.dir/rosidl_typesupport_introspection_cpp/yolov8_msgs/msg/detail/detection_array__type_support.cpp.o[0m
[11.452s] [ 62%] [32mBuilding CXX object CMakeFiles/yolov8_msgs__rosidl_typesupport_fastrtps_cpp.dir/rosidl_typesupport_fastrtps_cpp/yolov8_msgs/msg/detail/dds_fastrtps/key_point2_d_array__type_support.cpp.o[0m
[11.503s] [ 63%] [32mBuilding CXX object CMakeFiles/yolov8_msgs__rosidl_typesupport_fastrtps_cpp.dir/rosidl_typesupport_fastrtps_cpp/yolov8_msgs/msg/detail/dds_fastrtps/key_point3_d__type_support.cpp.o[0m
[11.513s] [ 64%] [32mBuilding C object CMakeFiles/yolov8_msgs__rosidl_typesupport_introspection_c.dir/rosidl_typesupport_introspection_c/yolov8_msgs/msg/detail/bounding_box3_d__type_support.c.o[0m
[11.601s] [ 65%] [32mBuilding CXX object CMakeFiles/yolov8_msgs__rosidl_typesupport_fastrtps_cpp.dir/rosidl_typesupport_fastrtps_cpp/yolov8_msgs/msg/detail/dds_fastrtps/key_point3_d_array__type_support.cpp.o[0m
[11.653s] [ 66%] [32mBuilding C object CMakeFiles/yolov8_msgs__rosidl_typesupport_introspection_c.dir/rosidl_typesupport_introspection_c/yolov8_msgs/msg/detail/mask__type_support.c.o[0m
[11.864s] [ 67%] [32mBuilding C object CMakeFiles/yolov8_msgs__rosidl_typesupport_introspection_c.dir/rosidl_typesupport_introspection_c/yolov8_msgs/msg/detail/key_point2_d__type_support.c.o[0m
[12.060s] [ 68%] [32mBuilding C object CMakeFiles/yolov8_msgs__rosidl_typesupport_introspection_c.dir/rosidl_typesupport_introspection_c/yolov8_msgs/msg/detail/key_point2_d_array__type_support.c.o[0m
[12.129s] [ 69%] [32mBuilding C object CMakeFiles/yolov8_msgs__rosidl_typesupport_introspection_c.dir/rosidl_typesupport_introspection_c/yolov8_msgs/msg/detail/key_point3_d__type_support.c.o[0m
[12.174s] [ 70%] [32mBuilding CXX object CMakeFiles/yolov8_msgs__rosidl_typesupport_fastrtps_c.dir/rosidl_typesupport_fastrtps_c/yolov8_msgs/msg/detail/mask__type_support_c.cpp.o[0m
[12.190s] [ 71%] [32mBuilding CXX object CMakeFiles/yolov8_msgs__rosidl_typesupport_fastrtps_c.dir/rosidl_typesupport_fastrtps_c/yolov8_msgs/msg/detail/bounding_box3_d__type_support_c.cpp.o[0m
[12.200s] [ 72%] [32mBuilding C object CMakeFiles/yolov8_msgs__rosidl_typesupport_introspection_c.dir/rosidl_typesupport_introspection_c/yolov8_msgs/msg/detail/key_point3_d_array__type_support.c.o[0m
[12.272s] [ 72%] [32mBuilding C object CMakeFiles/yolov8_msgs__rosidl_typesupport_introspection_c.dir/rosidl_typesupport_introspection_c/yolov8_msgs/msg/detail/detection__type_support.c.o[0m
[12.329s] [ 73%] [32mBuilding CXX object CMakeFiles/yolov8_msgs__rosidl_typesupport_fastrtps_cpp.dir/rosidl_typesupport_fastrtps_cpp/yolov8_msgs/msg/detail/dds_fastrtps/detection__type_support.cpp.o[0m
[12.395s] [ 73%] [32mBuilding CXX object CMakeFiles/yolov8_msgs__rosidl_typesupport_fastrtps_cpp.dir/rosidl_typesupport_fastrtps_cpp/yolov8_msgs/msg/detail/dds_fastrtps/detection_array__type_support.cpp.o[0m
[12.420s] [ 74%] [32mBuilding C object CMakeFiles/yolov8_msgs__rosidl_typesupport_introspection_c.dir/rosidl_typesupport_introspection_c/yolov8_msgs/msg/detail/detection_array__type_support.c.o[0m
[12.461s] [ 76%] [32mBuilding CXX object CMakeFiles/yolov8_msgs__rosidl_typesupport_fastrtps_c.dir/rosidl_typesupport_fastrtps_c/yolov8_msgs/msg/detail/key_point2_d__type_support_c.cpp.o[0m
[12.462s] [ 76%] [32mBuilding CXX object CMakeFiles/yolov8_msgs__rosidl_typesupport_fastrtps_c.dir/rosidl_typesupport_fastrtps_c/yolov8_msgs/msg/detail/key_point2_d_array__type_support_c.cpp.o[0m
[12.472s] [ 76%] [32mBuilding CXX object CMakeFiles/yolov8_msgs__rosidl_typesupport_fastrtps_c.dir/rosidl_typesupport_fastrtps_c/yolov8_msgs/msg/detail/key_point3_d__type_support_c.cpp.o[0m
[12.584s] [ 77%] [32m[1mLinking C shared library libyolov8_msgs__rosidl_typesupport_introspection_c.so[0m
[12.614s] [ 78%] [32mBuilding CXX object CMakeFiles/yolov8_msgs__rosidl_typesupport_fastrtps_c.dir/rosidl_typesupport_fastrtps_c/yolov8_msgs/msg/detail/key_point3_d_array__type_support_c.cpp.o[0m
[12.744s] [ 79%] [32mBuilding CXX object CMakeFiles/yolov8_msgs__rosidl_typesupport_fastrtps_c.dir/rosidl_typesupport_fastrtps_c/yolov8_msgs/msg/detail/detection__type_support_c.cpp.o[0m
[12.757s] [ 80%] [32mBuilding CXX object CMakeFiles/yolov8_msgs__rosidl_typesupport_fastrtps_c.dir/rosidl_typesupport_fastrtps_c/yolov8_msgs/msg/detail/detection_array__type_support_c.cpp.o[0m
[12.777s] [ 80%] Built target yolov8_msgs__rosidl_typesupport_introspection_c
[12.960s] [ 81%] [32m[1mLinking CXX shared library libyolov8_msgs__rosidl_typesupport_introspection_cpp.so[0m
[13.354s] [ 81%] Built target yolov8_msgs__rosidl_typesupport_introspection_cpp
[13.626s] [ 82%] [32m[1mLinking CXX shared library libyolov8_msgs__rosidl_typesupport_fastrtps_c.so[0m
[13.713s] [ 83%] [32m[1mLinking CXX shared library libyolov8_msgs__rosidl_typesupport_fastrtps_cpp.so[0m
[13.762s] [ 83%] Built target yolov8_msgs__rosidl_typesupport_fastrtps_c
[13.863s] [ 83%] Built target yolov8_msgs__rosidl_typesupport_fastrtps_cpp
[13.897s] [ 83%] Built target yolov8_msgs
[13.932s] [ 84%] [34m[1mGenerating Python code for ROS interfaces[0m
[17.806s] [ 84%] Built target yolov8_msgs__py
[17.842s] [ 84%] [32mBuilding C object CMakeFiles/yolov8_msgs__rosidl_generator_py.dir/rosidl_generator_py/yolov8_msgs/msg/_pose2_d_s.c.o[0m
[17.843s] [ 88%] [32mBuilding C object CMakeFiles/yolov8_msgs__rosidl_generator_py.dir/rosidl_generator_py/yolov8_msgs/msg/_bounding_box3_d_s.c.o[0m
[17.843s] [ 88%] [32mBuilding C object CMakeFiles/yolov8_msgs__rosidl_generator_py.dir/rosidl_generator_py/yolov8_msgs/msg/_point2_d_s.c.o[0m
[17.844s] [ 90%] [32mBuilding C object CMakeFiles/yolov8_msgs__rosidl_generator_py.dir/rosidl_generator_py/yolov8_msgs/msg/_key_point3_d_s.c.o[0m
[17.844s] [ 90%] [32mBuilding C object CMakeFiles/yolov8_msgs__rosidl_generator_py.dir/rosidl_generator_py/yolov8_msgs/msg/_bounding_box2_d_s.c.o[0m
[17.844s] [ 91%] [32mBuilding C object CMakeFiles/yolov8_msgs__rosidl_generator_py.dir/rosidl_generator_py/yolov8_msgs/msg/_vector2_s.c.o[0m
[17.844s] [ 90%] [32mBuilding C object CMakeFiles/yolov8_msgs__rosidl_generator_py.dir/rosidl_generator_py/yolov8_msgs/msg/_mask_s.c.o[0m
[17.845s] [ 91%] [32mBuilding C object CMakeFiles/yolov8_msgs__rosidl_generator_py.dir/rosidl_generator_py/yolov8_msgs/msg/_key_point2_d_s.c.o[0m
[17.847s] [ 92%] [32mBuilding C object CMakeFiles/yolov8_msgs__rosidl_generator_py.dir/rosidl_generator_py/yolov8_msgs/msg/_detection_s.c.o[0m
[17.849s] [ 93%] [32mBuilding C object CMakeFiles/yolov8_msgs__rosidl_generator_py.dir/rosidl_generator_py/yolov8_msgs/msg/_key_point2_d_array_s.c.o[0m
[17.851s] [ 93%] [32mBuilding C object CMakeFiles/yolov8_msgs__rosidl_generator_py.dir/rosidl_generator_py/yolov8_msgs/msg/_key_point3_d_array_s.c.o[0m
[17.856s] [ 94%] [32mBuilding C object CMakeFiles/yolov8_msgs__rosidl_generator_py.dir/rosidl_generator_py/yolov8_msgs/msg/_detection_array_s.c.o[0m
[18.161s] [ 95%] [32m[1mLinking C shared library rosidl_generator_py/yolov8_msgs/libyolov8_msgs__rosidl_generator_py.so[0m
[18.236s] [ 95%] Built target yolov8_msgs__rosidl_generator_py
[18.272s] [ 97%] [32mBuilding C object CMakeFiles/yolov8_msgs__rosidl_typesupport_fastrtps_c__pyext.dir/rosidl_generator_py/yolov8_msgs/_yolov8_msgs_s.ep.rosidl_typesupport_fastrtps_c.c.o[0m
[18.272s] [ 97%] [32mBuilding C object CMakeFiles/yolov8_msgs__rosidl_typesupport_c__pyext.dir/rosidl_generator_py/yolov8_msgs/_yolov8_msgs_s.ep.rosidl_typesupport_c.c.o[0m
[18.273s] [ 97%] [32mBuilding C object CMakeFiles/yolov8_msgs__rosidl_typesupport_introspection_c__pyext.dir/rosidl_generator_py/yolov8_msgs/_yolov8_msgs_s.ep.rosidl_typesupport_introspection_c.c.o[0m
[18.536s] [ 98%] [32m[1mLinking C shared library rosidl_generator_py/yolov8_msgs/yolov8_msgs_s__rosidl_typesupport_c.cpython-310-aarch64-linux-gnu.so[0m
[18.564s] [ 99%] [32m[1mLinking C shared library rosidl_generator_py/yolov8_msgs/yolov8_msgs_s__rosidl_typesupport_fastrtps_c.cpython-310-aarch64-linux-gnu.so[0m
[18.606s] [ 99%] Built target yolov8_msgs__rosidl_typesupport_c__pyext
[18.607s] [100%] [32m[1mLinking C shared library rosidl_generator_py/yolov8_msgs/yolov8_msgs_s__rosidl_typesupport_introspection_c.cpython-310-aarch64-linux-gnu.so[0m
[18.634s] [100%] Built target yolov8_msgs__rosidl_typesupport_fastrtps_c__pyext
[18.679s] [100%] Built target yolov8_msgs__rosidl_typesupport_introspection_c__pyext
[18.701s] Invoked command in '/home/orin/Prototype_Military/prototype_military/build/yolov8_msgs' returned '0': CMAKE_PREFIX_PATH=${CMAKE_PREFIX_PATH}:/home/orin/Prototype_Military/prototype_military/install/yolov8_ros:/home/orin/Prototype_Military/prototype_military/install/prototype_move:/opt/ros/humble /usr/bin/cmake --build /home/orin/Prototype_Military/prototype_military/build/yolov8_msgs -- -j12 -l12
[19.083s] Invoking command in '/home/orin/Prototype_Military/prototype_military/build/yolov8_msgs': CMAKE_PREFIX_PATH=${CMAKE_PREFIX_PATH}:/home/orin/Prototype_Military/prototype_military/install/yolov8_ros:/home/orin/Prototype_Military/prototype_military/install/prototype_move:/opt/ros/humble /usr/bin/cmake --install /home/orin/Prototype_Military/prototype_military/build/yolov8_msgs
[19.097s] -- Install configuration: ""
[19.098s] -- Installing: /home/orin/Prototype_Military/prototype_military/install/yolov8_msgs/share/ament_index/resource_index/rosidl_interfaces/yolov8_msgs
[19.098s] -- Installing: /home/orin/Prototype_Military/prototype_military/install/yolov8_msgs/include/yolov8_msgs/yolov8_msgs
[19.098s] -- Installing: /home/orin/Prototype_Military/prototype_military/install/yolov8_msgs/include/yolov8_msgs/yolov8_msgs/msg
[19.098s] -- Installing: /home/orin/Prototype_Military/prototype_military/install/yolov8_msgs/include/yolov8_msgs/yolov8_msgs/msg/mask.h
[19.098s] -- Installing: /home/orin/Prototype_Military/prototype_military/install/yolov8_msgs/include/yolov8_msgs/yolov8_msgs/msg/point2_d.h
[19.099s] -- Installing: /home/orin/Prototype_Military/prototype_military/install/yolov8_msgs/include/yolov8_msgs/yolov8_msgs/msg/detection_array.h
[19.099s] -- Installing: /home/orin/Prototype_Military/prototype_military/install/yolov8_msgs/include/yolov8_msgs/yolov8_msgs/msg/pose2_d.h
[19.099s] -- Installing: /home/orin/Prototype_Military/prototype_military/install/yolov8_msgs/include/yolov8_msgs/yolov8_msgs/msg/key_point2_d.h
[19.099s] -- Installing: /home/orin/Prototype_Military/prototype_military/install/yolov8_msgs/include/yolov8_msgs/yolov8_msgs/msg/detail
[19.099s] -- Installing: /home/orin/Prototype_Military/prototype_military/install/yolov8_msgs/include/yolov8_msgs/yolov8_msgs/msg/detail/vector2__functions.c
[19.100s] -- Installing: /home/orin/Prototype_Military/prototype_military/install/yolov8_msgs/include/yolov8_msgs/yolov8_msgs/msg/detail/key_point3_d__type_support.h
[19.100s] -- Installing: /home/orin/Prototype_Military/prototype_military/install/yolov8_msgs/include/yolov8_msgs/yolov8_msgs/msg/detail/pose2_d__type_support.h
[19.100s] -- Installing: /home/orin/Prototype_Military/prototype_military/install/yolov8_msgs/include/yolov8_msgs/yolov8_msgs/msg/detail/bounding_box2_d__struct.h
[19.100s] -- Installing: /home/orin/Prototype_Military/prototype_military/install/yolov8_msgs/include/yolov8_msgs/yolov8_msgs/msg/detail/key_point2_d_array__struct.h
[19.100s] -- Installing: /home/orin/Prototype_Military/prototype_military/install/yolov8_msgs/include/yolov8_msgs/yolov8_msgs/msg/detail/mask__functions.h
[19.101s] -- Installing: /home/orin/Prototype_Military/prototype_military/install/yolov8_msgs/include/yolov8_msgs/yolov8_msgs/msg/detail/key_point2_d_array__functions.h
[19.101s] -- Installing: /home/orin/Prototype_Military/prototype_military/install/yolov8_msgs/include/yolov8_msgs/yolov8_msgs/msg/detail/key_point2_d__type_support.h
[19.101s] -- Installing: /home/orin/Prototype_Military/prototype_military/install/yolov8_msgs/include/yolov8_msgs/yolov8_msgs/msg/detail/mask__type_support.h
[19.102s] -- Installing: /home/orin/Prototype_Military/prototype_military/install/yolov8_msgs/include/yolov8_msgs/yolov8_msgs/msg/detail/detection_array__functions.h
[19.102s] -- Installing: /home/orin/Prototype_Military/prototype_military/install/yolov8_msgs/include/yolov8_msgs/yolov8_msgs/msg/detail/detection__functions.h
[19.102s] -- Installing: /home/orin/Prototype_Military/prototype_military/install/yolov8_msgs/include/yolov8_msgs/yolov8_msgs/msg/detail/bounding_box3_d__functions.h
[19.102s] -- Installing: /home/orin/Prototype_Military/prototype_military/install/yolov8_msgs/include/yolov8_msgs/yolov8_msgs/msg/detail/bounding_box2_d__functions.c
[19.102s] -- Installing: /home/orin/Prototype_Military/prototype_military/install/yolov8_msgs/include/yolov8_msgs/yolov8_msgs/msg/detail/key_point3_d_array__functions.h
[19.103s] -- Installing: /home/orin/Prototype_Military/prototype_military/install/yolov8_msgs/include/yolov8_msgs/yolov8_msgs/msg/detail/detection_array__type_support.h
[19.103s] -- Installing: /home/orin/Prototype_Military/prototype_military/install/yolov8_msgs/include/yolov8_msgs/yolov8_msgs/msg/detail/key_point2_d__functions.c
[19.103s] -- Installing: /home/orin/Prototype_Military/prototype_military/install/yolov8_msgs/include/yolov8_msgs/yolov8_msgs/msg/detail/pose2_d__struct.h
[19.103s] -- Installing: /home/orin/Prototype_Military/prototype_military/install/yolov8_msgs/include/yolov8_msgs/yolov8_msgs/msg/detail/detection_array__struct.h
[19.103s] -- Installing: /home/orin/Prototype_Military/prototype_military/install/yolov8_msgs/include/yolov8_msgs/yolov8_msgs/msg/detail/key_point3_d__functions.h
[19.104s] -- Installing: /home/orin/Prototype_Military/prototype_military/install/yolov8_msgs/include/yolov8_msgs/yolov8_msgs/msg/detail/key_point2_d__struct.h
[19.104s] -- Installing: /home/orin/Prototype_Military/prototype_military/install/yolov8_msgs/include/yolov8_msgs/yolov8_msgs/msg/detail/bounding_box3_d__functions.c
[19.104s] -- Installing: /home/orin/Prototype_Military/prototype_military/install/yolov8_msgs/include/yolov8_msgs/yolov8_msgs/msg/detail/point2_d__functions.c
[19.104s] -- Installing: /home/orin/Prototype_Military/prototype_military/install/yolov8_msgs/include/yolov8_msgs/yolov8_msgs/msg/detail/pose2_d__functions.c
[19.104s] -- Installing: /home/orin/Prototype_Military/prototype_military/install/yolov8_msgs/include/yolov8_msgs/yolov8_msgs/msg/detail/detection__type_support.h
[19.105s] -- Installing: /home/orin/Prototype_Military/prototype_military/install/yolov8_msgs/include/yolov8_msgs/yolov8_msgs/msg/detail/detection__functions.c
[19.105s] -- Installing: /home/orin/Prototype_Military/prototype_military/install/yolov8_msgs/include/yolov8_msgs/yolov8_msgs/msg/detail/bounding_box2_d__functions.h
[19.105s] -- Installing: /home/orin/Prototype_Military/prototype_military/install/yolov8_msgs/include/yolov8_msgs/yolov8_msgs/msg/detail/key_point3_d__functions.c
[19.105s] -- Installing: /home/orin/Prototype_Military/prototype_military/install/yolov8_msgs/include/yolov8_msgs/yolov8_msgs/msg/detail/key_point2_d_array__functions.c
[19.106s] -- Installing: /home/orin/Prototype_Military/prototype_military/install/yolov8_msgs/include/yolov8_msgs/yolov8_msgs/msg/detail/detection_array__functions.c
[19.106s] -- Installing: /home/orin/Prototype_Military/prototype_military/install/yolov8_msgs/include/yolov8_msgs/yolov8_msgs/msg/detail/mask__struct.h
[19.106s] -- Installing: /home/orin/Prototype_Military/prototype_military/install/yolov8_msgs/include/yolov8_msgs/yolov8_msgs/msg/detail/detection__struct.h
[19.106s] -- Installing: /home/orin/Prototype_Military/prototype_military/install/yolov8_msgs/include/yolov8_msgs/yolov8_msgs/msg/detail/key_point3_d_array__struct.h
[19.106s] -- Installing: /home/orin/Prototype_Military/prototype_military/install/yolov8_msgs/include/yolov8_msgs/yolov8_msgs/msg/detail/key_point3_d__struct.h
[19.107s] -- Installing: /home/orin/Prototype_Military/prototype_military/install/yolov8_msgs/include/yolov8_msgs/yolov8_msgs/msg/detail/vector2__functions.h
[19.107s] -- Installing: /home/orin/Prototype_Military/prototype_military/install/yolov8_msgs/include/yolov8_msgs/yolov8_msgs/msg/detail/pose2_d__functions.h
[19.107s] -- Installing: /home/orin/Prototype_Military/prototype_military/install/yolov8_msgs/include/yolov8_msgs/yolov8_msgs/msg/detail/point2_d__type_support.h
[19.107s] -- Installing: /home/orin/Prototype_Military/prototype_military/install/yolov8_msgs/include/yolov8_msgs/yolov8_msgs/msg/detail/key_point3_d_array__functions.c
[19.107s] -- Installing: /home/orin/Prototype_Military/prototype_military/install/yolov8_msgs/include/yolov8_msgs/yolov8_msgs/msg/detail/bounding_box3_d__struct.h
[19.108s] -- Installing: /home/orin/Prototype_Military/prototype_military/install/yolov8_msgs/include/yolov8_msgs/yolov8_msgs/msg/detail/point2_d__struct.h
[19.108s] -- Installing: /home/orin/Prototype_Military/prototype_military/install/yolov8_msgs/include/yolov8_msgs/yolov8_msgs/msg/detail/vector2__type_support.h
[19.108s] -- Installing: /home/orin/Prototype_Military/prototype_military/install/yolov8_msgs/include/yolov8_msgs/yolov8_msgs/msg/detail/key_point2_d_array__type_support.h
[19.108s] -- Installing: /home/orin/Prototype_Military/prototype_military/install/yolov8_msgs/include/yolov8_msgs/yolov8_msgs/msg/detail/mask__functions.c
[19.108s] -- Installing: /home/orin/Prototype_Military/prototype_military/install/yolov8_msgs/include/yolov8_msgs/yolov8_msgs/msg/detail/point2_d__functions.h
[19.109s] -- Installing: /home/orin/Prototype_Military/prototype_military/install/yolov8_msgs/include/yolov8_msgs/yolov8_msgs/msg/detail/key_point3_d_array__type_support.h
[19.109s] -- Installing: /home/orin/Prototype_Military/prototype_military/install/yolov8_msgs/include/yolov8_msgs/yolov8_msgs/msg/detail/vector2__struct.h
[19.109s] -- Installing: /home/orin/Prototype_Military/prototype_military/install/yolov8_msgs/include/yolov8_msgs/yolov8_msgs/msg/detail/bounding_box3_d__type_support.h
[19.109s] -- Installing: /home/orin/Prototype_Military/prototype_military/install/yolov8_msgs/include/yolov8_msgs/yolov8_msgs/msg/detail/bounding_box2_d__type_support.h
[19.109s] -- Installing: /home/orin/Prototype_Military/prototype_military/install/yolov8_msgs/include/yolov8_msgs/yolov8_msgs/msg/detail/key_point2_d__functions.h
[19.110s] -- Installing: /home/orin/Prototype_Military/prototype_military/install/yolov8_msgs/include/yolov8_msgs/yolov8_msgs/msg/key_point2_d_array.h
[19.110s] -- Installing: /home/orin/Prototype_Military/prototype_military/install/yolov8_msgs/include/yolov8_msgs/yolov8_msgs/msg/key_point3_d_array.h
[19.110s] -- Installing: /home/orin/Prototype_Military/prototype_military/install/yolov8_msgs/include/yolov8_msgs/yolov8_msgs/msg/detection.h
[19.110s] -- Installing: /home/orin/Prototype_Military/prototype_military/install/yolov8_msgs/include/yolov8_msgs/yolov8_msgs/msg/bounding_box3_d.h
[19.110s] -- Installing: /home/orin/Prototype_Military/prototype_military/install/yolov8_msgs/include/yolov8_msgs/yolov8_msgs/msg/rosidl_generator_c__visibility_control.h
[19.111s] -- Installing: /home/orin/Prototype_Military/prototype_military/install/yolov8_msgs/include/yolov8_msgs/yolov8_msgs/msg/key_point3_d.h
[19.111s] -- Installing: /home/orin/Prototype_Military/prototype_military/install/yolov8_msgs/include/yolov8_msgs/yolov8_msgs/msg/bounding_box2_d.h
[19.111s] -- Installing: /home/orin/Prototype_Military/prototype_military/install/yolov8_msgs/include/yolov8_msgs/yolov8_msgs/msg/vector2.h
[19.111s] -- Installing: /home/orin/Prototype_Military/prototype_military/install/yolov8_msgs/share/yolov8_msgs/environment/library_path.sh
[19.112s] -- Installing: /home/orin/Prototype_Military/prototype_military/install/yolov8_msgs/share/yolov8_msgs/environment/library_path.dsv
[19.112s] -- Installing: /home/orin/Prototype_Military/prototype_military/install/yolov8_msgs/lib/libyolov8_msgs__rosidl_generator_c.so
[19.113s] -- Set runtime path of "/home/orin/Prototype_Military/prototype_military/install/yolov8_msgs/lib/libyolov8_msgs__rosidl_generator_c.so" to ""
[19.113s] -- Up-to-date: /home/orin/Prototype_Military/prototype_military/install/yolov8_msgs/include/yolov8_msgs/yolov8_msgs
[19.113s] -- Up-to-date: /home/orin/Prototype_Military/prototype_military/install/yolov8_msgs/include/yolov8_msgs/yolov8_msgs/msg
[19.113s] -- Installing: /home/orin/Prototype_Military/prototype_military/install/yolov8_msgs/include/yolov8_msgs/yolov8_msgs/msg/rosidl_typesupport_fastrtps_c__visibility_control.h
[19.114s] -- Up-to-date: /home/orin/Prototype_Military/prototype_military/install/yolov8_msgs/include/yolov8_msgs/yolov8_msgs/msg/detail
[19.114s] -- Installing: /home/orin/Prototype_Military/prototype_military/install/yolov8_msgs/include/yolov8_msgs/yolov8_msgs/msg/detail/detection__rosidl_typesupport_fastrtps_c.h
[19.114s] -- Installing: /home/orin/Prototype_Military/prototype_military/install/yolov8_msgs/include/yolov8_msgs/yolov8_msgs/msg/detail/bounding_box3_d__rosidl_typesupport_fastrtps_c.h
[19.114s] -- Installing: /home/orin/Prototype_Military/prototype_military/install/yolov8_msgs/include/yolov8_msgs/yolov8_msgs/msg/detail/detection_array__rosidl_typesupport_fastrtps_c.h
[19.114s] -- Installing: /home/orin/Prototype_Military/prototype_military/install/yolov8_msgs/include/yolov8_msgs/yolov8_msgs/msg/detail/vector2__rosidl_typesupport_fastrtps_c.h
[19.114s] -- Installing: /home/orin/Prototype_Military/prototype_military/install/yolov8_msgs/include/yolov8_msgs/yolov8_msgs/msg/detail/point2_d__rosidl_typesupport_fastrtps_c.h
[19.115s] -- Installing: /home/orin/Prototype_Military/prototype_military/install/yolov8_msgs/include/yolov8_msgs/yolov8_msgs/msg/detail/key_point3_d_array__rosidl_typesupport_fastrtps_c.h
[19.115s] -- Installing: /home/orin/Prototype_Military/prototype_military/install/yolov8_msgs/include/yolov8_msgs/yolov8_msgs/msg/detail/key_point3_d__rosidl_typesupport_fastrtps_c.h
[19.115s] -- Installing: /home/orin/Prototype_Military/prototype_military/install/yolov8_msgs/include/yolov8_msgs/yolov8_msgs/msg/detail/mask__rosidl_typesupport_fastrtps_c.h
[19.115s] -- Installing: /home/orin/Prototype_Military/prototype_military/install/yolov8_msgs/include/yolov8_msgs/yolov8_msgs/msg/detail/key_point2_d_array__rosidl_typesupport_fastrtps_c.h
[19.115s] -- Installing: /home/orin/Prototype_Military/prototype_military/install/yolov8_msgs/include/yolov8_msgs/yolov8_msgs/msg/detail/bounding_box2_d__rosidl_typesupport_fastrtps_c.h
[19.116s] -- Installing: /home/orin/Prototype_Military/prototype_military/install/yolov8_msgs/include/yolov8_msgs/yolov8_msgs/msg/detail/pose2_d__rosidl_typesupport_fastrtps_c.h
[19.116s] -- Installing: /home/orin/Prototype_Military/prototype_military/install/yolov8_msgs/include/yolov8_msgs/yolov8_msgs/msg/detail/key_point2_d__rosidl_typesupport_fastrtps_c.h
[19.116s] -- Installing: /home/orin/Prototype_Military/prototype_military/install/yolov8_msgs/lib/libyolov8_msgs__rosidl_typesupport_fastrtps_c.so
[19.117s] -- Set runtime path of "/home/orin/Prototype_Military/prototype_military/install/yolov8_msgs/lib/libyolov8_msgs__rosidl_typesupport_fastrtps_c.so" to ""
[19.117s] -- Up-to-date: /home/orin/Prototype_Military/prototype_military/install/yolov8_msgs/include/yolov8_msgs/yolov8_msgs
[19.117s] -- Up-to-date: /home/orin/Prototype_Military/prototype_military/install/yolov8_msgs/include/yolov8_msgs/yolov8_msgs/msg
[19.117s] -- Installing: /home/orin/Prototype_Military/prototype_military/install/yolov8_msgs/include/yolov8_msgs/yolov8_msgs/msg/rosidl_typesupport_introspection_c__visibility_control.h
[19.118s] -- Up-to-date: /home/orin/Prototype_Military/prototype_military/install/yolov8_msgs/include/yolov8_msgs/yolov8_msgs/msg/detail
[19.118s] -- Installing: /home/orin/Prototype_Military/prototype_military/install/yolov8_msgs/include/yolov8_msgs/yolov8_msgs/msg/detail/point2_d__type_support.c
[19.118s] -- Installing: /home/orin/Prototype_Military/prototype_military/install/yolov8_msgs/include/yolov8_msgs/yolov8_msgs/msg/detail/key_point3_d__rosidl_typesupport_introspection_c.h
[19.118s] -- Installing: /home/orin/Prototype_Military/prototype_military/install/yolov8_msgs/include/yolov8_msgs/yolov8_msgs/msg/detail/bounding_box2_d__rosidl_typesupport_introspection_c.h
[19.118s] -- Installing: /home/orin/Prototype_Military/prototype_military/install/yolov8_msgs/include/yolov8_msgs/yolov8_msgs/msg/detail/pose2_d__rosidl_typesupport_introspection_c.h
[19.118s] -- Installing: /home/orin/Prototype_Military/prototype_military/install/yolov8_msgs/include/yolov8_msgs/yolov8_msgs/msg/detail/key_point2_d__rosidl_typesupport_introspection_c.h
[19.119s] -- Installing: /home/orin/Prototype_Military/prototype_military/install/yolov8_msgs/include/yolov8_msgs/yolov8_msgs/msg/detail/detection_array__type_support.c
[19.119s] -- Installing: /home/orin/Prototype_Military/prototype_military/install/yolov8_msgs/include/yolov8_msgs/yolov8_msgs/msg/detail/point2_d__rosidl_typesupport_introspection_c.h
[19.119s] -- Installing: /home/orin/Prototype_Military/prototype_military/install/yolov8_msgs/include/yolov8_msgs/yolov8_msgs/msg/detail/vector2__rosidl_typesupport_introspection_c.h
[19.119s] -- Installing: /home/orin/Prototype_Military/prototype_military/install/yolov8_msgs/include/yolov8_msgs/yolov8_msgs/msg/detail/key_point3_d_array__type_support.c
[19.119s] -- Installing: /home/orin/Prototype_Military/prototype_military/install/yolov8_msgs/include/yolov8_msgs/yolov8_msgs/msg/detail/key_point3_d__type_support.c
[19.120s] -- Installing: /home/orin/Prototype_Military/prototype_military/install/yolov8_msgs/include/yolov8_msgs/yolov8_msgs/msg/detail/vector2__type_support.c
[19.120s] -- Installing: /home/orin/Prototype_Military/prototype_military/install/yolov8_msgs/include/yolov8_msgs/yolov8_msgs/msg/detail/key_point2_d_array__type_support.c
[19.120s] -- Installing: /home/orin/Prototype_Military/prototype_military/install/yolov8_msgs/include/yolov8_msgs/yolov8_msgs/msg/detail/key_point2_d_array__rosidl_typesupport_introspection_c.h
[19.120s] -- Installing: /home/orin/Prototype_Military/prototype_military/install/yolov8_msgs/include/yolov8_msgs/yolov8_msgs/msg/detail/detection_array__rosidl_typesupport_introspection_c.h
[19.121s] -- Installing: /home/orin/Prototype_Military/prototype_military/install/yolov8_msgs/include/yolov8_msgs/yolov8_msgs/msg/detail/bounding_box2_d__type_support.c
[19.121s] -- Installing: /home/orin/Prototype_Military/prototype_military/install/yolov8_msgs/include/yolov8_msgs/yolov8_msgs/msg/detail/key_point2_d__type_support.c
[19.121s] -- Installing: /home/orin/Prototype_Military/prototype_military/install/yolov8_msgs/include/yolov8_msgs/yolov8_msgs/msg/detail/key_point3_d_array__rosidl_typesupport_introspection_c.h
[19.121s] -- Installing: /home/orin/Prototype_Military/prototype_military/install/yolov8_msgs/include/yolov8_msgs/yolov8_msgs/msg/detail/mask__type_support.c
[19.121s] -- Installing: /home/orin/Prototype_Military/prototype_military/install/yolov8_msgs/include/yolov8_msgs/yolov8_msgs/msg/detail/mask__rosidl_typesupport_introspection_c.h
[19.122s] -- Installing: /home/orin/Prototype_Military/prototype_military/install/yolov8_msgs/include/yolov8_msgs/yolov8_msgs/msg/detail/bounding_box3_d__type_support.c
[19.122s] -- Installing: /home/orin/Prototype_Military/prototype_military/install/yolov8_msgs/include/yolov8_msgs/yolov8_msgs/msg/detail/detection__type_support.c
[19.122s] -- Installing: /home/orin/Prototype_Military/prototype_military/install/yolov8_msgs/include/yolov8_msgs/yolov8_msgs/msg/detail/detection__rosidl_typesupport_introspection_c.h
[19.122s] -- Installing: /home/orin/Prototype_Military/prototype_military/install/yolov8_msgs/include/yolov8_msgs/yolov8_msgs/msg/detail/pose2_d__type_support.c
[19.122s] -- Installing: /home/orin/Prototype_Military/prototype_military/install/yolov8_msgs/include/yolov8_msgs/yolov8_msgs/msg/detail/bounding_box3_d__rosidl_typesupport_introspection_c.h
[19.123s] -- Installing: /home/orin/Prototype_Military/prototype_military/install/yolov8_msgs/lib/libyolov8_msgs__rosidl_typesupport_introspection_c.so
[19.124s] -- Set runtime path of "/home/orin/Prototype_Military/prototype_military/install/yolov8_msgs/lib/libyolov8_msgs__rosidl_typesupport_introspection_c.so" to ""
[19.124s] -- Installing: /home/orin/Prototype_Military/prototype_military/install/yolov8_msgs/lib/libyolov8_msgs__rosidl_typesupport_c.so
[19.124s] -- Set runtime path of "/home/orin/Prototype_Military/prototype_military/install/yolov8_msgs/lib/libyolov8_msgs__rosidl_typesupport_c.so" to ""
[19.124s] -- Up-to-date: /home/orin/Prototype_Military/prototype_military/install/yolov8_msgs/include/yolov8_msgs/yolov8_msgs
[19.125s] -- Up-to-date: /home/orin/Prototype_Military/prototype_military/install/yolov8_msgs/include/yolov8_msgs/yolov8_msgs/msg
[19.125s] -- Installing: /home/orin/Prototype_Military/prototype_military/install/yolov8_msgs/include/yolov8_msgs/yolov8_msgs/msg/bounding_box3_d.hpp
[19.125s] -- Installing: /home/orin/Prototype_Military/prototype_military/install/yolov8_msgs/include/yolov8_msgs/yolov8_msgs/msg/key_point2_d_array.hpp
[19.125s] -- Installing: /home/orin/Prototype_Military/prototype_military/install/yolov8_msgs/include/yolov8_msgs/yolov8_msgs/msg/key_point3_d_array.hpp
[19.125s] -- Installing: /home/orin/Prototype_Military/prototype_military/install/yolov8_msgs/include/yolov8_msgs/yolov8_msgs/msg/mask.hpp
[19.125s] -- Installing: /home/orin/Prototype_Military/prototype_military/install/yolov8_msgs/include/yolov8_msgs/yolov8_msgs/msg/pose2_d.hpp
[19.126s] -- Installing: /home/orin/Prototype_Military/prototype_military/install/yolov8_msgs/include/yolov8_msgs/yolov8_msgs/msg/bounding_box2_d.hpp
[19.126s] -- Installing: /home/orin/Prototype_Military/prototype_military/install/yolov8_msgs/include/yolov8_msgs/yolov8_msgs/msg/detection_array.hpp
[19.126s] -- Up-to-date: /home/orin/Prototype_Military/prototype_military/install/yolov8_msgs/include/yolov8_msgs/yolov8_msgs/msg/detail
[19.126s] -- Installing: /home/orin/Prototype_Military/prototype_military/install/yolov8_msgs/include/yolov8_msgs/yolov8_msgs/msg/detail/bounding_box3_d__traits.hpp
[19.126s] -- Installing: /home/orin/Prototype_Military/prototype_military/install/yolov8_msgs/include/yolov8_msgs/yolov8_msgs/msg/detail/detection__builder.hpp
[19.127s] -- Installing: /home/orin/Prototype_Military/prototype_military/install/yolov8_msgs/include/yolov8_msgs/yolov8_msgs/msg/detail/point2_d__struct.hpp
[19.127s] -- Installing: /home/orin/Prototype_Military/prototype_military/install/yolov8_msgs/include/yolov8_msgs/yolov8_msgs/msg/detail/mask__builder.hpp
[19.127s] -- Installing: /home/orin/Prototype_Military/prototype_military/install/yolov8_msgs/include/yolov8_msgs/yolov8_msgs/msg/detail/bounding_box2_d__builder.hpp
[19.127s] -- Installing: /home/orin/Prototype_Military/prototype_military/install/yolov8_msgs/include/yolov8_msgs/yolov8_msgs/msg/detail/detection_array__struct.hpp
[19.127s] -- Installing: /home/orin/Prototype_Military/prototype_military/install/yolov8_msgs/include/yolov8_msgs/yolov8_msgs/msg/detail/detection__struct.hpp
[19.127s] -- Installing: /home/orin/Prototype_Military/prototype_military/install/yolov8_msgs/include/yolov8_msgs/yolov8_msgs/msg/detail/bounding_box2_d__struct.hpp
[19.128s] -- Installing: /home/orin/Prototype_Military/prototype_military/install/yolov8_msgs/include/yolov8_msgs/yolov8_msgs/msg/detail/key_point2_d_array__struct.hpp
[19.128s] -- Installing: /home/orin/Prototype_Military/prototype_military/install/yolov8_msgs/include/yolov8_msgs/yolov8_msgs/msg/detail/key_point2_d_array__traits.hpp
[19.128s] -- Installing: /home/orin/Prototype_Military/prototype_military/install/yolov8_msgs/include/yolov8_msgs/yolov8_msgs/msg/detail/pose2_d__builder.hpp
[19.128s] -- Installing: /home/orin/Prototype_Military/prototype_military/install/yolov8_msgs/include/yolov8_msgs/yolov8_msgs/msg/detail/bounding_box2_d__traits.hpp
[19.129s] -- Installing: /home/orin/Prototype_Military/prototype_military/install/yolov8_msgs/include/yolov8_msgs/yolov8_msgs/msg/detail/key_point2_d__struct.hpp
[19.129s] -- Installing: /home/orin/Prototype_Military/prototype_military/install/yolov8_msgs/include/yolov8_msgs/yolov8_msgs/msg/detail/pose2_d__traits.hpp
[19.129s] -- Installing: /home/orin/Prototype_Military/prototype_military/install/yolov8_msgs/include/yolov8_msgs/yolov8_msgs/msg/detail/point2_d__traits.hpp
[19.129s] -- Installing: /home/orin/Prototype_Military/prototype_military/install/yolov8_msgs/include/yolov8_msgs/yolov8_msgs/msg/detail/key_point3_d__traits.hpp
[19.129s] -- Installing: /home/orin/Prototype_Military/prototype_military/install/yolov8_msgs/include/yolov8_msgs/yolov8_msgs/msg/detail/key_point3_d__builder.hpp
[19.130s] -- Installing: /home/orin/Prototype_Military/prototype_military/install/yolov8_msgs/include/yolov8_msgs/yolov8_msgs/msg/detail/key_point2_d_array__builder.hpp
[19.130s] -- Installing: /home/orin/Prototype_Military/prototype_military/install/yolov8_msgs/include/yolov8_msgs/yolov8_msgs/msg/detail/pose2_d__struct.hpp
[19.130s] -- Installing: /home/orin/Prototype_Military/prototype_military/install/yolov8_msgs/include/yolov8_msgs/yolov8_msgs/msg/detail/point2_d__builder.hpp
[19.130s] -- Installing: /home/orin/Prototype_Military/prototype_military/install/yolov8_msgs/include/yolov8_msgs/yolov8_msgs/msg/detail/key_point3_d_array__traits.hpp
[19.131s] -- Installing: /home/orin/Prototype_Military/prototype_military/install/yolov8_msgs/include/yolov8_msgs/yolov8_msgs/msg/detail/bounding_box3_d__struct.hpp
[19.131s] -- Installing: /home/orin/Prototype_Military/prototype_military/install/yolov8_msgs/include/yolov8_msgs/yolov8_msgs/msg/detail/key_point3_d_array__struct.hpp
[19.131s] -- Installing: /home/orin/Prototype_Military/prototype_military/install/yolov8_msgs/include/yolov8_msgs/yolov8_msgs/msg/detail/key_point2_d__builder.hpp
[19.131s] -- Installing: /home/orin/Prototype_Military/prototype_military/install/yolov8_msgs/include/yolov8_msgs/yolov8_msgs/msg/detail/vector2__struct.hpp
[19.131s] -- Installing: /home/orin/Prototype_Military/prototype_military/install/yolov8_msgs/include/yolov8_msgs/yolov8_msgs/msg/detail/key_point2_d__traits.hpp
[19.132s] -- Installing: /home/orin/Prototype_Military/prototype_military/install/yolov8_msgs/include/yolov8_msgs/yolov8_msgs/msg/detail/detection_array__traits.hpp
[19.132s] -- Installing: /home/orin/Prototype_Military/prototype_military/install/yolov8_msgs/include/yolov8_msgs/yolov8_msgs/msg/detail/mask__traits.hpp
[19.132s] -- Installing: /home/orin/Prototype_Military/prototype_military/install/yolov8_msgs/include/yolov8_msgs/yolov8_msgs/msg/detail/detection_array__builder.hpp
[19.132s] -- Installing: /home/orin/Prototype_Military/prototype_military/install/yolov8_msgs/include/yolov8_msgs/yolov8_msgs/msg/detail/key_point3_d_array__builder.hpp
[19.132s] -- Installing: /home/orin/Prototype_Military/prototype_military/install/yolov8_msgs/include/yolov8_msgs/yolov8_msgs/msg/detail/vector2__traits.hpp
[19.133s] -- Installing: /home/orin/Prototype_Military/prototype_military/install/yolov8_msgs/include/yolov8_msgs/yolov8_msgs/msg/detail/vector2__builder.hpp
[19.133s] -- Installing: /home/orin/Prototype_Military/prototype_military/install/yolov8_msgs/include/yolov8_msgs/yolov8_msgs/msg/detail/mask__struct.hpp
[19.133s] -- Installing: /home/orin/Prototype_Military/prototype_military/install/yolov8_msgs/include/yolov8_msgs/yolov8_msgs/msg/detail/detection__traits.hpp
[19.133s] -- Installing: /home/orin/Prototype_Military/prototype_military/install/yolov8_msgs/include/yolov8_msgs/yolov8_msgs/msg/detail/key_point3_d__struct.hpp
[19.133s] -- Installing: /home/orin/Prototype_Military/prototype_military/install/yolov8_msgs/include/yolov8_msgs/yolov8_msgs/msg/detail/bounding_box3_d__builder.hpp
[19.134s] -- Installing: /home/orin/Prototype_Military/prototype_military/install/yolov8_msgs/include/yolov8_msgs/yolov8_msgs/msg/point2_d.hpp
[19.134s] -- Installing: /home/orin/Prototype_Military/prototype_military/install/yolov8_msgs/include/yolov8_msgs/yolov8_msgs/msg/detection.hpp
[19.134s] -- Installing: /home/orin/Prototype_Military/prototype_military/install/yolov8_msgs/include/yolov8_msgs/yolov8_msgs/msg/vector2.hpp
[19.135s] -- Installing: /home/orin/Prototype_Military/prototype_military/install/yolov8_msgs/include/yolov8_msgs/yolov8_msgs/msg/key_point2_d.hpp
[19.135s] -- Installing: /home/orin/Prototype_Military/prototype_military/install/yolov8_msgs/include/yolov8_msgs/yolov8_msgs/msg/key_point3_d.hpp
[19.135s] -- Up-to-date: /home/orin/Prototype_Military/prototype_military/install/yolov8_msgs/include/yolov8_msgs/yolov8_msgs
[19.135s] -- Up-to-date: /home/orin/Prototype_Military/prototype_military/install/yolov8_msgs/include/yolov8_msgs/yolov8_msgs/msg
[19.135s] -- Installing: /home/orin/Prototype_Military/prototype_military/install/yolov8_msgs/include/yolov8_msgs/yolov8_msgs/msg/rosidl_typesupport_fastrtps_cpp__visibility_control.h
[19.135s] -- Up-to-date: /home/orin/Prototype_Military/prototype_military/install/yolov8_msgs/include/yolov8_msgs/yolov8_msgs/msg/detail
[19.136s] -- Installing: /home/orin/Prototype_Military/prototype_military/install/yolov8_msgs/include/yolov8_msgs/yolov8_msgs/msg/detail/point2_d__rosidl_typesupport_fastrtps_cpp.hpp
[19.136s] -- Installing: /home/orin/Prototype_Military/prototype_military/install/yolov8_msgs/include/yolov8_msgs/yolov8_msgs/msg/detail/pose2_d__rosidl_typesupport_fastrtps_cpp.hpp
[19.136s] -- Installing: /home/orin/Prototype_Military/prototype_military/install/yolov8_msgs/include/yolov8_msgs/yolov8_msgs/msg/detail/key_point2_d__rosidl_typesupport_fastrtps_cpp.hpp
[19.136s] -- Installing: /home/orin/Prototype_Military/prototype_military/install/yolov8_msgs/include/yolov8_msgs/yolov8_msgs/msg/detail/bounding_box3_d__rosidl_typesupport_fastrtps_cpp.hpp
[19.136s] -- Installing: /home/orin/Prototype_Military/prototype_military/install/yolov8_msgs/include/yolov8_msgs/yolov8_msgs/msg/detail/dds_fastrtps
[19.136s] -- Installing: /home/orin/Prototype_Military/prototype_military/install/yolov8_msgs/include/yolov8_msgs/yolov8_msgs/msg/detail/detection__rosidl_typesupport_fastrtps_cpp.hpp
[19.137s] -- Installing: /home/orin/Prototype_Military/prototype_military/install/yolov8_msgs/include/yolov8_msgs/yolov8_msgs/msg/detail/bounding_box2_d__rosidl_typesupport_fastrtps_cpp.hpp
[19.137s] -- Installing: /home/orin/Prototype_Military/prototype_military/install/yolov8_msgs/include/yolov8_msgs/yolov8_msgs/msg/detail/key_point2_d_array__rosidl_typesupport_fastrtps_cpp.hpp
[19.137s] -- Installing: /home/orin/Prototype_Military/prototype_military/install/yolov8_msgs/include/yolov8_msgs/yolov8_msgs/msg/detail/key_point3_d__rosidl_typesupport_fastrtps_cpp.hpp
[19.137s] -- Installing: /home/orin/Prototype_Military/prototype_military/install/yolov8_msgs/include/yolov8_msgs/yolov8_msgs/msg/detail/detection_array__rosidl_typesupport_fastrtps_cpp.hpp
[19.138s] -- Installing: /home/orin/Prototype_Military/prototype_military/install/yolov8_msgs/include/yolov8_msgs/yolov8_msgs/msg/detail/key_point3_d_array__rosidl_typesupport_fastrtps_cpp.hpp
[19.138s] -- Installing: /home/orin/Prototype_Military/prototype_military/install/yolov8_msgs/include/yolov8_msgs/yolov8_msgs/msg/detail/mask__rosidl_typesupport_fastrtps_cpp.hpp
[19.138s] -- Installing: /home/orin/Prototype_Military/prototype_military/install/yolov8_msgs/include/yolov8_msgs/yolov8_msgs/msg/detail/vector2__rosidl_typesupport_fastrtps_cpp.hpp
[19.138s] -- Installing: /home/orin/Prototype_Military/prototype_military/install/yolov8_msgs/lib/libyolov8_msgs__rosidl_typesupport_fastrtps_cpp.so
[19.140s] -- Set runtime path of "/home/orin/Prototype_Military/prototype_military/install/yolov8_msgs/lib/libyolov8_msgs__rosidl_typesupport_fastrtps_cpp.so" to ""
[19.140s] -- Up-to-date: /home/orin/Prototype_Military/prototype_military/install/yolov8_msgs/include/yolov8_msgs/yolov8_msgs
[19.140s] -- Up-to-date: /home/orin/Prototype_Military/prototype_military/install/yolov8_msgs/include/yolov8_msgs/yolov8_msgs/msg
[19.140s] -- Up-to-date: /home/orin/Prototype_Military/prototype_military/install/yolov8_msgs/include/yolov8_msgs/yolov8_msgs/msg/detail
[19.140s] -- Installing: /home/orin/Prototype_Military/prototype_military/install/yolov8_msgs/include/yolov8_msgs/yolov8_msgs/msg/detail/key_point3_d__type_support.cpp
[19.140s] -- Installing: /home/orin/Prototype_Military/prototype_military/install/yolov8_msgs/include/yolov8_msgs/yolov8_msgs/msg/detail/detection__rosidl_typesupport_introspection_cpp.hpp
[19.140s] -- Installing: /home/orin/Prototype_Military/prototype_military/install/yolov8_msgs/include/yolov8_msgs/yolov8_msgs/msg/detail/bounding_box2_d__rosidl_typesupport_introspection_cpp.hpp
[19.141s] -- Installing: /home/orin/Prototype_Military/prototype_military/install/yolov8_msgs/include/yolov8_msgs/yolov8_msgs/msg/detail/mask__rosidl_typesupport_introspection_cpp.hpp
[19.141s] -- Installing: /home/orin/Prototype_Military/prototype_military/install/yolov8_msgs/include/yolov8_msgs/yolov8_msgs/msg/detail/detection__type_support.cpp
[19.141s] -- Installing: /home/orin/Prototype_Military/prototype_military/install/yolov8_msgs/include/yolov8_msgs/yolov8_msgs/msg/detail/point2_d__rosidl_typesupport_introspection_cpp.hpp
[19.141s] -- Installing: /home/orin/Prototype_Military/prototype_military/install/yolov8_msgs/include/yolov8_msgs/yolov8_msgs/msg/detail/pose2_d__rosidl_typesupport_introspection_cpp.hpp
[19.141s] -- Installing: /home/orin/Prototype_Military/prototype_military/install/yolov8_msgs/include/yolov8_msgs/yolov8_msgs/msg/detail/vector2__type_support.cpp
[19.142s] -- Installing: /home/orin/Prototype_Military/prototype_military/install/yolov8_msgs/include/yolov8_msgs/yolov8_msgs/msg/detail/bounding_box3_d__type_support.cpp
[19.142s] -- Installing: /home/orin/Prototype_Military/prototype_military/install/yolov8_msgs/include/yolov8_msgs/yolov8_msgs/msg/detail/key_point3_d__rosidl_typesupport_introspection_cpp.hpp
[19.142s] -- Installing: /home/orin/Prototype_Military/prototype_military/install/yolov8_msgs/include/yolov8_msgs/yolov8_msgs/msg/detail/key_point2_d__type_support.cpp
[19.142s] -- Installing: /home/orin/Prototype_Military/prototype_military/install/yolov8_msgs/include/yolov8_msgs/yolov8_msgs/msg/detail/key_point2_d_array__type_support.cpp
[19.142s] -- Installing: /home/orin/Prototype_Military/prototype_military/install/yolov8_msgs/include/yolov8_msgs/yolov8_msgs/msg/detail/detection_array__rosidl_typesupport_introspection_cpp.hpp
[19.143s] -- Installing: /home/orin/Prototype_Military/prototype_military/install/yolov8_msgs/include/yolov8_msgs/yolov8_msgs/msg/detail/key_point3_d_array__rosidl_typesupport_introspection_cpp.hpp
[19.143s] -- Installing: /home/orin/Prototype_Military/prototype_military/install/yolov8_msgs/include/yolov8_msgs/yolov8_msgs/msg/detail/vector2__rosidl_typesupport_introspection_cpp.hpp
[19.143s] -- Installing: /home/orin/Prototype_Military/prototype_military/install/yolov8_msgs/include/yolov8_msgs/yolov8_msgs/msg/detail/detection_array__type_support.cpp
[19.143s] -- Installing: /home/orin/Prototype_Military/prototype_military/install/yolov8_msgs/include/yolov8_msgs/yolov8_msgs/msg/detail/key_point3_d_array__type_support.cpp
[19.144s] -- Installing: /home/orin/Prototype_Military/prototype_military/install/yolov8_msgs/include/yolov8_msgs/yolov8_msgs/msg/detail/key_point2_d__rosidl_typesupport_introspection_cpp.hpp
[19.144s] -- Installing: /home/orin/Prototype_Military/prototype_military/install/yolov8_msgs/include/yolov8_msgs/yolov8_msgs/msg/detail/pose2_d__type_support.cpp
[19.144s] -- Installing: /home/orin/Prototype_Military/prototype_military/install/yolov8_msgs/include/yolov8_msgs/yolov8_msgs/msg/detail/mask__type_support.cpp
[19.144s] -- Installing: /home/orin/Prototype_Military/prototype_military/install/yolov8_msgs/include/yolov8_msgs/yolov8_msgs/msg/detail/point2_d__type_support.cpp
[19.144s] -- Installing: /home/orin/Prototype_Military/prototype_military/install/yolov8_msgs/include/yolov8_msgs/yolov8_msgs/msg/detail/bounding_box2_d__type_support.cpp
[19.145s] -- Installing: /home/orin/Prototype_Military/prototype_military/install/yolov8_msgs/include/yolov8_msgs/yolov8_msgs/msg/detail/key_point2_d_array__rosidl_typesupport_introspection_cpp.hpp
[19.145s] -- Installing: /home/orin/Prototype_Military/prototype_military/install/yolov8_msgs/include/yolov8_msgs/yolov8_msgs/msg/detail/bounding_box3_d__rosidl_typesupport_introspection_cpp.hpp
[19.145s] -- Installing: /home/orin/Prototype_Military/prototype_military/install/yolov8_msgs/lib/libyolov8_msgs__rosidl_typesupport_introspection_cpp.so
[19.146s] -- Set runtime path of "/home/orin/Prototype_Military/prototype_military/install/yolov8_msgs/lib/libyolov8_msgs__rosidl_typesupport_introspection_cpp.so" to ""
[19.147s] -- Installing: /home/orin/Prototype_Military/prototype_military/install/yolov8_msgs/lib/libyolov8_msgs__rosidl_typesupport_cpp.so
[19.147s] -- Set runtime path of "/home/orin/Prototype_Military/prototype_military/install/yolov8_msgs/lib/libyolov8_msgs__rosidl_typesupport_cpp.so" to ""
[19.147s] -- Installing: /home/orin/Prototype_Military/prototype_military/install/yolov8_msgs/share/yolov8_msgs/environment/pythonpath.sh
[19.148s] -- Installing: /home/orin/Prototype_Military/prototype_military/install/yolov8_msgs/share/yolov8_msgs/environment/pythonpath.dsv
[19.148s] -- Installing: /home/orin/Prototype_Military/prototype_military/install/yolov8_msgs/local/lib/python3.10/dist-packages/yolov8_msgs-3.3.2-py3.10.egg-info
[19.148s] -- Installing: /home/orin/Prototype_Military/prototype_military/install/yolov8_msgs/local/lib/python3.10/dist-packages/yolov8_msgs-3.3.2-py3.10.egg-info/top_level.txt
[19.148s] -- Installing: /home/orin/Prototype_Military/prototype_military/install/yolov8_msgs/local/lib/python3.10/dist-packages/yolov8_msgs-3.3.2-py3.10.egg-info/dependency_links.txt
[19.149s] -- Installing: /home/orin/Prototype_Military/prototype_military/install/yolov8_msgs/local/lib/python3.10/dist-packages/yolov8_msgs-3.3.2-py3.10.egg-info/PKG-INFO
[19.149s] -- Installing: /home/orin/Prototype_Military/prototype_military/install/yolov8_msgs/local/lib/python3.10/dist-packages/yolov8_msgs-3.3.2-py3.10.egg-info/SOURCES.txt
[19.149s] -- Installing: /home/orin/Prototype_Military/prototype_military/install/yolov8_msgs/local/lib/python3.10/dist-packages/yolov8_msgs
[19.149s] -- Installing: /home/orin/Prototype_Military/prototype_military/install/yolov8_msgs/local/lib/python3.10/dist-packages/yolov8_msgs/_yolov8_msgs_s.ep.rosidl_typesupport_introspection_c.c
[19.150s] -- Installing: /home/orin/Prototype_Military/prototype_military/install/yolov8_msgs/local/lib/python3.10/dist-packages/yolov8_msgs/libyolov8_msgs__rosidl_generator_py.so
[19.150s] -- Installing: /home/orin/Prototype_Military/prototype_military/install/yolov8_msgs/local/lib/python3.10/dist-packages/yolov8_msgs/msg
[19.150s] -- Installing: /home/orin/Prototype_Military/prototype_military/install/yolov8_msgs/local/lib/python3.10/dist-packages/yolov8_msgs/msg/_point2_d.py
[19.150s] -- Installing: /home/orin/Prototype_Military/prototype_military/install/yolov8_msgs/local/lib/python3.10/dist-packages/yolov8_msgs/msg/_key_point2_d_array_s.c
[19.151s] -- Installing: /home/orin/Prototype_Military/prototype_military/install/yolov8_msgs/local/lib/python3.10/dist-packages/yolov8_msgs/msg/_point2_d_s.c
[19.151s] -- Installing: /home/orin/Prototype_Military/prototype_military/install/yolov8_msgs/local/lib/python3.10/dist-packages/yolov8_msgs/msg/_key_point2_d_s.c
[19.151s] -- Installing: /home/orin/Prototype_Military/prototype_military/install/yolov8_msgs/local/lib/python3.10/dist-packages/yolov8_msgs/msg/_detection_array.py
[19.151s] -- Installing: /home/orin/Prototype_Military/prototype_military/install/yolov8_msgs/local/lib/python3.10/dist-packages/yolov8_msgs/msg/_pose2_d.py
[19.151s] -- Installing: /home/orin/Prototype_Military/prototype_military/install/yolov8_msgs/local/lib/python3.10/dist-packages/yolov8_msgs/msg/__init__.py
[19.152s] -- Installing: /home/orin/Prototype_Military/prototype_military/install/yolov8_msgs/local/lib/python3.10/dist-packages/yolov8_msgs/msg/_key_point2_d.py
[19.152s] -- Installing: /home/orin/Prototype_Military/prototype_military/install/yolov8_msgs/local/lib/python3.10/dist-packages/yolov8_msgs/msg/_vector2_s.c
[19.152s] -- Installing: /home/orin/Prototype_Military/prototype_military/install/yolov8_msgs/local/lib/python3.10/dist-packages/yolov8_msgs/msg/_key_point2_d_array.py
[19.152s] -- Installing: /home/orin/Prototype_Military/prototype_military/install/yolov8_msgs/local/lib/python3.10/dist-packages/yolov8_msgs/msg/_key_point3_d_array.py
[19.152s] -- Installing: /home/orin/Prototype_Military/prototype_military/install/yolov8_msgs/local/lib/python3.10/dist-packages/yolov8_msgs/msg/_mask.py
[19.153s] -- Installing: /home/orin/Prototype_Military/prototype_military/install/yolov8_msgs/local/lib/python3.10/dist-packages/yolov8_msgs/msg/_key_point3_d_array_s.c
[19.153s] -- Installing: /home/orin/Prototype_Military/prototype_military/install/yolov8_msgs/local/lib/python3.10/dist-packages/yolov8_msgs/msg/_bounding_box3_d_s.c
[19.153s] -- Installing: /home/orin/Prototype_Military/prototype_military/install/yolov8_msgs/local/lib/python3.10/dist-packages/yolov8_msgs/msg/_bounding_box3_d.py
[19.153s] -- Installing: /home/orin/Prototype_Military/prototype_military/install/yolov8_msgs/local/lib/python3.10/dist-packages/yolov8_msgs/msg/_mask_s.c
[19.154s] -- Installing: /home/orin/Prototype_Military/prototype_military/install/yolov8_msgs/local/lib/python3.10/dist-packages/yolov8_msgs/msg/_detection.py
[19.154s] -- Installing: /home/orin/Prototype_Military/prototype_military/install/yolov8_msgs/local/lib/python3.10/dist-packages/yolov8_msgs/msg/_bounding_box2_d.py
[19.154s] -- Installing: /home/orin/Prototype_Military/prototype_military/install/yolov8_msgs/local/lib/python3.10/dist-packages/yolov8_msgs/msg/_key_point3_d_s.c
[19.154s] -- Installing: /home/orin/Prototype_Military/prototype_military/install/yolov8_msgs/local/lib/python3.10/dist-packages/yolov8_msgs/msg/_detection_s.c
[19.154s] -- Installing: /home/orin/Prototype_Military/prototype_military/install/yolov8_msgs/local/lib/python3.10/dist-packages/yolov8_msgs/msg/_vector2.py
[19.155s] -- Installing: /home/orin/Prototype_Military/prototype_military/install/yolov8_msgs/local/lib/python3.10/dist-packages/yolov8_msgs/msg/_bounding_box2_d_s.c
[19.155s] -- Installing: /home/orin/Prototype_Military/prototype_military/install/yolov8_msgs/local/lib/python3.10/dist-packages/yolov8_msgs/msg/_pose2_d_s.c
[19.155s] -- Installing: /home/orin/Prototype_Military/prototype_military/install/yolov8_msgs/local/lib/python3.10/dist-packages/yolov8_msgs/msg/_detection_array_s.c
[19.155s] -- Installing: /home/orin/Prototype_Military/prototype_military/install/yolov8_msgs/local/lib/python3.10/dist-packages/yolov8_msgs/msg/_key_point3_d.py
[19.155s] -- Installing: /home/orin/Prototype_Military/prototype_military/install/yolov8_msgs/local/lib/python3.10/dist-packages/yolov8_msgs/_yolov8_msgs_s.ep.rosidl_typesupport_c.c
[19.156s] -- Installing: /home/orin/Prototype_Military/prototype_military/install/yolov8_msgs/local/lib/python3.10/dist-packages/yolov8_msgs/__init__.py
[19.156s] -- Installing: /home/orin/Prototype_Military/prototype_military/install/yolov8_msgs/local/lib/python3.10/dist-packages/yolov8_msgs/yolov8_msgs_s__rosidl_typesupport_fastrtps_c.cpython-310-aarch64-linux-gnu.so
[19.156s] -- Installing: /home/orin/Prototype_Military/prototype_military/install/yolov8_msgs/local/lib/python3.10/dist-packages/yolov8_msgs/_yolov8_msgs_s.ep.rosidl_typesupport_fastrtps_c.c
[19.157s] -- Installing: /home/orin/Prototype_Military/prototype_military/install/yolov8_msgs/local/lib/python3.10/dist-packages/yolov8_msgs/yolov8_msgs_s__rosidl_typesupport_introspection_c.cpython-310-aarch64-linux-gnu.so
[19.157s] -- Installing: /home/orin/Prototype_Military/prototype_military/install/yolov8_msgs/local/lib/python3.10/dist-packages/yolov8_msgs/yolov8_msgs_s__rosidl_typesupport_c.cpython-310-aarch64-linux-gnu.so
[19.247s] Listing '/home/orin/Prototype_Military/prototype_military/install/yolov8_msgs/local/lib/python3.10/dist-packages/yolov8_msgs'...
[19.248s] Compiling '/home/orin/Prototype_Military/prototype_military/install/yolov8_msgs/local/lib/python3.10/dist-packages/yolov8_msgs/__init__.py'...
[19.248s] Listing '/home/orin/Prototype_Military/prototype_military/install/yolov8_msgs/local/lib/python3.10/dist-packages/yolov8_msgs/msg'...
[19.248s] Compiling '/home/orin/Prototype_Military/prototype_military/install/yolov8_msgs/local/lib/python3.10/dist-packages/yolov8_msgs/msg/__init__.py'...
[19.248s] Compiling '/home/orin/Prototype_Military/prototype_military/install/yolov8_msgs/local/lib/python3.10/dist-packages/yolov8_msgs/msg/_bounding_box2_d.py'...
[19.248s] Compiling '/home/orin/Prototype_Military/prototype_military/install/yolov8_msgs/local/lib/python3.10/dist-packages/yolov8_msgs/msg/_bounding_box3_d.py'...
[19.248s] Compiling '/home/orin/Prototype_Military/prototype_military/install/yolov8_msgs/local/lib/python3.10/dist-packages/yolov8_msgs/msg/_detection.py'...
[19.248s] Compiling '/home/orin/Prototype_Military/prototype_military/install/yolov8_msgs/local/lib/python3.10/dist-packages/yolov8_msgs/msg/_detection_array.py'...
[19.248s] Compiling '/home/orin/Prototype_Military/prototype_military/install/yolov8_msgs/local/lib/python3.10/dist-packages/yolov8_msgs/msg/_key_point2_d.py'...
[19.249s] Compiling '/home/orin/Prototype_Military/prototype_military/install/yolov8_msgs/local/lib/python3.10/dist-packages/yolov8_msgs/msg/_key_point2_d_array.py'...
[19.249s] Compiling '/home/orin/Prototype_Military/prototype_military/install/yolov8_msgs/local/lib/python3.10/dist-packages/yolov8_msgs/msg/_key_point3_d.py'...
[19.249s] Compiling '/home/orin/Prototype_Military/prototype_military/install/yolov8_msgs/local/lib/python3.10/dist-packages/yolov8_msgs/msg/_key_point3_d_array.py'...
[19.249s] Compiling '/home/orin/Prototype_Military/prototype_military/install/yolov8_msgs/local/lib/python3.10/dist-packages/yolov8_msgs/msg/_mask.py'...
[19.249s] Compiling '/home/orin/Prototype_Military/prototype_military/install/yolov8_msgs/local/lib/python3.10/dist-packages/yolov8_msgs/msg/_point2_d.py'...
[19.249s] Compiling '/home/orin/Prototype_Military/prototype_military/install/yolov8_msgs/local/lib/python3.10/dist-packages/yolov8_msgs/msg/_pose2_d.py'...
[19.249s] Compiling '/home/orin/Prototype_Military/prototype_military/install/yolov8_msgs/local/lib/python3.10/dist-packages/yolov8_msgs/msg/_vector2.py'...
[19.258s] -- Installing: /home/orin/Prototype_Military/prototype_military/install/yolov8_msgs/local/lib/python3.10/dist-packages/yolov8_msgs/yolov8_msgs_s__rosidl_typesupport_fastrtps_c.cpython-310-aarch64-linux-gnu.so
[19.259s] -- Set runtime path of "/home/orin/Prototype_Military/prototype_military/install/yolov8_msgs/local/lib/python3.10/dist-packages/yolov8_msgs/yolov8_msgs_s__rosidl_typesupport_fastrtps_c.cpython-310-aarch64-linux-gnu.so" to ""
[19.259s] -- Installing: /home/orin/Prototype_Military/prototype_military/install/yolov8_msgs/local/lib/python3.10/dist-packages/yolov8_msgs/yolov8_msgs_s__rosidl_typesupport_introspection_c.cpython-310-aarch64-linux-gnu.so
[19.260s] -- Set runtime path of "/home/orin/Prototype_Military/prototype_military/install/yolov8_msgs/local/lib/python3.10/dist-packages/yolov8_msgs/yolov8_msgs_s__rosidl_typesupport_introspection_c.cpython-310-aarch64-linux-gnu.so" to ""
[19.260s] -- Installing: /home/orin/Prototype_Military/prototype_military/install/yolov8_msgs/local/lib/python3.10/dist-packages/yolov8_msgs/yolov8_msgs_s__rosidl_typesupport_c.cpython-310-aarch64-linux-gnu.so
[19.261s] -- Set runtime path of "/home/orin/Prototype_Military/prototype_military/install/yolov8_msgs/local/lib/python3.10/dist-packages/yolov8_msgs/yolov8_msgs_s__rosidl_typesupport_c.cpython-310-aarch64-linux-gnu.so" to ""
[19.261s] -- Installing: /home/orin/Prototype_Military/prototype_military/install/yolov8_msgs/lib/libyolov8_msgs__rosidl_generator_py.so
[19.261s] -- Set runtime path of "/home/orin/Prototype_Military/prototype_military/install/yolov8_msgs/lib/libyolov8_msgs__rosidl_generator_py.so" to ""
[19.262s] -- Installing: /home/orin/Prototype_Military/prototype_military/install/yolov8_msgs/share/yolov8_msgs/msg/Point2D.idl
[19.262s] -- Installing: /home/orin/Prototype_Military/prototype_military/install/yolov8_msgs/share/yolov8_msgs/msg/Vector2.idl
[19.262s] -- Installing: /home/orin/Prototype_Military/prototype_military/install/yolov8_msgs/share/yolov8_msgs/msg/Pose2D.idl
[19.263s] -- Installing: /home/orin/Prototype_Military/prototype_military/install/yolov8_msgs/share/yolov8_msgs/msg/BoundingBox2D.idl
[19.263s] -- Installing: /home/orin/Prototype_Military/prototype_military/install/yolov8_msgs/share/yolov8_msgs/msg/BoundingBox3D.idl
[19.263s] -- Installing: /home/orin/Prototype_Military/prototype_military/install/yolov8_msgs/share/yolov8_msgs/msg/Mask.idl
[19.263s] -- Installing: /home/orin/Prototype_Military/prototype_military/install/yolov8_msgs/share/yolov8_msgs/msg/KeyPoint2D.idl
[19.264s] -- Installing: /home/orin/Prototype_Military/prototype_military/install/yolov8_msgs/share/yolov8_msgs/msg/KeyPoint2DArray.idl
[19.264s] -- Installing: /home/orin/Prototype_Military/prototype_military/install/yolov8_msgs/share/yolov8_msgs/msg/KeyPoint3D.idl
[19.264s] -- Installing: /home/orin/Prototype_Military/prototype_military/install/yolov8_msgs/share/yolov8_msgs/msg/KeyPoint3DArray.idl
[19.264s] -- Installing: /home/orin/Prototype_Military/prototype_military/install/yolov8_msgs/share/yolov8_msgs/msg/Detection.idl
[19.265s] -- Installing: /home/orin/Prototype_Military/prototype_military/install/yolov8_msgs/share/yolov8_msgs/msg/DetectionArray.idl
[19.265s] -- Installing: /home/orin/Prototype_Military/prototype_military/install/yolov8_msgs/share/yolov8_msgs/msg/Point2D.msg
[19.265s] -- Installing: /home/orin/Prototype_Military/prototype_military/install/yolov8_msgs/share/yolov8_msgs/msg/Vector2.msg
[19.265s] -- Installing: /home/orin/Prototype_Military/prototype_military/install/yolov8_msgs/share/yolov8_msgs/msg/Pose2D.msg
[19.266s] -- Installing: /home/orin/Prototype_Military/prototype_military/install/yolov8_msgs/share/yolov8_msgs/msg/BoundingBox2D.msg
[19.266s] -- Installing: /home/orin/Prototype_Military/prototype_military/install/yolov8_msgs/share/yolov8_msgs/msg/BoundingBox3D.msg
[19.266s] -- Installing: /home/orin/Prototype_Military/prototype_military/install/yolov8_msgs/share/yolov8_msgs/msg/Mask.msg
[19.267s] -- Installing: /home/orin/Prototype_Military/prototype_military/install/yolov8_msgs/share/yolov8_msgs/msg/KeyPoint2D.msg
[19.267s] -- Installing: /home/orin/Prototype_Military/prototype_military/install/yolov8_msgs/share/yolov8_msgs/msg/KeyPoint2DArray.msg
[19.267s] -- Installing: /home/orin/Prototype_Military/prototype_military/install/yolov8_msgs/share/yolov8_msgs/msg/KeyPoint3D.msg
[19.267s] -- Installing: /home/orin/Prototype_Military/prototype_military/install/yolov8_msgs/share/yolov8_msgs/msg/KeyPoint3DArray.msg
[19.268s] -- Installing: /home/orin/Prototype_Military/prototype_military/install/yolov8_msgs/share/yolov8_msgs/msg/Detection.msg
[19.268s] -- Installing: /home/orin/Prototype_Military/prototype_military/install/yolov8_msgs/share/yolov8_msgs/msg/DetectionArray.msg
[19.268s] -- Installing: /home/orin/Prototype_Military/prototype_military/install/yolov8_msgs/share/ament_index/resource_index/package_run_dependencies/yolov8_msgs
[19.269s] -- Installing: /home/orin/Prototype_Military/prototype_military/install/yolov8_msgs/share/ament_index/resource_index/parent_prefix_path/yolov8_msgs
[19.269s] -- Installing: /home/orin/Prototype_Military/prototype_military/install/yolov8_msgs/share/yolov8_msgs/environment/ament_prefix_path.sh
[19.269s] -- Installing: /home/orin/Prototype_Military/prototype_military/install/yolov8_msgs/share/yolov8_msgs/environment/ament_prefix_path.dsv
[19.269s] -- Installing: /home/orin/Prototype_Military/prototype_military/install/yolov8_msgs/share/yolov8_msgs/environment/path.sh
[19.270s] -- Installing: /home/orin/Prototype_Military/prototype_military/install/yolov8_msgs/share/yolov8_msgs/environment/path.dsv
[19.270s] -- Installing: /home/orin/Prototype_Military/prototype_military/install/yolov8_msgs/share/yolov8_msgs/local_setup.bash
[19.270s] -- Installing: /home/orin/Prototype_Military/prototype_military/install/yolov8_msgs/share/yolov8_msgs/local_setup.sh
[19.271s] -- Installing: /home/orin/Prototype_Military/prototype_military/install/yolov8_msgs/share/yolov8_msgs/local_setup.zsh
[19.271s] -- Installing: /home/orin/Prototype_Military/prototype_military/install/yolov8_msgs/share/yolov8_msgs/local_setup.dsv
[19.271s] -- Installing: /home/orin/Prototype_Military/prototype_military/install/yolov8_msgs/share/yolov8_msgs/package.dsv
[19.271s] -- Installing: /home/orin/Prototype_Military/prototype_military/install/yolov8_msgs/share/ament_index/resource_index/packages/yolov8_msgs
[19.272s] -- Installing: /home/orin/Prototype_Military/prototype_military/install/yolov8_msgs/share/yolov8_msgs/cmake/export_yolov8_msgs__rosidl_generator_cExport.cmake
[19.272s] -- Installing: /home/orin/Prototype_Military/prototype_military/install/yolov8_msgs/share/yolov8_msgs/cmake/export_yolov8_msgs__rosidl_generator_cExport-noconfig.cmake
[19.272s] -- Installing: /home/orin/Prototype_Military/prototype_military/install/yolov8_msgs/share/yolov8_msgs/cmake/export_yolov8_msgs__rosidl_typesupport_fastrtps_cExport.cmake
[19.273s] -- Installing: /home/orin/Prototype_Military/prototype_military/install/yolov8_msgs/share/yolov8_msgs/cmake/export_yolov8_msgs__rosidl_typesupport_fastrtps_cExport-noconfig.cmake
[19.273s] -- Installing: /home/orin/Prototype_Military/prototype_military/install/yolov8_msgs/share/yolov8_msgs/cmake/yolov8_msgs__rosidl_typesupport_introspection_cExport.cmake
[19.273s] -- Installing: /home/orin/Prototype_Military/prototype_military/install/yolov8_msgs/share/yolov8_msgs/cmake/yolov8_msgs__rosidl_typesupport_introspection_cExport-noconfig.cmake
[19.274s] -- Installing: /home/orin/Prototype_Military/prototype_military/install/yolov8_msgs/share/yolov8_msgs/cmake/yolov8_msgs__rosidl_typesupport_cExport.cmake
[19.274s] -- Installing: /home/orin/Prototype_Military/prototype_military/install/yolov8_msgs/share/yolov8_msgs/cmake/yolov8_msgs__rosidl_typesupport_cExport-noconfig.cmake
[19.274s] -- Installing: /home/orin/Prototype_Military/prototype_military/install/yolov8_msgs/share/yolov8_msgs/cmake/export_yolov8_msgs__rosidl_generator_cppExport.cmake
[19.275s] -- Installing: /home/orin/Prototype_Military/prototype_military/install/yolov8_msgs/share/yolov8_msgs/cmake/export_yolov8_msgs__rosidl_typesupport_fastrtps_cppExport.cmake
[19.275s] -- Installing: /home/orin/Prototype_Military/prototype_military/install/yolov8_msgs/share/yolov8_msgs/cmake/export_yolov8_msgs__rosidl_typesupport_fastrtps_cppExport-noconfig.cmake
[19.275s] -- Installing: /home/orin/Prototype_Military/prototype_military/install/yolov8_msgs/share/yolov8_msgs/cmake/yolov8_msgs__rosidl_typesupport_introspection_cppExport.cmake
[19.275s] -- Installing: /home/orin/Prototype_Military/prototype_military/install/yolov8_msgs/share/yolov8_msgs/cmake/yolov8_msgs__rosidl_typesupport_introspection_cppExport-noconfig.cmake
[19.276s] -- Installing: /home/orin/Prototype_Military/prototype_military/install/yolov8_msgs/share/yolov8_msgs/cmake/yolov8_msgs__rosidl_typesupport_cppExport.cmake
[19.276s] -- Installing: /home/orin/Prototype_Military/prototype_military/install/yolov8_msgs/share/yolov8_msgs/cmake/yolov8_msgs__rosidl_typesupport_cppExport-noconfig.cmake
[19.276s] -- Installing: /home/orin/Prototype_Military/prototype_military/install/yolov8_msgs/share/yolov8_msgs/cmake/export_yolov8_msgs__rosidl_generator_pyExport.cmake
[19.277s] -- Installing: /home/orin/Prototype_Military/prototype_military/install/yolov8_msgs/share/yolov8_msgs/cmake/export_yolov8_msgs__rosidl_generator_pyExport-noconfig.cmake
[19.277s] -- Installing: /home/orin/Prototype_Military/prototype_military/install/yolov8_msgs/share/yolov8_msgs/cmake/rosidl_cmake-extras.cmake
[19.277s] -- Installing: /home/orin/Prototype_Military/prototype_military/install/yolov8_msgs/share/yolov8_msgs/cmake/ament_cmake_export_dependencies-extras.cmake
[19.278s] -- Installing: /home/orin/Prototype_Military/prototype_military/install/yolov8_msgs/share/yolov8_msgs/cmake/ament_cmake_export_include_directories-extras.cmake
[19.278s] -- Installing: /home/orin/Prototype_Military/prototype_military/install/yolov8_msgs/share/yolov8_msgs/cmake/ament_cmake_export_libraries-extras.cmake
[19.278s] -- Installing: /home/orin/Prototype_Military/prototype_military/install/yolov8_msgs/share/yolov8_msgs/cmake/ament_cmake_export_targets-extras.cmake
[19.278s] -- Installing: /home/orin/Prototype_Military/prototype_military/install/yolov8_msgs/share/yolov8_msgs/cmake/rosidl_cmake_export_typesupport_targets-extras.cmake
[19.279s] -- Installing: /home/orin/Prototype_Military/prototype_military/install/yolov8_msgs/share/yolov8_msgs/cmake/rosidl_cmake_export_typesupport_libraries-extras.cmake
[19.279s] -- Installing: /home/orin/Prototype_Military/prototype_military/install/yolov8_msgs/share/yolov8_msgs/cmake/yolov8_msgsConfig.cmake
[19.279s] -- Installing: /home/orin/Prototype_Military/prototype_military/install/yolov8_msgs/share/yolov8_msgs/cmake/yolov8_msgsConfig-version.cmake
[19.279s] -- Installing: /home/orin/Prototype_Military/prototype_military/install/yolov8_msgs/share/yolov8_msgs/package.xml
[19.285s] Invoked command in '/home/orin/Prototype_Military/prototype_military/build/yolov8_msgs' returned '0': CMAKE_PREFIX_PATH=${CMAKE_PREFIX_PATH}:/home/orin/Prototype_Military/prototype_military/install/yolov8_ros:/home/orin/Prototype_Military/prototype_military/install/prototype_move:/opt/ros/humble /usr/bin/cmake --install /home/orin/Prototype_Military/prototype_military/build/yolov8_msgs
