[0.016s] Invoking command in '/home/hansol/project/build/limo_msgs': /usr/bin/cmake --build /home/hansol/project/build/limo_msgs -- -j12 -l12
[0.325s] [  3%] Built target limo_msgs__cpp
[0.326s] [ 12%] Built target limo_msgs__rosidl_generator_c
[0.326s] [ 12%] Built target ament_cmake_python_symlink_limo_msgs
[0.327s] [ 22%] Built target limo_msgs__rosidl_typesupport_cpp
[0.327s] [ 32%] Built target limo_msgs__rosidl_typesupport_introspection_cpp
[0.327s] [ 41%] Built target limo_msgs__rosidl_typesupport_introspection_c
[0.328s] [ 51%] Built target limo_msgs__rosidl_typesupport_c
[0.328s] [ 61%] Built target limo_msgs__rosidl_typesupport_fastrtps_cpp
[0.329s] [ 70%] Built target limo_msgs__rosidl_typesupport_fastrtps_c
[0.329s] [ 70%] Built target limo_msgs
[0.331s] [ 74%] Built target limo_msgs__py
[0.331s] [ 80%] Built target limo_msgs__rosidl_generator_py
[0.332s] [100%] Built target limo_msgs__rosidl_typesupport_fastrtps_c__pyext
[0.332s] [100%] Built target limo_msgs__rosidl_typesupport_c__pyext
[0.333s] [100%] Built target limo_msgs__rosidl_typesupport_introspection_c__pyext
[0.333s] running egg_info
[0.334s] writing limo_msgs.egg-info/PKG-INFO
[0.334s] writing dependency_links to limo_msgs.egg-info/dependency_links.txt
[0.334s] writing top-level names to limo_msgs.egg-info/top_level.txt
[0.334s] reading manifest file 'limo_msgs.egg-info/SOURCES.txt'
[0.335s] writing manifest file 'limo_msgs.egg-info/SOURCES.txt'
[0.336s] [100%] Built target ament_cmake_python_build_limo_msgs_egg
[0.337s] Invoked command in '/home/hansol/project/build/limo_msgs' returned '0': /usr/bin/cmake --build /home/hansol/project/build/limo_msgs -- -j12 -l12
[0.365s] Invoking command in '/home/hansol/project/build/limo_msgs': /usr/bin/cmake --install /home/hansol/project/build/limo_msgs
[0.373s] -- Install configuration: ""
[0.373s] -- Execute custom install script
[0.374s] -- Up-to-date symlink: /home/hansol/project/install/limo_msgs/share/ament_index/resource_index/rosidl_interfaces/limo_msgs
[0.374s] -- Up-to-date symlink: /home/hansol/project/install/limo_msgs/include/limo_msgs/limo_msgs/msg/detail/limo_status__functions.h
[0.374s] -- Up-to-date symlink: /home/hansol/project/install/limo_msgs/include/limo_msgs/limo_msgs/msg/detail/limo_status__struct.h
[0.375s] -- Up-to-date symlink: /home/hansol/project/install/limo_msgs/include/limo_msgs/limo_msgs/msg/detail/limo_status__type_support.h
[0.375s] -- Up-to-date symlink: /home/hansol/project/install/limo_msgs/include/limo_msgs/limo_msgs/msg/limo_status.h
[0.375s] -- Up-to-date symlink: /home/hansol/project/install/limo_msgs/include/limo_msgs/limo_msgs/msg/rosidl_generator_c__visibility_control.h
[0.375s] -- Up-to-date symlink: /home/hansol/project/install/limo_msgs/share/limo_msgs/environment/library_path.sh
[0.375s] -- Up-to-date symlink: /home/hansol/project/install/limo_msgs/share/limo_msgs/environment/library_path.dsv
[0.375s] -- Up-to-date symlink: /home/hansol/project/install/limo_msgs/include/limo_msgs/limo_msgs/msg/detail/limo_status__rosidl_typesupport_fastrtps_c.h
[0.376s] -- Up-to-date symlink: /home/hansol/project/install/limo_msgs/include/limo_msgs/limo_msgs/msg/rosidl_typesupport_fastrtps_c__visibility_control.h
[0.376s] -- Up-to-date symlink: /home/hansol/project/install/limo_msgs/include/limo_msgs/limo_msgs/msg/detail/limo_status__builder.hpp
[0.376s] -- Up-to-date symlink: /home/hansol/project/install/limo_msgs/include/limo_msgs/limo_msgs/msg/detail/limo_status__struct.hpp
[0.376s] -- Up-to-date symlink: /home/hansol/project/install/limo_msgs/include/limo_msgs/limo_msgs/msg/detail/limo_status__traits.hpp
[0.376s] -- Up-to-date symlink: /home/hansol/project/install/limo_msgs/include/limo_msgs/limo_msgs/msg/limo_status.hpp
[0.376s] -- Up-to-date symlink: /home/hansol/project/install/limo_msgs/include/limo_msgs/limo_msgs/msg/detail/limo_status__rosidl_typesupport_fastrtps_cpp.hpp
[0.377s] -- Up-to-date symlink: /home/hansol/project/install/limo_msgs/include/limo_msgs/limo_msgs/msg/rosidl_typesupport_fastrtps_cpp__visibility_control.h
[0.377s] -- Up-to-date symlink: /home/hansol/project/install/limo_msgs/include/limo_msgs/limo_msgs/msg/detail/limo_status__rosidl_typesupport_introspection_c.h
[0.377s] -- Up-to-date symlink: /home/hansol/project/install/limo_msgs/include/limo_msgs/limo_msgs/msg/rosidl_typesupport_introspection_c__visibility_control.h
[0.377s] -- Up-to-date symlink: /home/hansol/project/install/limo_msgs/include/limo_msgs/limo_msgs/msg/detail/limo_status__rosidl_typesupport_introspection_cpp.hpp
[0.377s] -- Up-to-date symlink: /home/hansol/project/install/limo_msgs/share/limo_msgs/environment/pythonpath.sh
[0.377s] -- Up-to-date symlink: /home/hansol/project/install/limo_msgs/share/limo_msgs/environment/pythonpath.dsv
[0.378s] -- Up-to-date symlink: /home/hansol/project/install/limo_msgs/local/lib/python3.10/dist-packages/limo_msgs-0.0.0-py3.10.egg-info/PKG-INFO
[0.378s] -- Up-to-date symlink: /home/hansol/project/install/limo_msgs/local/lib/python3.10/dist-packages/limo_msgs-0.0.0-py3.10.egg-info/SOURCES.txt
[0.378s] -- Up-to-date symlink: /home/hansol/project/install/limo_msgs/local/lib/python3.10/dist-packages/limo_msgs-0.0.0-py3.10.egg-info/dependency_links.txt
[0.378s] -- Up-to-date symlink: /home/hansol/project/install/limo_msgs/local/lib/python3.10/dist-packages/limo_msgs-0.0.0-py3.10.egg-info/top_level.txt
[0.378s] -- Up-to-date symlink: /home/hansol/project/install/limo_msgs/local/lib/python3.10/dist-packages/limo_msgs/__init__.py
[0.378s] -- Up-to-date symlink: /home/hansol/project/install/limo_msgs/local/lib/python3.10/dist-packages/limo_msgs/_limo_msgs_s.ep.rosidl_typesupport_c.c
[0.379s] -- Up-to-date symlink: /home/hansol/project/install/limo_msgs/local/lib/python3.10/dist-packages/limo_msgs/_limo_msgs_s.ep.rosidl_typesupport_fastrtps_c.c
[0.379s] -- Up-to-date symlink: /home/hansol/project/install/limo_msgs/local/lib/python3.10/dist-packages/limo_msgs/_limo_msgs_s.ep.rosidl_typesupport_introspection_c.c
[0.379s] -- Up-to-date symlink: /home/hansol/project/install/limo_msgs/local/lib/python3.10/dist-packages/limo_msgs/liblimo_msgs__rosidl_generator_py.so
[0.379s] -- Up-to-date symlink: /home/hansol/project/install/limo_msgs/local/lib/python3.10/dist-packages/limo_msgs/limo_msgs_s__rosidl_typesupport_c.cpython-310-x86_64-linux-gnu.so
[0.379s] -- Up-to-date symlink: /home/hansol/project/install/limo_msgs/local/lib/python3.10/dist-packages/limo_msgs/limo_msgs_s__rosidl_typesupport_fastrtps_c.cpython-310-x86_64-linux-gnu.so
[0.380s] -- Up-to-date symlink: /home/hansol/project/install/limo_msgs/local/lib/python3.10/dist-packages/limo_msgs/limo_msgs_s__rosidl_typesupport_introspection_c.cpython-310-x86_64-linux-gnu.so
[0.380s] -- Up-to-date symlink: /home/hansol/project/install/limo_msgs/local/lib/python3.10/dist-packages/limo_msgs/msg/__init__.py
[0.380s] -- Up-to-date symlink: /home/hansol/project/install/limo_msgs/local/lib/python3.10/dist-packages/limo_msgs/msg/_limo_status.py
[0.380s] -- Up-to-date symlink: /home/hansol/project/install/limo_msgs/local/lib/python3.10/dist-packages/limo_msgs/msg/_limo_status_s.c
[0.380s] -- Up-to-date symlink: /home/hansol/project/install/limo_msgs/local/lib/python3.10/dist-packages/limo_msgs/limo_msgs_s__rosidl_typesupport_fastrtps_c.cpython-310-x86_64-linux-gnu.so
[0.381s] -- Up-to-date symlink: /home/hansol/project/install/limo_msgs/local/lib/python3.10/dist-packages/limo_msgs/limo_msgs_s__rosidl_typesupport_introspection_c.cpython-310-x86_64-linux-gnu.so
[0.381s] -- Up-to-date symlink: /home/hansol/project/install/limo_msgs/local/lib/python3.10/dist-packages/limo_msgs/limo_msgs_s__rosidl_typesupport_c.cpython-310-x86_64-linux-gnu.so
[0.381s] -- Up-to-date symlink: /home/hansol/project/install/limo_msgs/share/limo_msgs/msg/LimoStatus.idl
[0.381s] -- Up-to-date symlink: /home/hansol/project/install/limo_msgs/share/limo_msgs/msg/LimoStatus.msg
[0.381s] -- Up-to-date symlink: /home/hansol/project/install/limo_msgs/share/ament_index/resource_index/package_run_dependencies/limo_msgs
[0.381s] -- Up-to-date symlink: /home/hansol/project/install/limo_msgs/share/ament_index/resource_index/parent_prefix_path/limo_msgs
[0.381s] -- Up-to-date symlink: /home/hansol/project/install/limo_msgs/share/limo_msgs/environment/ament_prefix_path.sh
[0.382s] -- Up-to-date symlink: /home/hansol/project/install/limo_msgs/share/limo_msgs/environment/ament_prefix_path.dsv
[0.383s] -- Up-to-date symlink: /home/hansol/project/install/limo_msgs/share/limo_msgs/environment/path.sh
[0.383s] -- Up-to-date symlink: /home/hansol/project/install/limo_msgs/share/limo_msgs/environment/path.dsv
[0.383s] -- Up-to-date symlink: /home/hansol/project/install/limo_msgs/share/limo_msgs/local_setup.bash
[0.384s] -- Up-to-date symlink: /home/hansol/project/install/limo_msgs/share/limo_msgs/local_setup.sh
[0.384s] -- Up-to-date symlink: /home/hansol/project/install/limo_msgs/share/limo_msgs/local_setup.zsh
[0.384s] -- Up-to-date symlink: /home/hansol/project/install/limo_msgs/share/limo_msgs/local_setup.dsv
[0.384s] -- Symlinking: /home/hansol/project/install/limo_msgs/share/limo_msgs/package.dsv
[0.390s] -- Up-to-date symlink: /home/hansol/project/install/limo_msgs/share/ament_index/resource_index/packages/limo_msgs
[0.390s] -- Up-to-date symlink: /home/hansol/project/install/limo_msgs/share/limo_msgs/cmake/rosidl_cmake-extras.cmake
[0.390s] -- Up-to-date symlink: /home/hansol/project/install/limo_msgs/share/limo_msgs/cmake/ament_cmake_export_dependencies-extras.cmake
[0.390s] -- Up-to-date symlink: /home/hansol/project/install/limo_msgs/share/limo_msgs/cmake/ament_cmake_export_include_directories-extras.cmake
[0.390s] -- Up-to-date symlink: /home/hansol/project/install/limo_msgs/share/limo_msgs/cmake/ament_cmake_export_libraries-extras.cmake
[0.391s] -- Up-to-date symlink: /home/hansol/project/install/limo_msgs/share/limo_msgs/cmake/ament_cmake_export_targets-extras.cmake
[0.391s] -- Up-to-date symlink: /home/hansol/project/install/limo_msgs/share/limo_msgs/cmake/rosidl_cmake_export_typesupport_targets-extras.cmake
[0.391s] -- Up-to-date symlink: /home/hansol/project/install/limo_msgs/share/limo_msgs/cmake/rosidl_cmake_export_typesupport_libraries-extras.cmake
[0.391s] -- Up-to-date symlink: /home/hansol/project/install/limo_msgs/share/limo_msgs/cmake/limo_msgsConfig.cmake
[0.392s] -- Up-to-date symlink: /home/hansol/project/install/limo_msgs/share/limo_msgs/cmake/limo_msgsConfig-version.cmake
[0.392s] -- Up-to-date symlink: /home/hansol/project/install/limo_msgs/share/limo_msgs/package.xml
[0.392s] -- Up-to-date: /home/hansol/project/install/limo_msgs/lib/liblimo_msgs__rosidl_generator_c.so
[0.392s] -- Up-to-date: /home/hansol/project/install/limo_msgs/lib/liblimo_msgs__rosidl_typesupport_fastrtps_c.so
[0.392s] -- Up-to-date: /home/hansol/project/install/limo_msgs/lib/liblimo_msgs__rosidl_typesupport_fastrtps_cpp.so
[0.392s] -- Up-to-date: /home/hansol/project/install/limo_msgs/lib/liblimo_msgs__rosidl_typesupport_introspection_c.so
[0.393s] -- Up-to-date: /home/hansol/project/install/limo_msgs/lib/liblimo_msgs__rosidl_typesupport_c.so
[0.393s] -- Up-to-date: /home/hansol/project/install/limo_msgs/lib/liblimo_msgs__rosidl_typesupport_introspection_cpp.so
[0.393s] -- Up-to-date: /home/hansol/project/install/limo_msgs/lib/liblimo_msgs__rosidl_typesupport_cpp.so
[0.419s] Listing '/home/hansol/project/install/limo_msgs/local/lib/python3.10/dist-packages/limo_msgs'...
[0.419s] Listing '/home/hansol/project/install/limo_msgs/local/lib/python3.10/dist-packages/limo_msgs/msg'...
[0.424s] -- Up-to-date: /home/hansol/project/install/limo_msgs/lib/liblimo_msgs__rosidl_generator_py.so
[0.424s] -- Up-to-date: /home/hansol/project/install/limo_msgs/share/limo_msgs/cmake/export_limo_msgs__rosidl_generator_cExport.cmake
[0.424s] -- Up-to-date: /home/hansol/project/install/limo_msgs/share/limo_msgs/cmake/export_limo_msgs__rosidl_generator_cExport-noconfig.cmake
[0.424s] -- Up-to-date: /home/hansol/project/install/limo_msgs/share/limo_msgs/cmake/export_limo_msgs__rosidl_typesupport_fastrtps_cExport.cmake
[0.424s] -- Up-to-date: /home/hansol/project/install/limo_msgs/share/limo_msgs/cmake/export_limo_msgs__rosidl_typesupport_fastrtps_cExport-noconfig.cmake
[0.424s] -- Up-to-date: /home/hansol/project/install/limo_msgs/share/limo_msgs/cmake/export_limo_msgs__rosidl_generator_cppExport.cmake
[0.424s] -- Up-to-date: /home/hansol/project/install/limo_msgs/share/limo_msgs/cmake/export_limo_msgs__rosidl_typesupport_fastrtps_cppExport.cmake
[0.424s] -- Up-to-date: /home/hansol/project/install/limo_msgs/share/limo_msgs/cmake/export_limo_msgs__rosidl_typesupport_fastrtps_cppExport-noconfig.cmake
[0.424s] -- Up-to-date: /home/hansol/project/install/limo_msgs/share/limo_msgs/cmake/limo_msgs__rosidl_typesupport_introspection_cExport.cmake
[0.424s] -- Up-to-date: /home/hansol/project/install/limo_msgs/share/limo_msgs/cmake/limo_msgs__rosidl_typesupport_introspection_cExport-noconfig.cmake
[0.424s] -- Up-to-date: /home/hansol/project/install/limo_msgs/share/limo_msgs/cmake/limo_msgs__rosidl_typesupport_cExport.cmake
[0.425s] -- Up-to-date: /home/hansol/project/install/limo_msgs/share/limo_msgs/cmake/limo_msgs__rosidl_typesupport_cExport-noconfig.cmake
[0.425s] -- Up-to-date: /home/hansol/project/install/limo_msgs/share/limo_msgs/cmake/limo_msgs__rosidl_typesupport_introspection_cppExport.cmake
[0.425s] -- Up-to-date: /home/hansol/project/install/limo_msgs/share/limo_msgs/cmake/limo_msgs__rosidl_typesupport_introspection_cppExport-noconfig.cmake
[0.425s] -- Up-to-date: /home/hansol/project/install/limo_msgs/share/limo_msgs/cmake/limo_msgs__rosidl_typesupport_cppExport.cmake
[0.425s] -- Up-to-date: /home/hansol/project/install/limo_msgs/share/limo_msgs/cmake/limo_msgs__rosidl_typesupport_cppExport-noconfig.cmake
[0.425s] -- Up-to-date: /home/hansol/project/install/limo_msgs/share/limo_msgs/cmake/export_limo_msgs__rosidl_generator_pyExport.cmake
[0.425s] -- Up-to-date: /home/hansol/project/install/limo_msgs/share/limo_msgs/cmake/export_limo_msgs__rosidl_generator_pyExport-noconfig.cmake
[0.433s] Invoked command in '/home/hansol/project/build/limo_msgs' returned '0': /usr/bin/cmake --install /home/hansol/project/build/limo_msgs
