[0.018s] Invoking command in '/home/hansol/project/build/limo_description': CMAKE_PREFIX_PATH=${CMAKE_PREFIX_PATH}:/home/hansol/project/install/prototype_move:/home/hansol/project/install/limo_ros2_application:/opt/ros/humble /usr/bin/cmake /home/hansol/project/src/limo_ros2/limo_description -DCMAKE_INSTALL_PREFIX=/home/hansol/project/install/limo_description
[0.405s] -- Found ament_cmake: 1.3.8 (/opt/ros/humble/share/ament_cmake/cmake)
[0.405s] -- Override CMake install command with custom implementation using symlinks instead of copying resources
[0.405s] -- Found ament_lint_auto: 0.12.10 (/opt/ros/humble/share/ament_lint_auto/cmake)
[0.406s] -- Added test 'copyright' to check source files copyright and LICENSE
[0.406s] -- Added test 'flake8' to check Python code syntax and style conventions
[0.406s] -- Added test 'lint_cmake' to check CMake code style
[0.406s] -- Added test 'pep257' to check Python code against some of the docstring style conventions in PEP 257
[0.406s] -- Added test 'xmllint' to check XML markup files
[0.406s] -- Configuring done
[0.406s] -- Generating done
[0.406s] -- Build files have been written to: /home/hansol/project/build/limo_description
[0.409s] Invoked command in '/home/hansol/project/build/limo_description' returned '0': CMAKE_PREFIX_PATH=${CMAKE_PREFIX_PATH}:/home/hansol/project/install/prototype_move:/home/hansol/project/install/limo_ros2_application:/opt/ros/humble /usr/bin/cmake /home/hansol/project/src/limo_ros2/limo_description -DCMAKE_INSTALL_PREFIX=/home/hansol/project/install/limo_description
[0.410s] Invoking command in '/home/hansol/project/build/limo_description': CMAKE_PREFIX_PATH=${CMAKE_PREFIX_PATH}:/home/hansol/project/install/prototype_move:/home/hansol/project/install/limo_ros2_application:/opt/ros/humble /usr/bin/cmake --build /home/hansol/project/build/limo_description -- -j12 -l12
[0.445s] Invoked command in '/home/hansol/project/build/limo_description' returned '0': CMAKE_PREFIX_PATH=${CMAKE_PREFIX_PATH}:/home/hansol/project/install/prototype_move:/home/hansol/project/install/limo_ros2_application:/opt/ros/humble /usr/bin/cmake --build /home/hansol/project/build/limo_description -- -j12 -l12
[0.471s] Invoking command in '/home/hansol/project/build/limo_description': CMAKE_PREFIX_PATH=${CMAKE_PREFIX_PATH}:/home/hansol/project/install/prototype_move:/home/hansol/project/install/limo_ros2_application:/opt/ros/humble /usr/bin/cmake --install /home/hansol/project/build/limo_description
[0.478s] -- Install configuration: ""
[0.478s] -- Execute custom install script
[0.479s] -- Up-to-date symlink: /home/hansol/project/install/limo_description/share/limo_description/launch/display_models_diff.launch.py
[0.479s] -- Up-to-date symlink: /home/hansol/project/install/limo_description/share/limo_description/launch/display_models_diff.launch.py:Zone.Identifier
[0.479s] -- Up-to-date symlink: /home/hansol/project/install/limo_description/share/limo_description/launch/gazebo_models_diff.launch.py
[0.479s] -- Up-to-date symlink: /home/hansol/project/install/limo_description/share/limo_description/launch/gazebo_models_diff.launch.py:Zone.Identifier
[0.479s] -- Up-to-date symlink: /home/hansol/project/install/limo_description/share/limo_description/meshes/limo_base.dae
[0.479s] -- Up-to-date symlink: /home/hansol/project/install/limo_description/share/limo_description/meshes/limo_base.dae:Zone.Identifier
[0.479s] -- Up-to-date symlink: /home/hansol/project/install/limo_description/share/limo_description/meshes/limo_base.stl
[0.480s] -- Up-to-date symlink: /home/hansol/project/install/limo_description/share/limo_description/meshes/limo_base.stl:Zone.Identifier
[0.480s] -- Up-to-date symlink: /home/hansol/project/install/limo_description/share/limo_description/meshes/limo_wheel.dae
[0.480s] -- Up-to-date symlink: /home/hansol/project/install/limo_description/share/limo_description/meshes/limo_wheel.dae:Zone.Identifier
[0.480s] -- Up-to-date symlink: /home/hansol/project/install/limo_description/share/limo_description/meshes/limo_wheel.stl
[0.480s] -- Up-to-date symlink: /home/hansol/project/install/limo_description/share/limo_description/meshes/limo_wheel.stl:Zone.Identifier
[0.480s] -- Up-to-date symlink: /home/hansol/project/install/limo_description/share/limo_description/rviz/model_display.rviz
[0.480s] -- Up-to-date symlink: /home/hansol/project/install/limo_description/share/limo_description/rviz/model_display.rviz:Zone.Identifier
[0.481s] -- Up-to-date symlink: /home/hansol/project/install/limo_description/share/limo_description/rviz/urdf.rviz
[0.481s] -- Up-to-date symlink: /home/hansol/project/install/limo_description/share/limo_description/rviz/urdf.rviz:Zone.Identifier
[0.481s] -- Up-to-date symlink: /home/hansol/project/install/limo_description/share/limo_description/urdf/limo_ackerman.gazebo
[0.481s] -- Up-to-date symlink: /home/hansol/project/install/limo_description/share/limo_description/urdf/limo_ackerman.gazebo:Zone.Identifier
[0.481s] -- Up-to-date symlink: /home/hansol/project/install/limo_description/share/limo_description/urdf/limo_ackerman.xacro
[0.481s] -- Up-to-date symlink: /home/hansol/project/install/limo_description/share/limo_description/urdf/limo_ackerman.xacro:Zone.Identifier
[0.481s] -- Up-to-date symlink: /home/hansol/project/install/limo_description/share/limo_description/urdf/limo_four_diff.gazebo
[0.481s] -- Up-to-date symlink: /home/hansol/project/install/limo_description/share/limo_description/urdf/limo_four_diff.gazebo:Zone.Identifier
[0.482s] -- Up-to-date symlink: /home/hansol/project/install/limo_description/share/limo_description/urdf/limo_four_diff.xacro
[0.482s] -- Up-to-date symlink: /home/hansol/project/install/limo_description/share/limo_description/urdf/limo_four_diff.xacro:Zone.Identifier
[0.482s] -- Up-to-date symlink: /home/hansol/project/install/limo_description/share/limo_description/urdf/limo_four_diff_2.gazebo
[0.482s] -- Up-to-date symlink: /home/hansol/project/install/limo_description/share/limo_description/urdf/limo_four_diff_2.gazebo:Zone.Identifier
[0.482s] -- Up-to-date symlink: /home/hansol/project/install/limo_description/share/limo_description/urdf/limo_gazebo.gazebo
[0.482s] -- Up-to-date symlink: /home/hansol/project/install/limo_description/share/limo_description/urdf/limo_gazebo.gazebo:Zone.Identifier
[0.482s] -- Up-to-date symlink: /home/hansol/project/install/limo_description/share/limo_description/urdf/limo_steering_hinge.xacro
[0.482s] -- Up-to-date symlink: /home/hansol/project/install/limo_description/share/limo_description/urdf/limo_steering_hinge.xacro:Zone.Identifier
[0.482s] -- Up-to-date symlink: /home/hansol/project/install/limo_description/share/limo_description/urdf/limo_xacro.xacro
[0.482s] -- Up-to-date symlink: /home/hansol/project/install/limo_description/share/limo_description/urdf/limo_xacro.xacro:Zone.Identifier
[0.483s] -- Up-to-date symlink: /home/hansol/project/install/limo_description/share/ament_index/resource_index/package_run_dependencies/limo_description
[0.483s] -- Up-to-date symlink: /home/hansol/project/install/limo_description/share/ament_index/resource_index/parent_prefix_path/limo_description
[0.483s] -- Up-to-date symlink: /home/hansol/project/install/limo_description/share/limo_description/environment/ament_prefix_path.sh
[0.483s] -- Up-to-date symlink: /home/hansol/project/install/limo_description/share/limo_description/environment/ament_prefix_path.dsv
[0.483s] -- Up-to-date symlink: /home/hansol/project/install/limo_description/share/limo_description/environment/path.sh
[0.483s] -- Up-to-date symlink: /home/hansol/project/install/limo_description/share/limo_description/environment/path.dsv
[0.484s] -- Up-to-date symlink: /home/hansol/project/install/limo_description/share/limo_description/local_setup.bash
[0.484s] -- Up-to-date symlink: /home/hansol/project/install/limo_description/share/limo_description/local_setup.sh
[0.484s] -- Up-to-date symlink: /home/hansol/project/install/limo_description/share/limo_description/local_setup.zsh
[0.484s] -- Up-to-date symlink: /home/hansol/project/install/limo_description/share/limo_description/local_setup.dsv
[0.484s] -- Symlinking: /home/hansol/project/install/limo_description/share/limo_description/package.dsv
[0.493s] -- Up-to-date symlink: /home/hansol/project/install/limo_description/share/ament_index/resource_index/packages/limo_description
[0.493s] -- Up-to-date symlink: /home/hansol/project/install/limo_description/share/limo_description/cmake/limo_descriptionConfig.cmake
[0.493s] -- Up-to-date symlink: /home/hansol/project/install/limo_description/share/limo_description/cmake/limo_descriptionConfig-version.cmake
[0.494s] -- Up-to-date symlink: /home/hansol/project/install/limo_description/share/limo_description/package.xml
[0.495s] Invoked command in '/home/hansol/project/build/limo_description' returned '0': CMAKE_PREFIX_PATH=${CMAKE_PREFIX_PATH}:/home/hansol/project/install/prototype_move:/home/hansol/project/install/limo_ros2_application:/opt/ros/humble /usr/bin/cmake --install /home/hansol/project/build/limo_description
