[0.376s] Invoking command in '/home/hansol/project/build/prototype_msg': CMAKE_PREFIX_PATH=${CMAKE_PREFIX_PATH}:/home/hansol/project/install/prototype_move:/home/hansol/project/install/limo_ros2_application:/opt/ros/humble /usr/bin/cmake --build /home/hansol/project/build/prototype_msg -- -j12 -l12
[0.411s] [  2%] Built target prototype_msg__cpp
[0.415s] [ 12%] Built target prototype_msg__rosidl_generator_c
[0.429s] [ 12%] Built target ament_cmake_python_symlink_prototype_msg
[0.444s] [ 23%] Built target prototype_msg__rosidl_typesupport_fastrtps_cpp
[0.445s] [ 33%] Built target prototype_msg__rosidl_typesupport_cpp
[0.446s] [ 58%] Built target prototype_msg__rosidl_typesupport_c
[0.446s] [ 58%] Built target prototype_msg__rosidl_typesupport_introspection_cpp
[0.446s] [ 64%] Built target prototype_msg__rosidl_typesupport_fastrtps_c
[0.452s] [ 74%] Built target prototype_msg__rosidl_typesupport_introspection_c
[0.473s] [ 74%] Built target prototype_msg
[0.489s] [ 76%] Built target prototype_msg__py
[0.509s] [ 84%] Built target prototype_msg__rosidl_generator_py
[0.530s] [ 89%] Built target prototype_msg__rosidl_typesupport_fastrtps_c__pyext
[0.538s] [ 94%] Built target prototype_msg__rosidl_typesupport_introspection_c__pyext
[0.538s] [100%] Built target prototype_msg__rosidl_typesupport_c__pyext
[0.663s] running egg_info
[0.663s] writing prototype_msg.egg-info/PKG-INFO
[0.664s] writing dependency_links to prototype_msg.egg-info/dependency_links.txt
[0.664s] writing top-level names to prototype_msg.egg-info/top_level.txt
[0.666s] reading manifest file 'prototype_msg.egg-info/SOURCES.txt'
[0.666s] writing manifest file 'prototype_msg.egg-info/SOURCES.txt'
[0.688s] [100%] Built target ament_cmake_python_build_prototype_msg_egg
[0.697s] Invoked command in '/home/hansol/project/build/prototype_msg' returned '0': CMAKE_PREFIX_PATH=${CMAKE_PREFIX_PATH}:/home/hansol/project/install/prototype_move:/home/hansol/project/install/limo_ros2_application:/opt/ros/humble /usr/bin/cmake --build /home/hansol/project/build/prototype_msg -- -j12 -l12
[0.761s] Invoking command in '/home/hansol/project/build/prototype_msg': CMAKE_PREFIX_PATH=${CMAKE_PREFIX_PATH}:/home/hansol/project/install/prototype_move:/home/hansol/project/install/limo_ros2_application:/opt/ros/humble /usr/bin/cmake --install /home/hansol/project/build/prototype_msg
[0.770s] -- Install configuration: ""
[0.771s] -- Execute custom install script
[0.771s] -- Up-to-date symlink: /home/hansol/project/install/prototype_msg/share/ament_index/resource_index/rosidl_interfaces/prototype_msg
[0.772s] -- Up-to-date symlink: /home/hansol/project/install/prototype_msg/include/prototype_msg/prototype_msg/action/detail/movefeedback__functions.h
[0.772s] -- Up-to-date symlink: /home/hansol/project/install/prototype_msg/include/prototype_msg/prototype_msg/action/detail/movefeedback__struct.h
[0.772s] -- Up-to-date symlink: /home/hansol/project/install/prototype_msg/include/prototype_msg/prototype_msg/action/detail/movefeedback__type_support.h
[0.772s] -- Up-to-date symlink: /home/hansol/project/install/prototype_msg/include/prototype_msg/prototype_msg/action/detail/odometry__functions.h
[0.772s] -- Up-to-date symlink: /home/hansol/project/install/prototype_msg/include/prototype_msg/prototype_msg/action/detail/odometry__struct.h
[0.772s] -- Up-to-date symlink: /home/hansol/project/install/prototype_msg/include/prototype_msg/prototype_msg/action/detail/odometry__type_support.h
[0.772s] -- Up-to-date symlink: /home/hansol/project/install/prototype_msg/include/prototype_msg/prototype_msg/action/detail/odometryaction__functions.h
[0.772s] -- Up-to-date symlink: /home/hansol/project/install/prototype_msg/include/prototype_msg/prototype_msg/action/detail/odometryaction__struct.h
[0.772s] -- Up-to-date symlink: /home/hansol/project/install/prototype_msg/include/prototype_msg/prototype_msg/action/detail/odometryaction__type_support.h
[0.773s] -- Up-to-date symlink: /home/hansol/project/install/prototype_msg/include/prototype_msg/prototype_msg/action/movefeedback.h
[0.773s] -- Up-to-date symlink: /home/hansol/project/install/prototype_msg/include/prototype_msg/prototype_msg/action/odometry.h
[0.773s] -- Up-to-date symlink: /home/hansol/project/install/prototype_msg/include/prototype_msg/prototype_msg/action/odometryaction.h
[0.773s] -- Up-to-date symlink: /home/hansol/project/install/prototype_msg/include/prototype_msg/prototype_msg/msg/rosidl_generator_c__visibility_control.h
[0.773s] -- Up-to-date symlink: /home/hansol/project/install/prototype_msg/share/prototype_msg/environment/library_path.sh
[0.773s] -- Up-to-date symlink: /home/hansol/project/install/prototype_msg/share/prototype_msg/environment/library_path.dsv
[0.774s] -- Up-to-date symlink: /home/hansol/project/install/prototype_msg/include/prototype_msg/prototype_msg/action/detail/movefeedback__rosidl_typesupport_fastrtps_c.h
[0.774s] -- Up-to-date symlink: /home/hansol/project/install/prototype_msg/include/prototype_msg/prototype_msg/action/detail/odometry__rosidl_typesupport_fastrtps_c.h
[0.774s] -- Up-to-date symlink: /home/hansol/project/install/prototype_msg/include/prototype_msg/prototype_msg/action/detail/odometryaction__rosidl_typesupport_fastrtps_c.h
[0.774s] -- Up-to-date symlink: /home/hansol/project/install/prototype_msg/include/prototype_msg/prototype_msg/msg/rosidl_typesupport_fastrtps_c__visibility_control.h
[0.774s] -- Up-to-date symlink: /home/hansol/project/install/prototype_msg/include/prototype_msg/prototype_msg/action/detail/movefeedback__rosidl_typesupport_introspection_c.h
[0.774s] -- Up-to-date symlink: /home/hansol/project/install/prototype_msg/include/prototype_msg/prototype_msg/action/detail/odometry__rosidl_typesupport_introspection_c.h
[0.775s] -- Up-to-date symlink: /home/hansol/project/install/prototype_msg/include/prototype_msg/prototype_msg/action/detail/odometryaction__rosidl_typesupport_introspection_c.h
[0.775s] -- Up-to-date symlink: /home/hansol/project/install/prototype_msg/include/prototype_msg/prototype_msg/msg/rosidl_typesupport_introspection_c__visibility_control.h
[0.775s] -- Up-to-date symlink: /home/hansol/project/install/prototype_msg/include/prototype_msg/prototype_msg/action/detail/movefeedback__builder.hpp
[0.775s] -- Up-to-date symlink: /home/hansol/project/install/prototype_msg/include/prototype_msg/prototype_msg/action/detail/movefeedback__struct.hpp
[0.775s] -- Up-to-date symlink: /home/hansol/project/install/prototype_msg/include/prototype_msg/prototype_msg/action/detail/movefeedback__traits.hpp
[0.775s] -- Up-to-date symlink: /home/hansol/project/install/prototype_msg/include/prototype_msg/prototype_msg/action/detail/odometry__builder.hpp
[0.775s] -- Up-to-date symlink: /home/hansol/project/install/prototype_msg/include/prototype_msg/prototype_msg/action/detail/odometry__struct.hpp
[0.776s] -- Up-to-date symlink: /home/hansol/project/install/prototype_msg/include/prototype_msg/prototype_msg/action/detail/odometry__traits.hpp
[0.776s] -- Up-to-date symlink: /home/hansol/project/install/prototype_msg/include/prototype_msg/prototype_msg/action/detail/odometryaction__builder.hpp
[0.776s] -- Up-to-date symlink: /home/hansol/project/install/prototype_msg/include/prototype_msg/prototype_msg/action/detail/odometryaction__struct.hpp
[0.776s] -- Up-to-date symlink: /home/hansol/project/install/prototype_msg/include/prototype_msg/prototype_msg/action/detail/odometryaction__traits.hpp
[0.776s] -- Up-to-date symlink: /home/hansol/project/install/prototype_msg/include/prototype_msg/prototype_msg/action/movefeedback.hpp
[0.776s] -- Up-to-date symlink: /home/hansol/project/install/prototype_msg/include/prototype_msg/prototype_msg/action/odometry.hpp
[0.776s] -- Up-to-date symlink: /home/hansol/project/install/prototype_msg/include/prototype_msg/prototype_msg/action/odometryaction.hpp
[0.777s] -- Up-to-date symlink: /home/hansol/project/install/prototype_msg/include/prototype_msg/prototype_msg/action/detail/movefeedback__rosidl_typesupport_fastrtps_cpp.hpp
[0.777s] -- Up-to-date symlink: /home/hansol/project/install/prototype_msg/include/prototype_msg/prototype_msg/action/detail/odometry__rosidl_typesupport_fastrtps_cpp.hpp
[0.777s] -- Up-to-date symlink: /home/hansol/project/install/prototype_msg/include/prototype_msg/prototype_msg/action/detail/odometryaction__rosidl_typesupport_fastrtps_cpp.hpp
[0.777s] -- Up-to-date symlink: /home/hansol/project/install/prototype_msg/include/prototype_msg/prototype_msg/msg/rosidl_typesupport_fastrtps_cpp__visibility_control.h
[0.778s] -- Up-to-date symlink: /home/hansol/project/install/prototype_msg/include/prototype_msg/prototype_msg/action/detail/movefeedback__rosidl_typesupport_introspection_cpp.hpp
[0.778s] -- Up-to-date symlink: /home/hansol/project/install/prototype_msg/include/prototype_msg/prototype_msg/action/detail/odometry__rosidl_typesupport_introspection_cpp.hpp
[0.778s] -- Up-to-date symlink: /home/hansol/project/install/prototype_msg/include/prototype_msg/prototype_msg/action/detail/odometryaction__rosidl_typesupport_introspection_cpp.hpp
[0.778s] -- Up-to-date symlink: /home/hansol/project/install/prototype_msg/share/prototype_msg/environment/pythonpath.sh
[0.778s] -- Up-to-date symlink: /home/hansol/project/install/prototype_msg/share/prototype_msg/environment/pythonpath.dsv
[0.778s] -- Up-to-date symlink: /home/hansol/project/install/prototype_msg/local/lib/python3.10/dist-packages/prototype_msg-0.0.0-py3.10.egg-info/PKG-INFO
[0.779s] -- Up-to-date symlink: /home/hansol/project/install/prototype_msg/local/lib/python3.10/dist-packages/prototype_msg-0.0.0-py3.10.egg-info/SOURCES.txt
[0.779s] -- Up-to-date symlink: /home/hansol/project/install/prototype_msg/local/lib/python3.10/dist-packages/prototype_msg-0.0.0-py3.10.egg-info/dependency_links.txt
[0.779s] -- Up-to-date symlink: /home/hansol/project/install/prototype_msg/local/lib/python3.10/dist-packages/prototype_msg-0.0.0-py3.10.egg-info/top_level.txt
[0.779s] -- Up-to-date symlink: /home/hansol/project/install/prototype_msg/local/lib/python3.10/dist-packages/prototype_msg/__init__.py
[0.779s] -- Up-to-date symlink: /home/hansol/project/install/prototype_msg/local/lib/python3.10/dist-packages/prototype_msg/_prototype_msg_s.ep.rosidl_typesupport_c.c
[0.780s] -- Up-to-date symlink: /home/hansol/project/install/prototype_msg/local/lib/python3.10/dist-packages/prototype_msg/_prototype_msg_s.ep.rosidl_typesupport_fastrtps_c.c
[0.780s] -- Up-to-date symlink: /home/hansol/project/install/prototype_msg/local/lib/python3.10/dist-packages/prototype_msg/_prototype_msg_s.ep.rosidl_typesupport_introspection_c.c
[0.780s] -- Up-to-date symlink: /home/hansol/project/install/prototype_msg/local/lib/python3.10/dist-packages/prototype_msg/action/__init__.py
[0.780s] -- Up-to-date symlink: /home/hansol/project/install/prototype_msg/local/lib/python3.10/dist-packages/prototype_msg/action/_movefeedback.py
[0.780s] -- Up-to-date symlink: /home/hansol/project/install/prototype_msg/local/lib/python3.10/dist-packages/prototype_msg/action/_movefeedback_s.c
[0.780s] -- Up-to-date symlink: /home/hansol/project/install/prototype_msg/local/lib/python3.10/dist-packages/prototype_msg/action/_odometry.py
[0.780s] -- Up-to-date symlink: /home/hansol/project/install/prototype_msg/local/lib/python3.10/dist-packages/prototype_msg/action/_odometry_s.c
[0.780s] -- Up-to-date symlink: /home/hansol/project/install/prototype_msg/local/lib/python3.10/dist-packages/prototype_msg/action/_odometryaction.py
[0.780s] -- Up-to-date symlink: /home/hansol/project/install/prototype_msg/local/lib/python3.10/dist-packages/prototype_msg/action/_odometryaction_s.c
[0.780s] -- Up-to-date symlink: /home/hansol/project/install/prototype_msg/local/lib/python3.10/dist-packages/prototype_msg/libprototype_msg__rosidl_generator_py.so
[0.781s] -- Up-to-date symlink: /home/hansol/project/install/prototype_msg/local/lib/python3.10/dist-packages/prototype_msg/prototype_msg_s__rosidl_typesupport_c.cpython-310-x86_64-linux-gnu.so
[0.781s] -- Up-to-date symlink: /home/hansol/project/install/prototype_msg/local/lib/python3.10/dist-packages/prototype_msg/prototype_msg_s__rosidl_typesupport_fastrtps_c.cpython-310-x86_64-linux-gnu.so
[0.781s] -- Up-to-date symlink: /home/hansol/project/install/prototype_msg/local/lib/python3.10/dist-packages/prototype_msg/prototype_msg_s__rosidl_typesupport_introspection_c.cpython-310-x86_64-linux-gnu.so
[0.781s] -- Up-to-date symlink: /home/hansol/project/install/prototype_msg/local/lib/python3.10/dist-packages/prototype_msg/prototype_msg_s__rosidl_typesupport_fastrtps_c.cpython-310-x86_64-linux-gnu.so
[0.781s] -- Up-to-date symlink: /home/hansol/project/install/prototype_msg/local/lib/python3.10/dist-packages/prototype_msg/prototype_msg_s__rosidl_typesupport_introspection_c.cpython-310-x86_64-linux-gnu.so
[0.782s] -- Up-to-date symlink: /home/hansol/project/install/prototype_msg/local/lib/python3.10/dist-packages/prototype_msg/prototype_msg_s__rosidl_typesupport_c.cpython-310-x86_64-linux-gnu.so
[0.782s] -- Up-to-date symlink: /home/hansol/project/install/prototype_msg/share/prototype_msg/action/Odometryaction.idl
[0.782s] -- Up-to-date symlink: /home/hansol/project/install/prototype_msg/share/prototype_msg/action/Movefeedback.idl
[0.782s] -- Up-to-date symlink: /home/hansol/project/install/prototype_msg/share/prototype_msg/action/Odometryaction.action
[0.782s] -- Up-to-date symlink: /home/hansol/project/install/prototype_msg/share/prototype_msg/action/Movefeedback.action
[0.782s] -- Up-to-date symlink: /home/hansol/project/install/prototype_msg/share/ament_index/resource_index/package_run_dependencies/prototype_msg
[0.783s] -- Up-to-date symlink: /home/hansol/project/install/prototype_msg/share/ament_index/resource_index/parent_prefix_path/prototype_msg
[0.783s] -- Up-to-date symlink: /home/hansol/project/install/prototype_msg/share/prototype_msg/environment/ament_prefix_path.sh
[0.783s] -- Up-to-date symlink: /home/hansol/project/install/prototype_msg/share/prototype_msg/environment/ament_prefix_path.dsv
[0.783s] -- Up-to-date symlink: /home/hansol/project/install/prototype_msg/share/prototype_msg/environment/path.sh
[0.783s] -- Up-to-date symlink: /home/hansol/project/install/prototype_msg/share/prototype_msg/environment/path.dsv
[0.784s] -- Up-to-date symlink: /home/hansol/project/install/prototype_msg/share/prototype_msg/local_setup.bash
[0.784s] -- Up-to-date symlink: /home/hansol/project/install/prototype_msg/share/prototype_msg/local_setup.sh
[0.784s] -- Up-to-date symlink: /home/hansol/project/install/prototype_msg/share/prototype_msg/local_setup.zsh
[0.784s] -- Up-to-date symlink: /home/hansol/project/install/prototype_msg/share/prototype_msg/local_setup.dsv
[0.784s] -- Symlinking: /home/hansol/project/install/prototype_msg/share/prototype_msg/package.dsv
[0.794s] -- Up-to-date symlink: /home/hansol/project/install/prototype_msg/share/ament_index/resource_index/packages/prototype_msg
[0.794s] -- Up-to-date symlink: /home/hansol/project/install/prototype_msg/share/prototype_msg/cmake/rosidl_cmake-extras.cmake
[0.794s] -- Up-to-date symlink: /home/hansol/project/install/prototype_msg/share/prototype_msg/cmake/ament_cmake_export_dependencies-extras.cmake
[0.795s] -- Up-to-date symlink: /home/hansol/project/install/prototype_msg/share/prototype_msg/cmake/ament_cmake_export_include_directories-extras.cmake
[0.795s] -- Up-to-date symlink: /home/hansol/project/install/prototype_msg/share/prototype_msg/cmake/ament_cmake_export_libraries-extras.cmake
[0.795s] -- Up-to-date symlink: /home/hansol/project/install/prototype_msg/share/prototype_msg/cmake/ament_cmake_export_targets-extras.cmake
[0.795s] -- Up-to-date symlink: /home/hansol/project/install/prototype_msg/share/prototype_msg/cmake/rosidl_cmake_export_typesupport_targets-extras.cmake
[0.795s] -- Up-to-date symlink: /home/hansol/project/install/prototype_msg/share/prototype_msg/cmake/rosidl_cmake_export_typesupport_libraries-extras.cmake
[0.795s] -- Up-to-date symlink: /home/hansol/project/install/prototype_msg/share/prototype_msg/cmake/prototype_msgConfig.cmake
[0.795s] -- Up-to-date symlink: /home/hansol/project/install/prototype_msg/share/prototype_msg/cmake/prototype_msgConfig-version.cmake
[0.795s] -- Up-to-date symlink: /home/hansol/project/install/prototype_msg/share/prototype_msg/package.xml
[0.796s] -- Up-to-date: /home/hansol/project/install/prototype_msg/lib/libprototype_msg__rosidl_generator_c.so
[0.796s] -- Up-to-date: /home/hansol/project/install/prototype_msg/lib/libprototype_msg__rosidl_typesupport_fastrtps_c.so
[0.796s] -- Up-to-date: /home/hansol/project/install/prototype_msg/lib/libprototype_msg__rosidl_typesupport_introspection_c.so
[0.796s] -- Up-to-date: /home/hansol/project/install/prototype_msg/lib/libprototype_msg__rosidl_typesupport_c.so
[0.797s] -- Up-to-date: /home/hansol/project/install/prototype_msg/lib/libprototype_msg__rosidl_typesupport_fastrtps_cpp.so
[0.797s] -- Up-to-date: /home/hansol/project/install/prototype_msg/lib/libprototype_msg__rosidl_typesupport_introspection_cpp.so
[0.797s] -- Up-to-date: /home/hansol/project/install/prototype_msg/lib/libprototype_msg__rosidl_typesupport_cpp.so
[0.837s] Listing '/home/hansol/project/install/prototype_msg/local/lib/python3.10/dist-packages/prototype_msg'...
[0.837s] Listing '/home/hansol/project/install/prototype_msg/local/lib/python3.10/dist-packages/prototype_msg/action'...
[0.842s] -- Up-to-date: /home/hansol/project/install/prototype_msg/lib/libprototype_msg__rosidl_generator_py.so
[0.842s] -- Up-to-date: /home/hansol/project/install/prototype_msg/share/prototype_msg/cmake/export_prototype_msg__rosidl_generator_cExport.cmake
[0.842s] -- Up-to-date: /home/hansol/project/install/prototype_msg/share/prototype_msg/cmake/export_prototype_msg__rosidl_generator_cExport-noconfig.cmake
[0.842s] -- Up-to-date: /home/hansol/project/install/prototype_msg/share/prototype_msg/cmake/export_prototype_msg__rosidl_typesupport_fastrtps_cExport.cmake
[0.842s] -- Up-to-date: /home/hansol/project/install/prototype_msg/share/prototype_msg/cmake/export_prototype_msg__rosidl_typesupport_fastrtps_cExport-noconfig.cmake
[0.842s] -- Up-to-date: /home/hansol/project/install/prototype_msg/share/prototype_msg/cmake/prototype_msg__rosidl_typesupport_introspection_cExport.cmake
[0.843s] -- Up-to-date: /home/hansol/project/install/prototype_msg/share/prototype_msg/cmake/prototype_msg__rosidl_typesupport_introspection_cExport-noconfig.cmake
[0.843s] -- Up-to-date: /home/hansol/project/install/prototype_msg/share/prototype_msg/cmake/prototype_msg__rosidl_typesupport_cExport.cmake
[0.843s] -- Up-to-date: /home/hansol/project/install/prototype_msg/share/prototype_msg/cmake/prototype_msg__rosidl_typesupport_cExport-noconfig.cmake
[0.843s] -- Up-to-date: /home/hansol/project/install/prototype_msg/share/prototype_msg/cmake/export_prototype_msg__rosidl_generator_cppExport.cmake
[0.843s] -- Up-to-date: /home/hansol/project/install/prototype_msg/share/prototype_msg/cmake/export_prototype_msg__rosidl_typesupport_fastrtps_cppExport.cmake
[0.843s] -- Up-to-date: /home/hansol/project/install/prototype_msg/share/prototype_msg/cmake/export_prototype_msg__rosidl_typesupport_fastrtps_cppExport-noconfig.cmake
[0.843s] -- Up-to-date: /home/hansol/project/install/prototype_msg/share/prototype_msg/cmake/prototype_msg__rosidl_typesupport_introspection_cppExport.cmake
[0.844s] -- Up-to-date: /home/hansol/project/install/prototype_msg/share/prototype_msg/cmake/prototype_msg__rosidl_typesupport_introspection_cppExport-noconfig.cmake
[0.844s] -- Up-to-date: /home/hansol/project/install/prototype_msg/share/prototype_msg/cmake/prototype_msg__rosidl_typesupport_cppExport.cmake
[0.844s] -- Up-to-date: /home/hansol/project/install/prototype_msg/share/prototype_msg/cmake/prototype_msg__rosidl_typesupport_cppExport-noconfig.cmake
[0.844s] -- Up-to-date: /home/hansol/project/install/prototype_msg/share/prototype_msg/cmake/export_prototype_msg__rosidl_generator_pyExport.cmake
[0.844s] -- Up-to-date: /home/hansol/project/install/prototype_msg/share/prototype_msg/cmake/export_prototype_msg__rosidl_generator_pyExport-noconfig.cmake
[0.846s] Invoked command in '/home/hansol/project/build/prototype_msg' returned '0': CMAKE_PREFIX_PATH=${CMAKE_PREFIX_PATH}:/home/hansol/project/install/prototype_move:/home/hansol/project/install/limo_ros2_application:/opt/ros/humble /usr/bin/cmake --install /home/hansol/project/build/prototype_msg
