[1.836s] Invoking command in '/home/orin/Prototype_Military/prototype_military/src/prototype_move': PYTHONPATH=/home/orin/Prototype_Military/prototype_military/build/prototype_move/prefix_override:/usr/lib/python3/dist-packages/colcon_core/task/python/colcon_distutils_commands:/home/orin/Prototype_Military/prototype_military/install/prototype_move/lib/python3.10/site-packages:${PYTHONPATH} /usr/bin/python3 -W ignore:setup.py install is deprecated setup.py egg_info --egg-base ../../build/prototype_move build --build-base /home/orin/Prototype_Military/prototype_military/build/prototype_move/build install --record /home/orin/Prototype_Military/prototype_military/build/prototype_move/install.log --single-version-externally-managed install_data
[2.162s] /home/orin/.local/lib/python3.10/site-packages/setuptools/_distutils/dist.py:260: UserWarning: Unknown distribution option: 'tests_require'
[2.162s]   warnings.warn(msg)
[2.398s] running egg_info
[2.399s] creating ../../build/prototype_move/prototype_move.egg-info
[2.436s] writing ../../build/prototype_move/prototype_move.egg-info/PKG-INFO
[2.437s] writing dependency_links to ../../build/prototype_move/prototype_move.egg-info/dependency_links.txt
[2.437s] writing entry points to ../../build/prototype_move/prototype_move.egg-info/entry_points.txt
[2.438s] writing requirements to ../../build/prototype_move/prototype_move.egg-info/requires.txt
[2.438s] writing top-level names to ../../build/prototype_move/prototype_move.egg-info/top_level.txt
[2.438s] writing manifest file '../../build/prototype_move/prototype_move.egg-info/SOURCES.txt'
[2.518s] reading manifest file '../../build/prototype_move/prototype_move.egg-info/SOURCES.txt'
[2.520s] writing manifest file '../../build/prototype_move/prototype_move.egg-info/SOURCES.txt'
[2.521s] running build
[2.521s] running build_py
[2.521s] creating /home/orin/Prototype_Military/prototype_military/build/prototype_move/build
[2.522s] creating /home/orin/Prototype_Military/prototype_military/build/prototype_move/build/lib
[2.522s] creating /home/orin/Prototype_Military/prototype_military/build/prototype_move/build/lib/prototype_move
[2.522s] copying prototype_move/detection.py -> /home/orin/Prototype_Military/prototype_military/build/prototype_move/build/lib/prototype_move
[2.522s] copying prototype_move/__init__.py -> /home/orin/Prototype_Military/prototype_military/build/prototype_move/build/lib/prototype_move
[2.523s] copying prototype_move/led.py -> /home/orin/Prototype_Military/prototype_military/build/prototype_move/build/lib/prototype_move
[2.523s] copying prototype_move/teleop_keyboard.py -> /home/orin/Prototype_Military/prototype_military/build/prototype_move/build/lib/prototype_move
[2.524s] running install
[2.534s] running install_lib
[2.573s] creating /home/orin/Prototype_Military/prototype_military/install/prototype_move/lib/python3.10/site-packages/prototype_move
[2.573s] copying /home/orin/Prototype_Military/prototype_military/build/prototype_move/build/lib/prototype_move/detection.py -> /home/orin/Prototype_Military/prototype_military/install/prototype_move/lib/python3.10/site-packages/prototype_move
[2.573s] copying /home/orin/Prototype_Military/prototype_military/build/prototype_move/build/lib/prototype_move/__init__.py -> /home/orin/Prototype_Military/prototype_military/install/prototype_move/lib/python3.10/site-packages/prototype_move
[2.573s] copying /home/orin/Prototype_Military/prototype_military/build/prototype_move/build/lib/prototype_move/led.py -> /home/orin/Prototype_Military/prototype_military/install/prototype_move/lib/python3.10/site-packages/prototype_move
[2.574s] copying /home/orin/Prototype_Military/prototype_military/build/prototype_move/build/lib/prototype_move/teleop_keyboard.py -> /home/orin/Prototype_Military/prototype_military/install/prototype_move/lib/python3.10/site-packages/prototype_move
[2.575s] byte-compiling /home/orin/Prototype_Military/prototype_military/install/prototype_move/lib/python3.10/site-packages/prototype_move/detection.py to detection.cpython-310.pyc
[2.576s] byte-compiling /home/orin/Prototype_Military/prototype_military/install/prototype_move/lib/python3.10/site-packages/prototype_move/__init__.py to __init__.cpython-310.pyc
[2.576s] byte-compiling /home/orin/Prototype_Military/prototype_military/install/prototype_move/lib/python3.10/site-packages/prototype_move/led.py to led.cpython-310.pyc
[2.577s] byte-compiling /home/orin/Prototype_Military/prototype_military/install/prototype_move/lib/python3.10/site-packages/prototype_move/teleop_keyboard.py to teleop_keyboard.cpython-310.pyc
[2.578s] running install_data
[2.579s] creating /home/orin/Prototype_Military/prototype_military/install/prototype_move/share/ament_index
[2.579s] creating /home/orin/Prototype_Military/prototype_military/install/prototype_move/share/ament_index/resource_index
[2.579s] creating /home/orin/Prototype_Military/prototype_military/install/prototype_move/share/ament_index/resource_index/packages
[2.580s] copying resource/prototype_move -> /home/orin/Prototype_Military/prototype_military/install/prototype_move/share/ament_index/resource_index/packages
[2.580s] copying package.xml -> /home/orin/Prototype_Military/prototype_military/install/prototype_move/share/prototype_move
[2.580s] copying package.xml -> /home/orin/Prototype_Military/prototype_military/install/prototype_move/share/prototype_move
[2.581s] creating /home/orin/Prototype_Military/prototype_military/install/prototype_move/share/prototype_move/launch
[2.581s] copying launch/prototype_move_launch.py -> /home/orin/Prototype_Military/prototype_military/install/prototype_move/share/prototype_move/launch
[2.581s] running install_egg_info
[2.623s] Copying ../../build/prototype_move/prototype_move.egg-info to /home/orin/Prototype_Military/prototype_military/install/prototype_move/lib/python3.10/site-packages/prototype_move-0.0.0-py3.10.egg-info
[2.625s] running install_scripts
[2.936s] Installing teleop_keyboard script to /home/orin/Prototype_Military/prototype_military/install/prototype_move/lib/prototype_move
[2.937s] writing list of installed files to '/home/orin/Prototype_Military/prototype_military/build/prototype_move/install.log'
[3.003s] Invoked command in '/home/orin/Prototype_Military/prototype_military/src/prototype_move' returned '0': PYTHONPATH=/home/orin/Prototype_Military/prototype_military/build/prototype_move/prefix_override:/usr/lib/python3/dist-packages/colcon_core/task/python/colcon_distutils_commands:/home/orin/Prototype_Military/prototype_military/install/prototype_move/lib/python3.10/site-packages:${PYTHONPATH} /usr/bin/python3 -W ignore:setup.py install is deprecated setup.py egg_info --egg-base ../../build/prototype_move build --build-base /home/orin/Prototype_Military/prototype_military/build/prototype_move/build install --record /home/orin/Prototype_Military/prototype_military/build/prototype_move/install.log --single-version-externally-managed install_data
