[0.393s] Invoking command in '/home/hansol/project/build/prototype_msg': CMAKE_PREFIX_PATH=${CMAKE_PREFIX_PATH}:/home/hansol/project/install/prototype_move:/home/hansol/project/install/limo_ros2_application:/opt/ros/humble /usr/bin/cmake --build /home/hansol/project/build/prototype_msg -- -j12 -l12
[0.427s] [  3%] Built target prototype_msg__cpp
[0.434s] [ 12%] Built target prototype_msg__rosidl_generator_c
[0.443s] [ 12%] Built target ament_cmake_python_symlink_prototype_msg
[0.453s] [ 22%] Built target prototype_msg__rosidl_typesupport_cpp
[0.454s] [ 32%] Built target prototype_msg__rosidl_typesupport_introspection_cpp
[0.454s] [ 41%] Built target prototype_msg__rosidl_typesupport_fastrtps_cpp
[0.462s] [ 61%] Built target prototype_msg__rosidl_typesupport_introspection_c
[0.463s] [ 61%] Built target prototype_msg__rosidl_typesupport_c
[0.478s] [ 70%] Built target prototype_msg__rosidl_typesupport_fastrtps_c
[0.503s] [ 70%] Built target prototype_msg
[0.529s] [ 74%] Built target prototype_msg__py
[0.555s] [ 80%] Built target prototype_msg__rosidl_generator_py
[0.570s] [ 87%] Built target prototype_msg__rosidl_typesupport_fastrtps_c__pyext
[0.578s] [ 93%] Built target prototype_msg__rosidl_typesupport_c__pyext
[0.579s] [100%] Built target prototype_msg__rosidl_typesupport_introspection_c__pyext
[0.836s] running egg_info
[0.837s] writing prototype_msg.egg-info/PKG-INFO
[0.837s] writing dependency_links to prototype_msg.egg-info/dependency_links.txt
[0.838s] writing top-level names to prototype_msg.egg-info/top_level.txt
[0.841s] reading manifest file 'prototype_msg.egg-info/SOURCES.txt'
[0.842s] writing manifest file 'prototype_msg.egg-info/SOURCES.txt'
[0.871s] [100%] Built target ament_cmake_python_build_prototype_msg_egg
[0.883s] Invoked command in '/home/hansol/project/build/prototype_msg' returned '0': CMAKE_PREFIX_PATH=${CMAKE_PREFIX_PATH}:/home/hansol/project/install/prototype_move:/home/hansol/project/install/limo_ros2_application:/opt/ros/humble /usr/bin/cmake --build /home/hansol/project/build/prototype_msg -- -j12 -l12
[0.950s] Invoking command in '/home/hansol/project/build/prototype_msg': CMAKE_PREFIX_PATH=${CMAKE_PREFIX_PATH}:/home/hansol/project/install/prototype_move:/home/hansol/project/install/limo_ros2_application:/opt/ros/humble /usr/bin/cmake --install /home/hansol/project/build/prototype_msg
[0.958s] -- Install configuration: ""
[0.959s] -- Execute custom install script
[0.959s] -- Up-to-date symlink: /home/hansol/project/install/prototype_msg/share/ament_index/resource_index/rosidl_interfaces/prototype_msg
[0.960s] -- Up-to-date symlink: /home/hansol/project/install/prototype_msg/include/prototype_msg/prototype_msg/action/detail/odometry__functions.h
[0.960s] -- Up-to-date symlink: /home/hansol/project/install/prototype_msg/include/prototype_msg/prototype_msg/action/detail/odometry__struct.h
[0.960s] -- Up-to-date symlink: /home/hansol/project/install/prototype_msg/include/prototype_msg/prototype_msg/action/detail/odometry__type_support.h
[0.960s] -- Up-to-date symlink: /home/hansol/project/install/prototype_msg/include/prototype_msg/prototype_msg/action/detail/odometryaction__functions.h
[0.960s] -- Up-to-date symlink: /home/hansol/project/install/prototype_msg/include/prototype_msg/prototype_msg/action/detail/odometryaction__struct.h
[0.960s] -- Up-to-date symlink: /home/hansol/project/install/prototype_msg/include/prototype_msg/prototype_msg/action/detail/odometryaction__type_support.h
[0.960s] -- Up-to-date symlink: /home/hansol/project/install/prototype_msg/include/prototype_msg/prototype_msg/action/odometry.h
[0.961s] -- Up-to-date symlink: /home/hansol/project/install/prototype_msg/include/prototype_msg/prototype_msg/action/odometryaction.h
[0.961s] -- Up-to-date symlink: /home/hansol/project/install/prototype_msg/include/prototype_msg/prototype_msg/msg/rosidl_generator_c__visibility_control.h
[0.961s] -- Up-to-date symlink: /home/hansol/project/install/prototype_msg/share/prototype_msg/environment/library_path.sh
[0.961s] -- Up-to-date symlink: /home/hansol/project/install/prototype_msg/share/prototype_msg/environment/library_path.dsv
[0.962s] -- Up-to-date symlink: /home/hansol/project/install/prototype_msg/include/prototype_msg/prototype_msg/action/detail/odometry__rosidl_typesupport_fastrtps_c.h
[0.962s] -- Up-to-date symlink: /home/hansol/project/install/prototype_msg/include/prototype_msg/prototype_msg/action/detail/odometryaction__rosidl_typesupport_fastrtps_c.h
[0.962s] -- Up-to-date symlink: /home/hansol/project/install/prototype_msg/include/prototype_msg/prototype_msg/msg/rosidl_typesupport_fastrtps_c__visibility_control.h
[0.962s] -- Up-to-date symlink: /home/hansol/project/install/prototype_msg/include/prototype_msg/prototype_msg/action/detail/odometry__rosidl_typesupport_introspection_c.h
[0.962s] -- Up-to-date symlink: /home/hansol/project/install/prototype_msg/include/prototype_msg/prototype_msg/action/detail/odometryaction__rosidl_typesupport_introspection_c.h
[0.962s] -- Up-to-date symlink: /home/hansol/project/install/prototype_msg/include/prototype_msg/prototype_msg/msg/rosidl_typesupport_introspection_c__visibility_control.h
[0.963s] -- Up-to-date symlink: /home/hansol/project/install/prototype_msg/include/prototype_msg/prototype_msg/action/detail/odometry__builder.hpp
[0.963s] -- Up-to-date symlink: /home/hansol/project/install/prototype_msg/include/prototype_msg/prototype_msg/action/detail/odometry__struct.hpp
[0.963s] -- Up-to-date symlink: /home/hansol/project/install/prototype_msg/include/prototype_msg/prototype_msg/action/detail/odometry__traits.hpp
[0.963s] -- Up-to-date symlink: /home/hansol/project/install/prototype_msg/include/prototype_msg/prototype_msg/action/detail/odometryaction__builder.hpp
[0.963s] -- Up-to-date symlink: /home/hansol/project/install/prototype_msg/include/prototype_msg/prototype_msg/action/detail/odometryaction__struct.hpp
[0.963s] -- Up-to-date symlink: /home/hansol/project/install/prototype_msg/include/prototype_msg/prototype_msg/action/detail/odometryaction__traits.hpp
[0.964s] -- Up-to-date symlink: /home/hansol/project/install/prototype_msg/include/prototype_msg/prototype_msg/action/odometry.hpp
[0.964s] -- Up-to-date symlink: /home/hansol/project/install/prototype_msg/include/prototype_msg/prototype_msg/action/odometryaction.hpp
[0.964s] -- Up-to-date symlink: /home/hansol/project/install/prototype_msg/include/prototype_msg/prototype_msg/action/detail/odometry__rosidl_typesupport_fastrtps_cpp.hpp
[0.964s] -- Up-to-date symlink: /home/hansol/project/install/prototype_msg/include/prototype_msg/prototype_msg/action/detail/odometryaction__rosidl_typesupport_fastrtps_cpp.hpp
[0.965s] -- Up-to-date symlink: /home/hansol/project/install/prototype_msg/include/prototype_msg/prototype_msg/msg/rosidl_typesupport_fastrtps_cpp__visibility_control.h
[0.965s] -- Up-to-date symlink: /home/hansol/project/install/prototype_msg/include/prototype_msg/prototype_msg/action/detail/odometry__rosidl_typesupport_introspection_cpp.hpp
[0.965s] -- Up-to-date symlink: /home/hansol/project/install/prototype_msg/include/prototype_msg/prototype_msg/action/detail/odometryaction__rosidl_typesupport_introspection_cpp.hpp
[0.965s] -- Up-to-date symlink: /home/hansol/project/install/prototype_msg/share/prototype_msg/environment/pythonpath.sh
[0.965s] -- Up-to-date symlink: /home/hansol/project/install/prototype_msg/share/prototype_msg/environment/pythonpath.dsv
[0.966s] -- Up-to-date symlink: /home/hansol/project/install/prototype_msg/local/lib/python3.10/dist-packages/prototype_msg-0.0.0-py3.10.egg-info/PKG-INFO
[0.966s] -- Up-to-date symlink: /home/hansol/project/install/prototype_msg/local/lib/python3.10/dist-packages/prototype_msg-0.0.0-py3.10.egg-info/SOURCES.txt
[0.966s] -- Up-to-date symlink: /home/hansol/project/install/prototype_msg/local/lib/python3.10/dist-packages/prototype_msg-0.0.0-py3.10.egg-info/dependency_links.txt
[0.966s] -- Up-to-date symlink: /home/hansol/project/install/prototype_msg/local/lib/python3.10/dist-packages/prototype_msg-0.0.0-py3.10.egg-info/top_level.txt
[0.966s] -- Up-to-date symlink: /home/hansol/project/install/prototype_msg/local/lib/python3.10/dist-packages/prototype_msg/__init__.py
[0.966s] -- Up-to-date symlink: /home/hansol/project/install/prototype_msg/local/lib/python3.10/dist-packages/prototype_msg/_prototype_msg_s.ep.rosidl_typesupport_c.c
[0.967s] -- Up-to-date symlink: /home/hansol/project/install/prototype_msg/local/lib/python3.10/dist-packages/prototype_msg/_prototype_msg_s.ep.rosidl_typesupport_fastrtps_c.c
[0.967s] -- Up-to-date symlink: /home/hansol/project/install/prototype_msg/local/lib/python3.10/dist-packages/prototype_msg/_prototype_msg_s.ep.rosidl_typesupport_introspection_c.c
[0.967s] -- Up-to-date symlink: /home/hansol/project/install/prototype_msg/local/lib/python3.10/dist-packages/prototype_msg/action/__init__.py
[0.967s] -- Up-to-date symlink: /home/hansol/project/install/prototype_msg/local/lib/python3.10/dist-packages/prototype_msg/action/_odometry.py
[0.967s] -- Up-to-date symlink: /home/hansol/project/install/prototype_msg/local/lib/python3.10/dist-packages/prototype_msg/action/_odometry_s.c
[0.967s] -- Up-to-date symlink: /home/hansol/project/install/prototype_msg/local/lib/python3.10/dist-packages/prototype_msg/action/_odometryaction.py
[0.967s] -- Up-to-date symlink: /home/hansol/project/install/prototype_msg/local/lib/python3.10/dist-packages/prototype_msg/action/_odometryaction_s.c
[0.967s] -- Up-to-date symlink: /home/hansol/project/install/prototype_msg/local/lib/python3.10/dist-packages/prototype_msg/libprototype_msg__rosidl_generator_py.so
[0.967s] -- Up-to-date symlink: /home/hansol/project/install/prototype_msg/local/lib/python3.10/dist-packages/prototype_msg/prototype_msg_s__rosidl_typesupport_c.cpython-310-x86_64-linux-gnu.so
[0.967s] -- Up-to-date symlink: /home/hansol/project/install/prototype_msg/local/lib/python3.10/dist-packages/prototype_msg/prototype_msg_s__rosidl_typesupport_fastrtps_c.cpython-310-x86_64-linux-gnu.so
[0.968s] -- Up-to-date symlink: /home/hansol/project/install/prototype_msg/local/lib/python3.10/dist-packages/prototype_msg/prototype_msg_s__rosidl_typesupport_introspection_c.cpython-310-x86_64-linux-gnu.so
[0.968s] -- Up-to-date symlink: /home/hansol/project/install/prototype_msg/local/lib/python3.10/dist-packages/prototype_msg/prototype_msg_s__rosidl_typesupport_fastrtps_c.cpython-310-x86_64-linux-gnu.so
[0.968s] -- Up-to-date symlink: /home/hansol/project/install/prototype_msg/local/lib/python3.10/dist-packages/prototype_msg/prototype_msg_s__rosidl_typesupport_introspection_c.cpython-310-x86_64-linux-gnu.so
[0.968s] -- Up-to-date symlink: /home/hansol/project/install/prototype_msg/local/lib/python3.10/dist-packages/prototype_msg/prototype_msg_s__rosidl_typesupport_c.cpython-310-x86_64-linux-gnu.so
[0.968s] -- Up-to-date symlink: /home/hansol/project/install/prototype_msg/share/prototype_msg/action/Odometryaction.idl
[0.969s] -- Up-to-date symlink: /home/hansol/project/install/prototype_msg/share/prototype_msg/action/Odometryaction.action
[0.969s] -- Up-to-date symlink: /home/hansol/project/install/prototype_msg/share/ament_index/resource_index/package_run_dependencies/prototype_msg
[0.969s] -- Up-to-date symlink: /home/hansol/project/install/prototype_msg/share/ament_index/resource_index/parent_prefix_path/prototype_msg
[0.969s] -- Up-to-date symlink: /home/hansol/project/install/prototype_msg/share/prototype_msg/environment/ament_prefix_path.sh
[0.969s] -- Up-to-date symlink: /home/hansol/project/install/prototype_msg/share/prototype_msg/environment/ament_prefix_path.dsv
[0.969s] -- Up-to-date symlink: /home/hansol/project/install/prototype_msg/share/prototype_msg/environment/path.sh
[0.969s] -- Up-to-date symlink: /home/hansol/project/install/prototype_msg/share/prototype_msg/environment/path.dsv
[0.970s] -- Up-to-date symlink: /home/hansol/project/install/prototype_msg/share/prototype_msg/local_setup.bash
[0.970s] -- Up-to-date symlink: /home/hansol/project/install/prototype_msg/share/prototype_msg/local_setup.sh
[0.970s] -- Up-to-date symlink: /home/hansol/project/install/prototype_msg/share/prototype_msg/local_setup.zsh
[0.970s] -- Up-to-date symlink: /home/hansol/project/install/prototype_msg/share/prototype_msg/local_setup.dsv
[0.970s] -- Symlinking: /home/hansol/project/install/prototype_msg/share/prototype_msg/package.dsv
[0.984s] -- Up-to-date symlink: /home/hansol/project/install/prototype_msg/share/ament_index/resource_index/packages/prototype_msg
[0.984s] -- Up-to-date symlink: /home/hansol/project/install/prototype_msg/share/prototype_msg/cmake/rosidl_cmake-extras.cmake
[0.984s] -- Up-to-date symlink: /home/hansol/project/install/prototype_msg/share/prototype_msg/cmake/ament_cmake_export_dependencies-extras.cmake
[0.984s] -- Up-to-date symlink: /home/hansol/project/install/prototype_msg/share/prototype_msg/cmake/ament_cmake_export_include_directories-extras.cmake
[0.985s] -- Up-to-date symlink: /home/hansol/project/install/prototype_msg/share/prototype_msg/cmake/ament_cmake_export_libraries-extras.cmake
[0.985s] -- Up-to-date symlink: /home/hansol/project/install/prototype_msg/share/prototype_msg/cmake/ament_cmake_export_targets-extras.cmake
[0.985s] -- Up-to-date symlink: /home/hansol/project/install/prototype_msg/share/prototype_msg/cmake/rosidl_cmake_export_typesupport_targets-extras.cmake
[0.985s] -- Up-to-date symlink: /home/hansol/project/install/prototype_msg/share/prototype_msg/cmake/rosidl_cmake_export_typesupport_libraries-extras.cmake
[0.985s] -- Up-to-date symlink: /home/hansol/project/install/prototype_msg/share/prototype_msg/cmake/prototype_msgConfig.cmake
[0.986s] -- Up-to-date symlink: /home/hansol/project/install/prototype_msg/share/prototype_msg/cmake/prototype_msgConfig-version.cmake
[0.986s] -- Up-to-date symlink: /home/hansol/project/install/prototype_msg/share/prototype_msg/package.xml
[0.986s] -- Up-to-date: /home/hansol/project/install/prototype_msg/lib/libprototype_msg__rosidl_generator_c.so
[0.986s] -- Up-to-date: /home/hansol/project/install/prototype_msg/lib/libprototype_msg__rosidl_typesupport_fastrtps_c.so
[0.987s] -- Up-to-date: /home/hansol/project/install/prototype_msg/lib/libprototype_msg__rosidl_typesupport_introspection_c.so
[0.987s] -- Up-to-date: /home/hansol/project/install/prototype_msg/lib/libprototype_msg__rosidl_typesupport_c.so
[0.988s] -- Up-to-date: /home/hansol/project/install/prototype_msg/lib/libprototype_msg__rosidl_typesupport_fastrtps_cpp.so
[0.988s] -- Up-to-date: /home/hansol/project/install/prototype_msg/lib/libprototype_msg__rosidl_typesupport_introspection_cpp.so
[0.988s] -- Up-to-date: /home/hansol/project/install/prototype_msg/lib/libprototype_msg__rosidl_typesupport_cpp.so
[1.048s] Listing '/home/hansol/project/install/prototype_msg/local/lib/python3.10/dist-packages/prototype_msg'...
[1.048s] Listing '/home/hansol/project/install/prototype_msg/local/lib/python3.10/dist-packages/prototype_msg/action'...
[1.054s] -- Up-to-date: /home/hansol/project/install/prototype_msg/lib/libprototype_msg__rosidl_generator_py.so
[1.054s] -- Up-to-date: /home/hansol/project/install/prototype_msg/share/prototype_msg/cmake/export_prototype_msg__rosidl_generator_cExport.cmake
[1.054s] -- Up-to-date: /home/hansol/project/install/prototype_msg/share/prototype_msg/cmake/export_prototype_msg__rosidl_generator_cExport-noconfig.cmake
[1.055s] -- Up-to-date: /home/hansol/project/install/prototype_msg/share/prototype_msg/cmake/export_prototype_msg__rosidl_typesupport_fastrtps_cExport.cmake
[1.055s] -- Up-to-date: /home/hansol/project/install/prototype_msg/share/prototype_msg/cmake/export_prototype_msg__rosidl_typesupport_fastrtps_cExport-noconfig.cmake
[1.055s] -- Up-to-date: /home/hansol/project/install/prototype_msg/share/prototype_msg/cmake/prototype_msg__rosidl_typesupport_introspection_cExport.cmake
[1.055s] -- Up-to-date: /home/hansol/project/install/prototype_msg/share/prototype_msg/cmake/prototype_msg__rosidl_typesupport_introspection_cExport-noconfig.cmake
[1.055s] -- Up-to-date: /home/hansol/project/install/prototype_msg/share/prototype_msg/cmake/prototype_msg__rosidl_typesupport_cExport.cmake
[1.055s] -- Up-to-date: /home/hansol/project/install/prototype_msg/share/prototype_msg/cmake/prototype_msg__rosidl_typesupport_cExport-noconfig.cmake
[1.055s] -- Up-to-date: /home/hansol/project/install/prototype_msg/share/prototype_msg/cmake/export_prototype_msg__rosidl_generator_cppExport.cmake
[1.056s] -- Up-to-date: /home/hansol/project/install/prototype_msg/share/prototype_msg/cmake/export_prototype_msg__rosidl_typesupport_fastrtps_cppExport.cmake
[1.056s] -- Up-to-date: /home/hansol/project/install/prototype_msg/share/prototype_msg/cmake/export_prototype_msg__rosidl_typesupport_fastrtps_cppExport-noconfig.cmake
[1.056s] -- Up-to-date: /home/hansol/project/install/prototype_msg/share/prototype_msg/cmake/prototype_msg__rosidl_typesupport_introspection_cppExport.cmake
[1.056s] -- Up-to-date: /home/hansol/project/install/prototype_msg/share/prototype_msg/cmake/prototype_msg__rosidl_typesupport_introspection_cppExport-noconfig.cmake
[1.056s] -- Up-to-date: /home/hansol/project/install/prototype_msg/share/prototype_msg/cmake/prototype_msg__rosidl_typesupport_cppExport.cmake
[1.056s] -- Up-to-date: /home/hansol/project/install/prototype_msg/share/prototype_msg/cmake/prototype_msg__rosidl_typesupport_cppExport-noconfig.cmake
[1.056s] -- Up-to-date: /home/hansol/project/install/prototype_msg/share/prototype_msg/cmake/export_prototype_msg__rosidl_generator_pyExport.cmake
[1.056s] -- Up-to-date: /home/hansol/project/install/prototype_msg/share/prototype_msg/cmake/export_prototype_msg__rosidl_generator_pyExport-noconfig.cmake
[1.058s] Invoked command in '/home/hansol/project/build/prototype_msg' returned '0': CMAKE_PREFIX_PATH=${CMAKE_PREFIX_PATH}:/home/hansol/project/install/prototype_move:/home/hansol/project/install/limo_ros2_application:/opt/ros/humble /usr/bin/cmake --install /home/hansol/project/build/prototype_msg
