[0.008s] Invoking command in '/home/hansol/prototype_military/build/prototype_motor': CMAKE_PREFIX_PATH=/opt/ros/humble /usr/bin/cmake /home/hansol/prototype_military/src/prototype_motor -DCMAKE_INSTALL_PREFIX=/home/hansol/prototype_military/install/prototype_motor
[0.016s] -- Found ament_cmake: 1.3.10 (/opt/ros/humble/share/ament_cmake/cmake)
[0.096s] -- Found rclcpp: 16.0.10 (/opt/ros/humble/share/rclcpp/cmake)
[0.114s] -- Found rosidl_generator_c: 3.1.5 (/opt/ros/humble/share/rosidl_generator_c/cmake)
[0.116s] -- Found rosidl_adapter: 3.1.5 (/opt/ros/humble/share/rosidl_adapter/cmake)
[0.119s] -- Found rosidl_generator_cpp: 3.1.5 (/opt/ros/humble/share/rosidl_generator_cpp/cmake)
[0.126s] -- Using all available rosidl_typesupport_c: rosidl_typesupport_fastrtps_c;rosidl_typesupport_introspection_c
[0.134s] -- Using all available rosidl_typesupport_cpp: rosidl_typesupport_fastrtps_cpp;rosidl_typesupport_introspection_cpp
[0.153s] -- Found rmw_implementation_cmake: 6.1.2 (/opt/ros/humble/share/rmw_implementation_cmake/cmake)
[0.154s] -- Found rmw_fastrtps_cpp: 6.2.7 (/opt/ros/humble/share/rmw_fastrtps_cpp/cmake)
[0.224s] -- Using RMW implementation 'rmw_fastrtps_cpp' as default
[0.254s] -- Found sensor_msgs: 4.2.4 (/opt/ros/humble/share/sensor_msgs/cmake)
[0.272s] -- Found ament_lint_auto: 0.12.11 (/opt/ros/humble/share/ament_lint_auto/cmake)
[0.333s] [31mCMake Error at CMakeLists.txt:32 (install):
[0.333s]   install TARGETS given target "nurimotor" which does not exist.
[0.333s] 
[0.333s] [0m
[0.333s] [31mCMake Error at /opt/ros/humble/share/ament_cmake_target_dependencies/cmake/ament_target_dependencies.cmake:42 (message):
[0.333s]   ament_target_dependencies() the first argument must be a valid target name
[0.333s] Call Stack (most recent call first):
[0.333s]   CMakeLists.txt:36 (ament_target_dependencies)
[0.334s] 
[0.334s] [0m
[0.334s] -- Configuring incomplete, errors occurred!
[0.334s] See also "/home/hansol/prototype_military/build/prototype_motor/CMakeFiles/CMakeOutput.log".
[0.339s] Invoked command in '/home/hansol/prototype_military/build/prototype_motor' returned '1': CMAKE_PREFIX_PATH=/opt/ros/humble /usr/bin/cmake /home/hansol/prototype_military/src/prototype_motor -DCMAKE_INSTALL_PREFIX=/home/hansol/prototype_military/install/prototype_motor
