[0.052s] Invoking command in '/home/orin/Prototype_Military/prototype_military/build/realsense2_camera_msgs': CMAKE_PREFIX_PATH=${CMAKE_PREFIX_PATH}:/home/orin/Prototype_Military/install/yolov8_ros:/home/orin/Prototype_Military/install/prototype_move:/opt/ros/humble /usr/bin/cmake --build /home/orin/Prototype_Military/prototype_military/build/realsense2_camera_msgs -- -j12 -l12
[0.551s] [35m[1mConsolidate compiler generated dependencies of target realsense2_camera_msgs__rosidl_generator_c[0m
[0.552s] [  1%] Built target realsense2_camera_msgs__cpp
[0.552s] [ 12%] Built target realsense2_camera_msgs__rosidl_generator_c
[0.553s] [ 12%] Built target ament_cmake_python_copy_realsense2_camera_msgs
[0.553s] [35m[1mConsolidate compiler generated dependencies of target realsense2_camera_msgs__rosidl_typesupport_cpp[0m
[0.553s] [35m[1mConsolidate compiler generated dependencies of target realsense2_camera_msgs__rosidl_typesupport_introspection_cpp[0m
[0.554s] [35m[1mConsolidate compiler generated dependencies of target realsense2_camera_msgs__rosidl_typesupport_fastrtps_cpp[0m
[0.554s] [35m[1mConsolidate compiler generated dependencies of target realsense2_camera_msgs__rosidl_typesupport_introspection_c[0m
[0.554s] [35m[1mConsolidate compiler generated dependencies of target realsense2_camera_msgs__rosidl_typesupport_c[0m
[0.555s] [35m[1mConsolidate compiler generated dependencies of target realsense2_camera_msgs__rosidl_typesupport_fastrtps_c[0m
[0.555s] [ 23%] Built target realsense2_camera_msgs__rosidl_typesupport_introspection_cpp
[0.557s] [ 34%] Built target realsense2_camera_msgs__rosidl_typesupport_cpp
[0.557s] [ 46%] Built target realsense2_camera_msgs__rosidl_typesupport_introspection_c
[0.558s] [ 68%] Built target realsense2_camera_msgs__rosidl_typesupport_fastrtps_c
[0.559s] [ 68%] Built target realsense2_camera_msgs__rosidl_typesupport_fastrtps_cpp
[0.560s] [ 79%] Built target realsense2_camera_msgs__rosidl_typesupport_c
[0.560s] [ 79%] Built target realsense2_camera_msgs
[0.561s] [ 80%] Built target realsense2_camera_msgs__py
[0.562s] [35m[1mConsolidate compiler generated dependencies of target realsense2_camera_msgs__rosidl_generator_py[0m
[0.562s] [ 90%] Built target realsense2_camera_msgs__rosidl_generator_py
[0.562s] [35m[1mConsolidate compiler generated dependencies of target realsense2_camera_msgs__rosidl_typesupport_fastrtps_c__pyext[0m
[0.563s] [35m[1mConsolidate compiler generated dependencies of target realsense2_camera_msgs__rosidl_typesupport_c__pyext[0m
[0.564s] [35m[1mConsolidate compiler generated dependencies of target realsense2_camera_msgs__rosidl_typesupport_introspection_c__pyext[0m
[0.565s] [ 95%] Built target realsense2_camera_msgs__rosidl_typesupport_fastrtps_c__pyext
[0.565s] [ 96%] Built target realsense2_camera_msgs__rosidl_typesupport_introspection_c__pyext
[0.566s] [100%] Built target realsense2_camera_msgs__rosidl_typesupport_c__pyext
[0.656s] running egg_info
[0.696s] writing realsense2_camera_msgs.egg-info/PKG-INFO
[0.697s] writing dependency_links to realsense2_camera_msgs.egg-info/dependency_links.txt
[0.697s] writing top-level names to realsense2_camera_msgs.egg-info/top_level.txt
[0.815s] reading manifest file 'realsense2_camera_msgs.egg-info/SOURCES.txt'
[0.817s] writing manifest file 'realsense2_camera_msgs.egg-info/SOURCES.txt'
[0.886s] [100%] Built target ament_cmake_python_build_realsense2_camera_msgs_egg
