[0.065s] Invoking command in '/home/pi/Prototype_Military/prototype_military/build/prototype_motor': CMAKE_PREFIX_PATH=/home/pi/Prototype_Military/prototype_military/install/prototype_move:/opt/ros/humble /usr/bin/cmake --build /home/pi/Prototype_Military/prototype_military/build/prototype_motor -- -j4 -l4
[0.174s] -- Found ament_cmake: 1.3.10 (/opt/ros/humble/share/ament_cmake/cmake)
[0.788s] -- Found rclcpp: 16.0.10 (/opt/ros/humble/share/rclcpp/cmake)
[0.938s] -- Found rosidl_generator_c: 3.1.5 (/opt/ros/humble/share/rosidl_generator_c/cmake)
[0.950s] -- Found rosidl_adapter: 3.1.5 (/opt/ros/humble/share/rosidl_adapter/cmake)
[0.979s] -- Found rosidl_generator_cpp: 3.1.5 (/opt/ros/humble/share/rosidl_generator_cpp/cmake)
[1.021s] -- Using all available rosidl_typesupport_c: rosidl_typesupport_fastrtps_c;rosidl_typesupport_introspection_c
[1.079s] -- Using all available rosidl_typesupport_cpp: rosidl_typesupport_fastrtps_cpp;rosidl_typesupport_introspection_cpp
[1.227s] -- Found rmw_implementation_cmake: 6.1.2 (/opt/ros/humble/share/rmw_implementation_cmake/cmake)
[1.234s] -- Found rmw_fastrtps_cpp: 6.2.7 (/opt/ros/humble/share/rmw_fastrtps_cpp/cmake)
[1.799s] -- Using RMW implementation 'rmw_fastrtps_cpp' as default
[2.014s] -- Found sensor_msgs: 4.2.4 (/opt/ros/humble/share/sensor_msgs/cmake)
[2.158s] -- Found ament_lint_auto: 0.12.11 (/opt/ros/humble/share/ament_lint_auto/cmake)
[2.474s] [31mCMake Error at CMakeLists.txt:33 (target_link_libraries):
[2.475s]   Cannot specify link libraries for target "nuriomotor" which is not built by
[2.475s]   this project.
[2.476s] 
[2.476s] [0m
[2.477s] -- Configuring incomplete, errors occurred!
[2.477s] See also "/home/pi/Prototype_Military/prototype_military/build/prototype_motor/CMakeFiles/CMakeOutput.log".
[2.506s] gmake: *** [Makefile:267: cmake_check_build_system] Error 1
[2.512s] Invoked command in '/home/pi/Prototype_Military/prototype_military/build/prototype_motor' returned '2': CMAKE_PREFIX_PATH=/home/pi/Prototype_Military/prototype_military/install/prototype_move:/opt/ros/humble /usr/bin/cmake --build /home/pi/Prototype_Military/prototype_military/build/prototype_motor -- -j4 -l4
