[0.533s] Invoking command in '/home/orin/Prototype_Military/prototype_military/build/ydlidar_ros2_driver': CMAKE_PREFIX_PATH=${CMAKE_PREFIX_PATH}:/home/orin/Prototype_Military/install/yolov8_ros:/home/orin/Prototype_Military/install/prototype_move:/opt/ros/humble /usr/bin/cmake --build /home/orin/Prototype_Military/prototype_military/build/ydlidar_ros2_driver -- -j12 -l12
[0.621s] [100%] Built target ydlidar_ros2_driver_node
[0.621s] [100%] Built target ydlidar_ros2_driver_client
[0.641s] Invoked command in '/home/orin/Prototype_Military/prototype_military/build/ydlidar_ros2_driver' returned '0': CMAKE_PREFIX_PATH=${CMAKE_PREFIX_PATH}:/home/orin/Prototype_Military/install/yolov8_ros:/home/orin/Prototype_Military/install/prototype_move:/opt/ros/humble /usr/bin/cmake --build /home/orin/Prototype_Military/prototype_military/build/ydlidar_ros2_driver -- -j12 -l12
[0.703s] Invoking command in '/home/orin/Prototype_Military/prototype_military/build/ydlidar_ros2_driver': CMAKE_PREFIX_PATH=${CMAKE_PREFIX_PATH}:/home/orin/Prototype_Military/install/yolov8_ros:/home/orin/Prototype_Military/install/prototype_move:/opt/ros/humble /usr/bin/cmake --install /home/orin/Prototype_Military/prototype_military/build/ydlidar_ros2_driver
[0.717s] -- Install configuration: ""
[0.717s] -- Up-to-date: /home/orin/Prototype_Military/prototype_military/install/ydlidar_ros2_driver/lib/ydlidar_ros2_driver/ydlidar_ros2_driver_node
[0.718s] -- Up-to-date: /home/orin/Prototype_Military/prototype_military/install/ydlidar_ros2_driver/lib/ydlidar_ros2_driver/ydlidar_ros2_driver_client
[0.718s] -- Up-to-date: /home/orin/Prototype_Military/prototype_military/install/ydlidar_ros2_driver/share/ydlidar_ros2_driver/launch
[0.718s] -- Up-to-date: /home/orin/Prototype_Military/prototype_military/install/ydlidar_ros2_driver/share/ydlidar_ros2_driver/launch/ydlidar.py
[0.719s] -- Up-to-date: /home/orin/Prototype_Military/prototype_military/install/ydlidar_ros2_driver/share/ydlidar_ros2_driver/launch/ydlidar_launch.py
[0.719s] -- Up-to-date: /home/orin/Prototype_Military/prototype_military/install/ydlidar_ros2_driver/share/ydlidar_ros2_driver/launch/ydlidar_launch_view.py
[0.719s] -- Up-to-date: /home/orin/Prototype_Military/prototype_military/install/ydlidar_ros2_driver/share/ydlidar_ros2_driver/params
[0.719s] -- Up-to-date: /home/orin/Prototype_Military/prototype_military/install/ydlidar_ros2_driver/share/ydlidar_ros2_driver/params/GS2.yaml
[0.720s] -- Up-to-date: /home/orin/Prototype_Military/prototype_military/install/ydlidar_ros2_driver/share/ydlidar_ros2_driver/params/G2.yaml
[0.720s] -- Up-to-date: /home/orin/Prototype_Military/prototype_military/install/ydlidar_ros2_driver/share/ydlidar_ros2_driver/params/TG.yaml
[0.720s] -- Up-to-date: /home/orin/Prototype_Military/prototype_military/install/ydlidar_ros2_driver/share/ydlidar_ros2_driver/params/X2.yaml
[0.720s] -- Up-to-date: /home/orin/Prototype_Military/prototype_military/install/ydlidar_ros2_driver/share/ydlidar_ros2_driver/params/TEA.yaml
[0.720s] -- Up-to-date: /home/orin/Prototype_Military/prototype_military/install/ydlidar_ros2_driver/share/ydlidar_ros2_driver/params/TminiPro.yaml
[0.720s] -- Up-to-date: /home/orin/Prototype_Military/prototype_military/install/ydlidar_ros2_driver/share/ydlidar_ros2_driver/params/G1.yaml
[0.721s] -- Up-to-date: /home/orin/Prototype_Military/prototype_military/install/ydlidar_ros2_driver/share/ydlidar_ros2_driver/params/X4-Pro.yaml
[0.721s] -- Up-to-date: /home/orin/Prototype_Military/prototype_military/install/ydlidar_ros2_driver/share/ydlidar_ros2_driver/params/X4.yaml
[0.721s] -- Up-to-date: /home/orin/Prototype_Military/prototype_military/install/ydlidar_ros2_driver/share/ydlidar_ros2_driver/params/G6.yaml
[0.721s] -- Up-to-date: /home/orin/Prototype_Military/prototype_military/install/ydlidar_ros2_driver/share/ydlidar_ros2_driver/params/ydlidar.yaml
[0.721s] -- Up-to-date: /home/orin/Prototype_Military/prototype_military/install/ydlidar_ros2_driver/share/ydlidar_ros2_driver/startup
[0.721s] -- Up-to-date: /home/orin/Prototype_Military/prototype_military/install/ydlidar_ros2_driver/share/ydlidar_ros2_driver/startup/initenv.sh
[0.721s] -- Up-to-date: /home/orin/Prototype_Military/prototype_military/install/ydlidar_ros2_driver/share/ydlidar_ros2_driver/config
[0.721s] -- Up-to-date: /home/orin/Prototype_Military/prototype_military/install/ydlidar_ros2_driver/share/ydlidar_ros2_driver/config/ydlidar.rviz
[0.722s] -- Up-to-date: /home/orin/Prototype_Military/prototype_military/install/ydlidar_ros2_driver/share/ament_index/resource_index/package_run_dependencies/ydlidar_ros2_driver
[0.722s] -- Up-to-date: /home/orin/Prototype_Military/prototype_military/install/ydlidar_ros2_driver/share/ament_index/resource_index/parent_prefix_path/ydlidar_ros2_driver
[0.722s] -- Up-to-date: /home/orin/Prototype_Military/prototype_military/install/ydlidar_ros2_driver/share/ydlidar_ros2_driver/environment/ament_prefix_path.sh
[0.722s] -- Up-to-date: /home/orin/Prototype_Military/prototype_military/install/ydlidar_ros2_driver/share/ydlidar_ros2_driver/environment/ament_prefix_path.dsv
[0.722s] -- Up-to-date: /home/orin/Prototype_Military/prototype_military/install/ydlidar_ros2_driver/share/ydlidar_ros2_driver/environment/path.sh
[0.722s] -- Up-to-date: /home/orin/Prototype_Military/prototype_military/install/ydlidar_ros2_driver/share/ydlidar_ros2_driver/environment/path.dsv
[0.722s] -- Up-to-date: /home/orin/Prototype_Military/prototype_military/install/ydlidar_ros2_driver/share/ydlidar_ros2_driver/local_setup.bash
[0.723s] -- Up-to-date: /home/orin/Prototype_Military/prototype_military/install/ydlidar_ros2_driver/share/ydlidar_ros2_driver/local_setup.sh
[0.723s] -- Up-to-date: /home/orin/Prototype_Military/prototype_military/install/ydlidar_ros2_driver/share/ydlidar_ros2_driver/local_setup.zsh
[0.724s] -- Up-to-date: /home/orin/Prototype_Military/prototype_military/install/ydlidar_ros2_driver/share/ydlidar_ros2_driver/local_setup.dsv
[0.725s] -- Installing: /home/orin/Prototype_Military/prototype_military/install/ydlidar_ros2_driver/share/ydlidar_ros2_driver/package.dsv
[0.725s] -- Up-to-date: /home/orin/Prototype_Military/prototype_military/install/ydlidar_ros2_driver/share/ament_index/resource_index/packages/ydlidar_ros2_driver
[0.725s] -- Up-to-date: /home/orin/Prototype_Military/prototype_military/install/ydlidar_ros2_driver/share/ydlidar_ros2_driver/cmake/ydlidar_ros2_driverConfig.cmake
[0.726s] -- Up-to-date: /home/orin/Prototype_Military/prototype_military/install/ydlidar_ros2_driver/share/ydlidar_ros2_driver/cmake/ydlidar_ros2_driverConfig-version.cmake
[0.726s] -- Up-to-date: /home/orin/Prototype_Military/prototype_military/install/ydlidar_ros2_driver/share/ydlidar_ros2_driver/package.xml
[0.727s] Invoked command in '/home/orin/Prototype_Military/prototype_military/build/ydlidar_ros2_driver' returned '0': CMAKE_PREFIX_PATH=${CMAKE_PREFIX_PATH}:/home/orin/Prototype_Military/install/yolov8_ros:/home/orin/Prototype_Military/install/prototype_move:/opt/ros/humble /usr/bin/cmake --install /home/orin/Prototype_Military/prototype_military/build/ydlidar_ros2_driver
