[0.401s] Invoking command in '/home/hansol/project/build/ydlidar_ros2_driver': CMAKE_PREFIX_PATH=${CMAKE_PREFIX_PATH}:/home/hansol/project/install/prototype_move:/home/hansol/project/install/limo_ros2_application:/opt/ros/humble /usr/bin/cmake /home/hansol/project/src/limo_ros2/ydlidar_ros2 -DAMENT_CMAKE_SYMLINK_INSTALL=1 -DCMAKE_INSTALL_PREFIX=/home/hansol/project/install/ydlidar_ros2_driver
[0.402s] -- Found ament_cmake: 1.3.8 (/opt/ros/humble/share/ament_cmake/cmake)
[0.543s] -- Override CMake install command with custom implementation using symlinks instead of copying resources
[0.550s] -- Found rclcpp: 16.0.8 (/opt/ros/humble/share/rclcpp/cmake)
[0.583s] -- Found rosidl_generator_c: 3.1.5 (/opt/ros/humble/share/rosidl_generator_c/cmake)
[0.585s] -- Found rosidl_adapter: 3.1.5 (/opt/ros/humble/share/rosidl_adapter/cmake)
[0.590s] -- Found rosidl_generator_cpp: 3.1.5 (/opt/ros/humble/share/rosidl_generator_cpp/cmake)
[0.601s] -- Using all available rosidl_typesupport_c: rosidl_typesupport_fastrtps_c;rosidl_typesupport_introspection_c
[0.621s] -- Using all available rosidl_typesupport_cpp: rosidl_typesupport_fastrtps_cpp;rosidl_typesupport_introspection_cpp
[0.688s] -- Found rmw_implementation_cmake: 6.1.1 (/opt/ros/humble/share/rmw_implementation_cmake/cmake)
[0.690s] -- Found rmw_fastrtps_cpp: 6.2.6 (/opt/ros/humble/share/rmw_fastrtps_cpp/cmake)
[0.864s] -- Using RMW implementation 'rmw_fastrtps_cpp' as default
[1.049s] -- Found sensor_msgs: 4.2.3 (/opt/ros/humble/share/sensor_msgs/cmake)
[1.196s] -- Found visualization_msgs: 4.2.3 (/opt/ros/humble/share/visualization_msgs/cmake)
[1.308s] -- Found std_srvs: 4.2.3 (/opt/ros/humble/share/std_srvs/cmake)
[1.331s] [31mCMake Error at CMakeLists.txt:25 (find_package):
[1.331s]   By not providing "Findydlidar_sdk.cmake" in CMAKE_MODULE_PATH this project
[1.331s]   has asked CMake to find a package configuration file provided by
[1.331s]   "ydlidar_sdk", but CMake did not find one.
[1.331s] 
[1.331s]   Could not find a package configuration file provided by "ydlidar_sdk" with
[1.331s]   any of the following names:
[1.331s] 
[1.331s]     ydlidar_sdkConfig.cmake
[1.332s]     ydlidar_sdk-config.cmake
[1.332s] 
[1.332s]   Add the installation prefix of "ydlidar_sdk" to CMAKE_PREFIX_PATH or set
[1.332s]   "ydlidar_sdk_DIR" to a directory containing one of the above files.  If
[1.332s]   "ydlidar_sdk" provides a separate development package or SDK, be sure it
[1.332s]   has been installed.
[1.332s] 
[1.332s] [0m
[1.332s] -- Configuring incomplete, errors occurred!
[1.332s] See also "/home/hansol/project/build/ydlidar_ros2_driver/CMakeFiles/CMakeOutput.log".
[1.337s] Invoked command in '/home/hansol/project/build/ydlidar_ros2_driver' returned '1': CMAKE_PREFIX_PATH=${CMAKE_PREFIX_PATH}:/home/hansol/project/install/prototype_move:/home/hansol/project/install/limo_ros2_application:/opt/ros/humble /usr/bin/cmake /home/hansol/project/src/limo_ros2/ydlidar_ros2 -DAMENT_CMAKE_SYMLINK_INSTALL=1 -DCMAKE_INSTALL_PREFIX=/home/hansol/project/install/ydlidar_ros2_driver
