[0.016s] Invoking command in '/home/hansol/project/build/limo_description': CMAKE_PREFIX_PATH=/opt/ros/humble:/home/hansol/project/install/prototype_move /usr/bin/cmake /home/hansol/project/src/limo_ros2/limo_description -DAMENT_CMAKE_SYMLINK_INSTALL=1 -DCMAKE_INSTALL_PREFIX=/home/hansol/project/install/limo_description
[0.392s] -- Found ament_cmake: 1.3.8 (/opt/ros/humble/share/ament_cmake/cmake)
[0.392s] -- Found Python3: /usr/bin/python3 (found version "3.10.12") found components: Interpreter 
[0.393s] -- Override CMake install command with custom implementation using symlinks instead of copying resources
[0.393s] -- Found ament_lint_auto: 0.12.10 (/opt/ros/humble/share/ament_lint_auto/cmake)
[0.393s] -- Added test 'copyright' to check source files copyright and LICENSE
[0.394s] -- Added test 'flake8' to check Python code syntax and style conventions
[0.395s] -- Added test 'lint_cmake' to check CMake code style
[0.395s] -- Added test 'pep257' to check Python code against some of the docstring style conventions in PEP 257
[0.396s] -- Added test 'xmllint' to check XML markup files
[0.396s] -- Configuring done
[0.396s] -- Generating done
[0.396s] -- Build files have been written to: /home/hansol/project/build/limo_description
[0.399s] Invoked command in '/home/hansol/project/build/limo_description' returned '0': CMAKE_PREFIX_PATH=/opt/ros/humble:/home/hansol/project/install/prototype_move /usr/bin/cmake /home/hansol/project/src/limo_ros2/limo_description -DAMENT_CMAKE_SYMLINK_INSTALL=1 -DCMAKE_INSTALL_PREFIX=/home/hansol/project/install/limo_description
[0.400s] Invoking command in '/home/hansol/project/build/limo_description': CMAKE_PREFIX_PATH=/opt/ros/humble:/home/hansol/project/install/prototype_move /usr/bin/cmake --build /home/hansol/project/build/limo_description -- -j12 -l12
[0.447s] Invoked command in '/home/hansol/project/build/limo_description' returned '0': CMAKE_PREFIX_PATH=/opt/ros/humble:/home/hansol/project/install/prototype_move /usr/bin/cmake --build /home/hansol/project/build/limo_description -- -j12 -l12
[0.485s] Invoking command in '/home/hansol/project/build/limo_description': CMAKE_PREFIX_PATH=/opt/ros/humble:/home/hansol/project/install/prototype_move /usr/bin/cmake --install /home/hansol/project/build/limo_description
[0.489s] -- Install configuration: ""
[0.490s] -- Execute custom install script
[0.490s] -- Symlinking: /home/hansol/project/install/limo_description/share/limo_description/launch/display_models_diff.launch.py
[0.495s] -- Symlinking: /home/hansol/project/install/limo_description/share/limo_description/launch/display_models_diff.launch.py:Zone.Identifier
[0.501s] -- Symlinking: /home/hansol/project/install/limo_description/share/limo_description/launch/gazebo_models_diff.launch.py
[0.506s] -- Symlinking: /home/hansol/project/install/limo_description/share/limo_description/launch/gazebo_models_diff.launch.py:Zone.Identifier
[0.512s] -- Symlinking: /home/hansol/project/install/limo_description/share/limo_description/meshes/limo_base.dae
[0.517s] -- Symlinking: /home/hansol/project/install/limo_description/share/limo_description/meshes/limo_base.dae:Zone.Identifier
[0.522s] -- Symlinking: /home/hansol/project/install/limo_description/share/limo_description/meshes/limo_base.stl
[0.529s] -- Symlinking: /home/hansol/project/install/limo_description/share/limo_description/meshes/limo_base.stl:Zone.Identifier
[0.535s] -- Symlinking: /home/hansol/project/install/limo_description/share/limo_description/meshes/limo_wheel.dae
[0.540s] -- Symlinking: /home/hansol/project/install/limo_description/share/limo_description/meshes/limo_wheel.dae:Zone.Identifier
[0.546s] -- Symlinking: /home/hansol/project/install/limo_description/share/limo_description/meshes/limo_wheel.stl
[0.551s] -- Symlinking: /home/hansol/project/install/limo_description/share/limo_description/meshes/limo_wheel.stl:Zone.Identifier
[0.557s] -- Symlinking: /home/hansol/project/install/limo_description/share/limo_description/rviz/model_display.rviz
[0.562s] -- Symlinking: /home/hansol/project/install/limo_description/share/limo_description/rviz/model_display.rviz:Zone.Identifier
[0.568s] -- Symlinking: /home/hansol/project/install/limo_description/share/limo_description/rviz/urdf.rviz
[0.573s] -- Symlinking: /home/hansol/project/install/limo_description/share/limo_description/rviz/urdf.rviz:Zone.Identifier
[0.580s] -- Symlinking: /home/hansol/project/install/limo_description/share/limo_description/urdf/limo_ackerman.gazebo
[0.585s] -- Symlinking: /home/hansol/project/install/limo_description/share/limo_description/urdf/limo_ackerman.gazebo:Zone.Identifier
[0.591s] -- Symlinking: /home/hansol/project/install/limo_description/share/limo_description/urdf/limo_ackerman.xacro
[0.597s] -- Symlinking: /home/hansol/project/install/limo_description/share/limo_description/urdf/limo_ackerman.xacro:Zone.Identifier
[0.603s] -- Symlinking: /home/hansol/project/install/limo_description/share/limo_description/urdf/limo_four_diff.gazebo
[0.608s] -- Symlinking: /home/hansol/project/install/limo_description/share/limo_description/urdf/limo_four_diff.gazebo:Zone.Identifier
[0.613s] -- Symlinking: /home/hansol/project/install/limo_description/share/limo_description/urdf/limo_four_diff.xacro
[0.619s] -- Symlinking: /home/hansol/project/install/limo_description/share/limo_description/urdf/limo_four_diff.xacro:Zone.Identifier
[0.624s] -- Symlinking: /home/hansol/project/install/limo_description/share/limo_description/urdf/limo_four_diff_2.gazebo
[0.630s] -- Symlinking: /home/hansol/project/install/limo_description/share/limo_description/urdf/limo_four_diff_2.gazebo:Zone.Identifier
[0.638s] -- Symlinking: /home/hansol/project/install/limo_description/share/limo_description/urdf/limo_gazebo.gazebo
[0.649s] -- Symlinking: /home/hansol/project/install/limo_description/share/limo_description/urdf/limo_gazebo.gazebo:Zone.Identifier
[0.660s] -- Symlinking: /home/hansol/project/install/limo_description/share/limo_description/urdf/limo_steering_hinge.xacro
[0.672s] -- Symlinking: /home/hansol/project/install/limo_description/share/limo_description/urdf/limo_steering_hinge.xacro:Zone.Identifier
[0.682s] -- Symlinking: /home/hansol/project/install/limo_description/share/limo_description/urdf/limo_xacro.xacro
[0.693s] -- Symlinking: /home/hansol/project/install/limo_description/share/limo_description/urdf/limo_xacro.xacro:Zone.Identifier
[0.703s] -- Symlinking: /home/hansol/project/install/limo_description/share/ament_index/resource_index/package_run_dependencies/limo_description
[0.712s] -- Symlinking: /home/hansol/project/install/limo_description/share/ament_index/resource_index/parent_prefix_path/limo_description
[0.721s] -- Symlinking: /home/hansol/project/install/limo_description/share/limo_description/environment/ament_prefix_path.sh
[0.730s] -- Symlinking: /home/hansol/project/install/limo_description/share/limo_description/environment/ament_prefix_path.dsv
[0.741s] -- Symlinking: /home/hansol/project/install/limo_description/share/limo_description/environment/path.sh
[0.753s] -- Symlinking: /home/hansol/project/install/limo_description/share/limo_description/environment/path.dsv
[0.763s] -- Symlinking: /home/hansol/project/install/limo_description/share/limo_description/local_setup.bash
[0.775s] -- Symlinking: /home/hansol/project/install/limo_description/share/limo_description/local_setup.sh
[0.787s] -- Symlinking: /home/hansol/project/install/limo_description/share/limo_description/local_setup.zsh
[0.798s] -- Symlinking: /home/hansol/project/install/limo_description/share/limo_description/local_setup.dsv
[0.809s] -- Symlinking: /home/hansol/project/install/limo_description/share/limo_description/package.dsv
[0.817s] -- Symlinking: /home/hansol/project/install/limo_description/share/ament_index/resource_index/packages/limo_description
[0.825s] -- Symlinking: /home/hansol/project/install/limo_description/share/limo_description/cmake/limo_descriptionConfig.cmake
[0.833s] -- Symlinking: /home/hansol/project/install/limo_description/share/limo_description/cmake/limo_descriptionConfig-version.cmake
[0.846s] -- Symlinking: /home/hansol/project/install/limo_description/share/limo_description/package.xml
[0.859s] Invoked command in '/home/hansol/project/build/limo_description' returned '0': CMAKE_PREFIX_PATH=/opt/ros/humble:/home/hansol/project/install/prototype_move /usr/bin/cmake --install /home/hansol/project/build/limo_description
