[0.018s] Invoking command in '/home/hansol/project/build/limo_msgs': CMAKE_PREFIX_PATH=${CMAKE_PREFIX_PATH}:/home/hansol/project/install/prototype_move:/home/hansol/project/install/limo_ros2_application:/opt/ros/humble /usr/bin/cmake --build /home/hansol/project/build/limo_msgs -- -j12 -l12
[0.408s] [  9%] Built target limo_msgs__rosidl_generator_c
[0.408s] [ 12%] Built target limo_msgs__cpp
[0.408s] [ 12%] Built target ament_cmake_python_symlink_limo_msgs
[0.408s] [ 22%] Built target limo_msgs__rosidl_typesupport_c
[0.408s] [ 32%] Built target limo_msgs__rosidl_typesupport_introspection_c
[0.408s] [ 41%] Built target limo_msgs__rosidl_typesupport_fastrtps_c
[0.408s] [ 61%] Built target limo_msgs__rosidl_typesupport_cpp
[0.408s] [ 61%] Built target limo_msgs__rosidl_typesupport_introspection_cpp
[0.408s] [ 70%] Built target limo_msgs__rosidl_typesupport_fastrtps_cpp
[0.408s] [ 70%] Built target limo_msgs
[0.408s] [ 74%] Built target limo_msgs__py
[0.408s] [ 80%] Built target limo_msgs__rosidl_generator_py
[0.408s] [ 87%] Built target limo_msgs__rosidl_typesupport_fastrtps_c__pyext
[0.408s] [100%] Built target limo_msgs__rosidl_typesupport_c__pyext
[0.409s] [100%] Built target limo_msgs__rosidl_typesupport_introspection_c__pyext
[0.409s] running egg_info
[0.409s] writing limo_msgs.egg-info/PKG-INFO
[0.409s] writing dependency_links to limo_msgs.egg-info/dependency_links.txt
[0.409s] writing top-level names to limo_msgs.egg-info/top_level.txt
[0.409s] reading manifest file 'limo_msgs.egg-info/SOURCES.txt'
[0.409s] writing manifest file 'limo_msgs.egg-info/SOURCES.txt'
[0.409s] [100%] Built target ament_cmake_python_build_limo_msgs_egg
[0.416s] Invoked command in '/home/hansol/project/build/limo_msgs' returned '0': CMAKE_PREFIX_PATH=${CMAKE_PREFIX_PATH}:/home/hansol/project/install/prototype_move:/home/hansol/project/install/limo_ros2_application:/opt/ros/humble /usr/bin/cmake --build /home/hansol/project/build/limo_msgs -- -j12 -l12
[0.520s] Invoking command in '/home/hansol/project/build/limo_msgs': CMAKE_PREFIX_PATH=${CMAKE_PREFIX_PATH}:/home/hansol/project/install/prototype_move:/home/hansol/project/install/limo_ros2_application:/opt/ros/humble /usr/bin/cmake --install /home/hansol/project/build/limo_msgs
[0.532s] -- Install configuration: ""
[0.534s] -- Execute custom install script
[0.534s] -- Up-to-date symlink: /home/hansol/project/install/limo_msgs/share/ament_index/resource_index/rosidl_interfaces/limo_msgs
[0.534s] -- Up-to-date symlink: /home/hansol/project/install/limo_msgs/include/limo_msgs/limo_msgs/msg/detail/limo_status__functions.h
[0.535s] -- Up-to-date symlink: /home/hansol/project/install/limo_msgs/include/limo_msgs/limo_msgs/msg/detail/limo_status__struct.h
[0.535s] -- Up-to-date symlink: /home/hansol/project/install/limo_msgs/include/limo_msgs/limo_msgs/msg/detail/limo_status__type_support.h
[0.535s] -- Up-to-date symlink: /home/hansol/project/install/limo_msgs/include/limo_msgs/limo_msgs/msg/limo_status.h
[0.535s] -- Up-to-date symlink: /home/hansol/project/install/limo_msgs/include/limo_msgs/limo_msgs/msg/rosidl_generator_c__visibility_control.h
[0.536s] -- Up-to-date symlink: /home/hansol/project/install/limo_msgs/share/limo_msgs/environment/library_path.sh
[0.536s] -- Up-to-date symlink: /home/hansol/project/install/limo_msgs/share/limo_msgs/environment/library_path.dsv
[0.536s] -- Up-to-date symlink: /home/hansol/project/install/limo_msgs/include/limo_msgs/limo_msgs/msg/detail/limo_status__rosidl_typesupport_fastrtps_c.h
[0.536s] -- Up-to-date symlink: /home/hansol/project/install/limo_msgs/include/limo_msgs/limo_msgs/msg/rosidl_typesupport_fastrtps_c__visibility_control.h
[0.537s] -- Up-to-date symlink: /home/hansol/project/install/limo_msgs/include/limo_msgs/limo_msgs/msg/detail/limo_status__builder.hpp
[0.537s] -- Up-to-date symlink: /home/hansol/project/install/limo_msgs/include/limo_msgs/limo_msgs/msg/detail/limo_status__struct.hpp
[0.538s] -- Up-to-date symlink: /home/hansol/project/install/limo_msgs/include/limo_msgs/limo_msgs/msg/detail/limo_status__traits.hpp
[0.538s] -- Up-to-date symlink: /home/hansol/project/install/limo_msgs/include/limo_msgs/limo_msgs/msg/limo_status.hpp
[0.538s] -- Up-to-date symlink: /home/hansol/project/install/limo_msgs/include/limo_msgs/limo_msgs/msg/detail/limo_status__rosidl_typesupport_fastrtps_cpp.hpp
[0.539s] -- Up-to-date symlink: /home/hansol/project/install/limo_msgs/include/limo_msgs/limo_msgs/msg/rosidl_typesupport_fastrtps_cpp__visibility_control.h
[0.539s] -- Up-to-date symlink: /home/hansol/project/install/limo_msgs/include/limo_msgs/limo_msgs/msg/detail/limo_status__rosidl_typesupport_introspection_c.h
[0.542s] -- Up-to-date symlink: /home/hansol/project/install/limo_msgs/include/limo_msgs/limo_msgs/msg/rosidl_typesupport_introspection_c__visibility_control.h
[0.542s] -- Up-to-date symlink: /home/hansol/project/install/limo_msgs/include/limo_msgs/limo_msgs/msg/detail/limo_status__rosidl_typesupport_introspection_cpp.hpp
[0.542s] -- Up-to-date symlink: /home/hansol/project/install/limo_msgs/share/limo_msgs/environment/pythonpath.sh
[0.542s] -- Up-to-date symlink: /home/hansol/project/install/limo_msgs/share/limo_msgs/environment/pythonpath.dsv
[0.542s] -- Up-to-date symlink: /home/hansol/project/install/limo_msgs/local/lib/python3.10/dist-packages/limo_msgs-0.0.0-py3.10.egg-info/PKG-INFO
[0.542s] -- Up-to-date symlink: /home/hansol/project/install/limo_msgs/local/lib/python3.10/dist-packages/limo_msgs-0.0.0-py3.10.egg-info/SOURCES.txt
[0.542s] -- Up-to-date symlink: /home/hansol/project/install/limo_msgs/local/lib/python3.10/dist-packages/limo_msgs-0.0.0-py3.10.egg-info/dependency_links.txt
[0.542s] -- Up-to-date symlink: /home/hansol/project/install/limo_msgs/local/lib/python3.10/dist-packages/limo_msgs-0.0.0-py3.10.egg-info/top_level.txt
[0.542s] -- Up-to-date symlink: /home/hansol/project/install/limo_msgs/local/lib/python3.10/dist-packages/limo_msgs/__init__.py
[0.542s] -- Up-to-date symlink: /home/hansol/project/install/limo_msgs/local/lib/python3.10/dist-packages/limo_msgs/_limo_msgs_s.ep.rosidl_typesupport_c.c
[0.543s] -- Up-to-date symlink: /home/hansol/project/install/limo_msgs/local/lib/python3.10/dist-packages/limo_msgs/_limo_msgs_s.ep.rosidl_typesupport_fastrtps_c.c
[0.543s] -- Up-to-date symlink: /home/hansol/project/install/limo_msgs/local/lib/python3.10/dist-packages/limo_msgs/_limo_msgs_s.ep.rosidl_typesupport_introspection_c.c
[0.543s] -- Up-to-date symlink: /home/hansol/project/install/limo_msgs/local/lib/python3.10/dist-packages/limo_msgs/liblimo_msgs__rosidl_generator_py.so
[0.543s] -- Up-to-date symlink: /home/hansol/project/install/limo_msgs/local/lib/python3.10/dist-packages/limo_msgs/limo_msgs_s__rosidl_typesupport_c.cpython-310-x86_64-linux-gnu.so
[0.543s] -- Up-to-date symlink: /home/hansol/project/install/limo_msgs/local/lib/python3.10/dist-packages/limo_msgs/limo_msgs_s__rosidl_typesupport_fastrtps_c.cpython-310-x86_64-linux-gnu.so
[0.543s] -- Up-to-date symlink: /home/hansol/project/install/limo_msgs/local/lib/python3.10/dist-packages/limo_msgs/limo_msgs_s__rosidl_typesupport_introspection_c.cpython-310-x86_64-linux-gnu.so
[0.543s] -- Up-to-date symlink: /home/hansol/project/install/limo_msgs/local/lib/python3.10/dist-packages/limo_msgs/msg/__init__.py
[0.543s] -- Up-to-date symlink: /home/hansol/project/install/limo_msgs/local/lib/python3.10/dist-packages/limo_msgs/msg/_limo_status.py
[0.543s] -- Up-to-date symlink: /home/hansol/project/install/limo_msgs/local/lib/python3.10/dist-packages/limo_msgs/msg/_limo_status_s.c
[0.544s] -- Up-to-date symlink: /home/hansol/project/install/limo_msgs/local/lib/python3.10/dist-packages/limo_msgs/limo_msgs_s__rosidl_typesupport_fastrtps_c.cpython-310-x86_64-linux-gnu.so
[0.544s] -- Up-to-date symlink: /home/hansol/project/install/limo_msgs/local/lib/python3.10/dist-packages/limo_msgs/limo_msgs_s__rosidl_typesupport_introspection_c.cpython-310-x86_64-linux-gnu.so
[0.545s] -- Up-to-date symlink: /home/hansol/project/install/limo_msgs/local/lib/python3.10/dist-packages/limo_msgs/limo_msgs_s__rosidl_typesupport_c.cpython-310-x86_64-linux-gnu.so
[0.545s] -- Up-to-date symlink: /home/hansol/project/install/limo_msgs/share/limo_msgs/msg/LimoStatus.idl
[0.545s] -- Up-to-date symlink: /home/hansol/project/install/limo_msgs/share/limo_msgs/msg/LimoStatus.msg
[0.545s] -- Up-to-date symlink: /home/hansol/project/install/limo_msgs/share/ament_index/resource_index/package_run_dependencies/limo_msgs
[0.546s] -- Up-to-date symlink: /home/hansol/project/install/limo_msgs/share/ament_index/resource_index/parent_prefix_path/limo_msgs
[0.546s] -- Up-to-date symlink: /home/hansol/project/install/limo_msgs/share/limo_msgs/environment/ament_prefix_path.sh
[0.546s] -- Up-to-date symlink: /home/hansol/project/install/limo_msgs/share/limo_msgs/environment/ament_prefix_path.dsv
[0.546s] -- Up-to-date symlink: /home/hansol/project/install/limo_msgs/share/limo_msgs/environment/path.sh
[0.547s] -- Up-to-date symlink: /home/hansol/project/install/limo_msgs/share/limo_msgs/environment/path.dsv
[0.547s] -- Up-to-date symlink: /home/hansol/project/install/limo_msgs/share/limo_msgs/local_setup.bash
[0.547s] -- Up-to-date symlink: /home/hansol/project/install/limo_msgs/share/limo_msgs/local_setup.sh
[0.547s] -- Up-to-date symlink: /home/hansol/project/install/limo_msgs/share/limo_msgs/local_setup.zsh
[0.547s] -- Up-to-date symlink: /home/hansol/project/install/limo_msgs/share/limo_msgs/local_setup.dsv
[0.547s] -- Symlinking: /home/hansol/project/install/limo_msgs/share/limo_msgs/package.dsv
[0.562s] -- Up-to-date symlink: /home/hansol/project/install/limo_msgs/share/ament_index/resource_index/packages/limo_msgs
[0.563s] -- Up-to-date symlink: /home/hansol/project/install/limo_msgs/share/limo_msgs/cmake/rosidl_cmake-extras.cmake
[0.563s] -- Up-to-date symlink: /home/hansol/project/install/limo_msgs/share/limo_msgs/cmake/ament_cmake_export_dependencies-extras.cmake
[0.563s] -- Up-to-date symlink: /home/hansol/project/install/limo_msgs/share/limo_msgs/cmake/ament_cmake_export_include_directories-extras.cmake
[0.563s] -- Up-to-date symlink: /home/hansol/project/install/limo_msgs/share/limo_msgs/cmake/ament_cmake_export_libraries-extras.cmake
[0.563s] -- Up-to-date symlink: /home/hansol/project/install/limo_msgs/share/limo_msgs/cmake/ament_cmake_export_targets-extras.cmake
[0.564s] -- Up-to-date symlink: /home/hansol/project/install/limo_msgs/share/limo_msgs/cmake/rosidl_cmake_export_typesupport_targets-extras.cmake
[0.564s] -- Up-to-date symlink: /home/hansol/project/install/limo_msgs/share/limo_msgs/cmake/rosidl_cmake_export_typesupport_libraries-extras.cmake
[0.564s] -- Up-to-date symlink: /home/hansol/project/install/limo_msgs/share/limo_msgs/cmake/limo_msgsConfig.cmake
[0.564s] -- Up-to-date symlink: /home/hansol/project/install/limo_msgs/share/limo_msgs/cmake/limo_msgsConfig-version.cmake
[0.564s] -- Up-to-date symlink: /home/hansol/project/install/limo_msgs/share/limo_msgs/package.xml
[0.565s] -- Up-to-date: /home/hansol/project/install/limo_msgs/lib/liblimo_msgs__rosidl_generator_c.so
[0.565s] -- Up-to-date: /home/hansol/project/install/limo_msgs/lib/liblimo_msgs__rosidl_typesupport_fastrtps_c.so
[0.566s] -- Up-to-date: /home/hansol/project/install/limo_msgs/lib/liblimo_msgs__rosidl_typesupport_fastrtps_cpp.so
[0.566s] -- Up-to-date: /home/hansol/project/install/limo_msgs/lib/liblimo_msgs__rosidl_typesupport_introspection_c.so
[0.567s] -- Up-to-date: /home/hansol/project/install/limo_msgs/lib/liblimo_msgs__rosidl_typesupport_c.so
[0.567s] -- Up-to-date: /home/hansol/project/install/limo_msgs/lib/liblimo_msgs__rosidl_typesupport_introspection_cpp.so
[0.567s] -- Up-to-date: /home/hansol/project/install/limo_msgs/lib/liblimo_msgs__rosidl_typesupport_cpp.so
[0.610s] Listing '/home/hansol/project/install/limo_msgs/local/lib/python3.10/dist-packages/limo_msgs'...
[0.611s] Listing '/home/hansol/project/install/limo_msgs/local/lib/python3.10/dist-packages/limo_msgs/msg'...
[0.614s] -- Up-to-date: /home/hansol/project/install/limo_msgs/lib/liblimo_msgs__rosidl_generator_py.so
[0.615s] -- Up-to-date: /home/hansol/project/install/limo_msgs/share/limo_msgs/cmake/export_limo_msgs__rosidl_generator_cExport.cmake
[0.615s] -- Up-to-date: /home/hansol/project/install/limo_msgs/share/limo_msgs/cmake/export_limo_msgs__rosidl_generator_cExport-noconfig.cmake
[0.615s] -- Up-to-date: /home/hansol/project/install/limo_msgs/share/limo_msgs/cmake/export_limo_msgs__rosidl_typesupport_fastrtps_cExport.cmake
[0.615s] -- Up-to-date: /home/hansol/project/install/limo_msgs/share/limo_msgs/cmake/export_limo_msgs__rosidl_typesupport_fastrtps_cExport-noconfig.cmake
[0.615s] -- Up-to-date: /home/hansol/project/install/limo_msgs/share/limo_msgs/cmake/export_limo_msgs__rosidl_generator_cppExport.cmake
[0.616s] -- Up-to-date: /home/hansol/project/install/limo_msgs/share/limo_msgs/cmake/export_limo_msgs__rosidl_typesupport_fastrtps_cppExport.cmake
[0.616s] -- Up-to-date: /home/hansol/project/install/limo_msgs/share/limo_msgs/cmake/export_limo_msgs__rosidl_typesupport_fastrtps_cppExport-noconfig.cmake
[0.616s] -- Up-to-date: /home/hansol/project/install/limo_msgs/share/limo_msgs/cmake/limo_msgs__rosidl_typesupport_introspection_cExport.cmake
[0.616s] -- Up-to-date: /home/hansol/project/install/limo_msgs/share/limo_msgs/cmake/limo_msgs__rosidl_typesupport_introspection_cExport-noconfig.cmake
[0.616s] -- Up-to-date: /home/hansol/project/install/limo_msgs/share/limo_msgs/cmake/limo_msgs__rosidl_typesupport_cExport.cmake
[0.616s] -- Up-to-date: /home/hansol/project/install/limo_msgs/share/limo_msgs/cmake/limo_msgs__rosidl_typesupport_cExport-noconfig.cmake
[0.616s] -- Up-to-date: /home/hansol/project/install/limo_msgs/share/limo_msgs/cmake/limo_msgs__rosidl_typesupport_introspection_cppExport.cmake
[0.617s] -- Up-to-date: /home/hansol/project/install/limo_msgs/share/limo_msgs/cmake/limo_msgs__rosidl_typesupport_introspection_cppExport-noconfig.cmake
[0.617s] -- Up-to-date: /home/hansol/project/install/limo_msgs/share/limo_msgs/cmake/limo_msgs__rosidl_typesupport_cppExport.cmake
[0.617s] -- Up-to-date: /home/hansol/project/install/limo_msgs/share/limo_msgs/cmake/limo_msgs__rosidl_typesupport_cppExport-noconfig.cmake
[0.617s] -- Up-to-date: /home/hansol/project/install/limo_msgs/share/limo_msgs/cmake/export_limo_msgs__rosidl_generator_pyExport.cmake
[0.617s] -- Up-to-date: /home/hansol/project/install/limo_msgs/share/limo_msgs/cmake/export_limo_msgs__rosidl_generator_pyExport-noconfig.cmake
[0.620s] Invoked command in '/home/hansol/project/build/limo_msgs' returned '0': CMAKE_PREFIX_PATH=${CMAKE_PREFIX_PATH}:/home/hansol/project/install/prototype_move:/home/hansol/project/install/limo_ros2_application:/opt/ros/humble /usr/bin/cmake --install /home/hansol/project/build/limo_msgs
