[0.356s] Invoking command in '/home/hansol/project/build/prototype_move': PYTHONPATH=/home/hansol/project/build/prototype_move/prefix_override:/home/hansol/project/install/prototype_move/lib/python3.10/site-packages:${PYTHONPATH} /usr/bin/python3 -W ignore:setup.py install is deprecated setup.py develop --editable --build-directory /home/hansol/project/build/prototype_move/build --no-deps symlink_data
[0.514s] running develop
[0.603s] running egg_info
[0.604s] creating prototype_move.egg-info
[0.604s] writing prototype_move.egg-info/PKG-INFO
[0.604s] writing dependency_links to prototype_move.egg-info/dependency_links.txt
[0.604s] writing entry points to prototype_move.egg-info/entry_points.txt
[0.604s] writing requirements to prototype_move.egg-info/requires.txt
[0.604s] writing top-level names to prototype_move.egg-info/top_level.txt
[0.604s] writing manifest file 'prototype_move.egg-info/SOURCES.txt'
[0.605s] reading manifest file 'prototype_move.egg-info/SOURCES.txt'
[0.605s] writing manifest file 'prototype_move.egg-info/SOURCES.txt'
[0.606s] running build_ext
[0.606s] Creating /home/hansol/project/install/prototype_move/lib/python3.10/site-packages/prototype-move.egg-link (link to .)
[0.606s] 
[0.606s] Installed /home/hansol/project/build/prototype_move
[0.606s] running symlink_data
[0.606s] creating /home/hansol/project/install/prototype_move/share/ament_index
[0.607s] creating /home/hansol/project/install/prototype_move/share/ament_index/resource_index
[0.607s] creating /home/hansol/project/install/prototype_move/share/ament_index/resource_index/packages
[0.607s] symbolically linking /home/hansol/project/build/prototype_move/resource/prototype_move -> /home/hansol/project/install/prototype_move/share/ament_index/resource_index/packages
[0.607s] symbolically linking /home/hansol/project/build/prototype_move/package.xml -> /home/hansol/project/install/prototype_move/share/prototype_move
[0.623s] Invoked command in '/home/hansol/project/build/prototype_move' returned '0': PYTHONPATH=/home/hansol/project/build/prototype_move/prefix_override:/home/hansol/project/install/prototype_move/lib/python3.10/site-packages:${PYTHONPATH} /usr/bin/python3 -W ignore:setup.py install is deprecated setup.py develop --editable --build-directory /home/hansol/project/build/prototype_move/build --no-deps symlink_data
