[3.335s] Invoking command in '/home/pi/Prototype_Military/prototype_military/build/prototype_move': PYTHONPATH=/home/pi/Prototype_Military/prototype_military/build/prototype_move/prefix_override:/usr/lib/python3/dist-packages/colcon_core/task/python/colcon_distutils_commands:/home/pi/Prototype_Military/prototype_military/install/prototype_move/lib/python3.10/site-packages:${PYTHONPATH} /usr/bin/python3 -W ignore:setup.py install is deprecated setup.py develop --editable --build-directory /home/pi/Prototype_Military/prototype_military/build/prototype_move/build --no-deps symlink_data --force
[4.913s] running develop
[5.845s] running egg_info
[5.847s] writing prototype_move.egg-info/PKG-INFO
[5.850s] writing dependency_links to prototype_move.egg-info/dependency_links.txt
[5.852s] writing entry points to prototype_move.egg-info/entry_points.txt
[5.855s] writing requirements to prototype_move.egg-info/requires.txt
[5.858s] writing top-level names to prototype_move.egg-info/top_level.txt
[5.871s] reading manifest file 'prototype_move.egg-info/SOURCES.txt'
[5.878s] writing manifest file 'prototype_move.egg-info/SOURCES.txt'
[5.889s] running build_ext
[5.891s] Creating /home/pi/Prototype_Military/prototype_military/install/prototype_move/lib/python3.10/site-packages/prototype-move.egg-link (link to .)
[5.902s] Installing teleop_keyboard script to /home/pi/Prototype_Military/prototype_military/install/prototype_move/lib/prototype_move
[5.902s] 
[5.903s] Installed /home/pi/Prototype_Military/prototype_military/build/prototype_move
[5.916s] running symlink_data
[5.917s] symbolically linking /home/pi/Prototype_Military/prototype_military/build/prototype_move/resource/prototype_move -> /home/pi/Prototype_Military/prototype_military/install/prototype_move/share/ament_index/resource_index/packages
[5.936s] symbolically linking /home/pi/Prototype_Military/prototype_military/build/prototype_move/package.xml -> /home/pi/Prototype_Military/prototype_military/install/prototype_move/share/prototype_move
[5.937s] symbolically linking /home/pi/Prototype_Military/prototype_military/build/prototype_move/package.xml -> /home/pi/Prototype_Military/prototype_military/install/prototype_move/share/prototype_move
[5.938s] symbolically linking /home/pi/Prototype_Military/prototype_military/build/prototype_move/launch/prototype_move_launch.py -> /home/pi/Prototype_Military/prototype_military/install/prototype_move/share/prototype_move/launch
[6.141s] Invoked command in '/home/pi/Prototype_Military/prototype_military/build/prototype_move' returned '0': PYTHONPATH=/home/pi/Prototype_Military/prototype_military/build/prototype_move/prefix_override:/usr/lib/python3/dist-packages/colcon_core/task/python/colcon_distutils_commands:/home/pi/Prototype_Military/prototype_military/install/prototype_move/lib/python3.10/site-packages:${PYTHONPATH} /usr/bin/python3 -W ignore:setup.py install is deprecated setup.py develop --editable --build-directory /home/pi/Prototype_Military/prototype_military/build/prototype_move/build --no-deps symlink_data --force
