[0.590s] Invoking command in '/home/hansol/project/build/prototype_msg': CMAKE_PREFIX_PATH=${CMAKE_PREFIX_PATH}:/home/hansol/project/install/prototype_move:/home/hansol/project/install/limo_ros2_application:/opt/ros/humble /usr/bin/cmake --build /home/hansol/project/build/prototype_msg -- -j12 -l12
[0.640s] [  2%] Built target prototype_msg__cpp
[0.643s] [  5%] [32mBuilding C object CMakeFiles/prototype_msg__rosidl_generator_c.dir/rosidl_generator_c/prototype_msg/action/detail/movefeedback__functions.c.o[0m
[0.645s] [  7%] [32mBuilding C object CMakeFiles/prototype_msg__rosidl_generator_c.dir/rosidl_generator_c/prototype_msg/action/detail/odometryaction__functions.c.o[0m
[0.650s] [  7%] Built target ament_cmake_python_symlink_prototype_msg
[0.671s] [ 12%] [32mBuilding CXX object CMakeFiles/prototype_msg__rosidl_typesupport_cpp.dir/rosidl_typesupport_cpp/prototype_msg/action/movefeedback__type_support.cpp.o[0m
[0.671s] [ 12%] [32mBuilding CXX object CMakeFiles/prototype_msg__rosidl_typesupport_introspection_cpp.dir/rosidl_typesupport_introspection_cpp/prototype_msg/action/detail/odometryaction__type_support.cpp.o[0m
[0.671s] [ 15%] [32mBuilding CXX object CMakeFiles/prototype_msg__rosidl_typesupport_fastrtps_cpp.dir/rosidl_typesupport_fastrtps_cpp/prototype_msg/action/detail/dds_fastrtps/odometryaction__type_support.cpp.o[0m
[0.671s] [ 17%] [32mBuilding CXX object CMakeFiles/prototype_msg__rosidl_typesupport_cpp.dir/rosidl_typesupport_cpp/prototype_msg/action/odometryaction__type_support.cpp.o[0m
[0.673s] [ 20%] [32mBuilding CXX object CMakeFiles/prototype_msg__rosidl_typesupport_introspection_cpp.dir/rosidl_typesupport_introspection_cpp/prototype_msg/action/detail/movefeedback__type_support.cpp.o[0m
[0.684s] [ 23%] [32mBuilding CXX object CMakeFiles/prototype_msg__rosidl_typesupport_fastrtps_cpp.dir/rosidl_typesupport_fastrtps_cpp/prototype_msg/action/detail/dds_fastrtps/movefeedback__type_support.cpp.o[0m
[0.860s] [ 25%] [32m[1mLinking C shared library libprototype_msg__rosidl_generator_c.so[0m
[0.940s] [ 28%] Built target prototype_msg__rosidl_generator_c
[0.996s] [ 30%] [32mBuilding CXX object CMakeFiles/prototype_msg__rosidl_typesupport_fastrtps_c.dir/rosidl_typesupport_fastrtps_c/prototype_msg/action/detail/odometryaction__type_support_c.cpp.o[0m
[1.011s] [ 33%] [32mBuilding C object CMakeFiles/prototype_msg__rosidl_typesupport_introspection_c.dir/rosidl_typesupport_introspection_c/prototype_msg/action/detail/odometryaction__type_support.c.o[0m
[1.016s] [ 35%] [32mBuilding C object CMakeFiles/prototype_msg__rosidl_typesupport_introspection_c.dir/rosidl_typesupport_introspection_c/prototype_msg/action/detail/movefeedback__type_support.c.o[0m
[1.018s] [ 38%] [32mBuilding CXX object CMakeFiles/prototype_msg__rosidl_typesupport_fastrtps_c.dir/rosidl_typesupport_fastrtps_c/prototype_msg/action/detail/movefeedback__type_support_c.cpp.o[0m
[1.032s] [ 41%] [32mBuilding CXX object CMakeFiles/prototype_msg__rosidl_typesupport_c.dir/rosidl_typesupport_c/prototype_msg/action/odometryaction__type_support.cpp.o[0m
[1.160s] [ 43%] [32mBuilding CXX object CMakeFiles/prototype_msg__rosidl_typesupport_c.dir/rosidl_typesupport_c/prototype_msg/action/movefeedback__type_support.cpp.o[0m
[1.216s] [ 46%] [32m[1mLinking C shared library libprototype_msg__rosidl_typesupport_introspection_c.so[0m
[1.219s] running egg_info
[1.221s] writing prototype_msg.egg-info/PKG-INFO
[1.222s] writing dependency_links to prototype_msg.egg-info/dependency_links.txt
[1.223s] writing top-level names to prototype_msg.egg-info/top_level.txt
[1.229s] reading manifest file 'prototype_msg.egg-info/SOURCES.txt'
[1.234s] writing manifest file 'prototype_msg.egg-info/SOURCES.txt'
[1.252s] [ 48%] [32m[1mLinking CXX shared library libprototype_msg__rosidl_typesupport_c.so[0m
[1.304s] [ 48%] Built target ament_cmake_python_build_prototype_msg_egg
[1.342s] [ 51%] Built target prototype_msg__rosidl_typesupport_c
[1.361s] [ 53%] Built target prototype_msg__rosidl_typesupport_introspection_c
[1.543s] [ 56%] [32m[1mLinking CXX shared library libprototype_msg__rosidl_typesupport_cpp.so[0m
[1.620s] [ 58%] Built target prototype_msg__rosidl_typesupport_cpp
[1.720s] [ 61%] [32m[1mLinking CXX shared library libprototype_msg__rosidl_typesupport_fastrtps_cpp.so[0m
[1.720s] [ 64%] [32m[1mLinking CXX shared library libprototype_msg__rosidl_typesupport_fastrtps_c.so[0m
[1.754s] [ 66%] [32m[1mLinking CXX shared library libprototype_msg__rosidl_typesupport_introspection_cpp.so[0m
[1.801s] [ 69%] Built target prototype_msg__rosidl_typesupport_fastrtps_cpp
[1.815s] [ 71%] Built target prototype_msg__rosidl_typesupport_fastrtps_c
[1.836s] [ 74%] Built target prototype_msg__rosidl_typesupport_introspection_cpp
[1.851s] [ 74%] Built target prototype_msg
[1.867s] [ 76%] Built target prototype_msg__py
[1.889s] [ 79%] [32mBuilding C object CMakeFiles/prototype_msg__rosidl_generator_py.dir/rosidl_generator_py/prototype_msg/action/_movefeedback_s.c.o[0m
[1.891s] [ 82%] [32mBuilding C object CMakeFiles/prototype_msg__rosidl_generator_py.dir/rosidl_generator_py/prototype_msg/action/_odometryaction_s.c.o[0m
[2.018s] [ 84%] [32m[1mLinking C shared library rosidl_generator_py/prototype_msg/libprototype_msg__rosidl_generator_py.so[0m
[2.059s] [ 84%] Built target prototype_msg__rosidl_generator_py
[2.080s] [ 87%] [32mBuilding C object CMakeFiles/prototype_msg__rosidl_typesupport_fastrtps_c__pyext.dir/rosidl_generator_py/prototype_msg/_prototype_msg_s.ep.rosidl_typesupport_fastrtps_c.c.o[0m
[2.086s] [ 89%] [32mBuilding C object CMakeFiles/prototype_msg__rosidl_typesupport_c__pyext.dir/rosidl_generator_py/prototype_msg/_prototype_msg_s.ep.rosidl_typesupport_c.c.o[0m
[2.087s] [ 92%] [32mBuilding C object CMakeFiles/prototype_msg__rosidl_typesupport_introspection_c__pyext.dir/rosidl_generator_py/prototype_msg/_prototype_msg_s.ep.rosidl_typesupport_introspection_c.c.o[0m
[2.214s] [ 94%] [32m[1mLinking C shared library rosidl_generator_py/prototype_msg/prototype_msg_s__rosidl_typesupport_fastrtps_c.cpython-310-x86_64-linux-gnu.so[0m
[2.237s] [ 97%] [32m[1mLinking C shared library rosidl_generator_py/prototype_msg/prototype_msg_s__rosidl_typesupport_c.cpython-310-x86_64-linux-gnu.so[0m
[2.254s] [ 97%] Built target prototype_msg__rosidl_typesupport_fastrtps_c__pyext
[2.271s] [ 97%] Built target prototype_msg__rosidl_typesupport_c__pyext
[2.284s] [100%] [32m[1mLinking C shared library rosidl_generator_py/prototype_msg/prototype_msg_s__rosidl_typesupport_introspection_c.cpython-310-x86_64-linux-gnu.so[0m
[2.312s] [100%] Built target prototype_msg__rosidl_typesupport_introspection_c__pyext
[2.324s] Invoked command in '/home/hansol/project/build/prototype_msg' returned '0': CMAKE_PREFIX_PATH=${CMAKE_PREFIX_PATH}:/home/hansol/project/install/prototype_move:/home/hansol/project/install/limo_ros2_application:/opt/ros/humble /usr/bin/cmake --build /home/hansol/project/build/prototype_msg -- -j12 -l12
[2.379s] Invoking command in '/home/hansol/project/build/prototype_msg': CMAKE_PREFIX_PATH=${CMAKE_PREFIX_PATH}:/home/hansol/project/install/prototype_move:/home/hansol/project/install/limo_ros2_application:/opt/ros/humble /usr/bin/cmake --install /home/hansol/project/build/prototype_msg
[2.386s] -- Install configuration: ""
[2.386s] -- Execute custom install script
[2.387s] -- Up-to-date symlink: /home/hansol/project/install/prototype_msg/share/ament_index/resource_index/rosidl_interfaces/prototype_msg
[2.388s] -- Up-to-date symlink: /home/hansol/project/install/prototype_msg/include/prototype_msg/prototype_msg/action/detail/movefeedback__functions.h
[2.388s] -- Up-to-date symlink: /home/hansol/project/install/prototype_msg/include/prototype_msg/prototype_msg/action/detail/movefeedback__struct.h
[2.388s] -- Up-to-date symlink: /home/hansol/project/install/prototype_msg/include/prototype_msg/prototype_msg/action/detail/movefeedback__type_support.h
[2.388s] -- Up-to-date symlink: /home/hansol/project/install/prototype_msg/include/prototype_msg/prototype_msg/action/detail/odometry__functions.h
[2.388s] -- Up-to-date symlink: /home/hansol/project/install/prototype_msg/include/prototype_msg/prototype_msg/action/detail/odometry__struct.h
[2.389s] -- Up-to-date symlink: /home/hansol/project/install/prototype_msg/include/prototype_msg/prototype_msg/action/detail/odometry__type_support.h
[2.389s] -- Up-to-date symlink: /home/hansol/project/install/prototype_msg/include/prototype_msg/prototype_msg/action/detail/odometryaction__functions.h
[2.389s] -- Up-to-date symlink: /home/hansol/project/install/prototype_msg/include/prototype_msg/prototype_msg/action/detail/odometryaction__struct.h
[2.389s] -- Up-to-date symlink: /home/hansol/project/install/prototype_msg/include/prototype_msg/prototype_msg/action/detail/odometryaction__type_support.h
[2.389s] -- Up-to-date symlink: /home/hansol/project/install/prototype_msg/include/prototype_msg/prototype_msg/action/movefeedback.h
[2.389s] -- Up-to-date symlink: /home/hansol/project/install/prototype_msg/include/prototype_msg/prototype_msg/action/odometry.h
[2.389s] -- Up-to-date symlink: /home/hansol/project/install/prototype_msg/include/prototype_msg/prototype_msg/action/odometryaction.h
[2.389s] -- Up-to-date symlink: /home/hansol/project/install/prototype_msg/include/prototype_msg/prototype_msg/msg/rosidl_generator_c__visibility_control.h
[2.389s] -- Up-to-date symlink: /home/hansol/project/install/prototype_msg/share/prototype_msg/environment/library_path.sh
[2.390s] -- Up-to-date symlink: /home/hansol/project/install/prototype_msg/share/prototype_msg/environment/library_path.dsv
[2.390s] -- Up-to-date symlink: /home/hansol/project/install/prototype_msg/include/prototype_msg/prototype_msg/action/detail/movefeedback__rosidl_typesupport_fastrtps_c.h
[2.390s] -- Up-to-date symlink: /home/hansol/project/install/prototype_msg/include/prototype_msg/prototype_msg/action/detail/odometry__rosidl_typesupport_fastrtps_c.h
[2.390s] -- Up-to-date symlink: /home/hansol/project/install/prototype_msg/include/prototype_msg/prototype_msg/action/detail/odometryaction__rosidl_typesupport_fastrtps_c.h
[2.390s] -- Up-to-date symlink: /home/hansol/project/install/prototype_msg/include/prototype_msg/prototype_msg/msg/rosidl_typesupport_fastrtps_c__visibility_control.h
[2.391s] -- Up-to-date symlink: /home/hansol/project/install/prototype_msg/include/prototype_msg/prototype_msg/action/detail/movefeedback__rosidl_typesupport_introspection_c.h
[2.391s] -- Up-to-date symlink: /home/hansol/project/install/prototype_msg/include/prototype_msg/prototype_msg/action/detail/odometry__rosidl_typesupport_introspection_c.h
[2.391s] -- Up-to-date symlink: /home/hansol/project/install/prototype_msg/include/prototype_msg/prototype_msg/action/detail/odometryaction__rosidl_typesupport_introspection_c.h
[2.391s] -- Up-to-date symlink: /home/hansol/project/install/prototype_msg/include/prototype_msg/prototype_msg/msg/rosidl_typesupport_introspection_c__visibility_control.h
[2.391s] -- Up-to-date symlink: /home/hansol/project/install/prototype_msg/include/prototype_msg/prototype_msg/action/detail/movefeedback__builder.hpp
[2.392s] -- Up-to-date symlink: /home/hansol/project/install/prototype_msg/include/prototype_msg/prototype_msg/action/detail/movefeedback__struct.hpp
[2.392s] -- Up-to-date symlink: /home/hansol/project/install/prototype_msg/include/prototype_msg/prototype_msg/action/detail/movefeedback__traits.hpp
[2.392s] -- Up-to-date symlink: /home/hansol/project/install/prototype_msg/include/prototype_msg/prototype_msg/action/detail/odometry__builder.hpp
[2.392s] -- Up-to-date symlink: /home/hansol/project/install/prototype_msg/include/prototype_msg/prototype_msg/action/detail/odometry__struct.hpp
[2.393s] -- Up-to-date symlink: /home/hansol/project/install/prototype_msg/include/prototype_msg/prototype_msg/action/detail/odometry__traits.hpp
[2.393s] -- Up-to-date symlink: /home/hansol/project/install/prototype_msg/include/prototype_msg/prototype_msg/action/detail/odometryaction__builder.hpp
[2.393s] -- Up-to-date symlink: /home/hansol/project/install/prototype_msg/include/prototype_msg/prototype_msg/action/detail/odometryaction__struct.hpp
[2.393s] -- Up-to-date symlink: /home/hansol/project/install/prototype_msg/include/prototype_msg/prototype_msg/action/detail/odometryaction__traits.hpp
[2.393s] -- Up-to-date symlink: /home/hansol/project/install/prototype_msg/include/prototype_msg/prototype_msg/action/movefeedback.hpp
[2.394s] -- Up-to-date symlink: /home/hansol/project/install/prototype_msg/include/prototype_msg/prototype_msg/action/odometry.hpp
[2.394s] -- Up-to-date symlink: /home/hansol/project/install/prototype_msg/include/prototype_msg/prototype_msg/action/odometryaction.hpp
[2.395s] -- Up-to-date symlink: /home/hansol/project/install/prototype_msg/include/prototype_msg/prototype_msg/action/detail/movefeedback__rosidl_typesupport_fastrtps_cpp.hpp
[2.395s] -- Up-to-date symlink: /home/hansol/project/install/prototype_msg/include/prototype_msg/prototype_msg/action/detail/odometry__rosidl_typesupport_fastrtps_cpp.hpp
[2.395s] -- Up-to-date symlink: /home/hansol/project/install/prototype_msg/include/prototype_msg/prototype_msg/action/detail/odometryaction__rosidl_typesupport_fastrtps_cpp.hpp
[2.395s] -- Up-to-date symlink: /home/hansol/project/install/prototype_msg/include/prototype_msg/prototype_msg/msg/rosidl_typesupport_fastrtps_cpp__visibility_control.h
[2.396s] -- Up-to-date symlink: /home/hansol/project/install/prototype_msg/include/prototype_msg/prototype_msg/action/detail/movefeedback__rosidl_typesupport_introspection_cpp.hpp
[2.396s] -- Up-to-date symlink: /home/hansol/project/install/prototype_msg/include/prototype_msg/prototype_msg/action/detail/odometry__rosidl_typesupport_introspection_cpp.hpp
[2.396s] -- Up-to-date symlink: /home/hansol/project/install/prototype_msg/include/prototype_msg/prototype_msg/action/detail/odometryaction__rosidl_typesupport_introspection_cpp.hpp
[2.396s] -- Up-to-date symlink: /home/hansol/project/install/prototype_msg/share/prototype_msg/environment/pythonpath.sh
[2.396s] -- Up-to-date symlink: /home/hansol/project/install/prototype_msg/share/prototype_msg/environment/pythonpath.dsv
[2.397s] -- Up-to-date symlink: /home/hansol/project/install/prototype_msg/local/lib/python3.10/dist-packages/prototype_msg-0.0.0-py3.10.egg-info/PKG-INFO
[2.397s] -- Up-to-date symlink: /home/hansol/project/install/prototype_msg/local/lib/python3.10/dist-packages/prototype_msg-0.0.0-py3.10.egg-info/SOURCES.txt
[2.397s] -- Up-to-date symlink: /home/hansol/project/install/prototype_msg/local/lib/python3.10/dist-packages/prototype_msg-0.0.0-py3.10.egg-info/dependency_links.txt
[2.397s] -- Up-to-date symlink: /home/hansol/project/install/prototype_msg/local/lib/python3.10/dist-packages/prototype_msg-0.0.0-py3.10.egg-info/top_level.txt
[2.398s] -- Up-to-date symlink: /home/hansol/project/install/prototype_msg/local/lib/python3.10/dist-packages/prototype_msg/__init__.py
[2.398s] -- Up-to-date symlink: /home/hansol/project/install/prototype_msg/local/lib/python3.10/dist-packages/prototype_msg/_prototype_msg_s.ep.rosidl_typesupport_c.c
[2.398s] -- Up-to-date symlink: /home/hansol/project/install/prototype_msg/local/lib/python3.10/dist-packages/prototype_msg/_prototype_msg_s.ep.rosidl_typesupport_fastrtps_c.c
[2.398s] -- Up-to-date symlink: /home/hansol/project/install/prototype_msg/local/lib/python3.10/dist-packages/prototype_msg/_prototype_msg_s.ep.rosidl_typesupport_introspection_c.c
[2.398s] -- Up-to-date symlink: /home/hansol/project/install/prototype_msg/local/lib/python3.10/dist-packages/prototype_msg/action/__init__.py
[2.399s] -- Up-to-date symlink: /home/hansol/project/install/prototype_msg/local/lib/python3.10/dist-packages/prototype_msg/action/_movefeedback.py
[2.399s] -- Up-to-date symlink: /home/hansol/project/install/prototype_msg/local/lib/python3.10/dist-packages/prototype_msg/action/_movefeedback_s.c
[2.399s] -- Up-to-date symlink: /home/hansol/project/install/prototype_msg/local/lib/python3.10/dist-packages/prototype_msg/action/_odometry.py
[2.399s] -- Up-to-date symlink: /home/hansol/project/install/prototype_msg/local/lib/python3.10/dist-packages/prototype_msg/action/_odometry_s.c
[2.399s] -- Up-to-date symlink: /home/hansol/project/install/prototype_msg/local/lib/python3.10/dist-packages/prototype_msg/action/_odometryaction.py
[2.399s] -- Up-to-date symlink: /home/hansol/project/install/prototype_msg/local/lib/python3.10/dist-packages/prototype_msg/action/_odometryaction_s.c
[2.400s] -- Up-to-date symlink: /home/hansol/project/install/prototype_msg/local/lib/python3.10/dist-packages/prototype_msg/libprototype_msg__rosidl_generator_py.so
[2.400s] -- Up-to-date symlink: /home/hansol/project/install/prototype_msg/local/lib/python3.10/dist-packages/prototype_msg/prototype_msg_s__rosidl_typesupport_c.cpython-310-x86_64-linux-gnu.so
[2.400s] -- Up-to-date symlink: /home/hansol/project/install/prototype_msg/local/lib/python3.10/dist-packages/prototype_msg/prototype_msg_s__rosidl_typesupport_fastrtps_c.cpython-310-x86_64-linux-gnu.so
[2.400s] -- Up-to-date symlink: /home/hansol/project/install/prototype_msg/local/lib/python3.10/dist-packages/prototype_msg/prototype_msg_s__rosidl_typesupport_introspection_c.cpython-310-x86_64-linux-gnu.so
[2.400s] -- Up-to-date symlink: /home/hansol/project/install/prototype_msg/local/lib/python3.10/dist-packages/prototype_msg/prototype_msg_s__rosidl_typesupport_fastrtps_c.cpython-310-x86_64-linux-gnu.so
[2.401s] -- Up-to-date symlink: /home/hansol/project/install/prototype_msg/local/lib/python3.10/dist-packages/prototype_msg/prototype_msg_s__rosidl_typesupport_introspection_c.cpython-310-x86_64-linux-gnu.so
[2.401s] -- Up-to-date symlink: /home/hansol/project/install/prototype_msg/local/lib/python3.10/dist-packages/prototype_msg/prototype_msg_s__rosidl_typesupport_c.cpython-310-x86_64-linux-gnu.so
[2.401s] -- Up-to-date symlink: /home/hansol/project/install/prototype_msg/share/prototype_msg/action/Odometryaction.idl
[2.402s] -- Up-to-date symlink: /home/hansol/project/install/prototype_msg/share/prototype_msg/action/Movefeedback.idl
[2.402s] -- Up-to-date symlink: /home/hansol/project/install/prototype_msg/share/prototype_msg/action/Odometryaction.action
[2.402s] -- Up-to-date symlink: /home/hansol/project/install/prototype_msg/share/prototype_msg/action/Movefeedback.action
[2.402s] -- Up-to-date symlink: /home/hansol/project/install/prototype_msg/share/ament_index/resource_index/package_run_dependencies/prototype_msg
[2.402s] -- Up-to-date symlink: /home/hansol/project/install/prototype_msg/share/ament_index/resource_index/parent_prefix_path/prototype_msg
[2.403s] -- Up-to-date symlink: /home/hansol/project/install/prototype_msg/share/prototype_msg/environment/ament_prefix_path.sh
[2.403s] -- Up-to-date symlink: /home/hansol/project/install/prototype_msg/share/prototype_msg/environment/ament_prefix_path.dsv
[2.403s] -- Up-to-date symlink: /home/hansol/project/install/prototype_msg/share/prototype_msg/environment/path.sh
[2.403s] -- Up-to-date symlink: /home/hansol/project/install/prototype_msg/share/prototype_msg/environment/path.dsv
[2.403s] -- Up-to-date symlink: /home/hansol/project/install/prototype_msg/share/prototype_msg/local_setup.bash
[2.404s] -- Up-to-date symlink: /home/hansol/project/install/prototype_msg/share/prototype_msg/local_setup.sh
[2.404s] -- Up-to-date symlink: /home/hansol/project/install/prototype_msg/share/prototype_msg/local_setup.zsh
[2.404s] -- Up-to-date symlink: /home/hansol/project/install/prototype_msg/share/prototype_msg/local_setup.dsv
[2.404s] -- Symlinking: /home/hansol/project/install/prototype_msg/share/prototype_msg/package.dsv
[2.411s] -- Up-to-date symlink: /home/hansol/project/install/prototype_msg/share/ament_index/resource_index/packages/prototype_msg
[2.411s] -- Up-to-date symlink: /home/hansol/project/install/prototype_msg/share/prototype_msg/cmake/rosidl_cmake-extras.cmake
[2.411s] -- Up-to-date symlink: /home/hansol/project/install/prototype_msg/share/prototype_msg/cmake/ament_cmake_export_dependencies-extras.cmake
[2.411s] -- Up-to-date symlink: /home/hansol/project/install/prototype_msg/share/prototype_msg/cmake/ament_cmake_export_include_directories-extras.cmake
[2.411s] -- Up-to-date symlink: /home/hansol/project/install/prototype_msg/share/prototype_msg/cmake/ament_cmake_export_libraries-extras.cmake
[2.411s] -- Up-to-date symlink: /home/hansol/project/install/prototype_msg/share/prototype_msg/cmake/ament_cmake_export_targets-extras.cmake
[2.411s] -- Up-to-date symlink: /home/hansol/project/install/prototype_msg/share/prototype_msg/cmake/rosidl_cmake_export_typesupport_targets-extras.cmake
[2.411s] -- Up-to-date symlink: /home/hansol/project/install/prototype_msg/share/prototype_msg/cmake/rosidl_cmake_export_typesupport_libraries-extras.cmake
[2.412s] -- Up-to-date symlink: /home/hansol/project/install/prototype_msg/share/prototype_msg/cmake/prototype_msgConfig.cmake
[2.412s] -- Up-to-date symlink: /home/hansol/project/install/prototype_msg/share/prototype_msg/cmake/prototype_msgConfig-version.cmake
[2.412s] -- Up-to-date symlink: /home/hansol/project/install/prototype_msg/share/prototype_msg/package.xml
[2.412s] -- Installing: /home/hansol/project/install/prototype_msg/lib/libprototype_msg__rosidl_generator_c.so
[2.413s] -- Set runtime path of "/home/hansol/project/install/prototype_msg/lib/libprototype_msg__rosidl_generator_c.so" to ""
[2.413s] -- Installing: /home/hansol/project/install/prototype_msg/lib/libprototype_msg__rosidl_typesupport_fastrtps_c.so
[2.413s] -- Set runtime path of "/home/hansol/project/install/prototype_msg/lib/libprototype_msg__rosidl_typesupport_fastrtps_c.so" to ""
[2.414s] -- Installing: /home/hansol/project/install/prototype_msg/lib/libprototype_msg__rosidl_typesupport_introspection_c.so
[2.414s] -- Set runtime path of "/home/hansol/project/install/prototype_msg/lib/libprototype_msg__rosidl_typesupport_introspection_c.so" to ""
[2.414s] -- Installing: /home/hansol/project/install/prototype_msg/lib/libprototype_msg__rosidl_typesupport_c.so
[2.415s] -- Set runtime path of "/home/hansol/project/install/prototype_msg/lib/libprototype_msg__rosidl_typesupport_c.so" to ""
[2.415s] -- Installing: /home/hansol/project/install/prototype_msg/lib/libprototype_msg__rosidl_typesupport_fastrtps_cpp.so
[2.415s] -- Set runtime path of "/home/hansol/project/install/prototype_msg/lib/libprototype_msg__rosidl_typesupport_fastrtps_cpp.so" to ""
[2.416s] -- Installing: /home/hansol/project/install/prototype_msg/lib/libprototype_msg__rosidl_typesupport_introspection_cpp.so
[2.416s] -- Set runtime path of "/home/hansol/project/install/prototype_msg/lib/libprototype_msg__rosidl_typesupport_introspection_cpp.so" to ""
[2.416s] -- Installing: /home/hansol/project/install/prototype_msg/lib/libprototype_msg__rosidl_typesupport_cpp.so
[2.417s] -- Set runtime path of "/home/hansol/project/install/prototype_msg/lib/libprototype_msg__rosidl_typesupport_cpp.so" to ""
[2.440s] Listing '/home/hansol/project/install/prototype_msg/local/lib/python3.10/dist-packages/prototype_msg'...
[2.440s] Listing '/home/hansol/project/install/prototype_msg/local/lib/python3.10/dist-packages/prototype_msg/action'...
[2.443s] -- Installing: /home/hansol/project/install/prototype_msg/lib/libprototype_msg__rosidl_generator_py.so
[2.443s] -- Set runtime path of "/home/hansol/project/install/prototype_msg/lib/libprototype_msg__rosidl_generator_py.so" to ""
[2.444s] -- Up-to-date: /home/hansol/project/install/prototype_msg/share/prototype_msg/cmake/export_prototype_msg__rosidl_generator_cExport.cmake
[2.444s] -- Up-to-date: /home/hansol/project/install/prototype_msg/share/prototype_msg/cmake/export_prototype_msg__rosidl_generator_cExport-noconfig.cmake
[2.445s] -- Up-to-date: /home/hansol/project/install/prototype_msg/share/prototype_msg/cmake/export_prototype_msg__rosidl_typesupport_fastrtps_cExport.cmake
[2.445s] -- Up-to-date: /home/hansol/project/install/prototype_msg/share/prototype_msg/cmake/export_prototype_msg__rosidl_typesupport_fastrtps_cExport-noconfig.cmake
[2.445s] -- Up-to-date: /home/hansol/project/install/prototype_msg/share/prototype_msg/cmake/prototype_msg__rosidl_typesupport_introspection_cExport.cmake
[2.445s] -- Up-to-date: /home/hansol/project/install/prototype_msg/share/prototype_msg/cmake/prototype_msg__rosidl_typesupport_introspection_cExport-noconfig.cmake
[2.445s] -- Up-to-date: /home/hansol/project/install/prototype_msg/share/prototype_msg/cmake/prototype_msg__rosidl_typesupport_cExport.cmake
[2.445s] -- Up-to-date: /home/hansol/project/install/prototype_msg/share/prototype_msg/cmake/prototype_msg__rosidl_typesupport_cExport-noconfig.cmake
[2.445s] -- Up-to-date: /home/hansol/project/install/prototype_msg/share/prototype_msg/cmake/export_prototype_msg__rosidl_generator_cppExport.cmake
[2.445s] -- Up-to-date: /home/hansol/project/install/prototype_msg/share/prototype_msg/cmake/export_prototype_msg__rosidl_typesupport_fastrtps_cppExport.cmake
[2.445s] -- Up-to-date: /home/hansol/project/install/prototype_msg/share/prototype_msg/cmake/export_prototype_msg__rosidl_typesupport_fastrtps_cppExport-noconfig.cmake
[2.446s] -- Up-to-date: /home/hansol/project/install/prototype_msg/share/prototype_msg/cmake/prototype_msg__rosidl_typesupport_introspection_cppExport.cmake
[2.446s] -- Up-to-date: /home/hansol/project/install/prototype_msg/share/prototype_msg/cmake/prototype_msg__rosidl_typesupport_introspection_cppExport-noconfig.cmake
[2.446s] -- Up-to-date: /home/hansol/project/install/prototype_msg/share/prototype_msg/cmake/prototype_msg__rosidl_typesupport_cppExport.cmake
[2.446s] -- Up-to-date: /home/hansol/project/install/prototype_msg/share/prototype_msg/cmake/prototype_msg__rosidl_typesupport_cppExport-noconfig.cmake
[2.446s] -- Up-to-date: /home/hansol/project/install/prototype_msg/share/prototype_msg/cmake/export_prototype_msg__rosidl_generator_pyExport.cmake
[2.446s] -- Up-to-date: /home/hansol/project/install/prototype_msg/share/prototype_msg/cmake/export_prototype_msg__rosidl_generator_pyExport-noconfig.cmake
[2.447s] Invoked command in '/home/hansol/project/build/prototype_msg' returned '0': CMAKE_PREFIX_PATH=${CMAKE_PREFIX_PATH}:/home/hansol/project/install/prototype_move:/home/hansol/project/install/limo_ros2_application:/opt/ros/humble /usr/bin/cmake --install /home/hansol/project/build/prototype_msg
