[0.976s] Invoking command in '/home/hansol/project/build/limo_ros2_application': PYTHONPATH=/home/hansol/project/build/limo_ros2_application/prefix_override:/home/hansol/project/install/limo_ros2_application/lib/python3.10/site-packages:${PYTHONPATH} /usr/bin/python3 -W ignore:setup.py install is deprecated setup.py develop --editable --build-directory /home/hansol/project/build/limo_ros2_application/build --no-deps symlink_data
[1.203s] running develop
[1.319s] running egg_info
[1.320s] writing limo_ros2_application.egg-info/PKG-INFO
[1.320s] writing dependency_links to limo_ros2_application.egg-info/dependency_links.txt
[1.320s] writing entry points to limo_ros2_application.egg-info/entry_points.txt
[1.320s] writing requirements to limo_ros2_application.egg-info/requires.txt
[1.321s] writing top-level names to limo_ros2_application.egg-info/top_level.txt
[1.321s] reading manifest file 'limo_ros2_application.egg-info/SOURCES.txt'
[1.323s] writing manifest file 'limo_ros2_application.egg-info/SOURCES.txt'
[1.324s] running build_ext
[1.324s] Creating /home/hansol/project/install/limo_ros2_application/lib/python3.10/site-packages/limo-ros2-application.egg-link (link to .)
[1.325s] Installing detect_line script to /home/hansol/project/install/limo_ros2_application/lib/limo_ros2_application
[1.325s] Installing limo_control script to /home/hansol/project/install/limo_ros2_application/lib/limo_ros2_application
[1.326s] Installing limo_e_stop script to /home/hansol/project/install/limo_ros2_application/lib/limo_ros2_application
[1.326s] Installing move_limo script to /home/hansol/project/install/limo_ros2_application/lib/limo_ros2_application
[1.326s] 
[1.327s] Installed /home/hansol/project/build/limo_ros2_application
[1.327s] running symlink_data
[1.359s] Invoked command in '/home/hansol/project/build/limo_ros2_application' returned '0': PYTHONPATH=/home/hansol/project/build/limo_ros2_application/prefix_override:/home/hansol/project/install/limo_ros2_application/lib/python3.10/site-packages:${PYTHONPATH} /usr/bin/python3 -W ignore:setup.py install is deprecated setup.py develop --editable --build-directory /home/hansol/project/build/limo_ros2_application/build --no-deps symlink_data
