[0.964s] Invoking command in '/home/hansol/project/build/limo_ros2_application': PYTHONPATH=/home/hansol/project/build/limo_ros2_application/prefix_override:/home/hansol/project/install/limo_ros2_application/lib/python3.10/site-packages:${PYTHONPATH} /usr/bin/python3 -W ignore:setup.py install is deprecated setup.py develop --editable --build-directory /home/hansol/project/build/limo_ros2_application/build --no-deps symlink_data
[1.403s] running develop
[1.624s] running egg_info
[1.625s] writing limo_ros2_application.egg-info/PKG-INFO
[1.625s] writing dependency_links to limo_ros2_application.egg-info/dependency_links.txt
[1.626s] writing entry points to limo_ros2_application.egg-info/entry_points.txt
[1.626s] writing requirements to limo_ros2_application.egg-info/requires.txt
[1.626s] writing top-level names to limo_ros2_application.egg-info/top_level.txt
[1.629s] reading manifest file 'limo_ros2_application.egg-info/SOURCES.txt'
[1.631s] writing manifest file 'limo_ros2_application.egg-info/SOURCES.txt'
[1.633s] running build_ext
[1.633s] Creating /home/hansol/project/install/limo_ros2_application/lib/python3.10/site-packages/limo-ros2-application.egg-link (link to .)
[1.635s] Installing detect_line script to /home/hansol/project/install/limo_ros2_application/lib/limo_ros2_application
[1.635s] Installing limo_control script to /home/hansol/project/install/limo_ros2_application/lib/limo_ros2_application
[1.635s] Installing limo_e_stop script to /home/hansol/project/install/limo_ros2_application/lib/limo_ros2_application
[1.636s] Installing move_limo script to /home/hansol/project/install/limo_ros2_application/lib/limo_ros2_application
[1.636s] 
[1.636s] Installed /home/hansol/project/build/limo_ros2_application
[1.636s] running symlink_data
[1.674s] Invoked command in '/home/hansol/project/build/limo_ros2_application' returned '0': PYTHONPATH=/home/hansol/project/build/limo_ros2_application/prefix_override:/home/hansol/project/install/limo_ros2_application/lib/python3.10/site-packages:${PYTHONPATH} /usr/bin/python3 -W ignore:setup.py install is deprecated setup.py develop --editable --build-directory /home/hansol/project/build/limo_ros2_application/build --no-deps symlink_data
