-- Found ament_cmake: 1.3.10 (/opt/ros/humble/share/ament_cmake/cmake)
-- Found rclcpp: 16.0.10 (/opt/ros/humble/share/rclcpp/cmake)
-- Found rosidl_generator_c: 3.1.5 (/opt/ros/humble/share/rosidl_generator_c/cmake)
-- Found rosidl_adapter: 3.1.5 (/opt/ros/humble/share/rosidl_adapter/cmake)
-- Found rosidl_generator_cpp: 3.1.5 (/opt/ros/humble/share/rosidl_generator_cpp/cmake)
-- Using all available rosidl_typesupport_c: rosidl_typesupport_fastrtps_c;rosidl_typesupport_introspection_c
-- Using all available rosidl_typesupport_cpp: rosidl_typesupport_fastrtps_cpp;rosidl_typesupport_introspection_cpp
-- Found rmw_implementation_cmake: 6.1.2 (/opt/ros/humble/share/rmw_implementation_cmake/cmake)
-- Found rmw_fastrtps_cpp: 6.2.7 (/opt/ros/humble/share/rmw_fastrtps_cpp/cmake)
-- Using RMW implementation 'rmw_fastrtps_cpp' as default
-- Found sensor_msgs: 4.2.4 (/opt/ros/humble/share/sensor_msgs/cmake)
-- Found ament_lint_auto: 0.12.11 (/opt/ros/humble/share/ament_lint_auto/cmake)
-- Added test 'cppcheck' to perform static code analysis on C / C++ code
-- Configured cppcheck include dirs: /home/pi/Prototype_Military/prototype_military/src/prototype_motor/include
-- Configured cppcheck exclude dirs and/or files: 
-- Added test 'lint_cmake' to check CMake code style
-- Added test 'uncrustify' to check C / C++ code style
-- Configured uncrustify additional arguments: 
-- Added test 'xmllint' to check XML markup files
-- Configuring done
-- Generating done
-- Build files have been written to: /home/pi/Prototype_Military/prototype_military/build/prototype_motor
[ 50%] [32mBuilding CXX object CMakeFiles/nurimotor.dir/src/nurimotor_control.cpp.o[0m
[100%] [32m[1mLinking CXX executable nurimotor[0m
[100%] Built target nurimotor
-- Install configuration: ""
-- Installing: /home/pi/Prototype_Military/prototype_military/install/prototype_motor/lib/prototype_motor/nurimotor
-- Set runtime path of "/home/pi/Prototype_Military/prototype_military/install/prototype_motor/lib/prototype_motor/nurimotor" to ""
-- Installing: /home/pi/Prototype_Military/prototype_military/install/prototype_motor/share/ament_index/resource_index/package_run_dependencies/prototype_motor
-- Installing: /home/pi/Prototype_Military/prototype_military/install/prototype_motor/share/ament_index/resource_index/parent_prefix_path/prototype_motor
-- Installing: /home/pi/Prototype_Military/prototype_military/install/prototype_motor/share/prototype_motor/environment/ament_prefix_path.sh
-- Installing: /home/pi/Prototype_Military/prototype_military/install/prototype_motor/share/prototype_motor/environment/ament_prefix_path.dsv
-- Installing: /home/pi/Prototype_Military/prototype_military/install/prototype_motor/share/prototype_motor/environment/path.sh
-- Installing: /home/pi/Prototype_Military/prototype_military/install/prototype_motor/share/prototype_motor/environment/path.dsv
-- Installing: /home/pi/Prototype_Military/prototype_military/install/prototype_motor/share/prototype_motor/local_setup.bash
-- Installing: /home/pi/Prototype_Military/prototype_military/install/prototype_motor/share/prototype_motor/local_setup.sh
-- Installing: /home/pi/Prototype_Military/prototype_military/install/prototype_motor/share/prototype_motor/local_setup.zsh
-- Installing: /home/pi/Prototype_Military/prototype_military/install/prototype_motor/share/prototype_motor/local_setup.dsv
-- Installing: /home/pi/Prototype_Military/prototype_military/install/prototype_motor/share/prototype_motor/package.dsv
-- Installing: /home/pi/Prototype_Military/prototype_military/install/prototype_motor/share/ament_index/resource_index/packages/prototype_motor
-- Installing: /home/pi/Prototype_Military/prototype_military/install/prototype_motor/share/prototype_motor/cmake/prototype_motorConfig.cmake
-- Installing: /home/pi/Prototype_Military/prototype_military/install/prototype_motor/share/prototype_motor/cmake/prototype_motorConfig-version.cmake
-- Installing: /home/pi/Prototype_Military/prototype_military/install/prototype_motor/share/prototype_motor/package.xml
