[0.067s] Invoking command in '/home/pi/Prototype_Military/prototype_military/build/prototype_motor': CMAKE_PREFIX_PATH=/home/pi/Prototype_Military/prototype_military/install/prototype_move:/opt/ros/humble /usr/bin/cmake --build /home/pi/Prototype_Military/prototype_military/build/prototype_motor -- -j4 -l4
[0.174s] -- Found ament_cmake: 1.3.10 (/opt/ros/humble/share/ament_cmake/cmake)
[0.782s] -- Found rclcpp: 16.0.10 (/opt/ros/humble/share/rclcpp/cmake)
[0.927s] -- Found rosidl_generator_c: 3.1.5 (/opt/ros/humble/share/rosidl_generator_c/cmake)
[0.939s] -- Found rosidl_adapter: 3.1.5 (/opt/ros/humble/share/rosidl_adapter/cmake)
[0.967s] -- Found rosidl_generator_cpp: 3.1.5 (/opt/ros/humble/share/rosidl_generator_cpp/cmake)
[1.010s] -- Using all available rosidl_typesupport_c: rosidl_typesupport_fastrtps_c;rosidl_typesupport_introspection_c
[1.067s] -- Using all available rosidl_typesupport_cpp: rosidl_typesupport_fastrtps_cpp;rosidl_typesupport_introspection_cpp
[1.214s] -- Found rmw_implementation_cmake: 6.1.2 (/opt/ros/humble/share/rmw_implementation_cmake/cmake)
[1.220s] -- Found rmw_fastrtps_cpp: 6.2.7 (/opt/ros/humble/share/rmw_fastrtps_cpp/cmake)
[1.783s] -- Using RMW implementation 'rmw_fastrtps_cpp' as default
[1.996s] -- Found sensor_msgs: 4.2.4 (/opt/ros/humble/share/sensor_msgs/cmake)
[2.137s] -- Found ament_lint_auto: 0.12.11 (/opt/ros/humble/share/ament_lint_auto/cmake)
[2.476s] -- Added test 'cppcheck' to perform static code analysis on C / C++ code
[2.477s] -- Configured cppcheck include dirs: /home/pi/Prototype_Military/prototype_military/src/prototype_motor/include
[2.478s] -- Configured cppcheck exclude dirs and/or files: 
[2.481s] -- Added test 'lint_cmake' to check CMake code style
[2.486s] -- Added test 'uncrustify' to check C / C++ code style
[2.486s] -- Configured uncrustify additional arguments: 
[2.488s] -- Added test 'xmllint' to check XML markup files
[2.493s] -- Configuring done
[2.561s] -- Generating done
[2.572s] -- Build files have been written to: /home/pi/Prototype_Military/prototype_military/build/prototype_motor
[2.712s] [ 50%] [32mBuilding CXX object CMakeFiles/nurimotor.dir/src/nurimotor_control.cpp.o[0m
[43.156s] [100%] [32m[1mLinking CXX executable nurimotor[0m
[45.517s] [100%] Built target nurimotor
[45.553s] Invoked command in '/home/pi/Prototype_Military/prototype_military/build/prototype_motor' returned '0': CMAKE_PREFIX_PATH=/home/pi/Prototype_Military/prototype_military/install/prototype_move:/opt/ros/humble /usr/bin/cmake --build /home/pi/Prototype_Military/prototype_military/build/prototype_motor -- -j4 -l4
[45.714s] Invoking command in '/home/pi/Prototype_Military/prototype_military/build/prototype_motor': CMAKE_PREFIX_PATH=/home/pi/Prototype_Military/prototype_military/install/prototype_move:/opt/ros/humble /usr/bin/cmake --install /home/pi/Prototype_Military/prototype_military/build/prototype_motor
[45.739s] -- Install configuration: ""
[45.740s] -- Installing: /home/pi/Prototype_Military/prototype_military/install/prototype_motor/lib/prototype_motor/nurimotor
[45.768s] -- Set runtime path of "/home/pi/Prototype_Military/prototype_military/install/prototype_motor/lib/prototype_motor/nurimotor" to ""
[45.769s] -- Installing: /home/pi/Prototype_Military/prototype_military/install/prototype_motor/share/ament_index/resource_index/package_run_dependencies/prototype_motor
[45.771s] -- Installing: /home/pi/Prototype_Military/prototype_military/install/prototype_motor/share/ament_index/resource_index/parent_prefix_path/prototype_motor
[45.773s] -- Installing: /home/pi/Prototype_Military/prototype_military/install/prototype_motor/share/prototype_motor/environment/ament_prefix_path.sh
[45.774s] -- Installing: /home/pi/Prototype_Military/prototype_military/install/prototype_motor/share/prototype_motor/environment/ament_prefix_path.dsv
[45.776s] -- Installing: /home/pi/Prototype_Military/prototype_military/install/prototype_motor/share/prototype_motor/environment/path.sh
[45.777s] -- Installing: /home/pi/Prototype_Military/prototype_military/install/prototype_motor/share/prototype_motor/environment/path.dsv
[45.778s] -- Installing: /home/pi/Prototype_Military/prototype_military/install/prototype_motor/share/prototype_motor/local_setup.bash
[45.779s] -- Installing: /home/pi/Prototype_Military/prototype_military/install/prototype_motor/share/prototype_motor/local_setup.sh
[45.781s] -- Installing: /home/pi/Prototype_Military/prototype_military/install/prototype_motor/share/prototype_motor/local_setup.zsh
[45.782s] -- Installing: /home/pi/Prototype_Military/prototype_military/install/prototype_motor/share/prototype_motor/local_setup.dsv
[45.783s] -- Installing: /home/pi/Prototype_Military/prototype_military/install/prototype_motor/share/prototype_motor/package.dsv
[45.785s] -- Installing: /home/pi/Prototype_Military/prototype_military/install/prototype_motor/share/ament_index/resource_index/packages/prototype_motor
[45.787s] -- Installing: /home/pi/Prototype_Military/prototype_military/install/prototype_motor/share/prototype_motor/cmake/prototype_motorConfig.cmake
[45.788s] -- Installing: /home/pi/Prototype_Military/prototype_military/install/prototype_motor/share/prototype_motor/cmake/prototype_motorConfig-version.cmake
[45.789s] -- Installing: /home/pi/Prototype_Military/prototype_military/install/prototype_motor/share/prototype_motor/package.xml
[45.797s] Invoked command in '/home/pi/Prototype_Military/prototype_military/build/prototype_motor' returned '0': CMAKE_PREFIX_PATH=/home/pi/Prototype_Military/prototype_military/install/prototype_move:/opt/ros/humble /usr/bin/cmake --install /home/pi/Prototype_Military/prototype_military/build/prototype_motor
