[1.909s] Invoking command in '/home/orin/Prototype_Military/prototype_military/src/prototype_move': PYTHONPATH=/home/orin/Prototype_Military/prototype_military/build/prototype_move/prefix_override:/usr/lib/python3/dist-packages/colcon_core/task/python/colcon_distutils_commands:/home/orin/Prototype_Military/prototype_military/install/prototype_move/lib/python3.10/site-packages:${PYTHONPATH} /usr/bin/python3 -W ignore:setup.py install is deprecated setup.py egg_info --egg-base ../../build/prototype_move build --build-base /home/orin/Prototype_Military/prototype_military/build/prototype_move/build install --record /home/orin/Prototype_Military/prototype_military/build/prototype_move/install.log --single-version-externally-managed install_data
[2.572s] /home/orin/.local/lib/python3.10/site-packages/setuptools/_distutils/dist.py:260: UserWarning: Unknown distribution option: 'tests_require'
[2.572s]   warnings.warn(msg)
[2.840s] running egg_info
[2.881s] writing ../../build/prototype_move/prototype_move.egg-info/PKG-INFO
[2.883s] writing dependency_links to ../../build/prototype_move/prototype_move.egg-info/dependency_links.txt
[2.884s] writing entry points to ../../build/prototype_move/prototype_move.egg-info/entry_points.txt
[2.886s] writing requirements to ../../build/prototype_move/prototype_move.egg-info/requires.txt
[2.888s] writing top-level names to ../../build/prototype_move/prototype_move.egg-info/top_level.txt
[2.976s] reading manifest file '../../build/prototype_move/prototype_move.egg-info/SOURCES.txt'
[2.980s] writing manifest file '../../build/prototype_move/prototype_move.egg-info/SOURCES.txt'
[2.980s] running build
[2.981s] running build_py
[2.991s] copying prototype_move/detection.py -> /home/orin/Prototype_Military/prototype_military/build/prototype_move/build/lib/prototype_move
[2.991s] copying prototype_move/__init__.py -> /home/orin/Prototype_Military/prototype_military/build/prototype_move/build/lib/prototype_move
[2.992s] copying prototype_move/teleop_keyboard.py -> /home/orin/Prototype_Military/prototype_military/build/prototype_move/build/lib/prototype_move
[2.992s] running install
[3.002s] running install_lib
[3.095s] running install_data
[3.096s] copying resource/prototype_move -> /home/orin/Prototype_Military/prototype_military/install/prototype_move/share/ament_index/resource_index/packages
[3.097s] copying package.xml -> /home/orin/Prototype_Military/prototype_military/install/prototype_move/share/prototype_move
[3.097s] copying package.xml -> /home/orin/Prototype_Military/prototype_military/install/prototype_move/share/prototype_move
[3.097s] copying launch/prototype_move_launch.py -> /home/orin/Prototype_Military/prototype_military/install/prototype_move/share/prototype_move/launch
[3.097s] running install_egg_info
[3.142s] removing '/home/orin/Prototype_Military/prototype_military/install/prototype_move/lib/python3.10/site-packages/prototype_move-0.0.0-py3.10.egg-info' (and everything under it)
[3.143s] Copying ../../build/prototype_move/prototype_move.egg-info to /home/orin/Prototype_Military/prototype_military/install/prototype_move/lib/python3.10/site-packages/prototype_move-0.0.0-py3.10.egg-info
[3.146s] running install_scripts
[3.702s] Installing teleop_keyboard script to /home/orin/Prototype_Military/prototype_military/install/prototype_move/lib/prototype_move
[3.703s] writing list of installed files to '/home/orin/Prototype_Military/prototype_military/build/prototype_move/install.log'
[3.802s] Invoked command in '/home/orin/Prototype_Military/prototype_military/src/prototype_move' returned '0': PYTHONPATH=/home/orin/Prototype_Military/prototype_military/build/prototype_move/prefix_override:/usr/lib/python3/dist-packages/colcon_core/task/python/colcon_distutils_commands:/home/orin/Prototype_Military/prototype_military/install/prototype_move/lib/python3.10/site-packages:${PYTHONPATH} /usr/bin/python3 -W ignore:setup.py install is deprecated setup.py egg_info --egg-base ../../build/prototype_move build --build-base /home/orin/Prototype_Military/prototype_military/build/prototype_move/build install --record /home/orin/Prototype_Military/prototype_military/build/prototype_move/install.log --single-version-externally-managed install_data
