[0.527s] Invoking command in '/home/hansol/project/build/prototype_msg': CMAKE_PREFIX_PATH=/opt/ros/humble /usr/bin/cmake --build /home/hansol/project/build/prototype_msg -- -j12 -l12
[0.541s] -- Found ament_cmake: 1.3.9 (/opt/ros/humble/share/ament_cmake/cmake)
[0.686s] -- Override CMake install command with custom implementation using symlinks instead of copying resources
[0.697s] -- Found rosidl_default_generators: 1.2.0 (/opt/ros/humble/share/rosidl_default_generators/cmake)
[0.700s] -- Using all available rosidl_typesupport_c: rosidl_typesupport_fastrtps_c;rosidl_typesupport_introspection_c
[0.704s] -- Found rosidl_adapter: 3.1.5 (/opt/ros/humble/share/rosidl_adapter/cmake)
[0.749s] -- Using all available rosidl_typesupport_cpp: rosidl_typesupport_fastrtps_cpp;rosidl_typesupport_introspection_cpp
[1.202s] -- Found ament_cmake_ros: 0.10.0 (/opt/ros/humble/share/ament_cmake_ros/cmake)
[1.418s] -- Using all available rosidl_typesupport_c: rosidl_typesupport_fastrtps_c;rosidl_typesupport_introspection_c
[1.738s] -- Using all available rosidl_typesupport_cpp: rosidl_typesupport_fastrtps_cpp;rosidl_typesupport_introspection_cpp
[1.771s] -- Found python_cmake_module: 0.10.0 (/opt/ros/humble/share/python_cmake_module/cmake)
[1.806s] -- Using PYTHON_EXECUTABLE: /usr/bin/python3
[1.806s] -- Using PYTHON_INCLUDE_DIRS: /usr/include/python3.10
[1.806s] -- Using PYTHON_LIBRARIES: /usr/lib/x86_64-linux-gnu/libpython3.10.so
[1.829s] -- Found ament_lint_auto: 0.12.11 (/opt/ros/humble/share/ament_lint_auto/cmake)
[1.848s] -- Added test 'lint_cmake' to check CMake code style
[1.850s] -- Added test 'xmllint' to check XML markup files
[1.856s] -- Configuring done
[1.924s] -- Generating done
[1.928s] -- Build files have been written to: /home/hansol/project/build/prototype_msg
[1.961s] [  2%] [34m[1mGenerating C code for ROS interfaces[0m
[1.977s] [  5%] [34m[1mGenerating C++ code for ROS interfaces[0m
[1.993s] [  5%] Built target ament_cmake_python_symlink_prototype_msg
[2.370s] running egg_info
[2.371s] writing prototype_msg.egg-info/PKG-INFO
[2.371s] writing dependency_links to prototype_msg.egg-info/dependency_links.txt
[2.371s] writing top-level names to prototype_msg.egg-info/top_level.txt
[2.373s] reading manifest file 'prototype_msg.egg-info/SOURCES.txt'
[2.374s] writing manifest file 'prototype_msg.egg-info/SOURCES.txt'
[2.451s] [  5%] Built target ament_cmake_python_build_prototype_msg_egg
[2.971s] [  5%] Built target prototype_msg__cpp
[2.994s] [  7%] [34m[1mGenerating C++ type support dispatch for ROS interfaces[0m
[2.994s] [ 10%] [34m[1mGenerating C++ type support for eProsima Fast-RTPS[0m
[3.019s] [ 12%] [34m[1mGenerating C++ introspection for ROS interfaces[0m
[3.025s] [35m[1mConsolidate compiler generated dependencies of target prototype_msg__rosidl_generator_c[0m
[3.040s] [ 15%] [32mBuilding C object CMakeFiles/prototype_msg__rosidl_generator_c.dir/rosidl_generator_c/prototype_msg/action/detail/odometryaction__functions.c.o[0m
[3.042s] [ 17%] [32mBuilding C object CMakeFiles/prototype_msg__rosidl_generator_c.dir/rosidl_generator_c/prototype_msg/action/detail/movefeedback__functions.c.o[0m
[3.306s] [ 20%] [32m[1mLinking C shared library libprototype_msg__rosidl_generator_c.so[0m
[3.354s] [ 20%] Built target prototype_msg__rosidl_generator_c
[3.366s] [ 25%] [34m[1mGenerating C type support for eProsima Fast-RTPS[0m
[3.366s] [ 25%] [34m[1mGenerating C introspection for ROS interfaces[0m
[3.366s] [ 28%] [34m[1mGenerating C type support dispatch for ROS interfaces[0m
[3.439s] [35m[1mConsolidate compiler generated dependencies of target prototype_msg__rosidl_typesupport_cpp[0m
[3.450s] [ 30%] [32mBuilding CXX object CMakeFiles/prototype_msg__rosidl_typesupport_cpp.dir/rosidl_typesupport_cpp/prototype_msg/action/odometryaction__type_support.cpp.o[0m
[3.453s] [ 33%] [32mBuilding CXX object CMakeFiles/prototype_msg__rosidl_typesupport_cpp.dir/rosidl_typesupport_cpp/prototype_msg/action/movefeedback__type_support.cpp.o[0m
[3.698s] [35m[1mConsolidate compiler generated dependencies of target prototype_msg__rosidl_typesupport_introspection_cpp[0m
[3.702s] [35m[1mConsolidate compiler generated dependencies of target prototype_msg__rosidl_typesupport_fastrtps_cpp[0m
[3.717s] [ 35%] [32mBuilding CXX object CMakeFiles/prototype_msg__rosidl_typesupport_introspection_cpp.dir/rosidl_typesupport_introspection_cpp/prototype_msg/action/detail/odometryaction__type_support.cpp.o[0m
[3.721s] [ 38%] [32mBuilding CXX object CMakeFiles/prototype_msg__rosidl_typesupport_fastrtps_cpp.dir/rosidl_typesupport_fastrtps_cpp/prototype_msg/action/detail/dds_fastrtps/movefeedback__type_support.cpp.o[0m
[3.727s] [ 43%] [32mBuilding CXX object CMakeFiles/prototype_msg__rosidl_typesupport_fastrtps_cpp.dir/rosidl_typesupport_fastrtps_cpp/prototype_msg/action/detail/dds_fastrtps/odometryaction__type_support.cpp.o[0m
[3.727s] [ 43%] [32mBuilding CXX object CMakeFiles/prototype_msg__rosidl_typesupport_introspection_cpp.dir/rosidl_typesupport_introspection_cpp/prototype_msg/action/detail/movefeedback__type_support.cpp.o[0m
[3.921s] [35m[1mConsolidate compiler generated dependencies of target prototype_msg__rosidl_typesupport_c[0m
[3.938s] [ 46%] [32mBuilding CXX object CMakeFiles/prototype_msg__rosidl_typesupport_c.dir/rosidl_typesupport_c/prototype_msg/action/odometryaction__type_support.cpp.o[0m
[3.941s] [ 48%] [32mBuilding CXX object CMakeFiles/prototype_msg__rosidl_typesupport_c.dir/rosidl_typesupport_c/prototype_msg/action/movefeedback__type_support.cpp.o[0m
[4.011s] [ 51%] [32m[1mLinking CXX shared library libprototype_msg__rosidl_typesupport_c.so[0m
[4.085s] [ 51%] Built target prototype_msg__rosidl_typesupport_c
[4.107s] [35m[1mConsolidate compiler generated dependencies of target prototype_msg__rosidl_typesupport_introspection_c[0m
[4.111s] [ 53%] [32m[1mLinking CXX shared library libprototype_msg__rosidl_typesupport_cpp.so[0m
[4.122s] [ 58%] [32mBuilding C object CMakeFiles/prototype_msg__rosidl_typesupport_introspection_c.dir/rosidl_typesupport_introspection_c/prototype_msg/action/detail/odometryaction__type_support.c.o[0m
[4.122s] [ 58%] [32mBuilding C object CMakeFiles/prototype_msg__rosidl_typesupport_introspection_c.dir/rosidl_typesupport_introspection_c/prototype_msg/action/detail/movefeedback__type_support.c.o[0m
[4.168s] [ 58%] Built target prototype_msg__rosidl_typesupport_cpp
[4.186s] [ 61%] [32m[1mLinking C shared library libprototype_msg__rosidl_typesupport_introspection_c.so[0m
[4.209s] [35m[1mConsolidate compiler generated dependencies of target prototype_msg__rosidl_typesupport_fastrtps_c[0m
[4.228s] [ 64%] [32mBuilding CXX object CMakeFiles/prototype_msg__rosidl_typesupport_fastrtps_c.dir/rosidl_typesupport_fastrtps_c/prototype_msg/action/detail/movefeedback__type_support_c.cpp.o[0m
[4.228s] [ 66%] [32mBuilding CXX object CMakeFiles/prototype_msg__rosidl_typesupport_fastrtps_c.dir/rosidl_typesupport_fastrtps_c/prototype_msg/action/detail/odometryaction__type_support_c.cpp.o[0m
[4.236s] [ 66%] Built target prototype_msg__rosidl_typesupport_introspection_c
[4.538s] [ 69%] [32m[1mLinking CXX shared library libprototype_msg__rosidl_typesupport_fastrtps_cpp.so[0m
[4.561s] [ 71%] [32m[1mLinking CXX shared library libprototype_msg__rosidl_typesupport_introspection_cpp.so[0m
[4.630s] [ 71%] Built target prototype_msg__rosidl_typesupport_fastrtps_cpp
[4.655s] [ 71%] Built target prototype_msg__rosidl_typesupport_introspection_cpp
[4.722s] [ 74%] [32m[1mLinking CXX shared library libprototype_msg__rosidl_typesupport_fastrtps_c.so[0m
[4.785s] [ 74%] Built target prototype_msg__rosidl_typesupport_fastrtps_c
[4.799s] [ 74%] Built target prototype_msg
[4.813s] [ 76%] [34m[1mGenerating Python code for ROS interfaces[0m
[5.670s] [ 76%] Built target prototype_msg__py
[5.683s] [35m[1mConsolidate compiler generated dependencies of target prototype_msg__rosidl_generator_py[0m
[5.698s] [ 82%] [32mBuilding C object CMakeFiles/prototype_msg__rosidl_generator_py.dir/rosidl_generator_py/prototype_msg/action/_movefeedback_s.c.o[0m
[5.698s] [ 82%] [32mBuilding C object CMakeFiles/prototype_msg__rosidl_generator_py.dir/rosidl_generator_py/prototype_msg/action/_odometryaction_s.c.o[0m
[5.860s] [ 84%] [32m[1mLinking C shared library rosidl_generator_py/prototype_msg/libprototype_msg__rosidl_generator_py.so[0m
[5.891s] [ 84%] Built target prototype_msg__rosidl_generator_py
[5.900s] [35m[1mConsolidate compiler generated dependencies of target prototype_msg__rosidl_typesupport_fastrtps_c__pyext[0m
[5.903s] [35m[1mConsolidate compiler generated dependencies of target prototype_msg__rosidl_typesupport_c__pyext[0m
[5.904s] [35m[1mConsolidate compiler generated dependencies of target prototype_msg__rosidl_typesupport_introspection_c__pyext[0m
[5.915s] [ 87%] [32mBuilding C object CMakeFiles/prototype_msg__rosidl_typesupport_fastrtps_c__pyext.dir/rosidl_generator_py/prototype_msg/_prototype_msg_s.ep.rosidl_typesupport_fastrtps_c.c.o[0m
[5.918s] [ 92%] [32mBuilding C object CMakeFiles/prototype_msg__rosidl_typesupport_c__pyext.dir/rosidl_generator_py/prototype_msg/_prototype_msg_s.ep.rosidl_typesupport_c.c.o[0m
[5.918s] [ 92%] [32mBuilding C object CMakeFiles/prototype_msg__rosidl_typesupport_introspection_c__pyext.dir/rosidl_generator_py/prototype_msg/_prototype_msg_s.ep.rosidl_typesupport_introspection_c.c.o[0m
[6.036s] [ 94%] [32m[1mLinking C shared library rosidl_generator_py/prototype_msg/prototype_msg_s__rosidl_typesupport_c.cpython-310-x86_64-linux-gnu.so[0m
[6.068s] [ 97%] [32m[1mLinking C shared library rosidl_generator_py/prototype_msg/prototype_msg_s__rosidl_typesupport_introspection_c.cpython-310-x86_64-linux-gnu.so[0m
[6.087s] [ 97%] Built target prototype_msg__rosidl_typesupport_c__pyext
[6.087s] [100%] [32m[1mLinking C shared library rosidl_generator_py/prototype_msg/prototype_msg_s__rosidl_typesupport_fastrtps_c.cpython-310-x86_64-linux-gnu.so[0m
[6.099s] [100%] Built target prototype_msg__rosidl_typesupport_introspection_c__pyext
[6.123s] [100%] Built target prototype_msg__rosidl_typesupport_fastrtps_c__pyext
[6.134s] Invoked command in '/home/hansol/project/build/prototype_msg' returned '0': CMAKE_PREFIX_PATH=/opt/ros/humble /usr/bin/cmake --build /home/hansol/project/build/prototype_msg -- -j12 -l12
[6.184s] Invoking command in '/home/hansol/project/build/prototype_msg': CMAKE_PREFIX_PATH=/opt/ros/humble /usr/bin/cmake --install /home/hansol/project/build/prototype_msg
[6.191s] -- Install configuration: ""
[6.192s] -- Execute custom install script
[6.192s] -- Up-to-date symlink: /home/hansol/project/install/prototype_msg/share/ament_index/resource_index/rosidl_interfaces/prototype_msg
[6.193s] -- Up-to-date symlink: /home/hansol/project/install/prototype_msg/include/prototype_msg/prototype_msg/action/detail/movefeedback__functions.h
[6.193s] -- Up-to-date symlink: /home/hansol/project/install/prototype_msg/include/prototype_msg/prototype_msg/action/detail/movefeedback__struct.h
[6.193s] -- Up-to-date symlink: /home/hansol/project/install/prototype_msg/include/prototype_msg/prototype_msg/action/detail/movefeedback__type_support.h
[6.194s] -- Up-to-date symlink: /home/hansol/project/install/prototype_msg/include/prototype_msg/prototype_msg/action/detail/odometry__functions.h
[6.194s] -- Up-to-date symlink: /home/hansol/project/install/prototype_msg/include/prototype_msg/prototype_msg/action/detail/odometry__struct.h
[6.194s] -- Up-to-date symlink: /home/hansol/project/install/prototype_msg/include/prototype_msg/prototype_msg/action/detail/odometry__type_support.h
[6.194s] -- Up-to-date symlink: /home/hansol/project/install/prototype_msg/include/prototype_msg/prototype_msg/action/detail/odometryaction__functions.h
[6.194s] -- Up-to-date symlink: /home/hansol/project/install/prototype_msg/include/prototype_msg/prototype_msg/action/detail/odometryaction__struct.h
[6.194s] -- Up-to-date symlink: /home/hansol/project/install/prototype_msg/include/prototype_msg/prototype_msg/action/detail/odometryaction__type_support.h
[6.195s] -- Up-to-date symlink: /home/hansol/project/install/prototype_msg/include/prototype_msg/prototype_msg/action/movefeedback.h
[6.195s] -- Up-to-date symlink: /home/hansol/project/install/prototype_msg/include/prototype_msg/prototype_msg/action/odometry.h
[6.195s] -- Up-to-date symlink: /home/hansol/project/install/prototype_msg/include/prototype_msg/prototype_msg/action/odometryaction.h
[6.195s] -- Up-to-date symlink: /home/hansol/project/install/prototype_msg/include/prototype_msg/prototype_msg/msg/rosidl_generator_c__visibility_control.h
[6.196s] -- Up-to-date symlink: /home/hansol/project/install/prototype_msg/share/prototype_msg/environment/library_path.sh
[6.196s] -- Up-to-date symlink: /home/hansol/project/install/prototype_msg/share/prototype_msg/environment/library_path.dsv
[6.196s] -- Up-to-date symlink: /home/hansol/project/install/prototype_msg/include/prototype_msg/prototype_msg/action/detail/movefeedback__rosidl_typesupport_fastrtps_c.h
[6.197s] -- Up-to-date symlink: /home/hansol/project/install/prototype_msg/include/prototype_msg/prototype_msg/action/detail/odometry__rosidl_typesupport_fastrtps_c.h
[6.197s] -- Up-to-date symlink: /home/hansol/project/install/prototype_msg/include/prototype_msg/prototype_msg/action/detail/odometryaction__rosidl_typesupport_fastrtps_c.h
[6.197s] -- Up-to-date symlink: /home/hansol/project/install/prototype_msg/include/prototype_msg/prototype_msg/msg/rosidl_typesupport_fastrtps_c__visibility_control.h
[6.197s] -- Up-to-date symlink: /home/hansol/project/install/prototype_msg/include/prototype_msg/prototype_msg/action/detail/movefeedback__rosidl_typesupport_introspection_c.h
[6.198s] -- Up-to-date symlink: /home/hansol/project/install/prototype_msg/include/prototype_msg/prototype_msg/action/detail/odometry__rosidl_typesupport_introspection_c.h
[6.198s] -- Up-to-date symlink: /home/hansol/project/install/prototype_msg/include/prototype_msg/prototype_msg/action/detail/odometryaction__rosidl_typesupport_introspection_c.h
[6.198s] -- Up-to-date symlink: /home/hansol/project/install/prototype_msg/include/prototype_msg/prototype_msg/msg/rosidl_typesupport_introspection_c__visibility_control.h
[6.198s] -- Up-to-date symlink: /home/hansol/project/install/prototype_msg/include/prototype_msg/prototype_msg/action/detail/movefeedback__builder.hpp
[6.198s] -- Up-to-date symlink: /home/hansol/project/install/prototype_msg/include/prototype_msg/prototype_msg/action/detail/movefeedback__struct.hpp
[6.198s] -- Up-to-date symlink: /home/hansol/project/install/prototype_msg/include/prototype_msg/prototype_msg/action/detail/movefeedback__traits.hpp
[6.199s] -- Up-to-date symlink: /home/hansol/project/install/prototype_msg/include/prototype_msg/prototype_msg/action/detail/odometry__builder.hpp
[6.199s] -- Up-to-date symlink: /home/hansol/project/install/prototype_msg/include/prototype_msg/prototype_msg/action/detail/odometry__struct.hpp
[6.199s] -- Up-to-date symlink: /home/hansol/project/install/prototype_msg/include/prototype_msg/prototype_msg/action/detail/odometry__traits.hpp
[6.199s] -- Up-to-date symlink: /home/hansol/project/install/prototype_msg/include/prototype_msg/prototype_msg/action/detail/odometryaction__builder.hpp
[6.199s] -- Up-to-date symlink: /home/hansol/project/install/prototype_msg/include/prototype_msg/prototype_msg/action/detail/odometryaction__struct.hpp
[6.199s] -- Up-to-date symlink: /home/hansol/project/install/prototype_msg/include/prototype_msg/prototype_msg/action/detail/odometryaction__traits.hpp
[6.199s] -- Up-to-date symlink: /home/hansol/project/install/prototype_msg/include/prototype_msg/prototype_msg/action/movefeedback.hpp
[6.200s] -- Up-to-date symlink: /home/hansol/project/install/prototype_msg/include/prototype_msg/prototype_msg/action/odometry.hpp
[6.200s] -- Up-to-date symlink: /home/hansol/project/install/prototype_msg/include/prototype_msg/prototype_msg/action/odometryaction.hpp
[6.200s] -- Up-to-date symlink: /home/hansol/project/install/prototype_msg/include/prototype_msg/prototype_msg/action/detail/movefeedback__rosidl_typesupport_fastrtps_cpp.hpp
[6.200s] -- Up-to-date symlink: /home/hansol/project/install/prototype_msg/include/prototype_msg/prototype_msg/action/detail/odometry__rosidl_typesupport_fastrtps_cpp.hpp
[6.200s] -- Up-to-date symlink: /home/hansol/project/install/prototype_msg/include/prototype_msg/prototype_msg/action/detail/odometryaction__rosidl_typesupport_fastrtps_cpp.hpp
[6.201s] -- Up-to-date symlink: /home/hansol/project/install/prototype_msg/include/prototype_msg/prototype_msg/msg/rosidl_typesupport_fastrtps_cpp__visibility_control.h
[6.201s] -- Up-to-date symlink: /home/hansol/project/install/prototype_msg/include/prototype_msg/prototype_msg/action/detail/movefeedback__rosidl_typesupport_introspection_cpp.hpp
[6.201s] -- Up-to-date symlink: /home/hansol/project/install/prototype_msg/include/prototype_msg/prototype_msg/action/detail/odometry__rosidl_typesupport_introspection_cpp.hpp
[6.201s] -- Up-to-date symlink: /home/hansol/project/install/prototype_msg/include/prototype_msg/prototype_msg/action/detail/odometryaction__rosidl_typesupport_introspection_cpp.hpp
[6.201s] -- Up-to-date symlink: /home/hansol/project/install/prototype_msg/share/prototype_msg/environment/pythonpath.sh
[6.201s] -- Up-to-date symlink: /home/hansol/project/install/prototype_msg/share/prototype_msg/environment/pythonpath.dsv
[6.202s] -- Up-to-date symlink: /home/hansol/project/install/prototype_msg/local/lib/python3.10/dist-packages/prototype_msg-0.0.0-py3.10.egg-info/PKG-INFO
[6.202s] -- Up-to-date symlink: /home/hansol/project/install/prototype_msg/local/lib/python3.10/dist-packages/prototype_msg-0.0.0-py3.10.egg-info/SOURCES.txt
[6.202s] -- Up-to-date symlink: /home/hansol/project/install/prototype_msg/local/lib/python3.10/dist-packages/prototype_msg-0.0.0-py3.10.egg-info/dependency_links.txt
[6.202s] -- Up-to-date symlink: /home/hansol/project/install/prototype_msg/local/lib/python3.10/dist-packages/prototype_msg-0.0.0-py3.10.egg-info/top_level.txt
[6.203s] -- Up-to-date symlink: /home/hansol/project/install/prototype_msg/local/lib/python3.10/dist-packages/prototype_msg/__init__.py
[6.203s] -- Up-to-date symlink: /home/hansol/project/install/prototype_msg/local/lib/python3.10/dist-packages/prototype_msg/_prototype_msg_s.ep.rosidl_typesupport_c.c
[6.203s] -- Up-to-date symlink: /home/hansol/project/install/prototype_msg/local/lib/python3.10/dist-packages/prototype_msg/_prototype_msg_s.ep.rosidl_typesupport_fastrtps_c.c
[6.203s] -- Up-to-date symlink: /home/hansol/project/install/prototype_msg/local/lib/python3.10/dist-packages/prototype_msg/_prototype_msg_s.ep.rosidl_typesupport_introspection_c.c
[6.203s] -- Up-to-date symlink: /home/hansol/project/install/prototype_msg/local/lib/python3.10/dist-packages/prototype_msg/action/__init__.py
[6.203s] -- Up-to-date symlink: /home/hansol/project/install/prototype_msg/local/lib/python3.10/dist-packages/prototype_msg/action/_movefeedback.py
[6.204s] -- Up-to-date symlink: /home/hansol/project/install/prototype_msg/local/lib/python3.10/dist-packages/prototype_msg/action/_movefeedback_s.c
[6.204s] -- Up-to-date symlink: /home/hansol/project/install/prototype_msg/local/lib/python3.10/dist-packages/prototype_msg/action/_odometry.py
[6.204s] -- Up-to-date symlink: /home/hansol/project/install/prototype_msg/local/lib/python3.10/dist-packages/prototype_msg/action/_odometry_s.c
[6.204s] -- Up-to-date symlink: /home/hansol/project/install/prototype_msg/local/lib/python3.10/dist-packages/prototype_msg/action/_odometryaction.py
[6.204s] -- Up-to-date symlink: /home/hansol/project/install/prototype_msg/local/lib/python3.10/dist-packages/prototype_msg/action/_odometryaction_s.c
[6.204s] -- Up-to-date symlink: /home/hansol/project/install/prototype_msg/local/lib/python3.10/dist-packages/prototype_msg/libprototype_msg__rosidl_generator_py.so
[6.204s] -- Up-to-date symlink: /home/hansol/project/install/prototype_msg/local/lib/python3.10/dist-packages/prototype_msg/prototype_msg_s__rosidl_typesupport_c.cpython-310-x86_64-linux-gnu.so
[6.205s] -- Up-to-date symlink: /home/hansol/project/install/prototype_msg/local/lib/python3.10/dist-packages/prototype_msg/prototype_msg_s__rosidl_typesupport_fastrtps_c.cpython-310-x86_64-linux-gnu.so
[6.205s] -- Up-to-date symlink: /home/hansol/project/install/prototype_msg/local/lib/python3.10/dist-packages/prototype_msg/prototype_msg_s__rosidl_typesupport_introspection_c.cpython-310-x86_64-linux-gnu.so
[6.205s] -- Up-to-date symlink: /home/hansol/project/install/prototype_msg/local/lib/python3.10/dist-packages/prototype_msg/prototype_msg_s__rosidl_typesupport_fastrtps_c.cpython-310-x86_64-linux-gnu.so
[6.205s] -- Up-to-date symlink: /home/hansol/project/install/prototype_msg/local/lib/python3.10/dist-packages/prototype_msg/prototype_msg_s__rosidl_typesupport_introspection_c.cpython-310-x86_64-linux-gnu.so
[6.205s] -- Up-to-date symlink: /home/hansol/project/install/prototype_msg/local/lib/python3.10/dist-packages/prototype_msg/prototype_msg_s__rosidl_typesupport_c.cpython-310-x86_64-linux-gnu.so
[6.205s] -- Up-to-date symlink: /home/hansol/project/install/prototype_msg/share/prototype_msg/action/Odometryaction.idl
[6.206s] -- Up-to-date symlink: /home/hansol/project/install/prototype_msg/share/prototype_msg/action/Movefeedback.idl
[6.206s] -- Up-to-date symlink: /home/hansol/project/install/prototype_msg/share/prototype_msg/action/Odometryaction.action
[6.206s] -- Up-to-date symlink: /home/hansol/project/install/prototype_msg/share/prototype_msg/action/Movefeedback.action
[6.206s] -- Up-to-date symlink: /home/hansol/project/install/prototype_msg/share/ament_index/resource_index/package_run_dependencies/prototype_msg
[6.207s] -- Up-to-date symlink: /home/hansol/project/install/prototype_msg/share/ament_index/resource_index/parent_prefix_path/prototype_msg
[6.207s] -- Up-to-date symlink: /home/hansol/project/install/prototype_msg/share/prototype_msg/environment/ament_prefix_path.sh
[6.207s] -- Up-to-date symlink: /home/hansol/project/install/prototype_msg/share/prototype_msg/environment/ament_prefix_path.dsv
[6.207s] -- Up-to-date symlink: /home/hansol/project/install/prototype_msg/share/prototype_msg/environment/path.sh
[6.207s] -- Up-to-date symlink: /home/hansol/project/install/prototype_msg/share/prototype_msg/environment/path.dsv
[6.207s] -- Up-to-date symlink: /home/hansol/project/install/prototype_msg/share/prototype_msg/local_setup.bash
[6.208s] -- Up-to-date symlink: /home/hansol/project/install/prototype_msg/share/prototype_msg/local_setup.sh
[6.208s] -- Up-to-date symlink: /home/hansol/project/install/prototype_msg/share/prototype_msg/local_setup.zsh
[6.208s] -- Up-to-date symlink: /home/hansol/project/install/prototype_msg/share/prototype_msg/local_setup.dsv
[6.208s] -- Symlinking: /home/hansol/project/install/prototype_msg/share/prototype_msg/package.dsv
[6.215s] -- Up-to-date symlink: /home/hansol/project/install/prototype_msg/share/ament_index/resource_index/packages/prototype_msg
[6.215s] -- Up-to-date symlink: /home/hansol/project/install/prototype_msg/share/prototype_msg/cmake/rosidl_cmake-extras.cmake
[6.215s] -- Up-to-date symlink: /home/hansol/project/install/prototype_msg/share/prototype_msg/cmake/ament_cmake_export_dependencies-extras.cmake
[6.215s] -- Up-to-date symlink: /home/hansol/project/install/prototype_msg/share/prototype_msg/cmake/ament_cmake_export_include_directories-extras.cmake
[6.216s] -- Up-to-date symlink: /home/hansol/project/install/prototype_msg/share/prototype_msg/cmake/ament_cmake_export_libraries-extras.cmake
[6.216s] -- Up-to-date symlink: /home/hansol/project/install/prototype_msg/share/prototype_msg/cmake/ament_cmake_export_targets-extras.cmake
[6.216s] -- Up-to-date symlink: /home/hansol/project/install/prototype_msg/share/prototype_msg/cmake/rosidl_cmake_export_typesupport_targets-extras.cmake
[6.216s] -- Up-to-date symlink: /home/hansol/project/install/prototype_msg/share/prototype_msg/cmake/rosidl_cmake_export_typesupport_libraries-extras.cmake
[6.216s] -- Up-to-date symlink: /home/hansol/project/install/prototype_msg/share/prototype_msg/cmake/prototype_msgConfig.cmake
[6.216s] -- Up-to-date symlink: /home/hansol/project/install/prototype_msg/share/prototype_msg/cmake/prototype_msgConfig-version.cmake
[6.216s] -- Up-to-date symlink: /home/hansol/project/install/prototype_msg/share/prototype_msg/package.xml
[6.217s] -- Installing: /home/hansol/project/install/prototype_msg/lib/libprototype_msg__rosidl_generator_c.so
[6.217s] -- Set runtime path of "/home/hansol/project/install/prototype_msg/lib/libprototype_msg__rosidl_generator_c.so" to ""
[6.218s] -- Installing: /home/hansol/project/install/prototype_msg/lib/libprototype_msg__rosidl_typesupport_fastrtps_c.so
[6.218s] -- Set runtime path of "/home/hansol/project/install/prototype_msg/lib/libprototype_msg__rosidl_typesupport_fastrtps_c.so" to ""
[6.219s] -- Installing: /home/hansol/project/install/prototype_msg/lib/libprototype_msg__rosidl_typesupport_introspection_c.so
[6.219s] -- Set runtime path of "/home/hansol/project/install/prototype_msg/lib/libprototype_msg__rosidl_typesupport_introspection_c.so" to ""
[6.220s] -- Installing: /home/hansol/project/install/prototype_msg/lib/libprototype_msg__rosidl_typesupport_c.so
[6.220s] -- Set runtime path of "/home/hansol/project/install/prototype_msg/lib/libprototype_msg__rosidl_typesupport_c.so" to ""
[6.221s] -- Installing: /home/hansol/project/install/prototype_msg/lib/libprototype_msg__rosidl_typesupport_fastrtps_cpp.so
[6.221s] -- Set runtime path of "/home/hansol/project/install/prototype_msg/lib/libprototype_msg__rosidl_typesupport_fastrtps_cpp.so" to ""
[6.222s] -- Installing: /home/hansol/project/install/prototype_msg/lib/libprototype_msg__rosidl_typesupport_introspection_cpp.so
[6.222s] -- Set runtime path of "/home/hansol/project/install/prototype_msg/lib/libprototype_msg__rosidl_typesupport_introspection_cpp.so" to ""
[6.222s] -- Installing: /home/hansol/project/install/prototype_msg/lib/libprototype_msg__rosidl_typesupport_cpp.so
[6.223s] -- Set runtime path of "/home/hansol/project/install/prototype_msg/lib/libprototype_msg__rosidl_typesupport_cpp.so" to ""
[6.261s] Listing '/home/hansol/project/install/prototype_msg/local/lib/python3.10/dist-packages/prototype_msg'...
[6.261s] Compiling '/home/hansol/project/install/prototype_msg/local/lib/python3.10/dist-packages/prototype_msg/__init__.py'...
[6.262s] Listing '/home/hansol/project/install/prototype_msg/local/lib/python3.10/dist-packages/prototype_msg/action'...
[6.262s] Compiling '/home/hansol/project/install/prototype_msg/local/lib/python3.10/dist-packages/prototype_msg/action/__init__.py'...
[6.262s] Compiling '/home/hansol/project/install/prototype_msg/local/lib/python3.10/dist-packages/prototype_msg/action/_movefeedback.py'...
[6.262s] Compiling '/home/hansol/project/install/prototype_msg/local/lib/python3.10/dist-packages/prototype_msg/action/_odometryaction.py'...
[6.266s] -- Installing: /home/hansol/project/install/prototype_msg/lib/libprototype_msg__rosidl_generator_py.so
[6.266s] -- Set runtime path of "/home/hansol/project/install/prototype_msg/lib/libprototype_msg__rosidl_generator_py.so" to ""
[6.267s] -- Up-to-date: /home/hansol/project/install/prototype_msg/share/prototype_msg/cmake/export_prototype_msg__rosidl_generator_cExport.cmake
[6.267s] -- Up-to-date: /home/hansol/project/install/prototype_msg/share/prototype_msg/cmake/export_prototype_msg__rosidl_generator_cExport-noconfig.cmake
[6.267s] -- Up-to-date: /home/hansol/project/install/prototype_msg/share/prototype_msg/cmake/export_prototype_msg__rosidl_typesupport_fastrtps_cExport.cmake
[6.267s] -- Up-to-date: /home/hansol/project/install/prototype_msg/share/prototype_msg/cmake/export_prototype_msg__rosidl_typesupport_fastrtps_cExport-noconfig.cmake
[6.267s] -- Up-to-date: /home/hansol/project/install/prototype_msg/share/prototype_msg/cmake/prototype_msg__rosidl_typesupport_introspection_cExport.cmake
[6.268s] -- Up-to-date: /home/hansol/project/install/prototype_msg/share/prototype_msg/cmake/prototype_msg__rosidl_typesupport_introspection_cExport-noconfig.cmake
[6.268s] -- Up-to-date: /home/hansol/project/install/prototype_msg/share/prototype_msg/cmake/prototype_msg__rosidl_typesupport_cExport.cmake
[6.268s] -- Up-to-date: /home/hansol/project/install/prototype_msg/share/prototype_msg/cmake/prototype_msg__rosidl_typesupport_cExport-noconfig.cmake
[6.268s] -- Up-to-date: /home/hansol/project/install/prototype_msg/share/prototype_msg/cmake/export_prototype_msg__rosidl_generator_cppExport.cmake
[6.268s] -- Up-to-date: /home/hansol/project/install/prototype_msg/share/prototype_msg/cmake/export_prototype_msg__rosidl_typesupport_fastrtps_cppExport.cmake
[6.268s] -- Up-to-date: /home/hansol/project/install/prototype_msg/share/prototype_msg/cmake/export_prototype_msg__rosidl_typesupport_fastrtps_cppExport-noconfig.cmake
[6.268s] -- Up-to-date: /home/hansol/project/install/prototype_msg/share/prototype_msg/cmake/prototype_msg__rosidl_typesupport_introspection_cppExport.cmake
[6.268s] -- Up-to-date: /home/hansol/project/install/prototype_msg/share/prototype_msg/cmake/prototype_msg__rosidl_typesupport_introspection_cppExport-noconfig.cmake
[6.268s] -- Up-to-date: /home/hansol/project/install/prototype_msg/share/prototype_msg/cmake/prototype_msg__rosidl_typesupport_cppExport.cmake
[6.269s] -- Up-to-date: /home/hansol/project/install/prototype_msg/share/prototype_msg/cmake/prototype_msg__rosidl_typesupport_cppExport-noconfig.cmake
[6.269s] -- Up-to-date: /home/hansol/project/install/prototype_msg/share/prototype_msg/cmake/export_prototype_msg__rosidl_generator_pyExport.cmake
[6.270s] -- Up-to-date: /home/hansol/project/install/prototype_msg/share/prototype_msg/cmake/export_prototype_msg__rosidl_generator_pyExport-noconfig.cmake
[6.271s] Invoked command in '/home/hansol/project/build/prototype_msg' returned '0': CMAKE_PREFIX_PATH=/opt/ros/humble /usr/bin/cmake --install /home/hansol/project/build/prototype_msg
