[0.383s] Invoking command in '/home/hansol/project/build/prototype_msg': CMAKE_PREFIX_PATH=${CMAKE_PREFIX_PATH}:/home/hansol/project/install/prototype_move:/home/hansol/project/install/limo_ros2_application:/opt/ros/humble /usr/bin/cmake --build /home/hansol/project/build/prototype_msg -- -j12 -l12
[0.397s] -- Found ament_cmake: 1.3.8 (/opt/ros/humble/share/ament_cmake/cmake)
[0.527s] -- Override CMake install command with custom implementation using symlinks instead of copying resources
[0.533s] -- Found rosidl_default_generators: 1.2.0 (/opt/ros/humble/share/rosidl_default_generators/cmake)
[0.533s] -- Using all available rosidl_typesupport_c: rosidl_typesupport_fastrtps_c;rosidl_typesupport_introspection_c
[0.536s] -- Found rosidl_adapter: 3.1.5 (/opt/ros/humble/share/rosidl_adapter/cmake)
[0.562s] -- Using all available rosidl_typesupport_cpp: rosidl_typesupport_fastrtps_cpp;rosidl_typesupport_introspection_cpp
[0.910s] -- Found ament_cmake_ros: 0.10.0 (/opt/ros/humble/share/ament_cmake_ros/cmake)
[1.116s] -- Using all available rosidl_typesupport_c: rosidl_typesupport_fastrtps_c;rosidl_typesupport_introspection_c
[1.345s] -- Using all available rosidl_typesupport_cpp: rosidl_typesupport_fastrtps_cpp;rosidl_typesupport_introspection_cpp
[1.371s] -- Found python_cmake_module: 0.10.0 (/opt/ros/humble/share/python_cmake_module/cmake)
[1.397s] -- Using PYTHON_EXECUTABLE: /usr/bin/python3
[1.397s] -- Using PYTHON_INCLUDE_DIRS: /usr/include/python3.10
[1.398s] -- Using PYTHON_LIBRARIES: /usr/lib/x86_64-linux-gnu/libpython3.10.so
[1.421s] -- Found ament_lint_auto: 0.12.10 (/opt/ros/humble/share/ament_lint_auto/cmake)
[1.433s] -- Added test 'lint_cmake' to check CMake code style
[1.434s] -- Added test 'xmllint' to check XML markup files
[1.437s] -- Configuring done
[1.474s] -- Generating done
[1.477s] -- Build files have been written to: /home/hansol/project/build/prototype_msg
[1.517s] [  3%] [34m[1mGenerating C code for ROS interfaces[0m
[1.531s] [  6%] [34m[1mGenerating C++ code for ROS interfaces[0m
[1.547s] [  6%] Built target ament_cmake_python_symlink_prototype_msg
[1.879s] running egg_info
[1.879s] writing prototype_msg.egg-info/PKG-INFO
[1.880s] writing dependency_links to prototype_msg.egg-info/dependency_links.txt
[1.880s] writing top-level names to prototype_msg.egg-info/top_level.txt
[1.883s] reading manifest file 'prototype_msg.egg-info/SOURCES.txt'
[1.883s] writing manifest file 'prototype_msg.egg-info/SOURCES.txt'
[1.890s] [35m[1mConsolidate compiler generated dependencies of target prototype_msg__rosidl_generator_c[0m
[1.901s] [  9%] [32mBuilding C object CMakeFiles/prototype_msg__rosidl_generator_c.dir/rosidl_generator_c/prototype_msg/action/detail/odometryaction__functions.c.o[0m
[1.914s] [  9%] Built target ament_cmake_python_build_prototype_msg_egg
[1.939s] [  9%] Built target prototype_msg__cpp
[1.948s] [ 12%] [34m[1mGenerating C++ type support dispatch for ROS interfaces[0m
[1.949s] [ 16%] [34m[1mGenerating C++ introspection for ROS interfaces[0m
[1.951s] [ 19%] [34m[1mGenerating C++ type support for eProsima Fast-RTPS[0m
[2.026s] [ 22%] [32m[1mLinking C shared library libprototype_msg__rosidl_generator_c.so[0m
[2.067s] [ 22%] Built target prototype_msg__rosidl_generator_c
[2.078s] [ 29%] [34m[1mGenerating C introspection for ROS interfaces[0m
[2.078s] [ 29%] [34m[1mGenerating C type support for eProsima Fast-RTPS[0m
[2.078s] [ 32%] [34m[1mGenerating C type support dispatch for ROS interfaces[0m
[2.164s] [35m[1mConsolidate compiler generated dependencies of target prototype_msg__rosidl_typesupport_cpp[0m
[2.173s] [ 35%] [32mBuilding CXX object CMakeFiles/prototype_msg__rosidl_typesupport_cpp.dir/rosidl_typesupport_cpp/prototype_msg/action/odometryaction__type_support.cpp.o[0m
[2.219s] [35m[1mConsolidate compiler generated dependencies of target prototype_msg__rosidl_typesupport_introspection_cpp[0m
[2.235s] [ 38%] [32mBuilding CXX object CMakeFiles/prototype_msg__rosidl_typesupport_introspection_cpp.dir/rosidl_typesupport_introspection_cpp/prototype_msg/action/detail/odometryaction__type_support.cpp.o[0m
[2.413s] [35m[1mConsolidate compiler generated dependencies of target prototype_msg__rosidl_typesupport_introspection_c[0m
[2.425s] [ 41%] [32mBuilding C object CMakeFiles/prototype_msg__rosidl_typesupport_introspection_c.dir/rosidl_typesupport_introspection_c/prototype_msg/action/detail/odometryaction__type_support.c.o[0m
[2.436s] [35m[1mConsolidate compiler generated dependencies of target prototype_msg__rosidl_typesupport_fastrtps_cpp[0m
[2.444s] [35m[1mConsolidate compiler generated dependencies of target prototype_msg__rosidl_typesupport_c[0m
[2.450s] [ 45%] [32mBuilding CXX object CMakeFiles/prototype_msg__rosidl_typesupport_fastrtps_cpp.dir/rosidl_typesupport_fastrtps_cpp/prototype_msg/action/detail/dds_fastrtps/odometryaction__type_support.cpp.o[0m
[2.455s] [ 48%] [32mBuilding CXX object CMakeFiles/prototype_msg__rosidl_typesupport_c.dir/rosidl_typesupport_c/prototype_msg/action/odometryaction__type_support.cpp.o[0m
[2.460s] [ 51%] [32m[1mLinking C shared library libprototype_msg__rosidl_typesupport_introspection_c.so[0m
[2.483s] [ 51%] Built target prototype_msg__rosidl_typesupport_introspection_c
[2.503s] [ 54%] [32m[1mLinking CXX shared library libprototype_msg__rosidl_typesupport_c.so[0m
[2.512s] [ 58%] [32m[1mLinking CXX shared library libprototype_msg__rosidl_typesupport_cpp.so[0m
[2.536s] [ 58%] Built target prototype_msg__rosidl_typesupport_c
[2.543s] [ 58%] Built target prototype_msg__rosidl_typesupport_cpp
[2.553s] [35m[1mConsolidate compiler generated dependencies of target prototype_msg__rosidl_typesupport_fastrtps_c[0m
[2.562s] [ 61%] [32mBuilding CXX object CMakeFiles/prototype_msg__rosidl_typesupport_fastrtps_c.dir/rosidl_typesupport_fastrtps_c/prototype_msg/action/detail/odometryaction__type_support_c.cpp.o[0m
[2.777s] [ 64%] [32m[1mLinking CXX shared library libprototype_msg__rosidl_typesupport_fastrtps_c.so[0m
[2.809s] [ 67%] [32m[1mLinking CXX shared library libprototype_msg__rosidl_typesupport_fastrtps_cpp.so[0m
[2.824s] [ 67%] Built target prototype_msg__rosidl_typesupport_fastrtps_c
[2.825s] [ 70%] [32m[1mLinking CXX shared library libprototype_msg__rosidl_typesupport_introspection_cpp.so[0m
[2.861s] [ 70%] Built target prototype_msg__rosidl_typesupport_fastrtps_cpp
[2.872s] [ 70%] Built target prototype_msg__rosidl_typesupport_introspection_cpp
[2.883s] [ 70%] Built target prototype_msg
[2.894s] [ 74%] [34m[1mGenerating Python code for ROS interfaces[0m
[3.291s] [ 74%] Built target prototype_msg__py
[3.297s] [35m[1mConsolidate compiler generated dependencies of target prototype_msg__rosidl_generator_py[0m
[3.304s] [ 77%] [32mBuilding C object CMakeFiles/prototype_msg__rosidl_generator_py.dir/rosidl_generator_py/prototype_msg/action/_odometryaction_s.c.o[0m
[3.382s] [ 80%] [32m[1mLinking C shared library rosidl_generator_py/prototype_msg/libprototype_msg__rosidl_generator_py.so[0m
[3.405s] [ 80%] Built target prototype_msg__rosidl_generator_py
[3.412s] [35m[1mConsolidate compiler generated dependencies of target prototype_msg__rosidl_typesupport_fastrtps_c__pyext[0m
[3.412s] [35m[1mConsolidate compiler generated dependencies of target prototype_msg__rosidl_typesupport_introspection_c__pyext[0m
[3.414s] [35m[1mConsolidate compiler generated dependencies of target prototype_msg__rosidl_typesupport_c__pyext[0m
[3.419s] [ 87%] [32mBuilding C object CMakeFiles/prototype_msg__rosidl_typesupport_introspection_c__pyext.dir/rosidl_generator_py/prototype_msg/_prototype_msg_s.ep.rosidl_typesupport_introspection_c.c.o[0m
[3.419s] [ 87%] [32mBuilding C object CMakeFiles/prototype_msg__rosidl_typesupport_fastrtps_c__pyext.dir/rosidl_generator_py/prototype_msg/_prototype_msg_s.ep.rosidl_typesupport_fastrtps_c.c.o[0m
[3.425s] [ 90%] [32mBuilding C object CMakeFiles/prototype_msg__rosidl_typesupport_c__pyext.dir/rosidl_generator_py/prototype_msg/_prototype_msg_s.ep.rosidl_typesupport_c.c.o[0m
[3.488s] [ 93%] [32m[1mLinking C shared library rosidl_generator_py/prototype_msg/prototype_msg_s__rosidl_typesupport_fastrtps_c.cpython-310-x86_64-linux-gnu.so[0m
[3.489s] [ 96%] [32m[1mLinking C shared library rosidl_generator_py/prototype_msg/prototype_msg_s__rosidl_typesupport_introspection_c.cpython-310-x86_64-linux-gnu.so[0m
[3.512s] [ 96%] Built target prototype_msg__rosidl_typesupport_fastrtps_c__pyext
[3.512s] [ 96%] Built target prototype_msg__rosidl_typesupport_introspection_c__pyext
[3.527s] [100%] [32m[1mLinking C shared library rosidl_generator_py/prototype_msg/prototype_msg_s__rosidl_typesupport_c.cpython-310-x86_64-linux-gnu.so[0m
[3.551s] [100%] Built target prototype_msg__rosidl_typesupport_c__pyext
[3.558s] Invoked command in '/home/hansol/project/build/prototype_msg' returned '0': CMAKE_PREFIX_PATH=${CMAKE_PREFIX_PATH}:/home/hansol/project/install/prototype_move:/home/hansol/project/install/limo_ros2_application:/opt/ros/humble /usr/bin/cmake --build /home/hansol/project/build/prototype_msg -- -j12 -l12
[3.588s] Invoking command in '/home/hansol/project/build/prototype_msg': CMAKE_PREFIX_PATH=${CMAKE_PREFIX_PATH}:/home/hansol/project/install/prototype_move:/home/hansol/project/install/limo_ros2_application:/opt/ros/humble /usr/bin/cmake --install /home/hansol/project/build/prototype_msg
[3.594s] -- Install configuration: ""
[3.594s] -- Execute custom install script
[3.594s] -- Up-to-date symlink: /home/hansol/project/install/prototype_msg/share/ament_index/resource_index/rosidl_interfaces/prototype_msg
[3.594s] -- Up-to-date symlink: /home/hansol/project/install/prototype_msg/include/prototype_msg/prototype_msg/action/detail/odometry__functions.h
[3.594s] -- Up-to-date symlink: /home/hansol/project/install/prototype_msg/include/prototype_msg/prototype_msg/action/detail/odometry__struct.h
[3.595s] -- Up-to-date symlink: /home/hansol/project/install/prototype_msg/include/prototype_msg/prototype_msg/action/detail/odometry__type_support.h
[3.595s] -- Up-to-date symlink: /home/hansol/project/install/prototype_msg/include/prototype_msg/prototype_msg/action/detail/odometryaction__functions.h
[3.595s] -- Up-to-date symlink: /home/hansol/project/install/prototype_msg/include/prototype_msg/prototype_msg/action/detail/odometryaction__struct.h
[3.595s] -- Up-to-date symlink: /home/hansol/project/install/prototype_msg/include/prototype_msg/prototype_msg/action/detail/odometryaction__type_support.h
[3.595s] -- Up-to-date symlink: /home/hansol/project/install/prototype_msg/include/prototype_msg/prototype_msg/action/odometry.h
[3.595s] -- Up-to-date symlink: /home/hansol/project/install/prototype_msg/include/prototype_msg/prototype_msg/action/odometryaction.h
[3.595s] -- Up-to-date symlink: /home/hansol/project/install/prototype_msg/include/prototype_msg/prototype_msg/msg/rosidl_generator_c__visibility_control.h
[3.595s] -- Up-to-date symlink: /home/hansol/project/install/prototype_msg/share/prototype_msg/environment/library_path.sh
[3.595s] -- Up-to-date symlink: /home/hansol/project/install/prototype_msg/share/prototype_msg/environment/library_path.dsv
[3.595s] -- Up-to-date symlink: /home/hansol/project/install/prototype_msg/include/prototype_msg/prototype_msg/action/detail/odometry__rosidl_typesupport_fastrtps_c.h
[3.596s] -- Up-to-date symlink: /home/hansol/project/install/prototype_msg/include/prototype_msg/prototype_msg/action/detail/odometryaction__rosidl_typesupport_fastrtps_c.h
[3.596s] -- Up-to-date symlink: /home/hansol/project/install/prototype_msg/include/prototype_msg/prototype_msg/msg/rosidl_typesupport_fastrtps_c__visibility_control.h
[3.596s] -- Up-to-date symlink: /home/hansol/project/install/prototype_msg/include/prototype_msg/prototype_msg/action/detail/odometry__rosidl_typesupport_introspection_c.h
[3.596s] -- Up-to-date symlink: /home/hansol/project/install/prototype_msg/include/prototype_msg/prototype_msg/action/detail/odometryaction__rosidl_typesupport_introspection_c.h
[3.596s] -- Up-to-date symlink: /home/hansol/project/install/prototype_msg/include/prototype_msg/prototype_msg/msg/rosidl_typesupport_introspection_c__visibility_control.h
[3.597s] -- Up-to-date symlink: /home/hansol/project/install/prototype_msg/include/prototype_msg/prototype_msg/action/detail/odometry__builder.hpp
[3.597s] -- Up-to-date symlink: /home/hansol/project/install/prototype_msg/include/prototype_msg/prototype_msg/action/detail/odometry__struct.hpp
[3.597s] -- Up-to-date symlink: /home/hansol/project/install/prototype_msg/include/prototype_msg/prototype_msg/action/detail/odometry__traits.hpp
[3.597s] -- Up-to-date symlink: /home/hansol/project/install/prototype_msg/include/prototype_msg/prototype_msg/action/detail/odometryaction__builder.hpp
[3.597s] -- Up-to-date symlink: /home/hansol/project/install/prototype_msg/include/prototype_msg/prototype_msg/action/detail/odometryaction__struct.hpp
[3.597s] -- Up-to-date symlink: /home/hansol/project/install/prototype_msg/include/prototype_msg/prototype_msg/action/detail/odometryaction__traits.hpp
[3.597s] -- Up-to-date symlink: /home/hansol/project/install/prototype_msg/include/prototype_msg/prototype_msg/action/odometry.hpp
[3.597s] -- Up-to-date symlink: /home/hansol/project/install/prototype_msg/include/prototype_msg/prototype_msg/action/odometryaction.hpp
[3.598s] -- Up-to-date symlink: /home/hansol/project/install/prototype_msg/include/prototype_msg/prototype_msg/action/detail/odometry__rosidl_typesupport_fastrtps_cpp.hpp
[3.598s] -- Up-to-date symlink: /home/hansol/project/install/prototype_msg/include/prototype_msg/prototype_msg/action/detail/odometryaction__rosidl_typesupport_fastrtps_cpp.hpp
[3.598s] -- Up-to-date symlink: /home/hansol/project/install/prototype_msg/include/prototype_msg/prototype_msg/msg/rosidl_typesupport_fastrtps_cpp__visibility_control.h
[3.598s] -- Up-to-date symlink: /home/hansol/project/install/prototype_msg/include/prototype_msg/prototype_msg/action/detail/odometry__rosidl_typesupport_introspection_cpp.hpp
[3.598s] -- Up-to-date symlink: /home/hansol/project/install/prototype_msg/include/prototype_msg/prototype_msg/action/detail/odometryaction__rosidl_typesupport_introspection_cpp.hpp
[3.598s] -- Up-to-date symlink: /home/hansol/project/install/prototype_msg/share/prototype_msg/environment/pythonpath.sh
[3.599s] -- Up-to-date symlink: /home/hansol/project/install/prototype_msg/share/prototype_msg/environment/pythonpath.dsv
[3.599s] -- Up-to-date symlink: /home/hansol/project/install/prototype_msg/local/lib/python3.10/dist-packages/prototype_msg-0.0.0-py3.10.egg-info/PKG-INFO
[3.599s] -- Up-to-date symlink: /home/hansol/project/install/prototype_msg/local/lib/python3.10/dist-packages/prototype_msg-0.0.0-py3.10.egg-info/SOURCES.txt
[3.599s] -- Up-to-date symlink: /home/hansol/project/install/prototype_msg/local/lib/python3.10/dist-packages/prototype_msg-0.0.0-py3.10.egg-info/dependency_links.txt
[3.599s] -- Up-to-date symlink: /home/hansol/project/install/prototype_msg/local/lib/python3.10/dist-packages/prototype_msg-0.0.0-py3.10.egg-info/top_level.txt
[3.600s] -- Up-to-date symlink: /home/hansol/project/install/prototype_msg/local/lib/python3.10/dist-packages/prototype_msg/__init__.py
[3.600s] -- Up-to-date symlink: /home/hansol/project/install/prototype_msg/local/lib/python3.10/dist-packages/prototype_msg/_prototype_msg_s.ep.rosidl_typesupport_c.c
[3.600s] -- Up-to-date symlink: /home/hansol/project/install/prototype_msg/local/lib/python3.10/dist-packages/prototype_msg/_prototype_msg_s.ep.rosidl_typesupport_fastrtps_c.c
[3.600s] -- Up-to-date symlink: /home/hansol/project/install/prototype_msg/local/lib/python3.10/dist-packages/prototype_msg/_prototype_msg_s.ep.rosidl_typesupport_introspection_c.c
[3.600s] -- Up-to-date symlink: /home/hansol/project/install/prototype_msg/local/lib/python3.10/dist-packages/prototype_msg/action/__init__.py
[3.600s] -- Up-to-date symlink: /home/hansol/project/install/prototype_msg/local/lib/python3.10/dist-packages/prototype_msg/action/_odometry.py
[3.600s] -- Up-to-date symlink: /home/hansol/project/install/prototype_msg/local/lib/python3.10/dist-packages/prototype_msg/action/_odometry_s.c
[3.600s] -- Up-to-date symlink: /home/hansol/project/install/prototype_msg/local/lib/python3.10/dist-packages/prototype_msg/action/_odometryaction.py
[3.600s] -- Up-to-date symlink: /home/hansol/project/install/prototype_msg/local/lib/python3.10/dist-packages/prototype_msg/action/_odometryaction_s.c
[3.600s] -- Up-to-date symlink: /home/hansol/project/install/prototype_msg/local/lib/python3.10/dist-packages/prototype_msg/libprototype_msg__rosidl_generator_py.so
[3.600s] -- Up-to-date symlink: /home/hansol/project/install/prototype_msg/local/lib/python3.10/dist-packages/prototype_msg/prototype_msg_s__rosidl_typesupport_c.cpython-310-x86_64-linux-gnu.so
[3.601s] -- Up-to-date symlink: /home/hansol/project/install/prototype_msg/local/lib/python3.10/dist-packages/prototype_msg/prototype_msg_s__rosidl_typesupport_fastrtps_c.cpython-310-x86_64-linux-gnu.so
[3.601s] -- Up-to-date symlink: /home/hansol/project/install/prototype_msg/local/lib/python3.10/dist-packages/prototype_msg/prototype_msg_s__rosidl_typesupport_introspection_c.cpython-310-x86_64-linux-gnu.so
[3.601s] -- Up-to-date symlink: /home/hansol/project/install/prototype_msg/local/lib/python3.10/dist-packages/prototype_msg/prototype_msg_s__rosidl_typesupport_fastrtps_c.cpython-310-x86_64-linux-gnu.so
[3.601s] -- Up-to-date symlink: /home/hansol/project/install/prototype_msg/local/lib/python3.10/dist-packages/prototype_msg/prototype_msg_s__rosidl_typesupport_introspection_c.cpython-310-x86_64-linux-gnu.so
[3.601s] -- Up-to-date symlink: /home/hansol/project/install/prototype_msg/local/lib/python3.10/dist-packages/prototype_msg/prototype_msg_s__rosidl_typesupport_c.cpython-310-x86_64-linux-gnu.so
[3.601s] -- Up-to-date symlink: /home/hansol/project/install/prototype_msg/share/prototype_msg/action/Odometryaction.idl
[3.601s] -- Up-to-date symlink: /home/hansol/project/install/prototype_msg/share/prototype_msg/action/Odometryaction.action
[3.602s] -- Up-to-date symlink: /home/hansol/project/install/prototype_msg/share/ament_index/resource_index/package_run_dependencies/prototype_msg
[3.602s] -- Up-to-date symlink: /home/hansol/project/install/prototype_msg/share/ament_index/resource_index/parent_prefix_path/prototype_msg
[3.602s] -- Up-to-date symlink: /home/hansol/project/install/prototype_msg/share/prototype_msg/environment/ament_prefix_path.sh
[3.602s] -- Up-to-date symlink: /home/hansol/project/install/prototype_msg/share/prototype_msg/environment/ament_prefix_path.dsv
[3.602s] -- Up-to-date symlink: /home/hansol/project/install/prototype_msg/share/prototype_msg/environment/path.sh
[3.602s] -- Up-to-date symlink: /home/hansol/project/install/prototype_msg/share/prototype_msg/environment/path.dsv
[3.602s] -- Up-to-date symlink: /home/hansol/project/install/prototype_msg/share/prototype_msg/local_setup.bash
[3.602s] -- Up-to-date symlink: /home/hansol/project/install/prototype_msg/share/prototype_msg/local_setup.sh
[3.602s] -- Up-to-date symlink: /home/hansol/project/install/prototype_msg/share/prototype_msg/local_setup.zsh
[3.603s] -- Up-to-date symlink: /home/hansol/project/install/prototype_msg/share/prototype_msg/local_setup.dsv
[3.603s] -- Symlinking: /home/hansol/project/install/prototype_msg/share/prototype_msg/package.dsv
[3.608s] -- Up-to-date symlink: /home/hansol/project/install/prototype_msg/share/ament_index/resource_index/packages/prototype_msg
[3.608s] -- Up-to-date symlink: /home/hansol/project/install/prototype_msg/share/prototype_msg/cmake/rosidl_cmake-extras.cmake
[3.608s] -- Up-to-date symlink: /home/hansol/project/install/prototype_msg/share/prototype_msg/cmake/ament_cmake_export_dependencies-extras.cmake
[3.609s] -- Up-to-date symlink: /home/hansol/project/install/prototype_msg/share/prototype_msg/cmake/ament_cmake_export_include_directories-extras.cmake
[3.609s] -- Up-to-date symlink: /home/hansol/project/install/prototype_msg/share/prototype_msg/cmake/ament_cmake_export_libraries-extras.cmake
[3.609s] -- Up-to-date symlink: /home/hansol/project/install/prototype_msg/share/prototype_msg/cmake/ament_cmake_export_targets-extras.cmake
[3.609s] -- Up-to-date symlink: /home/hansol/project/install/prototype_msg/share/prototype_msg/cmake/rosidl_cmake_export_typesupport_targets-extras.cmake
[3.609s] -- Up-to-date symlink: /home/hansol/project/install/prototype_msg/share/prototype_msg/cmake/rosidl_cmake_export_typesupport_libraries-extras.cmake
[3.609s] -- Up-to-date symlink: /home/hansol/project/install/prototype_msg/share/prototype_msg/cmake/prototype_msgConfig.cmake
[3.609s] -- Up-to-date symlink: /home/hansol/project/install/prototype_msg/share/prototype_msg/cmake/prototype_msgConfig-version.cmake
[3.609s] -- Up-to-date symlink: /home/hansol/project/install/prototype_msg/share/prototype_msg/package.xml
[3.610s] -- Installing: /home/hansol/project/install/prototype_msg/lib/libprototype_msg__rosidl_generator_c.so
[3.610s] -- Set runtime path of "/home/hansol/project/install/prototype_msg/lib/libprototype_msg__rosidl_generator_c.so" to ""
[3.610s] -- Installing: /home/hansol/project/install/prototype_msg/lib/libprototype_msg__rosidl_typesupport_fastrtps_c.so
[3.610s] -- Set runtime path of "/home/hansol/project/install/prototype_msg/lib/libprototype_msg__rosidl_typesupport_fastrtps_c.so" to ""
[3.610s] -- Installing: /home/hansol/project/install/prototype_msg/lib/libprototype_msg__rosidl_typesupport_introspection_c.so
[3.611s] -- Set runtime path of "/home/hansol/project/install/prototype_msg/lib/libprototype_msg__rosidl_typesupport_introspection_c.so" to ""
[3.611s] -- Installing: /home/hansol/project/install/prototype_msg/lib/libprototype_msg__rosidl_typesupport_c.so
[3.611s] -- Set runtime path of "/home/hansol/project/install/prototype_msg/lib/libprototype_msg__rosidl_typesupport_c.so" to ""
[3.611s] -- Installing: /home/hansol/project/install/prototype_msg/lib/libprototype_msg__rosidl_typesupport_fastrtps_cpp.so
[3.611s] -- Set runtime path of "/home/hansol/project/install/prototype_msg/lib/libprototype_msg__rosidl_typesupport_fastrtps_cpp.so" to ""
[3.611s] -- Installing: /home/hansol/project/install/prototype_msg/lib/libprototype_msg__rosidl_typesupport_introspection_cpp.so
[3.612s] -- Set runtime path of "/home/hansol/project/install/prototype_msg/lib/libprototype_msg__rosidl_typesupport_introspection_cpp.so" to ""
[3.612s] -- Installing: /home/hansol/project/install/prototype_msg/lib/libprototype_msg__rosidl_typesupport_cpp.so
[3.612s] -- Set runtime path of "/home/hansol/project/install/prototype_msg/lib/libprototype_msg__rosidl_typesupport_cpp.so" to ""
[3.638s] Listing '/home/hansol/project/install/prototype_msg/local/lib/python3.10/dist-packages/prototype_msg'...
[3.638s] Compiling '/home/hansol/project/install/prototype_msg/local/lib/python3.10/dist-packages/prototype_msg/__init__.py'...
[3.638s] Listing '/home/hansol/project/install/prototype_msg/local/lib/python3.10/dist-packages/prototype_msg/action'...
[3.638s] Compiling '/home/hansol/project/install/prototype_msg/local/lib/python3.10/dist-packages/prototype_msg/action/__init__.py'...
[3.638s] Compiling '/home/hansol/project/install/prototype_msg/local/lib/python3.10/dist-packages/prototype_msg/action/_odometryaction.py'...
[3.641s] -- Installing: /home/hansol/project/install/prototype_msg/lib/libprototype_msg__rosidl_generator_py.so
[3.641s] -- Set runtime path of "/home/hansol/project/install/prototype_msg/lib/libprototype_msg__rosidl_generator_py.so" to ""
[3.641s] -- Up-to-date: /home/hansol/project/install/prototype_msg/share/prototype_msg/cmake/export_prototype_msg__rosidl_generator_cExport.cmake
[3.641s] -- Up-to-date: /home/hansol/project/install/prototype_msg/share/prototype_msg/cmake/export_prototype_msg__rosidl_generator_cExport-noconfig.cmake
[3.641s] -- Up-to-date: /home/hansol/project/install/prototype_msg/share/prototype_msg/cmake/export_prototype_msg__rosidl_typesupport_fastrtps_cExport.cmake
[3.642s] -- Up-to-date: /home/hansol/project/install/prototype_msg/share/prototype_msg/cmake/export_prototype_msg__rosidl_typesupport_fastrtps_cExport-noconfig.cmake
[3.642s] -- Up-to-date: /home/hansol/project/install/prototype_msg/share/prototype_msg/cmake/prototype_msg__rosidl_typesupport_introspection_cExport.cmake
[3.642s] -- Up-to-date: /home/hansol/project/install/prototype_msg/share/prototype_msg/cmake/prototype_msg__rosidl_typesupport_introspection_cExport-noconfig.cmake
[3.642s] -- Up-to-date: /home/hansol/project/install/prototype_msg/share/prototype_msg/cmake/prototype_msg__rosidl_typesupport_cExport.cmake
[3.642s] -- Up-to-date: /home/hansol/project/install/prototype_msg/share/prototype_msg/cmake/prototype_msg__rosidl_typesupport_cExport-noconfig.cmake
[3.642s] -- Up-to-date: /home/hansol/project/install/prototype_msg/share/prototype_msg/cmake/export_prototype_msg__rosidl_generator_cppExport.cmake
[3.642s] -- Up-to-date: /home/hansol/project/install/prototype_msg/share/prototype_msg/cmake/export_prototype_msg__rosidl_typesupport_fastrtps_cppExport.cmake
[3.642s] -- Up-to-date: /home/hansol/project/install/prototype_msg/share/prototype_msg/cmake/export_prototype_msg__rosidl_typesupport_fastrtps_cppExport-noconfig.cmake
[3.642s] -- Up-to-date: /home/hansol/project/install/prototype_msg/share/prototype_msg/cmake/prototype_msg__rosidl_typesupport_introspection_cppExport.cmake
[3.642s] -- Up-to-date: /home/hansol/project/install/prototype_msg/share/prototype_msg/cmake/prototype_msg__rosidl_typesupport_introspection_cppExport-noconfig.cmake
[3.642s] -- Up-to-date: /home/hansol/project/install/prototype_msg/share/prototype_msg/cmake/prototype_msg__rosidl_typesupport_cppExport.cmake
[3.642s] -- Up-to-date: /home/hansol/project/install/prototype_msg/share/prototype_msg/cmake/prototype_msg__rosidl_typesupport_cppExport-noconfig.cmake
[3.642s] -- Up-to-date: /home/hansol/project/install/prototype_msg/share/prototype_msg/cmake/export_prototype_msg__rosidl_generator_pyExport.cmake
[3.642s] -- Up-to-date: /home/hansol/project/install/prototype_msg/share/prototype_msg/cmake/export_prototype_msg__rosidl_generator_pyExport-noconfig.cmake
[3.644s] Invoked command in '/home/hansol/project/build/prototype_msg' returned '0': CMAKE_PREFIX_PATH=${CMAKE_PREFIX_PATH}:/home/hansol/project/install/prototype_move:/home/hansol/project/install/limo_ros2_application:/opt/ros/humble /usr/bin/cmake --install /home/hansol/project/build/prototype_msg
