[0.016s] Invoking command in '/home/orin/Prototype_Military/prototype_military/build/realsense2_camera': AMENT_PREFIX_PATH=/home/orin/Prototype_Military/prototype_military/install/realsense2_camera_msgs:${AMENT_PREFIX_PATH} CMAKE_PREFIX_PATH=/home/orin/Prototype_Military/prototype_military/install/realsense2_camera_msgs:/opt/ros/humble LD_LIBRARY_PATH=/home/orin/Prototype_Military/prototype_military/install/realsense2_camera_msgs/lib:/opt/ros/humble/opt/rviz_ogre_vendor/lib:/opt/ros/humble/lib/aarch64-linux-gnu:/opt/ros/humble/lib:/usr/local/cuda/lib64 PYTHONPATH=/home/orin/Prototype_Military/prototype_military/install/realsense2_camera_msgs/local/lib/python3.10/dist-packages:${PYTHONPATH} /usr/bin/cmake /home/orin/Prototype_Military/prototype_military/src/realsense-ros/realsense2_camera -DCMAKE_INSTALL_PREFIX=/home/orin/Prototype_Military/prototype_military/install/realsense2_camera
[0.123s] -- The C compiler identification is GNU 11.4.0
[0.224s] -- The CXX compiler identification is GNU 11.4.0
[0.238s] -- Detecting C compiler ABI info
[0.362s] -- Detecting C compiler ABI info - done
[0.374s] -- Check for working C compiler: /usr/bin/cc - skipped
[0.375s] -- Detecting C compile features
[0.375s] -- Detecting C compile features - done
[0.381s] -- Detecting CXX compiler ABI info
[0.527s] -- Detecting CXX compiler ABI info - done
[0.540s] -- Check for working CXX compiler: /usr/bin/c++ - skipped
[0.541s] -- Detecting CXX compile features
[0.542s] -- Detecting CXX compile features - done
[0.543s] -- Create Release Build.
[0.546s] -- Found ament_cmake: 1.3.10 (/opt/ros/humble/share/ament_cmake/cmake)
[1.370s] -- Found Python3: /usr/bin/python3 (found version "3.10.12") found components: Interpreter 
[1.550s] -- Found builtin_interfaces: 1.2.1 (/opt/ros/humble/share/builtin_interfaces/cmake)
[1.608s] -- Found rosidl_generator_c: 3.1.5 (/opt/ros/humble/share/rosidl_generator_c/cmake)
[1.617s] -- Found rosidl_adapter: 3.1.5 (/opt/ros/humble/share/rosidl_adapter/cmake)
[1.632s] -- Found rosidl_generator_cpp: 3.1.5 (/opt/ros/humble/share/rosidl_generator_cpp/cmake)
[1.655s] -- Using all available rosidl_typesupport_c: rosidl_typesupport_fastrtps_c;rosidl_typesupport_introspection_c
[1.686s] -- Using all available rosidl_typesupport_cpp: rosidl_typesupport_fastrtps_cpp;rosidl_typesupport_introspection_cpp
[1.715s] -- Found cv_bridge: 3.2.1 (/opt/ros/humble/share/cv_bridge/cmake)
[1.728s] [33mCMake Warning (dev) at /usr/share/cmake-3.22/Modules/FindCUDA.cmake:723 (option):
[1.729s]   Policy CMP0077 is not set: option() honors normal variables.  Run "cmake
[1.729s]   --help-policy CMP0077" for policy details.  Use the cmake_policy command to
[1.729s]   set the policy and suppress this warning.
[1.729s] 
[1.729s]   For compatibility with older versions of CMake, option is clearing the
[1.729s]   normal variable 'CUDA_PROPAGATE_HOST_FLAGS'.
[1.729s] Call Stack (most recent call first):
[1.730s]   /usr/lib/aarch64-linux-gnu/cmake/opencv4/OpenCVConfig.cmake:86 (find_package)
[1.730s]   /usr/lib/aarch64-linux-gnu/cmake/opencv4/OpenCVConfig.cmake:108 (find_host_package)
[1.730s]   /opt/ros/humble/share/cv_bridge/cmake/ament_cmake_export_dependencies-extras.cmake:21 (find_package)
[1.730s]   /opt/ros/humble/share/cv_bridge/cmake/cv_bridgeConfig.cmake:41 (include)
[1.730s]   CMakeLists.txt:107 (find_package)
[1.730s] This warning is for project developers.  Use -Wno-dev to suppress it.
[1.730s] [0m
[1.788s] -- Looking for pthread.h
[1.917s] -- Looking for pthread.h - found
[1.917s] -- Performing Test CMAKE_HAVE_LIBC_PTHREAD
[2.046s] -- Performing Test CMAKE_HAVE_LIBC_PTHREAD - Success
[2.048s] -- Found Threads: TRUE  
[2.068s] -- Found CUDA: /usr/local/cuda (found suitable exact version "12.2") 
[2.185s] -- Found image_transport: 3.1.9 (/opt/ros/humble/share/image_transport/cmake)
[2.264s] -- Found rmw_implementation_cmake: 6.1.2 (/opt/ros/humble/share/rmw_implementation_cmake/cmake)
[2.268s] -- Found rmw_fastrtps_cpp: 6.2.7 (/opt/ros/humble/share/rmw_fastrtps_cpp/cmake)
[2.413s] -- Found OpenSSL: /usr/lib/aarch64-linux-gnu/libcrypto.so (found version "3.0.2")  
[2.457s] -- Found FastRTPS: /opt/ros/humble/include  
[2.532s] -- Using RMW implementation 'rmw_fastrtps_cpp' as default
[2.681s] -- Found rclcpp_components: 16.0.10 (/opt/ros/humble/share/rclcpp_components/cmake)
[2.715s] -- Found realsense2_camera_msgs: 4.55.1 (/home/orin/Prototype_Military/prototype_military/install/realsense2_camera_msgs/share/realsense2_camera_msgs/cmake)
[2.752s] -- Found nav_msgs: 4.2.4 (/opt/ros/humble/share/nav_msgs/cmake)
[2.784s] -- Found tf2_ros: 0.25.7 (/opt/ros/humble/share/tf2_ros/cmake)
[2.912s] -- Found diagnostic_updater: 4.0.0 (/opt/ros/humble/share/diagnostic_updater/cmake)
[2.967s] -- Found OpenCV: /usr (found version "4.10.0") found components: core 
[2.975s] -- Build for ROS2 Humble
[2.986s] -- Found ament_cmake_gtest: 1.3.10 (/opt/ros/humble/share/ament_cmake_gtest/cmake)
[2.992s] -- Found gtest sources under '/opt/ros/humble/src/gtest_vendor': C++ tests using 'Google Test' will be built
[3.004s] -- Found ament_cmake_pytest: 1.3.10 (/opt/ros/humble/share/ament_cmake_pytest/cmake)
[16.876s] -- rs_device_info:
[16.876s] -- Device Name                   Serial Number       Firmware Version
[16.876s] Intel RealSense D435I         238222075628        5.13.0.55
[16.876s] 
[16.876s] -- D455 device found
[24.393s] -- Configuring done
[24.460s] -- Generating done
[24.465s] -- Build files have been written to: /home/orin/Prototype_Military/prototype_military/build/realsense2_camera
[24.493s] Invoked command in '/home/orin/Prototype_Military/prototype_military/build/realsense2_camera' returned '0': AMENT_PREFIX_PATH=/home/orin/Prototype_Military/prototype_military/install/realsense2_camera_msgs:${AMENT_PREFIX_PATH} CMAKE_PREFIX_PATH=/home/orin/Prototype_Military/prototype_military/install/realsense2_camera_msgs:/opt/ros/humble LD_LIBRARY_PATH=/home/orin/Prototype_Military/prototype_military/install/realsense2_camera_msgs/lib:/opt/ros/humble/opt/rviz_ogre_vendor/lib:/opt/ros/humble/lib/aarch64-linux-gnu:/opt/ros/humble/lib:/usr/local/cuda/lib64 PYTHONPATH=/home/orin/Prototype_Military/prototype_military/install/realsense2_camera_msgs/local/lib/python3.10/dist-packages:${PYTHONPATH} /usr/bin/cmake /home/orin/Prototype_Military/prototype_military/src/realsense-ros/realsense2_camera -DCMAKE_INSTALL_PREFIX=/home/orin/Prototype_Military/prototype_military/install/realsense2_camera
[24.496s] Invoking command in '/home/orin/Prototype_Military/prototype_military/build/realsense2_camera': AMENT_PREFIX_PATH=/home/orin/Prototype_Military/prototype_military/install/realsense2_camera_msgs:${AMENT_PREFIX_PATH} CMAKE_PREFIX_PATH=/home/orin/Prototype_Military/prototype_military/install/realsense2_camera_msgs:/opt/ros/humble LD_LIBRARY_PATH=/home/orin/Prototype_Military/prototype_military/install/realsense2_camera_msgs/lib:/opt/ros/humble/opt/rviz_ogre_vendor/lib:/opt/ros/humble/lib/aarch64-linux-gnu:/opt/ros/humble/lib:/usr/local/cuda/lib64 PYTHONPATH=/home/orin/Prototype_Military/prototype_military/install/realsense2_camera_msgs/local/lib/python3.10/dist-packages:${PYTHONPATH} /usr/bin/cmake --build /home/orin/Prototype_Military/prototype_military/build/realsense2_camera -- -j12 -l12
[24.582s] [ 13%] [32mBuilding CXX object CMakeFiles/realsense2_camera_node.dir/rclcpp_components/node_main_realsense2_camera_node.cpp.o[0m
[24.582s] [ 18%] [32mBuilding CXX object CMakeFiles/realsense2_camera.dir/src/realsense_node_factory.cpp.o[0m
[24.582s] [ 22%] [32mBuilding CXX object CMakeFiles/realsense2_camera.dir/src/base_realsense_node.cpp.o[0m
[24.583s] [ 22%] [32mBuilding CXX object gtest/CMakeFiles/gtest_main.dir/src/gtest_main.cc.o[0m
[24.583s] [ 27%] [32mBuilding CXX object CMakeFiles/realsense2_camera.dir/src/rs_node_setup.cpp.o[0m
[24.583s] [ 31%] [32mBuilding CXX object CMakeFiles/realsense2_camera.dir/src/parameters.cpp.o[0m
[24.583s] [ 36%] [32mBuilding CXX object CMakeFiles/realsense2_camera.dir/src/ros_sensor.cpp.o[0m
[24.583s] [ 40%] [32mBuilding CXX object CMakeFiles/realsense2_camera.dir/src/ros_utils.cpp.o[0m
[24.584s] [ 40%] [32mBuilding CXX object gtest/CMakeFiles/gtest.dir/src/gtest-all.cc.o[0m
[24.585s] [ 45%] [32mBuilding CXX object CMakeFiles/realsense2_camera.dir/src/sensor_params.cpp.o[0m
[24.586s] [ 50%] [32mBuilding CXX object CMakeFiles/realsense2_camera.dir/src/dynamic_params.cpp.o[0m
[24.588s] [ 54%] [32mBuilding CXX object CMakeFiles/realsense2_camera.dir/src/named_filter.cpp.o[0m
[26.071s] [ 59%] [32m[1mLinking CXX static library libgtest_main.a[0m
[26.140s] [ 59%] Built target gtest_main
[26.158s] [ 63%] [32mBuilding CXX object CMakeFiles/realsense2_camera.dir/src/profile_manager.cpp.o[0m
[32.712s] [ 68%] [32mBuilding CXX object CMakeFiles/realsense2_camera.dir/src/image_publisher.cpp.o[0m
[32.913s] [ 72%] [32m[1mLinking CXX executable realsense2_camera_node[0m
[33.170s] [ 72%] Built target realsense2_camera_node
[33.189s] [ 77%] [32mBuilding CXX object CMakeFiles/realsense2_camera.dir/src/tfs.cpp.o[0m
[37.290s] [ 81%] [32mBuilding CXX object CMakeFiles/realsense2_camera.dir/src/ros_param_backend.cpp.o[0m
[43.178s] [ 86%] [32m[1mLinking CXX static library libgtest.a[0m
[43.256s] [ 86%] Built target gtest
[43.294s] [ 90%] [32mBuilding CXX object CMakeFiles/gtest_template.dir/test/gtest_template.cpp.o[0m
[45.116s] [ 95%] [32m[1mLinking CXX executable gtest_template[0m
[45.294s] [ 95%] Built target gtest_template
[57.948s] [100%] [32m[1mLinking CXX shared library librealsense2_camera.so[0m
[59.248s] [100%] Built target realsense2_camera
[59.268s] Invoked command in '/home/orin/Prototype_Military/prototype_military/build/realsense2_camera' returned '0': AMENT_PREFIX_PATH=/home/orin/Prototype_Military/prototype_military/install/realsense2_camera_msgs:${AMENT_PREFIX_PATH} CMAKE_PREFIX_PATH=/home/orin/Prototype_Military/prototype_military/install/realsense2_camera_msgs:/opt/ros/humble LD_LIBRARY_PATH=/home/orin/Prototype_Military/prototype_military/install/realsense2_camera_msgs/lib:/opt/ros/humble/opt/rviz_ogre_vendor/lib:/opt/ros/humble/lib/aarch64-linux-gnu:/opt/ros/humble/lib:/usr/local/cuda/lib64 PYTHONPATH=/home/orin/Prototype_Military/prototype_military/install/realsense2_camera_msgs/local/lib/python3.10/dist-packages:${PYTHONPATH} /usr/bin/cmake --build /home/orin/Prototype_Military/prototype_military/build/realsense2_camera -- -j12 -l12
[59.353s] Invoking command in '/home/orin/Prototype_Military/prototype_military/build/realsense2_camera': AMENT_PREFIX_PATH=/home/orin/Prototype_Military/prototype_military/install/realsense2_camera_msgs:${AMENT_PREFIX_PATH} CMAKE_PREFIX_PATH=/home/orin/Prototype_Military/prototype_military/install/realsense2_camera_msgs:/opt/ros/humble LD_LIBRARY_PATH=/home/orin/Prototype_Military/prototype_military/install/realsense2_camera_msgs/lib:/opt/ros/humble/opt/rviz_ogre_vendor/lib:/opt/ros/humble/lib/aarch64-linux-gnu:/opt/ros/humble/lib:/usr/local/cuda/lib64 PYTHONPATH=/home/orin/Prototype_Military/prototype_military/install/realsense2_camera_msgs/local/lib/python3.10/dist-packages:${PYTHONPATH} /usr/bin/cmake --install /home/orin/Prototype_Military/prototype_military/build/realsense2_camera
[59.365s] -- Install configuration: "Release"
[59.366s] -- Installing: /home/orin/Prototype_Military/prototype_military/install/realsense2_camera/lib/realsense2_camera/realsense2_camera_node
[59.367s] -- Set runtime path of "/home/orin/Prototype_Military/prototype_military/install/realsense2_camera/lib/realsense2_camera/realsense2_camera_node" to ""
[59.367s] -- Installing: /home/orin/Prototype_Military/prototype_military/install/realsense2_camera/lib/librealsense2_camera.so
[59.372s] -- Set runtime path of "/home/orin/Prototype_Military/prototype_military/install/realsense2_camera/lib/librealsense2_camera.so" to ""
[59.372s] -- Installing: /home/orin/Prototype_Military/prototype_military/install/realsense2_camera/include
[59.372s] -- Installing: /home/orin/Prototype_Military/prototype_military/install/realsense2_camera/include/image_publisher.h
[59.372s] -- Installing: /home/orin/Prototype_Military/prototype_military/install/realsense2_camera/include/profile_manager.h
[59.373s] -- Installing: /home/orin/Prototype_Military/prototype_military/install/realsense2_camera/include/constants.h
[59.373s] -- Installing: /home/orin/Prototype_Military/prototype_military/install/realsense2_camera/include/realsense_node_factory.h
[59.373s] -- Installing: /home/orin/Prototype_Military/prototype_military/install/realsense2_camera/include/dynamic_params.h
[59.373s] -- Installing: /home/orin/Prototype_Military/prototype_military/install/realsense2_camera/include/gl_window.h
[59.374s] -- Installing: /home/orin/Prototype_Military/prototype_military/install/realsense2_camera/include/ros_param_backend.h
[59.374s] -- Installing: /home/orin/Prototype_Military/prototype_military/install/realsense2_camera/include/sensor_params.h
[59.374s] -- Installing: /home/orin/Prototype_Military/prototype_military/install/realsense2_camera/include/ros_sensor.h
[59.374s] -- Installing: /home/orin/Prototype_Military/prototype_military/install/realsense2_camera/include/named_filter.h
[59.374s] -- Installing: /home/orin/Prototype_Military/prototype_military/install/realsense2_camera/include/base_realsense_node.h
[59.375s] -- Installing: /home/orin/Prototype_Military/prototype_military/install/realsense2_camera/include/ros_utils.h
[59.375s] -- Installing: /home/orin/Prototype_Military/prototype_military/install/realsense2_camera/share/realsense2_camera/launch
[59.375s] -- Installing: /home/orin/Prototype_Military/prototype_military/install/realsense2_camera/share/realsense2_camera/launch/default.rviz
[59.375s] -- Installing: /home/orin/Prototype_Military/prototype_military/install/realsense2_camera/share/realsense2_camera/launch/rs_multi_camera_launch.py
[59.375s] -- Installing: /home/orin/Prototype_Military/prototype_military/install/realsense2_camera/share/realsense2_camera/launch/rs_intra_process_demo_launch.py
[59.376s] -- Installing: /home/orin/Prototype_Military/prototype_military/install/realsense2_camera/share/realsense2_camera/launch/rs_launch.py
[59.376s] -- Installing: /home/orin/Prototype_Military/prototype_military/install/realsense2_camera/share/realsense2_camera/examples
[59.376s] -- Installing: /home/orin/Prototype_Military/prototype_military/install/realsense2_camera/share/realsense2_camera/examples/pointcloud
[59.376s] -- Installing: /home/orin/Prototype_Military/prototype_military/install/realsense2_camera/share/realsense2_camera/examples/pointcloud/rviz
[59.376s] -- Installing: /home/orin/Prototype_Military/prototype_military/install/realsense2_camera/share/realsense2_camera/examples/pointcloud/rviz/pointcloud.rviz
[59.377s] -- Installing: /home/orin/Prototype_Military/prototype_military/install/realsense2_camera/share/realsense2_camera/examples/pointcloud/rviz/urdf_pointcloud.rviz
[59.377s] -- Installing: /home/orin/Prototype_Military/prototype_military/install/realsense2_camera/share/realsense2_camera/examples/pointcloud/rs_d455_pointcloud_launch.py
[59.377s] -- Installing: /home/orin/Prototype_Military/prototype_military/install/realsense2_camera/share/realsense2_camera/examples/pointcloud/rs_pointcloud_launch.py
[59.377s] -- Installing: /home/orin/Prototype_Military/prototype_military/install/realsense2_camera/share/realsense2_camera/examples/pointcloud/README.md
[59.377s] -- Installing: /home/orin/Prototype_Military/prototype_military/install/realsense2_camera/share/realsense2_camera/examples/pointcloud/rs_d405_pointcloud_launch.py
[59.378s] -- Installing: /home/orin/Prototype_Military/prototype_military/install/realsense2_camera/share/realsense2_camera/examples/launch_from_rosbag
[59.378s] -- Installing: /home/orin/Prototype_Military/prototype_military/install/realsense2_camera/share/realsense2_camera/examples/launch_from_rosbag/README.md
[59.378s] -- Installing: /home/orin/Prototype_Military/prototype_military/install/realsense2_camera/share/realsense2_camera/examples/launch_from_rosbag/rs_launch_from_rosbag.py
[59.378s] -- Installing: /home/orin/Prototype_Military/prototype_military/install/realsense2_camera/share/realsense2_camera/examples/dual_camera
[59.378s] -- Installing: /home/orin/Prototype_Military/prototype_military/install/realsense2_camera/share/realsense2_camera/examples/dual_camera/rviz
[59.378s] -- Installing: /home/orin/Prototype_Military/prototype_military/install/realsense2_camera/share/realsense2_camera/examples/dual_camera/rviz/dual_camera_pointcloud.rviz
[59.379s] -- Installing: /home/orin/Prototype_Military/prototype_military/install/realsense2_camera/share/realsense2_camera/examples/dual_camera/rs_dual_camera_launch.py
[59.379s] -- Installing: /home/orin/Prototype_Military/prototype_military/install/realsense2_camera/share/realsense2_camera/examples/dual_camera/README.md
[59.379s] -- Installing: /home/orin/Prototype_Military/prototype_military/install/realsense2_camera/share/realsense2_camera/examples/align_depth
[59.379s] -- Installing: /home/orin/Prototype_Military/prototype_military/install/realsense2_camera/share/realsense2_camera/examples/align_depth/rs_align_depth_launch.py
[59.379s] -- Installing: /home/orin/Prototype_Military/prototype_military/install/realsense2_camera/share/realsense2_camera/examples/align_depth/README.md
[59.379s] -- Installing: /home/orin/Prototype_Military/prototype_military/install/realsense2_camera/share/realsense2_camera/examples/launch_params_from_file
[59.380s] -- Installing: /home/orin/Prototype_Military/prototype_military/install/realsense2_camera/share/realsense2_camera/examples/launch_params_from_file/rs_launch_get_params_from_yaml.py
[59.380s] -- Installing: /home/orin/Prototype_Military/prototype_military/install/realsense2_camera/share/realsense2_camera/examples/launch_params_from_file/config
[59.380s] -- Installing: /home/orin/Prototype_Military/prototype_military/install/realsense2_camera/share/realsense2_camera/examples/launch_params_from_file/config/config.yaml
[59.380s] -- Installing: /home/orin/Prototype_Military/prototype_military/install/realsense2_camera/share/realsense2_camera/examples/launch_params_from_file/README.md
[59.380s] -- Installing: /home/orin/Prototype_Military/prototype_military/install/realsense2_camera/share/realsense2_camera/environment/library_path.sh
[59.381s] -- Installing: /home/orin/Prototype_Military/prototype_military/install/realsense2_camera/share/realsense2_camera/environment/library_path.dsv
[59.381s] -- Installing: /home/orin/Prototype_Military/prototype_military/install/realsense2_camera/share/ament_index/resource_index/package_run_dependencies/realsense2_camera
[59.381s] -- Installing: /home/orin/Prototype_Military/prototype_military/install/realsense2_camera/share/ament_index/resource_index/parent_prefix_path/realsense2_camera
[59.382s] -- Installing: /home/orin/Prototype_Military/prototype_military/install/realsense2_camera/share/realsense2_camera/environment/ament_prefix_path.sh
[59.382s] -- Installing: /home/orin/Prototype_Military/prototype_military/install/realsense2_camera/share/realsense2_camera/environment/ament_prefix_path.dsv
[59.382s] -- Installing: /home/orin/Prototype_Military/prototype_military/install/realsense2_camera/share/realsense2_camera/environment/path.sh
[59.382s] -- Installing: /home/orin/Prototype_Military/prototype_military/install/realsense2_camera/share/realsense2_camera/environment/path.dsv
[59.383s] -- Installing: /home/orin/Prototype_Military/prototype_military/install/realsense2_camera/share/realsense2_camera/local_setup.bash
[59.383s] -- Installing: /home/orin/Prototype_Military/prototype_military/install/realsense2_camera/share/realsense2_camera/local_setup.sh
[59.383s] -- Installing: /home/orin/Prototype_Military/prototype_military/install/realsense2_camera/share/realsense2_camera/local_setup.zsh
[59.383s] -- Installing: /home/orin/Prototype_Military/prototype_military/install/realsense2_camera/share/realsense2_camera/local_setup.dsv
[59.384s] -- Installing: /home/orin/Prototype_Military/prototype_military/install/realsense2_camera/share/realsense2_camera/package.dsv
[59.384s] -- Installing: /home/orin/Prototype_Military/prototype_military/install/realsense2_camera/share/ament_index/resource_index/packages/realsense2_camera
[59.384s] -- Installing: /home/orin/Prototype_Military/prototype_military/install/realsense2_camera/share/ament_index/resource_index/rclcpp_components/realsense2_camera
[59.385s] -- Installing: /home/orin/Prototype_Military/prototype_military/install/realsense2_camera/share/realsense2_camera/cmake/ament_cmake_export_include_directories-extras.cmake
[59.385s] -- Installing: /home/orin/Prototype_Military/prototype_military/install/realsense2_camera/share/realsense2_camera/cmake/ament_cmake_export_libraries-extras.cmake
[59.385s] -- Installing: /home/orin/Prototype_Military/prototype_military/install/realsense2_camera/share/realsense2_camera/cmake/ament_cmake_export_dependencies-extras.cmake
[59.385s] -- Installing: /home/orin/Prototype_Military/prototype_military/install/realsense2_camera/share/realsense2_camera/cmake/realsense2_cameraConfig.cmake
[59.386s] -- Installing: /home/orin/Prototype_Military/prototype_military/install/realsense2_camera/share/realsense2_camera/cmake/realsense2_cameraConfig-version.cmake
[59.386s] -- Installing: /home/orin/Prototype_Military/prototype_military/install/realsense2_camera/share/realsense2_camera/package.xml
[59.390s] Invoked command in '/home/orin/Prototype_Military/prototype_military/build/realsense2_camera' returned '0': AMENT_PREFIX_PATH=/home/orin/Prototype_Military/prototype_military/install/realsense2_camera_msgs:${AMENT_PREFIX_PATH} CMAKE_PREFIX_PATH=/home/orin/Prototype_Military/prototype_military/install/realsense2_camera_msgs:/opt/ros/humble LD_LIBRARY_PATH=/home/orin/Prototype_Military/prototype_military/install/realsense2_camera_msgs/lib:/opt/ros/humble/opt/rviz_ogre_vendor/lib:/opt/ros/humble/lib/aarch64-linux-gnu:/opt/ros/humble/lib:/usr/local/cuda/lib64 PYTHONPATH=/home/orin/Prototype_Military/prototype_military/install/realsense2_camera_msgs/local/lib/python3.10/dist-packages:${PYTHONPATH} /usr/bin/cmake --install /home/orin/Prototype_Military/prototype_military/build/realsense2_camera
