running develop
Removing /home/hansol/project/install/prototype_move/lib/python3.10/site-packages/prototype-move.egg-link (link to .)
running egg_info
writing ../../build/prototype_move/prototype_move.egg-info/PKG-INFO
writing dependency_links to ../../build/prototype_move/prototype_move.egg-info/dependency_links.txt
writing entry points to ../../build/prototype_move/prototype_move.egg-info/entry_points.txt
writing requirements to ../../build/prototype_move/prototype_move.egg-info/requires.txt
writing top-level names to ../../build/prototype_move/prototype_move.egg-info/top_level.txt
reading manifest file '../../build/prototype_move/prototype_move.egg-info/SOURCES.txt'
writing manifest file '../../build/prototype_move/prototype_move.egg-info/SOURCES.txt'
running build
running build_py
running install
running install_lib
creating /home/hansol/project/install/prototype_move/lib/python3.10/site-packages/prototype_move
copying /home/hansol/project/build/prototype_move/build/lib/prototype_move/__init__.py -> /home/hansol/project/install/prototype_move/lib/python3.10/site-packages/prototype_move
byte-compiling /home/hansol/project/install/prototype_move/lib/python3.10/site-packages/prototype_move/__init__.py to __init__.cpython-310.pyc
running install_data
copying resource/prototype_move -> /home/hansol/project/install/prototype_move/share/ament_index/resource_index/packages
copying package.xml -> /home/hansol/project/install/prototype_move/share/prototype_move
copying launch/robot_1.launch.py -> /home/hansol/project/install/prototype_move/share/prototype_move/launch
running install_egg_info
Copying ../../build/prototype_move/prototype_move.egg-info to /home/hansol/project/install/prototype_move/lib/python3.10/site-packages/prototype_move-0.0.0-py3.10.egg-info
running install_scripts
writing list of installed files to '/home/hansol/project/build/prototype_move/install.log'
