[0.016s] Invoking command in '/home/orin/Prototype_Military/build/realsense2_description': AMENT_PREFIX_PATH=/home/orin/Prototype_Military/install/realsense2_camera_msgs:${AMENT_PREFIX_PATH} CMAKE_PREFIX_PATH=/home/orin/Prototype_Military/install/realsense2_camera_msgs:/opt/ros/humble LD_LIBRARY_PATH=/home/orin/Prototype_Military/install/realsense2_camera_msgs/lib:/opt/ros/humble/opt/rviz_ogre_vendor/lib:/opt/ros/humble/lib/aarch64-linux-gnu:/opt/ros/humble/lib:/usr/local/cuda/lib64 PYTHONPATH=/home/orin/Prototype_Military/install/realsense2_camera_msgs/local/lib/python3.10/dist-packages:${PYTHONPATH} /usr/bin/cmake /home/orin/Prototype_Military/prototype_military/src/realsense-ros/realsense2_description -DCMAKE_INSTALL_PREFIX=/home/orin/Prototype_Military/install/realsense2_description
[0.108s] -- The C compiler identification is GNU 11.4.0
[0.202s] -- The CXX compiler identification is GNU 11.4.0
[0.215s] -- Detecting C compiler ABI info
[0.331s] -- Detecting C compiler ABI info - done
[0.343s] -- Check for working C compiler: /usr/bin/cc - skipped
[0.343s] -- Detecting C compile features
[0.344s] -- Detecting C compile features - done
[0.350s] -- Detecting CXX compiler ABI info
[0.481s] -- Detecting CXX compiler ABI info - done
[0.493s] -- Check for working CXX compiler: /usr/bin/c++ - skipped
[0.494s] -- Detecting CXX compile features
[0.495s] -- Detecting CXX compile features - done
[0.498s] -- Found ament_cmake: 1.3.10 (/opt/ros/humble/share/ament_cmake/cmake)
[1.258s] -- Found Python3: /usr/bin/python3 (found version "3.10.12") found components: Interpreter 
[1.556s] -- Configuring done
[1.561s] -- Generating done
[1.563s] -- Build files have been written to: /home/orin/Prototype_Military/build/realsense2_description
[1.571s] Invoked command in '/home/orin/Prototype_Military/build/realsense2_description' returned '0': AMENT_PREFIX_PATH=/home/orin/Prototype_Military/install/realsense2_camera_msgs:${AMENT_PREFIX_PATH} CMAKE_PREFIX_PATH=/home/orin/Prototype_Military/install/realsense2_camera_msgs:/opt/ros/humble LD_LIBRARY_PATH=/home/orin/Prototype_Military/install/realsense2_camera_msgs/lib:/opt/ros/humble/opt/rviz_ogre_vendor/lib:/opt/ros/humble/lib/aarch64-linux-gnu:/opt/ros/humble/lib:/usr/local/cuda/lib64 PYTHONPATH=/home/orin/Prototype_Military/install/realsense2_camera_msgs/local/lib/python3.10/dist-packages:${PYTHONPATH} /usr/bin/cmake /home/orin/Prototype_Military/prototype_military/src/realsense-ros/realsense2_description -DCMAKE_INSTALL_PREFIX=/home/orin/Prototype_Military/install/realsense2_description
[1.574s] Invoking command in '/home/orin/Prototype_Military/build/realsense2_description': AMENT_PREFIX_PATH=/home/orin/Prototype_Military/install/realsense2_camera_msgs:${AMENT_PREFIX_PATH} CMAKE_PREFIX_PATH=/home/orin/Prototype_Military/install/realsense2_camera_msgs:/opt/ros/humble LD_LIBRARY_PATH=/home/orin/Prototype_Military/install/realsense2_camera_msgs/lib:/opt/ros/humble/opt/rviz_ogre_vendor/lib:/opt/ros/humble/lib/aarch64-linux-gnu:/opt/ros/humble/lib:/usr/local/cuda/lib64 PYTHONPATH=/home/orin/Prototype_Military/install/realsense2_camera_msgs/local/lib/python3.10/dist-packages:${PYTHONPATH} /usr/bin/cmake --build /home/orin/Prototype_Military/build/realsense2_description -- -j12 -l12
[1.640s] Invoked command in '/home/orin/Prototype_Military/build/realsense2_description' returned '0': AMENT_PREFIX_PATH=/home/orin/Prototype_Military/install/realsense2_camera_msgs:${AMENT_PREFIX_PATH} CMAKE_PREFIX_PATH=/home/orin/Prototype_Military/install/realsense2_camera_msgs:/opt/ros/humble LD_LIBRARY_PATH=/home/orin/Prototype_Military/install/realsense2_camera_msgs/lib:/opt/ros/humble/opt/rviz_ogre_vendor/lib:/opt/ros/humble/lib/aarch64-linux-gnu:/opt/ros/humble/lib:/usr/local/cuda/lib64 PYTHONPATH=/home/orin/Prototype_Military/install/realsense2_camera_msgs/local/lib/python3.10/dist-packages:${PYTHONPATH} /usr/bin/cmake --build /home/orin/Prototype_Military/build/realsense2_description -- -j12 -l12
[1.678s] Invoking command in '/home/orin/Prototype_Military/build/realsense2_description': AMENT_PREFIX_PATH=/home/orin/Prototype_Military/install/realsense2_camera_msgs:${AMENT_PREFIX_PATH} CMAKE_PREFIX_PATH=/home/orin/Prototype_Military/install/realsense2_camera_msgs:/opt/ros/humble LD_LIBRARY_PATH=/home/orin/Prototype_Military/install/realsense2_camera_msgs/lib:/opt/ros/humble/opt/rviz_ogre_vendor/lib:/opt/ros/humble/lib/aarch64-linux-gnu:/opt/ros/humble/lib:/usr/local/cuda/lib64 PYTHONPATH=/home/orin/Prototype_Military/install/realsense2_camera_msgs/local/lib/python3.10/dist-packages:${PYTHONPATH} /usr/bin/cmake --install /home/orin/Prototype_Military/build/realsense2_description
[1.692s] -- Install configuration: ""
[1.692s] -- Installing: /home/orin/Prototype_Military/install/realsense2_description/share/realsense2_description/launch
[1.692s] -- Installing: /home/orin/Prototype_Military/install/realsense2_description/share/realsense2_description/launch/launch_utils.py
[1.700s] -- Installing: /home/orin/Prototype_Military/install/realsense2_description/share/realsense2_description/launch/view_model.launch.py
[1.701s] -- Installing: /home/orin/Prototype_Military/install/realsense2_description/share/realsense2_description/meshes
[1.701s] -- Installing: /home/orin/Prototype_Military/install/realsense2_description/share/realsense2_description/meshes/d405.stl
[1.703s] -- Installing: /home/orin/Prototype_Military/install/realsense2_description/share/realsense2_description/meshes/plug.stl
[1.706s] -- Installing: /home/orin/Prototype_Military/install/realsense2_description/share/realsense2_description/meshes/d415.stl
[5.095s] -- Installing: /home/orin/Prototype_Military/install/realsense2_description/share/realsense2_description/meshes/d435.dae
[5.170s] -- Installing: /home/orin/Prototype_Military/install/realsense2_description/share/realsense2_description/meshes/plug_collision.stl
[5.171s] -- Installing: /home/orin/Prototype_Military/install/realsense2_description/share/realsense2_description/meshes/l515.dae
[5.371s] -- Installing: /home/orin/Prototype_Military/install/realsense2_description/share/realsense2_description/meshes/d455.stl
[5.386s] -- Installing: /home/orin/Prototype_Military/install/realsense2_description/share/realsense2_description/rviz
[5.386s] -- Installing: /home/orin/Prototype_Military/install/realsense2_description/share/realsense2_description/rviz/urdf.rviz
[5.388s] -- Installing: /home/orin/Prototype_Military/install/realsense2_description/share/realsense2_description/urdf
[5.389s] -- Installing: /home/orin/Prototype_Military/install/realsense2_description/share/realsense2_description/urdf/test_d435_multiple_cameras.urdf.xacro
[5.389s] -- Installing: /home/orin/Prototype_Military/install/realsense2_description/share/realsense2_description/urdf/_materials.urdf.xacro
[5.390s] -- Installing: /home/orin/Prototype_Military/install/realsense2_description/share/realsense2_description/urdf/test_d455_camera.urdf.xacro
[5.391s] -- Installing: /home/orin/Prototype_Military/install/realsense2_description/share/realsense2_description/urdf/test_r430_camera.urdf.xacro
[5.391s] -- Installing: /home/orin/Prototype_Military/install/realsense2_description/share/realsense2_description/urdf/_r430.urdf.xacro
[5.392s] -- Installing: /home/orin/Prototype_Military/install/realsense2_description/share/realsense2_description/urdf/_d415.urdf.xacro
[5.392s] -- Installing: /home/orin/Prototype_Military/install/realsense2_description/share/realsense2_description/urdf/_d435i_imu_modules.urdf.xacro
[5.392s] -- Installing: /home/orin/Prototype_Military/install/realsense2_description/share/realsense2_description/urdf/test_r410_camera.urdf.xacro
[5.393s] -- Installing: /home/orin/Prototype_Military/install/realsense2_description/share/realsense2_description/urdf/test_d435i_camera.urdf.xacro
[5.393s] -- Installing: /home/orin/Prototype_Military/install/realsense2_description/share/realsense2_description/urdf/test_d435_camera.urdf.xacro
[5.394s] -- Installing: /home/orin/Prototype_Military/install/realsense2_description/share/realsense2_description/urdf/_d435.urdf.xacro
[5.394s] -- Installing: /home/orin/Prototype_Military/install/realsense2_description/share/realsense2_description/urdf/test_d415_camera.urdf.xacro
[5.395s] -- Installing: /home/orin/Prototype_Military/install/realsense2_description/share/realsense2_description/urdf/_d405.urdf.xacro
[5.395s] -- Installing: /home/orin/Prototype_Military/install/realsense2_description/share/realsense2_description/urdf/_r410.urdf.xacro
[5.395s] -- Installing: /home/orin/Prototype_Military/install/realsense2_description/share/realsense2_description/urdf/_usb_plug.urdf.xacro
[5.396s] -- Installing: /home/orin/Prototype_Military/install/realsense2_description/share/realsense2_description/urdf/_d435i.urdf.xacro
[5.396s] -- Installing: /home/orin/Prototype_Military/install/realsense2_description/share/realsense2_description/urdf/_d455.urdf.xacro
[5.396s] -- Installing: /home/orin/Prototype_Military/install/realsense2_description/share/realsense2_description/urdf/test_d405_camera.urdf.xacro
[5.397s] -- Installing: /home/orin/Prototype_Military/install/realsense2_description/share/ament_index/resource_index/package_run_dependencies/realsense2_description
[5.397s] -- Installing: /home/orin/Prototype_Military/install/realsense2_description/share/ament_index/resource_index/parent_prefix_path/realsense2_description
[5.397s] -- Installing: /home/orin/Prototype_Military/install/realsense2_description/share/realsense2_description/environment/ament_prefix_path.sh
[5.398s] -- Installing: /home/orin/Prototype_Military/install/realsense2_description/share/realsense2_description/environment/ament_prefix_path.dsv
[5.399s] -- Installing: /home/orin/Prototype_Military/install/realsense2_description/share/realsense2_description/environment/path.sh
[5.399s] -- Installing: /home/orin/Prototype_Military/install/realsense2_description/share/realsense2_description/environment/path.dsv
[5.400s] -- Installing: /home/orin/Prototype_Military/install/realsense2_description/share/realsense2_description/local_setup.bash
[5.400s] -- Installing: /home/orin/Prototype_Military/install/realsense2_description/share/realsense2_description/local_setup.sh
[5.401s] -- Installing: /home/orin/Prototype_Military/install/realsense2_description/share/realsense2_description/local_setup.zsh
[5.401s] -- Installing: /home/orin/Prototype_Military/install/realsense2_description/share/realsense2_description/local_setup.dsv
[5.401s] -- Installing: /home/orin/Prototype_Military/install/realsense2_description/share/realsense2_description/package.dsv
[5.402s] -- Installing: /home/orin/Prototype_Military/install/realsense2_description/share/ament_index/resource_index/packages/realsense2_description
[5.402s] -- Installing: /home/orin/Prototype_Military/install/realsense2_description/share/realsense2_description/cmake/realsense2_descriptionConfig.cmake
[5.402s] -- Installing: /home/orin/Prototype_Military/install/realsense2_description/share/realsense2_description/cmake/realsense2_descriptionConfig-version.cmake
[5.402s] -- Installing: /home/orin/Prototype_Military/install/realsense2_description/share/realsense2_description/package.xml
[5.405s] Invoked command in '/home/orin/Prototype_Military/build/realsense2_description' returned '0': AMENT_PREFIX_PATH=/home/orin/Prototype_Military/install/realsense2_camera_msgs:${AMENT_PREFIX_PATH} CMAKE_PREFIX_PATH=/home/orin/Prototype_Military/install/realsense2_camera_msgs:/opt/ros/humble LD_LIBRARY_PATH=/home/orin/Prototype_Military/install/realsense2_camera_msgs/lib:/opt/ros/humble/opt/rviz_ogre_vendor/lib:/opt/ros/humble/lib/aarch64-linux-gnu:/opt/ros/humble/lib:/usr/local/cuda/lib64 PYTHONPATH=/home/orin/Prototype_Military/install/realsense2_camera_msgs/local/lib/python3.10/dist-packages:${PYTHONPATH} /usr/bin/cmake --install /home/orin/Prototype_Military/build/realsense2_description
