[2.767s] Invoking command in '/home/orin/Prototype_Military/prototype_military/src/yolov8_ros/yolov8_ros': AMENT_PREFIX_PATH=/home/orin/Prototype_Military/prototype_military/install/yolov8_msgs:${AMENT_PREFIX_PATH} CMAKE_PREFIX_PATH=/home/orin/Prototype_Military/prototype_military/install/yolov8_msgs:${CMAKE_PREFIX_PATH} LD_LIBRARY_PATH=/home/orin/Prototype_Military/prototype_military/install/yolov8_msgs/lib:/home/orin/Prototype_Military/install/yolov8_msgs/lib:/home/orin/Prototype_Military/install/realsense2_camera/lib:/home/orin/Prototype_Military/install/realsense2_camera_msgs/lib:/opt/ros/humble/opt/rviz_ogre_vendor/lib:/opt/ros/humble/lib/aarch64-linux-gnu:/opt/ros/humble/lib:/usr/local/cuda/lib64 PYTHONPATH=/home/orin/Prototype_Military/prototype_military/build/yolov8_ros/prefix_override:/usr/lib/python3/dist-packages/colcon_core/task/python/colcon_distutils_commands:/home/orin/Prototype_Military/prototype_military/install/yolov8_ros/lib/python3.10/site-packages:/home/orin/Prototype_Military/prototype_military/install/yolov8_msgs/local/lib/python3.10/dist-packages:${PYTHONPATH} /usr/bin/python3 -W ignore:setup.py install is deprecated setup.py egg_info --egg-base ../../../build/yolov8_ros build --build-base /home/orin/Prototype_Military/prototype_military/build/yolov8_ros/build install --record /home/orin/Prototype_Military/prototype_military/build/yolov8_ros/install.log --single-version-externally-managed install_data
[3.199s] /home/orin/.local/lib/python3.10/site-packages/setuptools/_distutils/dist.py:260: UserWarning: Unknown distribution option: 'tests_require'
[3.199s]   warnings.warn(msg)
[3.479s] running egg_info
[3.550s] writing ../../../build/yolov8_ros/yolov8_ros.egg-info/PKG-INFO
[3.566s] writing dependency_links to ../../../build/yolov8_ros/yolov8_ros.egg-info/dependency_links.txt
[3.568s] writing entry points to ../../../build/yolov8_ros/yolov8_ros.egg-info/entry_points.txt
[3.568s] writing requirements to ../../../build/yolov8_ros/yolov8_ros.egg-info/requires.txt
[3.570s] writing top-level names to ../../../build/yolov8_ros/yolov8_ros.egg-info/top_level.txt
[3.729s] reading manifest file '../../../build/yolov8_ros/yolov8_ros.egg-info/SOURCES.txt'
[3.732s] writing manifest file '../../../build/yolov8_ros/yolov8_ros.egg-info/SOURCES.txt'
[3.734s] running build
[3.734s] running build_py
[3.736s] copying yolov8_ros/yolov8_node.py -> /home/orin/Prototype_Military/prototype_military/build/yolov8_ros/build/lib/yolov8_ros
[3.737s] copying yolov8_ros/detect_3d_node.py -> /home/orin/Prototype_Military/prototype_military/build/yolov8_ros/build/lib/yolov8_ros
[3.739s] copying yolov8_ros/__init__.py -> /home/orin/Prototype_Military/prototype_military/build/yolov8_ros/build/lib/yolov8_ros
[3.740s] copying yolov8_ros/debug_node.py -> /home/orin/Prototype_Military/prototype_military/build/yolov8_ros/build/lib/yolov8_ros
[3.742s] copying yolov8_ros/tracking_node.py -> /home/orin/Prototype_Military/prototype_military/build/yolov8_ros/build/lib/yolov8_ros
[3.745s] running install
[3.756s] running install_lib
[3.801s] running install_data
[3.802s] copying resource/yolov8_ros -> /home/orin/Prototype_Military/prototype_military/install/yolov8_ros/share/ament_index/resource_index/packages
[3.803s] copying package.xml -> /home/orin/Prototype_Military/prototype_military/install/yolov8_ros/share/yolov8_ros
[3.804s] running install_egg_info
[3.848s] removing '/home/orin/Prototype_Military/prototype_military/install/yolov8_ros/lib/python3.10/site-packages/yolov8_ros-0.0.0-py3.10.egg-info' (and everything under it)
[3.850s] Copying ../../../build/yolov8_ros/yolov8_ros.egg-info to /home/orin/Prototype_Military/prototype_military/install/yolov8_ros/lib/python3.10/site-packages/yolov8_ros-0.0.0-py3.10.egg-info
[3.853s] running install_scripts
[4.206s] Installing debug_node script to /home/orin/Prototype_Military/prototype_military/install/yolov8_ros/lib/yolov8_ros
[4.208s] Installing detect_3d_node script to /home/orin/Prototype_Military/prototype_military/install/yolov8_ros/lib/yolov8_ros
[4.210s] Installing tracking_node script to /home/orin/Prototype_Military/prototype_military/install/yolov8_ros/lib/yolov8_ros
[4.212s] Installing yolov8_node script to /home/orin/Prototype_Military/prototype_military/install/yolov8_ros/lib/yolov8_ros
[4.214s] writing list of installed files to '/home/orin/Prototype_Military/prototype_military/build/yolov8_ros/install.log'
[4.310s] Invoked command in '/home/orin/Prototype_Military/prototype_military/src/yolov8_ros/yolov8_ros' returned '0': AMENT_PREFIX_PATH=/home/orin/Prototype_Military/prototype_military/install/yolov8_msgs:${AMENT_PREFIX_PATH} CMAKE_PREFIX_PATH=/home/orin/Prototype_Military/prototype_military/install/yolov8_msgs:${CMAKE_PREFIX_PATH} LD_LIBRARY_PATH=/home/orin/Prototype_Military/prototype_military/install/yolov8_msgs/lib:/home/orin/Prototype_Military/install/yolov8_msgs/lib:/home/orin/Prototype_Military/install/realsense2_camera/lib:/home/orin/Prototype_Military/install/realsense2_camera_msgs/lib:/opt/ros/humble/opt/rviz_ogre_vendor/lib:/opt/ros/humble/lib/aarch64-linux-gnu:/opt/ros/humble/lib:/usr/local/cuda/lib64 PYTHONPATH=/home/orin/Prototype_Military/prototype_military/build/yolov8_ros/prefix_override:/usr/lib/python3/dist-packages/colcon_core/task/python/colcon_distutils_commands:/home/orin/Prototype_Military/prototype_military/install/yolov8_ros/lib/python3.10/site-packages:/home/orin/Prototype_Military/prototype_military/install/yolov8_msgs/local/lib/python3.10/dist-packages:${PYTHONPATH} /usr/bin/python3 -W ignore:setup.py install is deprecated setup.py egg_info --egg-base ../../../build/yolov8_ros build --build-base /home/orin/Prototype_Military/prototype_military/build/yolov8_ros/build install --record /home/orin/Prototype_Military/prototype_military/build/yolov8_ros/install.log --single-version-externally-managed install_data
