[0.438s] DEBUG:colcon:Command line arguments: ['/usr/bin/colcon', 'build']
[0.438s] DEBUG:colcon:Parsed command line arguments: Namespace(log_base=None, log_level=None, verb_name='build', build_base='build', install_base='install', merge_install=False, symlink_install=False, test_result_base=None, continue_on_error=False, executor='parallel', parallel_workers=4, event_handlers=None, ignore_user_meta=False, metas=['./colcon.meta'], base_paths=['.'], packages_ignore=None, packages_ignore_regex=None, paths=None, packages_up_to=None, packages_up_to_regex=None, packages_above=None, packages_above_and_dependencies=None, packages_above_depth=None, packages_select_by_dep=None, packages_skip_by_dep=None, packages_skip_up_to=None, packages_select_build_failed=False, packages_skip_build_finished=False, packages_select_test_failures=False, packages_skip_test_passed=False, packages_select=None, packages_skip=None, packages_select_regex=None, packages_skip_regex=None, packages_start=None, packages_end=None, allow_overriding=[], cmake_args=None, cmake_target=None, cmake_target_skip_unavailable=False, cmake_clean_cache=False, cmake_clean_first=False, cmake_force_configure=False, ament_cmake_args=None, catkin_cmake_args=None, catkin_skip_building_tests=False, mixin_files=None, mixin=None, verb_parser=<colcon_mixin.mixin.mixin_argument.MixinArgumentDecorator object at 0xffff85dfc6d0>, verb_extension=<colcon_core.verb.build.BuildVerb object at 0xffff85f40d90>, main=<bound method BuildVerb.main of <colcon_core.verb.build.BuildVerb object at 0xffff85f40d90>>, mixin_verb=('build',))
[1.078s] Level 1:colcon.colcon_core.package_discovery:discover_packages(colcon_meta) check parameters
[1.078s] Level 1:colcon.colcon_core.package_discovery:discover_packages(recursive) check parameters
[1.078s] Level 1:colcon.colcon_core.package_discovery:discover_packages(ignore) check parameters
[1.078s] Level 1:colcon.colcon_core.package_discovery:discover_packages(path) check parameters
[1.079s] Level 1:colcon.colcon_core.package_discovery:discover_packages(colcon_meta) discover
[1.079s] Level 1:colcon.colcon_core.package_discovery:discover_packages(recursive) discover
[1.079s] INFO:colcon.colcon_core.package_discovery:Crawling recursively for packages in '/home/pi/Prototype_Military/prototype_military'
[1.079s] Level 1:colcon.colcon_core.package_identification:_identify(.) by extensions ['ignore', 'ignore_ament_install']
[1.080s] Level 1:colcon.colcon_core.package_identification:_identify(.) by extension 'ignore'
[1.080s] Level 1:colcon.colcon_core.package_identification:_identify(.) by extension 'ignore_ament_install'
[1.080s] Level 1:colcon.colcon_core.package_identification:_identify(.) by extensions ['colcon_pkg']
[1.081s] Level 1:colcon.colcon_core.package_identification:_identify(.) by extension 'colcon_pkg'
[1.081s] Level 1:colcon.colcon_core.package_identification:_identify(.) by extensions ['colcon_meta']
[1.081s] Level 1:colcon.colcon_core.package_identification:_identify(.) by extension 'colcon_meta'
[1.081s] Level 1:colcon.colcon_core.package_identification:_identify(.) by extensions ['ros']
[1.081s] Level 1:colcon.colcon_core.package_identification:_identify(.) by extension 'ros'
[1.130s] Level 1:colcon.colcon_core.package_identification:_identify(.) by extensions ['cmake', 'python']
[1.131s] Level 1:colcon.colcon_core.package_identification:_identify(.) by extension 'cmake'
[1.131s] Level 1:colcon.colcon_core.package_identification:_identify(.) by extension 'python'
[1.131s] Level 1:colcon.colcon_core.package_identification:_identify(.) by extensions ['python_setup_py']
[1.131s] Level 1:colcon.colcon_core.package_identification:_identify(.) by extension 'python_setup_py'
[1.132s] Level 1:colcon.colcon_core.package_identification:_identify(build) by extensions ['ignore', 'ignore_ament_install']
[1.133s] Level 1:colcon.colcon_core.package_identification:_identify(build) by extension 'ignore'
[1.133s] Level 1:colcon.colcon_core.package_identification:_identify(build) ignored
[1.134s] Level 1:colcon.colcon_core.package_identification:_identify(install) by extensions ['ignore', 'ignore_ament_install']
[1.135s] Level 1:colcon.colcon_core.package_identification:_identify(install) by extension 'ignore'
[1.135s] Level 1:colcon.colcon_core.package_identification:_identify(install) ignored
[1.136s] Level 1:colcon.colcon_core.package_identification:_identify(log) by extensions ['ignore', 'ignore_ament_install']
[1.137s] Level 1:colcon.colcon_core.package_identification:_identify(log) by extension 'ignore'
[1.137s] Level 1:colcon.colcon_core.package_identification:_identify(log) ignored
[1.138s] Level 1:colcon.colcon_core.package_identification:_identify(src) by extensions ['ignore', 'ignore_ament_install']
[1.138s] Level 1:colcon.colcon_core.package_identification:_identify(src) by extension 'ignore'
[1.138s] Level 1:colcon.colcon_core.package_identification:_identify(src) by extension 'ignore_ament_install'
[1.139s] Level 1:colcon.colcon_core.package_identification:_identify(src) by extensions ['colcon_pkg']
[1.139s] Level 1:colcon.colcon_core.package_identification:_identify(src) by extension 'colcon_pkg'
[1.139s] Level 1:colcon.colcon_core.package_identification:_identify(src) by extensions ['colcon_meta']
[1.140s] Level 1:colcon.colcon_core.package_identification:_identify(src) by extension 'colcon_meta'
[1.140s] Level 1:colcon.colcon_core.package_identification:_identify(src) by extensions ['ros']
[1.141s] Level 1:colcon.colcon_core.package_identification:_identify(src) by extension 'ros'
[1.141s] Level 1:colcon.colcon_core.package_identification:_identify(src) by extensions ['cmake', 'python']
[1.142s] Level 1:colcon.colcon_core.package_identification:_identify(src) by extension 'cmake'
[1.142s] Level 1:colcon.colcon_core.package_identification:_identify(src) by extension 'python'
[1.142s] Level 1:colcon.colcon_core.package_identification:_identify(src) by extensions ['python_setup_py']
[1.143s] Level 1:colcon.colcon_core.package_identification:_identify(src) by extension 'python_setup_py'
[1.143s] Level 1:colcon.colcon_core.package_identification:_identify(src/prototype_motor) by extensions ['ignore', 'ignore_ament_install']
[1.144s] Level 1:colcon.colcon_core.package_identification:_identify(src/prototype_motor) by extension 'ignore'
[1.145s] Level 1:colcon.colcon_core.package_identification:_identify(src/prototype_motor) by extension 'ignore_ament_install'
[1.145s] Level 1:colcon.colcon_core.package_identification:_identify(src/prototype_motor) by extensions ['colcon_pkg']
[1.145s] Level 1:colcon.colcon_core.package_identification:_identify(src/prototype_motor) by extension 'colcon_pkg'
[1.145s] Level 1:colcon.colcon_core.package_identification:_identify(src/prototype_motor) by extensions ['colcon_meta']
[1.146s] Level 1:colcon.colcon_core.package_identification:_identify(src/prototype_motor) by extension 'colcon_meta'
[1.146s] Level 1:colcon.colcon_core.package_identification:_identify(src/prototype_motor) by extensions ['ros']
[1.146s] Level 1:colcon.colcon_core.package_identification:_identify(src/prototype_motor) by extension 'ros'
[1.156s] DEBUG:colcon.colcon_core.package_identification:Package 'src/prototype_motor' with type 'ros.ament_cmake' and name 'prototype_motor'
[1.157s] Level 1:colcon.colcon_core.package_identification:_identify(src/prototype_move) by extensions ['ignore', 'ignore_ament_install']
[1.157s] Level 1:colcon.colcon_core.package_identification:_identify(src/prototype_move) by extension 'ignore'
[1.158s] Level 1:colcon.colcon_core.package_identification:_identify(src/prototype_move) by extension 'ignore_ament_install'
[1.158s] Level 1:colcon.colcon_core.package_identification:_identify(src/prototype_move) by extensions ['colcon_pkg']
[1.158s] Level 1:colcon.colcon_core.package_identification:_identify(src/prototype_move) by extension 'colcon_pkg'
[1.158s] Level 1:colcon.colcon_core.package_identification:_identify(src/prototype_move) by extensions ['colcon_meta']
[1.158s] Level 1:colcon.colcon_core.package_identification:_identify(src/prototype_move) by extension 'colcon_meta'
[1.159s] Level 1:colcon.colcon_core.package_identification:_identify(src/prototype_move) by extensions ['ros']
[1.159s] Level 1:colcon.colcon_core.package_identification:_identify(src/prototype_move) by extension 'ros'
[1.161s] DEBUG:colcon.colcon_core.package_identification:Package 'src/prototype_move' with type 'ros.ament_python' and name 'prototype_move'
[1.161s] Level 1:colcon.colcon_core.package_discovery:discover_packages(recursive) using defaults
[1.162s] Level 1:colcon.colcon_core.package_discovery:discover_packages(ignore) discover
[1.162s] Level 1:colcon.colcon_core.package_discovery:discover_packages(ignore) using defaults
[1.162s] Level 1:colcon.colcon_core.package_discovery:discover_packages(path) discover
[1.162s] Level 1:colcon.colcon_core.package_discovery:discover_packages(path) using defaults
[1.241s] Level 1:colcon.colcon_core.package_discovery:discover_packages(prefix_path) check parameters
[1.241s] Level 1:colcon.colcon_core.package_discovery:discover_packages(prefix_path) discover
[1.248s] DEBUG:colcon.colcon_installed_package_information.package_discovery:Found 2 installed packages in /home/pi/Prototype_Military/prototype_military/install
[1.255s] DEBUG:colcon.colcon_installed_package_information.package_discovery:Found 180 installed packages in /opt/ros/humble
[1.259s] Level 1:colcon.colcon_core.package_discovery:discover_packages(prefix_path) using defaults
[1.367s] Level 5:colcon.colcon_core.verb:set package 'prototype_motor' build argument 'cmake_args' from command line to 'None'
[1.367s] Level 5:colcon.colcon_core.verb:set package 'prototype_motor' build argument 'cmake_target' from command line to 'None'
[1.367s] Level 5:colcon.colcon_core.verb:set package 'prototype_motor' build argument 'cmake_target_skip_unavailable' from command line to 'False'
[1.367s] Level 5:colcon.colcon_core.verb:set package 'prototype_motor' build argument 'cmake_clean_cache' from command line to 'False'
[1.368s] Level 5:colcon.colcon_core.verb:set package 'prototype_motor' build argument 'cmake_clean_first' from command line to 'False'
[1.368s] Level 5:colcon.colcon_core.verb:set package 'prototype_motor' build argument 'cmake_force_configure' from command line to 'False'
[1.368s] Level 5:colcon.colcon_core.verb:set package 'prototype_motor' build argument 'ament_cmake_args' from command line to 'None'
[1.368s] Level 5:colcon.colcon_core.verb:set package 'prototype_motor' build argument 'catkin_cmake_args' from command line to 'None'
[1.368s] Level 5:colcon.colcon_core.verb:set package 'prototype_motor' build argument 'catkin_skip_building_tests' from command line to 'False'
[1.368s] DEBUG:colcon.colcon_core.verb:Building package 'prototype_motor' with the following arguments: {'ament_cmake_args': None, 'build_base': '/home/pi/Prototype_Military/prototype_military/build/prototype_motor', 'catkin_cmake_args': None, 'catkin_skip_building_tests': False, 'cmake_args': None, 'cmake_clean_cache': False, 'cmake_clean_first': False, 'cmake_force_configure': False, 'cmake_target': None, 'cmake_target_skip_unavailable': False, 'install_base': '/home/pi/Prototype_Military/prototype_military/install/prototype_motor', 'merge_install': False, 'path': '/home/pi/Prototype_Military/prototype_military/src/prototype_motor', 'symlink_install': False, 'test_result_base': None}
[1.370s] Level 5:colcon.colcon_core.verb:set package 'prototype_move' build argument 'cmake_args' from command line to 'None'
[1.370s] Level 5:colcon.colcon_core.verb:set package 'prototype_move' build argument 'cmake_target' from command line to 'None'
[1.370s] Level 5:colcon.colcon_core.verb:set package 'prototype_move' build argument 'cmake_target_skip_unavailable' from command line to 'False'
[1.370s] Level 5:colcon.colcon_core.verb:set package 'prototype_move' build argument 'cmake_clean_cache' from command line to 'False'
[1.370s] Level 5:colcon.colcon_core.verb:set package 'prototype_move' build argument 'cmake_clean_first' from command line to 'False'
[1.370s] Level 5:colcon.colcon_core.verb:set package 'prototype_move' build argument 'cmake_force_configure' from command line to 'False'
[1.370s] Level 5:colcon.colcon_core.verb:set package 'prototype_move' build argument 'ament_cmake_args' from command line to 'None'
[1.371s] Level 5:colcon.colcon_core.verb:set package 'prototype_move' build argument 'catkin_cmake_args' from command line to 'None'
[1.371s] Level 5:colcon.colcon_core.verb:set package 'prototype_move' build argument 'catkin_skip_building_tests' from command line to 'False'
[1.371s] DEBUG:colcon.colcon_core.verb:Building package 'prototype_move' with the following arguments: {'ament_cmake_args': None, 'build_base': '/home/pi/Prototype_Military/prototype_military/build/prototype_move', 'catkin_cmake_args': None, 'catkin_skip_building_tests': False, 'cmake_args': None, 'cmake_clean_cache': False, 'cmake_clean_first': False, 'cmake_force_configure': False, 'cmake_target': None, 'cmake_target_skip_unavailable': False, 'install_base': '/home/pi/Prototype_Military/prototype_military/install/prototype_move', 'merge_install': False, 'path': '/home/pi/Prototype_Military/prototype_military/src/prototype_move', 'symlink_install': False, 'test_result_base': None}
[1.371s] INFO:colcon.colcon_core.executor:Executing jobs using 'parallel' executor
[1.375s] DEBUG:colcon.colcon_parallel_executor.executor.parallel:run_until_complete
[1.376s] INFO:colcon.colcon_ros.task.ament_cmake.build:Building ROS package in '/home/pi/Prototype_Military/prototype_military/src/prototype_motor' with build type 'ament_cmake'
[1.376s] INFO:colcon.colcon_cmake.task.cmake.build:Building CMake package in '/home/pi/Prototype_Military/prototype_military/src/prototype_motor'
[1.386s] INFO:colcon.colcon_core.plugin_system:Skipping extension 'colcon_core.shell.bat': Not used on non-Windows systems
[1.387s] INFO:colcon.colcon_core.shell:Skip shell extension 'powershell' for command environment: Not usable outside of PowerShell
[1.387s] DEBUG:colcon.colcon_core.shell:Skip shell extension 'dsv' for command environment
[1.403s] INFO:colcon.colcon_ros.task.ament_python.build:Building ROS package in '/home/pi/Prototype_Military/prototype_military/src/prototype_move' with build type 'ament_python'
[1.404s] Level 1:colcon.colcon_core.shell:create_environment_hook('prototype_move', 'ament_prefix_path')
[1.406s] INFO:colcon.colcon_core.shell:Creating environment hook '/home/pi/Prototype_Military/prototype_military/install/prototype_move/share/prototype_move/hook/ament_prefix_path.ps1'
[1.409s] INFO:colcon.colcon_core.shell:Creating environment descriptor '/home/pi/Prototype_Military/prototype_military/install/prototype_move/share/prototype_move/hook/ament_prefix_path.dsv'
[1.411s] INFO:colcon.colcon_core.shell:Creating environment hook '/home/pi/Prototype_Military/prototype_military/install/prototype_move/share/prototype_move/hook/ament_prefix_path.sh'
[1.415s] INFO:colcon.colcon_core.shell:Skip shell extension 'powershell' for command environment: Not usable outside of PowerShell
[1.416s] DEBUG:colcon.colcon_core.shell:Skip shell extension 'dsv' for command environment
[1.444s] DEBUG:colcon.colcon_core.event_handler.log_command:Invoking command in '/home/pi/Prototype_Military/prototype_military/build/prototype_motor': CMAKE_PREFIX_PATH=/home/pi/Prototype_Military/prototype_military/install/prototype_move:/opt/ros/humble /usr/bin/cmake --build /home/pi/Prototype_Military/prototype_military/build/prototype_motor -- -j4 -l4
[2.779s] INFO:colcon.colcon_core.task.python.build:Building Python package in '/home/pi/Prototype_Military/prototype_military/src/prototype_move'
[2.780s] INFO:colcon.colcon_core.shell:Skip shell extension 'powershell' for command environment: Not usable outside of PowerShell
[2.781s] DEBUG:colcon.colcon_core.shell:Skip shell extension 'dsv' for command environment
[4.584s] DEBUG:colcon.colcon_core.event_handler.log_command:Invoking command in '/home/pi/Prototype_Military/prototype_military/src/prototype_move': PYTHONPATH=/home/pi/Prototype_Military/prototype_military/build/prototype_move/prefix_override:/usr/lib/python3/dist-packages/colcon_core/task/python/colcon_distutils_commands:/home/pi/Prototype_Military/prototype_military/install/prototype_move/lib/python3.10/site-packages:${PYTHONPATH} /usr/bin/python3 -W ignore:setup.py install is deprecated setup.py egg_info --egg-base ../../build/prototype_move build --build-base /home/pi/Prototype_Military/prototype_military/build/prototype_move/build install --record /home/pi/Prototype_Military/prototype_military/build/prototype_move/install.log --single-version-externally-managed install_data
[5.942s] DEBUG:colcon.colcon_core.event_handler.log_command:Invoked command in '/home/pi/Prototype_Military/prototype_military/src/prototype_move' returned '0': PYTHONPATH=/home/pi/Prototype_Military/prototype_military/build/prototype_move/prefix_override:/usr/lib/python3/dist-packages/colcon_core/task/python/colcon_distutils_commands:/home/pi/Prototype_Military/prototype_military/install/prototype_move/lib/python3.10/site-packages:${PYTHONPATH} /usr/bin/python3 -W ignore:setup.py install is deprecated setup.py egg_info --egg-base ../../build/prototype_move build --build-base /home/pi/Prototype_Military/prototype_military/build/prototype_move/build install --record /home/pi/Prototype_Military/prototype_military/build/prototype_move/install.log --single-version-externally-managed install_data
[5.954s] Level 1:colcon.colcon_core.environment:checking '/home/pi/Prototype_Military/prototype_military/install/prototype_move' for CMake module files
[5.958s] Level 1:colcon.colcon_core.environment:checking '/home/pi/Prototype_Military/prototype_military/install/prototype_move' for CMake config files
[5.962s] Level 1:colcon.colcon_core.environment:checking '/home/pi/Prototype_Military/prototype_military/install/prototype_move/lib'
[5.963s] Level 1:colcon.colcon_core.environment:checking '/home/pi/Prototype_Military/prototype_military/install/prototype_move/bin'
[5.963s] Level 1:colcon.colcon_core.environment:checking '/home/pi/Prototype_Military/prototype_military/install/prototype_move/lib/pkgconfig/prototype_move.pc'
[5.964s] Level 1:colcon.colcon_core.environment:checking '/home/pi/Prototype_Military/prototype_military/install/prototype_move/lib/python3.10/site-packages'
[5.965s] Level 1:colcon.colcon_core.shell:create_environment_hook('prototype_move', 'pythonpath')
[5.966s] INFO:colcon.colcon_core.shell:Creating environment hook '/home/pi/Prototype_Military/prototype_military/install/prototype_move/share/prototype_move/hook/pythonpath.ps1'
[5.968s] INFO:colcon.colcon_core.shell:Creating environment descriptor '/home/pi/Prototype_Military/prototype_military/install/prototype_move/share/prototype_move/hook/pythonpath.dsv'
[5.969s] INFO:colcon.colcon_core.shell:Creating environment hook '/home/pi/Prototype_Military/prototype_military/install/prototype_move/share/prototype_move/hook/pythonpath.sh'
[5.972s] Level 1:colcon.colcon_core.environment:checking '/home/pi/Prototype_Military/prototype_military/install/prototype_move/bin'
[5.973s] Level 1:colcon.colcon_core.environment:create_environment_scripts_only(prototype_move)
[5.974s] INFO:colcon.colcon_core.shell:Creating package script '/home/pi/Prototype_Military/prototype_military/install/prototype_move/share/prototype_move/package.ps1'
[5.979s] INFO:colcon.colcon_core.shell:Creating package descriptor '/home/pi/Prototype_Military/prototype_military/install/prototype_move/share/prototype_move/package.dsv'
[5.982s] INFO:colcon.colcon_core.shell:Creating package script '/home/pi/Prototype_Military/prototype_military/install/prototype_move/share/prototype_move/package.sh'
[5.985s] INFO:colcon.colcon_core.shell:Creating package script '/home/pi/Prototype_Military/prototype_military/install/prototype_move/share/prototype_move/package.bash'
[5.989s] INFO:colcon.colcon_core.shell:Creating package script '/home/pi/Prototype_Military/prototype_military/install/prototype_move/share/prototype_move/package.zsh'
[5.992s] Level 1:colcon.colcon_core.environment:create_file_with_runtime_dependencies(/home/pi/Prototype_Military/prototype_military/install/prototype_move/share/colcon-core/packages/prototype_move)
[46.931s] DEBUG:colcon.colcon_core.event_handler.log_command:Invoked command in '/home/pi/Prototype_Military/prototype_military/build/prototype_motor' returned '0': CMAKE_PREFIX_PATH=/home/pi/Prototype_Military/prototype_military/install/prototype_move:/opt/ros/humble /usr/bin/cmake --build /home/pi/Prototype_Military/prototype_military/build/prototype_motor -- -j4 -l4
[47.091s] DEBUG:colcon.colcon_core.event_handler.log_command:Invoking command in '/home/pi/Prototype_Military/prototype_military/build/prototype_motor': CMAKE_PREFIX_PATH=/home/pi/Prototype_Military/prototype_military/install/prototype_move:/opt/ros/humble /usr/bin/cmake --install /home/pi/Prototype_Military/prototype_military/build/prototype_motor
[47.171s] Level 1:colcon.colcon_core.environment:create_environment_scripts_only(prototype_motor)
[47.173s] Level 1:colcon.colcon_core.environment:checking '/home/pi/Prototype_Military/prototype_military/install/prototype_motor' for CMake module files
[47.174s] DEBUG:colcon.colcon_core.event_handler.log_command:Invoked command in '/home/pi/Prototype_Military/prototype_military/build/prototype_motor' returned '0': CMAKE_PREFIX_PATH=/home/pi/Prototype_Military/prototype_military/install/prototype_move:/opt/ros/humble /usr/bin/cmake --install /home/pi/Prototype_Military/prototype_military/build/prototype_motor
[47.176s] Level 1:colcon.colcon_core.environment:checking '/home/pi/Prototype_Military/prototype_military/install/prototype_motor' for CMake config files
[47.179s] Level 1:colcon.colcon_core.shell:create_environment_hook('prototype_motor', 'cmake_prefix_path')
[47.180s] INFO:colcon.colcon_core.shell:Creating environment hook '/home/pi/Prototype_Military/prototype_military/install/prototype_motor/share/prototype_motor/hook/cmake_prefix_path.ps1'
[47.182s] INFO:colcon.colcon_core.shell:Creating environment descriptor '/home/pi/Prototype_Military/prototype_military/install/prototype_motor/share/prototype_motor/hook/cmake_prefix_path.dsv'
[47.183s] INFO:colcon.colcon_core.shell:Creating environment hook '/home/pi/Prototype_Military/prototype_military/install/prototype_motor/share/prototype_motor/hook/cmake_prefix_path.sh'
[47.186s] Level 1:colcon.colcon_core.environment:checking '/home/pi/Prototype_Military/prototype_military/install/prototype_motor/lib'
[47.186s] Level 1:colcon.colcon_core.environment:checking '/home/pi/Prototype_Military/prototype_military/install/prototype_motor/bin'
[47.186s] Level 1:colcon.colcon_core.environment:checking '/home/pi/Prototype_Military/prototype_military/install/prototype_motor/lib/pkgconfig/prototype_motor.pc'
[47.187s] Level 1:colcon.colcon_core.environment:checking '/home/pi/Prototype_Military/prototype_military/install/prototype_motor/lib/python3.10/site-packages'
[47.189s] Level 1:colcon.colcon_core.environment:checking '/home/pi/Prototype_Military/prototype_military/install/prototype_motor/bin'
[47.190s] INFO:colcon.colcon_core.shell:Creating package script '/home/pi/Prototype_Military/prototype_military/install/prototype_motor/share/prototype_motor/package.ps1'
[47.192s] INFO:colcon.colcon_core.shell:Creating package descriptor '/home/pi/Prototype_Military/prototype_military/install/prototype_motor/share/prototype_motor/package.dsv'
[47.195s] INFO:colcon.colcon_core.shell:Creating package script '/home/pi/Prototype_Military/prototype_military/install/prototype_motor/share/prototype_motor/package.sh'
[47.197s] INFO:colcon.colcon_core.shell:Creating package script '/home/pi/Prototype_Military/prototype_military/install/prototype_motor/share/prototype_motor/package.bash'
[47.198s] INFO:colcon.colcon_core.shell:Creating package script '/home/pi/Prototype_Military/prototype_military/install/prototype_motor/share/prototype_motor/package.zsh'
[47.200s] Level 1:colcon.colcon_core.environment:create_file_with_runtime_dependencies(/home/pi/Prototype_Military/prototype_military/install/prototype_motor/share/colcon-core/packages/prototype_motor)
[47.318s] Level 1:colcon.colcon_core.environment:create_environment_scripts_only(prototype_motor)
[47.319s] Level 1:colcon.colcon_core.environment:checking '/home/pi/Prototype_Military/prototype_military/install/prototype_motor' for CMake module files
[47.323s] Level 1:colcon.colcon_core.environment:checking '/home/pi/Prototype_Military/prototype_military/install/prototype_motor' for CMake config files
[47.327s] Level 1:colcon.colcon_core.shell:create_environment_hook('prototype_motor', 'cmake_prefix_path')
[47.328s] INFO:colcon.colcon_core.shell:Creating environment hook '/home/pi/Prototype_Military/prototype_military/install/prototype_motor/share/prototype_motor/hook/cmake_prefix_path.ps1'
[47.331s] INFO:colcon.colcon_core.shell:Creating environment descriptor '/home/pi/Prototype_Military/prototype_military/install/prototype_motor/share/prototype_motor/hook/cmake_prefix_path.dsv'
[47.334s] INFO:colcon.colcon_core.shell:Creating environment hook '/home/pi/Prototype_Military/prototype_military/install/prototype_motor/share/prototype_motor/hook/cmake_prefix_path.sh'
[47.338s] Level 1:colcon.colcon_core.environment:checking '/home/pi/Prototype_Military/prototype_military/install/prototype_motor/lib'
[47.338s] Level 1:colcon.colcon_core.environment:checking '/home/pi/Prototype_Military/prototype_military/install/prototype_motor/bin'
[47.339s] Level 1:colcon.colcon_core.environment:checking '/home/pi/Prototype_Military/prototype_military/install/prototype_motor/lib/pkgconfig/prototype_motor.pc'
[47.340s] Level 1:colcon.colcon_core.environment:checking '/home/pi/Prototype_Military/prototype_military/install/prototype_motor/lib/python3.10/site-packages'
[47.342s] Level 1:colcon.colcon_core.environment:checking '/home/pi/Prototype_Military/prototype_military/install/prototype_motor/bin'
[47.343s] INFO:colcon.colcon_core.shell:Creating package script '/home/pi/Prototype_Military/prototype_military/install/prototype_motor/share/prototype_motor/package.ps1'
[47.346s] INFO:colcon.colcon_core.shell:Creating package descriptor '/home/pi/Prototype_Military/prototype_military/install/prototype_motor/share/prototype_motor/package.dsv'
[47.350s] INFO:colcon.colcon_core.shell:Creating package script '/home/pi/Prototype_Military/prototype_military/install/prototype_motor/share/prototype_motor/package.sh'
[47.353s] INFO:colcon.colcon_core.shell:Creating package script '/home/pi/Prototype_Military/prototype_military/install/prototype_motor/share/prototype_motor/package.bash'
[47.356s] INFO:colcon.colcon_core.shell:Creating package script '/home/pi/Prototype_Military/prototype_military/install/prototype_motor/share/prototype_motor/package.zsh'
[47.359s] Level 1:colcon.colcon_core.environment:create_file_with_runtime_dependencies(/home/pi/Prototype_Military/prototype_military/install/prototype_motor/share/colcon-core/packages/prototype_motor)
[47.361s] DEBUG:colcon.colcon_parallel_executor.executor.parallel:closing loop
[47.363s] DEBUG:colcon.colcon_parallel_executor.executor.parallel:loop closed
[47.364s] DEBUG:colcon.colcon_parallel_executor.executor.parallel:run_until_complete finished with '0'
[47.364s] DEBUG:colcon.colcon_core.event_reactor:joining thread
[47.386s] INFO:colcon.colcon_core.plugin_system:Skipping extension 'colcon_notification.desktop_notification.notify_send': Could not find 'notify-send'
[47.387s] INFO:colcon.colcon_core.plugin_system:Skipping extension 'colcon_notification.desktop_notification.terminal_notifier': Not used on non-Darwin systems
[47.387s] INFO:colcon.colcon_core.plugin_system:Skipping extension 'colcon_notification.desktop_notification.win32': Not used on non-Windows systems
[47.387s] INFO:colcon.colcon_notification.desktop_notification:Sending desktop notification using 'notify2'
[47.390s] DEBUG:colcon.colcon_notification.desktop_notification.notify2:Failed to initialize notify2: org.freedesktop.DBus.Error.ServiceUnknown: The name org.freedesktop.Notifications was not provided by any .service files
[47.390s] DEBUG:colcon.colcon_core.event_reactor:joined thread
[47.391s] INFO:colcon.colcon_core.shell:Creating prefix script '/home/pi/Prototype_Military/prototype_military/install/local_setup.ps1'
[47.395s] INFO:colcon.colcon_core.shell:Creating prefix util module '/home/pi/Prototype_Military/prototype_military/install/_local_setup_util_ps1.py'
[47.400s] INFO:colcon.colcon_core.shell:Creating prefix chain script '/home/pi/Prototype_Military/prototype_military/install/setup.ps1'
[47.405s] INFO:colcon.colcon_core.shell:Creating prefix script '/home/pi/Prototype_Military/prototype_military/install/local_setup.sh'
[47.408s] INFO:colcon.colcon_core.shell:Creating prefix util module '/home/pi/Prototype_Military/prototype_military/install/_local_setup_util_sh.py'
[47.410s] INFO:colcon.colcon_core.shell:Creating prefix chain script '/home/pi/Prototype_Military/prototype_military/install/setup.sh'
[47.417s] INFO:colcon.colcon_core.shell:Creating prefix script '/home/pi/Prototype_Military/prototype_military/install/local_setup.bash'
[47.419s] INFO:colcon.colcon_core.shell:Creating prefix chain script '/home/pi/Prototype_Military/prototype_military/install/setup.bash'
[47.424s] INFO:colcon.colcon_core.shell:Creating prefix script '/home/pi/Prototype_Military/prototype_military/install/local_setup.zsh'
[47.426s] INFO:colcon.colcon_core.shell:Creating prefix chain script '/home/pi/Prototype_Military/prototype_military/install/setup.zsh'
