[0.057s] DEBUG:colcon:Command line arguments: ['/usr/bin/colcon', 'build', '--symlink-install']
[0.057s] DEBUG:colcon:Parsed command line arguments: Namespace(log_base=None, log_level=None, verb_name='build', build_base='build', install_base='install', merge_install=False, symlink_install=True, test_result_base=None, continue_on_error=False, executor='parallel', parallel_workers=12, event_handlers=None, ignore_user_meta=False, metas=['./colcon.meta'], base_paths=['.'], packages_ignore=None, packages_ignore_regex=None, paths=None, packages_up_to=None, packages_up_to_regex=None, packages_above=None, packages_above_and_dependencies=None, packages_above_depth=None, packages_select_by_dep=None, packages_skip_by_dep=None, packages_skip_up_to=None, packages_select_build_failed=False, packages_skip_build_finished=False, packages_select_test_failures=False, packages_skip_test_passed=False, packages_select=None, packages_skip=None, packages_select_regex=None, packages_skip_regex=None, packages_start=None, packages_end=None, allow_overriding=[], cmake_args=None, cmake_target=None, cmake_target_skip_unavailable=False, cmake_clean_cache=False, cmake_clean_first=False, cmake_force_configure=False, ament_cmake_args=None, catkin_cmake_args=None, catkin_skip_building_tests=False, verb_parser=<colcon_defaults.argument_parser.defaults.DefaultArgumentsDecorator object at 0x707b785457b0>, verb_extension=<colcon_core.verb.build.BuildVerb object at 0x707b78545270>, main=<bound method BuildVerb.main of <colcon_core.verb.build.BuildVerb object at 0x707b78545270>>)
[0.145s] Level 1:colcon.colcon_core.package_discovery:discover_packages(colcon_meta) check parameters
[0.145s] Level 1:colcon.colcon_core.package_discovery:discover_packages(recursive) check parameters
[0.146s] Level 1:colcon.colcon_core.package_discovery:discover_packages(ignore) check parameters
[0.146s] Level 1:colcon.colcon_core.package_discovery:discover_packages(path) check parameters
[0.146s] Level 1:colcon.colcon_core.package_discovery:discover_packages(colcon_meta) discover
[0.146s] Level 1:colcon.colcon_core.package_discovery:discover_packages(recursive) discover
[0.146s] INFO:colcon.colcon_core.package_discovery:Crawling recursively for packages in '/home/hansol/prototype_military'
[0.146s] Level 1:colcon.colcon_core.package_identification:_identify(.) by extensions ['ignore', 'ignore_ament_install']
[0.146s] Level 1:colcon.colcon_core.package_identification:_identify(.) by extension 'ignore'
[0.146s] Level 1:colcon.colcon_core.package_identification:_identify(.) by extension 'ignore_ament_install'
[0.146s] Level 1:colcon.colcon_core.package_identification:_identify(.) by extensions ['colcon_pkg']
[0.146s] Level 1:colcon.colcon_core.package_identification:_identify(.) by extension 'colcon_pkg'
[0.146s] Level 1:colcon.colcon_core.package_identification:_identify(.) by extensions ['colcon_meta']
[0.146s] Level 1:colcon.colcon_core.package_identification:_identify(.) by extension 'colcon_meta'
[0.146s] Level 1:colcon.colcon_core.package_identification:_identify(.) by extensions ['ros']
[0.146s] Level 1:colcon.colcon_core.package_identification:_identify(.) by extension 'ros'
[0.159s] Level 1:colcon.colcon_core.package_identification:_identify(.) by extensions ['cmake', 'python']
[0.160s] Level 1:colcon.colcon_core.package_identification:_identify(.) by extension 'cmake'
[0.160s] Level 1:colcon.colcon_core.package_identification:_identify(.) by extension 'python'
[0.160s] Level 1:colcon.colcon_core.package_identification:_identify(.) by extensions ['python_setup_py']
[0.160s] Level 1:colcon.colcon_core.package_identification:_identify(.) by extension 'python_setup_py'
[0.160s] Level 1:colcon.colcon_core.package_identification:_identify(build) by extensions ['ignore', 'ignore_ament_install']
[0.160s] Level 1:colcon.colcon_core.package_identification:_identify(build) by extension 'ignore'
[0.160s] Level 1:colcon.colcon_core.package_identification:_identify(build) ignored
[0.160s] Level 1:colcon.colcon_core.package_identification:_identify(install) by extensions ['ignore', 'ignore_ament_install']
[0.160s] Level 1:colcon.colcon_core.package_identification:_identify(install) by extension 'ignore'
[0.160s] Level 1:colcon.colcon_core.package_identification:_identify(install) ignored
[0.160s] Level 1:colcon.colcon_core.package_identification:_identify(log) by extensions ['ignore', 'ignore_ament_install']
[0.160s] Level 1:colcon.colcon_core.package_identification:_identify(log) by extension 'ignore'
[0.160s] Level 1:colcon.colcon_core.package_identification:_identify(log) ignored
[0.160s] Level 1:colcon.colcon_core.package_identification:_identify(src) by extensions ['ignore', 'ignore_ament_install']
[0.160s] Level 1:colcon.colcon_core.package_identification:_identify(src) by extension 'ignore'
[0.160s] Level 1:colcon.colcon_core.package_identification:_identify(src) by extension 'ignore_ament_install'
[0.160s] Level 1:colcon.colcon_core.package_identification:_identify(src) by extensions ['colcon_pkg']
[0.160s] Level 1:colcon.colcon_core.package_identification:_identify(src) by extension 'colcon_pkg'
[0.160s] Level 1:colcon.colcon_core.package_identification:_identify(src) by extensions ['colcon_meta']
[0.160s] Level 1:colcon.colcon_core.package_identification:_identify(src) by extension 'colcon_meta'
[0.160s] Level 1:colcon.colcon_core.package_identification:_identify(src) by extensions ['ros']
[0.160s] Level 1:colcon.colcon_core.package_identification:_identify(src) by extension 'ros'
[0.160s] Level 1:colcon.colcon_core.package_identification:_identify(src) by extensions ['cmake', 'python']
[0.160s] Level 1:colcon.colcon_core.package_identification:_identify(src) by extension 'cmake'
[0.160s] Level 1:colcon.colcon_core.package_identification:_identify(src) by extension 'python'
[0.160s] Level 1:colcon.colcon_core.package_identification:_identify(src) by extensions ['python_setup_py']
[0.160s] Level 1:colcon.colcon_core.package_identification:_identify(src) by extension 'python_setup_py'
[0.160s] Level 1:colcon.colcon_core.package_identification:_identify(src/prototype_motor) by extensions ['ignore', 'ignore_ament_install']
[0.160s] Level 1:colcon.colcon_core.package_identification:_identify(src/prototype_motor) by extension 'ignore'
[0.160s] Level 1:colcon.colcon_core.package_identification:_identify(src/prototype_motor) by extension 'ignore_ament_install'
[0.160s] Level 1:colcon.colcon_core.package_identification:_identify(src/prototype_motor) by extensions ['colcon_pkg']
[0.160s] Level 1:colcon.colcon_core.package_identification:_identify(src/prototype_motor) by extension 'colcon_pkg'
[0.160s] Level 1:colcon.colcon_core.package_identification:_identify(src/prototype_motor) by extensions ['colcon_meta']
[0.160s] Level 1:colcon.colcon_core.package_identification:_identify(src/prototype_motor) by extension 'colcon_meta'
[0.160s] Level 1:colcon.colcon_core.package_identification:_identify(src/prototype_motor) by extensions ['ros']
[0.161s] Level 1:colcon.colcon_core.package_identification:_identify(src/prototype_motor) by extension 'ros'
[0.162s] DEBUG:colcon.colcon_core.package_identification:Package 'src/prototype_motor' with type 'ros.ament_cmake' and name 'prototype_motor'
[0.162s] Level 1:colcon.colcon_core.package_identification:_identify(src/prototype_move) by extensions ['ignore', 'ignore_ament_install']
[0.162s] Level 1:colcon.colcon_core.package_identification:_identify(src/prototype_move) by extension 'ignore'
[0.162s] Level 1:colcon.colcon_core.package_identification:_identify(src/prototype_move) by extension 'ignore_ament_install'
[0.162s] Level 1:colcon.colcon_core.package_identification:_identify(src/prototype_move) by extensions ['colcon_pkg']
[0.162s] Level 1:colcon.colcon_core.package_identification:_identify(src/prototype_move) by extension 'colcon_pkg'
[0.162s] Level 1:colcon.colcon_core.package_identification:_identify(src/prototype_move) by extensions ['colcon_meta']
[0.162s] Level 1:colcon.colcon_core.package_identification:_identify(src/prototype_move) by extension 'colcon_meta'
[0.162s] Level 1:colcon.colcon_core.package_identification:_identify(src/prototype_move) by extensions ['ros']
[0.162s] Level 1:colcon.colcon_core.package_identification:_identify(src/prototype_move) by extension 'ros'
[0.162s] DEBUG:colcon.colcon_core.package_identification:Package 'src/prototype_move' with type 'ros.ament_python' and name 'prototype_move'
[0.162s] Level 1:colcon.colcon_core.package_discovery:discover_packages(recursive) using defaults
[0.163s] Level 1:colcon.colcon_core.package_discovery:discover_packages(ignore) discover
[0.163s] Level 1:colcon.colcon_core.package_discovery:discover_packages(ignore) using defaults
[0.163s] Level 1:colcon.colcon_core.package_discovery:discover_packages(path) discover
[0.163s] Level 1:colcon.colcon_core.package_discovery:discover_packages(path) using defaults
[0.173s] Level 1:colcon.colcon_core.package_discovery:discover_packages(prefix_path) check parameters
[0.173s] Level 1:colcon.colcon_core.package_discovery:discover_packages(prefix_path) discover
[0.175s] DEBUG:colcon.colcon_installed_package_information.package_discovery:Found 448 installed packages in /opt/ros/humble
[0.182s] Level 1:colcon.colcon_core.package_discovery:discover_packages(prefix_path) using defaults
[0.209s] Level 5:colcon.colcon_core.verb:set package 'prototype_motor' build argument 'cmake_args' from command line to 'None'
[0.209s] Level 5:colcon.colcon_core.verb:set package 'prototype_motor' build argument 'cmake_target' from command line to 'None'
[0.209s] Level 5:colcon.colcon_core.verb:set package 'prototype_motor' build argument 'cmake_target_skip_unavailable' from command line to 'False'
[0.209s] Level 5:colcon.colcon_core.verb:set package 'prototype_motor' build argument 'cmake_clean_cache' from command line to 'False'
[0.209s] Level 5:colcon.colcon_core.verb:set package 'prototype_motor' build argument 'cmake_clean_first' from command line to 'False'
[0.209s] Level 5:colcon.colcon_core.verb:set package 'prototype_motor' build argument 'cmake_force_configure' from command line to 'False'
[0.209s] Level 5:colcon.colcon_core.verb:set package 'prototype_motor' build argument 'ament_cmake_args' from command line to 'None'
[0.209s] Level 5:colcon.colcon_core.verb:set package 'prototype_motor' build argument 'catkin_cmake_args' from command line to 'None'
[0.209s] Level 5:colcon.colcon_core.verb:set package 'prototype_motor' build argument 'catkin_skip_building_tests' from command line to 'False'
[0.209s] DEBUG:colcon.colcon_core.verb:Building package 'prototype_motor' with the following arguments: {'ament_cmake_args': None, 'build_base': '/home/hansol/prototype_military/build/prototype_motor', 'catkin_cmake_args': None, 'catkin_skip_building_tests': False, 'cmake_args': None, 'cmake_clean_cache': False, 'cmake_clean_first': False, 'cmake_force_configure': False, 'cmake_target': None, 'cmake_target_skip_unavailable': False, 'install_base': '/home/hansol/prototype_military/install/prototype_motor', 'merge_install': False, 'path': '/home/hansol/prototype_military/src/prototype_motor', 'symlink_install': True, 'test_result_base': None}
[0.210s] Level 5:colcon.colcon_core.verb:set package 'prototype_move' build argument 'cmake_args' from command line to 'None'
[0.210s] Level 5:colcon.colcon_core.verb:set package 'prototype_move' build argument 'cmake_target' from command line to 'None'
[0.210s] Level 5:colcon.colcon_core.verb:set package 'prototype_move' build argument 'cmake_target_skip_unavailable' from command line to 'False'
[0.210s] Level 5:colcon.colcon_core.verb:set package 'prototype_move' build argument 'cmake_clean_cache' from command line to 'False'
[0.210s] Level 5:colcon.colcon_core.verb:set package 'prototype_move' build argument 'cmake_clean_first' from command line to 'False'
[0.210s] Level 5:colcon.colcon_core.verb:set package 'prototype_move' build argument 'cmake_force_configure' from command line to 'False'
[0.210s] Level 5:colcon.colcon_core.verb:set package 'prototype_move' build argument 'ament_cmake_args' from command line to 'None'
[0.210s] Level 5:colcon.colcon_core.verb:set package 'prototype_move' build argument 'catkin_cmake_args' from command line to 'None'
[0.210s] Level 5:colcon.colcon_core.verb:set package 'prototype_move' build argument 'catkin_skip_building_tests' from command line to 'False'
[0.210s] DEBUG:colcon.colcon_core.verb:Building package 'prototype_move' with the following arguments: {'ament_cmake_args': None, 'build_base': '/home/hansol/prototype_military/build/prototype_move', 'catkin_cmake_args': None, 'catkin_skip_building_tests': False, 'cmake_args': None, 'cmake_clean_cache': False, 'cmake_clean_first': False, 'cmake_force_configure': False, 'cmake_target': None, 'cmake_target_skip_unavailable': False, 'install_base': '/home/hansol/prototype_military/install/prototype_move', 'merge_install': False, 'path': '/home/hansol/prototype_military/src/prototype_move', 'symlink_install': True, 'test_result_base': None}
[0.210s] INFO:colcon.colcon_core.executor:Executing jobs using 'parallel' executor
[0.211s] DEBUG:colcon.colcon_parallel_executor.executor.parallel:run_until_complete
[0.211s] INFO:colcon.colcon_ros.task.ament_cmake.build:Building ROS package in '/home/hansol/prototype_military/src/prototype_motor' with build type 'ament_cmake'
[0.211s] INFO:colcon.colcon_cmake.task.cmake.build:Building CMake package in '/home/hansol/prototype_military/src/prototype_motor'
[0.212s] INFO:colcon.colcon_core.plugin_system:Skipping extension 'colcon_core.shell.bat': Not used on non-Windows systems
[0.212s] INFO:colcon.colcon_core.shell:Skip shell extension 'powershell' for command environment: Not usable outside of PowerShell
[0.212s] DEBUG:colcon.colcon_core.shell:Skip shell extension 'dsv' for command environment
[0.214s] INFO:colcon.colcon_ros.task.ament_python.build:Building ROS package in '/home/hansol/prototype_military/src/prototype_move' with build type 'ament_python'
[0.214s] Level 1:colcon.colcon_core.shell:create_environment_hook('prototype_move', 'ament_prefix_path')
[0.214s] INFO:colcon.colcon_core.shell:Creating environment hook '/home/hansol/prototype_military/install/prototype_move/share/prototype_move/hook/ament_prefix_path.ps1'
[0.214s] INFO:colcon.colcon_core.shell:Creating environment descriptor '/home/hansol/prototype_military/install/prototype_move/share/prototype_move/hook/ament_prefix_path.dsv'
[0.215s] INFO:colcon.colcon_core.shell:Creating environment hook '/home/hansol/prototype_military/install/prototype_move/share/prototype_move/hook/ament_prefix_path.sh'
[0.215s] INFO:colcon.colcon_core.shell:Skip shell extension 'powershell' for command environment: Not usable outside of PowerShell
[0.215s] DEBUG:colcon.colcon_core.shell:Skip shell extension 'dsv' for command environment
[0.220s] DEBUG:colcon.colcon_core.event_handler.log_command:Invoking command in '/home/hansol/prototype_military/build/prototype_motor': CMAKE_PREFIX_PATH=/opt/ros/humble /usr/bin/cmake /home/hansol/prototype_military/src/prototype_motor -DAMENT_CMAKE_SYMLINK_INSTALL=1 -DCMAKE_INSTALL_PREFIX=/home/hansol/prototype_military/install/prototype_motor
[0.381s] INFO:colcon.colcon_core.task.python.build:Building Python package in '/home/hansol/prototype_military/src/prototype_move'
[0.381s] INFO:colcon.colcon_core.shell:Skip shell extension 'powershell' for command environment: Not usable outside of PowerShell
[0.381s] DEBUG:colcon.colcon_core.shell:Skip shell extension 'dsv' for command environment
[0.543s] DEBUG:colcon.colcon_core.event_handler.log_command:Invoked command in '/home/hansol/prototype_military/build/prototype_motor' returned '0': CMAKE_PREFIX_PATH=/opt/ros/humble /usr/bin/cmake /home/hansol/prototype_military/src/prototype_motor -DAMENT_CMAKE_SYMLINK_INSTALL=1 -DCMAKE_INSTALL_PREFIX=/home/hansol/prototype_military/install/prototype_motor
[0.544s] DEBUG:colcon.colcon_core.event_handler.log_command:Invoking command in '/home/hansol/prototype_military/build/prototype_motor': CMAKE_PREFIX_PATH=/opt/ros/humble /usr/bin/cmake --build /home/hansol/prototype_military/build/prototype_motor -- -j12 -l12
[0.606s] DEBUG:colcon.colcon_core.task.python.build:While undoing a previous installation files outside the Python library path are being ignored: /home/hansol/prototype_military/install/prototype_move/share/ament_index/resource_index/packages/prototype_move
[0.606s] DEBUG:colcon.colcon_core.task.python.build:While undoing a previous installation files outside the Python library path are being ignored: /home/hansol/prototype_military/install/prototype_move/share/prototype_move/package.xml
[0.606s] DEBUG:colcon.colcon_core.task.python.build:While undoing a previous installation files outside the Python library path are being ignored: /home/hansol/prototype_military/install/prototype_move/share/prototype_move/launch/prototype_move_launch.py
[0.606s] DEBUG:colcon.colcon_core.task.python.build:While undoing a previous installation files outside the Python library path are being ignored: /home/hansol/prototype_military/install/prototype_move/lib/prototype_move/teleop_keyboard
[0.610s] DEBUG:colcon.colcon_core.event_handler.log_command:Invoking command in '/home/hansol/prototype_military/build/prototype_move': PYTHONPATH=/home/hansol/prototype_military/build/prototype_move/prefix_override:/usr/lib/python3/dist-packages/colcon_core/task/python/colcon_distutils_commands:/home/hansol/prototype_military/install/prototype_move/lib/python3.10/site-packages:${PYTHONPATH} /usr/bin/python3 -W ignore:setup.py install is deprecated setup.py develop --editable --build-directory /home/hansol/prototype_military/build/prototype_move/build --no-deps symlink_data --force
[0.892s] Level 1:colcon.colcon_core.shell:create_environment_hook('prototype_move', 'pythonpath_develop')
[0.892s] INFO:colcon.colcon_core.shell:Creating environment hook '/home/hansol/prototype_military/build/prototype_move/share/prototype_move/hook/pythonpath_develop.ps1'
[0.893s] DEBUG:colcon.colcon_core.event_handler.log_command:Invoked command in '/home/hansol/prototype_military/build/prototype_move' returned '0': PYTHONPATH=/home/hansol/prototype_military/build/prototype_move/prefix_override:/usr/lib/python3/dist-packages/colcon_core/task/python/colcon_distutils_commands:/home/hansol/prototype_military/install/prototype_move/lib/python3.10/site-packages:${PYTHONPATH} /usr/bin/python3 -W ignore:setup.py install is deprecated setup.py develop --editable --build-directory /home/hansol/prototype_military/build/prototype_move/build --no-deps symlink_data --force
[0.893s] INFO:colcon.colcon_core.shell:Creating environment descriptor '/home/hansol/prototype_military/build/prototype_move/share/prototype_move/hook/pythonpath_develop.dsv'
[0.893s] INFO:colcon.colcon_core.shell:Creating environment hook '/home/hansol/prototype_military/build/prototype_move/share/prototype_move/hook/pythonpath_develop.sh'
[0.896s] Level 1:colcon.colcon_core.environment:checking '/home/hansol/prototype_military/install/prototype_move' for CMake module files
[0.897s] Level 1:colcon.colcon_core.environment:checking '/home/hansol/prototype_military/install/prototype_move' for CMake config files
[0.898s] Level 1:colcon.colcon_core.environment:checking '/home/hansol/prototype_military/install/prototype_move/lib'
[0.898s] Level 1:colcon.colcon_core.environment:checking '/home/hansol/prototype_military/install/prototype_move/bin'
[0.898s] Level 1:colcon.colcon_core.environment:checking '/home/hansol/prototype_military/install/prototype_move/lib/pkgconfig/prototype_move.pc'
[0.898s] Level 1:colcon.colcon_core.environment:checking '/home/hansol/prototype_military/install/prototype_move/lib/python3.10/site-packages'
[0.898s] Level 1:colcon.colcon_core.shell:create_environment_hook('prototype_move', 'pythonpath')
[0.898s] INFO:colcon.colcon_core.shell:Creating environment hook '/home/hansol/prototype_military/install/prototype_move/share/prototype_move/hook/pythonpath.ps1'
[0.899s] INFO:colcon.colcon_core.shell:Creating environment descriptor '/home/hansol/prototype_military/install/prototype_move/share/prototype_move/hook/pythonpath.dsv'
[0.899s] INFO:colcon.colcon_core.shell:Creating environment hook '/home/hansol/prototype_military/install/prototype_move/share/prototype_move/hook/pythonpath.sh'
[0.900s] Level 1:colcon.colcon_core.environment:checking '/home/hansol/prototype_military/install/prototype_move/bin'
[0.900s] Level 1:colcon.colcon_core.environment:create_environment_scripts_only(prototype_move)
[0.900s] INFO:colcon.colcon_core.shell:Creating package script '/home/hansol/prototype_military/install/prototype_move/share/prototype_move/package.ps1'
[0.900s] INFO:colcon.colcon_core.shell:Creating package descriptor '/home/hansol/prototype_military/install/prototype_move/share/prototype_move/package.dsv'
[0.901s] INFO:colcon.colcon_core.shell:Creating package script '/home/hansol/prototype_military/install/prototype_move/share/prototype_move/package.sh'
[0.901s] INFO:colcon.colcon_core.shell:Creating package script '/home/hansol/prototype_military/install/prototype_move/share/prototype_move/package.bash'
[0.901s] INFO:colcon.colcon_core.shell:Creating package script '/home/hansol/prototype_military/install/prototype_move/share/prototype_move/package.zsh'
[0.902s] Level 1:colcon.colcon_core.environment:create_file_with_runtime_dependencies(/home/hansol/prototype_military/install/prototype_move/share/colcon-core/packages/prototype_move)
[6.370s] DEBUG:colcon.colcon_core.event_handler.log_command:Invoked command in '/home/hansol/prototype_military/build/prototype_motor' returned '0': CMAKE_PREFIX_PATH=/opt/ros/humble /usr/bin/cmake --build /home/hansol/prototype_military/build/prototype_motor -- -j12 -l12
[6.389s] DEBUG:colcon.colcon_core.event_handler.log_command:Invoking command in '/home/hansol/prototype_military/build/prototype_motor': CMAKE_PREFIX_PATH=/opt/ros/humble /usr/bin/cmake --install /home/hansol/prototype_military/build/prototype_motor
[6.471s] Level 1:colcon.colcon_core.environment:create_environment_scripts_only(prototype_motor)
[6.472s] DEBUG:colcon.colcon_core.event_handler.log_command:Invoked command in '/home/hansol/prototype_military/build/prototype_motor' returned '0': CMAKE_PREFIX_PATH=/opt/ros/humble /usr/bin/cmake --install /home/hansol/prototype_military/build/prototype_motor
[6.472s] Level 1:colcon.colcon_core.environment:checking '/home/hansol/prototype_military/install/prototype_motor' for CMake module files
[6.472s] Level 1:colcon.colcon_core.environment:checking '/home/hansol/prototype_military/install/prototype_motor' for CMake config files
[6.473s] Level 1:colcon.colcon_core.shell:create_environment_hook('prototype_motor', 'cmake_prefix_path')
[6.473s] INFO:colcon.colcon_core.shell:Creating environment hook '/home/hansol/prototype_military/install/prototype_motor/share/prototype_motor/hook/cmake_prefix_path.ps1'
[6.473s] INFO:colcon.colcon_core.shell:Creating environment descriptor '/home/hansol/prototype_military/install/prototype_motor/share/prototype_motor/hook/cmake_prefix_path.dsv'
[6.473s] INFO:colcon.colcon_core.shell:Creating environment hook '/home/hansol/prototype_military/install/prototype_motor/share/prototype_motor/hook/cmake_prefix_path.sh'
[6.473s] Level 1:colcon.colcon_core.environment:checking '/home/hansol/prototype_military/install/prototype_motor/lib'
[6.473s] Level 1:colcon.colcon_core.environment:checking '/home/hansol/prototype_military/install/prototype_motor/bin'
[6.473s] Level 1:colcon.colcon_core.environment:checking '/home/hansol/prototype_military/install/prototype_motor/lib/pkgconfig/prototype_motor.pc'
[6.474s] Level 1:colcon.colcon_core.environment:checking '/home/hansol/prototype_military/install/prototype_motor/lib/python3.10/site-packages'
[6.474s] Level 1:colcon.colcon_core.environment:checking '/home/hansol/prototype_military/install/prototype_motor/bin'
[6.474s] INFO:colcon.colcon_core.shell:Creating package script '/home/hansol/prototype_military/install/prototype_motor/share/prototype_motor/package.ps1'
[6.474s] INFO:colcon.colcon_core.shell:Creating package descriptor '/home/hansol/prototype_military/install/prototype_motor/share/prototype_motor/package.dsv'
[6.474s] INFO:colcon.colcon_core.shell:Creating package script '/home/hansol/prototype_military/install/prototype_motor/share/prototype_motor/package.sh'
[6.474s] INFO:colcon.colcon_core.shell:Creating package script '/home/hansol/prototype_military/install/prototype_motor/share/prototype_motor/package.bash'
[6.474s] INFO:colcon.colcon_core.shell:Creating package script '/home/hansol/prototype_military/install/prototype_motor/share/prototype_motor/package.zsh'
[6.475s] Level 1:colcon.colcon_core.environment:create_file_with_runtime_dependencies(/home/hansol/prototype_military/install/prototype_motor/share/colcon-core/packages/prototype_motor)
[6.488s] Level 1:colcon.colcon_core.environment:create_environment_scripts_only(prototype_motor)
[6.489s] Level 1:colcon.colcon_core.environment:checking '/home/hansol/prototype_military/install/prototype_motor' for CMake module files
[6.489s] Level 1:colcon.colcon_core.environment:checking '/home/hansol/prototype_military/install/prototype_motor' for CMake config files
[6.489s] Level 1:colcon.colcon_core.shell:create_environment_hook('prototype_motor', 'cmake_prefix_path')
[6.490s] INFO:colcon.colcon_core.shell:Creating environment hook '/home/hansol/prototype_military/install/prototype_motor/share/prototype_motor/hook/cmake_prefix_path.ps1'
[6.490s] INFO:colcon.colcon_core.shell:Creating environment descriptor '/home/hansol/prototype_military/install/prototype_motor/share/prototype_motor/hook/cmake_prefix_path.dsv'
[6.490s] INFO:colcon.colcon_core.shell:Creating environment hook '/home/hansol/prototype_military/install/prototype_motor/share/prototype_motor/hook/cmake_prefix_path.sh'
[6.491s] Level 1:colcon.colcon_core.environment:checking '/home/hansol/prototype_military/install/prototype_motor/lib'
[6.491s] Level 1:colcon.colcon_core.environment:checking '/home/hansol/prototype_military/install/prototype_motor/bin'
[6.491s] Level 1:colcon.colcon_core.environment:checking '/home/hansol/prototype_military/install/prototype_motor/lib/pkgconfig/prototype_motor.pc'
[6.491s] Level 1:colcon.colcon_core.environment:checking '/home/hansol/prototype_military/install/prototype_motor/lib/python3.10/site-packages'
[6.492s] Level 1:colcon.colcon_core.environment:checking '/home/hansol/prototype_military/install/prototype_motor/bin'
[6.492s] INFO:colcon.colcon_core.shell:Creating package script '/home/hansol/prototype_military/install/prototype_motor/share/prototype_motor/package.ps1'
[6.492s] INFO:colcon.colcon_core.shell:Creating package descriptor '/home/hansol/prototype_military/install/prototype_motor/share/prototype_motor/package.dsv'
[6.492s] INFO:colcon.colcon_core.shell:Creating package script '/home/hansol/prototype_military/install/prototype_motor/share/prototype_motor/package.sh'
[6.493s] INFO:colcon.colcon_core.shell:Creating package script '/home/hansol/prototype_military/install/prototype_motor/share/prototype_motor/package.bash'
[6.493s] INFO:colcon.colcon_core.shell:Creating package script '/home/hansol/prototype_military/install/prototype_motor/share/prototype_motor/package.zsh'
[6.493s] Level 1:colcon.colcon_core.environment:create_file_with_runtime_dependencies(/home/hansol/prototype_military/install/prototype_motor/share/colcon-core/packages/prototype_motor)
[6.493s] DEBUG:colcon.colcon_parallel_executor.executor.parallel:closing loop
[6.493s] DEBUG:colcon.colcon_parallel_executor.executor.parallel:loop closed
[6.493s] DEBUG:colcon.colcon_parallel_executor.executor.parallel:run_until_complete finished with '0'
[6.493s] DEBUG:colcon.colcon_core.event_reactor:joining thread
[6.497s] INFO:colcon.colcon_core.plugin_system:Skipping extension 'colcon_notification.desktop_notification.terminal_notifier': Not used on non-Darwin systems
[6.497s] INFO:colcon.colcon_core.plugin_system:Skipping extension 'colcon_notification.desktop_notification.win32': Not used on non-Windows systems
[6.497s] INFO:colcon.colcon_notification.desktop_notification:Sending desktop notification using 'notify2'
[6.505s] DEBUG:colcon.colcon_core.event_reactor:joined thread
[6.505s] INFO:colcon.colcon_core.shell:Creating prefix script '/home/hansol/prototype_military/install/local_setup.ps1'
[6.506s] INFO:colcon.colcon_core.shell:Creating prefix util module '/home/hansol/prototype_military/install/_local_setup_util_ps1.py'
[6.506s] INFO:colcon.colcon_core.shell:Creating prefix chain script '/home/hansol/prototype_military/install/setup.ps1'
[6.507s] INFO:colcon.colcon_core.shell:Creating prefix script '/home/hansol/prototype_military/install/local_setup.sh'
[6.507s] INFO:colcon.colcon_core.shell:Creating prefix util module '/home/hansol/prototype_military/install/_local_setup_util_sh.py'
[6.507s] INFO:colcon.colcon_core.shell:Creating prefix chain script '/home/hansol/prototype_military/install/setup.sh'
[6.508s] INFO:colcon.colcon_core.shell:Creating prefix script '/home/hansol/prototype_military/install/local_setup.bash'
[6.508s] INFO:colcon.colcon_core.shell:Creating prefix chain script '/home/hansol/prototype_military/install/setup.bash'
[6.508s] INFO:colcon.colcon_core.shell:Creating prefix script '/home/hansol/prototype_military/install/local_setup.zsh'
[6.509s] INFO:colcon.colcon_core.shell:Creating prefix chain script '/home/hansol/prototype_military/install/setup.zsh'
