[1.461s] Invoking command in '/home/hansol/project/build/prototype_move': PYTHONPATH=/home/hansol/project/build/prototype_move/prefix_override:/home/hansol/project/install/prototype_move/lib/python3.10/site-packages:${PYTHONPATH} /usr/bin/python3 -W ignore:setup.py install is deprecated setup.py develop --editable --build-directory /home/hansol/project/build/prototype_move/build --no-deps symlink_data
[1.883s] running develop
[2.162s] running egg_info
[2.162s] writing prototype_move.egg-info/PKG-INFO
[2.163s] writing dependency_links to prototype_move.egg-info/dependency_links.txt
[2.163s] writing entry points to prototype_move.egg-info/entry_points.txt
[2.163s] writing requirements to prototype_move.egg-info/requires.txt
[2.163s] writing top-level names to prototype_move.egg-info/top_level.txt
[2.166s] reading manifest file 'prototype_move.egg-info/SOURCES.txt'
[2.168s] writing manifest file 'prototype_move.egg-info/SOURCES.txt'
[2.171s] running build_ext
[2.171s] Creating /home/hansol/project/install/prototype_move/lib/python3.10/site-packages/prototype-move.egg-link (link to .)
[2.172s] Installing DWMR script to /home/hansol/project/install/prototype_move/lib/prototype_move
[2.172s] Installing action script to /home/hansol/project/install/prototype_move/lib/prototype_move
[2.172s] Installing lidar_filter script to /home/hansol/project/install/prototype_move/lib/prototype_move
[2.173s] Installing move script to /home/hansol/project/install/prototype_move/lib/prototype_move
[2.173s] Installing real_move script to /home/hansol/project/install/prototype_move/lib/prototype_move
[2.173s] Installing test script to /home/hansol/project/install/prototype_move/lib/prototype_move
[2.173s] 
[2.173s] Installed /home/hansol/project/build/prototype_move
[2.173s] running symlink_data
[2.227s] Invoked command in '/home/hansol/project/build/prototype_move' returned '0': PYTHONPATH=/home/hansol/project/build/prototype_move/prefix_override:/home/hansol/project/install/prototype_move/lib/python3.10/site-packages:${PYTHONPATH} /usr/bin/python3 -W ignore:setup.py install is deprecated setup.py develop --editable --build-directory /home/hansol/project/build/prototype_move/build --no-deps symlink_data
