[0.010s] Invoking command in '/home/hansol/project/build/limo_base': CMAKE_PREFIX_PATH=/home/hansol/project/install/limo_msgs:/home/hansol/project/install/limo_base:/home/hansol/project/install/limo_description:/home/hansol/project/install/prototype_move:/home/hansol/project/install/limo_ros2_application:/opt/ros/humble /usr/bin/cmake --build /home/hansol/project/build/limo_base -- -j12 -l12
[0.047s] [100%] Built target limo_base
[0.054s] Invoked command in '/home/hansol/project/build/limo_base' returned '0': CMAKE_PREFIX_PATH=/home/hansol/project/install/limo_msgs:/home/hansol/project/install/limo_base:/home/hansol/project/install/limo_description:/home/hansol/project/install/prototype_move:/home/hansol/project/install/limo_ros2_application:/opt/ros/humble /usr/bin/cmake --build /home/hansol/project/build/limo_base -- -j12 -l12
[0.079s] Invoking command in '/home/hansol/project/build/limo_base': CMAKE_PREFIX_PATH=/home/hansol/project/install/limo_msgs:/home/hansol/project/install/limo_base:/home/hansol/project/install/limo_description:/home/hansol/project/install/prototype_move:/home/hansol/project/install/limo_ros2_application:/opt/ros/humble /usr/bin/cmake --install /home/hansol/project/build/limo_base
[0.086s] -- Install configuration: ""
[0.086s] -- Execute custom install script
[0.087s] -- Up-to-date symlink: /home/hansol/project/install/limo_base/include/limo_base/limo_driver.h
[0.087s] -- Up-to-date symlink: /home/hansol/project/install/limo_base/include/limo_base/limo_driver.h:Zone.Identifier
[0.087s] -- Up-to-date symlink: /home/hansol/project/install/limo_base/include/limo_base/limo_protocol.h
[0.087s] -- Up-to-date symlink: /home/hansol/project/install/limo_base/include/limo_base/limo_protocol.h:Zone.Identifier
[0.088s] -- Up-to-date symlink: /home/hansol/project/install/limo_base/include/limo_base/serial_port.h
[0.088s] -- Up-to-date symlink: /home/hansol/project/install/limo_base/include/limo_base/serial_port.h:Zone.Identifier
[0.088s] -- Up-to-date symlink: /home/hansol/project/install/limo_base/lib/limo_base/limo_base
[0.088s] -- Up-to-date symlink: /home/hansol/project/install/limo_base/share/limo_base//launch/limo_base.launch.py
[0.088s] -- Up-to-date symlink: /home/hansol/project/install/limo_base/share/limo_base//launch/limo_base.launch.py:Zone.Identifier
[0.089s] -- Up-to-date symlink: /home/hansol/project/install/limo_base/share/limo_base//launch/open_ydlidar_launch.py
[0.089s] -- Up-to-date symlink: /home/hansol/project/install/limo_base/share/limo_base//launch/open_ydlidar_launch.py:Zone.Identifier
[0.089s] -- Up-to-date symlink: /home/hansol/project/install/limo_base/share/limo_base//launch/start_limo.launch.py
[0.089s] -- Up-to-date symlink: /home/hansol/project/install/limo_base/share/limo_base//launch/start_limo.launch.py:Zone.Identifier
[0.089s] -- Up-to-date symlink: /home/hansol/project/install/limo_base/share/ament_index/resource_index/package_run_dependencies/limo_base
[0.089s] -- Up-to-date symlink: /home/hansol/project/install/limo_base/share/ament_index/resource_index/parent_prefix_path/limo_base
[0.090s] -- Up-to-date symlink: /home/hansol/project/install/limo_base/share/limo_base/environment/ament_prefix_path.sh
[0.090s] -- Up-to-date symlink: /home/hansol/project/install/limo_base/share/limo_base/environment/ament_prefix_path.dsv
[0.090s] -- Up-to-date symlink: /home/hansol/project/install/limo_base/share/limo_base/environment/path.sh
[0.090s] -- Up-to-date symlink: /home/hansol/project/install/limo_base/share/limo_base/environment/path.dsv
[0.090s] -- Up-to-date symlink: /home/hansol/project/install/limo_base/share/limo_base/local_setup.bash
[0.090s] -- Up-to-date symlink: /home/hansol/project/install/limo_base/share/limo_base/local_setup.sh
[0.091s] -- Up-to-date symlink: /home/hansol/project/install/limo_base/share/limo_base/local_setup.zsh
[0.091s] -- Up-to-date symlink: /home/hansol/project/install/limo_base/share/limo_base/local_setup.dsv
[0.091s] -- Symlinking: /home/hansol/project/install/limo_base/share/limo_base/package.dsv
[0.102s] -- Up-to-date symlink: /home/hansol/project/install/limo_base/share/ament_index/resource_index/packages/limo_base
[0.102s] -- Up-to-date symlink: /home/hansol/project/install/limo_base/share/limo_base/cmake/ament_cmake_export_include_directories-extras.cmake
[0.103s] -- Up-to-date symlink: /home/hansol/project/install/limo_base/share/limo_base/cmake/limo_baseConfig.cmake
[0.103s] -- Up-to-date symlink: /home/hansol/project/install/limo_base/share/limo_base/cmake/limo_baseConfig-version.cmake
[0.103s] -- Up-to-date symlink: /home/hansol/project/install/limo_base/share/limo_base/package.xml
[0.106s] Invoked command in '/home/hansol/project/build/limo_base' returned '0': CMAKE_PREFIX_PATH=/home/hansol/project/install/limo_msgs:/home/hansol/project/install/limo_base:/home/hansol/project/install/limo_description:/home/hansol/project/install/prototype_move:/home/hansol/project/install/limo_ros2_application:/opt/ros/humble /usr/bin/cmake --install /home/hansol/project/build/limo_base
