[0.060s] DEBUG:colcon:Command line arguments: ['/usr/bin/colcon', 'build', '--symlink-install']
[0.060s] DEBUG:colcon:Parsed command line arguments: Namespace(log_base=None, log_level=None, verb_name='build', build_base='build', install_base='install', merge_install=False, symlink_install=True, test_result_base=None, continue_on_error=False, executor='parallel', parallel_workers=12, event_handlers=None, ignore_user_meta=False, metas=['./colcon.meta'], base_paths=['.'], packages_ignore=None, packages_ignore_regex=None, paths=None, packages_up_to=None, packages_up_to_regex=None, packages_above=None, packages_above_and_dependencies=None, packages_above_depth=None, packages_select_by_dep=None, packages_skip_by_dep=None, packages_skip_up_to=None, packages_select_build_failed=False, packages_skip_build_finished=False, packages_select_test_failures=False, packages_skip_test_passed=False, packages_select=None, packages_skip=None, packages_select_regex=None, packages_skip_regex=None, packages_start=None, packages_end=None, allow_overriding=[], cmake_args=None, cmake_target=None, cmake_target_skip_unavailable=False, cmake_clean_cache=False, cmake_clean_first=False, cmake_force_configure=False, ament_cmake_args=None, catkin_cmake_args=None, catkin_skip_building_tests=False, verb_parser=<colcon_defaults.argument_parser.defaults.DefaultArgumentsDecorator object at 0x76d311329b70>, verb_extension=<colcon_core.verb.build.BuildVerb object at 0x76d311329660>, main=<bound method BuildVerb.main of <colcon_core.verb.build.BuildVerb object at 0x76d311329660>>)
[0.166s] Level 1:colcon.colcon_core.package_discovery:discover_packages(colcon_meta) check parameters
[0.166s] Level 1:colcon.colcon_core.package_discovery:discover_packages(recursive) check parameters
[0.166s] Level 1:colcon.colcon_core.package_discovery:discover_packages(ignore) check parameters
[0.166s] Level 1:colcon.colcon_core.package_discovery:discover_packages(path) check parameters
[0.166s] Level 1:colcon.colcon_core.package_discovery:discover_packages(colcon_meta) discover
[0.166s] Level 1:colcon.colcon_core.package_discovery:discover_packages(recursive) discover
[0.166s] INFO:colcon.colcon_core.package_discovery:Crawling recursively for packages in '/home/hansol/project'
[0.166s] Level 1:colcon.colcon_core.package_identification:_identify(.) by extensions ['ignore', 'ignore_ament_install']
[0.166s] Level 1:colcon.colcon_core.package_identification:_identify(.) by extension 'ignore'
[0.166s] Level 1:colcon.colcon_core.package_identification:_identify(.) by extension 'ignore_ament_install'
[0.166s] Level 1:colcon.colcon_core.package_identification:_identify(.) by extensions ['colcon_pkg']
[0.166s] Level 1:colcon.colcon_core.package_identification:_identify(.) by extension 'colcon_pkg'
[0.166s] Level 1:colcon.colcon_core.package_identification:_identify(.) by extensions ['colcon_meta']
[0.166s] Level 1:colcon.colcon_core.package_identification:_identify(.) by extension 'colcon_meta'
[0.166s] Level 1:colcon.colcon_core.package_identification:_identify(.) by extensions ['ros']
[0.166s] Level 1:colcon.colcon_core.package_identification:_identify(.) by extension 'ros'
[0.185s] Level 1:colcon.colcon_core.package_identification:_identify(.) by extensions ['cmake', 'python']
[0.185s] Level 1:colcon.colcon_core.package_identification:_identify(.) by extension 'cmake'
[0.186s] Level 1:colcon.colcon_core.package_identification:_identify(.) by extension 'python'
[0.186s] Level 1:colcon.colcon_core.package_identification:_identify(.) by extensions ['python_setup_py']
[0.186s] Level 1:colcon.colcon_core.package_identification:_identify(.) by extension 'python_setup_py'
[0.186s] Level 1:colcon.colcon_core.package_identification:_identify(build) by extensions ['ignore', 'ignore_ament_install']
[0.186s] Level 1:colcon.colcon_core.package_identification:_identify(build) by extension 'ignore'
[0.186s] Level 1:colcon.colcon_core.package_identification:_identify(build) ignored
[0.186s] Level 1:colcon.colcon_core.package_identification:_identify(install) by extensions ['ignore', 'ignore_ament_install']
[0.186s] Level 1:colcon.colcon_core.package_identification:_identify(install) by extension 'ignore'
[0.186s] Level 1:colcon.colcon_core.package_identification:_identify(install) ignored
[0.186s] Level 1:colcon.colcon_core.package_identification:_identify(log) by extensions ['ignore', 'ignore_ament_install']
[0.186s] Level 1:colcon.colcon_core.package_identification:_identify(log) by extension 'ignore'
[0.186s] Level 1:colcon.colcon_core.package_identification:_identify(log) ignored
[0.186s] Level 1:colcon.colcon_core.package_identification:_identify(src) by extensions ['ignore', 'ignore_ament_install']
[0.186s] Level 1:colcon.colcon_core.package_identification:_identify(src) by extension 'ignore'
[0.186s] Level 1:colcon.colcon_core.package_identification:_identify(src) by extension 'ignore_ament_install'
[0.186s] Level 1:colcon.colcon_core.package_identification:_identify(src) by extensions ['colcon_pkg']
[0.186s] Level 1:colcon.colcon_core.package_identification:_identify(src) by extension 'colcon_pkg'
[0.186s] Level 1:colcon.colcon_core.package_identification:_identify(src) by extensions ['colcon_meta']
[0.186s] Level 1:colcon.colcon_core.package_identification:_identify(src) by extension 'colcon_meta'
[0.186s] Level 1:colcon.colcon_core.package_identification:_identify(src) by extensions ['ros']
[0.186s] Level 1:colcon.colcon_core.package_identification:_identify(src) by extension 'ros'
[0.186s] Level 1:colcon.colcon_core.package_identification:_identify(src) by extensions ['cmake', 'python']
[0.186s] Level 1:colcon.colcon_core.package_identification:_identify(src) by extension 'cmake'
[0.186s] Level 1:colcon.colcon_core.package_identification:_identify(src) by extension 'python'
[0.186s] Level 1:colcon.colcon_core.package_identification:_identify(src) by extensions ['python_setup_py']
[0.186s] Level 1:colcon.colcon_core.package_identification:_identify(src) by extension 'python_setup_py'
[0.186s] Level 1:colcon.colcon_core.package_identification:_identify(src/limo_ros2) by extensions ['ignore', 'ignore_ament_install']
[0.186s] Level 1:colcon.colcon_core.package_identification:_identify(src/limo_ros2) by extension 'ignore'
[0.186s] Level 1:colcon.colcon_core.package_identification:_identify(src/limo_ros2) by extension 'ignore_ament_install'
[0.187s] Level 1:colcon.colcon_core.package_identification:_identify(src/limo_ros2) by extensions ['colcon_pkg']
[0.187s] Level 1:colcon.colcon_core.package_identification:_identify(src/limo_ros2) by extension 'colcon_pkg'
[0.187s] Level 1:colcon.colcon_core.package_identification:_identify(src/limo_ros2) by extensions ['colcon_meta']
[0.187s] Level 1:colcon.colcon_core.package_identification:_identify(src/limo_ros2) by extension 'colcon_meta'
[0.187s] Level 1:colcon.colcon_core.package_identification:_identify(src/limo_ros2) by extensions ['ros']
[0.187s] Level 1:colcon.colcon_core.package_identification:_identify(src/limo_ros2) by extension 'ros'
[0.187s] Level 1:colcon.colcon_core.package_identification:_identify(src/limo_ros2) by extensions ['cmake', 'python']
[0.187s] Level 1:colcon.colcon_core.package_identification:_identify(src/limo_ros2) by extension 'cmake'
[0.187s] Level 1:colcon.colcon_core.package_identification:_identify(src/limo_ros2) by extension 'python'
[0.187s] Level 1:colcon.colcon_core.package_identification:_identify(src/limo_ros2) by extensions ['python_setup_py']
[0.187s] Level 1:colcon.colcon_core.package_identification:_identify(src/limo_ros2) by extension 'python_setup_py'
[0.187s] Level 1:colcon.colcon_core.package_identification:_identify(src/limo_ros2/catmux) by extensions ['ignore', 'ignore_ament_install']
[0.187s] Level 1:colcon.colcon_core.package_identification:_identify(src/limo_ros2/catmux) by extension 'ignore'
[0.187s] Level 1:colcon.colcon_core.package_identification:_identify(src/limo_ros2/catmux) by extension 'ignore_ament_install'
[0.187s] Level 1:colcon.colcon_core.package_identification:_identify(src/limo_ros2/catmux) by extensions ['colcon_pkg']
[0.187s] Level 1:colcon.colcon_core.package_identification:_identify(src/limo_ros2/catmux) by extension 'colcon_pkg'
[0.187s] Level 1:colcon.colcon_core.package_identification:_identify(src/limo_ros2/catmux) by extensions ['colcon_meta']
[0.187s] Level 1:colcon.colcon_core.package_identification:_identify(src/limo_ros2/catmux) by extension 'colcon_meta'
[0.187s] Level 1:colcon.colcon_core.package_identification:_identify(src/limo_ros2/catmux) by extensions ['ros']
[0.187s] Level 1:colcon.colcon_core.package_identification:_identify(src/limo_ros2/catmux) by extension 'ros'
[0.187s] Level 1:colcon.colcon_core.package_identification:_identify(src/limo_ros2/catmux) by extensions ['cmake', 'python']
[0.187s] Level 1:colcon.colcon_core.package_identification:_identify(src/limo_ros2/catmux) by extension 'cmake'
[0.187s] Level 1:colcon.colcon_core.package_identification:_identify(src/limo_ros2/catmux) by extension 'python'
[0.187s] Level 1:colcon.colcon_core.package_identification:_identify(src/limo_ros2/catmux) by extensions ['python_setup_py']
[0.187s] Level 1:colcon.colcon_core.package_identification:_identify(src/limo_ros2/catmux) by extension 'python_setup_py'
[0.187s] Level 1:colcon.colcon_core.package_identification:_identify(src/limo_ros2/limo_base) by extensions ['ignore', 'ignore_ament_install']
[0.187s] Level 1:colcon.colcon_core.package_identification:_identify(src/limo_ros2/limo_base) by extension 'ignore'
[0.187s] Level 1:colcon.colcon_core.package_identification:_identify(src/limo_ros2/limo_base) by extension 'ignore_ament_install'
[0.187s] Level 1:colcon.colcon_core.package_identification:_identify(src/limo_ros2/limo_base) by extensions ['colcon_pkg']
[0.187s] Level 1:colcon.colcon_core.package_identification:_identify(src/limo_ros2/limo_base) by extension 'colcon_pkg'
[0.187s] Level 1:colcon.colcon_core.package_identification:_identify(src/limo_ros2/limo_base) by extensions ['colcon_meta']
[0.187s] Level 1:colcon.colcon_core.package_identification:_identify(src/limo_ros2/limo_base) by extension 'colcon_meta'
[0.187s] Level 1:colcon.colcon_core.package_identification:_identify(src/limo_ros2/limo_base) by extensions ['ros']
[0.187s] Level 1:colcon.colcon_core.package_identification:_identify(src/limo_ros2/limo_base) by extension 'ros'
[0.189s] DEBUG:colcon.colcon_core.package_identification:Package 'src/limo_ros2/limo_base' with type 'ros.ament_cmake' and name 'limo_base'
[0.189s] Level 1:colcon.colcon_core.package_identification:_identify(src/limo_ros2/limo_description) by extensions ['ignore', 'ignore_ament_install']
[0.189s] Level 1:colcon.colcon_core.package_identification:_identify(src/limo_ros2/limo_description) by extension 'ignore'
[0.189s] Level 1:colcon.colcon_core.package_identification:_identify(src/limo_ros2/limo_description) by extension 'ignore_ament_install'
[0.189s] Level 1:colcon.colcon_core.package_identification:_identify(src/limo_ros2/limo_description) by extensions ['colcon_pkg']
[0.189s] Level 1:colcon.colcon_core.package_identification:_identify(src/limo_ros2/limo_description) by extension 'colcon_pkg'
[0.189s] Level 1:colcon.colcon_core.package_identification:_identify(src/limo_ros2/limo_description) by extensions ['colcon_meta']
[0.189s] Level 1:colcon.colcon_core.package_identification:_identify(src/limo_ros2/limo_description) by extension 'colcon_meta'
[0.189s] Level 1:colcon.colcon_core.package_identification:_identify(src/limo_ros2/limo_description) by extensions ['ros']
[0.189s] Level 1:colcon.colcon_core.package_identification:_identify(src/limo_ros2/limo_description) by extension 'ros'
[0.189s] DEBUG:colcon.colcon_core.package_identification:Package 'src/limo_ros2/limo_description' with type 'ros.ament_cmake' and name 'limo_description'
[0.189s] Level 1:colcon.colcon_core.package_identification:_identify(src/limo_ros2/limo_msgs) by extensions ['ignore', 'ignore_ament_install']
[0.189s] Level 1:colcon.colcon_core.package_identification:_identify(src/limo_ros2/limo_msgs) by extension 'ignore'
[0.189s] Level 1:colcon.colcon_core.package_identification:_identify(src/limo_ros2/limo_msgs) by extension 'ignore_ament_install'
[0.190s] Level 1:colcon.colcon_core.package_identification:_identify(src/limo_ros2/limo_msgs) by extensions ['colcon_pkg']
[0.190s] Level 1:colcon.colcon_core.package_identification:_identify(src/limo_ros2/limo_msgs) by extension 'colcon_pkg'
[0.190s] Level 1:colcon.colcon_core.package_identification:_identify(src/limo_ros2/limo_msgs) by extensions ['colcon_meta']
[0.190s] Level 1:colcon.colcon_core.package_identification:_identify(src/limo_ros2/limo_msgs) by extension 'colcon_meta'
[0.190s] Level 1:colcon.colcon_core.package_identification:_identify(src/limo_ros2/limo_msgs) by extensions ['ros']
[0.190s] Level 1:colcon.colcon_core.package_identification:_identify(src/limo_ros2/limo_msgs) by extension 'ros'
[0.190s] DEBUG:colcon.colcon_core.package_identification:Package 'src/limo_ros2/limo_msgs' with type 'ros.ament_cmake' and name 'limo_msgs'
[0.190s] Level 1:colcon.colcon_core.package_identification:_identify(src/limo_ros2/limo_ros2_application) by extensions ['ignore', 'ignore_ament_install']
[0.190s] Level 1:colcon.colcon_core.package_identification:_identify(src/limo_ros2/limo_ros2_application) by extension 'ignore'
[0.190s] Level 1:colcon.colcon_core.package_identification:_identify(src/limo_ros2/limo_ros2_application) by extension 'ignore_ament_install'
[0.190s] Level 1:colcon.colcon_core.package_identification:_identify(src/limo_ros2/limo_ros2_application) by extensions ['colcon_pkg']
[0.190s] Level 1:colcon.colcon_core.package_identification:_identify(src/limo_ros2/limo_ros2_application) by extension 'colcon_pkg'
[0.190s] Level 1:colcon.colcon_core.package_identification:_identify(src/limo_ros2/limo_ros2_application) by extensions ['colcon_meta']
[0.190s] Level 1:colcon.colcon_core.package_identification:_identify(src/limo_ros2/limo_ros2_application) by extension 'colcon_meta'
[0.190s] Level 1:colcon.colcon_core.package_identification:_identify(src/limo_ros2/limo_ros2_application) by extensions ['ros']
[0.190s] Level 1:colcon.colcon_core.package_identification:_identify(src/limo_ros2/limo_ros2_application) by extension 'ros'
[0.190s] DEBUG:colcon.colcon_core.package_identification:Package 'src/limo_ros2/limo_ros2_application' with type 'ros.ament_python' and name 'limo_ros2_application'
[0.191s] Level 1:colcon.colcon_core.package_identification:_identify(src/prototype_move) by extensions ['ignore', 'ignore_ament_install']
[0.191s] Level 1:colcon.colcon_core.package_identification:_identify(src/prototype_move) by extension 'ignore'
[0.191s] Level 1:colcon.colcon_core.package_identification:_identify(src/prototype_move) by extension 'ignore_ament_install'
[0.191s] Level 1:colcon.colcon_core.package_identification:_identify(src/prototype_move) by extensions ['colcon_pkg']
[0.191s] Level 1:colcon.colcon_core.package_identification:_identify(src/prototype_move) by extension 'colcon_pkg'
[0.191s] Level 1:colcon.colcon_core.package_identification:_identify(src/prototype_move) by extensions ['colcon_meta']
[0.191s] Level 1:colcon.colcon_core.package_identification:_identify(src/prototype_move) by extension 'colcon_meta'
[0.191s] Level 1:colcon.colcon_core.package_identification:_identify(src/prototype_move) by extensions ['ros']
[0.191s] Level 1:colcon.colcon_core.package_identification:_identify(src/prototype_move) by extension 'ros'
[0.191s] DEBUG:colcon.colcon_core.package_identification:Package 'src/prototype_move' with type 'ros.ament_python' and name 'prototype_move'
[0.191s] Level 1:colcon.colcon_core.package_discovery:discover_packages(recursive) using defaults
[0.191s] Level 1:colcon.colcon_core.package_discovery:discover_packages(ignore) discover
[0.191s] Level 1:colcon.colcon_core.package_discovery:discover_packages(ignore) using defaults
[0.191s] Level 1:colcon.colcon_core.package_discovery:discover_packages(path) discover
[0.191s] Level 1:colcon.colcon_core.package_discovery:discover_packages(path) using defaults
[0.202s] Level 1:colcon.colcon_core.package_discovery:discover_packages(prefix_path) check parameters
[0.202s] Level 1:colcon.colcon_core.package_discovery:discover_packages(prefix_path) discover
[0.203s] DEBUG:colcon.colcon_installed_package_information.package_discovery:Found 5 installed packages in /home/hansol/project/install
[0.204s] DEBUG:colcon.colcon_installed_package_information.package_discovery:Found 454 installed packages in /opt/ros/humble
[0.205s] Level 1:colcon.colcon_core.package_discovery:discover_packages(prefix_path) using defaults
[0.232s] Level 5:colcon.colcon_core.verb:set package 'limo_description' build argument 'cmake_args' from command line to 'None'
[0.232s] Level 5:colcon.colcon_core.verb:set package 'limo_description' build argument 'cmake_target' from command line to 'None'
[0.232s] Level 5:colcon.colcon_core.verb:set package 'limo_description' build argument 'cmake_target_skip_unavailable' from command line to 'False'
[0.232s] Level 5:colcon.colcon_core.verb:set package 'limo_description' build argument 'cmake_clean_cache' from command line to 'False'
[0.232s] Level 5:colcon.colcon_core.verb:set package 'limo_description' build argument 'cmake_clean_first' from command line to 'False'
[0.232s] Level 5:colcon.colcon_core.verb:set package 'limo_description' build argument 'cmake_force_configure' from command line to 'False'
[0.232s] Level 5:colcon.colcon_core.verb:set package 'limo_description' build argument 'ament_cmake_args' from command line to 'None'
[0.232s] Level 5:colcon.colcon_core.verb:set package 'limo_description' build argument 'catkin_cmake_args' from command line to 'None'
[0.232s] Level 5:colcon.colcon_core.verb:set package 'limo_description' build argument 'catkin_skip_building_tests' from command line to 'False'
[0.232s] DEBUG:colcon.colcon_core.verb:Building package 'limo_description' with the following arguments: {'ament_cmake_args': None, 'build_base': '/home/hansol/project/build/limo_description', 'catkin_cmake_args': None, 'catkin_skip_building_tests': False, 'cmake_args': None, 'cmake_clean_cache': False, 'cmake_clean_first': False, 'cmake_force_configure': False, 'cmake_target': None, 'cmake_target_skip_unavailable': False, 'install_base': '/home/hansol/project/install/limo_description', 'merge_install': False, 'path': '/home/hansol/project/src/limo_ros2/limo_description', 'symlink_install': True, 'test_result_base': None}
[0.232s] Level 5:colcon.colcon_core.verb:set package 'limo_msgs' build argument 'cmake_args' from command line to 'None'
[0.232s] Level 5:colcon.colcon_core.verb:set package 'limo_msgs' build argument 'cmake_target' from command line to 'None'
[0.232s] Level 5:colcon.colcon_core.verb:set package 'limo_msgs' build argument 'cmake_target_skip_unavailable' from command line to 'False'
[0.232s] Level 5:colcon.colcon_core.verb:set package 'limo_msgs' build argument 'cmake_clean_cache' from command line to 'False'
[0.232s] Level 5:colcon.colcon_core.verb:set package 'limo_msgs' build argument 'cmake_clean_first' from command line to 'False'
[0.232s] Level 5:colcon.colcon_core.verb:set package 'limo_msgs' build argument 'cmake_force_configure' from command line to 'False'
[0.232s] Level 5:colcon.colcon_core.verb:set package 'limo_msgs' build argument 'ament_cmake_args' from command line to 'None'
[0.232s] Level 5:colcon.colcon_core.verb:set package 'limo_msgs' build argument 'catkin_cmake_args' from command line to 'None'
[0.232s] Level 5:colcon.colcon_core.verb:set package 'limo_msgs' build argument 'catkin_skip_building_tests' from command line to 'False'
[0.232s] DEBUG:colcon.colcon_core.verb:Building package 'limo_msgs' with the following arguments: {'ament_cmake_args': None, 'build_base': '/home/hansol/project/build/limo_msgs', 'catkin_cmake_args': None, 'catkin_skip_building_tests': False, 'cmake_args': None, 'cmake_clean_cache': False, 'cmake_clean_first': False, 'cmake_force_configure': False, 'cmake_target': None, 'cmake_target_skip_unavailable': False, 'install_base': '/home/hansol/project/install/limo_msgs', 'merge_install': False, 'path': '/home/hansol/project/src/limo_ros2/limo_msgs', 'symlink_install': True, 'test_result_base': None}
[0.232s] Level 5:colcon.colcon_core.verb:set package 'limo_ros2_application' build argument 'cmake_args' from command line to 'None'
[0.232s] Level 5:colcon.colcon_core.verb:set package 'limo_ros2_application' build argument 'cmake_target' from command line to 'None'
[0.232s] Level 5:colcon.colcon_core.verb:set package 'limo_ros2_application' build argument 'cmake_target_skip_unavailable' from command line to 'False'
[0.232s] Level 5:colcon.colcon_core.verb:set package 'limo_ros2_application' build argument 'cmake_clean_cache' from command line to 'False'
[0.232s] Level 5:colcon.colcon_core.verb:set package 'limo_ros2_application' build argument 'cmake_clean_first' from command line to 'False'
[0.232s] Level 5:colcon.colcon_core.verb:set package 'limo_ros2_application' build argument 'cmake_force_configure' from command line to 'False'
[0.232s] Level 5:colcon.colcon_core.verb:set package 'limo_ros2_application' build argument 'ament_cmake_args' from command line to 'None'
[0.232s] Level 5:colcon.colcon_core.verb:set package 'limo_ros2_application' build argument 'catkin_cmake_args' from command line to 'None'
[0.232s] Level 5:colcon.colcon_core.verb:set package 'limo_ros2_application' build argument 'catkin_skip_building_tests' from command line to 'False'
[0.233s] DEBUG:colcon.colcon_core.verb:Building package 'limo_ros2_application' with the following arguments: {'ament_cmake_args': None, 'build_base': '/home/hansol/project/build/limo_ros2_application', 'catkin_cmake_args': None, 'catkin_skip_building_tests': False, 'cmake_args': None, 'cmake_clean_cache': False, 'cmake_clean_first': False, 'cmake_force_configure': False, 'cmake_target': None, 'cmake_target_skip_unavailable': False, 'install_base': '/home/hansol/project/install/limo_ros2_application', 'merge_install': False, 'path': '/home/hansol/project/src/limo_ros2/limo_ros2_application', 'symlink_install': True, 'test_result_base': None}
[0.233s] Level 5:colcon.colcon_core.verb:set package 'prototype_move' build argument 'cmake_args' from command line to 'None'
[0.233s] Level 5:colcon.colcon_core.verb:set package 'prototype_move' build argument 'cmake_target' from command line to 'None'
[0.233s] Level 5:colcon.colcon_core.verb:set package 'prototype_move' build argument 'cmake_target_skip_unavailable' from command line to 'False'
[0.233s] Level 5:colcon.colcon_core.verb:set package 'prototype_move' build argument 'cmake_clean_cache' from command line to 'False'
[0.233s] Level 5:colcon.colcon_core.verb:set package 'prototype_move' build argument 'cmake_clean_first' from command line to 'False'
[0.233s] Level 5:colcon.colcon_core.verb:set package 'prototype_move' build argument 'cmake_force_configure' from command line to 'False'
[0.233s] Level 5:colcon.colcon_core.verb:set package 'prototype_move' build argument 'ament_cmake_args' from command line to 'None'
[0.233s] Level 5:colcon.colcon_core.verb:set package 'prototype_move' build argument 'catkin_cmake_args' from command line to 'None'
[0.233s] Level 5:colcon.colcon_core.verb:set package 'prototype_move' build argument 'catkin_skip_building_tests' from command line to 'False'
[0.233s] DEBUG:colcon.colcon_core.verb:Building package 'prototype_move' with the following arguments: {'ament_cmake_args': None, 'build_base': '/home/hansol/project/build/prototype_move', 'catkin_cmake_args': None, 'catkin_skip_building_tests': False, 'cmake_args': None, 'cmake_clean_cache': False, 'cmake_clean_first': False, 'cmake_force_configure': False, 'cmake_target': None, 'cmake_target_skip_unavailable': False, 'install_base': '/home/hansol/project/install/prototype_move', 'merge_install': False, 'path': '/home/hansol/project/src/prototype_move', 'symlink_install': True, 'test_result_base': None}
[0.233s] Level 5:colcon.colcon_core.verb:set package 'limo_base' build argument 'cmake_args' from command line to 'None'
[0.233s] Level 5:colcon.colcon_core.verb:set package 'limo_base' build argument 'cmake_target' from command line to 'None'
[0.233s] Level 5:colcon.colcon_core.verb:set package 'limo_base' build argument 'cmake_target_skip_unavailable' from command line to 'False'
[0.233s] Level 5:colcon.colcon_core.verb:set package 'limo_base' build argument 'cmake_clean_cache' from command line to 'False'
[0.233s] Level 5:colcon.colcon_core.verb:set package 'limo_base' build argument 'cmake_clean_first' from command line to 'False'
[0.233s] Level 5:colcon.colcon_core.verb:set package 'limo_base' build argument 'cmake_force_configure' from command line to 'False'
[0.233s] Level 5:colcon.colcon_core.verb:set package 'limo_base' build argument 'ament_cmake_args' from command line to 'None'
[0.233s] Level 5:colcon.colcon_core.verb:set package 'limo_base' build argument 'catkin_cmake_args' from command line to 'None'
[0.233s] Level 5:colcon.colcon_core.verb:set package 'limo_base' build argument 'catkin_skip_building_tests' from command line to 'False'
[0.233s] DEBUG:colcon.colcon_core.verb:Building package 'limo_base' with the following arguments: {'ament_cmake_args': None, 'build_base': '/home/hansol/project/build/limo_base', 'catkin_cmake_args': None, 'catkin_skip_building_tests': False, 'cmake_args': None, 'cmake_clean_cache': False, 'cmake_clean_first': False, 'cmake_force_configure': False, 'cmake_target': None, 'cmake_target_skip_unavailable': False, 'install_base': '/home/hansol/project/install/limo_base', 'merge_install': False, 'path': '/home/hansol/project/src/limo_ros2/limo_base', 'symlink_install': True, 'test_result_base': None}
[0.233s] INFO:colcon.colcon_core.executor:Executing jobs using 'parallel' executor
[0.234s] DEBUG:colcon.colcon_parallel_executor.executor.parallel:run_until_complete
[0.234s] INFO:colcon.colcon_ros.task.ament_cmake.build:Building ROS package in '/home/hansol/project/src/limo_ros2/limo_msgs' with build type 'ament_cmake'
[0.234s] INFO:colcon.colcon_cmake.task.cmake.build:Building CMake package in '/home/hansol/project/src/limo_ros2/limo_msgs'
[0.236s] INFO:colcon.colcon_core.plugin_system:Skipping extension 'colcon_core.shell.bat': Not used on non-Windows systems
[0.236s] INFO:colcon.colcon_core.shell:Skip shell extension 'powershell' for command environment: Not usable outside of PowerShell
[0.236s] DEBUG:colcon.colcon_core.shell:Skip shell extension 'dsv' for command environment
[0.238s] INFO:colcon.colcon_ros.task.ament_cmake.build:Building ROS package in '/home/hansol/project/src/limo_ros2/limo_description' with build type 'ament_cmake'
[0.238s] INFO:colcon.colcon_cmake.task.cmake.build:Building CMake package in '/home/hansol/project/src/limo_ros2/limo_description'
[0.238s] INFO:colcon.colcon_core.shell:Skip shell extension 'powershell' for command environment: Not usable outside of PowerShell
[0.238s] DEBUG:colcon.colcon_core.shell:Skip shell extension 'dsv' for command environment
[0.240s] INFO:colcon.colcon_ros.task.ament_python.build:Building ROS package in '/home/hansol/project/src/limo_ros2/limo_ros2_application' with build type 'ament_python'
[0.240s] Level 1:colcon.colcon_core.shell:create_environment_hook('limo_ros2_application', 'ament_prefix_path')
[0.240s] INFO:colcon.colcon_core.shell:Creating environment hook '/home/hansol/project/install/limo_ros2_application/share/limo_ros2_application/hook/ament_prefix_path.ps1'
[0.241s] INFO:colcon.colcon_core.shell:Creating environment descriptor '/home/hansol/project/install/limo_ros2_application/share/limo_ros2_application/hook/ament_prefix_path.dsv'
[0.241s] INFO:colcon.colcon_core.shell:Creating environment hook '/home/hansol/project/install/limo_ros2_application/share/limo_ros2_application/hook/ament_prefix_path.sh'
[0.241s] INFO:colcon.colcon_core.shell:Skip shell extension 'powershell' for command environment: Not usable outside of PowerShell
[0.241s] DEBUG:colcon.colcon_core.shell:Skip shell extension 'dsv' for command environment
[0.243s] INFO:colcon.colcon_ros.task.ament_python.build:Building ROS package in '/home/hansol/project/src/prototype_move' with build type 'ament_python'
[0.243s] Level 1:colcon.colcon_core.shell:create_environment_hook('prototype_move', 'ament_prefix_path')
[0.244s] INFO:colcon.colcon_core.shell:Creating environment hook '/home/hansol/project/install/prototype_move/share/prototype_move/hook/ament_prefix_path.ps1'
[0.244s] INFO:colcon.colcon_core.shell:Creating environment descriptor '/home/hansol/project/install/prototype_move/share/prototype_move/hook/ament_prefix_path.dsv'
[0.244s] INFO:colcon.colcon_core.shell:Creating environment hook '/home/hansol/project/install/prototype_move/share/prototype_move/hook/ament_prefix_path.sh'
[0.247s] INFO:colcon.colcon_core.shell:Skip shell extension 'powershell' for command environment: Not usable outside of PowerShell
[0.247s] DEBUG:colcon.colcon_core.shell:Skip shell extension 'dsv' for command environment
[0.255s] DEBUG:colcon.colcon_core.event_handler.log_command:Invoking command in '/home/hansol/project/build/limo_msgs': CMAKE_PREFIX_PATH=${CMAKE_PREFIX_PATH}:/home/hansol/project/install/prototype_move:/home/hansol/project/install/limo_ros2_application:/opt/ros/humble /usr/bin/cmake --build /home/hansol/project/build/limo_msgs -- -j12 -l12
[0.258s] DEBUG:colcon.colcon_core.event_handler.log_command:Invoking command in '/home/hansol/project/build/limo_description': CMAKE_PREFIX_PATH=${CMAKE_PREFIX_PATH}:/home/hansol/project/install/prototype_move:/home/hansol/project/install/limo_ros2_application:/opt/ros/humble /usr/bin/cmake --build /home/hansol/project/build/limo_description -- -j12 -l12
[0.504s] INFO:colcon.colcon_core.task.python.build:Building Python package in '/home/hansol/project/src/limo_ros2/limo_ros2_application'
[0.504s] INFO:colcon.colcon_core.shell:Skip shell extension 'powershell' for command environment: Not usable outside of PowerShell
[0.504s] DEBUG:colcon.colcon_core.shell:Skip shell extension 'dsv' for command environment
[0.663s] INFO:colcon.colcon_core.task.python.build:Building Python package in '/home/hansol/project/src/prototype_move'
[0.664s] INFO:colcon.colcon_core.shell:Skip shell extension 'powershell' for command environment: Not usable outside of PowerShell
[0.664s] DEBUG:colcon.colcon_core.shell:Skip shell extension 'dsv' for command environment
[0.669s] DEBUG:colcon.colcon_core.event_handler.log_command:Invoked command in '/home/hansol/project/build/limo_description' returned '0': CMAKE_PREFIX_PATH=${CMAKE_PREFIX_PATH}:/home/hansol/project/install/prototype_move:/home/hansol/project/install/limo_ros2_application:/opt/ros/humble /usr/bin/cmake --build /home/hansol/project/build/limo_description -- -j12 -l12
[0.672s] DEBUG:colcon.colcon_core.event_handler.log_command:Invoked command in '/home/hansol/project/build/limo_msgs' returned '0': CMAKE_PREFIX_PATH=${CMAKE_PREFIX_PATH}:/home/hansol/project/install/prototype_move:/home/hansol/project/install/limo_ros2_application:/opt/ros/humble /usr/bin/cmake --build /home/hansol/project/build/limo_msgs -- -j12 -l12
[0.689s] DEBUG:colcon.colcon_core.event_handler.log_command:Invoking command in '/home/hansol/project/build/limo_description': CMAKE_PREFIX_PATH=${CMAKE_PREFIX_PATH}:/home/hansol/project/install/prototype_move:/home/hansol/project/install/limo_ros2_application:/opt/ros/humble /usr/bin/cmake --install /home/hansol/project/build/limo_description
[0.716s] Level 1:colcon.colcon_core.environment:create_environment_scripts_only(limo_description)
[0.717s] DEBUG:colcon.colcon_core.event_handler.log_command:Invoked command in '/home/hansol/project/build/limo_description' returned '0': CMAKE_PREFIX_PATH=${CMAKE_PREFIX_PATH}:/home/hansol/project/install/prototype_move:/home/hansol/project/install/limo_ros2_application:/opt/ros/humble /usr/bin/cmake --install /home/hansol/project/build/limo_description
[0.722s] Level 1:colcon.colcon_core.environment:checking '/home/hansol/project/install/limo_description' for CMake module files
[0.723s] Level 1:colcon.colcon_core.environment:checking '/home/hansol/project/install/limo_description' for CMake config files
[0.724s] Level 1:colcon.colcon_core.shell:create_environment_hook('limo_description', 'cmake_prefix_path')
[0.724s] INFO:colcon.colcon_core.shell:Creating environment hook '/home/hansol/project/install/limo_description/share/limo_description/hook/cmake_prefix_path.ps1'
[0.724s] INFO:colcon.colcon_core.shell:Creating environment descriptor '/home/hansol/project/install/limo_description/share/limo_description/hook/cmake_prefix_path.dsv'
[0.725s] INFO:colcon.colcon_core.shell:Creating environment hook '/home/hansol/project/install/limo_description/share/limo_description/hook/cmake_prefix_path.sh'
[0.726s] Level 1:colcon.colcon_core.environment:checking '/home/hansol/project/install/limo_description/bin'
[0.726s] Level 1:colcon.colcon_core.environment:checking '/home/hansol/project/install/limo_description/lib/pkgconfig/limo_description.pc'
[0.726s] Level 1:colcon.colcon_core.environment:checking '/home/hansol/project/install/limo_description/lib/python3.10/site-packages'
[0.726s] Level 1:colcon.colcon_core.environment:checking '/home/hansol/project/install/limo_description/bin'
[0.727s] INFO:colcon.colcon_core.shell:Creating package script '/home/hansol/project/install/limo_description/share/limo_description/package.ps1'
[0.728s] INFO:colcon.colcon_core.shell:Creating package descriptor '/home/hansol/project/install/limo_description/share/limo_description/package.dsv'
[0.728s] INFO:colcon.colcon_core.shell:Creating package script '/home/hansol/project/install/limo_description/share/limo_description/package.sh'
[0.729s] INFO:colcon.colcon_core.shell:Creating package script '/home/hansol/project/install/limo_description/share/limo_description/package.bash'
[0.730s] INFO:colcon.colcon_core.shell:Creating package script '/home/hansol/project/install/limo_description/share/limo_description/package.zsh'
[0.731s] Level 1:colcon.colcon_core.environment:create_file_with_runtime_dependencies(/home/hansol/project/install/limo_description/share/colcon-core/packages/limo_description)
[0.735s] DEBUG:colcon.colcon_core.event_handler.log_command:Invoking command in '/home/hansol/project/build/limo_msgs': CMAKE_PREFIX_PATH=${CMAKE_PREFIX_PATH}:/home/hansol/project/install/prototype_move:/home/hansol/project/install/limo_ros2_application:/opt/ros/humble /usr/bin/cmake --install /home/hansol/project/build/limo_msgs
[0.757s] Level 1:colcon.colcon_core.environment:create_environment_scripts_only(limo_description)
[0.758s] Level 1:colcon.colcon_core.environment:checking '/home/hansol/project/install/limo_description' for CMake module files
[0.762s] Level 1:colcon.colcon_core.environment:checking '/home/hansol/project/install/limo_description' for CMake config files
[0.765s] Level 1:colcon.colcon_core.shell:create_environment_hook('limo_description', 'cmake_prefix_path')
[0.766s] INFO:colcon.colcon_core.shell:Creating environment hook '/home/hansol/project/install/limo_description/share/limo_description/hook/cmake_prefix_path.ps1'
[0.767s] INFO:colcon.colcon_core.shell:Creating environment descriptor '/home/hansol/project/install/limo_description/share/limo_description/hook/cmake_prefix_path.dsv'
[0.767s] INFO:colcon.colcon_core.shell:Creating environment hook '/home/hansol/project/install/limo_description/share/limo_description/hook/cmake_prefix_path.sh'
[0.768s] Level 1:colcon.colcon_core.environment:checking '/home/hansol/project/install/limo_description/bin'
[0.769s] Level 1:colcon.colcon_core.environment:checking '/home/hansol/project/install/limo_description/lib/pkgconfig/limo_description.pc'
[0.769s] Level 1:colcon.colcon_core.environment:checking '/home/hansol/project/install/limo_description/lib/python3.10/site-packages'
[0.769s] Level 1:colcon.colcon_core.environment:checking '/home/hansol/project/install/limo_description/bin'
[0.770s] INFO:colcon.colcon_core.shell:Creating package script '/home/hansol/project/install/limo_description/share/limo_description/package.ps1'
[0.770s] INFO:colcon.colcon_core.shell:Creating package descriptor '/home/hansol/project/install/limo_description/share/limo_description/package.dsv'
[0.771s] INFO:colcon.colcon_core.shell:Creating package script '/home/hansol/project/install/limo_description/share/limo_description/package.sh'
[0.771s] INFO:colcon.colcon_core.shell:Creating package script '/home/hansol/project/install/limo_description/share/limo_description/package.bash'
[0.771s] INFO:colcon.colcon_core.shell:Creating package script '/home/hansol/project/install/limo_description/share/limo_description/package.zsh'
[0.772s] Level 1:colcon.colcon_core.environment:create_file_with_runtime_dependencies(/home/hansol/project/install/limo_description/share/colcon-core/packages/limo_description)
[0.809s] Level 1:colcon.colcon_core.environment:create_environment_scripts_only(limo_msgs)
[0.809s] Level 1:colcon.colcon_core.environment:checking '/home/hansol/project/install/limo_msgs' for CMake module files
[0.809s] DEBUG:colcon.colcon_core.event_handler.log_command:Invoked command in '/home/hansol/project/build/limo_msgs' returned '0': CMAKE_PREFIX_PATH=${CMAKE_PREFIX_PATH}:/home/hansol/project/install/prototype_move:/home/hansol/project/install/limo_ros2_application:/opt/ros/humble /usr/bin/cmake --install /home/hansol/project/build/limo_msgs
[0.810s] Level 1:colcon.colcon_core.environment:checking '/home/hansol/project/install/limo_msgs' for CMake config files
[0.810s] Level 1:colcon.colcon_core.shell:create_environment_hook('limo_msgs', 'cmake_prefix_path')
[0.811s] INFO:colcon.colcon_core.shell:Creating environment hook '/home/hansol/project/install/limo_msgs/share/limo_msgs/hook/cmake_prefix_path.ps1'
[0.811s] INFO:colcon.colcon_core.shell:Creating environment descriptor '/home/hansol/project/install/limo_msgs/share/limo_msgs/hook/cmake_prefix_path.dsv'
[0.811s] INFO:colcon.colcon_core.shell:Creating environment hook '/home/hansol/project/install/limo_msgs/share/limo_msgs/hook/cmake_prefix_path.sh'
[0.812s] Level 1:colcon.colcon_core.environment:checking '/home/hansol/project/install/limo_msgs/lib'
[0.812s] Level 1:colcon.colcon_core.shell:create_environment_hook('limo_msgs', 'ld_library_path_lib')
[0.812s] INFO:colcon.colcon_core.shell:Creating environment hook '/home/hansol/project/install/limo_msgs/share/limo_msgs/hook/ld_library_path_lib.ps1'
[0.812s] INFO:colcon.colcon_core.shell:Creating environment descriptor '/home/hansol/project/install/limo_msgs/share/limo_msgs/hook/ld_library_path_lib.dsv'
[0.813s] INFO:colcon.colcon_core.shell:Creating environment hook '/home/hansol/project/install/limo_msgs/share/limo_msgs/hook/ld_library_path_lib.sh'
[0.813s] Level 1:colcon.colcon_core.environment:checking '/home/hansol/project/install/limo_msgs/bin'
[0.813s] Level 1:colcon.colcon_core.environment:checking '/home/hansol/project/install/limo_msgs/lib/pkgconfig/limo_msgs.pc'
[0.813s] Level 1:colcon.colcon_core.environment:checking '/home/hansol/project/install/limo_msgs/lib/python3.10/site-packages'
[0.813s] Level 1:colcon.colcon_core.environment:checking '/home/hansol/project/install/limo_msgs/bin'
[0.814s] INFO:colcon.colcon_core.shell:Creating package script '/home/hansol/project/install/limo_msgs/share/limo_msgs/package.ps1'
[0.814s] INFO:colcon.colcon_core.shell:Creating package descriptor '/home/hansol/project/install/limo_msgs/share/limo_msgs/package.dsv'
[0.814s] INFO:colcon.colcon_core.shell:Creating package script '/home/hansol/project/install/limo_msgs/share/limo_msgs/package.sh'
[0.815s] INFO:colcon.colcon_core.shell:Creating package script '/home/hansol/project/install/limo_msgs/share/limo_msgs/package.bash'
[0.815s] INFO:colcon.colcon_core.shell:Creating package script '/home/hansol/project/install/limo_msgs/share/limo_msgs/package.zsh'
[0.815s] Level 1:colcon.colcon_core.environment:create_file_with_runtime_dependencies(/home/hansol/project/install/limo_msgs/share/colcon-core/packages/limo_msgs)
[0.852s] Level 1:colcon.colcon_core.environment:create_environment_scripts_only(limo_msgs)
[0.853s] Level 1:colcon.colcon_core.environment:checking '/home/hansol/project/install/limo_msgs' for CMake module files
[0.853s] Level 1:colcon.colcon_core.environment:checking '/home/hansol/project/install/limo_msgs' for CMake config files
[0.854s] Level 1:colcon.colcon_core.shell:create_environment_hook('limo_msgs', 'cmake_prefix_path')
[0.854s] INFO:colcon.colcon_core.shell:Creating environment hook '/home/hansol/project/install/limo_msgs/share/limo_msgs/hook/cmake_prefix_path.ps1'
[0.855s] INFO:colcon.colcon_core.shell:Creating environment descriptor '/home/hansol/project/install/limo_msgs/share/limo_msgs/hook/cmake_prefix_path.dsv'
[0.855s] INFO:colcon.colcon_core.shell:Creating environment hook '/home/hansol/project/install/limo_msgs/share/limo_msgs/hook/cmake_prefix_path.sh'
[0.856s] Level 1:colcon.colcon_core.environment:checking '/home/hansol/project/install/limo_msgs/lib'
[0.856s] Level 1:colcon.colcon_core.shell:create_environment_hook('limo_msgs', 'ld_library_path_lib')
[0.856s] INFO:colcon.colcon_core.shell:Creating environment hook '/home/hansol/project/install/limo_msgs/share/limo_msgs/hook/ld_library_path_lib.ps1'
[0.857s] INFO:colcon.colcon_core.shell:Creating environment descriptor '/home/hansol/project/install/limo_msgs/share/limo_msgs/hook/ld_library_path_lib.dsv'
[0.857s] INFO:colcon.colcon_core.shell:Creating environment hook '/home/hansol/project/install/limo_msgs/share/limo_msgs/hook/ld_library_path_lib.sh'
[0.857s] Level 1:colcon.colcon_core.environment:checking '/home/hansol/project/install/limo_msgs/bin'
[0.857s] Level 1:colcon.colcon_core.environment:checking '/home/hansol/project/install/limo_msgs/lib/pkgconfig/limo_msgs.pc'
[0.858s] Level 1:colcon.colcon_core.environment:checking '/home/hansol/project/install/limo_msgs/lib/python3.10/site-packages'
[0.858s] Level 1:colcon.colcon_core.environment:checking '/home/hansol/project/install/limo_msgs/bin'
[0.858s] INFO:colcon.colcon_core.shell:Creating package script '/home/hansol/project/install/limo_msgs/share/limo_msgs/package.ps1'
[0.859s] INFO:colcon.colcon_core.shell:Creating package descriptor '/home/hansol/project/install/limo_msgs/share/limo_msgs/package.dsv'
[0.860s] INFO:colcon.colcon_core.shell:Creating package script '/home/hansol/project/install/limo_msgs/share/limo_msgs/package.sh'
[0.860s] INFO:colcon.colcon_core.shell:Creating package script '/home/hansol/project/install/limo_msgs/share/limo_msgs/package.bash'
[0.860s] INFO:colcon.colcon_core.shell:Creating package script '/home/hansol/project/install/limo_msgs/share/limo_msgs/package.zsh'
[0.861s] Level 1:colcon.colcon_core.environment:create_file_with_runtime_dependencies(/home/hansol/project/install/limo_msgs/share/colcon-core/packages/limo_msgs)
[0.861s] INFO:colcon.colcon_ros.task.ament_cmake.build:Building ROS package in '/home/hansol/project/src/limo_ros2/limo_base' with build type 'ament_cmake'
[0.861s] INFO:colcon.colcon_cmake.task.cmake.build:Building CMake package in '/home/hansol/project/src/limo_ros2/limo_base'
[0.862s] INFO:colcon.colcon_core.shell:Skip shell extension 'powershell' for command environment: Not usable outside of PowerShell
[0.862s] DEBUG:colcon.colcon_core.shell:Skip shell extension 'dsv' for command environment
[0.872s] DEBUG:colcon.colcon_core.event_handler.log_command:Invoking command in '/home/hansol/project/build/limo_base': CMAKE_PREFIX_PATH=/home/hansol/project/install/limo_msgs:/home/hansol/project/install/limo_base:/home/hansol/project/install/limo_description:/home/hansol/project/install/prototype_move:/home/hansol/project/install/limo_ros2_application:/opt/ros/humble /usr/bin/cmake --build /home/hansol/project/build/limo_base -- -j12 -l12
[0.917s] DEBUG:colcon.colcon_core.event_handler.log_command:Invoked command in '/home/hansol/project/build/limo_base' returned '0': CMAKE_PREFIX_PATH=/home/hansol/project/install/limo_msgs:/home/hansol/project/install/limo_base:/home/hansol/project/install/limo_description:/home/hansol/project/install/prototype_move:/home/hansol/project/install/limo_ros2_application:/opt/ros/humble /usr/bin/cmake --build /home/hansol/project/build/limo_base -- -j12 -l12
[0.942s] DEBUG:colcon.colcon_core.event_handler.log_command:Invoking command in '/home/hansol/project/build/limo_base': CMAKE_PREFIX_PATH=/home/hansol/project/install/limo_msgs:/home/hansol/project/install/limo_base:/home/hansol/project/install/limo_description:/home/hansol/project/install/prototype_move:/home/hansol/project/install/limo_ros2_application:/opt/ros/humble /usr/bin/cmake --install /home/hansol/project/build/limo_base
[0.967s] Level 1:colcon.colcon_core.environment:create_environment_scripts_only(limo_base)
[0.968s] Level 1:colcon.colcon_core.environment:checking '/home/hansol/project/install/limo_base' for CMake module files
[0.969s] DEBUG:colcon.colcon_core.event_handler.log_command:Invoked command in '/home/hansol/project/build/limo_base' returned '0': CMAKE_PREFIX_PATH=/home/hansol/project/install/limo_msgs:/home/hansol/project/install/limo_base:/home/hansol/project/install/limo_description:/home/hansol/project/install/prototype_move:/home/hansol/project/install/limo_ros2_application:/opt/ros/humble /usr/bin/cmake --install /home/hansol/project/build/limo_base
[0.969s] Level 1:colcon.colcon_core.environment:checking '/home/hansol/project/install/limo_base' for CMake config files
[0.970s] Level 1:colcon.colcon_core.shell:create_environment_hook('limo_base', 'cmake_prefix_path')
[0.970s] INFO:colcon.colcon_core.shell:Creating environment hook '/home/hansol/project/install/limo_base/share/limo_base/hook/cmake_prefix_path.ps1'
[0.971s] INFO:colcon.colcon_core.shell:Creating environment descriptor '/home/hansol/project/install/limo_base/share/limo_base/hook/cmake_prefix_path.dsv'
[0.971s] INFO:colcon.colcon_core.shell:Creating environment hook '/home/hansol/project/install/limo_base/share/limo_base/hook/cmake_prefix_path.sh'
[0.972s] Level 1:colcon.colcon_core.environment:checking '/home/hansol/project/install/limo_base/lib'
[0.972s] Level 1:colcon.colcon_core.environment:checking '/home/hansol/project/install/limo_base/bin'
[0.972s] Level 1:colcon.colcon_core.environment:checking '/home/hansol/project/install/limo_base/lib/pkgconfig/limo_base.pc'
[0.973s] Level 1:colcon.colcon_core.environment:checking '/home/hansol/project/install/limo_base/lib/python3.10/site-packages'
[0.973s] Level 1:colcon.colcon_core.environment:checking '/home/hansol/project/install/limo_base/bin'
[0.973s] INFO:colcon.colcon_core.shell:Creating package script '/home/hansol/project/install/limo_base/share/limo_base/package.ps1'
[0.974s] INFO:colcon.colcon_core.shell:Creating package descriptor '/home/hansol/project/install/limo_base/share/limo_base/package.dsv'
[0.974s] INFO:colcon.colcon_core.shell:Creating package script '/home/hansol/project/install/limo_base/share/limo_base/package.sh'
[0.975s] INFO:colcon.colcon_core.shell:Creating package script '/home/hansol/project/install/limo_base/share/limo_base/package.bash'
[0.975s] INFO:colcon.colcon_core.shell:Creating package script '/home/hansol/project/install/limo_base/share/limo_base/package.zsh'
[0.976s] Level 1:colcon.colcon_core.environment:create_file_with_runtime_dependencies(/home/hansol/project/install/limo_base/share/colcon-core/packages/limo_base)
[0.990s] DEBUG:colcon.colcon_core.event_handler.log_command:Invoking command in '/home/hansol/project/build/limo_ros2_application': PYTHONPATH=/home/hansol/project/build/limo_ros2_application/prefix_override:/home/hansol/project/install/limo_ros2_application/lib/python3.10/site-packages:${PYTHONPATH} /usr/bin/python3 -W ignore:setup.py install is deprecated setup.py develop --editable --build-directory /home/hansol/project/build/limo_ros2_application/build --no-deps symlink_data
[1.001s] Level 1:colcon.colcon_core.environment:create_environment_scripts_only(limo_base)
[1.001s] Level 1:colcon.colcon_core.environment:checking '/home/hansol/project/install/limo_base' for CMake module files
[1.002s] Level 1:colcon.colcon_core.environment:checking '/home/hansol/project/install/limo_base' for CMake config files
[1.002s] Level 1:colcon.colcon_core.shell:create_environment_hook('limo_base', 'cmake_prefix_path')
[1.002s] INFO:colcon.colcon_core.shell:Creating environment hook '/home/hansol/project/install/limo_base/share/limo_base/hook/cmake_prefix_path.ps1'
[1.003s] INFO:colcon.colcon_core.shell:Creating environment descriptor '/home/hansol/project/install/limo_base/share/limo_base/hook/cmake_prefix_path.dsv'
[1.003s] INFO:colcon.colcon_core.shell:Creating environment hook '/home/hansol/project/install/limo_base/share/limo_base/hook/cmake_prefix_path.sh'
[1.003s] Level 1:colcon.colcon_core.environment:checking '/home/hansol/project/install/limo_base/lib'
[1.003s] Level 1:colcon.colcon_core.environment:checking '/home/hansol/project/install/limo_base/bin'
[1.003s] Level 1:colcon.colcon_core.environment:checking '/home/hansol/project/install/limo_base/lib/pkgconfig/limo_base.pc'
[1.003s] Level 1:colcon.colcon_core.environment:checking '/home/hansol/project/install/limo_base/lib/python3.10/site-packages'
[1.004s] Level 1:colcon.colcon_core.environment:checking '/home/hansol/project/install/limo_base/bin'
[1.004s] INFO:colcon.colcon_core.shell:Creating package script '/home/hansol/project/install/limo_base/share/limo_base/package.ps1'
[1.004s] INFO:colcon.colcon_core.shell:Creating package descriptor '/home/hansol/project/install/limo_base/share/limo_base/package.dsv'
[1.004s] INFO:colcon.colcon_core.shell:Creating package script '/home/hansol/project/install/limo_base/share/limo_base/package.sh'
[1.004s] INFO:colcon.colcon_core.shell:Creating package script '/home/hansol/project/install/limo_base/share/limo_base/package.bash'
[1.005s] INFO:colcon.colcon_core.shell:Creating package script '/home/hansol/project/install/limo_base/share/limo_base/package.zsh'
[1.005s] Level 1:colcon.colcon_core.environment:create_file_with_runtime_dependencies(/home/hansol/project/install/limo_base/share/colcon-core/packages/limo_base)
[1.102s] DEBUG:colcon.colcon_core.event_handler.log_command:Invoking command in '/home/hansol/project/build/prototype_move': PYTHONPATH=/home/hansol/project/build/prototype_move/prefix_override:/home/hansol/project/install/prototype_move/lib/python3.10/site-packages:${PYTHONPATH} /usr/bin/python3 -W ignore:setup.py install is deprecated setup.py develop --editable --build-directory /home/hansol/project/build/prototype_move/build --no-deps symlink_data
[1.386s] Level 1:colcon.colcon_core.shell:create_environment_hook('limo_ros2_application', 'pythonpath_develop')
[1.387s] INFO:colcon.colcon_core.shell:Creating environment hook '/home/hansol/project/build/limo_ros2_application/share/limo_ros2_application/hook/pythonpath_develop.ps1'
[1.387s] DEBUG:colcon.colcon_core.event_handler.log_command:Invoked command in '/home/hansol/project/build/limo_ros2_application' returned '0': PYTHONPATH=/home/hansol/project/build/limo_ros2_application/prefix_override:/home/hansol/project/install/limo_ros2_application/lib/python3.10/site-packages:${PYTHONPATH} /usr/bin/python3 -W ignore:setup.py install is deprecated setup.py develop --editable --build-directory /home/hansol/project/build/limo_ros2_application/build --no-deps symlink_data
[1.388s] INFO:colcon.colcon_core.shell:Creating environment descriptor '/home/hansol/project/build/limo_ros2_application/share/limo_ros2_application/hook/pythonpath_develop.dsv'
[1.388s] INFO:colcon.colcon_core.shell:Creating environment hook '/home/hansol/project/build/limo_ros2_application/share/limo_ros2_application/hook/pythonpath_develop.sh'
[1.389s] Level 1:colcon.colcon_core.environment:checking '/home/hansol/project/install/limo_ros2_application' for CMake module files
[1.390s] Level 1:colcon.colcon_core.environment:checking '/home/hansol/project/install/limo_ros2_application' for CMake config files
[1.390s] Level 1:colcon.colcon_core.environment:checking '/home/hansol/project/install/limo_ros2_application/lib'
[1.391s] Level 1:colcon.colcon_core.environment:checking '/home/hansol/project/install/limo_ros2_application/bin'
[1.391s] Level 1:colcon.colcon_core.environment:checking '/home/hansol/project/install/limo_ros2_application/lib/pkgconfig/limo_ros2_application.pc'
[1.391s] Level 1:colcon.colcon_core.environment:checking '/home/hansol/project/install/limo_ros2_application/lib/python3.10/site-packages'
[1.391s] Level 1:colcon.colcon_core.shell:create_environment_hook('limo_ros2_application', 'pythonpath')
[1.391s] INFO:colcon.colcon_core.shell:Creating environment hook '/home/hansol/project/install/limo_ros2_application/share/limo_ros2_application/hook/pythonpath.ps1'
[1.392s] INFO:colcon.colcon_core.shell:Creating environment descriptor '/home/hansol/project/install/limo_ros2_application/share/limo_ros2_application/hook/pythonpath.dsv'
[1.392s] INFO:colcon.colcon_core.shell:Creating environment hook '/home/hansol/project/install/limo_ros2_application/share/limo_ros2_application/hook/pythonpath.sh'
[1.393s] Level 1:colcon.colcon_core.environment:checking '/home/hansol/project/install/limo_ros2_application/bin'
[1.393s] Level 1:colcon.colcon_core.environment:create_environment_scripts_only(limo_ros2_application)
[1.394s] INFO:colcon.colcon_core.shell:Creating package script '/home/hansol/project/install/limo_ros2_application/share/limo_ros2_application/package.ps1'
[1.394s] INFO:colcon.colcon_core.shell:Creating package descriptor '/home/hansol/project/install/limo_ros2_application/share/limo_ros2_application/package.dsv'
[1.395s] INFO:colcon.colcon_core.shell:Creating package script '/home/hansol/project/install/limo_ros2_application/share/limo_ros2_application/package.sh'
[1.396s] INFO:colcon.colcon_core.shell:Creating package script '/home/hansol/project/install/limo_ros2_application/share/limo_ros2_application/package.bash'
[1.396s] INFO:colcon.colcon_core.shell:Creating package script '/home/hansol/project/install/limo_ros2_application/share/limo_ros2_application/package.zsh'
[1.397s] Level 1:colcon.colcon_core.environment:create_file_with_runtime_dependencies(/home/hansol/project/install/limo_ros2_application/share/colcon-core/packages/limo_ros2_application)
[1.562s] Level 1:colcon.colcon_core.shell:create_environment_hook('prototype_move', 'pythonpath_develop')
[1.562s] INFO:colcon.colcon_core.shell:Creating environment hook '/home/hansol/project/build/prototype_move/share/prototype_move/hook/pythonpath_develop.ps1'
[1.562s] DEBUG:colcon.colcon_core.event_handler.log_command:Invoked command in '/home/hansol/project/build/prototype_move' returned '0': PYTHONPATH=/home/hansol/project/build/prototype_move/prefix_override:/home/hansol/project/install/prototype_move/lib/python3.10/site-packages:${PYTHONPATH} /usr/bin/python3 -W ignore:setup.py install is deprecated setup.py develop --editable --build-directory /home/hansol/project/build/prototype_move/build --no-deps symlink_data
[1.563s] INFO:colcon.colcon_core.shell:Creating environment descriptor '/home/hansol/project/build/prototype_move/share/prototype_move/hook/pythonpath_develop.dsv'
[1.564s] INFO:colcon.colcon_core.shell:Creating environment hook '/home/hansol/project/build/prototype_move/share/prototype_move/hook/pythonpath_develop.sh'
[1.564s] Level 1:colcon.colcon_core.environment:checking '/home/hansol/project/install/prototype_move' for CMake module files
[1.565s] Level 1:colcon.colcon_core.environment:checking '/home/hansol/project/install/prototype_move' for CMake config files
[1.565s] Level 1:colcon.colcon_core.environment:checking '/home/hansol/project/install/prototype_move/lib'
[1.566s] Level 1:colcon.colcon_core.environment:checking '/home/hansol/project/install/prototype_move/bin'
[1.566s] Level 1:colcon.colcon_core.environment:checking '/home/hansol/project/install/prototype_move/lib/pkgconfig/prototype_move.pc'
[1.566s] Level 1:colcon.colcon_core.environment:checking '/home/hansol/project/install/prototype_move/lib/python3.10/site-packages'
[1.566s] Level 1:colcon.colcon_core.shell:create_environment_hook('prototype_move', 'pythonpath')
[1.566s] INFO:colcon.colcon_core.shell:Creating environment hook '/home/hansol/project/install/prototype_move/share/prototype_move/hook/pythonpath.ps1'
[1.567s] INFO:colcon.colcon_core.shell:Creating environment descriptor '/home/hansol/project/install/prototype_move/share/prototype_move/hook/pythonpath.dsv'
[1.567s] INFO:colcon.colcon_core.shell:Creating environment hook '/home/hansol/project/install/prototype_move/share/prototype_move/hook/pythonpath.sh'
[1.567s] Level 1:colcon.colcon_core.environment:checking '/home/hansol/project/install/prototype_move/bin'
[1.567s] Level 1:colcon.colcon_core.environment:create_environment_scripts_only(prototype_move)
[1.567s] INFO:colcon.colcon_core.shell:Creating package script '/home/hansol/project/install/prototype_move/share/prototype_move/package.ps1'
[1.568s] INFO:colcon.colcon_core.shell:Creating package descriptor '/home/hansol/project/install/prototype_move/share/prototype_move/package.dsv'
[1.568s] INFO:colcon.colcon_core.shell:Creating package script '/home/hansol/project/install/prototype_move/share/prototype_move/package.sh'
[1.568s] INFO:colcon.colcon_core.shell:Creating package script '/home/hansol/project/install/prototype_move/share/prototype_move/package.bash'
[1.568s] INFO:colcon.colcon_core.shell:Creating package script '/home/hansol/project/install/prototype_move/share/prototype_move/package.zsh'
[1.568s] Level 1:colcon.colcon_core.environment:create_file_with_runtime_dependencies(/home/hansol/project/install/prototype_move/share/colcon-core/packages/prototype_move)
[1.568s] DEBUG:colcon.colcon_parallel_executor.executor.parallel:closing loop
[1.569s] DEBUG:colcon.colcon_parallel_executor.executor.parallel:loop closed
[1.569s] DEBUG:colcon.colcon_parallel_executor.executor.parallel:run_until_complete finished with '0'
[1.569s] DEBUG:colcon.colcon_core.event_reactor:joining thread
[1.574s] INFO:colcon.colcon_core.plugin_system:Skipping extension 'colcon_notification.desktop_notification.terminal_notifier': Not used on non-Darwin systems
[1.575s] INFO:colcon.colcon_core.plugin_system:Skipping extension 'colcon_notification.desktop_notification.win32': Not used on non-Windows systems
[1.575s] INFO:colcon.colcon_notification.desktop_notification:Sending desktop notification using 'notify2'
[1.584s] DEBUG:colcon.colcon_core.event_reactor:joined thread
[1.584s] INFO:colcon.colcon_core.shell:Creating prefix script '/home/hansol/project/install/local_setup.ps1'
[1.585s] INFO:colcon.colcon_core.shell:Creating prefix util module '/home/hansol/project/install/_local_setup_util_ps1.py'
[1.585s] INFO:colcon.colcon_core.shell:Creating prefix chain script '/home/hansol/project/install/setup.ps1'
[1.586s] INFO:colcon.colcon_core.shell:Creating prefix script '/home/hansol/project/install/local_setup.sh'
[1.586s] INFO:colcon.colcon_core.shell:Creating prefix util module '/home/hansol/project/install/_local_setup_util_sh.py'
[1.587s] INFO:colcon.colcon_core.shell:Creating prefix chain script '/home/hansol/project/install/setup.sh'
[1.588s] INFO:colcon.colcon_core.shell:Creating prefix script '/home/hansol/project/install/local_setup.bash'
[1.588s] INFO:colcon.colcon_core.shell:Creating prefix chain script '/home/hansol/project/install/setup.bash'
[1.589s] INFO:colcon.colcon_core.shell:Creating prefix script '/home/hansol/project/install/local_setup.zsh'
[1.589s] INFO:colcon.colcon_core.shell:Creating prefix chain script '/home/hansol/project/install/setup.zsh'
