[0.065s] Invoking command in '/home/pi/Prototype_Military/prototype_military/build/prototype_motor': CMAKE_PREFIX_PATH=/home/pi/Prototype_Military/prototype_military/install/prototype_move:/opt/ros/humble /usr/bin/cmake --build /home/pi/Prototype_Military/prototype_military/build/prototype_motor -- -j4 -l4
[0.175s] -- Found ament_cmake: 1.3.10 (/opt/ros/humble/share/ament_cmake/cmake)
[0.795s] -- Found rclcpp: 16.0.10 (/opt/ros/humble/share/rclcpp/cmake)
[0.944s] -- Found rosidl_generator_c: 3.1.5 (/opt/ros/humble/share/rosidl_generator_c/cmake)
[0.956s] -- Found rosidl_adapter: 3.1.5 (/opt/ros/humble/share/rosidl_adapter/cmake)
[0.982s] -- Found rosidl_generator_cpp: 3.1.5 (/opt/ros/humble/share/rosidl_generator_cpp/cmake)
[1.026s] -- Using all available rosidl_typesupport_c: rosidl_typesupport_fastrtps_c;rosidl_typesupport_introspection_c
[1.083s] -- Using all available rosidl_typesupport_cpp: rosidl_typesupport_fastrtps_cpp;rosidl_typesupport_introspection_cpp
[1.232s] -- Found rmw_implementation_cmake: 6.1.2 (/opt/ros/humble/share/rmw_implementation_cmake/cmake)
[1.240s] -- Found rmw_fastrtps_cpp: 6.2.7 (/opt/ros/humble/share/rmw_fastrtps_cpp/cmake)
[1.805s] -- Using RMW implementation 'rmw_fastrtps_cpp' as default
[2.019s] -- Found sensor_msgs: 4.2.4 (/opt/ros/humble/share/sensor_msgs/cmake)
[2.211s] -- Found Boost: /usr/lib/aarch64-linux-gnu/cmake/Boost-1.74.0/BoostConfig.cmake (found version "1.74.0") found components: system 
[2.215s] -- Found ament_lint_auto: 0.12.11 (/opt/ros/humble/share/ament_lint_auto/cmake)
[2.533s] [31mCMake Error at CMakeLists.txt:29 (target_link_libraries):
[2.533s]   Cannot specify link libraries for target "nuriomotor" which is not built by
[2.534s]   this project.
[2.535s] 
[2.535s] [0m
[2.540s] -- Configuring incomplete, errors occurred!
[2.541s] See also "/home/pi/Prototype_Military/prototype_military/build/prototype_motor/CMakeFiles/CMakeOutput.log".
[2.565s] gmake: *** [Makefile:267: cmake_check_build_system] Error 1
[2.573s] Invoked command in '/home/pi/Prototype_Military/prototype_military/build/prototype_motor' returned '2': CMAKE_PREFIX_PATH=/home/pi/Prototype_Military/prototype_military/install/prototype_move:/opt/ros/humble /usr/bin/cmake --build /home/pi/Prototype_Military/prototype_military/build/prototype_motor -- -j4 -l4
