[0.019s] Invoking command in '/home/orin/Prototype_Military/prototype_military/build/realsense2_description': AMENT_PREFIX_PATH=/home/orin/Prototype_Military/prototype_military/install/realsense2_camera_msgs:${AMENT_PREFIX_PATH} CMAKE_PREFIX_PATH=/home/orin/Prototype_Military/prototype_military/install/realsense2_camera_msgs:/opt/ros/humble LD_LIBRARY_PATH=/home/orin/Prototype_Military/prototype_military/install/realsense2_camera_msgs/lib:${LD_LIBRARY_PATH} PYTHONPATH=/home/orin/Prototype_Military/prototype_military/install/realsense2_camera_msgs/local/lib/python3.10/dist-packages:${PYTHONPATH} /usr/bin/cmake /home/orin/Prototype_Military/prototype_military/src/realsense-ros/realsense2_description -DCMAKE_INSTALL_PREFIX=/home/orin/Prototype_Military/prototype_military/install/realsense2_description
[0.103s] -- The C compiler identification is GNU 11.4.0
[0.533s] -- The CXX compiler identification is GNU 11.4.0
[0.546s] -- Detecting C compiler ABI info
[0.664s] -- Detecting C compiler ABI info - done
[0.676s] -- Check for working C compiler: /usr/bin/cc - skipped
[0.676s] -- Detecting C compile features
[0.677s] -- Detecting C compile features - done
[0.682s] -- Detecting CXX compiler ABI info
[0.934s] -- Detecting CXX compiler ABI info - done
[0.949s] -- Check for working CXX compiler: /usr/bin/c++ - skipped
[0.950s] -- Detecting CXX compile features
[0.951s] -- Detecting CXX compile features - done
[0.957s] -- Found ament_cmake: 1.3.10 (/opt/ros/humble/share/ament_cmake/cmake)
[1.235s] -- Found Python3: /usr/bin/python3 (found version "3.10.12") found components: Interpreter 
[1.539s] -- Configuring done
[1.545s] -- Generating done
[1.546s] -- Build files have been written to: /home/orin/Prototype_Military/prototype_military/build/realsense2_description
[1.556s] Invoked command in '/home/orin/Prototype_Military/prototype_military/build/realsense2_description' returned '0': AMENT_PREFIX_PATH=/home/orin/Prototype_Military/prototype_military/install/realsense2_camera_msgs:${AMENT_PREFIX_PATH} CMAKE_PREFIX_PATH=/home/orin/Prototype_Military/prototype_military/install/realsense2_camera_msgs:/opt/ros/humble LD_LIBRARY_PATH=/home/orin/Prototype_Military/prototype_military/install/realsense2_camera_msgs/lib:${LD_LIBRARY_PATH} PYTHONPATH=/home/orin/Prototype_Military/prototype_military/install/realsense2_camera_msgs/local/lib/python3.10/dist-packages:${PYTHONPATH} /usr/bin/cmake /home/orin/Prototype_Military/prototype_military/src/realsense-ros/realsense2_description -DCMAKE_INSTALL_PREFIX=/home/orin/Prototype_Military/prototype_military/install/realsense2_description
[1.559s] Invoking command in '/home/orin/Prototype_Military/prototype_military/build/realsense2_description': AMENT_PREFIX_PATH=/home/orin/Prototype_Military/prototype_military/install/realsense2_camera_msgs:${AMENT_PREFIX_PATH} CMAKE_PREFIX_PATH=/home/orin/Prototype_Military/prototype_military/install/realsense2_camera_msgs:/opt/ros/humble LD_LIBRARY_PATH=/home/orin/Prototype_Military/prototype_military/install/realsense2_camera_msgs/lib:${LD_LIBRARY_PATH} PYTHONPATH=/home/orin/Prototype_Military/prototype_military/install/realsense2_camera_msgs/local/lib/python3.10/dist-packages:${PYTHONPATH} /usr/bin/cmake --build /home/orin/Prototype_Military/prototype_military/build/realsense2_description -- -j8 -l8
[1.622s] Invoked command in '/home/orin/Prototype_Military/prototype_military/build/realsense2_description' returned '0': AMENT_PREFIX_PATH=/home/orin/Prototype_Military/prototype_military/install/realsense2_camera_msgs:${AMENT_PREFIX_PATH} CMAKE_PREFIX_PATH=/home/orin/Prototype_Military/prototype_military/install/realsense2_camera_msgs:/opt/ros/humble LD_LIBRARY_PATH=/home/orin/Prototype_Military/prototype_military/install/realsense2_camera_msgs/lib:${LD_LIBRARY_PATH} PYTHONPATH=/home/orin/Prototype_Military/prototype_military/install/realsense2_camera_msgs/local/lib/python3.10/dist-packages:${PYTHONPATH} /usr/bin/cmake --build /home/orin/Prototype_Military/prototype_military/build/realsense2_description -- -j8 -l8
[1.658s] Invoking command in '/home/orin/Prototype_Military/prototype_military/build/realsense2_description': AMENT_PREFIX_PATH=/home/orin/Prototype_Military/prototype_military/install/realsense2_camera_msgs:${AMENT_PREFIX_PATH} CMAKE_PREFIX_PATH=/home/orin/Prototype_Military/prototype_military/install/realsense2_camera_msgs:/opt/ros/humble LD_LIBRARY_PATH=/home/orin/Prototype_Military/prototype_military/install/realsense2_camera_msgs/lib:${LD_LIBRARY_PATH} PYTHONPATH=/home/orin/Prototype_Military/prototype_military/install/realsense2_camera_msgs/local/lib/python3.10/dist-packages:${PYTHONPATH} /usr/bin/cmake --install /home/orin/Prototype_Military/prototype_military/build/realsense2_description
[1.671s] -- Install configuration: ""
[1.671s] -- Installing: /home/orin/Prototype_Military/prototype_military/install/realsense2_description/share/realsense2_description/launch
[1.672s] -- Installing: /home/orin/Prototype_Military/prototype_military/install/realsense2_description/share/realsense2_description/launch/launch_utils.py
[1.672s] -- Installing: /home/orin/Prototype_Military/prototype_military/install/realsense2_description/share/realsense2_description/launch/view_model.launch.py
[1.672s] -- Installing: /home/orin/Prototype_Military/prototype_military/install/realsense2_description/share/realsense2_description/meshes
[1.672s] -- Installing: /home/orin/Prototype_Military/prototype_military/install/realsense2_description/share/realsense2_description/meshes/d405.stl
[1.673s] -- Installing: /home/orin/Prototype_Military/prototype_military/install/realsense2_description/share/realsense2_description/meshes/plug.stl
[1.673s] -- Installing: /home/orin/Prototype_Military/prototype_military/install/realsense2_description/share/realsense2_description/meshes/d415.stl
[1.713s] -- Installing: /home/orin/Prototype_Military/prototype_military/install/realsense2_description/share/realsense2_description/meshes/d435.dae
[1.740s] -- Installing: /home/orin/Prototype_Military/prototype_military/install/realsense2_description/share/realsense2_description/meshes/plug_collision.stl
[1.740s] -- Installing: /home/orin/Prototype_Military/prototype_military/install/realsense2_description/share/realsense2_description/meshes/l515.dae
[1.792s] -- Installing: /home/orin/Prototype_Military/prototype_military/install/realsense2_description/share/realsense2_description/meshes/d455.stl
[1.797s] -- Installing: /home/orin/Prototype_Military/prototype_military/install/realsense2_description/share/realsense2_description/rviz
[1.797s] -- Installing: /home/orin/Prototype_Military/prototype_military/install/realsense2_description/share/realsense2_description/rviz/urdf.rviz
[1.797s] -- Installing: /home/orin/Prototype_Military/prototype_military/install/realsense2_description/share/realsense2_description/urdf
[1.797s] -- Installing: /home/orin/Prototype_Military/prototype_military/install/realsense2_description/share/realsense2_description/urdf/test_d435_multiple_cameras.urdf.xacro
[1.797s] -- Installing: /home/orin/Prototype_Military/prototype_military/install/realsense2_description/share/realsense2_description/urdf/_materials.urdf.xacro
[1.798s] -- Installing: /home/orin/Prototype_Military/prototype_military/install/realsense2_description/share/realsense2_description/urdf/test_d455_camera.urdf.xacro
[1.798s] -- Installing: /home/orin/Prototype_Military/prototype_military/install/realsense2_description/share/realsense2_description/urdf/test_r430_camera.urdf.xacro
[1.798s] -- Installing: /home/orin/Prototype_Military/prototype_military/install/realsense2_description/share/realsense2_description/urdf/_r430.urdf.xacro
[1.798s] -- Installing: /home/orin/Prototype_Military/prototype_military/install/realsense2_description/share/realsense2_description/urdf/_d415.urdf.xacro
[1.798s] -- Installing: /home/orin/Prototype_Military/prototype_military/install/realsense2_description/share/realsense2_description/urdf/_d435i_imu_modules.urdf.xacro
[1.798s] -- Installing: /home/orin/Prototype_Military/prototype_military/install/realsense2_description/share/realsense2_description/urdf/test_r410_camera.urdf.xacro
[1.799s] -- Installing: /home/orin/Prototype_Military/prototype_military/install/realsense2_description/share/realsense2_description/urdf/test_d435i_camera.urdf.xacro
[1.799s] -- Installing: /home/orin/Prototype_Military/prototype_military/install/realsense2_description/share/realsense2_description/urdf/test_d435_camera.urdf.xacro
[1.799s] -- Installing: /home/orin/Prototype_Military/prototype_military/install/realsense2_description/share/realsense2_description/urdf/_d435.urdf.xacro
[1.799s] -- Installing: /home/orin/Prototype_Military/prototype_military/install/realsense2_description/share/realsense2_description/urdf/test_d415_camera.urdf.xacro
[1.799s] -- Installing: /home/orin/Prototype_Military/prototype_military/install/realsense2_description/share/realsense2_description/urdf/_d405.urdf.xacro
[1.799s] -- Installing: /home/orin/Prototype_Military/prototype_military/install/realsense2_description/share/realsense2_description/urdf/_r410.urdf.xacro
[1.800s] -- Installing: /home/orin/Prototype_Military/prototype_military/install/realsense2_description/share/realsense2_description/urdf/_usb_plug.urdf.xacro
[1.800s] -- Installing: /home/orin/Prototype_Military/prototype_military/install/realsense2_description/share/realsense2_description/urdf/_d435i.urdf.xacro
[1.800s] -- Installing: /home/orin/Prototype_Military/prototype_military/install/realsense2_description/share/realsense2_description/urdf/_d455.urdf.xacro
[1.800s] -- Installing: /home/orin/Prototype_Military/prototype_military/install/realsense2_description/share/realsense2_description/urdf/test_d405_camera.urdf.xacro
[1.801s] -- Installing: /home/orin/Prototype_Military/prototype_military/install/realsense2_description/share/ament_index/resource_index/package_run_dependencies/realsense2_description
[1.801s] -- Installing: /home/orin/Prototype_Military/prototype_military/install/realsense2_description/share/ament_index/resource_index/parent_prefix_path/realsense2_description
[1.801s] -- Installing: /home/orin/Prototype_Military/prototype_military/install/realsense2_description/share/realsense2_description/environment/ament_prefix_path.sh
[1.802s] -- Installing: /home/orin/Prototype_Military/prototype_military/install/realsense2_description/share/realsense2_description/environment/ament_prefix_path.dsv
[1.802s] -- Installing: /home/orin/Prototype_Military/prototype_military/install/realsense2_description/share/realsense2_description/environment/path.sh
[1.802s] -- Installing: /home/orin/Prototype_Military/prototype_military/install/realsense2_description/share/realsense2_description/environment/path.dsv
[1.802s] -- Installing: /home/orin/Prototype_Military/prototype_military/install/realsense2_description/share/realsense2_description/local_setup.bash
[1.802s] -- Installing: /home/orin/Prototype_Military/prototype_military/install/realsense2_description/share/realsense2_description/local_setup.sh
[1.803s] -- Installing: /home/orin/Prototype_Military/prototype_military/install/realsense2_description/share/realsense2_description/local_setup.zsh
[1.803s] -- Installing: /home/orin/Prototype_Military/prototype_military/install/realsense2_description/share/realsense2_description/local_setup.dsv
[1.803s] -- Installing: /home/orin/Prototype_Military/prototype_military/install/realsense2_description/share/realsense2_description/package.dsv
[1.803s] -- Installing: /home/orin/Prototype_Military/prototype_military/install/realsense2_description/share/ament_index/resource_index/packages/realsense2_description
[1.804s] -- Installing: /home/orin/Prototype_Military/prototype_military/install/realsense2_description/share/realsense2_description/cmake/realsense2_descriptionConfig.cmake
[1.804s] -- Installing: /home/orin/Prototype_Military/prototype_military/install/realsense2_description/share/realsense2_description/cmake/realsense2_descriptionConfig-version.cmake
[1.804s] -- Installing: /home/orin/Prototype_Military/prototype_military/install/realsense2_description/share/realsense2_description/package.xml
[1.809s] Invoked command in '/home/orin/Prototype_Military/prototype_military/build/realsense2_description' returned '0': AMENT_PREFIX_PATH=/home/orin/Prototype_Military/prototype_military/install/realsense2_camera_msgs:${AMENT_PREFIX_PATH} CMAKE_PREFIX_PATH=/home/orin/Prototype_Military/prototype_military/install/realsense2_camera_msgs:/opt/ros/humble LD_LIBRARY_PATH=/home/orin/Prototype_Military/prototype_military/install/realsense2_camera_msgs/lib:${LD_LIBRARY_PATH} PYTHONPATH=/home/orin/Prototype_Military/prototype_military/install/realsense2_camera_msgs/local/lib/python3.10/dist-packages:${PYTHONPATH} /usr/bin/cmake --install /home/orin/Prototype_Military/prototype_military/build/realsense2_description
