[0.014s] Invoking command in '/home/hansol/project/build/dynamixel_sdk_examples': AMENT_PREFIX_PATH=/home/hansol/project/install/dynamixel_sdk_custom_interfaces:/home/hansol/project/install/dynamixel_sdk:${AMENT_PREFIX_PATH} CMAKE_PREFIX_PATH=/home/hansol/project/install/dynamixel_sdk_custom_interfaces:/home/hansol/project/install/dynamixel_sdk:/opt/ros/humble LD_LIBRARY_PATH=/home/hansol/project/install/dynamixel_sdk_custom_interfaces/lib:/home/hansol/project/install/dynamixel_sdk/lib:${LD_LIBRARY_PATH} PYTHONPATH=/home/hansol/project/install/dynamixel_sdk_custom_interfaces/local/lib/python3.10/dist-packages:${PYTHONPATH} /usr/bin/cmake /home/hansol/project/src/DynamixelSDK/dynamixel_sdk_examples -DAMENT_CMAKE_SYMLINK_INSTALL=1 -DCMAKE_INSTALL_PREFIX=/home/hansol/project/install/dynamixel_sdk_examples
[0.071s] -- The C compiler identification is GNU 11.4.0
[0.119s] -- The CXX compiler identification is GNU 11.4.0
[0.126s] -- Detecting C compiler ABI info
[0.186s] -- Detecting C compiler ABI info - done
[0.195s] -- Check for working C compiler: /usr/bin/cc - skipped
[0.196s] -- Detecting C compile features
[0.196s] -- Detecting C compile features - done
[0.200s] -- Detecting CXX compiler ABI info
[0.291s] -- Detecting CXX compiler ABI info - done
[0.301s] -- Check for working CXX compiler: /usr/bin/c++ - skipped
[0.301s] -- Detecting CXX compile features
[0.302s] -- Detecting CXX compile features - done
[0.305s] -- Found ament_cmake: 1.3.9 (/opt/ros/humble/share/ament_cmake/cmake)
[0.435s] -- Found Python3: /usr/bin/python3 (found version "3.10.12") found components: Interpreter 
[0.499s] -- Override CMake install command with custom implementation using symlinks instead of copying resources
[0.539s] -- Found dynamixel_sdk: 3.7.60 (/home/hansol/project/install/dynamixel_sdk/share/dynamixel_sdk/cmake)
[0.541s] -- Found dynamixel_sdk_custom_interfaces: 3.7.60 (/home/hansol/project/install/dynamixel_sdk_custom_interfaces/share/dynamixel_sdk_custom_interfaces/cmake)
[0.582s] -- Found rosidl_generator_c: 3.1.5 (/opt/ros/humble/share/rosidl_generator_c/cmake)
[0.587s] -- Found rosidl_adapter: 3.1.5 (/opt/ros/humble/share/rosidl_adapter/cmake)
[0.595s] -- Found rosidl_generator_cpp: 3.1.5 (/opt/ros/humble/share/rosidl_generator_cpp/cmake)
[0.607s] -- Using all available rosidl_typesupport_c: rosidl_typesupport_fastrtps_c;rosidl_typesupport_introspection_c
[0.625s] -- Using all available rosidl_typesupport_cpp: rosidl_typesupport_fastrtps_cpp;rosidl_typesupport_introspection_cpp
[0.674s] -- Found rclcpp: 16.0.9 (/opt/ros/humble/share/rclcpp/cmake)
[0.726s] -- Found rmw_implementation_cmake: 6.1.2 (/opt/ros/humble/share/rmw_implementation_cmake/cmake)
[0.728s] -- Found rmw_fastrtps_cpp: 6.2.6 (/opt/ros/humble/share/rmw_fastrtps_cpp/cmake)
[0.820s] -- Found OpenSSL: /usr/lib/x86_64-linux-gnu/libcrypto.so (found version "3.0.2")  
[0.857s] -- Found FastRTPS: /opt/ros/humble/include  
[0.918s] -- Using RMW implementation 'rmw_fastrtps_cpp' as default
[0.927s] -- Looking for pthread.h
[0.980s] -- Looking for pthread.h - found
[0.980s] -- Performing Test CMAKE_HAVE_LIBC_PTHREAD
[1.059s] -- Performing Test CMAKE_HAVE_LIBC_PTHREAD - Success
[1.061s] -- Found Threads: TRUE  
[1.259s] -- Found ament_lint_auto: 0.12.11 (/opt/ros/humble/share/ament_lint_auto/cmake)
[1.371s] -- Added test 'copyright' to check source files copyright and LICENSE
[1.372s] -- Added test 'cppcheck' to perform static code analysis on C / C++ code
[1.373s] -- Configured cppcheck include dirs: /home/hansol/project/src/DynamixelSDK/dynamixel_sdk_examples/include
[1.373s] -- Configured cppcheck exclude dirs and/or files: 
[1.373s] -- Added test 'cpplint' to check C / C++ code against the Google style
[1.373s] -- Configured cpplint exclude dirs and/or files: 
[1.374s] -- Added test 'lint_cmake' to check CMake code style
[1.375s] -- Added test 'uncrustify' to check C / C++ code style
[1.375s] -- Configured uncrustify additional arguments: 
[1.375s] -- Added test 'xmllint' to check XML markup files
[1.376s] -- Configuring done
[1.385s] -- Generating done
[1.387s] -- Build files have been written to: /home/hansol/project/build/dynamixel_sdk_examples
[1.396s] Invoked command in '/home/hansol/project/build/dynamixel_sdk_examples' returned '0': AMENT_PREFIX_PATH=/home/hansol/project/install/dynamixel_sdk_custom_interfaces:/home/hansol/project/install/dynamixel_sdk:${AMENT_PREFIX_PATH} CMAKE_PREFIX_PATH=/home/hansol/project/install/dynamixel_sdk_custom_interfaces:/home/hansol/project/install/dynamixel_sdk:/opt/ros/humble LD_LIBRARY_PATH=/home/hansol/project/install/dynamixel_sdk_custom_interfaces/lib:/home/hansol/project/install/dynamixel_sdk/lib:${LD_LIBRARY_PATH} PYTHONPATH=/home/hansol/project/install/dynamixel_sdk_custom_interfaces/local/lib/python3.10/dist-packages:${PYTHONPATH} /usr/bin/cmake /home/hansol/project/src/DynamixelSDK/dynamixel_sdk_examples -DAMENT_CMAKE_SYMLINK_INSTALL=1 -DCMAKE_INSTALL_PREFIX=/home/hansol/project/install/dynamixel_sdk_examples
[1.397s] Invoking command in '/home/hansol/project/build/dynamixel_sdk_examples': AMENT_PREFIX_PATH=/home/hansol/project/install/dynamixel_sdk_custom_interfaces:/home/hansol/project/install/dynamixel_sdk:${AMENT_PREFIX_PATH} CMAKE_PREFIX_PATH=/home/hansol/project/install/dynamixel_sdk_custom_interfaces:/home/hansol/project/install/dynamixel_sdk:/opt/ros/humble LD_LIBRARY_PATH=/home/hansol/project/install/dynamixel_sdk_custom_interfaces/lib:/home/hansol/project/install/dynamixel_sdk/lib:${LD_LIBRARY_PATH} PYTHONPATH=/home/hansol/project/install/dynamixel_sdk_custom_interfaces/local/lib/python3.10/dist-packages:${PYTHONPATH} /usr/bin/cmake --build /home/hansol/project/build/dynamixel_sdk_examples -- -j12 -l12
[1.449s] [ 50%] [32mBuilding CXX object CMakeFiles/read_write_node.dir/src/read_write_node.cpp.o[0m
[7.083s] [100%] [32m[1mLinking CXX executable read_write_node[0m
[7.326s] [100%] Built target read_write_node
[7.337s] Invoked command in '/home/hansol/project/build/dynamixel_sdk_examples' returned '0': AMENT_PREFIX_PATH=/home/hansol/project/install/dynamixel_sdk_custom_interfaces:/home/hansol/project/install/dynamixel_sdk:${AMENT_PREFIX_PATH} CMAKE_PREFIX_PATH=/home/hansol/project/install/dynamixel_sdk_custom_interfaces:/home/hansol/project/install/dynamixel_sdk:/opt/ros/humble LD_LIBRARY_PATH=/home/hansol/project/install/dynamixel_sdk_custom_interfaces/lib:/home/hansol/project/install/dynamixel_sdk/lib:${LD_LIBRARY_PATH} PYTHONPATH=/home/hansol/project/install/dynamixel_sdk_custom_interfaces/local/lib/python3.10/dist-packages:${PYTHONPATH} /usr/bin/cmake --build /home/hansol/project/build/dynamixel_sdk_examples -- -j12 -l12
[7.351s] Invoking command in '/home/hansol/project/build/dynamixel_sdk_examples': AMENT_PREFIX_PATH=/home/hansol/project/install/dynamixel_sdk_custom_interfaces:/home/hansol/project/install/dynamixel_sdk:${AMENT_PREFIX_PATH} CMAKE_PREFIX_PATH=/home/hansol/project/install/dynamixel_sdk_custom_interfaces:/home/hansol/project/install/dynamixel_sdk:/opt/ros/humble LD_LIBRARY_PATH=/home/hansol/project/install/dynamixel_sdk_custom_interfaces/lib:/home/hansol/project/install/dynamixel_sdk/lib:${LD_LIBRARY_PATH} PYTHONPATH=/home/hansol/project/install/dynamixel_sdk_custom_interfaces/local/lib/python3.10/dist-packages:${PYTHONPATH} /usr/bin/cmake --install /home/hansol/project/build/dynamixel_sdk_examples
[7.355s] -- Install configuration: ""
[7.356s] -- Execute custom install script
[7.356s] -- Symlinking: /home/hansol/project/install/dynamixel_sdk_examples/lib/dynamixel_sdk_examples/read_write_node
[7.361s] -- Symlinking: /home/hansol/project/install/dynamixel_sdk_examples/share/ament_index/resource_index/package_run_dependencies/dynamixel_sdk_examples
[7.366s] -- Symlinking: /home/hansol/project/install/dynamixel_sdk_examples/share/ament_index/resource_index/parent_prefix_path/dynamixel_sdk_examples
[7.371s] -- Symlinking: /home/hansol/project/install/dynamixel_sdk_examples/share/dynamixel_sdk_examples/environment/ament_prefix_path.sh
[7.376s] -- Symlinking: /home/hansol/project/install/dynamixel_sdk_examples/share/dynamixel_sdk_examples/environment/ament_prefix_path.dsv
[7.381s] -- Symlinking: /home/hansol/project/install/dynamixel_sdk_examples/share/dynamixel_sdk_examples/environment/path.sh
[7.386s] -- Symlinking: /home/hansol/project/install/dynamixel_sdk_examples/share/dynamixel_sdk_examples/environment/path.dsv
[7.391s] -- Symlinking: /home/hansol/project/install/dynamixel_sdk_examples/share/dynamixel_sdk_examples/local_setup.bash
[7.396s] -- Symlinking: /home/hansol/project/install/dynamixel_sdk_examples/share/dynamixel_sdk_examples/local_setup.sh
[7.400s] -- Symlinking: /home/hansol/project/install/dynamixel_sdk_examples/share/dynamixel_sdk_examples/local_setup.zsh
[7.405s] -- Symlinking: /home/hansol/project/install/dynamixel_sdk_examples/share/dynamixel_sdk_examples/local_setup.dsv
[7.411s] -- Symlinking: /home/hansol/project/install/dynamixel_sdk_examples/share/dynamixel_sdk_examples/package.dsv
[7.415s] -- Symlinking: /home/hansol/project/install/dynamixel_sdk_examples/share/ament_index/resource_index/packages/dynamixel_sdk_examples
[7.421s] -- Symlinking: /home/hansol/project/install/dynamixel_sdk_examples/share/dynamixel_sdk_examples/cmake/dynamixel_sdk_examplesConfig.cmake
[7.427s] -- Symlinking: /home/hansol/project/install/dynamixel_sdk_examples/share/dynamixel_sdk_examples/cmake/dynamixel_sdk_examplesConfig-version.cmake
[7.433s] -- Symlinking: /home/hansol/project/install/dynamixel_sdk_examples/share/dynamixel_sdk_examples/package.xml
[7.440s] Invoked command in '/home/hansol/project/build/dynamixel_sdk_examples' returned '0': AMENT_PREFIX_PATH=/home/hansol/project/install/dynamixel_sdk_custom_interfaces:/home/hansol/project/install/dynamixel_sdk:${AMENT_PREFIX_PATH} CMAKE_PREFIX_PATH=/home/hansol/project/install/dynamixel_sdk_custom_interfaces:/home/hansol/project/install/dynamixel_sdk:/opt/ros/humble LD_LIBRARY_PATH=/home/hansol/project/install/dynamixel_sdk_custom_interfaces/lib:/home/hansol/project/install/dynamixel_sdk/lib:${LD_LIBRARY_PATH} PYTHONPATH=/home/hansol/project/install/dynamixel_sdk_custom_interfaces/local/lib/python3.10/dist-packages:${PYTHONPATH} /usr/bin/cmake --install /home/hansol/project/build/dynamixel_sdk_examples
