[0.014s] Invoking command in '/home/orin/Prototype_Military/build/yolov8_bringup': AMENT_PREFIX_PATH=/home/orin/Prototype_Military/install/yolov8_ros:/home/orin/Prototype_Military/install/yolov8_msgs:${AMENT_PREFIX_PATH} CMAKE_PREFIX_PATH=/home/orin/Prototype_Military/install/yolov8_msgs:/opt/ros/humble LD_LIBRARY_PATH=/home/orin/Prototype_Military/install/yolov8_msgs/lib:/opt/ros/humble/opt/rviz_ogre_vendor/lib:/opt/ros/humble/lib/aarch64-linux-gnu:/opt/ros/humble/lib:/usr/local/cuda/lib64 PYTHONPATH=/home/orin/Prototype_Military/install/yolov8_ros/lib/python3.10/site-packages:/home/orin/Prototype_Military/install/yolov8_msgs/local/lib/python3.10/dist-packages:${PYTHONPATH} /usr/bin/cmake /home/orin/Prototype_Military/prototype_military/src/yolov8_ros/yolov8_bringup -DCMAKE_INSTALL_PREFIX=/home/orin/Prototype_Military/install/yolov8_bringup
[0.108s] -- The C compiler identification is GNU 11.4.0
[0.198s] -- The CXX compiler identification is GNU 11.4.0
[0.210s] -- Detecting C compiler ABI info
[0.320s] -- Detecting C compiler ABI info - done
[0.333s] -- Check for working C compiler: /usr/bin/cc - skipped
[0.333s] -- Detecting C compile features
[0.334s] -- Detecting C compile features - done
[0.339s] -- Detecting CXX compiler ABI info
[0.466s] -- Detecting CXX compiler ABI info - done
[0.478s] -- Check for working CXX compiler: /usr/bin/c++ - skipped
[0.479s] -- Detecting CXX compile features
[0.480s] -- Detecting CXX compile features - done
[0.483s] -- Found ament_cmake: 1.3.10 (/opt/ros/humble/share/ament_cmake/cmake)
[1.215s] -- Found Python3: /usr/bin/python3 (found version "3.10.12") found components: Interpreter 
[1.498s] -- Configuring done
[1.503s] -- Generating done
[1.505s] -- Build files have been written to: /home/orin/Prototype_Military/build/yolov8_bringup
[1.513s] Invoked command in '/home/orin/Prototype_Military/build/yolov8_bringup' returned '0': AMENT_PREFIX_PATH=/home/orin/Prototype_Military/install/yolov8_ros:/home/orin/Prototype_Military/install/yolov8_msgs:${AMENT_PREFIX_PATH} CMAKE_PREFIX_PATH=/home/orin/Prototype_Military/install/yolov8_msgs:/opt/ros/humble LD_LIBRARY_PATH=/home/orin/Prototype_Military/install/yolov8_msgs/lib:/opt/ros/humble/opt/rviz_ogre_vendor/lib:/opt/ros/humble/lib/aarch64-linux-gnu:/opt/ros/humble/lib:/usr/local/cuda/lib64 PYTHONPATH=/home/orin/Prototype_Military/install/yolov8_ros/lib/python3.10/site-packages:/home/orin/Prototype_Military/install/yolov8_msgs/local/lib/python3.10/dist-packages:${PYTHONPATH} /usr/bin/cmake /home/orin/Prototype_Military/prototype_military/src/yolov8_ros/yolov8_bringup -DCMAKE_INSTALL_PREFIX=/home/orin/Prototype_Military/install/yolov8_bringup
[1.515s] Invoking command in '/home/orin/Prototype_Military/build/yolov8_bringup': AMENT_PREFIX_PATH=/home/orin/Prototype_Military/install/yolov8_ros:/home/orin/Prototype_Military/install/yolov8_msgs:${AMENT_PREFIX_PATH} CMAKE_PREFIX_PATH=/home/orin/Prototype_Military/install/yolov8_msgs:/opt/ros/humble LD_LIBRARY_PATH=/home/orin/Prototype_Military/install/yolov8_msgs/lib:/opt/ros/humble/opt/rviz_ogre_vendor/lib:/opt/ros/humble/lib/aarch64-linux-gnu:/opt/ros/humble/lib:/usr/local/cuda/lib64 PYTHONPATH=/home/orin/Prototype_Military/install/yolov8_ros/lib/python3.10/site-packages:/home/orin/Prototype_Military/install/yolov8_msgs/local/lib/python3.10/dist-packages:${PYTHONPATH} /usr/bin/cmake --build /home/orin/Prototype_Military/build/yolov8_bringup -- -j12 -l12
[1.574s] Invoked command in '/home/orin/Prototype_Military/build/yolov8_bringup' returned '0': AMENT_PREFIX_PATH=/home/orin/Prototype_Military/install/yolov8_ros:/home/orin/Prototype_Military/install/yolov8_msgs:${AMENT_PREFIX_PATH} CMAKE_PREFIX_PATH=/home/orin/Prototype_Military/install/yolov8_msgs:/opt/ros/humble LD_LIBRARY_PATH=/home/orin/Prototype_Military/install/yolov8_msgs/lib:/opt/ros/humble/opt/rviz_ogre_vendor/lib:/opt/ros/humble/lib/aarch64-linux-gnu:/opt/ros/humble/lib:/usr/local/cuda/lib64 PYTHONPATH=/home/orin/Prototype_Military/install/yolov8_ros/lib/python3.10/site-packages:/home/orin/Prototype_Military/install/yolov8_msgs/local/lib/python3.10/dist-packages:${PYTHONPATH} /usr/bin/cmake --build /home/orin/Prototype_Military/build/yolov8_bringup -- -j12 -l12
[1.607s] Invoking command in '/home/orin/Prototype_Military/build/yolov8_bringup': AMENT_PREFIX_PATH=/home/orin/Prototype_Military/install/yolov8_ros:/home/orin/Prototype_Military/install/yolov8_msgs:${AMENT_PREFIX_PATH} CMAKE_PREFIX_PATH=/home/orin/Prototype_Military/install/yolov8_msgs:/opt/ros/humble LD_LIBRARY_PATH=/home/orin/Prototype_Military/install/yolov8_msgs/lib:/opt/ros/humble/opt/rviz_ogre_vendor/lib:/opt/ros/humble/lib/aarch64-linux-gnu:/opt/ros/humble/lib:/usr/local/cuda/lib64 PYTHONPATH=/home/orin/Prototype_Military/install/yolov8_ros/lib/python3.10/site-packages:/home/orin/Prototype_Military/install/yolov8_msgs/local/lib/python3.10/dist-packages:${PYTHONPATH} /usr/bin/cmake --install /home/orin/Prototype_Military/build/yolov8_bringup
[1.619s] -- Install configuration: ""
[1.619s] -- Installing: /home/orin/Prototype_Military/install/yolov8_bringup/share/yolov8_bringup//launch
[1.620s] -- Installing: /home/orin/Prototype_Military/install/yolov8_bringup/share/yolov8_bringup//launch/yolov8.launch.py
[1.620s] -- Installing: /home/orin/Prototype_Military/install/yolov8_bringup/share/yolov8_bringup//launch/yolov9.launch.py
[1.621s] -- Installing: /home/orin/Prototype_Military/install/yolov8_bringup/share/yolov8_bringup//launch/yolov8_3d.launch.py
[1.622s] -- Installing: /home/orin/Prototype_Military/install/yolov8_bringup/share/yolov8_bringup//launch/yolo-nas.launch.py
[1.622s] -- Installing: /home/orin/Prototype_Military/install/yolov8_bringup/share/yolov8_bringup//launch/yolov10.launch.py
[1.623s] -- Installing: /home/orin/Prototype_Military/install/yolov8_bringup/share/ament_index/resource_index/package_run_dependencies/yolov8_bringup
[1.623s] -- Installing: /home/orin/Prototype_Military/install/yolov8_bringup/share/ament_index/resource_index/parent_prefix_path/yolov8_bringup
[1.623s] -- Installing: /home/orin/Prototype_Military/install/yolov8_bringup/share/yolov8_bringup/environment/ament_prefix_path.sh
[1.624s] -- Installing: /home/orin/Prototype_Military/install/yolov8_bringup/share/yolov8_bringup/environment/ament_prefix_path.dsv
[1.624s] -- Installing: /home/orin/Prototype_Military/install/yolov8_bringup/share/yolov8_bringup/environment/path.sh
[1.624s] -- Installing: /home/orin/Prototype_Military/install/yolov8_bringup/share/yolov8_bringup/environment/path.dsv
[1.625s] -- Installing: /home/orin/Prototype_Military/install/yolov8_bringup/share/yolov8_bringup/local_setup.bash
[1.625s] -- Installing: /home/orin/Prototype_Military/install/yolov8_bringup/share/yolov8_bringup/local_setup.sh
[1.625s] -- Installing: /home/orin/Prototype_Military/install/yolov8_bringup/share/yolov8_bringup/local_setup.zsh
[1.625s] -- Installing: /home/orin/Prototype_Military/install/yolov8_bringup/share/yolov8_bringup/local_setup.dsv
[1.626s] -- Installing: /home/orin/Prototype_Military/install/yolov8_bringup/share/yolov8_bringup/package.dsv
[1.626s] -- Installing: /home/orin/Prototype_Military/install/yolov8_bringup/share/ament_index/resource_index/packages/yolov8_bringup
[1.626s] -- Installing: /home/orin/Prototype_Military/install/yolov8_bringup/share/yolov8_bringup/cmake/yolov8_bringupConfig.cmake
[1.626s] -- Installing: /home/orin/Prototype_Military/install/yolov8_bringup/share/yolov8_bringup/cmake/yolov8_bringupConfig-version.cmake
[1.627s] -- Installing: /home/orin/Prototype_Military/install/yolov8_bringup/share/yolov8_bringup/package.xml
[1.630s] Invoked command in '/home/orin/Prototype_Military/build/yolov8_bringup' returned '0': AMENT_PREFIX_PATH=/home/orin/Prototype_Military/install/yolov8_ros:/home/orin/Prototype_Military/install/yolov8_msgs:${AMENT_PREFIX_PATH} CMAKE_PREFIX_PATH=/home/orin/Prototype_Military/install/yolov8_msgs:/opt/ros/humble LD_LIBRARY_PATH=/home/orin/Prototype_Military/install/yolov8_msgs/lib:/opt/ros/humble/opt/rviz_ogre_vendor/lib:/opt/ros/humble/lib/aarch64-linux-gnu:/opt/ros/humble/lib:/usr/local/cuda/lib64 PYTHONPATH=/home/orin/Prototype_Military/install/yolov8_ros/lib/python3.10/site-packages:/home/orin/Prototype_Military/install/yolov8_msgs/local/lib/python3.10/dist-packages:${PYTHONPATH} /usr/bin/cmake --install /home/orin/Prototype_Military/build/yolov8_bringup
