[0.944s] Invoking command in '/home/hansol/project/build/limo_ros2_application': PYTHONPATH=/home/hansol/project/build/limo_ros2_application/prefix_override:/home/hansol/project/install/limo_ros2_application/lib/python3.10/site-packages:${PYTHONPATH} /usr/bin/python3 -W ignore:setup.py install is deprecated setup.py develop --editable --build-directory /home/hansol/project/build/limo_ros2_application/build --no-deps symlink_data
[1.217s] running develop
[1.333s] running egg_info
[1.333s] writing limo_ros2_application.egg-info/PKG-INFO
[1.334s] writing dependency_links to limo_ros2_application.egg-info/dependency_links.txt
[1.334s] writing entry points to limo_ros2_application.egg-info/entry_points.txt
[1.334s] writing requirements to limo_ros2_application.egg-info/requires.txt
[1.334s] writing top-level names to limo_ros2_application.egg-info/top_level.txt
[1.335s] reading manifest file 'limo_ros2_application.egg-info/SOURCES.txt'
[1.336s] writing manifest file 'limo_ros2_application.egg-info/SOURCES.txt'
[1.337s] running build_ext
[1.337s] Creating /home/hansol/project/install/limo_ros2_application/lib/python3.10/site-packages/limo-ros2-application.egg-link (link to .)
[1.337s] Installing detect_line script to /home/hansol/project/install/limo_ros2_application/lib/limo_ros2_application
[1.338s] Installing limo_control script to /home/hansol/project/install/limo_ros2_application/lib/limo_ros2_application
[1.338s] Installing limo_e_stop script to /home/hansol/project/install/limo_ros2_application/lib/limo_ros2_application
[1.338s] Installing move_limo script to /home/hansol/project/install/limo_ros2_application/lib/limo_ros2_application
[1.338s] 
[1.338s] Installed /home/hansol/project/build/limo_ros2_application
[1.338s] running symlink_data
[1.367s] Invoked command in '/home/hansol/project/build/limo_ros2_application' returned '0': PYTHONPATH=/home/hansol/project/build/limo_ros2_application/prefix_override:/home/hansol/project/install/limo_ros2_application/lib/python3.10/site-packages:${PYTHONPATH} /usr/bin/python3 -W ignore:setup.py install is deprecated setup.py develop --editable --build-directory /home/hansol/project/build/limo_ros2_application/build --no-deps symlink_data
