[0.046s] Invoking command in '/home/orin/Prototype_Military/prototype_military/build/yolov8_msgs': CMAKE_PREFIX_PATH=${CMAKE_PREFIX_PATH}:/home/orin/Prototype_Military/install/yolov8_ros:/home/orin/Prototype_Military/install/prototype_move:/opt/ros/humble /usr/bin/cmake --build /home/orin/Prototype_Military/prototype_military/build/yolov8_msgs -- -j12 -l12
[0.547s] [  0%] Built target yolov8_msgs__cpp
[0.547s] [ 12%] Built target yolov8_msgs__rosidl_generator_c
[0.547s] [ 12%] Built target ament_cmake_python_copy_yolov8_msgs
[0.547s] [ 36%] Built target yolov8_msgs__rosidl_typesupport_cpp
[0.547s] [ 36%] Built target yolov8_msgs__rosidl_typesupport_introspection_cpp
[0.547s] [ 47%] Built target yolov8_msgs__rosidl_typesupport_fastrtps_cpp
[0.547s] [ 59%] Built target yolov8_msgs__rosidl_typesupport_introspection_c
[0.547s] [ 71%] Built target yolov8_msgs__rosidl_typesupport_c
[0.548s] [ 83%] Built target yolov8_msgs__rosidl_typesupport_fastrtps_c
[0.548s] [ 83%] Built target yolov8_msgs
[0.548s] [ 84%] Built target yolov8_msgs__py
[0.548s] [ 95%] Built target yolov8_msgs__rosidl_generator_py
[0.548s] [ 96%] Built target yolov8_msgs__rosidl_typesupport_c__pyext
[0.548s] [ 99%] Built target yolov8_msgs__rosidl_typesupport_introspection_c__pyext
[0.548s] [100%] Built target yolov8_msgs__rosidl_typesupport_fastrtps_c__pyext
[0.665s] running egg_info
[0.696s] writing yolov8_msgs.egg-info/PKG-INFO
[0.697s] writing dependency_links to yolov8_msgs.egg-info/dependency_links.txt
[0.698s] writing top-level names to yolov8_msgs.egg-info/top_level.txt
[0.815s] reading manifest file 'yolov8_msgs.egg-info/SOURCES.txt'
[0.818s] writing manifest file 'yolov8_msgs.egg-info/SOURCES.txt'
[0.886s] [100%] Built target ament_cmake_python_build_yolov8_msgs_egg
