[0.997s] Invoking command in '/home/hansol/project/build/prototype_move': PYTHONPATH=/home/hansol/project/build/prototype_move/prefix_override:/home/hansol/project/install/prototype_move/lib/python3.10/site-packages:${PYTHONPATH} /usr/bin/python3 -W ignore:setup.py install is deprecated setup.py develop --editable --build-directory /home/hansol/project/build/prototype_move/build --no-deps symlink_data
[1.202s] running develop
[1.326s] running egg_info
[1.326s] writing prototype_move.egg-info/PKG-INFO
[1.326s] writing dependency_links to prototype_move.egg-info/dependency_links.txt
[1.326s] writing entry points to prototype_move.egg-info/entry_points.txt
[1.326s] writing requirements to prototype_move.egg-info/requires.txt
[1.327s] writing top-level names to prototype_move.egg-info/top_level.txt
[1.328s] reading manifest file 'prototype_move.egg-info/SOURCES.txt'
[1.329s] writing manifest file 'prototype_move.egg-info/SOURCES.txt'
[1.330s] running build_ext
[1.330s] Creating /home/hansol/project/install/prototype_move/lib/python3.10/site-packages/prototype-move.egg-link (link to .)
[1.331s] Installing DWMR script to /home/hansol/project/install/prototype_move/lib/prototype_move
[1.331s] Installing action script to /home/hansol/project/install/prototype_move/lib/prototype_move
[1.331s] Installing lidar_filter script to /home/hansol/project/install/prototype_move/lib/prototype_move
[1.332s] Installing move script to /home/hansol/project/install/prototype_move/lib/prototype_move
[1.332s] Installing real_move script to /home/hansol/project/install/prototype_move/lib/prototype_move
[1.332s] Installing test script to /home/hansol/project/install/prototype_move/lib/prototype_move
[1.332s] 
[1.332s] Installed /home/hansol/project/build/prototype_move
[1.332s] running symlink_data
[1.362s] Invoked command in '/home/hansol/project/build/prototype_move' returned '0': PYTHONPATH=/home/hansol/project/build/prototype_move/prefix_override:/home/hansol/project/install/prototype_move/lib/python3.10/site-packages:${PYTHONPATH} /usr/bin/python3 -W ignore:setup.py install is deprecated setup.py develop --editable --build-directory /home/hansol/project/build/prototype_move/build --no-deps symlink_data
