[0.046s] Invoking command in '/home/orin/Prototype_Military/prototype_military/build/yolov8_msgs': CMAKE_PREFIX_PATH=${CMAKE_PREFIX_PATH}:/home/orin/Prototype_Military/install/yolov8_ros:/home/orin/Prototype_Military/install/prototype_move:/opt/ros/humble /usr/bin/cmake --build /home/orin/Prototype_Military/prototype_military/build/yolov8_msgs -- -j12 -l12
[0.550s] [  0%] Built target yolov8_msgs__cpp
[0.552s] [ 12%] Built target yolov8_msgs__rosidl_generator_c
[0.553s] [ 12%] Built target ament_cmake_python_copy_yolov8_msgs
[0.553s] [ 30%] Built target yolov8_msgs__rosidl_typesupport_introspection_cpp
[0.554s] [ 36%] Built target yolov8_msgs__rosidl_typesupport_cpp
[0.554s] [ 47%] Built target yolov8_msgs__rosidl_typesupport_fastrtps_cpp
[0.555s] [ 59%] Built target yolov8_msgs__rosidl_typesupport_c
[0.555s] [ 71%] Built target yolov8_msgs__rosidl_typesupport_fastrtps_c
[0.556s] [ 83%] Built target yolov8_msgs__rosidl_typesupport_introspection_c
[0.556s] [ 83%] Built target yolov8_msgs
[0.557s] [ 84%] Built target yolov8_msgs__py
[0.558s] [ 95%] Built target yolov8_msgs__rosidl_generator_py
[0.558s] [ 99%] Built target yolov8_msgs__rosidl_typesupport_c__pyext
[0.558s] [100%] Built target yolov8_msgs__rosidl_typesupport_introspection_c__pyext
[0.558s] [100%] Built target yolov8_msgs__rosidl_typesupport_fastrtps_c__pyext
[0.657s] running egg_info
[0.698s] writing yolov8_msgs.egg-info/PKG-INFO
[0.698s] writing dependency_links to yolov8_msgs.egg-info/dependency_links.txt
[0.699s] writing top-level names to yolov8_msgs.egg-info/top_level.txt
[0.817s] reading manifest file 'yolov8_msgs.egg-info/SOURCES.txt'
[0.820s] writing manifest file 'yolov8_msgs.egg-info/SOURCES.txt'
[0.891s] [100%] Built target ament_cmake_python_build_yolov8_msgs_egg
[0.913s] Invoked command in '/home/orin/Prototype_Military/prototype_military/build/yolov8_msgs' returned '0': CMAKE_PREFIX_PATH=${CMAKE_PREFIX_PATH}:/home/orin/Prototype_Military/install/yolov8_ros:/home/orin/Prototype_Military/install/prototype_move:/opt/ros/humble /usr/bin/cmake --build /home/orin/Prototype_Military/prototype_military/build/yolov8_msgs -- -j12 -l12
[1.340s] Invoking command in '/home/orin/Prototype_Military/prototype_military/build/yolov8_msgs': CMAKE_PREFIX_PATH=${CMAKE_PREFIX_PATH}:/home/orin/Prototype_Military/install/yolov8_ros:/home/orin/Prototype_Military/install/prototype_move:/opt/ros/humble /usr/bin/cmake --install /home/orin/Prototype_Military/prototype_military/build/yolov8_msgs
[1.356s] -- Install configuration: ""
[1.356s] -- Installing: /home/orin/Prototype_Military/prototype_military/install/yolov8_msgs/share/ament_index/resource_index/rosidl_interfaces/yolov8_msgs
[1.356s] -- Installing: /home/orin/Prototype_Military/prototype_military/install/yolov8_msgs/include/yolov8_msgs/yolov8_msgs
[1.357s] -- Installing: /home/orin/Prototype_Military/prototype_military/install/yolov8_msgs/include/yolov8_msgs/yolov8_msgs/msg
[1.357s] -- Installing: /home/orin/Prototype_Military/prototype_military/install/yolov8_msgs/include/yolov8_msgs/yolov8_msgs/msg/mask.h
[1.357s] -- Installing: /home/orin/Prototype_Military/prototype_military/install/yolov8_msgs/include/yolov8_msgs/yolov8_msgs/msg/point2_d.h
[1.357s] -- Installing: /home/orin/Prototype_Military/prototype_military/install/yolov8_msgs/include/yolov8_msgs/yolov8_msgs/msg/detection_array.h
[1.357s] -- Installing: /home/orin/Prototype_Military/prototype_military/install/yolov8_msgs/include/yolov8_msgs/yolov8_msgs/msg/pose2_d.h
[1.358s] -- Installing: /home/orin/Prototype_Military/prototype_military/install/yolov8_msgs/include/yolov8_msgs/yolov8_msgs/msg/key_point2_d.h
[1.358s] -- Installing: /home/orin/Prototype_Military/prototype_military/install/yolov8_msgs/include/yolov8_msgs/yolov8_msgs/msg/detail
[1.358s] -- Installing: /home/orin/Prototype_Military/prototype_military/install/yolov8_msgs/include/yolov8_msgs/yolov8_msgs/msg/detail/vector2__functions.c
[1.358s] -- Installing: /home/orin/Prototype_Military/prototype_military/install/yolov8_msgs/include/yolov8_msgs/yolov8_msgs/msg/detail/key_point3_d__type_support.h
[1.359s] -- Installing: /home/orin/Prototype_Military/prototype_military/install/yolov8_msgs/include/yolov8_msgs/yolov8_msgs/msg/detail/pose2_d__type_support.h
[1.359s] -- Installing: /home/orin/Prototype_Military/prototype_military/install/yolov8_msgs/include/yolov8_msgs/yolov8_msgs/msg/detail/bounding_box2_d__struct.h
[1.359s] -- Installing: /home/orin/Prototype_Military/prototype_military/install/yolov8_msgs/include/yolov8_msgs/yolov8_msgs/msg/detail/key_point2_d_array__struct.h
[1.359s] -- Installing: /home/orin/Prototype_Military/prototype_military/install/yolov8_msgs/include/yolov8_msgs/yolov8_msgs/msg/detail/mask__functions.h
[1.360s] -- Installing: /home/orin/Prototype_Military/prototype_military/install/yolov8_msgs/include/yolov8_msgs/yolov8_msgs/msg/detail/key_point2_d_array__functions.h
[1.360s] -- Installing: /home/orin/Prototype_Military/prototype_military/install/yolov8_msgs/include/yolov8_msgs/yolov8_msgs/msg/detail/key_point2_d__type_support.h
[1.360s] -- Installing: /home/orin/Prototype_Military/prototype_military/install/yolov8_msgs/include/yolov8_msgs/yolov8_msgs/msg/detail/mask__type_support.h
[1.360s] -- Installing: /home/orin/Prototype_Military/prototype_military/install/yolov8_msgs/include/yolov8_msgs/yolov8_msgs/msg/detail/detection_array__functions.h
[1.360s] -- Installing: /home/orin/Prototype_Military/prototype_military/install/yolov8_msgs/include/yolov8_msgs/yolov8_msgs/msg/detail/detection__functions.h
[1.361s] -- Installing: /home/orin/Prototype_Military/prototype_military/install/yolov8_msgs/include/yolov8_msgs/yolov8_msgs/msg/detail/bounding_box3_d__functions.h
[1.361s] -- Installing: /home/orin/Prototype_Military/prototype_military/install/yolov8_msgs/include/yolov8_msgs/yolov8_msgs/msg/detail/bounding_box2_d__functions.c
[1.361s] -- Installing: /home/orin/Prototype_Military/prototype_military/install/yolov8_msgs/include/yolov8_msgs/yolov8_msgs/msg/detail/key_point3_d_array__functions.h
[1.361s] -- Installing: /home/orin/Prototype_Military/prototype_military/install/yolov8_msgs/include/yolov8_msgs/yolov8_msgs/msg/detail/detection_array__type_support.h
[1.361s] -- Installing: /home/orin/Prototype_Military/prototype_military/install/yolov8_msgs/include/yolov8_msgs/yolov8_msgs/msg/detail/key_point2_d__functions.c
[1.362s] -- Installing: /home/orin/Prototype_Military/prototype_military/install/yolov8_msgs/include/yolov8_msgs/yolov8_msgs/msg/detail/pose2_d__struct.h
[1.362s] -- Installing: /home/orin/Prototype_Military/prototype_military/install/yolov8_msgs/include/yolov8_msgs/yolov8_msgs/msg/detail/detection_array__struct.h
[1.362s] -- Installing: /home/orin/Prototype_Military/prototype_military/install/yolov8_msgs/include/yolov8_msgs/yolov8_msgs/msg/detail/key_point3_d__functions.h
[1.362s] -- Installing: /home/orin/Prototype_Military/prototype_military/install/yolov8_msgs/include/yolov8_msgs/yolov8_msgs/msg/detail/key_point2_d__struct.h
[1.362s] -- Installing: /home/orin/Prototype_Military/prototype_military/install/yolov8_msgs/include/yolov8_msgs/yolov8_msgs/msg/detail/bounding_box3_d__functions.c
[1.362s] -- Installing: /home/orin/Prototype_Military/prototype_military/install/yolov8_msgs/include/yolov8_msgs/yolov8_msgs/msg/detail/point2_d__functions.c
[1.363s] -- Installing: /home/orin/Prototype_Military/prototype_military/install/yolov8_msgs/include/yolov8_msgs/yolov8_msgs/msg/detail/pose2_d__functions.c
[1.363s] -- Installing: /home/orin/Prototype_Military/prototype_military/install/yolov8_msgs/include/yolov8_msgs/yolov8_msgs/msg/detail/detection__type_support.h
[1.363s] -- Installing: /home/orin/Prototype_Military/prototype_military/install/yolov8_msgs/include/yolov8_msgs/yolov8_msgs/msg/detail/detection__functions.c
[1.363s] -- Installing: /home/orin/Prototype_Military/prototype_military/install/yolov8_msgs/include/yolov8_msgs/yolov8_msgs/msg/detail/bounding_box2_d__functions.h
[1.363s] -- Installing: /home/orin/Prototype_Military/prototype_military/install/yolov8_msgs/include/yolov8_msgs/yolov8_msgs/msg/detail/key_point3_d__functions.c
[1.364s] -- Installing: /home/orin/Prototype_Military/prototype_military/install/yolov8_msgs/include/yolov8_msgs/yolov8_msgs/msg/detail/key_point2_d_array__functions.c
[1.364s] -- Installing: /home/orin/Prototype_Military/prototype_military/install/yolov8_msgs/include/yolov8_msgs/yolov8_msgs/msg/detail/detection_array__functions.c
[1.364s] -- Installing: /home/orin/Prototype_Military/prototype_military/install/yolov8_msgs/include/yolov8_msgs/yolov8_msgs/msg/detail/mask__struct.h
[1.364s] -- Installing: /home/orin/Prototype_Military/prototype_military/install/yolov8_msgs/include/yolov8_msgs/yolov8_msgs/msg/detail/detection__struct.h
[1.364s] -- Installing: /home/orin/Prototype_Military/prototype_military/install/yolov8_msgs/include/yolov8_msgs/yolov8_msgs/msg/detail/key_point3_d_array__struct.h
[1.365s] -- Installing: /home/orin/Prototype_Military/prototype_military/install/yolov8_msgs/include/yolov8_msgs/yolov8_msgs/msg/detail/key_point3_d__struct.h
[1.365s] -- Installing: /home/orin/Prototype_Military/prototype_military/install/yolov8_msgs/include/yolov8_msgs/yolov8_msgs/msg/detail/vector2__functions.h
[1.365s] -- Installing: /home/orin/Prototype_Military/prototype_military/install/yolov8_msgs/include/yolov8_msgs/yolov8_msgs/msg/detail/pose2_d__functions.h
[1.365s] -- Installing: /home/orin/Prototype_Military/prototype_military/install/yolov8_msgs/include/yolov8_msgs/yolov8_msgs/msg/detail/point2_d__type_support.h
[1.366s] -- Installing: /home/orin/Prototype_Military/prototype_military/install/yolov8_msgs/include/yolov8_msgs/yolov8_msgs/msg/detail/key_point3_d_array__functions.c
[1.366s] -- Installing: /home/orin/Prototype_Military/prototype_military/install/yolov8_msgs/include/yolov8_msgs/yolov8_msgs/msg/detail/bounding_box3_d__struct.h
[1.366s] -- Installing: /home/orin/Prototype_Military/prototype_military/install/yolov8_msgs/include/yolov8_msgs/yolov8_msgs/msg/detail/point2_d__struct.h
[1.366s] -- Installing: /home/orin/Prototype_Military/prototype_military/install/yolov8_msgs/include/yolov8_msgs/yolov8_msgs/msg/detail/vector2__type_support.h
[1.367s] -- Installing: /home/orin/Prototype_Military/prototype_military/install/yolov8_msgs/include/yolov8_msgs/yolov8_msgs/msg/detail/key_point2_d_array__type_support.h
[1.367s] -- Installing: /home/orin/Prototype_Military/prototype_military/install/yolov8_msgs/include/yolov8_msgs/yolov8_msgs/msg/detail/mask__functions.c
[1.367s] -- Installing: /home/orin/Prototype_Military/prototype_military/install/yolov8_msgs/include/yolov8_msgs/yolov8_msgs/msg/detail/point2_d__functions.h
[1.367s] -- Installing: /home/orin/Prototype_Military/prototype_military/install/yolov8_msgs/include/yolov8_msgs/yolov8_msgs/msg/detail/key_point3_d_array__type_support.h
[1.367s] -- Installing: /home/orin/Prototype_Military/prototype_military/install/yolov8_msgs/include/yolov8_msgs/yolov8_msgs/msg/detail/vector2__struct.h
[1.368s] -- Installing: /home/orin/Prototype_Military/prototype_military/install/yolov8_msgs/include/yolov8_msgs/yolov8_msgs/msg/detail/bounding_box3_d__type_support.h
[1.368s] -- Installing: /home/orin/Prototype_Military/prototype_military/install/yolov8_msgs/include/yolov8_msgs/yolov8_msgs/msg/detail/bounding_box2_d__type_support.h
[1.368s] -- Installing: /home/orin/Prototype_Military/prototype_military/install/yolov8_msgs/include/yolov8_msgs/yolov8_msgs/msg/detail/key_point2_d__functions.h
[1.368s] -- Installing: /home/orin/Prototype_Military/prototype_military/install/yolov8_msgs/include/yolov8_msgs/yolov8_msgs/msg/key_point2_d_array.h
[1.368s] -- Installing: /home/orin/Prototype_Military/prototype_military/install/yolov8_msgs/include/yolov8_msgs/yolov8_msgs/msg/key_point3_d_array.h
[1.369s] -- Installing: /home/orin/Prototype_Military/prototype_military/install/yolov8_msgs/include/yolov8_msgs/yolov8_msgs/msg/detection.h
[1.369s] -- Installing: /home/orin/Prototype_Military/prototype_military/install/yolov8_msgs/include/yolov8_msgs/yolov8_msgs/msg/bounding_box3_d.h
[1.369s] -- Installing: /home/orin/Prototype_Military/prototype_military/install/yolov8_msgs/include/yolov8_msgs/yolov8_msgs/msg/rosidl_generator_c__visibility_control.h
[1.369s] -- Installing: /home/orin/Prototype_Military/prototype_military/install/yolov8_msgs/include/yolov8_msgs/yolov8_msgs/msg/key_point3_d.h
[1.369s] -- Installing: /home/orin/Prototype_Military/prototype_military/install/yolov8_msgs/include/yolov8_msgs/yolov8_msgs/msg/bounding_box2_d.h
[1.370s] -- Installing: /home/orin/Prototype_Military/prototype_military/install/yolov8_msgs/include/yolov8_msgs/yolov8_msgs/msg/vector2.h
[1.370s] -- Installing: /home/orin/Prototype_Military/prototype_military/install/yolov8_msgs/share/yolov8_msgs/environment/library_path.sh
[1.370s] -- Installing: /home/orin/Prototype_Military/prototype_military/install/yolov8_msgs/share/yolov8_msgs/environment/library_path.dsv
[1.371s] -- Installing: /home/orin/Prototype_Military/prototype_military/install/yolov8_msgs/lib/libyolov8_msgs__rosidl_generator_c.so
[1.371s] -- Set runtime path of "/home/orin/Prototype_Military/prototype_military/install/yolov8_msgs/lib/libyolov8_msgs__rosidl_generator_c.so" to ""
[1.372s] -- Up-to-date: /home/orin/Prototype_Military/prototype_military/install/yolov8_msgs/include/yolov8_msgs/yolov8_msgs
[1.372s] -- Up-to-date: /home/orin/Prototype_Military/prototype_military/install/yolov8_msgs/include/yolov8_msgs/yolov8_msgs/msg
[1.372s] -- Installing: /home/orin/Prototype_Military/prototype_military/install/yolov8_msgs/include/yolov8_msgs/yolov8_msgs/msg/rosidl_typesupport_fastrtps_c__visibility_control.h
[1.372s] -- Up-to-date: /home/orin/Prototype_Military/prototype_military/install/yolov8_msgs/include/yolov8_msgs/yolov8_msgs/msg/detail
[1.373s] -- Installing: /home/orin/Prototype_Military/prototype_military/install/yolov8_msgs/include/yolov8_msgs/yolov8_msgs/msg/detail/detection__rosidl_typesupport_fastrtps_c.h
[1.373s] -- Installing: /home/orin/Prototype_Military/prototype_military/install/yolov8_msgs/include/yolov8_msgs/yolov8_msgs/msg/detail/bounding_box3_d__rosidl_typesupport_fastrtps_c.h
[1.373s] -- Installing: /home/orin/Prototype_Military/prototype_military/install/yolov8_msgs/include/yolov8_msgs/yolov8_msgs/msg/detail/detection_array__rosidl_typesupport_fastrtps_c.h
[1.373s] -- Installing: /home/orin/Prototype_Military/prototype_military/install/yolov8_msgs/include/yolov8_msgs/yolov8_msgs/msg/detail/vector2__rosidl_typesupport_fastrtps_c.h
[1.373s] -- Installing: /home/orin/Prototype_Military/prototype_military/install/yolov8_msgs/include/yolov8_msgs/yolov8_msgs/msg/detail/point2_d__rosidl_typesupport_fastrtps_c.h
[1.374s] -- Installing: /home/orin/Prototype_Military/prototype_military/install/yolov8_msgs/include/yolov8_msgs/yolov8_msgs/msg/detail/key_point3_d_array__rosidl_typesupport_fastrtps_c.h
[1.374s] -- Installing: /home/orin/Prototype_Military/prototype_military/install/yolov8_msgs/include/yolov8_msgs/yolov8_msgs/msg/detail/key_point3_d__rosidl_typesupport_fastrtps_c.h
[1.374s] -- Installing: /home/orin/Prototype_Military/prototype_military/install/yolov8_msgs/include/yolov8_msgs/yolov8_msgs/msg/detail/mask__rosidl_typesupport_fastrtps_c.h
[1.374s] -- Installing: /home/orin/Prototype_Military/prototype_military/install/yolov8_msgs/include/yolov8_msgs/yolov8_msgs/msg/detail/key_point2_d_array__rosidl_typesupport_fastrtps_c.h
[1.374s] -- Installing: /home/orin/Prototype_Military/prototype_military/install/yolov8_msgs/include/yolov8_msgs/yolov8_msgs/msg/detail/bounding_box2_d__rosidl_typesupport_fastrtps_c.h
[1.374s] -- Installing: /home/orin/Prototype_Military/prototype_military/install/yolov8_msgs/include/yolov8_msgs/yolov8_msgs/msg/detail/pose2_d__rosidl_typesupport_fastrtps_c.h
[1.375s] -- Installing: /home/orin/Prototype_Military/prototype_military/install/yolov8_msgs/include/yolov8_msgs/yolov8_msgs/msg/detail/key_point2_d__rosidl_typesupport_fastrtps_c.h
[1.375s] -- Installing: /home/orin/Prototype_Military/prototype_military/install/yolov8_msgs/lib/libyolov8_msgs__rosidl_typesupport_fastrtps_c.so
[1.375s] -- Set runtime path of "/home/orin/Prototype_Military/prototype_military/install/yolov8_msgs/lib/libyolov8_msgs__rosidl_typesupport_fastrtps_c.so" to ""
[1.375s] -- Up-to-date: /home/orin/Prototype_Military/prototype_military/install/yolov8_msgs/include/yolov8_msgs/yolov8_msgs
[1.376s] -- Up-to-date: /home/orin/Prototype_Military/prototype_military/install/yolov8_msgs/include/yolov8_msgs/yolov8_msgs/msg
[1.376s] -- Installing: /home/orin/Prototype_Military/prototype_military/install/yolov8_msgs/include/yolov8_msgs/yolov8_msgs/msg/rosidl_typesupport_introspection_c__visibility_control.h
[1.376s] -- Up-to-date: /home/orin/Prototype_Military/prototype_military/install/yolov8_msgs/include/yolov8_msgs/yolov8_msgs/msg/detail
[1.376s] -- Installing: /home/orin/Prototype_Military/prototype_military/install/yolov8_msgs/include/yolov8_msgs/yolov8_msgs/msg/detail/point2_d__type_support.c
[1.376s] -- Installing: /home/orin/Prototype_Military/prototype_military/install/yolov8_msgs/include/yolov8_msgs/yolov8_msgs/msg/detail/key_point3_d__rosidl_typesupport_introspection_c.h
[1.377s] -- Installing: /home/orin/Prototype_Military/prototype_military/install/yolov8_msgs/include/yolov8_msgs/yolov8_msgs/msg/detail/bounding_box2_d__rosidl_typesupport_introspection_c.h
[1.377s] -- Installing: /home/orin/Prototype_Military/prototype_military/install/yolov8_msgs/include/yolov8_msgs/yolov8_msgs/msg/detail/pose2_d__rosidl_typesupport_introspection_c.h
[1.377s] -- Installing: /home/orin/Prototype_Military/prototype_military/install/yolov8_msgs/include/yolov8_msgs/yolov8_msgs/msg/detail/key_point2_d__rosidl_typesupport_introspection_c.h
[1.377s] -- Installing: /home/orin/Prototype_Military/prototype_military/install/yolov8_msgs/include/yolov8_msgs/yolov8_msgs/msg/detail/detection_array__type_support.c
[1.377s] -- Installing: /home/orin/Prototype_Military/prototype_military/install/yolov8_msgs/include/yolov8_msgs/yolov8_msgs/msg/detail/point2_d__rosidl_typesupport_introspection_c.h
[1.378s] -- Installing: /home/orin/Prototype_Military/prototype_military/install/yolov8_msgs/include/yolov8_msgs/yolov8_msgs/msg/detail/vector2__rosidl_typesupport_introspection_c.h
[1.378s] -- Installing: /home/orin/Prototype_Military/prototype_military/install/yolov8_msgs/include/yolov8_msgs/yolov8_msgs/msg/detail/key_point3_d_array__type_support.c
[1.378s] -- Installing: /home/orin/Prototype_Military/prototype_military/install/yolov8_msgs/include/yolov8_msgs/yolov8_msgs/msg/detail/key_point3_d__type_support.c
[1.378s] -- Installing: /home/orin/Prototype_Military/prototype_military/install/yolov8_msgs/include/yolov8_msgs/yolov8_msgs/msg/detail/vector2__type_support.c
[1.378s] -- Installing: /home/orin/Prototype_Military/prototype_military/install/yolov8_msgs/include/yolov8_msgs/yolov8_msgs/msg/detail/key_point2_d_array__type_support.c
[1.379s] -- Installing: /home/orin/Prototype_Military/prototype_military/install/yolov8_msgs/include/yolov8_msgs/yolov8_msgs/msg/detail/key_point2_d_array__rosidl_typesupport_introspection_c.h
[1.379s] -- Installing: /home/orin/Prototype_Military/prototype_military/install/yolov8_msgs/include/yolov8_msgs/yolov8_msgs/msg/detail/detection_array__rosidl_typesupport_introspection_c.h
[1.379s] -- Installing: /home/orin/Prototype_Military/prototype_military/install/yolov8_msgs/include/yolov8_msgs/yolov8_msgs/msg/detail/bounding_box2_d__type_support.c
[1.379s] -- Installing: /home/orin/Prototype_Military/prototype_military/install/yolov8_msgs/include/yolov8_msgs/yolov8_msgs/msg/detail/key_point2_d__type_support.c
[1.379s] -- Installing: /home/orin/Prototype_Military/prototype_military/install/yolov8_msgs/include/yolov8_msgs/yolov8_msgs/msg/detail/key_point3_d_array__rosidl_typesupport_introspection_c.h
[1.380s] -- Installing: /home/orin/Prototype_Military/prototype_military/install/yolov8_msgs/include/yolov8_msgs/yolov8_msgs/msg/detail/mask__type_support.c
[1.380s] -- Installing: /home/orin/Prototype_Military/prototype_military/install/yolov8_msgs/include/yolov8_msgs/yolov8_msgs/msg/detail/mask__rosidl_typesupport_introspection_c.h
[1.380s] -- Installing: /home/orin/Prototype_Military/prototype_military/install/yolov8_msgs/include/yolov8_msgs/yolov8_msgs/msg/detail/bounding_box3_d__type_support.c
[1.380s] -- Installing: /home/orin/Prototype_Military/prototype_military/install/yolov8_msgs/include/yolov8_msgs/yolov8_msgs/msg/detail/detection__type_support.c
[1.380s] -- Installing: /home/orin/Prototype_Military/prototype_military/install/yolov8_msgs/include/yolov8_msgs/yolov8_msgs/msg/detail/detection__rosidl_typesupport_introspection_c.h
[1.381s] -- Installing: /home/orin/Prototype_Military/prototype_military/install/yolov8_msgs/include/yolov8_msgs/yolov8_msgs/msg/detail/pose2_d__type_support.c
[1.381s] -- Installing: /home/orin/Prototype_Military/prototype_military/install/yolov8_msgs/include/yolov8_msgs/yolov8_msgs/msg/detail/bounding_box3_d__rosidl_typesupport_introspection_c.h
[1.381s] -- Installing: /home/orin/Prototype_Military/prototype_military/install/yolov8_msgs/lib/libyolov8_msgs__rosidl_typesupport_introspection_c.so
[1.382s] -- Set runtime path of "/home/orin/Prototype_Military/prototype_military/install/yolov8_msgs/lib/libyolov8_msgs__rosidl_typesupport_introspection_c.so" to ""
[1.382s] -- Installing: /home/orin/Prototype_Military/prototype_military/install/yolov8_msgs/lib/libyolov8_msgs__rosidl_typesupport_c.so
[1.382s] -- Set runtime path of "/home/orin/Prototype_Military/prototype_military/install/yolov8_msgs/lib/libyolov8_msgs__rosidl_typesupport_c.so" to ""
[1.382s] -- Up-to-date: /home/orin/Prototype_Military/prototype_military/install/yolov8_msgs/include/yolov8_msgs/yolov8_msgs
[1.383s] -- Up-to-date: /home/orin/Prototype_Military/prototype_military/install/yolov8_msgs/include/yolov8_msgs/yolov8_msgs/msg
[1.383s] -- Installing: /home/orin/Prototype_Military/prototype_military/install/yolov8_msgs/include/yolov8_msgs/yolov8_msgs/msg/bounding_box3_d.hpp
[1.383s] -- Installing: /home/orin/Prototype_Military/prototype_military/install/yolov8_msgs/include/yolov8_msgs/yolov8_msgs/msg/key_point2_d_array.hpp
[1.383s] -- Installing: /home/orin/Prototype_Military/prototype_military/install/yolov8_msgs/include/yolov8_msgs/yolov8_msgs/msg/key_point3_d_array.hpp
[1.383s] -- Installing: /home/orin/Prototype_Military/prototype_military/install/yolov8_msgs/include/yolov8_msgs/yolov8_msgs/msg/mask.hpp
[1.384s] -- Installing: /home/orin/Prototype_Military/prototype_military/install/yolov8_msgs/include/yolov8_msgs/yolov8_msgs/msg/pose2_d.hpp
[1.384s] -- Installing: /home/orin/Prototype_Military/prototype_military/install/yolov8_msgs/include/yolov8_msgs/yolov8_msgs/msg/bounding_box2_d.hpp
[1.384s] -- Installing: /home/orin/Prototype_Military/prototype_military/install/yolov8_msgs/include/yolov8_msgs/yolov8_msgs/msg/detection_array.hpp
[1.384s] -- Up-to-date: /home/orin/Prototype_Military/prototype_military/install/yolov8_msgs/include/yolov8_msgs/yolov8_msgs/msg/detail
[1.384s] -- Installing: /home/orin/Prototype_Military/prototype_military/install/yolov8_msgs/include/yolov8_msgs/yolov8_msgs/msg/detail/bounding_box3_d__traits.hpp
[1.384s] -- Installing: /home/orin/Prototype_Military/prototype_military/install/yolov8_msgs/include/yolov8_msgs/yolov8_msgs/msg/detail/detection__builder.hpp
[1.385s] -- Installing: /home/orin/Prototype_Military/prototype_military/install/yolov8_msgs/include/yolov8_msgs/yolov8_msgs/msg/detail/point2_d__struct.hpp
[1.385s] -- Installing: /home/orin/Prototype_Military/prototype_military/install/yolov8_msgs/include/yolov8_msgs/yolov8_msgs/msg/detail/mask__builder.hpp
[1.385s] -- Installing: /home/orin/Prototype_Military/prototype_military/install/yolov8_msgs/include/yolov8_msgs/yolov8_msgs/msg/detail/bounding_box2_d__builder.hpp
[1.385s] -- Installing: /home/orin/Prototype_Military/prototype_military/install/yolov8_msgs/include/yolov8_msgs/yolov8_msgs/msg/detail/detection_array__struct.hpp
[1.385s] -- Installing: /home/orin/Prototype_Military/prototype_military/install/yolov8_msgs/include/yolov8_msgs/yolov8_msgs/msg/detail/detection__struct.hpp
[1.386s] -- Installing: /home/orin/Prototype_Military/prototype_military/install/yolov8_msgs/include/yolov8_msgs/yolov8_msgs/msg/detail/bounding_box2_d__struct.hpp
[1.386s] -- Installing: /home/orin/Prototype_Military/prototype_military/install/yolov8_msgs/include/yolov8_msgs/yolov8_msgs/msg/detail/key_point2_d_array__struct.hpp
[1.386s] -- Installing: /home/orin/Prototype_Military/prototype_military/install/yolov8_msgs/include/yolov8_msgs/yolov8_msgs/msg/detail/key_point2_d_array__traits.hpp
[1.386s] -- Installing: /home/orin/Prototype_Military/prototype_military/install/yolov8_msgs/include/yolov8_msgs/yolov8_msgs/msg/detail/pose2_d__builder.hpp
[1.386s] -- Installing: /home/orin/Prototype_Military/prototype_military/install/yolov8_msgs/include/yolov8_msgs/yolov8_msgs/msg/detail/bounding_box2_d__traits.hpp
[1.386s] -- Installing: /home/orin/Prototype_Military/prototype_military/install/yolov8_msgs/include/yolov8_msgs/yolov8_msgs/msg/detail/key_point2_d__struct.hpp
[1.387s] -- Installing: /home/orin/Prototype_Military/prototype_military/install/yolov8_msgs/include/yolov8_msgs/yolov8_msgs/msg/detail/pose2_d__traits.hpp
[1.387s] -- Installing: /home/orin/Prototype_Military/prototype_military/install/yolov8_msgs/include/yolov8_msgs/yolov8_msgs/msg/detail/point2_d__traits.hpp
[1.387s] -- Installing: /home/orin/Prototype_Military/prototype_military/install/yolov8_msgs/include/yolov8_msgs/yolov8_msgs/msg/detail/key_point3_d__traits.hpp
[1.387s] -- Installing: /home/orin/Prototype_Military/prototype_military/install/yolov8_msgs/include/yolov8_msgs/yolov8_msgs/msg/detail/key_point3_d__builder.hpp
[1.387s] -- Installing: /home/orin/Prototype_Military/prototype_military/install/yolov8_msgs/include/yolov8_msgs/yolov8_msgs/msg/detail/key_point2_d_array__builder.hpp
[1.388s] -- Installing: /home/orin/Prototype_Military/prototype_military/install/yolov8_msgs/include/yolov8_msgs/yolov8_msgs/msg/detail/pose2_d__struct.hpp
[1.388s] -- Installing: /home/orin/Prototype_Military/prototype_military/install/yolov8_msgs/include/yolov8_msgs/yolov8_msgs/msg/detail/point2_d__builder.hpp
[1.388s] -- Installing: /home/orin/Prototype_Military/prototype_military/install/yolov8_msgs/include/yolov8_msgs/yolov8_msgs/msg/detail/key_point3_d_array__traits.hpp
[1.388s] -- Installing: /home/orin/Prototype_Military/prototype_military/install/yolov8_msgs/include/yolov8_msgs/yolov8_msgs/msg/detail/bounding_box3_d__struct.hpp
[1.389s] -- Installing: /home/orin/Prototype_Military/prototype_military/install/yolov8_msgs/include/yolov8_msgs/yolov8_msgs/msg/detail/key_point3_d_array__struct.hpp
[1.389s] -- Installing: /home/orin/Prototype_Military/prototype_military/install/yolov8_msgs/include/yolov8_msgs/yolov8_msgs/msg/detail/key_point2_d__builder.hpp
[1.389s] -- Installing: /home/orin/Prototype_Military/prototype_military/install/yolov8_msgs/include/yolov8_msgs/yolov8_msgs/msg/detail/vector2__struct.hpp
[1.390s] -- Installing: /home/orin/Prototype_Military/prototype_military/install/yolov8_msgs/include/yolov8_msgs/yolov8_msgs/msg/detail/key_point2_d__traits.hpp
[1.390s] -- Installing: /home/orin/Prototype_Military/prototype_military/install/yolov8_msgs/include/yolov8_msgs/yolov8_msgs/msg/detail/detection_array__traits.hpp
[1.390s] -- Installing: /home/orin/Prototype_Military/prototype_military/install/yolov8_msgs/include/yolov8_msgs/yolov8_msgs/msg/detail/mask__traits.hpp
[1.390s] -- Installing: /home/orin/Prototype_Military/prototype_military/install/yolov8_msgs/include/yolov8_msgs/yolov8_msgs/msg/detail/detection_array__builder.hpp
[1.391s] -- Installing: /home/orin/Prototype_Military/prototype_military/install/yolov8_msgs/include/yolov8_msgs/yolov8_msgs/msg/detail/key_point3_d_array__builder.hpp
[1.391s] -- Installing: /home/orin/Prototype_Military/prototype_military/install/yolov8_msgs/include/yolov8_msgs/yolov8_msgs/msg/detail/vector2__traits.hpp
[1.391s] -- Installing: /home/orin/Prototype_Military/prototype_military/install/yolov8_msgs/include/yolov8_msgs/yolov8_msgs/msg/detail/vector2__builder.hpp
[1.391s] -- Installing: /home/orin/Prototype_Military/prototype_military/install/yolov8_msgs/include/yolov8_msgs/yolov8_msgs/msg/detail/mask__struct.hpp
[1.391s] -- Installing: /home/orin/Prototype_Military/prototype_military/install/yolov8_msgs/include/yolov8_msgs/yolov8_msgs/msg/detail/detection__traits.hpp
[1.392s] -- Installing: /home/orin/Prototype_Military/prototype_military/install/yolov8_msgs/include/yolov8_msgs/yolov8_msgs/msg/detail/key_point3_d__struct.hpp
[1.392s] -- Installing: /home/orin/Prototype_Military/prototype_military/install/yolov8_msgs/include/yolov8_msgs/yolov8_msgs/msg/detail/bounding_box3_d__builder.hpp
[1.392s] -- Installing: /home/orin/Prototype_Military/prototype_military/install/yolov8_msgs/include/yolov8_msgs/yolov8_msgs/msg/point2_d.hpp
[1.392s] -- Installing: /home/orin/Prototype_Military/prototype_military/install/yolov8_msgs/include/yolov8_msgs/yolov8_msgs/msg/detection.hpp
[1.392s] -- Installing: /home/orin/Prototype_Military/prototype_military/install/yolov8_msgs/include/yolov8_msgs/yolov8_msgs/msg/vector2.hpp
[1.393s] -- Installing: /home/orin/Prototype_Military/prototype_military/install/yolov8_msgs/include/yolov8_msgs/yolov8_msgs/msg/key_point2_d.hpp
[1.393s] -- Installing: /home/orin/Prototype_Military/prototype_military/install/yolov8_msgs/include/yolov8_msgs/yolov8_msgs/msg/key_point3_d.hpp
[1.393s] -- Up-to-date: /home/orin/Prototype_Military/prototype_military/install/yolov8_msgs/include/yolov8_msgs/yolov8_msgs
[1.393s] -- Up-to-date: /home/orin/Prototype_Military/prototype_military/install/yolov8_msgs/include/yolov8_msgs/yolov8_msgs/msg
[1.394s] -- Installing: /home/orin/Prototype_Military/prototype_military/install/yolov8_msgs/include/yolov8_msgs/yolov8_msgs/msg/rosidl_typesupport_fastrtps_cpp__visibility_control.h
[1.394s] -- Up-to-date: /home/orin/Prototype_Military/prototype_military/install/yolov8_msgs/include/yolov8_msgs/yolov8_msgs/msg/detail
[1.394s] -- Installing: /home/orin/Prototype_Military/prototype_military/install/yolov8_msgs/include/yolov8_msgs/yolov8_msgs/msg/detail/point2_d__rosidl_typesupport_fastrtps_cpp.hpp
[1.394s] -- Installing: /home/orin/Prototype_Military/prototype_military/install/yolov8_msgs/include/yolov8_msgs/yolov8_msgs/msg/detail/pose2_d__rosidl_typesupport_fastrtps_cpp.hpp
[1.394s] -- Installing: /home/orin/Prototype_Military/prototype_military/install/yolov8_msgs/include/yolov8_msgs/yolov8_msgs/msg/detail/key_point2_d__rosidl_typesupport_fastrtps_cpp.hpp
[1.395s] -- Installing: /home/orin/Prototype_Military/prototype_military/install/yolov8_msgs/include/yolov8_msgs/yolov8_msgs/msg/detail/bounding_box3_d__rosidl_typesupport_fastrtps_cpp.hpp
[1.395s] -- Installing: /home/orin/Prototype_Military/prototype_military/install/yolov8_msgs/include/yolov8_msgs/yolov8_msgs/msg/detail/dds_fastrtps
[1.395s] -- Installing: /home/orin/Prototype_Military/prototype_military/install/yolov8_msgs/include/yolov8_msgs/yolov8_msgs/msg/detail/detection__rosidl_typesupport_fastrtps_cpp.hpp
[1.395s] -- Installing: /home/orin/Prototype_Military/prototype_military/install/yolov8_msgs/include/yolov8_msgs/yolov8_msgs/msg/detail/bounding_box2_d__rosidl_typesupport_fastrtps_cpp.hpp
[1.395s] -- Installing: /home/orin/Prototype_Military/prototype_military/install/yolov8_msgs/include/yolov8_msgs/yolov8_msgs/msg/detail/key_point2_d_array__rosidl_typesupport_fastrtps_cpp.hpp
[1.395s] -- Installing: /home/orin/Prototype_Military/prototype_military/install/yolov8_msgs/include/yolov8_msgs/yolov8_msgs/msg/detail/key_point3_d__rosidl_typesupport_fastrtps_cpp.hpp
[1.396s] -- Installing: /home/orin/Prototype_Military/prototype_military/install/yolov8_msgs/include/yolov8_msgs/yolov8_msgs/msg/detail/detection_array__rosidl_typesupport_fastrtps_cpp.hpp
[1.396s] -- Installing: /home/orin/Prototype_Military/prototype_military/install/yolov8_msgs/include/yolov8_msgs/yolov8_msgs/msg/detail/key_point3_d_array__rosidl_typesupport_fastrtps_cpp.hpp
[1.396s] -- Installing: /home/orin/Prototype_Military/prototype_military/install/yolov8_msgs/include/yolov8_msgs/yolov8_msgs/msg/detail/mask__rosidl_typesupport_fastrtps_cpp.hpp
[1.396s] -- Installing: /home/orin/Prototype_Military/prototype_military/install/yolov8_msgs/include/yolov8_msgs/yolov8_msgs/msg/detail/vector2__rosidl_typesupport_fastrtps_cpp.hpp
[1.396s] -- Installing: /home/orin/Prototype_Military/prototype_military/install/yolov8_msgs/lib/libyolov8_msgs__rosidl_typesupport_fastrtps_cpp.so
[1.398s] -- Set runtime path of "/home/orin/Prototype_Military/prototype_military/install/yolov8_msgs/lib/libyolov8_msgs__rosidl_typesupport_fastrtps_cpp.so" to ""
[1.398s] -- Up-to-date: /home/orin/Prototype_Military/prototype_military/install/yolov8_msgs/include/yolov8_msgs/yolov8_msgs
[1.398s] -- Up-to-date: /home/orin/Prototype_Military/prototype_military/install/yolov8_msgs/include/yolov8_msgs/yolov8_msgs/msg
[1.398s] -- Up-to-date: /home/orin/Prototype_Military/prototype_military/install/yolov8_msgs/include/yolov8_msgs/yolov8_msgs/msg/detail
[1.398s] -- Installing: /home/orin/Prototype_Military/prototype_military/install/yolov8_msgs/include/yolov8_msgs/yolov8_msgs/msg/detail/key_point3_d__type_support.cpp
[1.399s] -- Installing: /home/orin/Prototype_Military/prototype_military/install/yolov8_msgs/include/yolov8_msgs/yolov8_msgs/msg/detail/detection__rosidl_typesupport_introspection_cpp.hpp
[1.399s] -- Installing: /home/orin/Prototype_Military/prototype_military/install/yolov8_msgs/include/yolov8_msgs/yolov8_msgs/msg/detail/bounding_box2_d__rosidl_typesupport_introspection_cpp.hpp
[1.399s] -- Installing: /home/orin/Prototype_Military/prototype_military/install/yolov8_msgs/include/yolov8_msgs/yolov8_msgs/msg/detail/mask__rosidl_typesupport_introspection_cpp.hpp
[1.399s] -- Installing: /home/orin/Prototype_Military/prototype_military/install/yolov8_msgs/include/yolov8_msgs/yolov8_msgs/msg/detail/detection__type_support.cpp
[1.400s] -- Installing: /home/orin/Prototype_Military/prototype_military/install/yolov8_msgs/include/yolov8_msgs/yolov8_msgs/msg/detail/point2_d__rosidl_typesupport_introspection_cpp.hpp
[1.400s] -- Installing: /home/orin/Prototype_Military/prototype_military/install/yolov8_msgs/include/yolov8_msgs/yolov8_msgs/msg/detail/pose2_d__rosidl_typesupport_introspection_cpp.hpp
[1.400s] -- Installing: /home/orin/Prototype_Military/prototype_military/install/yolov8_msgs/include/yolov8_msgs/yolov8_msgs/msg/detail/vector2__type_support.cpp
[1.400s] -- Installing: /home/orin/Prototype_Military/prototype_military/install/yolov8_msgs/include/yolov8_msgs/yolov8_msgs/msg/detail/bounding_box3_d__type_support.cpp
[1.400s] -- Installing: /home/orin/Prototype_Military/prototype_military/install/yolov8_msgs/include/yolov8_msgs/yolov8_msgs/msg/detail/key_point3_d__rosidl_typesupport_introspection_cpp.hpp
[1.401s] -- Installing: /home/orin/Prototype_Military/prototype_military/install/yolov8_msgs/include/yolov8_msgs/yolov8_msgs/msg/detail/key_point2_d__type_support.cpp
[1.401s] -- Installing: /home/orin/Prototype_Military/prototype_military/install/yolov8_msgs/include/yolov8_msgs/yolov8_msgs/msg/detail/key_point2_d_array__type_support.cpp
[1.401s] -- Installing: /home/orin/Prototype_Military/prototype_military/install/yolov8_msgs/include/yolov8_msgs/yolov8_msgs/msg/detail/detection_array__rosidl_typesupport_introspection_cpp.hpp
[1.401s] -- Installing: /home/orin/Prototype_Military/prototype_military/install/yolov8_msgs/include/yolov8_msgs/yolov8_msgs/msg/detail/key_point3_d_array__rosidl_typesupport_introspection_cpp.hpp
[1.401s] -- Installing: /home/orin/Prototype_Military/prototype_military/install/yolov8_msgs/include/yolov8_msgs/yolov8_msgs/msg/detail/vector2__rosidl_typesupport_introspection_cpp.hpp
[1.401s] -- Installing: /home/orin/Prototype_Military/prototype_military/install/yolov8_msgs/include/yolov8_msgs/yolov8_msgs/msg/detail/detection_array__type_support.cpp
[1.402s] -- Installing: /home/orin/Prototype_Military/prototype_military/install/yolov8_msgs/include/yolov8_msgs/yolov8_msgs/msg/detail/key_point3_d_array__type_support.cpp
[1.402s] -- Installing: /home/orin/Prototype_Military/prototype_military/install/yolov8_msgs/include/yolov8_msgs/yolov8_msgs/msg/detail/key_point2_d__rosidl_typesupport_introspection_cpp.hpp
[1.402s] -- Installing: /home/orin/Prototype_Military/prototype_military/install/yolov8_msgs/include/yolov8_msgs/yolov8_msgs/msg/detail/pose2_d__type_support.cpp
[1.402s] -- Installing: /home/orin/Prototype_Military/prototype_military/install/yolov8_msgs/include/yolov8_msgs/yolov8_msgs/msg/detail/mask__type_support.cpp
[1.402s] -- Installing: /home/orin/Prototype_Military/prototype_military/install/yolov8_msgs/include/yolov8_msgs/yolov8_msgs/msg/detail/point2_d__type_support.cpp
[1.403s] -- Installing: /home/orin/Prototype_Military/prototype_military/install/yolov8_msgs/include/yolov8_msgs/yolov8_msgs/msg/detail/bounding_box2_d__type_support.cpp
[1.403s] -- Installing: /home/orin/Prototype_Military/prototype_military/install/yolov8_msgs/include/yolov8_msgs/yolov8_msgs/msg/detail/key_point2_d_array__rosidl_typesupport_introspection_cpp.hpp
[1.403s] -- Installing: /home/orin/Prototype_Military/prototype_military/install/yolov8_msgs/include/yolov8_msgs/yolov8_msgs/msg/detail/bounding_box3_d__rosidl_typesupport_introspection_cpp.hpp
[1.403s] -- Installing: /home/orin/Prototype_Military/prototype_military/install/yolov8_msgs/lib/libyolov8_msgs__rosidl_typesupport_introspection_cpp.so
[1.405s] -- Set runtime path of "/home/orin/Prototype_Military/prototype_military/install/yolov8_msgs/lib/libyolov8_msgs__rosidl_typesupport_introspection_cpp.so" to ""
[1.405s] -- Installing: /home/orin/Prototype_Military/prototype_military/install/yolov8_msgs/lib/libyolov8_msgs__rosidl_typesupport_cpp.so
[1.406s] -- Set runtime path of "/home/orin/Prototype_Military/prototype_military/install/yolov8_msgs/lib/libyolov8_msgs__rosidl_typesupport_cpp.so" to ""
[1.406s] -- Installing: /home/orin/Prototype_Military/prototype_military/install/yolov8_msgs/share/yolov8_msgs/environment/pythonpath.sh
[1.406s] -- Installing: /home/orin/Prototype_Military/prototype_military/install/yolov8_msgs/share/yolov8_msgs/environment/pythonpath.dsv
[1.406s] -- Installing: /home/orin/Prototype_Military/prototype_military/install/yolov8_msgs/local/lib/python3.10/dist-packages/yolov8_msgs-3.3.2-py3.10.egg-info
[1.408s] -- Installing: /home/orin/Prototype_Military/prototype_military/install/yolov8_msgs/local/lib/python3.10/dist-packages/yolov8_msgs-3.3.2-py3.10.egg-info/top_level.txt
[1.408s] -- Installing: /home/orin/Prototype_Military/prototype_military/install/yolov8_msgs/local/lib/python3.10/dist-packages/yolov8_msgs-3.3.2-py3.10.egg-info/dependency_links.txt
[1.408s] -- Installing: /home/orin/Prototype_Military/prototype_military/install/yolov8_msgs/local/lib/python3.10/dist-packages/yolov8_msgs-3.3.2-py3.10.egg-info/PKG-INFO
[1.408s] -- Installing: /home/orin/Prototype_Military/prototype_military/install/yolov8_msgs/local/lib/python3.10/dist-packages/yolov8_msgs-3.3.2-py3.10.egg-info/SOURCES.txt
[1.409s] -- Installing: /home/orin/Prototype_Military/prototype_military/install/yolov8_msgs/local/lib/python3.10/dist-packages/yolov8_msgs
[1.409s] -- Installing: /home/orin/Prototype_Military/prototype_military/install/yolov8_msgs/local/lib/python3.10/dist-packages/yolov8_msgs/_yolov8_msgs_s.ep.rosidl_typesupport_introspection_c.c
[1.409s] -- Installing: /home/orin/Prototype_Military/prototype_military/install/yolov8_msgs/local/lib/python3.10/dist-packages/yolov8_msgs/libyolov8_msgs__rosidl_generator_py.so
[1.409s] -- Installing: /home/orin/Prototype_Military/prototype_military/install/yolov8_msgs/local/lib/python3.10/dist-packages/yolov8_msgs/msg
[1.409s] -- Installing: /home/orin/Prototype_Military/prototype_military/install/yolov8_msgs/local/lib/python3.10/dist-packages/yolov8_msgs/msg/_point2_d.py
[1.410s] -- Installing: /home/orin/Prototype_Military/prototype_military/install/yolov8_msgs/local/lib/python3.10/dist-packages/yolov8_msgs/msg/_key_point2_d_array_s.c
[1.410s] -- Installing: /home/orin/Prototype_Military/prototype_military/install/yolov8_msgs/local/lib/python3.10/dist-packages/yolov8_msgs/msg/_point2_d_s.c
[1.410s] -- Installing: /home/orin/Prototype_Military/prototype_military/install/yolov8_msgs/local/lib/python3.10/dist-packages/yolov8_msgs/msg/_key_point2_d_s.c
[1.410s] -- Installing: /home/orin/Prototype_Military/prototype_military/install/yolov8_msgs/local/lib/python3.10/dist-packages/yolov8_msgs/msg/_detection_array.py
[1.410s] -- Installing: /home/orin/Prototype_Military/prototype_military/install/yolov8_msgs/local/lib/python3.10/dist-packages/yolov8_msgs/msg/_pose2_d.py
[1.411s] -- Installing: /home/orin/Prototype_Military/prototype_military/install/yolov8_msgs/local/lib/python3.10/dist-packages/yolov8_msgs/msg/__init__.py
[1.411s] -- Installing: /home/orin/Prototype_Military/prototype_military/install/yolov8_msgs/local/lib/python3.10/dist-packages/yolov8_msgs/msg/_key_point2_d.py
[1.411s] -- Installing: /home/orin/Prototype_Military/prototype_military/install/yolov8_msgs/local/lib/python3.10/dist-packages/yolov8_msgs/msg/_vector2_s.c
[1.411s] -- Installing: /home/orin/Prototype_Military/prototype_military/install/yolov8_msgs/local/lib/python3.10/dist-packages/yolov8_msgs/msg/_key_point2_d_array.py
[1.411s] -- Installing: /home/orin/Prototype_Military/prototype_military/install/yolov8_msgs/local/lib/python3.10/dist-packages/yolov8_msgs/msg/_key_point3_d_array.py
[1.411s] -- Installing: /home/orin/Prototype_Military/prototype_military/install/yolov8_msgs/local/lib/python3.10/dist-packages/yolov8_msgs/msg/_mask.py
[1.412s] -- Installing: /home/orin/Prototype_Military/prototype_military/install/yolov8_msgs/local/lib/python3.10/dist-packages/yolov8_msgs/msg/_key_point3_d_array_s.c
[1.412s] -- Installing: /home/orin/Prototype_Military/prototype_military/install/yolov8_msgs/local/lib/python3.10/dist-packages/yolov8_msgs/msg/_bounding_box3_d_s.c
[1.412s] -- Installing: /home/orin/Prototype_Military/prototype_military/install/yolov8_msgs/local/lib/python3.10/dist-packages/yolov8_msgs/msg/_bounding_box3_d.py
[1.412s] -- Installing: /home/orin/Prototype_Military/prototype_military/install/yolov8_msgs/local/lib/python3.10/dist-packages/yolov8_msgs/msg/_mask_s.c
[1.412s] -- Installing: /home/orin/Prototype_Military/prototype_military/install/yolov8_msgs/local/lib/python3.10/dist-packages/yolov8_msgs/msg/_detection.py
[1.412s] -- Installing: /home/orin/Prototype_Military/prototype_military/install/yolov8_msgs/local/lib/python3.10/dist-packages/yolov8_msgs/msg/_bounding_box2_d.py
[1.413s] -- Installing: /home/orin/Prototype_Military/prototype_military/install/yolov8_msgs/local/lib/python3.10/dist-packages/yolov8_msgs/msg/_key_point3_d_s.c
[1.413s] -- Installing: /home/orin/Prototype_Military/prototype_military/install/yolov8_msgs/local/lib/python3.10/dist-packages/yolov8_msgs/msg/_detection_s.c
[1.413s] -- Installing: /home/orin/Prototype_Military/prototype_military/install/yolov8_msgs/local/lib/python3.10/dist-packages/yolov8_msgs/msg/_vector2.py
[1.413s] -- Installing: /home/orin/Prototype_Military/prototype_military/install/yolov8_msgs/local/lib/python3.10/dist-packages/yolov8_msgs/msg/_bounding_box2_d_s.c
[1.413s] -- Installing: /home/orin/Prototype_Military/prototype_military/install/yolov8_msgs/local/lib/python3.10/dist-packages/yolov8_msgs/msg/_pose2_d_s.c
[1.413s] -- Installing: /home/orin/Prototype_Military/prototype_military/install/yolov8_msgs/local/lib/python3.10/dist-packages/yolov8_msgs/msg/_detection_array_s.c
[1.414s] -- Installing: /home/orin/Prototype_Military/prototype_military/install/yolov8_msgs/local/lib/python3.10/dist-packages/yolov8_msgs/msg/_key_point3_d.py
[1.414s] -- Installing: /home/orin/Prototype_Military/prototype_military/install/yolov8_msgs/local/lib/python3.10/dist-packages/yolov8_msgs/_yolov8_msgs_s.ep.rosidl_typesupport_c.c
[1.414s] -- Installing: /home/orin/Prototype_Military/prototype_military/install/yolov8_msgs/local/lib/python3.10/dist-packages/yolov8_msgs/__init__.py
[1.414s] -- Installing: /home/orin/Prototype_Military/prototype_military/install/yolov8_msgs/local/lib/python3.10/dist-packages/yolov8_msgs/yolov8_msgs_s__rosidl_typesupport_fastrtps_c.cpython-310-aarch64-linux-gnu.so
[1.415s] -- Installing: /home/orin/Prototype_Military/prototype_military/install/yolov8_msgs/local/lib/python3.10/dist-packages/yolov8_msgs/_yolov8_msgs_s.ep.rosidl_typesupport_fastrtps_c.c
[1.415s] -- Installing: /home/orin/Prototype_Military/prototype_military/install/yolov8_msgs/local/lib/python3.10/dist-packages/yolov8_msgs/yolov8_msgs_s__rosidl_typesupport_introspection_c.cpython-310-aarch64-linux-gnu.so
[1.415s] -- Installing: /home/orin/Prototype_Military/prototype_military/install/yolov8_msgs/local/lib/python3.10/dist-packages/yolov8_msgs/yolov8_msgs_s__rosidl_typesupport_c.cpython-310-aarch64-linux-gnu.so
[1.509s] Listing '/home/orin/Prototype_Military/prototype_military/install/yolov8_msgs/local/lib/python3.10/dist-packages/yolov8_msgs'...
[1.509s] Compiling '/home/orin/Prototype_Military/prototype_military/install/yolov8_msgs/local/lib/python3.10/dist-packages/yolov8_msgs/__init__.py'...
[1.509s] Listing '/home/orin/Prototype_Military/prototype_military/install/yolov8_msgs/local/lib/python3.10/dist-packages/yolov8_msgs/msg'...
[1.510s] Compiling '/home/orin/Prototype_Military/prototype_military/install/yolov8_msgs/local/lib/python3.10/dist-packages/yolov8_msgs/msg/__init__.py'...
[1.510s] Compiling '/home/orin/Prototype_Military/prototype_military/install/yolov8_msgs/local/lib/python3.10/dist-packages/yolov8_msgs/msg/_bounding_box2_d.py'...
[1.510s] Compiling '/home/orin/Prototype_Military/prototype_military/install/yolov8_msgs/local/lib/python3.10/dist-packages/yolov8_msgs/msg/_bounding_box3_d.py'...
[1.510s] Compiling '/home/orin/Prototype_Military/prototype_military/install/yolov8_msgs/local/lib/python3.10/dist-packages/yolov8_msgs/msg/_detection.py'...
[1.510s] Compiling '/home/orin/Prototype_Military/prototype_military/install/yolov8_msgs/local/lib/python3.10/dist-packages/yolov8_msgs/msg/_detection_array.py'...
[1.510s] Compiling '/home/orin/Prototype_Military/prototype_military/install/yolov8_msgs/local/lib/python3.10/dist-packages/yolov8_msgs/msg/_key_point2_d.py'...
[1.510s] Compiling '/home/orin/Prototype_Military/prototype_military/install/yolov8_msgs/local/lib/python3.10/dist-packages/yolov8_msgs/msg/_key_point2_d_array.py'...
[1.511s] Compiling '/home/orin/Prototype_Military/prototype_military/install/yolov8_msgs/local/lib/python3.10/dist-packages/yolov8_msgs/msg/_key_point3_d.py'...
[1.511s] Compiling '/home/orin/Prototype_Military/prototype_military/install/yolov8_msgs/local/lib/python3.10/dist-packages/yolov8_msgs/msg/_key_point3_d_array.py'...
[1.511s] Compiling '/home/orin/Prototype_Military/prototype_military/install/yolov8_msgs/local/lib/python3.10/dist-packages/yolov8_msgs/msg/_mask.py'...
[1.511s] Compiling '/home/orin/Prototype_Military/prototype_military/install/yolov8_msgs/local/lib/python3.10/dist-packages/yolov8_msgs/msg/_point2_d.py'...
[1.511s] Compiling '/home/orin/Prototype_Military/prototype_military/install/yolov8_msgs/local/lib/python3.10/dist-packages/yolov8_msgs/msg/_pose2_d.py'...
[1.511s] Compiling '/home/orin/Prototype_Military/prototype_military/install/yolov8_msgs/local/lib/python3.10/dist-packages/yolov8_msgs/msg/_vector2.py'...
[1.520s] -- Installing: /home/orin/Prototype_Military/prototype_military/install/yolov8_msgs/local/lib/python3.10/dist-packages/yolov8_msgs/yolov8_msgs_s__rosidl_typesupport_fastrtps_c.cpython-310-aarch64-linux-gnu.so
[1.521s] -- Set runtime path of "/home/orin/Prototype_Military/prototype_military/install/yolov8_msgs/local/lib/python3.10/dist-packages/yolov8_msgs/yolov8_msgs_s__rosidl_typesupport_fastrtps_c.cpython-310-aarch64-linux-gnu.so" to ""
[1.521s] -- Installing: /home/orin/Prototype_Military/prototype_military/install/yolov8_msgs/local/lib/python3.10/dist-packages/yolov8_msgs/yolov8_msgs_s__rosidl_typesupport_introspection_c.cpython-310-aarch64-linux-gnu.so
[1.522s] -- Set runtime path of "/home/orin/Prototype_Military/prototype_military/install/yolov8_msgs/local/lib/python3.10/dist-packages/yolov8_msgs/yolov8_msgs_s__rosidl_typesupport_introspection_c.cpython-310-aarch64-linux-gnu.so" to ""
[1.522s] -- Installing: /home/orin/Prototype_Military/prototype_military/install/yolov8_msgs/local/lib/python3.10/dist-packages/yolov8_msgs/yolov8_msgs_s__rosidl_typesupport_c.cpython-310-aarch64-linux-gnu.so
[1.523s] -- Set runtime path of "/home/orin/Prototype_Military/prototype_military/install/yolov8_msgs/local/lib/python3.10/dist-packages/yolov8_msgs/yolov8_msgs_s__rosidl_typesupport_c.cpython-310-aarch64-linux-gnu.so" to ""
[1.523s] -- Installing: /home/orin/Prototype_Military/prototype_military/install/yolov8_msgs/lib/libyolov8_msgs__rosidl_generator_py.so
[1.524s] -- Set runtime path of "/home/orin/Prototype_Military/prototype_military/install/yolov8_msgs/lib/libyolov8_msgs__rosidl_generator_py.so" to ""
[1.524s] -- Installing: /home/orin/Prototype_Military/prototype_military/install/yolov8_msgs/share/yolov8_msgs/msg/Point2D.idl
[1.524s] -- Installing: /home/orin/Prototype_Military/prototype_military/install/yolov8_msgs/share/yolov8_msgs/msg/Vector2.idl
[1.525s] -- Installing: /home/orin/Prototype_Military/prototype_military/install/yolov8_msgs/share/yolov8_msgs/msg/Pose2D.idl
[1.527s] -- Installing: /home/orin/Prototype_Military/prototype_military/install/yolov8_msgs/share/yolov8_msgs/msg/BoundingBox2D.idl
[1.527s] -- Installing: /home/orin/Prototype_Military/prototype_military/install/yolov8_msgs/share/yolov8_msgs/msg/BoundingBox3D.idl
[1.528s] -- Installing: /home/orin/Prototype_Military/prototype_military/install/yolov8_msgs/share/yolov8_msgs/msg/Mask.idl
[1.528s] -- Installing: /home/orin/Prototype_Military/prototype_military/install/yolov8_msgs/share/yolov8_msgs/msg/KeyPoint2D.idl
[1.528s] -- Installing: /home/orin/Prototype_Military/prototype_military/install/yolov8_msgs/share/yolov8_msgs/msg/KeyPoint2DArray.idl
[1.528s] -- Installing: /home/orin/Prototype_Military/prototype_military/install/yolov8_msgs/share/yolov8_msgs/msg/KeyPoint3D.idl
[1.528s] -- Installing: /home/orin/Prototype_Military/prototype_military/install/yolov8_msgs/share/yolov8_msgs/msg/KeyPoint3DArray.idl
[1.529s] -- Installing: /home/orin/Prototype_Military/prototype_military/install/yolov8_msgs/share/yolov8_msgs/msg/Detection.idl
[1.529s] -- Installing: /home/orin/Prototype_Military/prototype_military/install/yolov8_msgs/share/yolov8_msgs/msg/DetectionArray.idl
[1.529s] -- Installing: /home/orin/Prototype_Military/prototype_military/install/yolov8_msgs/share/yolov8_msgs/msg/Point2D.msg
[1.529s] -- Installing: /home/orin/Prototype_Military/prototype_military/install/yolov8_msgs/share/yolov8_msgs/msg/Vector2.msg
[1.530s] -- Installing: /home/orin/Prototype_Military/prototype_military/install/yolov8_msgs/share/yolov8_msgs/msg/Pose2D.msg
[1.530s] -- Installing: /home/orin/Prototype_Military/prototype_military/install/yolov8_msgs/share/yolov8_msgs/msg/BoundingBox2D.msg
[1.530s] -- Installing: /home/orin/Prototype_Military/prototype_military/install/yolov8_msgs/share/yolov8_msgs/msg/BoundingBox3D.msg
[1.530s] -- Installing: /home/orin/Prototype_Military/prototype_military/install/yolov8_msgs/share/yolov8_msgs/msg/Mask.msg
[1.531s] -- Installing: /home/orin/Prototype_Military/prototype_military/install/yolov8_msgs/share/yolov8_msgs/msg/KeyPoint2D.msg
[1.531s] -- Installing: /home/orin/Prototype_Military/prototype_military/install/yolov8_msgs/share/yolov8_msgs/msg/KeyPoint2DArray.msg
[1.531s] -- Installing: /home/orin/Prototype_Military/prototype_military/install/yolov8_msgs/share/yolov8_msgs/msg/KeyPoint3D.msg
[1.532s] -- Installing: /home/orin/Prototype_Military/prototype_military/install/yolov8_msgs/share/yolov8_msgs/msg/KeyPoint3DArray.msg
[1.532s] -- Installing: /home/orin/Prototype_Military/prototype_military/install/yolov8_msgs/share/yolov8_msgs/msg/Detection.msg
[1.532s] -- Installing: /home/orin/Prototype_Military/prototype_military/install/yolov8_msgs/share/yolov8_msgs/msg/DetectionArray.msg
[1.532s] -- Installing: /home/orin/Prototype_Military/prototype_military/install/yolov8_msgs/share/ament_index/resource_index/package_run_dependencies/yolov8_msgs
[1.532s] -- Installing: /home/orin/Prototype_Military/prototype_military/install/yolov8_msgs/share/ament_index/resource_index/parent_prefix_path/yolov8_msgs
[1.533s] -- Installing: /home/orin/Prototype_Military/prototype_military/install/yolov8_msgs/share/yolov8_msgs/environment/ament_prefix_path.sh
[1.533s] -- Installing: /home/orin/Prototype_Military/prototype_military/install/yolov8_msgs/share/yolov8_msgs/environment/ament_prefix_path.dsv
[1.533s] -- Installing: /home/orin/Prototype_Military/prototype_military/install/yolov8_msgs/share/yolov8_msgs/environment/path.sh
[1.533s] -- Installing: /home/orin/Prototype_Military/prototype_military/install/yolov8_msgs/share/yolov8_msgs/environment/path.dsv
[1.533s] -- Installing: /home/orin/Prototype_Military/prototype_military/install/yolov8_msgs/share/yolov8_msgs/local_setup.bash
[1.534s] -- Installing: /home/orin/Prototype_Military/prototype_military/install/yolov8_msgs/share/yolov8_msgs/local_setup.sh
[1.534s] -- Installing: /home/orin/Prototype_Military/prototype_military/install/yolov8_msgs/share/yolov8_msgs/local_setup.zsh
[1.534s] -- Installing: /home/orin/Prototype_Military/prototype_military/install/yolov8_msgs/share/yolov8_msgs/local_setup.dsv
[1.534s] -- Installing: /home/orin/Prototype_Military/prototype_military/install/yolov8_msgs/share/yolov8_msgs/package.dsv
[1.534s] -- Installing: /home/orin/Prototype_Military/prototype_military/install/yolov8_msgs/share/ament_index/resource_index/packages/yolov8_msgs
[1.535s] -- Installing: /home/orin/Prototype_Military/prototype_military/install/yolov8_msgs/share/yolov8_msgs/cmake/export_yolov8_msgs__rosidl_generator_cExport.cmake
[1.535s] -- Installing: /home/orin/Prototype_Military/prototype_military/install/yolov8_msgs/share/yolov8_msgs/cmake/export_yolov8_msgs__rosidl_generator_cExport-noconfig.cmake
[1.535s] -- Installing: /home/orin/Prototype_Military/prototype_military/install/yolov8_msgs/share/yolov8_msgs/cmake/export_yolov8_msgs__rosidl_typesupport_fastrtps_cExport.cmake
[1.535s] -- Installing: /home/orin/Prototype_Military/prototype_military/install/yolov8_msgs/share/yolov8_msgs/cmake/export_yolov8_msgs__rosidl_typesupport_fastrtps_cExport-noconfig.cmake
[1.536s] -- Installing: /home/orin/Prototype_Military/prototype_military/install/yolov8_msgs/share/yolov8_msgs/cmake/yolov8_msgs__rosidl_typesupport_introspection_cExport.cmake
[1.536s] -- Installing: /home/orin/Prototype_Military/prototype_military/install/yolov8_msgs/share/yolov8_msgs/cmake/yolov8_msgs__rosidl_typesupport_introspection_cExport-noconfig.cmake
[1.536s] -- Installing: /home/orin/Prototype_Military/prototype_military/install/yolov8_msgs/share/yolov8_msgs/cmake/yolov8_msgs__rosidl_typesupport_cExport.cmake
[1.536s] -- Installing: /home/orin/Prototype_Military/prototype_military/install/yolov8_msgs/share/yolov8_msgs/cmake/yolov8_msgs__rosidl_typesupport_cExport-noconfig.cmake
[1.537s] -- Installing: /home/orin/Prototype_Military/prototype_military/install/yolov8_msgs/share/yolov8_msgs/cmake/export_yolov8_msgs__rosidl_generator_cppExport.cmake
[1.538s] -- Installing: /home/orin/Prototype_Military/prototype_military/install/yolov8_msgs/share/yolov8_msgs/cmake/export_yolov8_msgs__rosidl_typesupport_fastrtps_cppExport.cmake
[1.538s] -- Installing: /home/orin/Prototype_Military/prototype_military/install/yolov8_msgs/share/yolov8_msgs/cmake/export_yolov8_msgs__rosidl_typesupport_fastrtps_cppExport-noconfig.cmake
[1.539s] -- Installing: /home/orin/Prototype_Military/prototype_military/install/yolov8_msgs/share/yolov8_msgs/cmake/yolov8_msgs__rosidl_typesupport_introspection_cppExport.cmake
[1.539s] -- Installing: /home/orin/Prototype_Military/prototype_military/install/yolov8_msgs/share/yolov8_msgs/cmake/yolov8_msgs__rosidl_typesupport_introspection_cppExport-noconfig.cmake
[1.539s] -- Installing: /home/orin/Prototype_Military/prototype_military/install/yolov8_msgs/share/yolov8_msgs/cmake/yolov8_msgs__rosidl_typesupport_cppExport.cmake
[1.540s] -- Installing: /home/orin/Prototype_Military/prototype_military/install/yolov8_msgs/share/yolov8_msgs/cmake/yolov8_msgs__rosidl_typesupport_cppExport-noconfig.cmake
[1.540s] -- Installing: /home/orin/Prototype_Military/prototype_military/install/yolov8_msgs/share/yolov8_msgs/cmake/export_yolov8_msgs__rosidl_generator_pyExport.cmake
[1.540s] -- Installing: /home/orin/Prototype_Military/prototype_military/install/yolov8_msgs/share/yolov8_msgs/cmake/export_yolov8_msgs__rosidl_generator_pyExport-noconfig.cmake
[1.541s] -- Installing: /home/orin/Prototype_Military/prototype_military/install/yolov8_msgs/share/yolov8_msgs/cmake/rosidl_cmake-extras.cmake
[1.541s] -- Installing: /home/orin/Prototype_Military/prototype_military/install/yolov8_msgs/share/yolov8_msgs/cmake/ament_cmake_export_dependencies-extras.cmake
[1.542s] -- Installing: /home/orin/Prototype_Military/prototype_military/install/yolov8_msgs/share/yolov8_msgs/cmake/ament_cmake_export_include_directories-extras.cmake
[1.542s] -- Installing: /home/orin/Prototype_Military/prototype_military/install/yolov8_msgs/share/yolov8_msgs/cmake/ament_cmake_export_libraries-extras.cmake
[1.542s] -- Installing: /home/orin/Prototype_Military/prototype_military/install/yolov8_msgs/share/yolov8_msgs/cmake/ament_cmake_export_targets-extras.cmake
[1.543s] -- Installing: /home/orin/Prototype_Military/prototype_military/install/yolov8_msgs/share/yolov8_msgs/cmake/rosidl_cmake_export_typesupport_targets-extras.cmake
[1.544s] -- Installing: /home/orin/Prototype_Military/prototype_military/install/yolov8_msgs/share/yolov8_msgs/cmake/rosidl_cmake_export_typesupport_libraries-extras.cmake
[1.544s] -- Installing: /home/orin/Prototype_Military/prototype_military/install/yolov8_msgs/share/yolov8_msgs/cmake/yolov8_msgsConfig.cmake
[1.544s] -- Installing: /home/orin/Prototype_Military/prototype_military/install/yolov8_msgs/share/yolov8_msgs/cmake/yolov8_msgsConfig-version.cmake
[1.545s] -- Installing: /home/orin/Prototype_Military/prototype_military/install/yolov8_msgs/share/yolov8_msgs/package.xml
[1.573s] Invoked command in '/home/orin/Prototype_Military/prototype_military/build/yolov8_msgs' returned '0': CMAKE_PREFIX_PATH=${CMAKE_PREFIX_PATH}:/home/orin/Prototype_Military/install/yolov8_ros:/home/orin/Prototype_Military/install/prototype_move:/opt/ros/humble /usr/bin/cmake --install /home/orin/Prototype_Military/prototype_military/build/yolov8_msgs
