[0.017s] Invoking command in '/home/orin/Prototype_Military/prototype_military/build/realsense2_description': CMAKE_PREFIX_PATH=/home/orin/Prototype_Military/prototype_military/install/realsense2_camera_msgs:/home/orin/Prototype_Military/prototype_military/install/yolov8_bringup:/home/orin/Prototype_Military/prototype_military/install/yolov8_msgs:/home/orin/Prototype_Military/prototype_military/install/realsense2_description:/home/orin/Prototype_Military/prototype_military/install/realsense2_camera:/home/orin/Prototype_Military/prototype_military/install/prototype_motor:/home/orin/Prototype_Military/prototype_military/install/yolov8_ros:/home/orin/Prototype_Military/prototype_military/install/prototype_move:/opt/ros/humble LD_LIBRARY_PATH=/home/orin/Prototype_Military/prototype_military/install/realsense2_camera_msgs/lib:/home/orin/Prototype_Military/prototype_military/install/yolov8_msgs/lib:/home/orin/Prototype_Military/prototype_military/install/realsense2_camera/lib:/opt/ros/humble/lib/aarch64-linux-gnu:/opt/ros/humble/lib:/usr/local/cuda/lib64 /usr/bin/cmake /home/orin/Prototype_Military/prototype_military/src/realsense-ros/realsense2_description -DCMAKE_INSTALL_PREFIX=/home/orin/Prototype_Military/prototype_military/install/realsense2_description
[0.108s] -- The C compiler identification is GNU 11.4.0
[0.200s] -- The CXX compiler identification is GNU 11.4.0
[0.212s] -- Detecting C compiler ABI info
[0.328s] -- Detecting C compiler ABI info - done
[0.340s] -- Check for working C compiler: /usr/bin/cc - skipped
[0.340s] -- Detecting C compile features
[0.341s] -- Detecting C compile features - done
[0.346s] -- Detecting CXX compiler ABI info
[0.480s] -- Detecting CXX compiler ABI info - done
[0.493s] -- Check for working CXX compiler: /usr/bin/c++ - skipped
[0.493s] -- Detecting CXX compile features
[0.494s] -- Detecting CXX compile features - done
[0.497s] -- Found ament_cmake: 1.3.10 (/opt/ros/humble/share/ament_cmake/cmake)
[1.268s] -- Found Python3: /usr/bin/python3 (found version "3.10.12") found components: Interpreter 
[1.569s] -- Configuring done
[1.574s] -- Generating done
[1.576s] -- Build files have been written to: /home/orin/Prototype_Military/prototype_military/build/realsense2_description
[1.584s] Invoked command in '/home/orin/Prototype_Military/prototype_military/build/realsense2_description' returned '0': CMAKE_PREFIX_PATH=/home/orin/Prototype_Military/prototype_military/install/realsense2_camera_msgs:/home/orin/Prototype_Military/prototype_military/install/yolov8_bringup:/home/orin/Prototype_Military/prototype_military/install/yolov8_msgs:/home/orin/Prototype_Military/prototype_military/install/realsense2_description:/home/orin/Prototype_Military/prototype_military/install/realsense2_camera:/home/orin/Prototype_Military/prototype_military/install/prototype_motor:/home/orin/Prototype_Military/prototype_military/install/yolov8_ros:/home/orin/Prototype_Military/prototype_military/install/prototype_move:/opt/ros/humble LD_LIBRARY_PATH=/home/orin/Prototype_Military/prototype_military/install/realsense2_camera_msgs/lib:/home/orin/Prototype_Military/prototype_military/install/yolov8_msgs/lib:/home/orin/Prototype_Military/prototype_military/install/realsense2_camera/lib:/opt/ros/humble/lib/aarch64-linux-gnu:/opt/ros/humble/lib:/usr/local/cuda/lib64 /usr/bin/cmake /home/orin/Prototype_Military/prototype_military/src/realsense-ros/realsense2_description -DCMAKE_INSTALL_PREFIX=/home/orin/Prototype_Military/prototype_military/install/realsense2_description
[1.587s] Invoking command in '/home/orin/Prototype_Military/prototype_military/build/realsense2_description': CMAKE_PREFIX_PATH=/home/orin/Prototype_Military/prototype_military/install/realsense2_camera_msgs:/home/orin/Prototype_Military/prototype_military/install/yolov8_bringup:/home/orin/Prototype_Military/prototype_military/install/yolov8_msgs:/home/orin/Prototype_Military/prototype_military/install/realsense2_description:/home/orin/Prototype_Military/prototype_military/install/realsense2_camera:/home/orin/Prototype_Military/prototype_military/install/prototype_motor:/home/orin/Prototype_Military/prototype_military/install/yolov8_ros:/home/orin/Prototype_Military/prototype_military/install/prototype_move:/opt/ros/humble LD_LIBRARY_PATH=/home/orin/Prototype_Military/prototype_military/install/realsense2_camera_msgs/lib:/home/orin/Prototype_Military/prototype_military/install/yolov8_msgs/lib:/home/orin/Prototype_Military/prototype_military/install/realsense2_camera/lib:/opt/ros/humble/lib/aarch64-linux-gnu:/opt/ros/humble/lib:/usr/local/cuda/lib64 /usr/bin/cmake --build /home/orin/Prototype_Military/prototype_military/build/realsense2_description -- -j12 -l12
[2.142s] Invoked command in '/home/orin/Prototype_Military/prototype_military/build/realsense2_description' returned '0': CMAKE_PREFIX_PATH=/home/orin/Prototype_Military/prototype_military/install/realsense2_camera_msgs:/home/orin/Prototype_Military/prototype_military/install/yolov8_bringup:/home/orin/Prototype_Military/prototype_military/install/yolov8_msgs:/home/orin/Prototype_Military/prototype_military/install/realsense2_description:/home/orin/Prototype_Military/prototype_military/install/realsense2_camera:/home/orin/Prototype_Military/prototype_military/install/prototype_motor:/home/orin/Prototype_Military/prototype_military/install/yolov8_ros:/home/orin/Prototype_Military/prototype_military/install/prototype_move:/opt/ros/humble LD_LIBRARY_PATH=/home/orin/Prototype_Military/prototype_military/install/realsense2_camera_msgs/lib:/home/orin/Prototype_Military/prototype_military/install/yolov8_msgs/lib:/home/orin/Prototype_Military/prototype_military/install/realsense2_camera/lib:/opt/ros/humble/lib/aarch64-linux-gnu:/opt/ros/humble/lib:/usr/local/cuda/lib64 /usr/bin/cmake --build /home/orin/Prototype_Military/prototype_military/build/realsense2_description -- -j12 -l12
[2.144s] Invoking command in '/home/orin/Prototype_Military/prototype_military/build/realsense2_description': CMAKE_PREFIX_PATH=/home/orin/Prototype_Military/prototype_military/install/realsense2_camera_msgs:/home/orin/Prototype_Military/prototype_military/install/yolov8_bringup:/home/orin/Prototype_Military/prototype_military/install/yolov8_msgs:/home/orin/Prototype_Military/prototype_military/install/realsense2_description:/home/orin/Prototype_Military/prototype_military/install/realsense2_camera:/home/orin/Prototype_Military/prototype_military/install/prototype_motor:/home/orin/Prototype_Military/prototype_military/install/yolov8_ros:/home/orin/Prototype_Military/prototype_military/install/prototype_move:/opt/ros/humble LD_LIBRARY_PATH=/home/orin/Prototype_Military/prototype_military/install/realsense2_camera_msgs/lib:/home/orin/Prototype_Military/prototype_military/install/yolov8_msgs/lib:/home/orin/Prototype_Military/prototype_military/install/realsense2_camera/lib:/opt/ros/humble/lib/aarch64-linux-gnu:/opt/ros/humble/lib:/usr/local/cuda/lib64 /usr/bin/cmake --install /home/orin/Prototype_Military/prototype_military/build/realsense2_description
[2.169s] -- Install configuration: ""
[2.169s] -- Installing: /home/orin/Prototype_Military/prototype_military/install/realsense2_description/share/realsense2_description/launch
[2.169s] -- Installing: /home/orin/Prototype_Military/prototype_military/install/realsense2_description/share/realsense2_description/launch/launch_utils.py
[2.169s] -- Installing: /home/orin/Prototype_Military/prototype_military/install/realsense2_description/share/realsense2_description/launch/view_model.launch.py
[2.170s] -- Installing: /home/orin/Prototype_Military/prototype_military/install/realsense2_description/share/realsense2_description/meshes
[2.170s] -- Installing: /home/orin/Prototype_Military/prototype_military/install/realsense2_description/share/realsense2_description/meshes/d405.stl
[2.170s] -- Installing: /home/orin/Prototype_Military/prototype_military/install/realsense2_description/share/realsense2_description/meshes/plug.stl
[2.171s] -- Installing: /home/orin/Prototype_Military/prototype_military/install/realsense2_description/share/realsense2_description/meshes/d415.stl
[2.211s] -- Installing: /home/orin/Prototype_Military/prototype_military/install/realsense2_description/share/realsense2_description/meshes/d435.dae
[2.240s] -- Installing: /home/orin/Prototype_Military/prototype_military/install/realsense2_description/share/realsense2_description/meshes/plug_collision.stl
[2.240s] -- Installing: /home/orin/Prototype_Military/prototype_military/install/realsense2_description/share/realsense2_description/meshes/l515.dae
[2.299s] -- Installing: /home/orin/Prototype_Military/prototype_military/install/realsense2_description/share/realsense2_description/meshes/d455.stl
[2.304s] -- Installing: /home/orin/Prototype_Military/prototype_military/install/realsense2_description/share/realsense2_description/rviz
[2.304s] -- Installing: /home/orin/Prototype_Military/prototype_military/install/realsense2_description/share/realsense2_description/rviz/urdf.rviz
[2.304s] -- Installing: /home/orin/Prototype_Military/prototype_military/install/realsense2_description/share/realsense2_description/urdf
[2.304s] -- Installing: /home/orin/Prototype_Military/prototype_military/install/realsense2_description/share/realsense2_description/urdf/test_d435_multiple_cameras.urdf.xacro
[2.304s] -- Installing: /home/orin/Prototype_Military/prototype_military/install/realsense2_description/share/realsense2_description/urdf/_materials.urdf.xacro
[2.304s] -- Installing: /home/orin/Prototype_Military/prototype_military/install/realsense2_description/share/realsense2_description/urdf/test_d455_camera.urdf.xacro
[2.305s] -- Installing: /home/orin/Prototype_Military/prototype_military/install/realsense2_description/share/realsense2_description/urdf/test_r430_camera.urdf.xacro
[2.305s] -- Installing: /home/orin/Prototype_Military/prototype_military/install/realsense2_description/share/realsense2_description/urdf/_r430.urdf.xacro
[2.305s] -- Installing: /home/orin/Prototype_Military/prototype_military/install/realsense2_description/share/realsense2_description/urdf/_d415.urdf.xacro
[2.305s] -- Installing: /home/orin/Prototype_Military/prototype_military/install/realsense2_description/share/realsense2_description/urdf/_d435i_imu_modules.urdf.xacro
[2.305s] -- Installing: /home/orin/Prototype_Military/prototype_military/install/realsense2_description/share/realsense2_description/urdf/test_r410_camera.urdf.xacro
[2.306s] -- Installing: /home/orin/Prototype_Military/prototype_military/install/realsense2_description/share/realsense2_description/urdf/test_d435i_camera.urdf.xacro
[2.306s] -- Installing: /home/orin/Prototype_Military/prototype_military/install/realsense2_description/share/realsense2_description/urdf/test_d435_camera.urdf.xacro
[2.306s] -- Installing: /home/orin/Prototype_Military/prototype_military/install/realsense2_description/share/realsense2_description/urdf/_d435.urdf.xacro
[2.306s] -- Installing: /home/orin/Prototype_Military/prototype_military/install/realsense2_description/share/realsense2_description/urdf/test_d415_camera.urdf.xacro
[2.306s] -- Installing: /home/orin/Prototype_Military/prototype_military/install/realsense2_description/share/realsense2_description/urdf/_d405.urdf.xacro
[2.306s] -- Installing: /home/orin/Prototype_Military/prototype_military/install/realsense2_description/share/realsense2_description/urdf/_r410.urdf.xacro
[2.307s] -- Installing: /home/orin/Prototype_Military/prototype_military/install/realsense2_description/share/realsense2_description/urdf/_usb_plug.urdf.xacro
[2.307s] -- Installing: /home/orin/Prototype_Military/prototype_military/install/realsense2_description/share/realsense2_description/urdf/_d435i.urdf.xacro
[2.307s] -- Installing: /home/orin/Prototype_Military/prototype_military/install/realsense2_description/share/realsense2_description/urdf/_d455.urdf.xacro
[2.307s] -- Installing: /home/orin/Prototype_Military/prototype_military/install/realsense2_description/share/realsense2_description/urdf/test_d405_camera.urdf.xacro
[2.308s] -- Installing: /home/orin/Prototype_Military/prototype_military/install/realsense2_description/share/ament_index/resource_index/package_run_dependencies/realsense2_description
[2.308s] -- Installing: /home/orin/Prototype_Military/prototype_military/install/realsense2_description/share/ament_index/resource_index/parent_prefix_path/realsense2_description
[2.308s] -- Installing: /home/orin/Prototype_Military/prototype_military/install/realsense2_description/share/realsense2_description/environment/ament_prefix_path.sh
[2.309s] -- Installing: /home/orin/Prototype_Military/prototype_military/install/realsense2_description/share/realsense2_description/environment/ament_prefix_path.dsv
[2.309s] -- Installing: /home/orin/Prototype_Military/prototype_military/install/realsense2_description/share/realsense2_description/environment/path.sh
[2.309s] -- Installing: /home/orin/Prototype_Military/prototype_military/install/realsense2_description/share/realsense2_description/environment/path.dsv
[2.309s] -- Installing: /home/orin/Prototype_Military/prototype_military/install/realsense2_description/share/realsense2_description/local_setup.bash
[2.310s] -- Installing: /home/orin/Prototype_Military/prototype_military/install/realsense2_description/share/realsense2_description/local_setup.sh
[2.310s] -- Installing: /home/orin/Prototype_Military/prototype_military/install/realsense2_description/share/realsense2_description/local_setup.zsh
[2.310s] -- Installing: /home/orin/Prototype_Military/prototype_military/install/realsense2_description/share/realsense2_description/local_setup.dsv
[2.310s] -- Installing: /home/orin/Prototype_Military/prototype_military/install/realsense2_description/share/realsense2_description/package.dsv
[2.311s] -- Installing: /home/orin/Prototype_Military/prototype_military/install/realsense2_description/share/ament_index/resource_index/packages/realsense2_description
[2.311s] -- Installing: /home/orin/Prototype_Military/prototype_military/install/realsense2_description/share/realsense2_description/cmake/realsense2_descriptionConfig.cmake
[2.311s] -- Installing: /home/orin/Prototype_Military/prototype_military/install/realsense2_description/share/realsense2_description/cmake/realsense2_descriptionConfig-version.cmake
[2.311s] -- Installing: /home/orin/Prototype_Military/prototype_military/install/realsense2_description/share/realsense2_description/package.xml
[2.316s] Invoked command in '/home/orin/Prototype_Military/prototype_military/build/realsense2_description' returned '0': CMAKE_PREFIX_PATH=/home/orin/Prototype_Military/prototype_military/install/realsense2_camera_msgs:/home/orin/Prototype_Military/prototype_military/install/yolov8_bringup:/home/orin/Prototype_Military/prototype_military/install/yolov8_msgs:/home/orin/Prototype_Military/prototype_military/install/realsense2_description:/home/orin/Prototype_Military/prototype_military/install/realsense2_camera:/home/orin/Prototype_Military/prototype_military/install/prototype_motor:/home/orin/Prototype_Military/prototype_military/install/yolov8_ros:/home/orin/Prototype_Military/prototype_military/install/prototype_move:/opt/ros/humble LD_LIBRARY_PATH=/home/orin/Prototype_Military/prototype_military/install/realsense2_camera_msgs/lib:/home/orin/Prototype_Military/prototype_military/install/yolov8_msgs/lib:/home/orin/Prototype_Military/prototype_military/install/realsense2_camera/lib:/opt/ros/humble/lib/aarch64-linux-gnu:/opt/ros/humble/lib:/usr/local/cuda/lib64 /usr/bin/cmake --install /home/orin/Prototype_Military/prototype_military/build/realsense2_description
