[0.043s] Invoking command in '/home/orin/Prototype_Military/prototype_military/build/realsense2_camera': AMENT_PREFIX_PATH=/home/orin/Prototype_Military/prototype_military/install/realsense2_camera_msgs:${AMENT_PREFIX_PATH} CMAKE_PREFIX_PATH=/home/orin/Prototype_Military/prototype_military/install/realsense2_camera_msgs:/home/orin/Prototype_Military/install/yolov8_bringup:/home/orin/Prototype_Military/install/yolov8_msgs:/home/orin/Prototype_Military/install/ydlidar_ros2_driver:/home/orin/Prototype_Military/install/realsense2_description:/home/orin/Prototype_Military/install/realsense2_camera:/home/orin/Prototype_Military/install/realsense2_camera_msgs:/home/orin/Prototype_Military/install/prototype_motor:/home/orin/Prototype_Military/install/yolov8_ros:/home/orin/Prototype_Military/install/prototype_move:/opt/ros/humble LD_LIBRARY_PATH=/home/orin/Prototype_Military/prototype_military/install/realsense2_camera_msgs/lib:/home/orin/Prototype_Military/install/yolov8_msgs/lib:/home/orin/Prototype_Military/install/realsense2_camera/lib:/home/orin/Prototype_Military/install/realsense2_camera_msgs/lib:/opt/ros/humble/opt/rviz_ogre_vendor/lib:/opt/ros/humble/lib/aarch64-linux-gnu:/opt/ros/humble/lib:/usr/local/cuda/lib64 PYTHONPATH=/home/orin/Prototype_Military/prototype_military/install/realsense2_camera_msgs/local/lib/python3.10/dist-packages:${PYTHONPATH} /usr/bin/cmake /home/orin/Prototype_Military/prototype_military/src/realsense-ros/realsense2_camera -DCMAKE_INSTALL_PREFIX=/home/orin/Prototype_Military/prototype_military/install/realsense2_camera
[0.139s] -- The C compiler identification is GNU 11.4.0
[0.238s] -- The CXX compiler identification is GNU 11.4.0
[0.251s] -- Detecting C compiler ABI info
[0.372s] -- Detecting C compiler ABI info - done
[0.384s] -- Check for working C compiler: /usr/bin/cc - skipped
[0.384s] -- Detecting C compile features
[0.385s] -- Detecting C compile features - done
[0.391s] -- Detecting CXX compiler ABI info
[0.528s] -- Detecting CXX compiler ABI info - done
[0.540s] -- Check for working CXX compiler: /usr/bin/c++ - skipped
[0.541s] -- Detecting CXX compile features
[0.542s] -- Detecting CXX compile features - done
[0.543s] -- Create Release Build.
[0.547s] -- Found ament_cmake: 1.3.10 (/opt/ros/humble/share/ament_cmake/cmake)
[1.323s] -- Found Python3: /usr/bin/python3 (found version "3.10.12") found components: Interpreter 
[1.517s] -- Found builtin_interfaces: 1.2.1 (/opt/ros/humble/share/builtin_interfaces/cmake)
[1.584s] -- Found rosidl_generator_c: 3.1.5 (/opt/ros/humble/share/rosidl_generator_c/cmake)
[1.595s] -- Found rosidl_adapter: 3.1.5 (/opt/ros/humble/share/rosidl_adapter/cmake)
[1.613s] -- Found rosidl_generator_cpp: 3.1.5 (/opt/ros/humble/share/rosidl_generator_cpp/cmake)
[1.638s] -- Using all available rosidl_typesupport_c: rosidl_typesupport_fastrtps_c;rosidl_typesupport_introspection_c
[1.671s] -- Using all available rosidl_typesupport_cpp: rosidl_typesupport_fastrtps_cpp;rosidl_typesupport_introspection_cpp
[1.702s] -- Found cv_bridge: 3.2.1 (/opt/ros/humble/share/cv_bridge/cmake)
[1.713s] [33mCMake Warning (dev) at /usr/share/cmake-3.22/Modules/FindCUDA.cmake:723 (option):
[1.713s]   Policy CMP0077 is not set: option() honors normal variables.  Run "cmake
[1.713s]   --help-policy CMP0077" for policy details.  Use the cmake_policy command to
[1.713s]   set the policy and suppress this warning.
[1.713s] 
[1.714s]   For compatibility with older versions of CMake, option is clearing the
[1.714s]   normal variable 'CUDA_PROPAGATE_HOST_FLAGS'.
[1.714s] Call Stack (most recent call first):
[1.714s]   /usr/lib/aarch64-linux-gnu/cmake/opencv4/OpenCVConfig.cmake:86 (find_package)
[1.714s]   /usr/lib/aarch64-linux-gnu/cmake/opencv4/OpenCVConfig.cmake:108 (find_host_package)
[1.714s]   /opt/ros/humble/share/cv_bridge/cmake/ament_cmake_export_dependencies-extras.cmake:21 (find_package)
[1.714s]   /opt/ros/humble/share/cv_bridge/cmake/cv_bridgeConfig.cmake:41 (include)
[1.715s]   CMakeLists.txt:107 (find_package)
[1.715s] This warning is for project developers.  Use -Wno-dev to suppress it.
[1.715s] [0m
[1.743s] -- Looking for pthread.h
[1.866s] -- Looking for pthread.h - found
[1.866s] -- Performing Test CMAKE_HAVE_LIBC_PTHREAD
[1.989s] -- Performing Test CMAKE_HAVE_LIBC_PTHREAD - Success
[1.991s] -- Found Threads: TRUE  
[2.009s] -- Found CUDA: /usr/local/cuda (found suitable exact version "12.2") 
[2.121s] -- Found image_transport: 3.1.9 (/opt/ros/humble/share/image_transport/cmake)
[2.212s] -- Found rmw_implementation_cmake: 6.1.2 (/opt/ros/humble/share/rmw_implementation_cmake/cmake)
[2.218s] -- Found rmw_fastrtps_cpp: 6.2.7 (/opt/ros/humble/share/rmw_fastrtps_cpp/cmake)
[2.384s] -- Found OpenSSL: /usr/lib/aarch64-linux-gnu/libcrypto.so (found version "3.0.2")  
[2.428s] -- Found FastRTPS: /opt/ros/humble/include  
[2.504s] -- Using RMW implementation 'rmw_fastrtps_cpp' as default
[2.655s] -- Found rclcpp_components: 16.0.10 (/opt/ros/humble/share/rclcpp_components/cmake)
[2.689s] -- Found realsense2_camera_msgs: 4.55.1 (/home/orin/Prototype_Military/prototype_military/install/realsense2_camera_msgs/share/realsense2_camera_msgs/cmake)
[2.726s] -- Found nav_msgs: 4.2.4 (/opt/ros/humble/share/nav_msgs/cmake)
[2.758s] -- Found tf2_ros: 0.25.7 (/opt/ros/humble/share/tf2_ros/cmake)
[2.891s] -- Found diagnostic_updater: 4.0.0 (/opt/ros/humble/share/diagnostic_updater/cmake)
[2.934s] -- Found OpenCV: /usr (found version "4.10.0") found components: core 
[2.940s] -- Build for ROS2 Humble
[2.955s] -- Found ament_cmake_gtest: 1.3.10 (/opt/ros/humble/share/ament_cmake_gtest/cmake)
[2.960s] -- Found gtest sources under '/opt/ros/humble/src/gtest_vendor': C++ tests using 'Google Test' will be built
[2.973s] -- Found ament_cmake_pytest: 1.3.10 (/opt/ros/humble/share/ament_cmake_pytest/cmake)
