[0.025s] Invoking command in '/home/orin/Prototype_Military/prototype_military/build/prototype_motor': CMAKE_PREFIX_PATH=/opt/ros/humble /usr/bin/cmake /home/orin/Prototype_Military/prototype_military/src/prototype_motor -DCMAKE_INSTALL_PREFIX=/home/orin/Prototype_Military/prototype_military/install/prototype_motor
[0.109s] -- The C compiler identification is GNU 11.4.0
[0.202s] -- The CXX compiler identification is GNU 11.4.0
[0.214s] -- Detecting C compiler ABI info
[0.327s] -- Detecting C compiler ABI info - done
[0.339s] -- Check for working C compiler: /usr/bin/cc - skipped
[0.340s] -- Detecting C compile features
[0.340s] -- Detecting C compile features - done
[0.346s] -- Detecting CXX compiler ABI info
[0.478s] -- Detecting CXX compiler ABI info - done
[0.490s] -- Check for working CXX compiler: /usr/bin/c++ - skipped
[0.490s] -- Detecting CXX compile features
[0.491s] -- Detecting CXX compile features - done
[0.494s] -- Found ament_cmake: 1.3.10 (/opt/ros/humble/share/ament_cmake/cmake)
[1.235s] -- Found Python3: /usr/bin/python3 (found version "3.10.12") found components: Interpreter 
[1.392s] -- Found rclcpp: 16.0.10 (/opt/ros/humble/share/rclcpp/cmake)
[1.454s] -- Found rosidl_generator_c: 3.1.5 (/opt/ros/humble/share/rosidl_generator_c/cmake)
[1.461s] -- Found rosidl_adapter: 3.1.5 (/opt/ros/humble/share/rosidl_adapter/cmake)
[1.474s] -- Found rosidl_generator_cpp: 3.1.5 (/opt/ros/humble/share/rosidl_generator_cpp/cmake)
[1.493s] -- Using all available rosidl_typesupport_c: rosidl_typesupport_fastrtps_c;rosidl_typesupport_introspection_c
[1.520s] -- Using all available rosidl_typesupport_cpp: rosidl_typesupport_fastrtps_cpp;rosidl_typesupport_introspection_cpp
[1.589s] -- Found rmw_implementation_cmake: 6.1.2 (/opt/ros/humble/share/rmw_implementation_cmake/cmake)
[1.593s] -- Found rmw_fastrtps_cpp: 6.2.7 (/opt/ros/humble/share/rmw_fastrtps_cpp/cmake)
[1.720s] -- Found OpenSSL: /usr/lib/aarch64-linux-gnu/libcrypto.so (found version "3.0.2")  
[1.762s] -- Found FastRTPS: /opt/ros/humble/include  
[1.829s] -- Using RMW implementation 'rmw_fastrtps_cpp' as default
[1.840s] -- Looking for pthread.h
[1.956s] -- Looking for pthread.h - found
[1.956s] -- Performing Test CMAKE_HAVE_LIBC_PTHREAD
[2.073s] -- Performing Test CMAKE_HAVE_LIBC_PTHREAD - Success
[2.075s] -- Found Threads: TRUE  
[2.163s] -- Found sensor_msgs: 4.2.4 (/opt/ros/humble/share/sensor_msgs/cmake)
[2.229s] -- Found Boost: /usr/lib/aarch64-linux-gnu/cmake/Boost-1.74.0/BoostConfig.cmake (found version "1.74.0") found components: system 
[2.232s] -- Found ament_lint_auto: 0.12.11 (/opt/ros/humble/share/ament_lint_auto/cmake)
[2.382s] -- Added test 'cppcheck' to perform static code analysis on C / C++ code
[2.382s] -- Configured cppcheck include dirs: /home/orin/Prototype_Military/prototype_military/src/prototype_motor/include
[2.382s] -- Configured cppcheck exclude dirs and/or files: 
[2.383s] -- Added test 'lint_cmake' to check CMake code style
[2.384s] -- Added test 'uncrustify' to check C / C++ code style
[2.384s] -- Configured uncrustify additional arguments: 
[2.385s] -- Added test 'xmllint' to check XML markup files
[2.387s] -- Configuring done
[2.407s] -- Generating done
[2.410s] -- Build files have been written to: /home/orin/Prototype_Military/prototype_military/build/prototype_motor
[2.432s] Invoked command in '/home/orin/Prototype_Military/prototype_military/build/prototype_motor' returned '0': CMAKE_PREFIX_PATH=/opt/ros/humble /usr/bin/cmake /home/orin/Prototype_Military/prototype_military/src/prototype_motor -DCMAKE_INSTALL_PREFIX=/home/orin/Prototype_Military/prototype_military/install/prototype_motor
[2.437s] Invoking command in '/home/orin/Prototype_Military/prototype_military/build/prototype_motor': CMAKE_PREFIX_PATH=/opt/ros/humble /usr/bin/cmake --build /home/orin/Prototype_Military/prototype_military/build/prototype_motor -- -j12 -l12
[2.514s] [ 50%] [32mBuilding CXX object CMakeFiles/nurimotor.dir/src/nurimotor_control.cpp.o[0m
[15.255s] [100%] [32m[1mLinking CXX executable nurimotor[0m
[15.466s] [100%] Built target nurimotor
[15.485s] Invoked command in '/home/orin/Prototype_Military/prototype_military/build/prototype_motor' returned '0': CMAKE_PREFIX_PATH=/opt/ros/humble /usr/bin/cmake --build /home/orin/Prototype_Military/prototype_military/build/prototype_motor -- -j12 -l12
[15.702s] Invoking command in '/home/orin/Prototype_Military/prototype_military/build/prototype_motor': CMAKE_PREFIX_PATH=/opt/ros/humble /usr/bin/cmake --install /home/orin/Prototype_Military/prototype_military/build/prototype_motor
[15.714s] -- Install configuration: ""
[15.714s] -- Installing: /home/orin/Prototype_Military/prototype_military/install/prototype_motor/lib/prototype_motor/nurimotor
[15.715s] -- Set runtime path of "/home/orin/Prototype_Military/prototype_military/install/prototype_motor/lib/prototype_motor/nurimotor" to ""
[15.715s] -- Installing: /home/orin/Prototype_Military/prototype_military/install/prototype_motor/share/ament_index/resource_index/package_run_dependencies/prototype_motor
[15.716s] -- Installing: /home/orin/Prototype_Military/prototype_military/install/prototype_motor/share/ament_index/resource_index/parent_prefix_path/prototype_motor
[15.716s] -- Installing: /home/orin/Prototype_Military/prototype_military/install/prototype_motor/share/prototype_motor/environment/ament_prefix_path.sh
[15.716s] -- Installing: /home/orin/Prototype_Military/prototype_military/install/prototype_motor/share/prototype_motor/environment/ament_prefix_path.dsv
[15.717s] -- Installing: /home/orin/Prototype_Military/prototype_military/install/prototype_motor/share/prototype_motor/environment/path.sh
[15.717s] -- Installing: /home/orin/Prototype_Military/prototype_military/install/prototype_motor/share/prototype_motor/environment/path.dsv
[15.717s] -- Installing: /home/orin/Prototype_Military/prototype_military/install/prototype_motor/share/prototype_motor/local_setup.bash
[15.717s] -- Installing: /home/orin/Prototype_Military/prototype_military/install/prototype_motor/share/prototype_motor/local_setup.sh
[15.718s] -- Installing: /home/orin/Prototype_Military/prototype_military/install/prototype_motor/share/prototype_motor/local_setup.zsh
[15.718s] -- Installing: /home/orin/Prototype_Military/prototype_military/install/prototype_motor/share/prototype_motor/local_setup.dsv
[15.718s] -- Installing: /home/orin/Prototype_Military/prototype_military/install/prototype_motor/share/prototype_motor/package.dsv
[15.719s] -- Installing: /home/orin/Prototype_Military/prototype_military/install/prototype_motor/share/ament_index/resource_index/packages/prototype_motor
[15.719s] -- Installing: /home/orin/Prototype_Military/prototype_military/install/prototype_motor/share/prototype_motor/cmake/prototype_motorConfig.cmake
[15.719s] -- Installing: /home/orin/Prototype_Military/prototype_military/install/prototype_motor/share/prototype_motor/cmake/prototype_motorConfig-version.cmake
[15.719s] -- Installing: /home/orin/Prototype_Military/prototype_military/install/prototype_motor/share/prototype_motor/package.xml
[15.723s] Invoked command in '/home/orin/Prototype_Military/prototype_military/build/prototype_motor' returned '0': CMAKE_PREFIX_PATH=/opt/ros/humble /usr/bin/cmake --install /home/orin/Prototype_Military/prototype_military/build/prototype_motor
