[1.794s] Invoking command in '/home/orin/Prototype_Military/prototype_military/src/yolov8_ros/yolov8_ros': CMAKE_PREFIX_PATH=/home/orin/Prototype_Military/prototype_military/install/yolov8_msgs:/home/orin/Prototype_Military/prototype_military/install/yolov8_bringup:/home/orin/Prototype_Military/prototype_military/install/ydlidar_ros2_driver:/home/orin/Prototype_Military/prototype_military/install/realsense2_description:/home/orin/Prototype_Military/prototype_military/install/realsense2_camera:/home/orin/Prototype_Military/prototype_military/install/realsense2_camera_msgs:/home/orin/Prototype_Military/prototype_military/install/prototype_motor LD_LIBRARY_PATH=/home/orin/Prototype_Military/prototype_military/install/yolov8_msgs/lib:/home/orin/Prototype_Military/prototype_military/install/realsense2_camera/lib:/home/orin/Prototype_Military/prototype_military/install/realsense2_camera_msgs/lib:/opt/ros/humble/opt/rviz_ogre_vendor/lib:/opt/ros/humble/lib/aarch64-linux-gnu:/opt/ros/humble/lib:/usr/local/cuda/lib64 PYTHONPATH=/home/orin/Prototype_Military/prototype_military/build/yolov8_ros/prefix_override:/usr/lib/python3/dist-packages/colcon_core/task/python/colcon_distutils_commands:/home/orin/Prototype_Military/prototype_military/install/yolov8_ros/lib/python3.10/site-packages:${PYTHONPATH} /usr/bin/python3 -W ignore:setup.py install is deprecated setup.py egg_info --egg-base ../../../build/yolov8_ros build --build-base /home/orin/Prototype_Military/prototype_military/build/yolov8_ros/build install --record /home/orin/Prototype_Military/prototype_military/build/yolov8_ros/install.log --single-version-externally-managed install_data
[2.119s] /home/orin/.local/lib/python3.10/site-packages/setuptools/_distutils/dist.py:260: UserWarning: Unknown distribution option: 'tests_require'
[2.120s]   warnings.warn(msg)
[2.346s] running egg_info
[2.383s] writing ../../../build/yolov8_ros/yolov8_ros.egg-info/PKG-INFO
[2.384s] writing dependency_links to ../../../build/yolov8_ros/yolov8_ros.egg-info/dependency_links.txt
[2.384s] writing entry points to ../../../build/yolov8_ros/yolov8_ros.egg-info/entry_points.txt
[2.385s] writing requirements to ../../../build/yolov8_ros/yolov8_ros.egg-info/requires.txt
[2.385s] writing top-level names to ../../../build/yolov8_ros/yolov8_ros.egg-info/top_level.txt
[2.463s] reading manifest file '../../../build/yolov8_ros/yolov8_ros.egg-info/SOURCES.txt'
[2.465s] writing manifest file '../../../build/yolov8_ros/yolov8_ros.egg-info/SOURCES.txt'
[2.466s] running build
[2.466s] running build_py
[2.466s] copying yolov8_ros/yolov8_node.py -> /home/orin/Prototype_Military/prototype_military/build/yolov8_ros/build/lib/yolov8_ros
[2.467s] copying yolov8_ros/detect_3d_node.py -> /home/orin/Prototype_Military/prototype_military/build/yolov8_ros/build/lib/yolov8_ros
[2.467s] copying yolov8_ros/__init__.py -> /home/orin/Prototype_Military/prototype_military/build/yolov8_ros/build/lib/yolov8_ros
[2.467s] copying yolov8_ros/debug_node.py -> /home/orin/Prototype_Military/prototype_military/build/yolov8_ros/build/lib/yolov8_ros
[2.468s] copying yolov8_ros/tracking_node.py -> /home/orin/Prototype_Military/prototype_military/build/yolov8_ros/build/lib/yolov8_ros
[2.469s] running install
[2.478s] running install_lib
[2.517s] running install_data
[2.517s] copying resource/yolov8_ros -> /home/orin/Prototype_Military/prototype_military/install/yolov8_ros/share/ament_index/resource_index/packages
[2.517s] copying package.xml -> /home/orin/Prototype_Military/prototype_military/install/yolov8_ros/share/yolov8_ros
[2.518s] running install_egg_info
[2.557s] removing '/home/orin/Prototype_Military/prototype_military/install/yolov8_ros/lib/python3.10/site-packages/yolov8_ros-0.0.0-py3.10.egg-info' (and everything under it)
[2.558s] Copying ../../../build/yolov8_ros/yolov8_ros.egg-info to /home/orin/Prototype_Military/prototype_military/install/yolov8_ros/lib/python3.10/site-packages/yolov8_ros-0.0.0-py3.10.egg-info
[2.560s] running install_scripts
[2.869s] Installing debug_node script to /home/orin/Prototype_Military/prototype_military/install/yolov8_ros/lib/yolov8_ros
[2.869s] Installing detect_3d_node script to /home/orin/Prototype_Military/prototype_military/install/yolov8_ros/lib/yolov8_ros
[2.869s] Installing tracking_node script to /home/orin/Prototype_Military/prototype_military/install/yolov8_ros/lib/yolov8_ros
[2.870s] Installing yolov8_node script to /home/orin/Prototype_Military/prototype_military/install/yolov8_ros/lib/yolov8_ros
[2.871s] writing list of installed files to '/home/orin/Prototype_Military/prototype_military/build/yolov8_ros/install.log'
[2.934s] Invoked command in '/home/orin/Prototype_Military/prototype_military/src/yolov8_ros/yolov8_ros' returned '0': CMAKE_PREFIX_PATH=/home/orin/Prototype_Military/prototype_military/install/yolov8_msgs:/home/orin/Prototype_Military/prototype_military/install/yolov8_bringup:/home/orin/Prototype_Military/prototype_military/install/ydlidar_ros2_driver:/home/orin/Prototype_Military/prototype_military/install/realsense2_description:/home/orin/Prototype_Military/prototype_military/install/realsense2_camera:/home/orin/Prototype_Military/prototype_military/install/realsense2_camera_msgs:/home/orin/Prototype_Military/prototype_military/install/prototype_motor LD_LIBRARY_PATH=/home/orin/Prototype_Military/prototype_military/install/yolov8_msgs/lib:/home/orin/Prototype_Military/prototype_military/install/realsense2_camera/lib:/home/orin/Prototype_Military/prototype_military/install/realsense2_camera_msgs/lib:/opt/ros/humble/opt/rviz_ogre_vendor/lib:/opt/ros/humble/lib/aarch64-linux-gnu:/opt/ros/humble/lib:/usr/local/cuda/lib64 PYTHONPATH=/home/orin/Prototype_Military/prototype_military/build/yolov8_ros/prefix_override:/usr/lib/python3/dist-packages/colcon_core/task/python/colcon_distutils_commands:/home/orin/Prototype_Military/prototype_military/install/yolov8_ros/lib/python3.10/site-packages:${PYTHONPATH} /usr/bin/python3 -W ignore:setup.py install is deprecated setup.py egg_info --egg-base ../../../build/yolov8_ros build --build-base /home/orin/Prototype_Military/prototype_military/build/yolov8_ros/build install --record /home/orin/Prototype_Military/prototype_military/build/yolov8_ros/install.log --single-version-externally-managed install_data
