[0.017s] Invoking command in '/home/orin/Prototype_Military/prototype_military/build/realsense2_camera': CMAKE_PREFIX_PATH=/home/orin/Prototype_Military/prototype_military/install/realsense2_camera_msgs:/home/orin/Prototype_Military/prototype_military/install/yolov8_bringup:/home/orin/Prototype_Military/prototype_military/install/yolov8_msgs:/home/orin/Prototype_Military/prototype_military/install/realsense2_description:/home/orin/Prototype_Military/prototype_military/install/realsense2_camera:/home/orin/Prototype_Military/prototype_military/install/prototype_motor:/home/orin/Prototype_Military/prototype_military/install/yolov8_ros:/home/orin/Prototype_Military/prototype_military/install/prototype_move:/opt/ros/humble LD_LIBRARY_PATH=/home/orin/Prototype_Military/prototype_military/install/realsense2_camera_msgs/lib:/home/orin/Prototype_Military/prototype_military/install/yolov8_msgs/lib:/home/orin/Prototype_Military/prototype_military/install/realsense2_camera/lib:/opt/ros/humble/lib/aarch64-linux-gnu:/opt/ros/humble/lib:/usr/local/cuda/lib64 /usr/bin/cmake /home/orin/Prototype_Military/prototype_military/src/realsense-ros/realsense2_camera -DCMAKE_INSTALL_PREFIX=/home/orin/Prototype_Military/prototype_military/install/realsense2_camera
[0.110s] -- The C compiler identification is GNU 11.4.0
[0.203s] -- The CXX compiler identification is GNU 11.4.0
[0.215s] -- Detecting C compiler ABI info
[0.333s] -- Detecting C compiler ABI info - done
[0.345s] -- Check for working C compiler: /usr/bin/cc - skipped
[0.345s] -- Detecting C compile features
[0.346s] -- Detecting C compile features - done
[0.351s] -- Detecting CXX compiler ABI info
[0.484s] -- Detecting CXX compiler ABI info - done
[0.497s] -- Check for working CXX compiler: /usr/bin/c++ - skipped
[0.497s] -- Detecting CXX compile features
[0.498s] -- Detecting CXX compile features - done
[0.500s] -- Create Release Build.
[0.502s] -- Found ament_cmake: 1.3.10 (/opt/ros/humble/share/ament_cmake/cmake)
[1.261s] -- Found Python3: /usr/bin/python3 (found version "3.10.12") found components: Interpreter 
[1.425s] -- Found builtin_interfaces: 1.2.1 (/opt/ros/humble/share/builtin_interfaces/cmake)
[1.479s] -- Found rosidl_generator_c: 3.1.5 (/opt/ros/humble/share/rosidl_generator_c/cmake)
[1.487s] -- Found rosidl_adapter: 3.1.5 (/opt/ros/humble/share/rosidl_adapter/cmake)
[1.501s] -- Found rosidl_generator_cpp: 3.1.5 (/opt/ros/humble/share/rosidl_generator_cpp/cmake)
[1.521s] -- Using all available rosidl_typesupport_c: rosidl_typesupport_fastrtps_c;rosidl_typesupport_introspection_c
[1.550s] -- Using all available rosidl_typesupport_cpp: rosidl_typesupport_fastrtps_cpp;rosidl_typesupport_introspection_cpp
[1.576s] -- Found cv_bridge: 3.2.1 (/opt/ros/humble/share/cv_bridge/cmake)
[1.585s] [33mCMake Warning (dev) at /usr/share/cmake-3.22/Modules/FindCUDA.cmake:723 (option):
[1.586s]   Policy CMP0077 is not set: option() honors normal variables.  Run "cmake
[1.586s]   --help-policy CMP0077" for policy details.  Use the cmake_policy command to
[1.586s]   set the policy and suppress this warning.
[1.586s] 
[1.586s]   For compatibility with older versions of CMake, option is clearing the
[1.586s]   normal variable 'CUDA_PROPAGATE_HOST_FLAGS'.
[1.586s] Call Stack (most recent call first):
[1.586s]   /usr/lib/aarch64-linux-gnu/cmake/opencv4/OpenCVConfig.cmake:86 (find_package)
[1.587s]   /usr/lib/aarch64-linux-gnu/cmake/opencv4/OpenCVConfig.cmake:108 (find_host_package)
[1.587s]   /opt/ros/humble/share/cv_bridge/cmake/ament_cmake_export_dependencies-extras.cmake:21 (find_package)
[1.587s]   /opt/ros/humble/share/cv_bridge/cmake/cv_bridgeConfig.cmake:41 (include)
[1.587s]   CMakeLists.txt:107 (find_package)
[1.587s] This warning is for project developers.  Use -Wno-dev to suppress it.
[1.587s] [0m
[1.616s] -- Looking for pthread.h
[2.270s] -- Looking for pthread.h - found
[2.270s] -- Performing Test CMAKE_HAVE_LIBC_PTHREAD
[2.391s] -- Performing Test CMAKE_HAVE_LIBC_PTHREAD - Success
[2.393s] -- Found Threads: TRUE  
[2.409s] -- Found CUDA: /usr/local/cuda (found suitable exact version "12.2") 
[2.515s] -- Found image_transport: 3.1.9 (/opt/ros/humble/share/image_transport/cmake)
[2.589s] -- Found rmw_implementation_cmake: 6.1.2 (/opt/ros/humble/share/rmw_implementation_cmake/cmake)
[2.593s] -- Found rmw_fastrtps_cpp: 6.2.7 (/opt/ros/humble/share/rmw_fastrtps_cpp/cmake)
[2.728s] -- Found OpenSSL: /usr/lib/aarch64-linux-gnu/libcrypto.so (found version "3.0.2")  
[2.767s] -- Found FastRTPS: /opt/ros/humble/include  
[2.836s] -- Using RMW implementation 'rmw_fastrtps_cpp' as default
[2.966s] -- Found rclcpp_components: 16.0.10 (/opt/ros/humble/share/rclcpp_components/cmake)
[2.998s] -- Found realsense2_camera_msgs: 4.55.1 (/home/orin/Prototype_Military/prototype_military/install/realsense2_camera_msgs/share/realsense2_camera_msgs/cmake)
[3.034s] -- Found nav_msgs: 4.2.4 (/opt/ros/humble/share/nav_msgs/cmake)
[3.065s] -- Found tf2_ros: 0.25.7 (/opt/ros/humble/share/tf2_ros/cmake)
[3.188s] -- Found diagnostic_updater: 4.0.0 (/opt/ros/humble/share/diagnostic_updater/cmake)
[3.229s] -- Found OpenCV: /usr (found version "4.10.0") found components: core 
[3.233s] -- Build for ROS2 Humble
[3.247s] -- Found ament_cmake_gtest: 1.3.10 (/opt/ros/humble/share/ament_cmake_gtest/cmake)
[3.251s] -- Found gtest sources under '/opt/ros/humble/src/gtest_vendor': C++ tests using 'Google Test' will be built
[3.262s] -- Found ament_cmake_pytest: 1.3.10 (/opt/ros/humble/share/ament_cmake_pytest/cmake)
[13.848s] -- rs_device_info:
[13.848s] -- Device Name                   Serial Number       Firmware Version
[13.848s] Intel RealSense D435I         238222075628        5.13.0.55
[13.848s] 
[13.848s] -- D455 device found
[21.448s] -- Configuring done
[21.514s] -- Generating done
[21.519s] -- Build files have been written to: /home/orin/Prototype_Military/prototype_military/build/realsense2_camera
[21.547s] Invoked command in '/home/orin/Prototype_Military/prototype_military/build/realsense2_camera' returned '0': CMAKE_PREFIX_PATH=/home/orin/Prototype_Military/prototype_military/install/realsense2_camera_msgs:/home/orin/Prototype_Military/prototype_military/install/yolov8_bringup:/home/orin/Prototype_Military/prototype_military/install/yolov8_msgs:/home/orin/Prototype_Military/prototype_military/install/realsense2_description:/home/orin/Prototype_Military/prototype_military/install/realsense2_camera:/home/orin/Prototype_Military/prototype_military/install/prototype_motor:/home/orin/Prototype_Military/prototype_military/install/yolov8_ros:/home/orin/Prototype_Military/prototype_military/install/prototype_move:/opt/ros/humble LD_LIBRARY_PATH=/home/orin/Prototype_Military/prototype_military/install/realsense2_camera_msgs/lib:/home/orin/Prototype_Military/prototype_military/install/yolov8_msgs/lib:/home/orin/Prototype_Military/prototype_military/install/realsense2_camera/lib:/opt/ros/humble/lib/aarch64-linux-gnu:/opt/ros/humble/lib:/usr/local/cuda/lib64 /usr/bin/cmake /home/orin/Prototype_Military/prototype_military/src/realsense-ros/realsense2_camera -DCMAKE_INSTALL_PREFIX=/home/orin/Prototype_Military/prototype_military/install/realsense2_camera
[21.550s] Invoking command in '/home/orin/Prototype_Military/prototype_military/build/realsense2_camera': CMAKE_PREFIX_PATH=/home/orin/Prototype_Military/prototype_military/install/realsense2_camera_msgs:/home/orin/Prototype_Military/prototype_military/install/yolov8_bringup:/home/orin/Prototype_Military/prototype_military/install/yolov8_msgs:/home/orin/Prototype_Military/prototype_military/install/realsense2_description:/home/orin/Prototype_Military/prototype_military/install/realsense2_camera:/home/orin/Prototype_Military/prototype_military/install/prototype_motor:/home/orin/Prototype_Military/prototype_military/install/yolov8_ros:/home/orin/Prototype_Military/prototype_military/install/prototype_move:/opt/ros/humble LD_LIBRARY_PATH=/home/orin/Prototype_Military/prototype_military/install/realsense2_camera_msgs/lib:/home/orin/Prototype_Military/prototype_military/install/yolov8_msgs/lib:/home/orin/Prototype_Military/prototype_military/install/realsense2_camera/lib:/opt/ros/humble/lib/aarch64-linux-gnu:/opt/ros/humble/lib:/usr/local/cuda/lib64 /usr/bin/cmake --build /home/orin/Prototype_Military/prototype_military/build/realsense2_camera -- -j12 -l12
[21.637s] [ 13%] [32mBuilding CXX object gtest/CMakeFiles/gtest.dir/src/gtest-all.cc.o[0m
[21.637s] [ 13%] [32mBuilding CXX object gtest/CMakeFiles/gtest_main.dir/src/gtest_main.cc.o[0m
[21.637s] [ 22%] [32mBuilding CXX object CMakeFiles/realsense2_camera.dir/src/realsense_node_factory.cpp.o[0m
[21.637s] [ 22%] [32mBuilding CXX object CMakeFiles/realsense2_camera.dir/src/parameters.cpp.o[0m
[21.638s] [ 31%] [32mBuilding CXX object CMakeFiles/realsense2_camera.dir/src/ros_sensor.cpp.o[0m
[21.638s] [ 36%] [32mBuilding CXX object CMakeFiles/realsense2_camera.dir/src/rs_node_setup.cpp.o[0m
[21.638s] [ 36%] [32mBuilding CXX object CMakeFiles/realsense2_camera.dir/src/base_realsense_node.cpp.o[0m
[21.638s] [ 45%] [32mBuilding CXX object CMakeFiles/realsense2_camera.dir/src/dynamic_params.cpp.o[0m
[21.638s] [ 45%] [32mBuilding CXX object CMakeFiles/realsense2_camera_node.dir/rclcpp_components/node_main_realsense2_camera_node.cpp.o[0m
[21.639s] [ 45%] [32mBuilding CXX object CMakeFiles/realsense2_camera.dir/src/ros_utils.cpp.o[0m
[21.639s] [ 50%] [32mBuilding CXX object CMakeFiles/realsense2_camera.dir/src/sensor_params.cpp.o[0m
[21.639s] [ 54%] [32mBuilding CXX object CMakeFiles/realsense2_camera.dir/src/named_filter.cpp.o[0m
[23.082s] [ 59%] [32m[1mLinking CXX static library libgtest_main.a[0m
[23.147s] [ 59%] Built target gtest_main
[23.165s] [ 63%] [32mBuilding CXX object CMakeFiles/realsense2_camera.dir/src/profile_manager.cpp.o[0m
[29.746s] [ 68%] [32mBuilding CXX object CMakeFiles/realsense2_camera.dir/src/image_publisher.cpp.o[0m
[30.062s] [ 72%] [32m[1mLinking CXX executable realsense2_camera_node[0m
[30.299s] [ 72%] Built target realsense2_camera_node
[30.317s] [ 77%] [32mBuilding CXX object CMakeFiles/realsense2_camera.dir/src/tfs.cpp.o[0m
[34.161s] [ 81%] [32mBuilding CXX object CMakeFiles/realsense2_camera.dir/src/ros_param_backend.cpp.o[0m
[39.427s] [ 86%] [32m[1mLinking CXX static library libgtest.a[0m
[39.500s] [ 86%] Built target gtest
[39.539s] [ 90%] [32mBuilding CXX object CMakeFiles/gtest_template.dir/test/gtest_template.cpp.o[0m
[41.397s] [ 95%] [32m[1mLinking CXX executable gtest_template[0m
[41.581s] [ 95%] Built target gtest_template
[54.759s] [100%] [32m[1mLinking CXX shared library librealsense2_camera.so[0m
[55.858s] [100%] Built target realsense2_camera
[55.877s] Invoked command in '/home/orin/Prototype_Military/prototype_military/build/realsense2_camera' returned '0': CMAKE_PREFIX_PATH=/home/orin/Prototype_Military/prototype_military/install/realsense2_camera_msgs:/home/orin/Prototype_Military/prototype_military/install/yolov8_bringup:/home/orin/Prototype_Military/prototype_military/install/yolov8_msgs:/home/orin/Prototype_Military/prototype_military/install/realsense2_description:/home/orin/Prototype_Military/prototype_military/install/realsense2_camera:/home/orin/Prototype_Military/prototype_military/install/prototype_motor:/home/orin/Prototype_Military/prototype_military/install/yolov8_ros:/home/orin/Prototype_Military/prototype_military/install/prototype_move:/opt/ros/humble LD_LIBRARY_PATH=/home/orin/Prototype_Military/prototype_military/install/realsense2_camera_msgs/lib:/home/orin/Prototype_Military/prototype_military/install/yolov8_msgs/lib:/home/orin/Prototype_Military/prototype_military/install/realsense2_camera/lib:/opt/ros/humble/lib/aarch64-linux-gnu:/opt/ros/humble/lib:/usr/local/cuda/lib64 /usr/bin/cmake --build /home/orin/Prototype_Military/prototype_military/build/realsense2_camera -- -j12 -l12
[55.967s] Invoking command in '/home/orin/Prototype_Military/prototype_military/build/realsense2_camera': CMAKE_PREFIX_PATH=/home/orin/Prototype_Military/prototype_military/install/realsense2_camera_msgs:/home/orin/Prototype_Military/prototype_military/install/yolov8_bringup:/home/orin/Prototype_Military/prototype_military/install/yolov8_msgs:/home/orin/Prototype_Military/prototype_military/install/realsense2_description:/home/orin/Prototype_Military/prototype_military/install/realsense2_camera:/home/orin/Prototype_Military/prototype_military/install/prototype_motor:/home/orin/Prototype_Military/prototype_military/install/yolov8_ros:/home/orin/Prototype_Military/prototype_military/install/prototype_move:/opt/ros/humble LD_LIBRARY_PATH=/home/orin/Prototype_Military/prototype_military/install/realsense2_camera_msgs/lib:/home/orin/Prototype_Military/prototype_military/install/yolov8_msgs/lib:/home/orin/Prototype_Military/prototype_military/install/realsense2_camera/lib:/opt/ros/humble/lib/aarch64-linux-gnu:/opt/ros/humble/lib:/usr/local/cuda/lib64 /usr/bin/cmake --install /home/orin/Prototype_Military/prototype_military/build/realsense2_camera
[55.979s] -- Install configuration: "Release"
[55.980s] -- Installing: /home/orin/Prototype_Military/prototype_military/install/realsense2_camera/lib/realsense2_camera/realsense2_camera_node
[55.980s] -- Set runtime path of "/home/orin/Prototype_Military/prototype_military/install/realsense2_camera/lib/realsense2_camera/realsense2_camera_node" to ""
[55.981s] -- Installing: /home/orin/Prototype_Military/prototype_military/install/realsense2_camera/lib/librealsense2_camera.so
[55.986s] -- Set runtime path of "/home/orin/Prototype_Military/prototype_military/install/realsense2_camera/lib/librealsense2_camera.so" to ""
[55.986s] -- Installing: /home/orin/Prototype_Military/prototype_military/install/realsense2_camera/include
[55.986s] -- Installing: /home/orin/Prototype_Military/prototype_military/install/realsense2_camera/include/image_publisher.h
[55.987s] -- Installing: /home/orin/Prototype_Military/prototype_military/install/realsense2_camera/include/profile_manager.h
[55.987s] -- Installing: /home/orin/Prototype_Military/prototype_military/install/realsense2_camera/include/constants.h
[55.987s] -- Installing: /home/orin/Prototype_Military/prototype_military/install/realsense2_camera/include/realsense_node_factory.h
[55.987s] -- Installing: /home/orin/Prototype_Military/prototype_military/install/realsense2_camera/include/dynamic_params.h
[55.987s] -- Installing: /home/orin/Prototype_Military/prototype_military/install/realsense2_camera/include/gl_window.h
[55.988s] -- Installing: /home/orin/Prototype_Military/prototype_military/install/realsense2_camera/include/ros_param_backend.h
[55.988s] -- Installing: /home/orin/Prototype_Military/prototype_military/install/realsense2_camera/include/sensor_params.h
[55.988s] -- Installing: /home/orin/Prototype_Military/prototype_military/install/realsense2_camera/include/ros_sensor.h
[55.988s] -- Installing: /home/orin/Prototype_Military/prototype_military/install/realsense2_camera/include/named_filter.h
[55.988s] -- Installing: /home/orin/Prototype_Military/prototype_military/install/realsense2_camera/include/base_realsense_node.h
[55.989s] -- Installing: /home/orin/Prototype_Military/prototype_military/install/realsense2_camera/include/ros_utils.h
[55.989s] -- Installing: /home/orin/Prototype_Military/prototype_military/install/realsense2_camera/share/realsense2_camera/launch
[55.989s] -- Installing: /home/orin/Prototype_Military/prototype_military/install/realsense2_camera/share/realsense2_camera/launch/default.rviz
[55.989s] -- Installing: /home/orin/Prototype_Military/prototype_military/install/realsense2_camera/share/realsense2_camera/launch/rs_multi_camera_launch.py
[55.990s] -- Installing: /home/orin/Prototype_Military/prototype_military/install/realsense2_camera/share/realsense2_camera/launch/rs_intra_process_demo_launch.py
[55.990s] -- Installing: /home/orin/Prototype_Military/prototype_military/install/realsense2_camera/share/realsense2_camera/launch/rs_launch.py
[55.990s] -- Installing: /home/orin/Prototype_Military/prototype_military/install/realsense2_camera/share/realsense2_camera/examples
[55.990s] -- Installing: /home/orin/Prototype_Military/prototype_military/install/realsense2_camera/share/realsense2_camera/examples/pointcloud
[55.990s] -- Installing: /home/orin/Prototype_Military/prototype_military/install/realsense2_camera/share/realsense2_camera/examples/pointcloud/rviz
[55.990s] -- Installing: /home/orin/Prototype_Military/prototype_military/install/realsense2_camera/share/realsense2_camera/examples/pointcloud/rviz/pointcloud.rviz
[55.991s] -- Installing: /home/orin/Prototype_Military/prototype_military/install/realsense2_camera/share/realsense2_camera/examples/pointcloud/rviz/urdf_pointcloud.rviz
[55.991s] -- Installing: /home/orin/Prototype_Military/prototype_military/install/realsense2_camera/share/realsense2_camera/examples/pointcloud/rs_d455_pointcloud_launch.py
[55.991s] -- Installing: /home/orin/Prototype_Military/prototype_military/install/realsense2_camera/share/realsense2_camera/examples/pointcloud/rs_pointcloud_launch.py
[55.991s] -- Installing: /home/orin/Prototype_Military/prototype_military/install/realsense2_camera/share/realsense2_camera/examples/pointcloud/README.md
[55.991s] -- Installing: /home/orin/Prototype_Military/prototype_military/install/realsense2_camera/share/realsense2_camera/examples/pointcloud/rs_d405_pointcloud_launch.py
[55.992s] -- Installing: /home/orin/Prototype_Military/prototype_military/install/realsense2_camera/share/realsense2_camera/examples/launch_from_rosbag
[55.992s] -- Installing: /home/orin/Prototype_Military/prototype_military/install/realsense2_camera/share/realsense2_camera/examples/launch_from_rosbag/README.md
[55.992s] -- Installing: /home/orin/Prototype_Military/prototype_military/install/realsense2_camera/share/realsense2_camera/examples/launch_from_rosbag/rs_launch_from_rosbag.py
[55.992s] -- Installing: /home/orin/Prototype_Military/prototype_military/install/realsense2_camera/share/realsense2_camera/examples/dual_camera
[55.992s] -- Installing: /home/orin/Prototype_Military/prototype_military/install/realsense2_camera/share/realsense2_camera/examples/dual_camera/rviz
[55.992s] -- Installing: /home/orin/Prototype_Military/prototype_military/install/realsense2_camera/share/realsense2_camera/examples/dual_camera/rviz/dual_camera_pointcloud.rviz
[55.993s] -- Installing: /home/orin/Prototype_Military/prototype_military/install/realsense2_camera/share/realsense2_camera/examples/dual_camera/rs_dual_camera_launch.py
[55.993s] -- Installing: /home/orin/Prototype_Military/prototype_military/install/realsense2_camera/share/realsense2_camera/examples/dual_camera/README.md
[55.993s] -- Installing: /home/orin/Prototype_Military/prototype_military/install/realsense2_camera/share/realsense2_camera/examples/align_depth
[55.993s] -- Installing: /home/orin/Prototype_Military/prototype_military/install/realsense2_camera/share/realsense2_camera/examples/align_depth/rs_align_depth_launch.py
[55.993s] -- Installing: /home/orin/Prototype_Military/prototype_military/install/realsense2_camera/share/realsense2_camera/examples/align_depth/README.md
[55.993s] -- Installing: /home/orin/Prototype_Military/prototype_military/install/realsense2_camera/share/realsense2_camera/examples/launch_params_from_file
[55.994s] -- Installing: /home/orin/Prototype_Military/prototype_military/install/realsense2_camera/share/realsense2_camera/examples/launch_params_from_file/rs_launch_get_params_from_yaml.py
[55.994s] -- Installing: /home/orin/Prototype_Military/prototype_military/install/realsense2_camera/share/realsense2_camera/examples/launch_params_from_file/config
[55.994s] -- Installing: /home/orin/Prototype_Military/prototype_military/install/realsense2_camera/share/realsense2_camera/examples/launch_params_from_file/config/config.yaml
[55.994s] -- Installing: /home/orin/Prototype_Military/prototype_military/install/realsense2_camera/share/realsense2_camera/examples/launch_params_from_file/README.md
[55.994s] -- Installing: /home/orin/Prototype_Military/prototype_military/install/realsense2_camera/share/realsense2_camera/environment/library_path.sh
[55.995s] -- Installing: /home/orin/Prototype_Military/prototype_military/install/realsense2_camera/share/realsense2_camera/environment/library_path.dsv
[55.995s] -- Installing: /home/orin/Prototype_Military/prototype_military/install/realsense2_camera/share/ament_index/resource_index/package_run_dependencies/realsense2_camera
[55.996s] -- Installing: /home/orin/Prototype_Military/prototype_military/install/realsense2_camera/share/ament_index/resource_index/parent_prefix_path/realsense2_camera
[55.996s] -- Installing: /home/orin/Prototype_Military/prototype_military/install/realsense2_camera/share/realsense2_camera/environment/ament_prefix_path.sh
[55.996s] -- Installing: /home/orin/Prototype_Military/prototype_military/install/realsense2_camera/share/realsense2_camera/environment/ament_prefix_path.dsv
[55.996s] -- Installing: /home/orin/Prototype_Military/prototype_military/install/realsense2_camera/share/realsense2_camera/environment/path.sh
[55.997s] -- Installing: /home/orin/Prototype_Military/prototype_military/install/realsense2_camera/share/realsense2_camera/environment/path.dsv
[55.997s] -- Installing: /home/orin/Prototype_Military/prototype_military/install/realsense2_camera/share/realsense2_camera/local_setup.bash
[55.997s] -- Installing: /home/orin/Prototype_Military/prototype_military/install/realsense2_camera/share/realsense2_camera/local_setup.sh
[55.997s] -- Installing: /home/orin/Prototype_Military/prototype_military/install/realsense2_camera/share/realsense2_camera/local_setup.zsh
[55.998s] -- Installing: /home/orin/Prototype_Military/prototype_military/install/realsense2_camera/share/realsense2_camera/local_setup.dsv
[55.998s] -- Installing: /home/orin/Prototype_Military/prototype_military/install/realsense2_camera/share/realsense2_camera/package.dsv
[55.998s] -- Installing: /home/orin/Prototype_Military/prototype_military/install/realsense2_camera/share/ament_index/resource_index/packages/realsense2_camera
[55.998s] -- Installing: /home/orin/Prototype_Military/prototype_military/install/realsense2_camera/share/ament_index/resource_index/rclcpp_components/realsense2_camera
[55.999s] -- Installing: /home/orin/Prototype_Military/prototype_military/install/realsense2_camera/share/realsense2_camera/cmake/ament_cmake_export_include_directories-extras.cmake
[55.999s] -- Installing: /home/orin/Prototype_Military/prototype_military/install/realsense2_camera/share/realsense2_camera/cmake/ament_cmake_export_libraries-extras.cmake
[55.999s] -- Installing: /home/orin/Prototype_Military/prototype_military/install/realsense2_camera/share/realsense2_camera/cmake/ament_cmake_export_dependencies-extras.cmake
[56.000s] -- Installing: /home/orin/Prototype_Military/prototype_military/install/realsense2_camera/share/realsense2_camera/cmake/realsense2_cameraConfig.cmake
[56.000s] -- Installing: /home/orin/Prototype_Military/prototype_military/install/realsense2_camera/share/realsense2_camera/cmake/realsense2_cameraConfig-version.cmake
[56.000s] -- Installing: /home/orin/Prototype_Military/prototype_military/install/realsense2_camera/share/realsense2_camera/package.xml
[56.004s] Invoked command in '/home/orin/Prototype_Military/prototype_military/build/realsense2_camera' returned '0': CMAKE_PREFIX_PATH=/home/orin/Prototype_Military/prototype_military/install/realsense2_camera_msgs:/home/orin/Prototype_Military/prototype_military/install/yolov8_bringup:/home/orin/Prototype_Military/prototype_military/install/yolov8_msgs:/home/orin/Prototype_Military/prototype_military/install/realsense2_description:/home/orin/Prototype_Military/prototype_military/install/realsense2_camera:/home/orin/Prototype_Military/prototype_military/install/prototype_motor:/home/orin/Prototype_Military/prototype_military/install/yolov8_ros:/home/orin/Prototype_Military/prototype_military/install/prototype_move:/opt/ros/humble LD_LIBRARY_PATH=/home/orin/Prototype_Military/prototype_military/install/realsense2_camera_msgs/lib:/home/orin/Prototype_Military/prototype_military/install/yolov8_msgs/lib:/home/orin/Prototype_Military/prototype_military/install/realsense2_camera/lib:/opt/ros/humble/lib/aarch64-linux-gnu:/opt/ros/humble/lib:/usr/local/cuda/lib64 /usr/bin/cmake --install /home/orin/Prototype_Military/prototype_military/build/realsense2_camera
