[0.962s] Invoking command in '/home/hansol/project/build/prototype_move': PYTHONPATH=/home/hansol/project/build/prototype_move/prefix_override:/home/hansol/project/install/prototype_move/lib/python3.10/site-packages:${PYTHONPATH} /usr/bin/python3 -W ignore:setup.py install is deprecated setup.py develop --editable --build-directory /home/hansol/project/build/prototype_move/build --no-deps symlink_data
[1.215s] running develop
[1.361s] running egg_info
[1.361s] writing prototype_move.egg-info/PKG-INFO
[1.361s] writing dependency_links to prototype_move.egg-info/dependency_links.txt
[1.362s] writing entry points to prototype_move.egg-info/entry_points.txt
[1.362s] writing requirements to prototype_move.egg-info/requires.txt
[1.362s] writing top-level names to prototype_move.egg-info/top_level.txt
[1.363s] reading manifest file 'prototype_move.egg-info/SOURCES.txt'
[1.363s] writing manifest file 'prototype_move.egg-info/SOURCES.txt'
[1.364s] running build_ext
[1.364s] Creating /home/hansol/project/install/prototype_move/lib/python3.10/site-packages/prototype-move.egg-link (link to .)
[1.365s] Installing DWMR script to /home/hansol/project/install/prototype_move/lib/prototype_move
[1.365s] Installing action script to /home/hansol/project/install/prototype_move/lib/prototype_move
[1.365s] Installing lidar_filter script to /home/hansol/project/install/prototype_move/lib/prototype_move
[1.365s] Installing move script to /home/hansol/project/install/prototype_move/lib/prototype_move
[1.365s] Installing real_move script to /home/hansol/project/install/prototype_move/lib/prototype_move
[1.365s] Installing test script to /home/hansol/project/install/prototype_move/lib/prototype_move
[1.365s] 
[1.366s] Installed /home/hansol/project/build/prototype_move
[1.366s] running symlink_data
[1.387s] Invoked command in '/home/hansol/project/build/prototype_move' returned '0': PYTHONPATH=/home/hansol/project/build/prototype_move/prefix_override:/home/hansol/project/install/prototype_move/lib/python3.10/site-packages:${PYTHONPATH} /usr/bin/python3 -W ignore:setup.py install is deprecated setup.py develop --editable --build-directory /home/hansol/project/build/prototype_move/build --no-deps symlink_data
