[0.370s] Invoking command in '/home/hansol/project/src/prototype_move': PYTHONPATH=/home/hansol/project/build/prototype_move/prefix_override:/home/hansol/project/install/prototype_move/lib/python3.10/site-packages:${PYTHONPATH} /usr/bin/python3 -W ignore:setup.py install is deprecated setup.py egg_info --egg-base ../../build/prototype_move build --build-base /home/hansol/project/build/prototype_move/build install --record /home/hansol/project/build/prototype_move/install.log --single-version-externally-managed install_data
[0.519s] running egg_info
[0.519s] writing ../../build/prototype_move/prototype_move.egg-info/PKG-INFO
[0.519s] writing dependency_links to ../../build/prototype_move/prototype_move.egg-info/dependency_links.txt
[0.519s] writing entry points to ../../build/prototype_move/prototype_move.egg-info/entry_points.txt
[0.520s] writing requirements to ../../build/prototype_move/prototype_move.egg-info/requires.txt
[0.520s] writing top-level names to ../../build/prototype_move/prototype_move.egg-info/top_level.txt
[0.520s] reading manifest file '../../build/prototype_move/prototype_move.egg-info/SOURCES.txt'
[0.521s] writing manifest file '../../build/prototype_move/prototype_move.egg-info/SOURCES.txt'
[0.521s] running build
[0.521s] running build_py
[0.521s] running install
[0.521s] running install_lib
[0.522s] running install_data
[0.522s] copying launch/start.launch.py -> /home/hansol/project/install/prototype_move/share/prototype_move/launch
[0.522s] running install_egg_info
[0.523s] removing '/home/hansol/project/install/prototype_move/lib/python3.10/site-packages/prototype_move-0.0.0-py3.10.egg-info' (and everything under it)
[0.523s] Copying ../../build/prototype_move/prototype_move.egg-info to /home/hansol/project/install/prototype_move/lib/python3.10/site-packages/prototype_move-0.0.0-py3.10.egg-info
[0.524s] running install_scripts
[0.537s] Installing lidar_filter script to /home/hansol/project/install/prototype_move/lib/prototype_move
[0.537s] Installing move script to /home/hansol/project/install/prototype_move/lib/prototype_move
[0.538s] writing list of installed files to '/home/hansol/project/build/prototype_move/install.log'
[0.554s] Invoked command in '/home/hansol/project/src/prototype_move' returned '0': PYTHONPATH=/home/hansol/project/build/prototype_move/prefix_override:/home/hansol/project/install/prototype_move/lib/python3.10/site-packages:${PYTHONPATH} /usr/bin/python3 -W ignore:setup.py install is deprecated setup.py egg_info --egg-base ../../build/prototype_move build --build-base /home/hansol/project/build/prototype_move/build install --record /home/hansol/project/build/prototype_move/install.log --single-version-externally-managed install_data
