[  3%] Built target limo_msgs__cpp
[  3%] Built target ament_cmake_python_symlink_limo_msgs
[  6%] [32mBuilding C object CMakeFiles/limo_msgs__rosidl_generator_c.dir/rosidl_generator_c/limo_msgs/msg/detail/limo_status__functions.c.o[0m
[  9%] [32mBuilding CXX object CMakeFiles/limo_msgs__rosidl_typesupport_fastrtps_cpp.dir/rosidl_typesupport_fastrtps_cpp/limo_msgs/msg/detail/dds_fastrtps/limo_status__type_support.cpp.o[0m
[ 16%] [32mBuilding CXX object CMakeFiles/limo_msgs__rosidl_typesupport_introspection_cpp.dir/rosidl_typesupport_introspection_cpp/limo_msgs/msg/detail/limo_status__type_support.cpp.o[0m
[ 16%] [32mBuilding CXX object CMakeFiles/limo_msgs__rosidl_typesupport_cpp.dir/rosidl_typesupport_cpp/limo_msgs/msg/limo_status__type_support.cpp.o[0m
[ 19%] [32m[1mLinking C shared library liblimo_msgs__rosidl_generator_c.so[0m
[ 22%] Built target limo_msgs__rosidl_generator_c
[ 25%] [32mBuilding CXX object CMakeFiles/limo_msgs__rosidl_typesupport_c.dir/rosidl_typesupport_c/limo_msgs/msg/limo_status__type_support.cpp.o[0m
[ 29%] [32mBuilding C object CMakeFiles/limo_msgs__rosidl_typesupport_introspection_c.dir/rosidl_typesupport_introspection_c/limo_msgs/msg/detail/limo_status__type_support.c.o[0m
[ 32%] [32mBuilding CXX object CMakeFiles/limo_msgs__rosidl_typesupport_fastrtps_c.dir/rosidl_typesupport_fastrtps_c/limo_msgs/msg/detail/limo_status__type_support_c.cpp.o[0m
[ 35%] [32m[1mLinking CXX shared library liblimo_msgs__rosidl_typesupport_c.so[0m
[ 38%] [32m[1mLinking C shared library liblimo_msgs__rosidl_typesupport_introspection_c.so[0m
[ 41%] Built target limo_msgs__rosidl_typesupport_introspection_c
running egg_info
writing limo_msgs.egg-info/PKG-INFO
writing dependency_links to limo_msgs.egg-info/dependency_links.txt
writing top-level names to limo_msgs.egg-info/top_level.txt
[ 45%] Built target limo_msgs__rosidl_typesupport_c
reading manifest file 'limo_msgs.egg-info/SOURCES.txt'
writing manifest file 'limo_msgs.egg-info/SOURCES.txt'
[ 45%] Built target ament_cmake_python_build_limo_msgs_egg
[ 48%] [32m[1mLinking CXX shared library liblimo_msgs__rosidl_typesupport_cpp.so[0m
[ 51%] Built target limo_msgs__rosidl_typesupport_cpp
[ 54%] [32m[1mLinking CXX shared library liblimo_msgs__rosidl_typesupport_introspection_cpp.so[0m
[ 58%] Built target limo_msgs__rosidl_typesupport_introspection_cpp
[ 61%] [32m[1mLinking CXX shared library liblimo_msgs__rosidl_typesupport_fastrtps_cpp.so[0m
[ 64%] [32m[1mLinking CXX shared library liblimo_msgs__rosidl_typesupport_fastrtps_c.so[0m
[ 67%] Built target limo_msgs__rosidl_typesupport_fastrtps_cpp
[ 70%] Built target limo_msgs__rosidl_typesupport_fastrtps_c
[ 70%] Built target limo_msgs
[ 74%] Built target limo_msgs__py
[ 77%] [32mBuilding C object CMakeFiles/limo_msgs__rosidl_generator_py.dir/rosidl_generator_py/limo_msgs/msg/_limo_status_s.c.o[0m
[ 80%] [32m[1mLinking C shared library rosidl_generator_py/limo_msgs/liblimo_msgs__rosidl_generator_py.so[0m
[ 80%] Built target limo_msgs__rosidl_generator_py
[ 83%] [32mBuilding C object CMakeFiles/limo_msgs__rosidl_typesupport_fastrtps_c__pyext.dir/rosidl_generator_py/limo_msgs/_limo_msgs_s.ep.rosidl_typesupport_fastrtps_c.c.o[0m
[ 87%] [32mBuilding C object CMakeFiles/limo_msgs__rosidl_typesupport_c__pyext.dir/rosidl_generator_py/limo_msgs/_limo_msgs_s.ep.rosidl_typesupport_c.c.o[0m
[ 90%] [32mBuilding C object CMakeFiles/limo_msgs__rosidl_typesupport_introspection_c__pyext.dir/rosidl_generator_py/limo_msgs/_limo_msgs_s.ep.rosidl_typesupport_introspection_c.c.o[0m
[ 93%] [32m[1mLinking C shared library rosidl_generator_py/limo_msgs/limo_msgs_s__rosidl_typesupport_fastrtps_c.cpython-310-x86_64-linux-gnu.so[0m
[ 96%] [32m[1mLinking C shared library rosidl_generator_py/limo_msgs/limo_msgs_s__rosidl_typesupport_c.cpython-310-x86_64-linux-gnu.so[0m
[100%] [32m[1mLinking C shared library rosidl_generator_py/limo_msgs/limo_msgs_s__rosidl_typesupport_introspection_c.cpython-310-x86_64-linux-gnu.so[0m
[100%] Built target limo_msgs__rosidl_typesupport_fastrtps_c__pyext
[100%] Built target limo_msgs__rosidl_typesupport_c__pyext
[100%] Built target limo_msgs__rosidl_typesupport_introspection_c__pyext
-- Install configuration: ""
-- Execute custom install script
-- Up-to-date symlink: /home/hansol/project/install/limo_msgs/share/ament_index/resource_index/rosidl_interfaces/limo_msgs
-- Up-to-date symlink: /home/hansol/project/install/limo_msgs/include/limo_msgs/limo_msgs/msg/detail/limo_status__functions.h
-- Up-to-date symlink: /home/hansol/project/install/limo_msgs/include/limo_msgs/limo_msgs/msg/detail/limo_status__struct.h
-- Up-to-date symlink: /home/hansol/project/install/limo_msgs/include/limo_msgs/limo_msgs/msg/detail/limo_status__type_support.h
-- Up-to-date symlink: /home/hansol/project/install/limo_msgs/include/limo_msgs/limo_msgs/msg/limo_status.h
-- Up-to-date symlink: /home/hansol/project/install/limo_msgs/include/limo_msgs/limo_msgs/msg/rosidl_generator_c__visibility_control.h
-- Up-to-date symlink: /home/hansol/project/install/limo_msgs/share/limo_msgs/environment/library_path.sh
-- Up-to-date symlink: /home/hansol/project/install/limo_msgs/share/limo_msgs/environment/library_path.dsv
-- Up-to-date symlink: /home/hansol/project/install/limo_msgs/include/limo_msgs/limo_msgs/msg/detail/limo_status__rosidl_typesupport_fastrtps_c.h
-- Up-to-date symlink: /home/hansol/project/install/limo_msgs/include/limo_msgs/limo_msgs/msg/rosidl_typesupport_fastrtps_c__visibility_control.h
-- Up-to-date symlink: /home/hansol/project/install/limo_msgs/include/limo_msgs/limo_msgs/msg/detail/limo_status__builder.hpp
-- Up-to-date symlink: /home/hansol/project/install/limo_msgs/include/limo_msgs/limo_msgs/msg/detail/limo_status__struct.hpp
-- Up-to-date symlink: /home/hansol/project/install/limo_msgs/include/limo_msgs/limo_msgs/msg/detail/limo_status__traits.hpp
-- Up-to-date symlink: /home/hansol/project/install/limo_msgs/include/limo_msgs/limo_msgs/msg/limo_status.hpp
-- Up-to-date symlink: /home/hansol/project/install/limo_msgs/include/limo_msgs/limo_msgs/msg/detail/limo_status__rosidl_typesupport_fastrtps_cpp.hpp
-- Up-to-date symlink: /home/hansol/project/install/limo_msgs/include/limo_msgs/limo_msgs/msg/rosidl_typesupport_fastrtps_cpp__visibility_control.h
-- Up-to-date symlink: /home/hansol/project/install/limo_msgs/include/limo_msgs/limo_msgs/msg/detail/limo_status__rosidl_typesupport_introspection_c.h
-- Up-to-date symlink: /home/hansol/project/install/limo_msgs/include/limo_msgs/limo_msgs/msg/rosidl_typesupport_introspection_c__visibility_control.h
-- Up-to-date symlink: /home/hansol/project/install/limo_msgs/include/limo_msgs/limo_msgs/msg/detail/limo_status__rosidl_typesupport_introspection_cpp.hpp
-- Up-to-date symlink: /home/hansol/project/install/limo_msgs/share/limo_msgs/environment/pythonpath.sh
-- Up-to-date symlink: /home/hansol/project/install/limo_msgs/share/limo_msgs/environment/pythonpath.dsv
-- Up-to-date symlink: /home/hansol/project/install/limo_msgs/local/lib/python3.10/dist-packages/limo_msgs-0.0.0-py3.10.egg-info/PKG-INFO
-- Up-to-date symlink: /home/hansol/project/install/limo_msgs/local/lib/python3.10/dist-packages/limo_msgs-0.0.0-py3.10.egg-info/SOURCES.txt
-- Up-to-date symlink: /home/hansol/project/install/limo_msgs/local/lib/python3.10/dist-packages/limo_msgs-0.0.0-py3.10.egg-info/dependency_links.txt
-- Up-to-date symlink: /home/hansol/project/install/limo_msgs/local/lib/python3.10/dist-packages/limo_msgs-0.0.0-py3.10.egg-info/top_level.txt
-- Up-to-date symlink: /home/hansol/project/install/limo_msgs/local/lib/python3.10/dist-packages/limo_msgs/__init__.py
-- Up-to-date symlink: /home/hansol/project/install/limo_msgs/local/lib/python3.10/dist-packages/limo_msgs/_limo_msgs_s.ep.rosidl_typesupport_c.c
-- Up-to-date symlink: /home/hansol/project/install/limo_msgs/local/lib/python3.10/dist-packages/limo_msgs/_limo_msgs_s.ep.rosidl_typesupport_fastrtps_c.c
-- Up-to-date symlink: /home/hansol/project/install/limo_msgs/local/lib/python3.10/dist-packages/limo_msgs/_limo_msgs_s.ep.rosidl_typesupport_introspection_c.c
-- Up-to-date symlink: /home/hansol/project/install/limo_msgs/local/lib/python3.10/dist-packages/limo_msgs/liblimo_msgs__rosidl_generator_py.so
-- Up-to-date symlink: /home/hansol/project/install/limo_msgs/local/lib/python3.10/dist-packages/limo_msgs/limo_msgs_s__rosidl_typesupport_c.cpython-310-x86_64-linux-gnu.so
-- Up-to-date symlink: /home/hansol/project/install/limo_msgs/local/lib/python3.10/dist-packages/limo_msgs/limo_msgs_s__rosidl_typesupport_fastrtps_c.cpython-310-x86_64-linux-gnu.so
-- Up-to-date symlink: /home/hansol/project/install/limo_msgs/local/lib/python3.10/dist-packages/limo_msgs/limo_msgs_s__rosidl_typesupport_introspection_c.cpython-310-x86_64-linux-gnu.so
-- Up-to-date symlink: /home/hansol/project/install/limo_msgs/local/lib/python3.10/dist-packages/limo_msgs/msg/__init__.py
-- Up-to-date symlink: /home/hansol/project/install/limo_msgs/local/lib/python3.10/dist-packages/limo_msgs/msg/_limo_status.py
-- Up-to-date symlink: /home/hansol/project/install/limo_msgs/local/lib/python3.10/dist-packages/limo_msgs/msg/_limo_status_s.c
-- Up-to-date symlink: /home/hansol/project/install/limo_msgs/local/lib/python3.10/dist-packages/limo_msgs/limo_msgs_s__rosidl_typesupport_fastrtps_c.cpython-310-x86_64-linux-gnu.so
-- Up-to-date symlink: /home/hansol/project/install/limo_msgs/local/lib/python3.10/dist-packages/limo_msgs/limo_msgs_s__rosidl_typesupport_introspection_c.cpython-310-x86_64-linux-gnu.so
-- Up-to-date symlink: /home/hansol/project/install/limo_msgs/local/lib/python3.10/dist-packages/limo_msgs/limo_msgs_s__rosidl_typesupport_c.cpython-310-x86_64-linux-gnu.so
-- Up-to-date symlink: /home/hansol/project/install/limo_msgs/share/limo_msgs/msg/LimoStatus.idl
-- Up-to-date symlink: /home/hansol/project/install/limo_msgs/share/limo_msgs/msg/LimoStatus.msg
-- Up-to-date symlink: /home/hansol/project/install/limo_msgs/share/ament_index/resource_index/package_run_dependencies/limo_msgs
-- Up-to-date symlink: /home/hansol/project/install/limo_msgs/share/ament_index/resource_index/parent_prefix_path/limo_msgs
-- Up-to-date symlink: /home/hansol/project/install/limo_msgs/share/limo_msgs/environment/ament_prefix_path.sh
-- Up-to-date symlink: /home/hansol/project/install/limo_msgs/share/limo_msgs/environment/ament_prefix_path.dsv
-- Up-to-date symlink: /home/hansol/project/install/limo_msgs/share/limo_msgs/environment/path.sh
-- Up-to-date symlink: /home/hansol/project/install/limo_msgs/share/limo_msgs/environment/path.dsv
-- Up-to-date symlink: /home/hansol/project/install/limo_msgs/share/limo_msgs/local_setup.bash
-- Up-to-date symlink: /home/hansol/project/install/limo_msgs/share/limo_msgs/local_setup.sh
-- Up-to-date symlink: /home/hansol/project/install/limo_msgs/share/limo_msgs/local_setup.zsh
-- Up-to-date symlink: /home/hansol/project/install/limo_msgs/share/limo_msgs/local_setup.dsv
-- Symlinking: /home/hansol/project/install/limo_msgs/share/limo_msgs/package.dsv
-- Up-to-date symlink: /home/hansol/project/install/limo_msgs/share/ament_index/resource_index/packages/limo_msgs
-- Up-to-date symlink: /home/hansol/project/install/limo_msgs/share/limo_msgs/cmake/rosidl_cmake-extras.cmake
-- Up-to-date symlink: /home/hansol/project/install/limo_msgs/share/limo_msgs/cmake/ament_cmake_export_dependencies-extras.cmake
-- Up-to-date symlink: /home/hansol/project/install/limo_msgs/share/limo_msgs/cmake/ament_cmake_export_include_directories-extras.cmake
-- Up-to-date symlink: /home/hansol/project/install/limo_msgs/share/limo_msgs/cmake/ament_cmake_export_libraries-extras.cmake
-- Up-to-date symlink: /home/hansol/project/install/limo_msgs/share/limo_msgs/cmake/ament_cmake_export_targets-extras.cmake
-- Up-to-date symlink: /home/hansol/project/install/limo_msgs/share/limo_msgs/cmake/rosidl_cmake_export_typesupport_targets-extras.cmake
-- Up-to-date symlink: /home/hansol/project/install/limo_msgs/share/limo_msgs/cmake/rosidl_cmake_export_typesupport_libraries-extras.cmake
-- Up-to-date symlink: /home/hansol/project/install/limo_msgs/share/limo_msgs/cmake/limo_msgsConfig.cmake
-- Up-to-date symlink: /home/hansol/project/install/limo_msgs/share/limo_msgs/cmake/limo_msgsConfig-version.cmake
-- Up-to-date symlink: /home/hansol/project/install/limo_msgs/share/limo_msgs/package.xml
-- Installing: /home/hansol/project/install/limo_msgs/lib/liblimo_msgs__rosidl_generator_c.so
-- Set runtime path of "/home/hansol/project/install/limo_msgs/lib/liblimo_msgs__rosidl_generator_c.so" to ""
-- Installing: /home/hansol/project/install/limo_msgs/lib/liblimo_msgs__rosidl_typesupport_fastrtps_c.so
-- Set runtime path of "/home/hansol/project/install/limo_msgs/lib/liblimo_msgs__rosidl_typesupport_fastrtps_c.so" to ""
-- Installing: /home/hansol/project/install/limo_msgs/lib/liblimo_msgs__rosidl_typesupport_fastrtps_cpp.so
-- Set runtime path of "/home/hansol/project/install/limo_msgs/lib/liblimo_msgs__rosidl_typesupport_fastrtps_cpp.so" to ""
-- Installing: /home/hansol/project/install/limo_msgs/lib/liblimo_msgs__rosidl_typesupport_introspection_c.so
-- Set runtime path of "/home/hansol/project/install/limo_msgs/lib/liblimo_msgs__rosidl_typesupport_introspection_c.so" to ""
-- Installing: /home/hansol/project/install/limo_msgs/lib/liblimo_msgs__rosidl_typesupport_c.so
-- Set runtime path of "/home/hansol/project/install/limo_msgs/lib/liblimo_msgs__rosidl_typesupport_c.so" to ""
-- Installing: /home/hansol/project/install/limo_msgs/lib/liblimo_msgs__rosidl_typesupport_introspection_cpp.so
-- Set runtime path of "/home/hansol/project/install/limo_msgs/lib/liblimo_msgs__rosidl_typesupport_introspection_cpp.so" to ""
-- Installing: /home/hansol/project/install/limo_msgs/lib/liblimo_msgs__rosidl_typesupport_cpp.so
-- Set runtime path of "/home/hansol/project/install/limo_msgs/lib/liblimo_msgs__rosidl_typesupport_cpp.so" to ""
Listing '/home/hansol/project/install/limo_msgs/local/lib/python3.10/dist-packages/limo_msgs'...
Listing '/home/hansol/project/install/limo_msgs/local/lib/python3.10/dist-packages/limo_msgs/msg'...
-- Installing: /home/hansol/project/install/limo_msgs/lib/liblimo_msgs__rosidl_generator_py.so
-- Set runtime path of "/home/hansol/project/install/limo_msgs/lib/liblimo_msgs__rosidl_generator_py.so" to ""
-- Up-to-date: /home/hansol/project/install/limo_msgs/share/limo_msgs/cmake/export_limo_msgs__rosidl_generator_cExport.cmake
-- Up-to-date: /home/hansol/project/install/limo_msgs/share/limo_msgs/cmake/export_limo_msgs__rosidl_generator_cExport-noconfig.cmake
-- Up-to-date: /home/hansol/project/install/limo_msgs/share/limo_msgs/cmake/export_limo_msgs__rosidl_typesupport_fastrtps_cExport.cmake
-- Up-to-date: /home/hansol/project/install/limo_msgs/share/limo_msgs/cmake/export_limo_msgs__rosidl_typesupport_fastrtps_cExport-noconfig.cmake
-- Up-to-date: /home/hansol/project/install/limo_msgs/share/limo_msgs/cmake/export_limo_msgs__rosidl_generator_cppExport.cmake
-- Up-to-date: /home/hansol/project/install/limo_msgs/share/limo_msgs/cmake/export_limo_msgs__rosidl_typesupport_fastrtps_cppExport.cmake
-- Up-to-date: /home/hansol/project/install/limo_msgs/share/limo_msgs/cmake/export_limo_msgs__rosidl_typesupport_fastrtps_cppExport-noconfig.cmake
-- Up-to-date: /home/hansol/project/install/limo_msgs/share/limo_msgs/cmake/limo_msgs__rosidl_typesupport_introspection_cExport.cmake
-- Up-to-date: /home/hansol/project/install/limo_msgs/share/limo_msgs/cmake/limo_msgs__rosidl_typesupport_introspection_cExport-noconfig.cmake
-- Up-to-date: /home/hansol/project/install/limo_msgs/share/limo_msgs/cmake/limo_msgs__rosidl_typesupport_cExport.cmake
-- Up-to-date: /home/hansol/project/install/limo_msgs/share/limo_msgs/cmake/limo_msgs__rosidl_typesupport_cExport-noconfig.cmake
-- Up-to-date: /home/hansol/project/install/limo_msgs/share/limo_msgs/cmake/limo_msgs__rosidl_typesupport_introspection_cppExport.cmake
-- Up-to-date: /home/hansol/project/install/limo_msgs/share/limo_msgs/cmake/limo_msgs__rosidl_typesupport_introspection_cppExport-noconfig.cmake
-- Up-to-date: /home/hansol/project/install/limo_msgs/share/limo_msgs/cmake/limo_msgs__rosidl_typesupport_cppExport.cmake
-- Up-to-date: /home/hansol/project/install/limo_msgs/share/limo_msgs/cmake/limo_msgs__rosidl_typesupport_cppExport-noconfig.cmake
-- Up-to-date: /home/hansol/project/install/limo_msgs/share/limo_msgs/cmake/export_limo_msgs__rosidl_generator_pyExport.cmake
-- Up-to-date: /home/hansol/project/install/limo_msgs/share/limo_msgs/cmake/export_limo_msgs__rosidl_generator_pyExport-noconfig.cmake
